2,1367964822343,"kewah_","kewah_ join the chan."
32,1367964822482,"kewah","kewah leave the IRC (Ping timeout: 256 seconds)."
32,1367965334033,"florianpnn","florianpnn leave the IRC (Remote host closed the connection)."
2,1367967779712,"_kud","_kud join the chan."
32,1367969455968,"_kud","_kud leave the IRC (Remote host closed the connection)."
32,1367971063118,"august1","august1 leave the IRC (Quit: august1)."
2,1367971172530,"august1","august1 join the chan."
32,1367972828353,"Amatewasu","Amatewasu leave the IRC (Remote host closed the connection)."
32,1367973094983,"august1","august1 leave the IRC (Quit: august1)."
2,1367975183582,"kewah","kewah join the chan."
32,1367975205504,"kewah","kewah leave the IRC (Client Quit)."
32,1367975275502,"kewah_","kewah_ leave the IRC (Ping timeout: 276 seconds)."
2,1367991178372,"MoOx","MoOx join the chan."
528,1367998318079,"Marionnette","Twitter.com#francejs - @AngeZanetti: ORBX.js – un outil de virtualisation d'application en JS :) #franceJS !  http://t.co/EdY1TJmXJ7"
2,1367998527942,"august1","august1 join the chan."
2,1367998555904,"kewah","kewah join the chan."
32,1368000520077,"august1","august1 leave the IRC (Quit: august1)."
1,1368001048014,"nfroidure","Marionnette, quote"
17,1368001048655,"Marionnette","The memory management in Windows 95 can be used to frighten small children."
17,1368001048655,"Marionnette","Source: http://iheartquotes.com/fortune/show/8209"
1,1368001065285,"nfroidure",":) un peu old la citation :)"
1,1368001533805,"urcadox","arf ouais ^^'"
2,1368002743156,"florianpnn","florianpnn join the chan."
2,1368003007018,"august1","august1 join the chan."
32,1368003080354,"august1","august1 leave the IRC (Client Quit)."
2,1368003453631,"Amatewasu","Amatewasu join the chan."
2,1368003942095,"mab2","mab2 join the chan."
2,1368004447398,"synbioz","synbioz join the chan."
32,1368004595324,"mab1","mab1 leave the IRC (*.net *.split)."
32,1368004959296,"fuse","fuse leave the IRC (*.net *.split)."
2,1368005267196,"august1","august1 join the chan."
32,1368007231790,"august1","august1 leave the IRC (Quit: august1)."
32,1368009729130,"florianpnn","florianpnn leave the IRC (Remote host closed the connection)."
1,1368010133286,"angezanetti","SAlut FranceJs :)"
1,1368010191295,"angezanetti","Je cherche a recuperer des infos sur plusieurs site web, du texte, des images, des liens etc... La plupart des site n'ont pas d'API"
1,1368010216372,"angezanetti","Quel est le moyen le plus simple de faire ça ? Du parsing tout bête ou du headless genre phantom.js ?"
1,1368013676921,"nfroidure","angezanetti, parsing tout bête à base d'expression régulières"
1,1368013688441,"nfroidure","+curl"
1,1368013770542,"nfroidure","Après, si tu as besoin de le faire sur de la single webapp, tu peux faire du reverse engineering sur les appels Ajax, ou Phantom, mais dans les deux cas, tu devra entretenir tes scripts à chaque changement"
1,1368014269659,"nfroidure","En fait, la principale difficulté c'est de matcher le contenu et de faire en sorte que tu sois prévenu quand les parseurs sont cassés"
1,1368014296945,"nfroidure","Pour matcher si tu pars sur du Phantom et donc du DOM, c'est d'utiliser XPtah"
1,1368014304945,"nfroidure","*XPath"
2,1368016275519,"_kud","_kud join the chan."
32,1368016275655,"_kud","_kud leave the IRC (Remote host closed the connection)."
2,1368016293292,"_kud","_kud join the chan."
1,1368016612964,"angezanetti","yep c'est un peu les deux solutions que j'avais identifiées pahtom ou parse avec du curl tout bête"
1,1368016630094,"angezanetti","nfroidure: a voir ce qui est le plus rapide/pertinent et facile à maintenir"
1,1368016713015,"nfroidure","angezanetti, si tes parseurs sont jetable, rexExp"
1,1368018611218,"angezanetti","yep, je testera ça la semaine prochaine, je te tiendrais au jus ;)"
1,1368018632000,"angezanetti","en ce moement je me prends la tête sur les Access-Control-Allow-Origin"
256,1368019883488,"siddartha","siddartha changed his nick for mobile."
32,1368022789857,"_kud","_kud leave the IRC (Remote host closed the connection)."
256,1368023601568,"mobile","mobile changed his nick for siddrtha."
256,1368023607098,"siddrtha","siddrtha changed his nick for siddartha."
2,1368023871208,"august1","august1 join the chan."
32,1368026441484,"august1","august1 leave the IRC (Quit: august1)."
528,1368026931452,"Marionnette","Twitter.com#francejs - @nfroidure: \"P\" a JS library to create Peer2Peer networking apps https://t.co/oKqhOQ42XK #JavaScript #FranceJS"
2,1368027091512,"august1","august1 join the chan."
32,1368027748762,"august1","august1 leave the IRC (Quit: august1)."
2,1368029298450,"revolunet","revolunet join the chan."
32,1368029763176,"Amatewasu","Amatewasu leave the IRC (Quit: WeeChat 0.4.1-rc1)."
2,1368029771158,"_kud","_kud join the chan."
2,1368029819304,"august1","august1 join the chan."
32,1368030120416,"august1","august1 leave the IRC (Quit: august1)."
32,1368030860421,"revolunet","revolunet leave the IRC (Ping timeout: 246 seconds)."
32,1368031501572,"_kud","_kud leave the IRC (Remote host closed the connection)."
2,1368032522705,"_kud","_kud join the chan."
2,1368033130992,"august1","august1 join the chan."
32,1368033495106,"kewah","kewah leave the IRC (Quit: kewah)."
2,1368033793048,"revolunet","revolunet join the chan."
32,1368034549012,"revolunet","revolunet leave the IRC (Ping timeout: 276 seconds)."
32,1368034649220,"_kud","_kud leave the IRC (Remote host closed the connection)."
2,1368034689472,"revolunet","revolunet join the chan."
2,1368034796583,"_kud","_kud join the chan."
32,1368035214326,"_kud","_kud leave the IRC (Remote host closed the connection)."
2,1368035545579,"kewah","kewah join the chan."
32,1368036337523,"august1","august1 leave the IRC (Quit: august1)."
32,1368042349040,"kewah","kewah leave the IRC (Quit: kewah)."
2,1368042482741,"rhannequin","rhannequin join the chan."
2,1368043554722,"august1","august1 join the chan."
32,1368044498781,"MoOx","MoOx leave the IRC (Remote host closed the connection)."
2,1368045601271,"kewah","kewah join the chan."
32,1368047467561,"rhannequin","rhannequin leave the IRC (Quit: Quitte)."
32,1368047998456,"endou","endou leave the IRC (Ping timeout: 245 seconds)."
