32,1379977389522,"revolunet","revolunet leave the IRC (Quit: revolunet)."
32,1379978924871,"_kud","_kud leave the IRC (Remote host closed the connection)."
2,1379981279856,"Shahor","Shahor join the chan."
32,1379981560838,"Shahor","Shahor leave the IRC (Ping timeout: 260 seconds)."
32,1379983272647,"stephCou_","stephCou_ leave the IRC (Remote host closed the connection)."
32,1379987750433,"_mlb","_mlb leave the IRC (Read error: Connection reset by peer)."
2,1379987799777,"_mlb","_mlb join the chan."
32,1379989407790,"_mlb","_mlb leave the IRC (Remote host closed the connection)."
2,1379991238076,"_mlb","_mlb join the chan."
32,1379991732045,"_mlb","_mlb leave the IRC (Ping timeout: 240 seconds)."
2,1379997608192,"MoOx","MoOx join the chan."
2,1379998971258,"_mlb","_mlb join the chan."
32,1379999227251,"_mlb","_mlb leave the IRC (Ping timeout: 248 seconds)."
2,1379999958557,"Shahor","Shahor join the chan."
32,1380000515236,"Shahor","Shahor leave the IRC (Read error: Connection reset by peer)."
2,1380000541561,"Shahor","Shahor join the chan."
32,1380000622574,"Shahor","Shahor leave the IRC (Remote host closed the connection)."
32,1380004633084,"fbentz","fbentz leave the IRC (Quit: fbentz)."
2,1380005989746,"Shahor","Shahor join the chan."
2,1380006184579,"Grirrle","Grirrle join the chan."
2,1380006327927,"_mlb","_mlb join the chan."
32,1380006564657,"_mlb","_mlb leave the IRC (Ping timeout: 241 seconds)."
2,1380006649852,"fbentz","fbentz join the chan."
32,1380006903745,"Shahor","Shahor leave the IRC (Read error: Connection reset by peer)."
2,1380006930782,"Shahor","Shahor join the chan."
32,1380007653715,"fbentz","fbentz leave the IRC (Quit: fbentz)."
32,1380007726362,"Shahor","Shahor leave the IRC (Read error: Connection reset by peer)."
2,1380007752845,"Shahor","Shahor join the chan."
2,1380007800804,"fbentz","fbentz join the chan."
32,1380007804637,"Shahor","Shahor leave the IRC (Remote host closed the connection)."
32,1380008512967,"fbentz","fbentz leave the IRC (Quit: fbentz)."
2,1380008708605,"_mlb","_mlb join the chan."
2,1380009531880,"Shahor","Shahor join the chan."
256,1380009551849,"kud","kud changed his nick for _kud."
256,1380009556745,"_kud","_kud changed his nick for kud."
256,1380009578881,"kud","kud changed his nick for kud_."
2,1380009600698,"nfroidure","nfroidure join the chan."
1,1380009614812,"nfroidure","Lo"
1,1380009617422,"nfroidure","https://github.com/francejs/francejs.github.com/pull/50"
2,1380010011656,"OwlyCode","OwlyCode join the chan."
256,1380010175138,"kud_","kud_ changed his nick for _kud."
256,1380010333519,"madx`","madx` changed his nick for madx_."
256,1380010342299,"madx_","madx_ changed his nick for _madx."
256,1380010418285,"_madx","_madx changed his nick for madx`."
32,1380010503526,"_mlb","_mlb leave the IRC (undefined)."
2,1380010521096,"_mlb","_mlb join the chan."
1,1380010601991,"nfroidure","Par contre, pour prévisualiser avant de merger ? _kud ?"
1,1380010610697,"_kud","je sais pas :("
1,1380010613376,"_kud","faut chopper la branche"
1,1380010615728,"_kud","et mater chez soi j'pense"
32,1380010925091,"_mlb","_mlb leave the IRC (Remote host closed the connection)."
32,1380010996149,"Shahor","Shahor leave the IRC (Read error: Connection reset by peer)."
2,1380011029739,"Shahor","Shahor join the chan."
2,1380011320876,"nfroidure_","nfroidure_ join the chan."
32,1380011537760,"nfroidure","nfroidure leave the IRC (Ping timeout: 248 seconds)."
2,1380012112656,"rhannequin","rhannequin join the chan."
2,1380012117660,"_mlb","_mlb join the chan."
4,1380012174079,"lionelB","lionelB leave the chan."
2,1380012191173,"lionelB","lionelB join the chan."
1,1380012215171,"MoOx","nfroidure_ _kud http://steph.io/francejs.github.com/"
1,1380012220234,"MoOx","c ca je crois"
1,1380012231847,"_kud","ses pa male"
1,1380012257797,"MoOx","du .sass burk :)"
1,1380012263700,"_kud","erk."
1,1380012353344,"nfroidure_","Le fond est ptêt un peu trop unis, manque un dégradé"
1,1380012377992,"nfroidure_","© :D"
1,1380012458193,"nfroidure_","Les liens jaunes c'est pas une bonne idée niveau ergo."
1,1380012476338,"nfroidure_","Ou alors gras et un peu plus tiré vers le orange"
1,1380012600004,"_kud","Heureusement que j'ai pas accepté la PR sans regarder :D"
1,1380012709142,"nfroidure_","C'est mieux que rien :D"
1,1380012750546,"nfroidure_","On merge en attendant ?"
2,1380012888962,"oncletom","oncletom join the chan."
32,1380013014081,"Shahor","Shahor leave the IRC (Remote host closed the connection)."
1,1380013274041,"lionelB","nfroidure_ les liens en jaune sont pas assez contrasté"
1,1380013306076,"nfroidure_","+1, mais rien n'empêche de faire un PR pour ça dans la foulée."
1,1380013311261,"lionelB","ui"
1,1380013348806,"nfroidure_","Je propose de merger mais de pas faire de promo car je pense que c'est trop naïf pour être le design définitif."
1,1380013359709,"_kud","Ouais pas faux"
2,1380013556770,"Shahor","Shahor join the chan."
2,1380014379825,"fbentz","fbentz join the chan."
2,1380015162921,"Nyalab","Nyalab join the chan."
4,1380016258950,"lionelB","lionelB leave the chan."
32,1380016870236,"_kud","_kud leave the IRC (Ping timeout: 240 seconds)."
2,1380016939539,"_kud","_kud join the chan."
32,1380018325052,"_mlb","_mlb leave the IRC (Remote host closed the connection)."
2,1380018356949,"_mlb","_mlb join the chan."
32,1380018619958,"_mlb","_mlb leave the IRC (Ping timeout: 248 seconds)."
32,1380018889258,"Nyalab","Nyalab leave the IRC (Remote host closed the connection)."
32,1380019318002,"_kud","_kud leave the IRC (Remote host closed the connection)."
2,1380019354448,"_kud","_kud join the chan."
2,1380020426199,"oncletom1","oncletom1 join the chan."
32,1380020626224,"oncletom","oncletom leave the IRC (Ping timeout: 260 seconds)."
32,1380020688124,"Shahor","Shahor leave the IRC (Remote host closed the connection)."
2,1380021350762,"Nyalab","Nyalab join the chan."
32,1380021713008,"rhannequin","rhannequin leave the IRC (Ping timeout: 245 seconds)."
2,1380022088143,"_mlb","_mlb join the chan."
2,1380022720763,"lionelB","lionelB join the chan."
32,1380022913091,"oncletom1","oncletom1 leave the IRC (Quit: Leaving.)."
2,1380023404107,"Shahor","Shahor join the chan."
32,1380024533147,"OwlyCode","OwlyCode leave the IRC (Remote host closed the connection)."
2,1380024577874,"OwlyCode","OwlyCode join the chan."
2,1380025652663,"rhannequin","rhannequin join the chan."
32,1380026341762,"rhannequin","rhannequin leave the IRC (Ping timeout: 253 seconds)."
32,1380027002941,"bigx","bigx leave the IRC (Ping timeout: 264 seconds)."
32,1380027658086,"oz","oz leave the IRC (*.net *.split)."
32,1380027658601,"NiKo`","NiKo` leave the IRC (*.net *.split)."
2,1380027675629,"NiKo`","NiKo` join the chan."
2,1380027722581,"oz","oz join the chan."
2,1380028310485,"oncletom","oncletom join the chan."
2,1380028692507,"oncletom1","oncletom1 join the chan."
32,1380028746531,"oncletom","oncletom leave the IRC (Ping timeout: 260 seconds)."
2,1380029668059,"rhannequin","rhannequin join the chan."
32,1380030109051,"oncletom1","oncletom1 leave the IRC (Quit: Leaving.)."
2,1380030182585,"stephCoue","stephCoue join the chan."
32,1380030970145,"rhannequin","rhannequin leave the IRC (Ping timeout: 245 seconds)."
32,1380031958309,"_kud","_kud leave the IRC (Ping timeout: 240 seconds)."
2,1380032244653,"_kud","_kud join the chan."
2,1380032407911,"rhannequin","rhannequin join the chan."
2,1380032990719,"oncletom","oncletom join the chan."
2,1380033545435,"bricef","bricef join the chan."
2,1380033983470,"cbonnissent","cbonnissent join the chan."
32,1380034257773,"bobot","bobot leave the IRC (Remote host closed the connection)."
2,1380034288475,"bobot","bobot join the chan."
32,1380034786086,"bobot","bobot leave the IRC (Remote host closed the connection)."
256,1380034788908,"madx`","madx` changed his nick for bobot."
256,1380034906795,"bobot","bobot changed his nick for madx`."
256,1380034936047,"madx`","madx` changed his nick for Guest63531."
256,1380034995017,"Guest63531","Guest63531 changed his nick for madx`."
2,1380035020784,"bobot","bobot join the chan."
32,1380035319652,"bobot","bobot leave the IRC (Remote host closed the connection)."
2,1380035444154,"bobot","bobot join the chan."
32,1380035621598,"bobot","bobot leave the IRC (Remote host closed the connection)."
2,1380035628243,"bobot","bobot join the chan."
32,1380037352736,"Nyalab","Nyalab leave the IRC (Remote host closed the connection)."
4,1380037404593,"lionelB","lionelB leave the chan."
2,1380037647711,"Nyalab","Nyalab join the chan."
32,1380039310663,"Grirrle","Grirrle leave the IRC (Quit: Leaving.)."
32,1380039387420,"OwlyCode","OwlyCode leave the IRC (Ping timeout: 264 seconds)."
32,1380040144091,"stephCoue","stephCoue leave the IRC (Remote host closed the connection)."
32,1380040782685,"fbentz","fbentz leave the IRC (Quit: fbentz)."
32,1380041299441,"Shahor","Shahor leave the IRC (Remote host closed the connection)."
2,1380041342259,"Shahor","Shahor join the chan."
32,1380042014296,"Shahor","Shahor leave the IRC (Remote host closed the connection)."
32,1380042026395,"_mlb","_mlb leave the IRC (Remote host closed the connection)."
2,1380042670511,"Amatewasu","Amatewasu join the chan."
2,1380043202484,"bigx","bigx join the chan."
2,1380043294325,"_mlb","_mlb join the chan."
32,1380043613822,"_kud","_kud leave the IRC (Remote host closed the connection)."
2,1380043650433,"_kud","_kud join the chan."
32,1380043931333,"_kud","_kud leave the IRC (Ping timeout: 252 seconds)."
32,1380043940942,"Nyalab","Nyalab leave the IRC (Remote host closed the connection)."
2,1380043948873,"_kud","_kud join the chan."
32,1380044204904,"_kud","_kud leave the IRC (Ping timeout: 240 seconds)."
32,1380044422385,"cbonnissent","cbonnissent leave the IRC (Quit: Quitte)."
32,1380044501217,"rhannequin","rhannequin leave the IRC (Remote host closed the connection)."
2,1380049944094,"Nyalab-Home","Nyalab-Home join the chan."
32,1380051221891,"Amatewasu","Amatewasu leave the IRC (Remote host closed the connection)."
32,1380051246407,"Nyalab-Home","Nyalab-Home leave the IRC (Quit: Leaving)."
2,1380054012488,"euskadi31","euskadi31 join the chan."
32,1380056151993,"oncletom","oncletom leave the IRC (Quit: Leaving.)."
32,1380057304734,"MoOx","MoOx leave the IRC (Remote host closed the connection)."
2,1380057482538,"Grirrle","Grirrle join the chan."
32,1380058465902,"Grirrle","Grirrle leave the IRC (Quit: Leaving.)."
2,1380059723922,"_kud","_kud join the chan."
32,1380059882939,"_kud","_kud leave the IRC (Remote host closed the connection)."
2,1380059901042,"_kud","_kud join the chan."
