32,1369525783912,"Amatewasu","Amatewasu leave the IRC (Quit: WeeChat 0.4.2-dev)."
2,1369531844008,"Alezaru","Alezaru join the chan."
32,1369532489269,"Alezaru","Alezaru leave the IRC (Ping timeout: 248 seconds)."
2,1369553499550,"bigx","bigx join the chan."
1,1369553735385,"nfroidure","lo"
1,1369553768706,"nfroidure","on risque d'être une floppée à DotJS.eu"
2,1369554099646,"MoOx","MoOx join the chan."
2,1369554214427,"Alz","Alz join the chan."
32,1369562441452,"Alz","Alz leave the IRC (Ping timeout: 248 seconds)."
2,1369567972967,"Alz","Alz join the chan."
256,1369568160126,"Alz","Alz changed his nick for Alezaru."
32,1369571382231,"endou","endou leave the IRC (Quit: Lost terminal)."
32,1369582179030,"Alezaru","Alezaru leave the IRC (Ping timeout: 245 seconds)."
2,1369583588082,"Alz","Alz join the chan."
256,1369583653403,"Alz","Alz changed his nick for Alezaru."
32,1369585132196,"fuse","fuse leave the IRC (*.net *.split)."
2,1369586392688,"fuse","fuse join the chan."
2,1369590526511,"Amatewasu","Amatewasu join the chan."
32,1369593311434,"Amatewasu","Amatewasu leave the IRC (Ping timeout: 252 seconds)."
2,1369594258914,"Amatewasu","Amatewasu join the chan."
32,1369595021469,"MoOx","MoOx leave the IRC (Remote host closed the connection)."
32,1369601989974,"Amatewasu","Amatewasu leave the IRC (Quit: WeeChat 0.4.2-dev)."
