32,1370988119958,"lionelB","lionelB leave the IRC (Read error: Connection reset by peer)."
32,1370988965506,"Nyalab","Nyalab leave the IRC (Ping timeout: 256 seconds)."
2,1370989106533,"euskadi31_","euskadi31_ join the chan."
32,1370989203509,"euskadi31","euskadi31 leave the IRC (Ping timeout: 256 seconds)."
32,1370991786765,"fbentz","fbentz leave the IRC (Quit: fbentz)."
32,1370992537334,"Alz","Alz leave the IRC (Ping timeout: 252 seconds)."
2,1370992626765,"fbentz","fbentz join the chan."
2,1370993183151,"guismo","guismo join the chan."
32,1370993189443,"bobot","bobot leave the IRC (Ping timeout: 255 seconds)."
4,1370993634695,"guismo","guismo leave the chan."
32,1370994881333,"DontShootMe","DontShootMe leave the IRC (Read error: Connection reset by peer)."
32,1370998963071,"fbentz","fbentz leave the IRC (Quit: fbentz)."
32,1371003531914,"revolunet","revolunet leave the IRC (Quit: revolunet)."
2,1371013381696,"MoOx","MoOx join the chan."
32,1371014248758,"MoOx","MoOx leave the IRC (Remote host closed the connection)."
2,1371015604089,"Alz","Alz join the chan."
2,1371015797924,"MoOx","MoOx join the chan."
32,1371016598015,"Alz","Alz leave the IRC (Ping timeout: 264 seconds)."
2,1371017721883,"fbentz","fbentz join the chan."
1,1371018034780,"fbentz","Bonjour :)"
2,1371018722828,"HammHetfield","HammHetfield join the chan."
32,1371019183090,"_mlb","_mlb leave the IRC (Remote host closed the connection)."
32,1371019732486,"fbentz","fbentz leave the IRC (Quit: fbentz)."
32,1371019778677,"bigx","bigx leave the IRC (Ping timeout: 260 seconds)."
2,1371019959632,"showtim34","showtim34 join the chan."
2,1371020563819,"felixgilles","felixgilles join the chan."
1,1371022047724,"nfroidure","lo"
2,1371022411471,"Nyalab","Nyalab join the chan."
2,1371022429722,"rhannequin","rhannequin join the chan."
2,1371022911786,"revolunet","revolunet join the chan."
2,1371022933091,"_mlb","_mlb join the chan."
32,1371023744179,"_mlb","_mlb leave the IRC (Ping timeout: 276 seconds)."
32,1371025428712,"euskadi31_","euskadi31_ leave the IRC (Ping timeout: 248 seconds)."
2,1371026360386,"_mlb","_mlb join the chan."
1,1371026380808,"nfroidure","Quelqu'un a connaissance d'un service REST où je pourrai piocher des questions/réponses de culture G au hasard ?"
2,1371026701946,"euskadi31_","euskadi31_ join the chan."
32,1371027109453,"angezanetti","angezanetti leave the IRC (Quit: leaving)."
2,1371027574008,"angezanetti","angezanetti join the chan."
32,1371028067148,"revolunet","revolunet leave the IRC (Quit: revolunet)."
1,1371028161773,"angezanetti","Salut !"
2,1371028972047,"revolunet","revolunet join the chan."
2,1371029527834,"_mlb_","_mlb_ join the chan."
32,1371029666556,"_mlb","_mlb leave the IRC (Ping timeout: 264 seconds)."
32,1371030703827,"_mlb_","_mlb_ leave the IRC (Remote host closed the connection)."
2,1371030960823,"_mlb","_mlb join the chan."
32,1371031501054,"rhannequin","rhannequin leave the IRC (Ping timeout: 256 seconds)."
2,1371031635706,"rhannequin","rhannequin join the chan."
32,1371031830583,"Grirrle1","Grirrle1 leave the IRC (Quit: Leaving.)."
32,1371032604037,"rhannequin","rhannequin leave the IRC (Ping timeout: 241 seconds)."
2,1371033960163,"stephCoue","stephCoue join the chan."
32,1371034212776,"_mlb","_mlb leave the IRC (Remote host closed the connection)."
1,1371034914060,"revolunet","nfroidure: numbersapi.com"
1,1371035946788,"nfroidure","revolunet, ça pourrait bien le faire :)"
1,1371035970319,"revolunet","yen avait une autre, j'essaie de retrouver ca"
1,1371035977874,"revolunet","tas la chuck norris internet database aussi"
1,1371035991247,"nfroidure","was ist das ?"
1,1371036004838,"revolunet","API de chuck norris facts"
1,1371036066314,"revolunet","http://www.icndb.com/api/"
1,1371036229239,"revolunet","ah oui sinon c'est ca : http://www.freebase.com/"
1,1371036264159,"nfroidure","C'est pour ce projet : https://github.com/nfroidure/Liar"
1,1371036274185,"nfroidure","Je l'ai commencé au hackaton FFOS"
1,1371036328670,"revolunet","haha fun :)"
1,1371036652482,"nfroidure","J'expérimente les promises en même temps. C'est pas mal mais il reste quand même du callback"
2,1371037316098,"rhannequin","rhannequin join the chan."
2,1371037772971,"_mlb","_mlb join the chan."
32,1371038086970,"_mlb","_mlb leave the IRC (Ping timeout: 240 seconds)."
2,1371038214773,"_mlb","_mlb join the chan."
32,1371038431187,"revolunet","revolunet leave the IRC (Quit: revolunet)."
2,1371038736317,"fbentz","fbentz join the chan."
32,1371039287259,"fbentz","fbentz leave the IRC (Quit: fbentz)."
32,1371039669150,"rhannequin","rhannequin leave the IRC (Ping timeout: 248 seconds)."
2,1371039688388,"revolunet","revolunet join the chan."
32,1371039806628,"revolunet","revolunet leave the IRC (Client Quit)."
2,1371039841302,"rhannequin","rhannequin join the chan."
2,1371040252489,"revolunet","revolunet join the chan."
2,1371040494233,"Amatewasu","Amatewasu join the chan."
32,1371040826875,"_mlb","_mlb leave the IRC (Ping timeout: 264 seconds)."
32,1371040858354,"revolunet","revolunet leave the IRC (Quit: revolunet)."
2,1371040900119,"_mlb","_mlb join the chan."
32,1371042176335,"_mlb","_mlb leave the IRC (Remote host closed the connection)."
32,1371042313451,"HammHetfield","HammHetfield leave the IRC (Ping timeout: 256 seconds)."
2,1371042418123,"_mlb","_mlb join the chan."
2,1371042448452,"HammHetfield","HammHetfield join the chan."
2,1371043217328,"Axel33430","Axel33430 join the chan."
4,1371043220960,"Axel33430","Axel33430 leave the chan."
2,1371043613641,"fbentz","fbentz join the chan."
2,1371044950543,"_mlb_","_mlb_ join the chan."
32,1371044950660,"_mlb","_mlb leave the IRC (Ping timeout: 240 seconds)."
32,1371045552259,"fbentz","fbentz leave the IRC (Quit: fbentz)."
2,1371045919067,"rhannequin_","rhannequin_ join the chan."
32,1371045951216,"rhannequin","rhannequin leave the IRC (Ping timeout: 240 seconds)."
256,1371045953938,"rhannequin_","rhannequin_ changed his nick for rhannequin."
2,1371046154259,"bobot","bobot join the chan."
32,1371046770446,"_mlb_","_mlb_ leave the IRC (Remote host closed the connection)."
32,1371046911409,"rhannequin","rhannequin leave the IRC (Ping timeout: 264 seconds)."
2,1371047036987,"_mlb","_mlb join the chan."
2,1371047187516,"rhannequin","rhannequin join the chan."
32,1371047381286,"showtim34","showtim34 leave the IRC (Quit: Quitte)."
2,1371047498945,"rhannequin_","rhannequin_ join the chan."
32,1371047552073,"rhannequin","rhannequin leave the IRC (Ping timeout: 240 seconds)."
256,1371047632075,"rhannequin_","rhannequin_ changed his nick for rhannequin."
2,1371048020810,"revolunet","revolunet join the chan."
2,1371050113482,"fbentz","fbentz join the chan."
32,1371051146328,"euskadi31_","euskadi31_ leave the IRC (Quit: WeeChat 0.4.0)."
32,1371051297941,"nfroidure","nfroidure leave the IRC (Read error: Connection reset by peer)."
32,1371051857102,"rhannequin","rhannequin leave the IRC (Ping timeout: 248 seconds)."
32,1371051928011,"stephCoue","stephCoue leave the IRC (Remote host closed the connection)."
32,1371052615008,"revolunet","revolunet leave the IRC (Quit: revolunet)."
32,1371053448668,"HammHetfield","HammHetfield leave the IRC (Quit: HammHetfield)."
32,1371053766725,"felixgilles","felixgilles leave the IRC (Quit: Konversation terminated!)."
2,1371054081151,"_mlb_","_mlb_ join the chan."
32,1371054193201,"_mlb","_mlb leave the IRC (Ping timeout: 248 seconds)."
2,1371055614956,"_mlb","_mlb join the chan."
32,1371055706757,"_mlb","_mlb leave the IRC (Read error: Connection reset by peer)."
2,1371055740543,"_mlb","_mlb join the chan."
32,1371055764266,"_mlb_","_mlb_ leave the IRC (Ping timeout: 276 seconds)."
32,1371056100019,"_mlb","_mlb leave the IRC (Remote host closed the connection)."
2,1371056815511,"Alz","Alz join the chan."
32,1371056905091,"fbentz","fbentz leave the IRC (Quit: fbentz)."
2,1371057128321,"nfroidure","nfroidure join the chan."
2,1371058579396,"_mlb","_mlb join the chan."
32,1371059597444,"Nyalab","Nyalab leave the IRC (Remote host closed the connection)."
2,1371061477691,"stephCoue","stephCoue join the chan."
32,1371061486048,"stephCoue","stephCoue leave the IRC (Remote host closed the connection)."
2,1371062785690,"fbentz","fbentz join the chan."
32,1371063429766,"fbentz","fbentz leave the IRC (Quit: fbentz)."
2,1371063695286,"showtim34","showtim34 join the chan."
2,1371063972367,"fbentz","fbentz join the chan."
32,1371065915574,"fbentz","fbentz leave the IRC (Quit: fbentz)."
2,1371065991117,"fbentz","fbentz join the chan."
2,1371066528330,"rhannequin","rhannequin join the chan."
2,1371069573805,"angezane1ti","angezane1ti join the chan."
32,1371069573845,"angezane1ti","angezane1ti leave the IRC (Client Quit)."
32,1371069940152,"showtim34","showtim34 leave the IRC (Remote host closed the connection)."
32,1371072869457,"fbentz","fbentz leave the IRC (Quit: fbentz)."
32,1371073148607,"Amatewasu","Amatewasu leave the IRC (Quit: WeeChat 0.4.2-dev)."
