32,1370126093737,"stephCoue","stephCoue leave the IRC (Remote host closed the connection)."
32,1370130961540,"Amatewasu","Amatewasu leave the IRC (Remote host closed the connection)."
32,1370147963976,"Marsup","Marsup leave the IRC (Ping timeout: 260 seconds)."
2,1370149638218,"MoOx","MoOx join the chan."
32,1370153370187,"MoOx","MoOx leave the IRC (Remote host closed the connection)."
32,1370153507447,"angezanetti","angezanetti leave the IRC (*.net *.split)."
2,1370153991348,"angezanetti","angezanetti join the chan."
2,1370155620680,"MoOx","MoOx join the chan."
32,1370155654063,"MoOx","MoOx leave the IRC (Remote host closed the connection)."
2,1370165173991,"DontShootMe","DontShootMe join the chan."
1,1370165193137,"DontShootMe","Bonjour"
1,1370165301419,"DontShootMe","besoin d'une info sur backbonejs ! quelqu'un connait le sujet ?"
1,1370165598410,"nfroidure","DontShootMe, envoie ta question quand qqun passera il te répondra"
1,1370165728806,"DontShootMe","Est il normal d'avoir 2 validation apres avoir fait appel à un add sur une collection ?"
1,1370165767513,"DontShootMe","Backbone 1.0.0"
1,1370165979203,"DontShootMe","quand je fait maCollection.add({ 'prop' : 'mon test'})"
1,1370166036976,"DontShootMe","il passe par le model::validate, puis model::initialize, puis de nouveau par model::validate !! ? ?"
2,1370167043534,"Marsup","Marsup join the chan."
1,1370167709538,"nfroidure","si personne répond à ta question repostes là demain, plusieurs utilisateurs de backbone sont pas connectés aujourd'hui (ping _kud quand il sera connecté)"
2,1370167831346,"Amatewasu","Amatewasu join the chan."
32,1370168634354,"Amatewasu","Amatewasu leave the IRC (Ping timeout: 245 seconds)."
1,1370169250625,"DontShootMe","ok merci !"
2,1370169661093,"Amatewasu","Amatewasu join the chan."
32,1370171230181,"Amatewasu","Amatewasu leave the IRC (Read error: Connection reset by peer)."
2,1370177412982,"Amatewasu","Amatewasu join the chan."
2,1370184131940,"stephCoue","stephCoue join the chan."
32,1370188578521,"stephCoue","stephCoue leave the IRC (Remote host closed the connection)."
2,1370190218082,"_kud","_kud join the chan."
2,1370201493769,"rhannequin","rhannequin join the chan."
32,1370202474245,"_kud","_kud leave the IRC (Remote host closed the connection)."
32,1370203923931,"rhannequin","rhannequin leave the IRC (Remote host closed the connection)."
32,1370207214874,"Alezaru","Alezaru leave the IRC (Ping timeout: 276 seconds)."
2,1370207516610,"No`","No` join the chan."
1,1370207523058,"No`","hello les cadors du JS"
1,1370207562671,"No`","j'voudrais trouver un moyen élégant de lancer une suite de traitements de manière intelligente"
1,1370207587296,"No`","disons que dans localStorage, je stocke un numéro de version"
1,1370207686109,"No`","et dans le cas où un utilisateur arrive sur l'appli, on compare la version qui est dans *son* localStorage et qu'on migre sa base de cette version vers la \"dernière\""
1,1370207692061,"No`","vous feriez comment ?"
1,1370207699231,"No`","(disons, de manière élégante...)"
32,1370208482804,"Amatewasu","Amatewasu leave the IRC (Quit: WeeChat 0.4.2-dev)."
1,1370208517574,"No`","ceci fonctionne: https://gist.github.com/brunobord/5695039"
1,1370208533461,"No`","j'vous laisse mijoter, hein... y'a pas l'feu au browser"
