2,1366866264329,"MoOx","MoOx join the chan."
2,1366874697657,"HammHetfield","HammHetfield join the chan."
2,1366874934682,"HammHetfield_","HammHetfield_ join the chan."
32,1366874958681,"HammHetfield","HammHetfield leave the IRC (Ping timeout: 246 seconds)."
256,1366874958734,"HammHetfield_","HammHetfield_ changed his nick for HammHetfield."
2,1366875224877,"rhannequin","rhannequin join the chan."
2,1366875257305,"revolunet","revolunet join the chan."
1,1366876069627,"nfroidure","revolunet, pour ta question d'hier, demande à endou (pas là, mais viens souvent) ou angezanetti"
1,1366876111364,"nfroidure","je crois que lionelb touche aussi un peu en angular"
1,1366876139044,"revolunet","oki merki :)"
1,1366876148487,"madx`","nfroidure: _kud tweet de MarseilleJS à RT ;à"
1,1366876150664,"madx`",";)"
1,1366876176914,"nfroidure","done"
1,1366876422600,"madx`","merci :)"
2,1366876699508,"Atu","Atu join the chan."
1,1366877563568,"nfroidure","Y'a pas, plus je vois la collaboration entre nous, les coups mains filés à droite à gauche, plus je me dis que FranceJS a vraiment sa raison d'être."
1,1366877581247,"nfroidure","En plus notre logo claque grave :D"
2,1366878285775,"vvo","vvo join the chan."
2,1366879343070,"endou","endou join the chan."
1,1366879394103,"angezanetti","c'est pas faux !"
1,1366879788793,"nfroidure","angezanetti, du coup, c'est ok pour le talk AngularJS, je peux faire l'annonce sur le twitter de Ch'tiJS ?"
1,1366879937218,"madx`","nfroidure: yes, d'ailleurs j'vais ptet remanier celui de MarseilleJS pour utiliser ces formes là aussi"
1,1366879963552,"nfroidure","madx`, j'osais pas te le demander :)"
1,1366880067127,"angezanetti","endou: est ok ?"
1,1366880182319,"endou","angezanetti: Hello! Oui avec plaisir ! :) Vous voulez que j'aborde des sujets en particulier concernant AngularJS?"
1,1366880245676,"revolunet","tiens endou j'ai une question sur angular, t'as 2 mins ?"
32,1366880258169,"Nyalab","Nyalab leave the IRC (Remote host closed the connection)."
2,1366880358305,"Nyalab","Nyalab join the chan."
1,1366880388755,"endou","angezanetti: Oui bien sur :)"
1,1366880479635,"endou","revolunet: *"
1,1366880580907,"_kud","béh ouais nfroidure :)"
1,1366880590860,"_kud","On a créé du réseau"
1,1366880608199,"nfroidure","La French Connection :)"
1,1366880752676,"madx`","nfroidure: :)"
1,1366880798780,"nfroidure","Pour percer en Californie, faudra qu'on communique comme ça :D FranceJS : The French Connection :p"
1,1366880850995,"nfroidure","Ca aidera peut-être à avoir des financements :D"
1,1366880976840,"HammHetfield","ah ouai, comme ça t'as un mec riche qui te tient par les couilles"
1,1366880991519,"HammHetfield","il connaît rien à ce que tu fais, mais il est convaincu qu'il faut se focaliser sur Dart et Go"
1,1366880996921,"HammHetfield","et que le reste c'est de la merde"
1,1366881035354,"nfroidure","Le pire, c'est qu'après ils risquent de nous demander où est la drogue qui correspond à l'argent :)"
1,1366881076427,"nfroidure","Plus sérieusement, HammHetfield, je pense qu'on peut chercher des financement et être honnête dans les choix que l'on fait."
1,1366881108144,"HammHetfield","nfroidure: ouai mais tu prends toujours le risque de te faire prendre par les couilles"
1,1366881118533,"nfroidure","D'ailleurs, pour moi, ça paraît évident que les comptes soient publics pour que chacun sache qui fincance quoi et comment."
1,1366881148962,"HammHetfield","alors qu'un sponso pour un évènement unique, tu vas le voir, tu dis ce que tu veux faire, le mec finance ou pas"
1,1366881164145,"HammHetfield","mais tu reste plus maître de ce que tu veux faire, t'as pas spécialement de comptes à rendre"
1,1366881175531,"HammHetfield","mais ça c'est mon côté \"j'aime pas les VC\""
1,1366881190283,"nfroidure","HammHetfield, c'est presque la même chose si tu veux pouvoir compter sur lui les années suivantes."
1,1366881203945,"HammHetfield","oui, sauf que c'est pas l'idée de départ"
1,1366881221005,"HammHetfield","c'est l'idéal, que le mec continue à adhérer à ton projet"
1,1366881243585,"HammHetfield","mais si il change d'avis, de priorités ou que le projet change, c'est seulement qu'il investit plus"
1,1366881253566,"HammHetfield","c'est pas à l'asso de s'adapter pour pas crever"
1,1366881274156,"nfroidure","Bah, de toute façon, pour le moment, on en est pas là, j'ai confiance dans les fondations démocratiques de FranceJS, si on s'assure que ça sera qqchose d'ouvert et universel, on écartera bcp de ces risques."
1,1366881285029,"HammHetfield","pas faux"
1,1366881317755,"nfroidure","En quelque sorte, comme on est les early adopters, c'est notre responsabilité de faire ça bien."
1,1366881426116,"nfroidure","Après, c'est sûr que si on arrive à mobiliser bcp d'adhérents, ça sera un gros plus pour l'indépendance de l'asso."
1,1366881453234,"nfroidure","Et là, je te rejoins totalement, c'est le mieux qui puisse se produire."
1,1366881505963,"revolunet","yes endou, sorry chuis back :) donc j'arrive pas a choper document.querySelectorAll ds mon test e2e karma… une idée ?"
1,1366881539298,"nfroidure","Je suis invité au \"Printemps Numérique\" au Château de Compiègne, vous connaissez ? C'est bien ?"
1,1366881843187,"madx`","HammHetfield: les VC c'est quand même bien pratique pour faire caca !"
1,1366881859443,"HammHetfield"," /ignore madx`"
1,1366882032152,"endou","revolunet: tu pourrais poster un snippet de ton probleme? :)"
1,1366882076383,"revolunet","endou: https://github.com/revolunet/angular-carousel/blob/master/test/unit/angular-carousel.js#L50"
1,1366882111537,"revolunet","j'imerai remplacer jquery.find par document.querySelectorAll mais je sais po comment faire"
32,1366882125918,"rhannequin","rhannequin leave the IRC (Ping timeout: 245 seconds)."
1,1366882221562,"nfroidure","J'aime bcp le diction e @rlespinasse : \"I'm not young enought to know everything\" :)"
1,1366882381812,"angezanetti","tiens en parlant de Jquery, vous avez lu ça http://remysharp.com/2013/04/19/i-know-jquery-now-what/"
1,1366882686039,"nfroidure","Suis entrain de lire, mais pour le moment, j'adhère à 100%"
1,1366883507899,"_kud","en train*"
1,1366883515086,"_kud","tu es en trai de lire avec entrain."
1,1366884223560,"nfroidure","Bon, barbeuc' time. @+"
2,1366884312881,"Amatewasu","Amatewasu join the chan."
32,1366884739788,"vvo","vvo leave the IRC (Ping timeout: 256 seconds)."
2,1366885819458,"kud","kud join the chan."
32,1366885997845,"_kud","_kud leave the IRC (Ping timeout: 256 seconds)."
2,1366888620348,"vvo","vvo join the chan."
2,1366888997476,"Amatewasu_","Amatewasu_ join the chan."
2,1366889046024,"synbioz","synbioz join the chan."
32,1366889455079,"Amatewasu","Amatewasu leave the IRC (*.net *.split)."
32,1366889455390,"fuse","fuse leave the IRC (*.net *.split)."
32,1366889455525,"angezanetti","angezanetti leave the IRC (*.net *.split)."
2,1366889818868,"angezanetti","angezanetti join the chan."
32,1366892738160,"Amatewasu_","Amatewasu_ leave the IRC (Quit: WeeChat 0.4.1-dev)."
2,1366893779655,"NimS1","NimS1 join the chan."
2,1366894576796,"Amatewasu","Amatewasu join the chan."
2,1366898965855,"Shahor_","Shahor_ join the chan."
32,1366899108872,"Shahor","Shahor leave the IRC (Ping timeout: 246 seconds)."
32,1366900558499,"revolunet","revolunet leave the IRC (Ping timeout: 252 seconds)."
2,1366900999786,"revolunet","revolunet join the chan."
1,1366901651267,"nfroidure","Ca bouge en ce moment niveau recrutement à Lile"
1,1366901655788,"nfroidure","*Lille"
1,1366902157640,"angezanetti","genre ?"
1,1366902297258,"kud","genre des postes pour de l'asp"
1,1366902302242,"kud","ou du vb"
1,1366902307268,"kud","c'est assez pointu tout d'même"
1,1366902316854,"kud","(pour la région qu'est encore en cobol ou turbo pascal)"
1,1366902333550,"angezanetti","lol"
1,1366902344966,"angezanetti","çq m'interesse j'ai besoin de taf en cemoment"
1,1366902348616,"angezanetti","mais pas en VB :p"
1,1366902671397,"nfroidure","angezanetti, a priori, c'est pour des postes de recrutement, pas de la prestation"
1,1366902714091,"nfroidure","Mais bon, je me méfie de ces offres où tu conais pas la boite et la rému ce qui est le plus important à mon avis."
1,1366902830752,"nfroidure","WTF console.log est dispo à partir de quelle version sur IE ?"
2,1366904372987,"lionelB","lionelB join the chan."
32,1366906104301,"HammHetfield","HammHetfield leave the IRC (Quit: HammHetfield)."
32,1366907214906,"Nyalab","Nyalab leave the IRC (Remote host closed the connection)."
32,1366907394910,"endou","endou leave the IRC (Remote host closed the connection)."
32,1366908591686,"kud","kud leave the IRC (Remote host closed the connection)."
32,1366908775684,"vvo","vvo leave the IRC (Ping timeout: 252 seconds)."
2,1366909421710,"vvo","vvo join the chan."
2,1366911002556,"revolunet_","revolunet_ join the chan."
32,1366911011866,"revolunet_","revolunet_ leave the IRC (Client Quit)."
32,1366911151812,"revolunet","revolunet leave the IRC (Ping timeout: 240 seconds)."
32,1366911316552,"vvo","vvo leave the IRC (Ping timeout: 252 seconds)."
2,1366920021026,"vvo","vvo join the chan."
2,1366922186651,"revolunet","revolunet join the chan."
32,1366923622597,"MoOx","MoOx leave the IRC (Ping timeout: 268 seconds)."
4,1366925674839,"lionelB","lionelB leave the chan."
32,1366926364223,"Amatewasu","Amatewasu leave the IRC (Remote host closed the connection)."
