18,1378461677089,"Marionnette","Marionnette join the chan."
8,1378461677155,"_kud","_kud change topic to \"Communauté française des utilisateurs de JavaScript | Site : http://francejs.org\""
32,1378462086537,"fbentz","fbentz leave the IRC (Quit: fbentz)."
2,1378463866350,"fbentz","fbentz join the chan."
2,1378464493078,"fbentz_","fbentz_ join the chan."
2,1378464513974,"HammHetfield_","HammHetfield_ join the chan."
32,1378464551052,"HammHetfield","HammHetfield leave the IRC (Read error: Connection reset by peer)."
256,1378464551372,"HammHetfield_","HammHetfield_ changed his nick for HammHetfield."
32,1378464712296,"fbentz","fbentz leave the IRC (Ping timeout: 291 seconds)."
256,1378464712653,"fbentz_","fbentz_ changed his nick for fbentz."
32,1378464735388,"fbentz","fbentz leave the IRC (Client Quit)."
32,1378464777192,"Shahor","Shahor leave the IRC (Remote host closed the connection)."
32,1378465163779,"_mlb","_mlb leave the IRC (Remote host closed the connection)."
2,1378465504120,"_mlb","_mlb join the chan."
32,1378465516285,"kewah","kewah leave the IRC (Ping timeout: 240 seconds)."
2,1378465694794,"kewah","kewah join the chan."
2,1378466159196,"fbentz","fbentz join the chan."
32,1378466346448,"gorhgorh","gorhgorh leave the IRC (Ping timeout: 246 seconds)."
32,1378467596478,"rhannequin_","rhannequin_ leave the IRC (Ping timeout: 256 seconds)."
32,1378467867255,"kewah","kewah leave the IRC (Quit: kewah)."
2,1378468391230,"kewah","kewah join the chan."
32,1378468966188,"_mlb","_mlb leave the IRC (Remote host closed the connection)."
2,1378469333550,"Shahor","Shahor join the chan."
32,1378470709178,"Grirrle","Grirrle leave the IRC (Quit: Leaving.)."
2,1378470930946,"rhannequin","rhannequin join the chan."
2,1378470975386,"Grirrle","Grirrle join the chan."
32,1378471241727,"Nyalab","Nyalab leave the IRC (Remote host closed the connection)."
2,1378471695383,"Atu","Atu join the chan."
32,1378471706971,"Atu","Atu leave the IRC (Client Quit)."
2,1378471860284,"Nyalab","Nyalab join the chan."
32,1378472102281,"Nyalab","Nyalab leave the IRC (Remote host closed the connection)."
32,1378473694106,"Grirrle","Grirrle leave the IRC (Quit: Leaving.)."
32,1378474592029,"kewah","kewah leave the IRC (Quit: kewah)."
2,1378474778858,"Grirrle","Grirrle join the chan."
2,1378475952819,"gorhgorh","gorhgorh join the chan."
2,1378476002815,"kewah","kewah join the chan."
2,1378476040375,"Shahor_","Shahor_ join the chan."
32,1378476132788,"Shahor","Shahor leave the IRC (Ping timeout: 246 seconds)."
32,1378476190185,"Shahor_","Shahor_ leave the IRC (Remote host closed the connection)."
2,1378476196810,"Shahor","Shahor join the chan."
32,1378479091557,"Shahor","Shahor leave the IRC (Remote host closed the connection)."
2,1378479203996,"Nyalab","Nyalab join the chan."
2,1378479482083,"_mlb","_mlb join the chan."
32,1378479503824,"revolunet","revolunet leave the IRC (Quit: revolunet)."
2,1378479571129,"revolunet","revolunet join the chan."
32,1378479587360,"revolunet","revolunet leave the IRC (Client Quit)."
2,1378479795312,"kud","kud join the chan."
32,1378479813627,"kud","kud leave the IRC (Remote host closed the connection)."
32,1378479827074,"_kud","_kud leave the IRC (Read error: Connection reset by peer)."
2,1378479852197,"_kud","_kud join the chan."
32,1378480612910,"kewah","kewah leave the IRC (Quit: kewah)."
2,1378480763083,"Shahor","Shahor join the chan."
2,1378480978774,"kewah","kewah join the chan."
32,1378481588381,"rhannequin","rhannequin leave the IRC (Ping timeout: 264 seconds)."
32,1378482372224,"goldoraf","goldoraf leave the IRC (Quit: Quitte)."
2,1378483026141,"euskadi31_","euskadi31_ join the chan."
32,1378483063515,"euskadi31","euskadi31 leave the IRC (Ping timeout: 245 seconds)."
32,1378483129937,"euskadi31_","euskadi31_ leave the IRC (Client Quit)."
4,1378483187093,"Grirrle","Grirrle leave the chan."
32,1378483593097,"HammHetfield","HammHetfield leave the IRC (Quit: HammHetfield)."
32,1378483652668,"OwlyCode","OwlyCode leave the IRC (Remote host closed the connection)."
32,1378483848832,"kewah","kewah leave the IRC (Quit: kewah)."
32,1378483945159,"Nyalab","Nyalab leave the IRC (Read error: Connection reset by peer)."
32,1378484001271,"brice","brice leave the IRC (Quit: Quitte)."
2,1378484084084,"Amatewasu","Amatewasu join the chan."
32,1378484909853,"_kud","_kud leave the IRC (Remote host closed the connection)."
32,1378486642717,"Shahor","Shahor leave the IRC (Remote host closed the connection)."
2,1378487177940,"_kud","_kud join the chan."
32,1378489039775,"MoOx","MoOx leave the IRC (Remote host closed the connection)."
32,1378492037246,"gorhgorh","gorhgorh leave the IRC (Quit: gorhgorh)."
32,1378493794536,"_kud","_kud leave the IRC (Remote host closed the connection)."
32,1378495398306,"bigx","bigx leave the IRC (Quit: Ex-Chat)."
2,1378495540786,"MoOx","MoOx join the chan."
2,1378495854340,"Mo_Ox","Mo_Ox join the chan."
32,1378495864757,"Mo_Ox","Mo_Ox leave the IRC (Remote host closed the connection)."
32,1378496051917,"MoOx","MoOx leave the IRC (Ping timeout: 312 seconds)."
2,1378497338600,"_kud","_kud join the chan."
2,1378497382046,"Nyalab-Home","Nyalab-Home join the chan."
32,1378497915504,"Nyalab-Home","Nyalab-Home leave the IRC (Quit: Leaving)."
32,1378499339668,"oncletom","oncletom leave the IRC (Quit: Leaving.)."
32,1378503570355,"Amatewasu","Amatewasu leave the IRC (Quit: WeeChat 0.4.2-rc1)."
