32,1374273508259,"_kud","_kud leave the IRC (Read error: Connection reset by peer)."
2,1374276348332,"hakeem","hakeem join the chan."
32,1374282612143,"hakeem","hakeem leave the IRC (Quit: Leaving)."
2,1374308402970,"Amatewasu","Amatewasu join the chan."
2,1374309910599,"synbioz","synbioz join the chan."
32,1374310154606,"fuse","fuse leave the IRC (Ping timeout: 246 seconds)."
32,1374310666817,"bobot","bobot leave the IRC (*.net *.split)."
2,1374310842423,"bobot","bobot join the chan."
32,1374311722253,"bobot","bobot leave the IRC (*.net *.split)."
32,1374311876571,"No`","No` leave the IRC (*.net *.split)."
32,1374311876736,"angezanetti","angezanetti leave the IRC (*.net *.split)."
32,1374311903646,"ChanServ","ChanServ leave the IRC (*.net *.split)."
32,1374311983821,"Tobu","Tobu leave the IRC (*.net *.split)."
32,1374311983821,"madx`","madx` leave the IRC (*.net *.split)."
32,1374311983821,"loicfrering","loicfrering leave the IRC (*.net *.split)."
32,1374311983821,"Nyalab","Nyalab leave the IRC (*.net *.split)."
32,1374311983822,"pntbr","pntbr leave the IRC (*.net *.split)."
32,1374311983822,"urcadox","urcadox leave the IRC (*.net *.split)."
32,1374311983822,"euskadi31","euskadi31 leave the IRC (*.net *.split)."
32,1374311983822,"Marlb","Marlb leave the IRC (*.net *.split)."
32,1374311993835,"nfroidure","nfroidure leave the IRC (*.net *.split)."
32,1374312034666,"Marsup","Marsup leave the IRC (*.net *.split)."
32,1374312043207,"oz","oz leave the IRC (*.net *.split)."
32,1374312121965,"NiKo`","NiKo` leave the IRC (*.net *.split)."
2,1374312183790,"Nyalab","Nyalab join the chan."
2,1374312183884,"euskadi31","euskadi31 join the chan."
2,1374312183884,"Tobu","Tobu join the chan."
2,1374312183885,"Marlb","Marlb join the chan."
2,1374312183885,"oz","oz join the chan."
2,1374312183885,"pntbr","pntbr join the chan."
2,1374312183885,"Marsup","Marsup join the chan."
2,1374312183885,"madx`","madx` join the chan."
2,1374312183885,"nfroidure","nfroidure join the chan."
2,1374312183885,"No`","No` join the chan."
2,1374312183885,"angezanetti","angezanetti join the chan."
2,1374312183885,"NiKo`","NiKo` join the chan."
2,1374312183886,"ChanServ","ChanServ join the chan."
2,1374312183886,"loicfrering","loicfrering join the chan."
2,1374312183886,"urcadox","urcadox join the chan."





32,1374312248939,"romainhuet","romainhuet leave the IRC (*.net *.split)."
2,1374312327999,"romainhuet","romainhuet join the chan."
1,1374312577144,"nfroidure","j'arrive plus à pusher sur github, d'autres que moi ont le souci ?"
1,1374316087364,"nfroidure","C'est bon, c'est revenu."
32,1374318720391,"Amatewasu","Amatewasu leave the IRC (Quit: WeeChat 0.4.2-dev)."
2,1374327413398,"Amatewasu","Amatewasu join the chan."
2,1374335844780,"Munto","Munto join the chan."
32,1374338835826,"Tobu","Tobu leave the IRC (Ping timeout: 256 seconds)."
2,1374339642965,"Tobu","Tobu join the chan."
