2,1368224887756,"stephCoue","stephCoue join the chan."
32,1368225994397,"august1_","august1_ leave the IRC (Quit: august1_)."
32,1368229102528,"_kud","_kud leave the IRC (Remote host closed the connection)."
32,1368230462739,"atchoum222","atchoum222 leave the IRC (Remote host closed the connection)."
32,1368231151744,"Amatewasu","Amatewasu leave the IRC (Quit: WeeChat 0.4.1-rc1)."
2,1368232754713,"august1","august1 join the chan."
2,1368235689423,"synbioz1","synbioz1 join the chan."
32,1368235724925,"synbioz","synbioz leave the IRC (Ping timeout: 245 seconds)."
2,1368236057308,"august1_","august1_ join the chan."
32,1368236355811,"august1","august1 leave the IRC (Ping timeout: 256 seconds)."
256,1368236356019,"august1_","august1_ changed his nick for august1."
2,1368236492502,"synbioz2","synbioz2 join the chan."
2,1368236500310,"angezane1ti","angezane1ti join the chan."
32,1368236560918,"angezanetti","angezanetti leave the IRC (Ping timeout: 268 seconds)."
32,1368236561159,"synbioz1","synbioz1 leave the IRC (Ping timeout: 268 seconds)."
2,1368237247108,"angezanetti","angezanetti join the chan."
32,1368237504865,"angezane1ti","angezane1ti leave the IRC (*.net *.split)."
32,1368237505138,"august1","august1 leave the IRC (*.net *.split)."
2,1368237524441,"synbioz3","synbioz3 join the chan."
2,1368237567099,"madx`_","madx`_ join the chan."
2,1368237719237,"loicfrer1","loicfrer1 join the chan."
2,1368237745972,"NiKo`_","NiKo`_ join the chan."
32,1368237880388,"synbioz2","synbioz2 leave the IRC (*.net *.split)."
32,1368237882336,"madx`","madx` leave the IRC (*.net *.split)."
2,1368238028821,"angezane1ti","angezane1ti join the chan."
32,1368238138389,"loicfrering","loicfrering leave the IRC (Ping timeout: 252 seconds)."
32,1368238138629,"NiKo`","NiKo` leave the IRC (Ping timeout: 252 seconds)."
256,1368238139844,"NiKo`_","NiKo`_ changed his nick for NiKo`."
32,1368238273452,"angezanetti","angezanetti leave the IRC (Ping timeout: 245 seconds)."
32,1368238358946,"angezane1ti","angezane1ti leave the IRC (*.net *.split)."
2,1368238643393,"angezane1ti","angezane1ti join the chan."
2,1368239083502,"loicfrering","loicfrering join the chan."
2,1368239095968,"NiKo`_","NiKo`_ join the chan."
32,1368239219860,"stephCoue","stephCoue leave the IRC (Remote host closed the connection)."
32,1368239268884,"loicfrer1","loicfrer1 leave the IRC (*.net *.split)."
32,1368239268972,"NiKo`","NiKo` leave the IRC (*.net *.split)."
256,1368239270293,"NiKo`_","NiKo`_ changed his nick for NiKo`."
2,1368240000204,"loicfrer1","loicfrer1 join the chan."
32,1368240355429,"loicfrering","loicfrering leave the IRC (Ping timeout: 268 seconds)."
32,1368240895429,"madx`_","madx`_ leave the IRC (*.net *.split)."
2,1368240928009,"madx`","madx` join the chan."
2,1368243452072,"stephCoue","stephCoue join the chan."
32,1368243870417,"stephCoue","stephCoue leave the IRC (Ping timeout: 240 seconds)."
2,1368249470238,"MoOx","MoOx join the chan."
32,1368253807644,"MoOx","MoOx leave the IRC (Remote host closed the connection)."
528,1368262872306,"Marionnette","Twitter.com#francejs - @nfroidure: Une bonne idée d'application #FirefoxOS ? Recevez un téléphone pour la développer ! https://t.co/hIisIRzTG2 #javascript #html5 #francejs"
256,1368264498770,"angezane1ti","angezane1ti changed his nick for angezanetti."
528,1368264973294,"Marionnette","Twitter.com#francejs - @AngeZanetti: Clifier: Create cli utility for node.js easily https://t.co/B4cmMGDUue #francejs"
2,1368266093111,"endou","endou join the chan."
32,1368268162977,"euskadi31","euskadi31 leave the IRC (Quit: WeeChat 0.4.0)."
2,1368268190263,"euskadi31","euskadi31 join the chan."
256,1368268807537,"loicfrer1","loicfrer1 changed his nick for loicfrering."
2,1368270364441,"revolunet","revolunet join the chan."
2,1368272769921,"_kud","_kud join the chan."
2,1368278343464,"Amatewasu","Amatewasu join the chan."
32,1368278663905,"euskadi31","euskadi31 leave the IRC (Quit: WeeChat 0.4.0)."
2,1368278678059,"euskadi31","euskadi31 join the chan."
32,1368279358349,"euskadi31","euskadi31 leave the IRC (Quit: WeeChat 0.4.0)."
2,1368279372484,"euskadi31","euskadi31 join the chan."
32,1368279585544,"revolunet","revolunet leave the IRC (Quit: revolunet)."
2,1368279973008,"revolunet","revolunet join the chan."
32,1368280227646,"revolunet","revolunet leave the IRC (Client Quit)."
2,1368281715851,"stephCoue","stephCoue join the chan."
32,1368282579180,"euskadi31","euskadi31 leave the IRC (Quit: WeeChat 0.4.0)."
2,1368282724249,"euskadi31","euskadi31 join the chan."
32,1368283123349,"euskadi31","euskadi31 leave the IRC (Quit: leaving)."
2,1368283139008,"euskadi31","euskadi31 join the chan."
32,1368283139135,"euskadi31","euskadi31 leave the IRC (Client Quit)."
2,1368283299669,"euskadi31","euskadi31 join the chan."
32,1368283300689,"euskadi31","euskadi31 leave the IRC (Client Quit)."
2,1368283694820,"euskadi31","euskadi31 join the chan."
32,1368283718997,"euskadi31","euskadi31 leave the IRC (Client Quit)."
2,1368283733993,"euskadi31","euskadi31 join the chan."
32,1368283746371,"_kud","_kud leave the IRC (Remote host closed the connection)."
32,1368283821727,"euskadi31","euskadi31 leave the IRC (Client Quit)."
2,1368283840862,"euskadi31","euskadi31 join the chan."
32,1368284642013,"euskadi31","euskadi31 leave the IRC (Quit: leaving)."
2,1368284656507,"euskadi31","euskadi31 join the chan."
2,1368285885006,"stephCou_","stephCou_ join the chan."
2,1368285921931,"Amatewasu_","Amatewasu_ join the chan."
2,1368286144947,"euskadi32","euskadi32 join the chan."
32,1368286151639,"Amatewasu","Amatewasu leave the IRC (Ping timeout: 245 seconds)."
32,1368286152263,"stephCoue","stephCoue leave the IRC (Ping timeout: 245 seconds)."
32,1368286153097,"euskadi31","euskadi31 leave the IRC (Ping timeout: 245 seconds)."
2,1368287479057,"MoOx","MoOx join the chan."
32,1368288638280,"MoOx","MoOx leave the IRC (Remote host closed the connection)."
32,1368288900641,"stephCou_","stephCou_ leave the IRC (Remote host closed the connection)."
32,1368289801463,"angezanetti","angezanetti leave the IRC (*.net *.split)."
2,1368289845201,"angezanetti","angezanetti join the chan."
2,1368290079973,"rhannequin","rhannequin join the chan."
32,1368290200404,"euskadi32","euskadi32 leave the IRC (Quit: leaving)."
2,1368290218942,"euskadi31","euskadi31 join the chan."
2,1368291265594,"loicfrer1","loicfrer1 join the chan."
32,1368291330203,"loicfrering","loicfrering leave the IRC (Ping timeout: 256 seconds)."
2,1368293127426,"stephCoue","stephCoue join the chan."
32,1368293456433,"stephCoue","stephCoue leave the IRC (Ping timeout: 252 seconds)."
2,1368294186686,"euskadi32","euskadi32 join the chan."
32,1368294210249,"euskadi31","euskadi31 leave the IRC (Read error: Connection reset by peer)."
2,1368294313365,"Amatewasu","Amatewasu join the chan."
32,1368294313955,"rhannequin","rhannequin leave the IRC (Read error: Operation timed out)."
32,1368294506284,"Amatewasu_","Amatewasu_ leave the IRC (Ping timeout: 268 seconds)."
2,1368295963525,"oz`","oz` join the chan."
32,1368296158249,"urcadox","urcadox leave the IRC (*.net *.split)."
32,1368296158375,"Nyalab","Nyalab leave the IRC (*.net *.split)."
32,1368296160080,"nfroidure","nfroidure leave the IRC (*.net *.split)."
32,1368296160670,"ChanServ","ChanServ leave the IRC (*.net *.split)."
32,1368296161212,"oz","oz leave the IRC (*.net *.split)."
256,1368296176014,"oz`","oz` changed his nick for oz."
2,1368297121587,"ChanServ","ChanServ join the chan."
2,1368297332160,"nfroidure","nfroidure join the chan."
2,1368297464777,"urcadox","urcadox join the chan."
2,1368297464901,"Nyalab","Nyalab join the chan."
32,1368297953992,"ChanServ","ChanServ leave the IRC (*.net *.split)."
2,1368298293657,"ChanServ","ChanServ join the chan."
2,1368298371657,"stephCoue","stephCoue join the chan."
256,1368298428104,"loicfrer1","loicfrer1 changed his nick for loicfrering."
32,1368299757909,"ChanServ","ChanServ leave the IRC (*.net *.split)."
2,1368302966066,"rhannequin","rhannequin join the chan."
2,1368304893767,"stephCou_","stephCou_ join the chan."
32,1368305056905,"stephCoue","stephCoue leave the IRC (*.net *.split)."
32,1368306402613,"rhannequin","rhannequin leave the IRC (Ping timeout: 245 seconds)."
2,1368306496001,"rhannequin","rhannequin join the chan."
2,1368307539905,"loicfrer1","loicfrer1 join the chan."
32,1368307547821,"loicfrering","loicfrering leave the IRC (*.net *.split)."
2,1368307716832,"ChanServ","ChanServ join the chan."
32,1368307737422,"ChanServ","ChanServ leave the IRC (shutting down)."
