2,1368309850701,"mab","mab join the chan."
2,1368310177287,"ChanServ","ChanServ join the chan."
32,1368310301884,"mab2","mab2 leave the IRC (*.net *.split)."
32,1368310360416,"NiKo`","NiKo` leave the IRC (Ping timeout: 256 seconds)."
2,1368310496274,"NiKo`","NiKo` join the chan."
2,1368311181956,"stephCoue","stephCoue join the chan."
32,1368311208434,"stephCou_","stephCou_ leave the IRC (Ping timeout: 252 seconds)."
32,1368311439742,"Amatewasu","Amatewasu leave the IRC (Quit: WeeChat 0.4.1-rc1)."
2,1368311457756,"Amatewasu","Amatewasu join the chan."
32,1368311570632,"Amatewasu","Amatewasu leave the IRC (Remote host closed the connection)."
32,1368311657378,"rhannequin","rhannequin leave the IRC (Quit: Quitte)."
32,1368312468672,"endou","endou leave the IRC (Ping timeout: 256 seconds)."
32,1368312469089,"madx`","madx` leave the IRC (Ping timeout: 256 seconds)."
2,1368312477301,"endou","endou join the chan."
32,1368312536720,"romainhuet","romainhuet leave the IRC (Ping timeout: 256 seconds)."
2,1368312671686,"stephCou_","stephCou_ join the chan."
2,1368312796684,"madx`","madx` join the chan."
32,1368313040697,"stephCoue","stephCoue leave the IRC (Ping timeout: 256 seconds)."
2,1368313251765,"stephCoue","stephCoue join the chan."
32,1368313633369,"stephCou_","stephCou_ leave the IRC (*.net *.split)."
18,1368314678509,"Marionnette1","Marionnette1 join the chan."
8,1368314678640,"_kud","_kud change topic to \"Communauté française des utilisateurs de JavaScript | Site : http://francejs.org\""
2,1368314842156,"synbioz4","synbioz4 join the chan."
32,1368314968345,"stephCoue","stephCoue leave the IRC (*.net *.split)."
32,1368314977107,"synbioz3","synbioz3 leave the IRC (*.net *.split)."
32,1368314986611,"Marionnette","Marionnette leave the IRC (*.net *.split)."
2,1368315183398,"stephCoue","stephCoue join the chan."
32,1368315580470,"loicfrer1","loicfrer1 leave the IRC (*.net *.split)."
32,1368315589309,"oz","oz leave the IRC (*.net *.split)."
32,1368315599413,"angezanetti","angezanetti leave the IRC (*.net *.split)."
2,1368315735730,"Shahor_","Shahor_ join the chan."
2,1368315908058,"angezanetti","angezanetti join the chan."
32,1368316021992,"Shahor","Shahor leave the IRC (*.net *.split)."
2,1368316361634,"loicfrer1","loicfrer1 join the chan."
2,1368316361753,"oz","oz join the chan."
32,1368317761458,"loicfrer1","loicfrer1 leave the IRC (*.net *.split)."
32,1368317766055,"oz","oz leave the IRC (*.net *.split)."
2,1368319715162,"romainhuet","romainhuet join the chan."
2,1368320636331,"loicfrer1","loicfrer1 join the chan."
2,1368320636474,"oz","oz join the chan."
2,1368320666840,"NiKo`_","NiKo`_ join the chan."
32,1368320766222,"NiKo`","NiKo` leave the IRC (Ping timeout: 245 seconds)."
256,1368320777011,"NiKo`_","NiKo`_ changed his nick for NiKo`."
32,1368323103884,"stephCoue","stephCoue leave the IRC (Remote host closed the connection)."
2,1368327813055,"stephCoue","stephCoue join the chan."
32,1368328197988,"stephCoue","stephCoue leave the IRC (Ping timeout: 264 seconds)."
32,1368328253748,"ChanServ","ChanServ leave the IRC (*.net *.split)."
2,1368330104428,"ChanServ","ChanServ join the chan."
2,1368337333708,"MoOx","MoOx join the chan."
32,1368340025353,"MoOx","MoOx leave the IRC (Remote host closed the connection)."
32,1368356297530,"endou","endou leave the IRC (Quit: leaving)."
2,1368359833074,"_kud","_kud join the chan."
32,1368360166652,"_kud","_kud leave the IRC (Remote host closed the connection)."
2,1368360410836,"_kud","_kud join the chan."
256,1368360567827,"siddartha","siddartha changed his nick for siddartha`."
256,1368360578178,"siddartha`","siddartha` changed his nick for siddartha."
32,1368363334474,"_kud","_kud leave the IRC (Remote host closed the connection)."
1,1368364641562,"nfroidure","Marionnette, quote"
17,1368364642198,"Marionnette","If I wanted Windows, I'd live in a greenhouse!"
17,1368364642198,"Marionnette","Source: http://iheartquotes.com/fortune/show/8152"
2,1368369398180,"_kud","_kud join the chan."
32,1368370252128,"_kud","_kud leave the IRC (Remote host closed the connection)."
528,1368370720410,"Marionnette","Twitter.com#francejs - @AngeZanetti: #DViz, a declarative data visualization library written in Javascript. https://t.co/ZbGYr71PtA #franceJS"
2,1368370953195,"_kud","_kud join the chan."
2,1368371433885,"MoOx","MoOx join the chan."
2,1368371919738,"NiKo`_","NiKo`_ join the chan."
2,1368372320551,"mab1","mab1 join the chan."
32,1368372388726,"NiKo`","NiKo` leave the IRC (*.net *.split)."
256,1368372391715,"NiKo`_","NiKo`_ changed his nick for NiKo`."
32,1368372453154,"mab","mab leave the IRC (Ping timeout: 264 seconds)."
2,1368372696931,"siddarth`","siddarth` join the chan."
32,1368372796800,"siddartha","siddartha leave the IRC (Write error: Broken pipe)."
2,1368372903904,"rhannequin","rhannequin join the chan."
256,1368374029034,"siddarth`","siddarth` changed his nick for siddartha."
32,1368375377815,"_kud","_kud leave the IRC (Remote host closed the connection)."
2,1368378401610,"Amatewasu","Amatewasu join the chan."
2,1368383402328,"stephCoue","stephCoue join the chan."
32,1368387373072,"MoOx","MoOx leave the IRC (Remote host closed the connection)."
32,1368387501093,"rhannequin","rhannequin leave the IRC (Quit: Quitte)."
32,1368387913608,"stephCoue","stephCoue leave the IRC (Remote host closed the connection)."
32,1368390333528,"Amatewasu","Amatewasu leave the IRC (Quit: WeeChat 0.4.1-rc1)."
2,1368392151358,"stephCoue","stephCoue join the chan."
32,1368392435125,"stephCoue","stephCoue leave the IRC (Ping timeout: 260 seconds)."
2,1368392480321,"MoOx","MoOx join the chan."
32,1368392734906,"MoOx","MoOx leave the IRC (Ping timeout: 246 seconds)."
