32,1365635711693,"Atu","Atu leave the IRC (Quit: [\"Textual IRC Client: www.textualapp.com\"])."
32,1365635711870,"Atu","Atu leave the IRC (Quit: [\"Textual IRC Client: www.textualapp.com\"])."
32,1365641580970,"revolunet","revolunet leave the IRC (Quit: revolunet)."
32,1365641581117,"revolunet","revolunet leave the IRC (Quit: revolunet)."
2,1365658161956,"MoOx","MoOx join the chan."
2,1365658161787,"MoOx","MoOx join the chan."
2,1365661164764,"felixgilles","felixgilles join the chan."
2,1365661164854,"felixgilles","felixgilles join the chan."
2,1365662061441,"HammHetfield","HammHetfield join the chan."
2,1365662061660,"HammHetfield","HammHetfield join the chan."
2,1365662730676,"showtim34","showtim34 join the chan."
2,1365662730954,"showtim34","showtim34 join the chan."
1,1365665647020,"Ang3","hey !"
1,1365665652258,"endou","Hello"
1,1365665646986,"Ang3","hey !"
1,1365665652447,"endou","Hello"
1,1365665669919,"Ang3","Zavez déjà testé Dart ? Des retours sur le langage de Google ?"
1,1365665669955,"Ang3","Zavez déjà testé Dart ? Des retours sur le langage de Google ?"
1,1365665724926,"_kud","lo :)"
1,1365665728829,"_kud","du tout Ang3"
1,1365665725191,"_kud","lo :)"
1,1365665728979,"_kud","du tout Ang3"
1,1365665737275,"_kud","Je dois t'avouer que je focus sur nodejs et backbone ces derniers temps"
1,1365665739908,"endou","Ang3: Pas encore teste mais j'ai bien envie d'essayer, j'ai eu une ptite discussion par mail avec le CEO de blossom.io, une boite qui l'utilise deja il le recommande"
1,1365665737655,"_kud","Je dois t'avouer que je focus sur nodejs et backbone ces derniers temps"
1,1365665740153,"endou","Ang3: Pas encore teste mais j'ai bien envie d'essayer, j'ai eu une ptite discussion par mail avec le CEO de blossom.io, une boite qui l'utilise deja il le recommande"
1,1365665752248,"endou","Il y a un post a lire sur ramen.io a ce propos :)"
1,1365665752542,"endou","Il y a un post a lire sur ramen.io a ce propos :)"
1,1365665861246,"Ang3","chekin"
1,1365665861417,"Ang3","chekin"
1,1365665893024,"_kud","Je sais pas trop comment on pourrait faire"
1,1365665893275,"_kud","Je sais pas trop comment on pourrait faire"
1,1365665901605,"_kud","mais ce serait cool de partager des liens sur #francejs"
1,1365665906357,"_kud","poke nfroidure"
1,1365665908337,"Ang3","Twitter ?"
1,1365665911489,"_kud","Oui c'est sur"
1,1365665913194,"Ang3","ça sert a ça nono ?"
1,1365665915106,"Ang3","non ?"
1,1365665915175,"_kud","mais j'veux dire ici"
1,1365665920166,"endou","hmm"
1,1365665921044,"_kud","Ouais"
1,1365665924513,"endou","faut l'ajouter au bot :)"
1,1365665927718,"_kud","Oui voilà"
1,1365665902027,"_kud","mais ce serait cool de partager des liens sur #francejs"
1,1365665906618,"_kud","poke nfroidure"
1,1365665908301,"Ang3","Twitter ?"
1,1365665911673,"_kud","Oui c'est sur"
1,1365665913037,"Ang3","ça sert a ça nono ?"
1,1365665914909,"Ang3","non ?"
1,1365665915260,"_kud","mais j'veux dire ici"
1,1365665920447,"endou","hmm"
1,1365665921350,"_kud","Ouais"
1,1365665924688,"endou","faut l'ajouter au bot :)"
1,1365665927863,"_kud","Oui voilà"


1,1365665935128,"endou","!share http://ramen.io"
1,1365665938722,"endou","Un truc du genre"
1,1365665940224,"_kud","exactement"
1,1365665943142,"Ang3","un bot IRC qui rebalance les tweet avec le hashtag #franceJs"
1,1365665934942,"endou","!share http://ramen.io"
1,1365665938467,"endou","Un truc du genre"
1,1365665940041,"_kud","exactement"
1,1365665943257,"Ang3","un bot IRC qui rebalance les tweet avec le hashtag #franceJs"
1,1365665951574,"_kud",":)"
1,1365665951793,"_kud",":)"
1,1365666363583,"madx`","yop ici"
1,1365666363701,"madx`","yop ici"
1,1365666547600,"Ang3","l'editeur dart est moisi en tout cas"
1,1365666547719,"Ang3","l'editeur dart est moisi en tout cas"
1,1365666589774,"endou","Ouais c'est une distrib d'eclipse mais j'pense que tu peux utiliser dart2js a la main sans trop de probleme ou dans un Makefile"
1,1365666589925,"nfroidure","lo"
1,1365666592892,"endou","lo"
1,1365666589827,"nfroidure","lo"
1,1365666590036,"endou","Ouais c'est une distrib d'eclipse mais j'pense que tu peux utiliser dart2js a la main sans trop de probleme ou dans un Makefile"
1,1365666593137,"endou","lo"
1,1365666658178,"nfroidure","dans quel sens le share ? De IRC vers Twitter ou de Twitter vers IRC ?"
1,1365666658241,"nfroidure","dans quel sens le share ? De IRC vers Twitter ou de Twitter vers IRC ?"
1,1365666683085,"_kud","en fait"
1,1365666683250,"_kud","en fait"
1,1365666690142,"_kud","on ajoute à la queue du bot des liens"
1,1365666690308,"_kud","on ajoute à la queue du bot des liens"
1,1365666705592,"_kud","et on peut regarder a tout moment les liens dans cette queue"
1,1365666706239,"_kud","et on peut regarder a tout moment les liens dans cette queue"
1,1365666713597,"_kud","et moi j'en profite pour le partager sur francejs"
1,1365666713894,"_kud","et moi j'en profite pour le partager sur francejs"
1,1365666723297,"_kud","ou faire un bot qui relaie directement sur francejs_bot"
1,1365666725441,"endou","Faudrait ajouter un 'brain' au bot un peu comme hubot pour avoir un peu de persistence"
1,1365666723564,"_kud","ou faire un bot qui relaie directement sur francejs_bot"
1,1365666725614,"endou","Faudrait ajouter un 'brain' au bot un peu comme hubot pour avoir un peu de persistence"
18,1365666805980,"Marionnette","Marionnette join the chan."
8,1365666806193,"_kud","_kud change topic to \"Communauté française des utilisateurs de JavaScript | Site : http://francejs.org\""
1,1365666828602,"nfroidure","endou, c'est à dire ?"
1,1365666865593,"nfroidure","_kud, je pense qu'en faisant un npm-install y'a moyen de communiquer avec l'API twitter"
2,1365666878358,"Atu","Atu join the chan."
1,1365666887161,"nfroidure","et twitter directement avec FranceJS"
1,1365666953837,"_kud","oui"
1,1365667006202,"endou","nfroidure: Avoir une petite bdd derriere juste pour avoir de la persistence et eventuellement exposer ces trucs la a d'autres services, par exemple: Partage de lien sur irc -> bdd <- francejs"
1,1365667057097,"nfroidure","pour l'instant, je pensais faire la persistance dans des fichiers CSV tout simples en local"
1,1365667068329,"nfroidure","Tu peux jeter un oeil à la source : https://github.com/francejs/irc-bot"
1,1365667077032,"endou","nfroidure: J'ai deja ete voir :p"
1,1365667150660,"nfroidure","La prochaine étape, c'st le pr ;)"
1,1365667165749,"endou","nfroidure: Deja j'l'ai forke :)"
1,1365667219670,"endou","nfroidure: Par contre je ferait bien une PR pour virer le gros switch pour les commandes et avoir un truc plus modulable"
1,1365667230785,"endou","nfroidure: Le top ca serait carrement de developper les commandes a part :P"
1,1365667308583,"nfroidure","j'avais à l'esprit de baser les commandes sur des regexp"
1,1365667314839,"nfroidure","J'ai pas encore eu le temps"
1,1365667324951,"endou","nfroidure: Bonne idee :)"
1,1365667328601,"nfroidure","Ton premier PR, ça peut être une todolist ;)"
1,1365667340591,"endou","nfroidure: J'vais ouvrir une issue pour discuter de tout ca"
1,1365667384727,"nfroidure","Pour le bot paris JS ils ont fait un module par commande, mais je trouve ça overkill"
1,1365667538345,"endou","nfroidure: C'est deja un peu overkill de coder un bot vu le nombre de bot existants, autant s'eclater :)"
1,1365667586643,"nfroidure","J'avoue :) Mais en même temps, je suis un adepte du DIY :="
1,1365667595172,"endou","nfroidure: (Y)"
1,1365667619230,"nfroidure",":)"
1,1365667761864,"nfroidure","J'ai lu un billet sur Rust et la gestion de la mémoire, ça a l'air de poutrer sévère."
1,1365667799541,"nfroidure","Le projet entre Moz et Samsung de refaire un browser avec Rust, c'est sérieux ou juste un lab ?"
2,1365670494573,"revolunet","revolunet join the chan."
1,1365670627133,"_kud","vous connaissiez ? https://friendco.de/"
32,1365671248757,"MoOx","MoOx leave the IRC (Ping timeout: 240 seconds)."
1,1365671824824,"endou","_kud: Yep, rapidement"
1,1365672041731,"nfroidure","vu une conf là dessus"
1,1365672056136,"nfroidure","j'ai essayé de tester, mais le pont GitHub est pas fonctionnel :("
32,1365672690108,"revolunet","revolunet leave the IRC (Quit: revolunet)."
2,1365673325082,"revolunet","revolunet join the chan."
32,1365673449410,"revolunet","revolunet leave the IRC (Client Quit)."
1,1365674406911,"Ang3","dart2js benchmark http://www.infoq.com/news/2013/04/dart2js-outperforms-js"
256,1365674808983,"Ang3","Ang3 changed his nick for angezanetti."
1,1365674970697,"endou","angezanetti: Excellent :)"
1,1365675066379,"angezanetti","ouais :)"
1,1365675088915,"angezanetti","je suis entrain de troller sur #webGL, sur les perf, l'optimisation du Js et des lang & frameworks"
1,1365679905280,"nfroidure","angezanetti, je me méfie tjrs des benchmarks, on leur fait dire ce qu'on veut"
1,1365679984139,"nfroidure","Maintenant, pour ceux qui veulent pas faire de Js, je suis d'accord Dart>Coffee"
2,1365681196526,"MoOx","MoOx join the chan."
1,1365681572528,"angezanetti","nfroidure: ben apparement c'ets pas forcement le cas pour du temps réel, webGL entre autres"
1,1365681788114,"nfroidure","Sur les perfs, je pense que l'un où l'autre ne peuvent qu'être équivalent."
1,1365681820973,"nfroidure","C'est plus sur l'approche que je pense Dart supérieur, quitte à inventer un nouveau langage, autant y aller franco."
1,1365681886528,"nfroidure","Par contre, j'attends vos réponses pour savoir ce qu'on fait la prochaine fois : https://groups.google.com/forum/?fromgroups=#!topic/nord-js/6tdETPj4QJA"
32,1365681984859,"showtim34","showtim34 leave the IRC (Read error: Connection reset by peer)."
2,1365682034048,"showtim34","showtim34 join the chan."
32,1365682446008,"showtim34","showtim34 leave the IRC (Ping timeout: 256 seconds)."
1,1365682842718,"HammHetfield","du coup on vote quand pour le logo ? </joke>"
1,1365682984163,"angezanetti","nfroidure: je pense que pour la prochaine fois il serait plus judicieux de tabler sur une prez de projets ou autre"
1,1365683009009,"angezanetti","le coding dojo c'est cool mais ça risque de faire peur à des gens qui se connaissent pas non ?"
1,1365683037266,"angezanetti","d'autant qu'il risque d'y avoir des nouveaux encore pendant 2/3 editions"
2,1365684509030,"showtim34","showtim34 join the chan."
32,1365685981983,"showtim34","showtim34 leave the IRC (Ping timeout: 256 seconds)."
1,1365686029168,"nfroidure","perso, j'ai pas de préférence"
1,1365686049701,"nfroidure","l'un ou l'autre me vont"
2,1365686361975,"showtim34","showtim34 join the chan."
2,1365689548964,"lionelB","lionelB join the chan."
32,1365689906787,"MoOx","MoOx leave the IRC (Remote host closed the connection)."
32,1365689916823,"lionelB","lionelB leave the IRC (*.net *.split)."
32,1365689917191,"Atu","Atu leave the IRC (*.net *.split)."
2,1365690043099,"lionelB","lionelB join the chan."
2,1365690043340,"Atu","Atu join the chan."
1,1365690203378,"_kud","oh putain NiKo`"
1,1365690204537,"_kud","respect"
1,1365690215919,"_kud","resig qui te dit qu'il surkiffe casperjs"
2,1365690270445,"neemzy","neemzy join the chan."
1,1365690273509,"neemzy","hiya"
1,1365690302654,"neemzy","_kud: belle initiative, ce shouldiusephotoshopforwebdesign.com"
1,1365690306047,"NiKo`","_kud: IL M'A MÊME SIT BONJOUR"
1,1365690310158,"NiKo`","DIT"
1,1365690312903,"_kud","haha tu trouves neemzy ?"
1,1365690315406,"_kud","Oui NiKo` ;)"
1,1365690322848,"neemzy","bah ouais"
1,1365690328613,"neemzy","><"
1,1365690335569,"_kud",":D"
1,1365690342212,"_kud","faut que je mette un \"like\""
1,1365690342542,"_kud",":)"
1,1365690397531,"lionelB","c'est de toi ce site, _kud ?"
1,1365690403367,"_kud","ouais"
1,1365690409641,"_kud","ras l'cul des psd"
1,1365690413643,"_kud","en fait j'm'en fous de photoshop"
1,1365690416671,"_kud","ce sont les psd qui me gonflent"
1,1365690432439,"_kud","https://twitter.com/_kud/status/322354704640253952"
1,1365690433767,"_kud","go"
1,1365690485871,"neemzy","RT'd"
1,1365690528787,"_kud","cheers"
1,1365690864426,"lionelB","autant je comprend la démarche dans cet article http://alistapart.com/article/responsive-comping-obtaining-signoff-with-mockups"
1,1365690907487,"lionelB","autant dire firework pas psd je comprends moins"
1,1365690928144,"_kud","hmmmm ?"
1,1365691766480,"neemzy","je crois qu'il voulait surtout dire, \"faites votre webdesign dans le navigateur, comme des vrais mecs\""
1,1365691815978,"neemzy","après tout le maquettage c'est une étape superflue, et qui risque de générer des choses qui seront difficilement (voir pas) reproductibles au moment de l'inté"
1,1365691854150,"neemzy","ça rend aussi plus difficile à mon sens le fait d'utiliser un framework comme bootstrap"
1,1365691871842,"neemzy","bref, pourquoi se faire chier, designer dans le navigateur c'est un gain de temps à tous les niveaux"
1,1365691880547,"neemzy","(arrêtez-moi si je dis une connerie)"
1,1365691890880,"lionelB","neemzy t'as lu l'article que je citais sur ala ?"
1,1365691907475,"neemzy","nan"
1,1365691911258,"neemzy","j'aurais peut-être dû"
1,1365691913191,"lionelB","je trouve l'approche vraiment interessante"
1,1365691915790,"lionelB","oui"
1,1365691915994,"neemzy","je corrige ça illico"
1,1365691917355,"lionelB",":D"
1,1365692000749,"lionelB","l'approche est globale, inclus le client... je serais curieux de savoir si c'est industrialisable"
1,1365692121235,"neemzy","lionelB: yep, ça rejoint ce que je disais, si ce n'est qu'il le dit beaucoup mieux"
1,1365692136681,"neemzy","mais du coup tu parlais de quoi à propos de fireworks ?"
1,1365692225977,"lionelB","je suis pas sur que le pb vienne plus de l'outils que du worklow de travail entre designer / integrateurs"
2,1365692289399,"MoOx","MoOx join the chan."
1,1365692570268,"_kud","https://github.com/kud/shouldiusephotoshopforwebdesign/wiki/FAQ"
1,1365692576173,"_kud","si vous avez des questions, je suis preneur"
1,1365692579665,"_kud","j'y répondrai volontiers"
1,1365692765624,"neemzy","lionelB: le truc c'est qu'effectivement, le graphiste et l'intégrateur sont souvent deux personnes différentes..."
1,1365692793454,"neemzy","l'un sur toshop, l'autre avec html/css mais sans les capacités créatives"
1,1365693029837,"lionelB","_kud je veux bien que tu m'expliques (calmement) pkoi tu doit travailler avec des psd et pas des images ?"
1,1365693041634,"_kud","Comment ca ?"
1,1365693050279,"_kud","Le workflow est le suivant"
1,1365693102523,"_kud","Nous avons un nouveau projet, il faut alors un design. On envoie notre demande à un designer freelance qui fait le design de la nouvelle fonctionnalité. Celui execute son talent et me renvoie un psd. Ce psd est majoritairement non rangé, et contient x effets qui ne passent pas sous fireworks"
1,1365693142185,"lionelB","donc c'est les livrables le pb ?"
1,1365693209518,"lionelB","pkoi pas demander les images pour l'intégration du site et le psd pour backup/retouche"
1,1365693425298,"lionelB","j'ai l'impression que le souci vient du fait que le travail du designer s'arrete à livrer un psd, je pense que vous auriez tout à y gagner de demander les images découpés (incluant surement un point avec toi pour finaliser la découpe)"
1,1365693673065,"_kud","oui exactement lionelB"
1,1365693676551,"_kud","en fait y'a deux debats"
1,1365693684169,"_kud","1/ photoshop n'est pas adapté au web, fireworks oui"
1,1365693715696,"_kud","donc préférer fw"
1,1365693718082,"_kud","en tant que designer"
1,1365693728846,"_kud","2/ le livrable .psd est fermé et horrible a utiliser dans d'autres clients"
1,1365693731686,"_kud","voila le souci"
1,1365693845899,"lionelB","fireworks... je l'utilise depuis l'époque macromédia, on pouvait y faire des gif animés \o/"
1,1365694077900,"_kud",":D"
2,1365694317883,"Amatewasu","Amatewasu join the chan."
32,1365694473286,"Amatewasu","Amatewasu leave the IRC (Remote host closed the connection)."
2,1365694492441,"Amatewasu","Amatewasu join the chan."
32,1365694581950,"Amatewasu","Amatewasu leave the IRC (Remote host closed the connection)."
2,1365694600697,"Amatewasu","Amatewasu join the chan."
1,1365695435178,"_kud","https://github.com/thinkpixellab/flatland"
32,1365695841167,"HammHetfield","HammHetfield leave the IRC (Quit: HammHetfield)."
32,1365696352063,"showtim34","showtim34 leave the IRC (Ping timeout: 256 seconds)."
1,1365696753779,"nfroidure","+1, je demandes des PNG pour travailler"
1,1365696775452,"nfroidure","Par contre, demander au designer de découper == mauvaise idée"
1,1365696801203,"nfroidure","Tu va avoir des trucs dans des proportions délirantes et tu va te retrouver à faire des redimensionnements etc.."
1,1365696804865,"nfroidure","*s"
1,1365696892058,"nfroidure","Mon process : je demande des exports PNG taille 100% des maquettes puis, je demande de retirer des éléments et refaire l'export pour les trucs que je peux pas extraire de la maquette"
1,1365696920576,"nfroidure","Ca se limite souvent au don du site en général."
1,1365696925831,"nfroidure","*fond"
1,1365696969206,"_kud","oui nfroidure"
32,1365697312809,"felixgilles","felixgilles leave the IRC (Quit: Konversation terminated!)."
1,1365697720811,"neemzy","bonne soirée à tous :)"
32,1365697723014,"neemzy","neemzy leave the IRC (undefined)."
2,1365698851631,"showtim34","showtim34 join the chan."
32,1365700437568,"showtim34","showtim34 leave the IRC (Remote host closed the connection)."
32,1365701243034,"Atu","Atu leave the IRC (Quit: [\"Textual IRC Client: www.textualapp.com\"])."
32,1365707874726,"MoOx","MoOx leave the IRC (Read error: Operation timed out)."
32,1365711396288,"Amatewasu","Amatewasu leave the IRC (Quit: bisous <3)."
