32,1369442209726,"rhannequin","rhannequin leave the IRC (Ping timeout: 246 seconds)."
32,1369444303456,"_kud","_kud leave the IRC (Quit: Leaving)."
2,1369463261298,"MoOx","MoOx join the chan."
32,1369463608275,"MoOx","MoOx leave the IRC (Remote host closed the connection)."
2,1369467130198,"rhannequin","rhannequin join the chan."
2,1369467967313,"fbentz","fbentz join the chan."
32,1369468081757,"fbentz","fbentz leave the IRC (Remote host closed the connection)."
32,1369468875653,"rhannequin","rhannequin leave the IRC (Remote host closed the connection)."
2,1369469851031,"showtim34","showtim34 join the chan."
1,1369471356322,"nfroidure","Des personnes intéressées pour aller au hackathon Mozilla avec moi ? http://www.eventbrite.com/event/6597550451"
1,1369471366862,"nfroidure","On peut faire un covoiturage depuis Lille par ex."
2,1369473321468,"Amatewasu","Amatewasu join the chan."
32,1369473785253,"Amatewasu","Amatewasu leave the IRC (Remote host closed the connection)."
2,1369477996142,"_kud","_kud join the chan."
528,1369478700951,"Marionnette","Twitter.com#francejs - @francejs: N'oubliez pas d'indiquer le tag \"francejs\" sur votre badge à la fin de l'inscription. ;) #community #francejs"
1,1369478738947,"_kud","nfroidure, il zappe quelques tweets ton bot"
32,1369480097073,"showtim34","showtim34 leave the IRC (Ping timeout: 256 seconds)."
2,1369480402291,"showtim34","showtim34 join the chan."
528,1369481501270,"Marionnette","Twitter.com#francejs - @ChristopheHoch: J'ai mon ticket pour la conférence @dotJSeu. Ce sera une première pour moi! #FranceJS"
32,1369482530129,"showtim34","showtim34 leave the IRC (Remote host closed the connection)."
32,1369485171131,"_kud","_kud leave the IRC (Quit: Leaving)."
32,1369486558649,"bigx","bigx leave the IRC (Remote host closed the connection)."
528,1369492401897,"Marionnette","Twitter.com#francejs - @nfroidure: Ticket pour @dotJSeu réservé. Reste à trouver le moyen de me libérer :). #francejs"
2,1369494139855,"Amatewasu","Amatewasu join the chan."
32,1369496169822,"Amatewasu","Amatewasu leave the IRC (Remote host closed the connection)."
2,1369497182312,"Amatewasu","Amatewasu join the chan."
2,1369498492975,"showtim34","showtim34 join the chan."
32,1369500719656,"showtim34","showtim34 leave the IRC (Quit: Quitte)."
2,1369511178244,"MoOx","MoOx join the chan."
32,1369511284926,"MoOx","MoOx leave the IRC (Remote host closed the connection)."
528,1369513043570,"Marionnette","Twitter.com#francejs - @iamtzi: I've got my ticket for the @dotJSeu conference ! #franceJS"
