32,1379368864136,"MoOx","MoOx leave the IRC (Ping timeout: 245 seconds)."
2,1379369307450,"Shahor","Shahor join the chan."
2,1379369906470,"revolunet","revolunet join the chan."
32,1379369965456,"Shahor","Shahor leave the IRC (Remote host closed the connection)."
32,1379375261620,"kud","kud leave the IRC (Read error: Connection reset by peer)."
2,1379377805481,"Shahor","Shahor join the chan."
32,1379378458076,"Shahor","Shahor leave the IRC (Remote host closed the connection)."
32,1379385598969,"revolunet","revolunet leave the IRC (Quit: revolunet)."
2,1379386119070,"Shahor","Shahor join the chan."
32,1379386777399,"Shahor","Shahor leave the IRC (Remote host closed the connection)."
32,1379392458120,"Munto","Munto leave the IRC (Quit: Let's make things Frugal!)."
32,1379394060546,"stephCoue","stephCoue leave the IRC (Remote host closed the connection)."
2,1379394104898,"MoOx","MoOx join the chan."
2,1379394234391,"Shahor","Shahor join the chan."
32,1379394893445,"Shahor","Shahor leave the IRC (Remote host closed the connection)."
2,1379399367923,"bobot1","bobot1 join the chan."
32,1379399559387,"bobot","bobot leave the IRC (Ping timeout: 264 seconds)."
2,1379399576641,"Mo_Ox","Mo_Ox join the chan."
32,1379399897651,"MoOx","MoOx leave the IRC (Ping timeout: 245 seconds)."
2,1379399920371,"HammHetfield","HammHetfield join the chan."
2,1379400049306,"Grirrle","Grirrle join the chan."
2,1379401182645,"Shahor","Shahor join the chan."
2,1379402488728,"brice","brice join the chan."
2,1379402539148,"revolunet","revolunet join the chan."
32,1379403349932,"Shahor","Shahor leave the IRC (Remote host closed the connection)."
2,1379403472626,"bigx","bigx join the chan."
2,1379403498693,"Shahor","Shahor join the chan."
2,1379403850075,"Nyalab","Nyalab join the chan."
2,1379404013692,"rhannequin","rhannequin join the chan."
32,1379404071357,"Shahor","Shahor leave the IRC (Remote host closed the connection)."
2,1379404276838,"DontShootMe","DontShootMe join the chan."
32,1379405499467,"Nyalab","Nyalab leave the IRC (Remote host closed the connection)."
2,1379406096293,"Shahor","Shahor join the chan."
2,1379406141317,"_mlb","_mlb join the chan."
2,1379406244272,"OwlyCode","OwlyCode join the chan."
2,1379406472033,"nfroidure_","nfroidure_ join the chan."
2,1379406473613,"Nyalab","Nyalab join the chan."
32,1379406523407,"nfroidure","nfroidure leave the IRC (Ping timeout: 260 seconds)."
2,1379406910511,"lionelB","lionelB join the chan."
32,1379408531372,"bobot1","bobot1 leave the IRC (Remote host closed the connection)."
2,1379408538315,"bobot","bobot join the chan."
32,1379408893139,"Shahor","Shahor leave the IRC (Remote host closed the connection)."
2,1379408981704,"Shahor","Shahor join the chan."
32,1379413545884,"rhannequin","rhannequin leave the IRC (Ping timeout: 240 seconds)."
32,1379413577147,"_mlb","_mlb leave the IRC (Remote host closed the connection)."
4,1379414660312,"lionelB","lionelB leave the chan."
2,1379415407606,"_mlb","_mlb join the chan."
2,1379415886623,"_mlb_","_mlb_ join the chan."
32,1379415897593,"_mlb","_mlb leave the IRC (Ping timeout: 245 seconds)."
32,1379416096643,"Shahor","Shahor leave the IRC (Remote host closed the connection)."
32,1379416552105,"Nyalab","Nyalab leave the IRC (Remote host closed the connection)."
2,1379416754297,"Shahor","Shahor join the chan."
2,1379418303048,"rhannequin","rhannequin join the chan."
2,1379419980332,"revolunet_","revolunet_ join the chan."
32,1379420151698,"revolunet","revolunet leave the IRC (Ping timeout: 268 seconds)."
256,1379420152026,"revolunet_","revolunet_ changed his nick for revolunet."
2,1379420180447,"cbonnissent","cbonnissent join the chan."
2,1379420288799,"lionelB","lionelB join the chan."
2,1379420336829,"Nyalab","Nyalab join the chan."
256,1379423271855,"Mo_Ox","Mo_Ox changed his nick for MoOx."
32,1379427411565,"Nyalab","Nyalab leave the IRC (Remote host closed the connection)."
1,1379428094444,"_mlb_","Si l'array subClass intéresse quelqu'un : http://cl.ly/RQfO"
32,1379428958081,"bobot","bobot leave the IRC (Ping timeout: 268 seconds)."
32,1379429008599,"madx`","madx` leave the IRC (Ping timeout: 260 seconds)."
2,1379429060538,"rhannequin_","rhannequin_ join the chan."
32,1379429094443,"rhannequin","rhannequin leave the IRC (Ping timeout: 248 seconds)."
2,1379429235783,"madx`","madx` join the chan."
2,1379429708193,"Nyalab","Nyalab join the chan."
2,1379429732159,"bobot","bobot join the chan."
32,1379431775259,"revolunet","revolunet leave the IRC (Quit: revolunet)."
4,1379432313444,"lionelB","lionelB leave the chan."
2,1379432804892,"Amatewasu","Amatewasu join the chan."
32,1379433881464,"cbonnissent","cbonnissent leave the IRC (Quit: Quitte)."
32,1379434106566,"OwlyCode","OwlyCode leave the IRC (Quit: Quitte)."
32,1379434336674,"HammHetfield","HammHetfield leave the IRC (Quit: HammHetfield)."
2,1379434479245,"revolunet","revolunet join the chan."
32,1379434631700,"Grirrle","Grirrle leave the IRC (Quit: Leaving.)."
32,1379435471442,"_mlb_","_mlb_ leave the IRC (Remote host closed the connection)."
32,1379435505111,"brice","brice leave the IRC (Quit: Quitte)."
32,1379436139285,"revolunet","revolunet leave the IRC (Quit: revolunet)."
32,1379436623969,"Shahor","Shahor leave the IRC (Ping timeout: 246 seconds)."
32,1379436794319,"Nyalab","Nyalab leave the IRC (Remote host closed the connection)."
2,1379437818748,"rhannequin","rhannequin join the chan."
32,1379437899867,"rhannequin_","rhannequin_ leave the IRC (Ping timeout: 264 seconds)."
2,1379438064447,"kud","kud join the chan."
32,1379438151863,"_kud","_kud leave the IRC (Ping timeout: 264 seconds)."
2,1379438271645,"rhannequin_","rhannequin_ join the chan."
32,1379438275012,"kud","kud leave the IRC (Remote host closed the connection)."
2,1379438309341,"_kud","_kud join the chan."
32,1379438332463,"rhannequin","rhannequin leave the IRC (Ping timeout: 260 seconds)."
32,1379438449600,"_kud","_kud leave the IRC (Read error: Connection reset by peer)."
2,1379438480400,"_kud","_kud join the chan."
32,1379438524331,"MoOx","MoOx leave the IRC (Remote host closed the connection)."
32,1379438823838,"Amatewasu","Amatewasu leave the IRC (Remote host closed the connection)."
2,1379439857545,"MoOx","MoOx join the chan."
32,1379439934795,"MoOx","MoOx leave the IRC (Remote host closed the connection)."
32,1379440324099,"rhannequin_","rhannequin_ leave the IRC (Remote host closed the connection)."
2,1379442530225,"Munto","Munto join the chan."
2,1379446350948,"MoOx","MoOx join the chan."
32,1379446646016,"MoOx","MoOx leave the IRC (Ping timeout: 276 seconds)."
32,1379446680430,"DontShootMe","DontShootMe leave the IRC (Remote host closed the connection)."
32,1379446845011,"_kud","_kud leave the IRC (Remote host closed the connection)."
2,1379452137388,"_kud","_kud join the chan."
