32,1372026468478,"euskadi31","euskadi31 leave the IRC (Quit: WeeChat 0.4.0)."
32,1372027450319,"rhannequin","rhannequin leave the IRC (Remote host closed the connection)."
2,1372028022199,"euskadi31","euskadi31 join the chan."
2,1372028809486,"euskadi31_","euskadi31_ join the chan."
32,1372028829510,"euskadi31_","euskadi31_ leave the IRC (Client Quit)."
2,1372028852734,"euskadi31_","euskadi31_ join the chan."
32,1372028947226,"euskadi31","euskadi31 leave the IRC (Ping timeout: 255 seconds)."
2,1372029431421,"euskadi313","euskadi313 join the chan."
32,1372029483058,"euskadi31_","euskadi31_ leave the IRC (Read error: Operation timed out)."
32,1372029863846,"lbdremy","lbdremy leave the IRC (Ping timeout: 276 seconds)."
32,1372029883416,"Amatewasu","Amatewasu leave the IRC (Remote host closed the connection)."
2,1372050533577,"MoOx","MoOx join the chan."
2,1372054560151,"rhannequin","rhannequin join the chan."
2,1372054938803,"felixgilles","felixgilles join the chan."
32,1372056703013,"MoOx","MoOx leave the IRC (Remote host closed the connection)."
2,1372056705917,"Shahor","Shahor join the chan."
1,1372057037582,"angezanetti","o/"
32,1372057725771,"Shahor","Shahor leave the IRC (Remote host closed the connection)."
2,1372058351980,"Nyalab","Nyalab join the chan."
2,1372059239638,"HammHetfield","HammHetfield join the chan."
2,1372059351982,"bobot","bobot join the chan."
32,1372059545369,"rhannequin","rhannequin leave the IRC (Ping timeout: 256 seconds)."
1,1372059886685,"urcadox","\o"
1,1372060110698,"nfroidure","lo"
1,1372060141445,"nfroidure","(c'est la version égyptienne)"
1,1372060322638,"nfroidure","Y en a-t-il parmi vous qui utilisent ModernizR et qui en sont contents ?"
2,1372060330341,"Grirrle","Grirrle join the chan."
2,1372060334985,"_kud","_kud join the chan."
1,1372060340848,"Grirrle","salut"
32,1372060354500,"bobot","bobot leave the IRC (Remote host closed the connection)."
2,1372060560667,"bobot","bobot join the chan."
2,1372061059964,"rhannequin","rhannequin join the chan."
2,1372061200253,"MoOx","MoOx join the chan."
2,1372061223852,"cbonnissent","cbonnissent join the chan."
1,1372061384207,"urcadox","nfroidure: yep, ça marche bien :)"
1,1372061400366,"urcadox","pour le peu que je m'en suis servi en tout cas"
2,1372061458957,"kewah","kewah join the chan."
1,1372061710134,"nfroidure","j'ai un peu peur de l'overhead du bouzin :/"
1,1372061746436,"urcadox","ah bah faut faire une version custom déjà"
1,1372061763096,"urcadox","après je m'en suis servi pour Modernizr.touch pour sûr et 2-3 autres trucs"
1,1372061769559,"urcadox","donc c'est pas énorme non plus"
32,1372062115453,"cbonnissent","cbonnissent leave the IRC (Quit: Quitte)."
32,1372062121039,"rhannequin","rhannequin leave the IRC (Read error: Connection reset by peer)."
2,1372062419736,"Shahor","Shahor join the chan."
2,1372063095800,"rhannequin","rhannequin join the chan."
1,1372063727253,"NiKo`","_kud: zombie utilise jsdom qui est une émulation de DOM, casper utilise un véritable navigateur (webkit)"
1,1372063754193,"_kud","donc zombie c'est d'la merde"
1,1372063754768,"_kud","opk"
1,1372063756800,"_kud","ok*"
1,1372063774839,"nfroidure","pas forcément, ça dépend de ton besoin. Mais jsdom est pas très au point paraît-il"
1,1372063785129,"NiKo`","disons que ça va assez rarement reproduire le comportement exact d'un vrai navigateur"
1,1372063789341,"_kud","moi j'veux casperjs everywhere"
1,1372063791909,"NiKo`","et tu pourras pas faire de screenshots"
1,1372063795056,"_kud","en definissant juste le moteur"
1,1372063806466,"_kud","webkit, rhino, etc"
1,1372063826603,"NiKo`","ben laurentj bosse sur casperjs --engine=slimerjs à plein temps depuis un mois"
1,1372063831902,"_kud",":)"
1,1372063832234,"NiKo`","ça devrait arriver pour la rentrée"
1,1372063845617,"_kud","yippee"
1,1372063854563,"_kud","ce serait le pied"
1,1372063858719,"NiKo`","yep"
1,1372063886651,"NiKo`","j'aimerais bien aussi que phantomjs 2 se pointe pour qu'on ait un webkit à jour et un V8"
1,1372063894153,"_kud","oui"
2,1372063913908,"peutetre","peutetre join the chan."
1,1372063935090,"nfroidure","pour info : http://demojs.org/"
1,1372064075279,"_kud","\o/"
1,1372064169753,"_kud","nfroidure: faut qu'on relance la machine francejs"
1,1372064211296,"nfroidure","Pour moi elle est en marche ;)."
1,1372064222696,"_kud","Ouais enfin"
1,1372064227729,"_kud","on a un site a faire"
1,1372064228447,"_kud",":)"
1,1372064250401,"nfroidure","J'avoue :{)"
2,1372064303102,"Tobu","Tobu join the chan."
1,1372064314350,"nfroidure","En fait, on a le même problème que pour nos propres sites. Chosiir la techno."
1,1372064349591,"nfroidure","Faut que le site en mette plein la vue, que ça soit une vitrinne du savoir faire JS français"
1,1372064350221,"_kud","Je propose happy plan de facon totalement intéressée"
1,1372064366551,"_kud","mais sinon on peut rester sur du jekyll bateau via github compilation"
2,1372064381274,"_mlb","_mlb join the chan."
1,1372064405661,"nfroidure","Je peux proposer une petite place sur mon Kimsufi Node pour faire un backend JS"
2,1372064439851,"vvo","vvo join the chan."
1,1372064714583,"_kud","http://fastjs.net/ vous connaissez ? c'est un troll ou bien ?"
1,1372064809361,"nfroidure","Pas un jour ne se passe sans qu'un nouveau Framework voie le jour..."
1,1372064814955,"_kud",":)"
32,1372064844448,"Shahor","Shahor leave the IRC (Remote host closed the connection)."
32,1372064851787,"rhannequin","rhannequin leave the IRC (Ping timeout: 246 seconds)."
32,1372064863039,"peutetre","peutetre leave the IRC (Quit: peutetre)."
2,1372065088205,"rhannequin","rhannequin join the chan."
1,1372065402695,"_mlb","ouais enfin mate la syntaxe de FastJS"
1,1372065474344,"nfroidure","J'ai cherché à voir les source, mais le bouton vers le repo doit être bien caché."
1,1372065478172,"nfroidure","*s"
1,1372065508976,"_mlb","haut à droite"
1,1372065566780,"NiKo`","yo les experts backbone"
1,1372065587067,"NiKo`","c'est possible de hooker un set() pour altérer la valeur settée ?"
2,1372065592851,"stephCoue","stephCoue join the chan."
1,1372065651442,"NiKo`","genre je voudrais model.set({html: '<div>foo</div>'}) => \"foo\" setté dans l'attribut \"html\""
1,1372065657737,"NiKo`","_kud: ^"
1,1372065666226,"_kud","oui c'est possible"
1,1372065667470,"_kud",":)"
1,1372065670858,"_kud","attention par contre"
1,1372065674605,"_kud","si tu fais ca"
1,1372065686347,"_kud","et devant tu fais un this.bind('change', this.model);"
1,1372065693997,"_kud","ca lancera l'event"
1,1372065695487,"_kud","forcément :)"
1,1372065705860,"_mlb","fais toi un setEscape"
1,1372065714906,"_mlb","histoire de pas niquer le vendor"
1,1372065744897,"NiKo`","arf, donc y'a rien en natif pour hooker, genre on(\"set\", name, value)? :("
1,1372065758106,"_kud","?"
1,1372065765228,"_kud","béh model.set()"
1,1372065769077,"_kud","c'est natif en backbone... ?"
1,1372065812791,"NiKo`","donc je fais set({html: \"<div>foo</div>\"}), comment je fais en sorte que l'attribut ait une valeur traitée ? (où fais-je le traitement en question)"
1,1372065840761,"_kud","J'ai du mal à comprendre ta question. Qu'entends-tu par l'attribut a une valeur traitée"
1,1372065853864,"_kud","quel traitement tu veux faire"
1,1372065856300,"NiKo`","la valeur stockée dans attributes pour le champ en question"
1,1372065862158,"_kud","si tu fais"
1,1372065875868,"NiKo`","en l'occurence je veux sanitizer le html"
1,1372065876299,"_kud","var model = Backbone.Model.extend();"
1,1372065884886,"_kud","model.set('hey','hello');"
1,1372065894762,"_kud","tu auras bien alors un attribut hey avec hello dedans"
1,1372065898312,"_kud","tu veux traiter quoi dedans ?"
1,1372065901971,"NiKo`","je sais bien"
1,1372065907367,"NiKo`","je veux"
1,1372065907754,"_kud","rien ne t'empeche de faire une methode par la suite"
1,1372065910808,"_kud","qui traite la donnée"
1,1372065926299,"NiKo`","model = new MyModel()"
1,1372065929169,"_kud","style getCleanedString: function() { this.model.get('hey'); blabla }"
1,1372065943196,"_kud","this.get"
1,1372065944120,"_kud","pardon"
1,1372065944385,"NiKo`","model.set({html: \"a\"})"
1,1372065945930,"_kud","pas de model"
1,1372065957012,"_kud","oui ?"
1,1372065960086,"NiKo`","model.get(\"html\") // => \"a!!\""
1,1372065979953,"_kud","et bien ?"
1,1372065981531,"NiKo`","pouvoir altérer la valeur passée à set()"
1,1372065984248,"_kud","jusque la, ca marche"
1,1372065989981,"NiKo`","non"
1,1372066006892,"NiKo`","dans le code d'exemple, les deux points d'exclamation n'ont pas été ajoutés"
1,1372066007531,"_kud","MyModel, c'est bien un model etendu de backbone, right?"
1,1372066011751,"NiKo`","je cherche l'endroit pour faire ça :)"
1,1372066014995,"_kud","haaaa"
1,1372066017901,"_kud","je vois ce que tu veux dire"
1,1372066019440,"NiKo`","osef, c'est un exemple"
1,1372066024512,"NiKo`","ouf !"
1,1372066029323,"_mlb","https://gist.github.com/mlbli/1209196057262dcc6d3f"
1,1372066030004,"_kud","tu veux rajouter \"!!\" a \"a\""
1,1372066034780,"NiKo`","oui"
1,1372066047737,"_kud","j'irais pas aussi loin _mlb"
1,1372066063946,"NiKo`","donc il faut overrider set localement ?! ;("
1,1372066076135,"NiKo`","je pensais vraiment qu'ils avaient prévu un truc natif pour ça"
1,1372066083962,"_mlb","ben tu peux aussi le faire dans ton Backbone.Model.extend"
2,1372066086853,"Shahor","Shahor join the chan."
1,1372066091846,"_kud","oui je prefere perso"
1,1372066096433,"NiKo`","ça mériterait presque une PR que Jeremy pourra WONTFIX"
1,1372066096474,"_kud","tu crées un model specifique"
1,1372066099839,"_kud","et tu overrides le \"set\""
1,1372066105537,"_kud","Haha NiKo`"
1,1372066113289,"_mlb","l'overide j'aime pas trop"
1,1372066118353,"_kud","pourquoi"
1,1372066120160,"NiKo`","moi non plus"
1,1372066122105,"_kud","tu overrides qu'un model"
1,1372066128365,"_kud","pas la totalité de backbone"
1,1372066134337,"_mlb","même"
1,1372066135320,"NiKo`","j'aime bien utiliser des trucs natifs, si possible un event"
1,1372066154215,"_mlb","tu peux avoir besoin dans ce model de ne pas strip l'HTML"
1,1372066155664,"NiKo`","j'aimerais bien un event \"set\" comme imaginé plus haut"
1,1372066160936,"_kud","béh dans ce cas, tu peux tres bien faire une methode setStripedHTML"
1,1372066162465,"_kud","dans ton model"
1,1372066166746,"_kud","sans passer par tout backbone"
1,1372066172254,"_kud","toi tu prototypes direct..."
1,1372066172508,"_mlb","sinon tu te fais juste un helper stripHTML et tu le fais toi même au set"
1,1372066175901,"NiKo`","ouais mais en constructeur ça donnerait quoi ?"
1,1372066187686,"NiKo`","new Model({html: \"<div>foo</div>\"})"
1,1372066199121,"NiKo`","donc non pour le setter custom, je préfère encore l'override"
1,1372066210137,"_kud","je passe quasiment jamais d'info direct dans mon instanciation d'objet"
1,1372066210956,"NiKo`","qui j'imagine sera appelé par le constructeur"
1,1372066231266,"_kud","là, je pense que tu es obligé d'overrider le constructeur"
1,1372066233391,"_kud","du model"
1,1372066244260,"NiKo`","_kud: moi j'aime bien new SubView({model: new MyModel({foo: \"bar\"})})"
1,1372066255442,"NiKo`","c'est nul"
1,1372066264113,"NiKo`","m'enfin bon, c'est donc la moins pire des solutions"
1,1372066283252,"_kud","je fais la moitié de ce que tu fais"
1,1372066306305,"NiKo`","_kud: genre ?"
1,1372066320453,"_kud","je crée bien une vue avec un model"
1,1372066330570,"_kud","mais le model, je mets pas a la bourrin direct les attributs comme ca"
1,1372066339404,"_kud","mais bon, ca permet de faire qu'une ligne"
1,1372066618497,"loicfrering","NiKo`: et quelque chose comme this.on('change:html', this.sanitize, this) ? (tu peux écouter le change sur un attribut particulier, en l'occurence 'html')"
1,1372066637935,"NiKo`","loicfrering: oh"
1,1372066648842,"NiKo`","j'avais pas pensé à ça, merci"
1,1372066657959,"loicfrering","pas de prob :)"
1,1372066670929,"NiKo`","c'est génial :)"
1,1372066784354,"NiKo`","loicfrering: par contre une idée comment mettre à jour l'attribut depuis le callback ? :x"
1,1372066804659,"NiKo`","si je refais un set() dedans -> boucle infinie"
1,1372066818581,"NiKo`","ou alors je change l'attribut direct, mais ça semble super crade"
1,1372066880502,"nfroidure","Ca m'étonnerait qu'il y ait pas un moyen de changer la valeur dans l'objet event et que celle-ci soit utilisée"
1,1372066882295,"loicfrering","sinon un set('html', ...., {slient: true})"
1,1372066894311,"loicfrering","s/slient/silent"
1,1372066917901,"NiKo`","bien, silent… j'achète !"
1,1372066919899,"NiKo`","merci"
1,1372066932175,"NiKo`","c'est beau™"
1,1372066988262,"loicfrering","content d'avoir pu aider :)"
1,1372067016585,"_kud","héhé"
1,1372067020745,"_kud","loicfrering: t'es à Paris ?"
1,1372067043769,"loicfrering","_kud: nop à Lyon"
1,1372067047112,"_kud","Oki"
1,1372067061115,"_kud","Je cherche du monde pour faire un premier meetup backbone"
1,1372067062442,"nfroidure","Ça m'a l'air bien sympa backbone."
1,1372067068202,"_kud","Pourquoi backbone au fait NiKo` ?"
1,1372067094083,"loicfrering","_kud: ok, j'ai donné un talk Backbone, Ember, Angular au Paris JUG il y a 2 semaines"
1,1372067099458,"_kud","ha :)"
1,1372067108437,"loicfrering","que j'ai donné au Lyon JS également"
1,1372067109233,"NiKo`","_kud: choix cornélien pour mon projet moz"
1,1372067117893,"_kud","et grossirement loicfrering, tu preconises lequel"
1,1372067122511,"_kud","ouias NiKo`"
1,1372067130835,"_kud","pas mal de gens me disent que ca devient has been"
1,1372067132904,"NiKo`","mais l'approche granulaire l'a emporté sur toute autre considération"
1,1372067136356,"NiKo`","choix d'équipe"
1,1372067138990,"_kud","n'empeche que c'est le seul le plus flexible"
1,1372067140266,"loicfrering","_kud: hé hé c'est très contextuel comme choix ;)"
1,1372067143235,"_kud","oui loicfrering"
1,1372067148732,"nfroidure","_kud, play.tv c'est du backbone, c'est ça ?"
1,1372067152661,"_kud","m.playtv.fr"
1,1372067153365,"_kud","oui"
1,1372067164024,"_kud","la je suis en train de voir si le desktop a un intéret avec backbone"
1,1372067166158,"_kud","je crois que oui"
1,1372067188509,"nfroidure","A la limite, c'est peut-être mieux en desktop qu'en mobile."
1,1372067189470,"_kud","je suis en train d'applicationner un site web en fait :D"
1,1372067205971,"_kud","je ne fais que fetcher les tpl via ajax certes"
1,1372067210807,"_kud","mais je definis dans mes models"
1,1372067214515,"nfroidure","J'ai essayé d'utiliser ton app, mais sur S3 avec un wifi 512k, ça rame :(."
1,1372067215034,"_kud","un attribut \"html\""
1,1372067312695,"_kud","nfroidure"
1,1372067319446,"_kud","jai vu que pour mon orga perso"
1,1372067323959,"_kud","on utilisait les github issues"
1,1372067334407,"_kud","en tant que forum / discussions"
1,1372067338410,"_kud","et je trouve ca vraiment tres bien"
1,1372067353574,"_kud","je propose de virer google groups et de créer un repo \"discussions\" ou qqchose comme ca"
1,1372067356536,"_kud","sur github"
1,1372067445913,"nfroidure","lance un sujet sur Google Group pour demander les avis."
1,1372067474060,"_kud","ouais"
1,1372067495594,"NiKo`","hmph on peut pas enregistrer un listener \"change\" depuis l'initialize d'un model"
1,1372067501691,"_kud","loicfrering: on peut faire 'click el': 'maMethode\" ?"
1,1372067616131,"loicfrering","NiKo`: il me semble que si"
1,1372067627490,"NiKo`","loicfrering: j'te jure que non ;("
1,1372067649114,"NiKo`","un this.on(\"change:foo\") enregistré dans l'initialize est pas déclenché"
1,1372067659084,"loicfrering","NiKo`: https://github.com/loicfrering/backbone.datagrid/blob/master/src/models/pager.js#L3"
1,1372067668042,"NiKo`","je vais réduire le case pour investiguer, mais ça sent pas bon"
1,1372067683284,"NiKo`","arf"
1,1372067701576,"loicfrering","sinon fait passer un gist"
1,1372067750300,"NiKo`","hmm je me demande si c'est pas quand on passe les attributs au constructeur justement"
1,1372067762756,"loicfrering","_kud: dans les events tu veux dire ?"
1,1372067765589,"_kud","oui"
1,1372067780986,"_kud","je vais voir si je code réellement comme ca"
1,1372067781521,"_kud","mais"
1,1372067783959,"_kud","el: '.js-switcher',"
1,1372067784029,"_kud","    events: {"
1,1372067784962,"_kud","      'click el': 'switch'"
1,1372067786992,"_kud","    },"
1,1372067788959,"_kud","j'aimerais voir si je peux faire ca"
1,1372067818967,"loicfrering","ça va le faire, il faut juste un sélecteur à la place d'`el` dans ta chaîne"
1,1372067850105,"loicfrering","et c'est un sélecteur relatif à this.el dans ta vue"
1,1372067859837,"_kud","oui"
1,1372067946867,"_kud","http://facebook.github.io/react/"
1,1372068015084,"_kud","je me demande si react conviendrait pas mieux à mon process"
1,1372068031926,"NiKo`","loicfrering: https://gist.github.com/n1k0/5848989"
1,1372068053808,"NiKo`","juste avec les devtools"
1,1372068100206,"NiKo`","hmm je suis en 1.0.0"
1,1372068114893,"NiKo`","ah ben oui c'est la dernière version"
1,1372068117309,"_kud",":D"
1,1372068121507,"_kud","de toute facon"
1,1372068124980,"_kud","bower install backbone"
1,1372068125399,"_kud",":D"
1,1372068149215,"NiKo`","il est censé marcher mon gist non ?"
1,1372068156796,"NiKo`","ou j'ai raté un truc"
1,1372068164836,"_kud","non y'a la date devant"
1,1372068167917,"_kud","(trolling)"
1,1372068183021,"loicfrering","NiKo`: j'ai l'impression qu'il fonctionne, il te log bien [object Object] non ?"
1,1372068196592,"NiKo`","loicfrering: non ça c'est la valeur de m :)"
1,1372068209563,"NiKo`","j'ai essayé avec alert, ça marche pas non plus"
1,1372068239010,"_kud","en même tmeps"
1,1372068242590,"_kud","foo a pas changé la"
1,1372068243892,"_kud","si ?"
1,1372068246781,"_kud","j'veux dire"
1,1372068251203,"_kud","tu le fais au init, tu le changes pas apres"
1,1372068263700,"_kud","essaye d ele changer juste apres ? en faisant Model.set('foo', 'hello'); ?"
1,1372068282679,"NiKo`","_kud: oui c'est bien mon pb je crois ;("
1,1372068290403,"_kud","Je sais pas si modifier l'attribut d'un modèle est considéré comme \"changeant\" (et donc lancant un event)"
1,1372068297013,"_kud","quand tu le mets dans le init"
1,1372068305845,"NiKo`","ça craint"
1,1372068313621,"_kud","ca me parait assez logique quelque part"
1,1372068316411,"NiKo`","enfin, vis à vis de mon pb initial"
1,1372068321138,"_kud","ha"
1,1372068321691,"_kud","oui"
1,1372068322117,"NiKo`","oui"
1,1372068329112,"NiKo`","sauf que je sais pas trop quoi faire"
1,1372068341654,"NiKo`","je veux filtrer les attributs passés au constructeur"
1,1372068351880,"NiKo`","je peux éventuellement le faire dans l'initialize, mébon™"
1,1372068410210,"_kud","je vois pas où est le souci"
1,1372068415046,"_kud","tu overrides init"
1,1372068418215,"_kud","c'est fait pour ca, backbone"
1,1372068421329,"_kud","et les models backbone"
1,1372068425532,"_kud","enfin tout extend backbone en fait"
1,1372068434786,"_kud","modelA diffère de modelB"
1,1372068484924,"loicfrering","pardon j'ai été interrompu"
1,1372068705539,"urcadox","Pour les devs PHP :D : http://geal.github.io/pod/"
1,1372068777555,"loicfrering","NiKo`: alors oui en effet le premier coup (fonction constructeur), le change n'est pas levé car il n'y a pas de previous attributes :/"
1,1372068793107,"NiKo`","loicfrering: ni un override de set() btw"
1,1372068796141,"NiKo`","c'est la dèche"
1,1372068806929,"NiKo`","j'en suis à définir constructor :x"
1,1372068809345,"loicfrering","et sur le validate ?"
1,1372068835248,"NiKo`","loicfrering: c'était ma première option, mais ça semble vraiment hacker le bouzin vu que c'est pas fait pour ça"
1,1372068895746,"loicfrering","NiKo`: oui surtout que son fonctionnement a changé sur la dernière version"
1,1372068997597,"loicfrering","du coup le plus simple ce serait peut-être de garder le on('change:html'... et d'appeler le this.sanitize manuellement dans ton initialize ?"
1,1372069052497,"NiKo`","loicfrering: finalement je vais setter de l'explicite"
1,1372069069403,"NiKo`","genre new Model({html: sanitize(raw)})"
1,1372069085578,"NiKo`","je voulais vraiment gérer ça dans le modèle mébon"
1,1372069091796,"NiKo`","pas trop le temps de hacker"
1,1372069124120,"NiKo`","en django y'a une méthode clean de modèle qui est bien pratique pour ça"
1,1372069136168,"NiKo`","si j'avais du temps à perdre, je ferais bien une PR sur backbone"
1,1372069144912,"loicfrering","NiKo`: hé hé ça marche !"
1,1372069153864,"loicfrering","c'est vrai que la problématique est intéressante"
1,1372069178897,"NiKo`","yep"
32,1372069606265,"rhannequin","rhannequin leave the IRC (Ping timeout: 276 seconds)."
1,1372069735977,"_kud","bon loicfrering, j'arrive pas à binder un event sur l'el en cours"
2,1372069849469,"rhannequin","rhannequin join the chan."
2,1372070037393,"rhannequin_","rhannequin_ join the chan."
32,1372070081448,"rhannequin_","rhannequin_ leave the IRC (Remote host closed the connection)."
32,1372070150694,"rhannequin","rhannequin leave the IRC (Ping timeout: 255 seconds)."
32,1372070749082,"Shahor","Shahor leave the IRC (Remote host closed the connection)."
2,1372071734782,"Shahor","Shahor join the chan."
32,1372071880872,"kewah","kewah leave the IRC (Quit: kewah)."
2,1372074192586,"kewah","kewah join the chan."
32,1372076198937,"vvo","vvo leave the IRC (Ping timeout: 268 seconds)."
32,1372076219815,"kewah","kewah leave the IRC (Quit: kewah)."
2,1372076388719,"vvo","vvo join the chan."
1,1372076581430,"loicfrering","_kud: ha mais du coup t'es dans un browser ou une web view, j'ai pas bien compris ?"
2,1372076626653,"kewah","kewah join the chan."
2,1372076649295,"vvo1","vvo1 join the chan."
32,1372076649335,"vvo","vvo leave the IRC (Disconnected by services)."
2,1372076665260,"vvo","vvo join the chan."
2,1372076723286,"_mlb_","_mlb_ join the chan."
32,1372076723350,"_mlb","_mlb leave the IRC (Read error: Connection reset by peer)."
32,1372076906309,"vvo1","vvo1 leave the IRC (Ping timeout: 246 seconds)."
32,1372077166600,"kewah","kewah leave the IRC (Quit: kewah)."
1,1372078519024,"_kud","Comment ca loicfrering ?"
2,1372078664332,"Atu","Atu join the chan."
2,1372078782803,"HammHetfield_","HammHetfield_ join the chan."
32,1372078817317,"HammHetfield","HammHetfield leave the IRC (Ping timeout: 246 seconds)."
256,1372078818050,"HammHetfield_","HammHetfield_ changed his nick for HammHetfield."
32,1372078971328,"vvo","vvo leave the IRC (Ping timeout: 240 seconds)."
1,1372079132690,"loicfrering","_kud: tout à l'heure tu disais \"je suis en train de voir si le desktop a un intéret avec backbone\" mais ça n'avait peut-être rien à voir :)"
1,1372079141994,"_kud","hmmm"
1,1372079144137,"_kud","je sais pas"
1,1372079146974,"_kud","j'ai tout mélangé là :D"
1,1372079147942,"_kud","bref"
1,1372079156161,"_kud","tout ca pour dire que même sur du desktop, backbone peut avoir son utilité"
1,1372079195468,"loicfrering","tu veux dire dans des applications lourdes embarquant des web views ? Ou rien à voir ?"
1,1372079217087,"_kud","euh"
1,1372079263796,"_kud","Je veux dire que backbone va me permettre de rafraichir tres facilement mon desktop"
1,1372079269895,"_kud","alors qu'il est tout codé en php / smarty"
1,1372079280665,"_kud","j'vais mettre un attribut \"html\" dans mon model backbone"
1,1372079285823,"_kud","j'vais fetcher sur une fausse api"
1,1372079289011,"loicfrering","ah ok, pardon j'avais mal compris"
1,1372079292615,"_kud","qui va me donner mon html"
1,1372079300998,"_kud","et je ferai une view qui catchera le html via ajax"
1,1372079304049,"_kud","et la render sur le site"
1,1372079304510,"_kud",":)"
1,1372079308433,"loicfrering","dac"
32,1372079351340,"Tobu","Tobu leave the IRC (Ping timeout: 256 seconds)."
1,1372079372538,"loicfrering","et du coup le binding via events ne fonctionne pas ?"
2,1372079374759,"vvo","vvo join the chan."
1,1372079390191,"_kud","euh si si"
1,1372079398861,"_kud","je regardais juste comment on bind"
1,1372079400535,"_kud","un \"el\""
1,1372079405669,"_kud","car j'ai tjs bindé ses enfants"
1,1372079413558,"_kud","apparemment tu as juste a faire \"click\": \"show\""
1,1372079417295,"_kud","sans préciser de selecteur"
1,1372079417703,"loicfrering","donc l'élément racine ?"
1,1372079420617,"_kud","ca tape direct sur le el"
1,1372079421473,"loicfrering","oui c'est ça"
1,1372079422068,"_kud","oui c'est a"
1,1372079423799,"_kud","okay"
1,1372079428610,"loicfrering","sans sélecteur ça tape l'el"
1,1372079875238,"urcadox","ah ouais, bon à savoir ça :)"
1,1372080047384,"_kud","Bah ouais urcadox"
1,1372080052894,"_kud","je m'en suis jamais servi en mobile"
1,1372080057084,"_kud","mais en desktop ca peut avoir son utilité"
1,1372080069204,"_kud","Tu es tjs sur backbone urcadox ?"
1,1372080085357,"urcadox","Je m'en sers pas en ce moment là"
1,1372080114393,"urcadox","j'aurais probablement dû d'ailleurs sur l'appli que je dev là"
1,1372080120045,"_kud","parce que ?"
1,1372080121704,"urcadox","je pensais pas que ce serait aussi violent client-side"
1,1372080124946,"_kud","et pourquoi plutôt backbone que le reste ?"
1,1372080172123,"urcadox","c'est le plus clean amha, on se se retrouve pas avec de la logique dans le html"
1,1372080176798,"urcadox","-se*"
1,1372080214483,"_kud","<3"
2,1372080479422,"Amatewasu","Amatewasu join the chan."
2,1372081256411,"Tobu","Tobu join the chan."
2,1372084379747,"bricef","bricef join the chan."
2,1372085859332,"_mlb","_mlb join the chan."
32,1372085880353,"_mlb","_mlb leave the IRC (Remote host closed the connection)."
32,1372085881517,"_mlb_","_mlb_ leave the IRC (Read error: Connection reset by peer)."
2,1372085913918,"_mlb","_mlb join the chan."
2,1372086248628,"_mlb_","_mlb_ join the chan."
32,1372086493937,"_mlb","_mlb leave the IRC (Ping timeout: 276 seconds)."
1,1372086789871,"nfroidure","Je vais peut-être casser un mythe, mais RequireJS c'est de la merde"
1,1372086871208,"nfroidure","\"when you have dependencies between the third party libraries the shit starts hitting the fan\" http://esa-matti.suuronen.org/blog/2013/03/22/journey-from-requirejs-to-browserify/"
1,1372086891648,"nfroidure","J'aurai pas dit mieux"
32,1372087151102,"HammHetfield","HammHetfield leave the IRC (Ping timeout: 268 seconds)."
2,1372087163963,"HammHetfield","HammHetfield join the chan."
1,1372087249875,"_kud","ca dépend nfroidure"
1,1372087253903,"_kud","require.js + r.js"
1,1372087258259,"_kud","c'est intéressant pour dev"
1,1372087355259,"nfroidure","C'est ça le problème require.js > r.js"
1,1372087366128,"_kud","?"
1,1372087366813,"nfroidure","Tou va bien jusqu'au moment où tu veux passer en prod ;)"
32,1372087510444,"bobot","bobot leave the IRC (Remote host closed the connection)."
2,1372087532365,"bobot","bobot join the chan."
1,1372087756023,"nfroidure","Genre, tu trouves ça normal que le fichier build ait encore besoin de require.js pour fonctionner ?"
1,1372087902294,"_kud","ouais ca ca m'ennuie un peu en effet"
1,1372088099565,"nfroidure","Après, les noms de modules sont par des chemins de fichiers"
1,1372088134042,"nfroidure","Du coup tu as des comportements bizarres quand tu commence à inclure des dépendances"
32,1372088234791,"_mlb_","_mlb_ leave the IRC (Remote host closed the connection)."
2,1372088261004,"_mlb","_mlb join the chan."
32,1372090223874,"vvo","vvo leave the IRC (Quit: Leaving.)."
32,1372090539565,"Amatewasu","Amatewasu leave the IRC (Remote host closed the connection)."
2,1372090680999,"rhannequin","rhannequin join the chan."
32,1372091036851,"HammHetfield","HammHetfield leave the IRC (Quit: HammHetfield)."
32,1372091056677,"felixgilles","felixgilles leave the IRC (Quit: Konversation terminated!)."
32,1372092120006,"Shahor","Shahor leave the IRC (Remote host closed the connection)."
32,1372092750451,"Atu","Atu leave the IRC (Quit: [\"Textual IRC Client: www.textualapp.com\"])."
32,1372093623205,"_mlb","_mlb leave the IRC (Ping timeout: 248 seconds)."
2,1372094346417,"kud","kud join the chan."
32,1372094564687,"stephCoue","stephCoue leave the IRC (Remote host closed the connection)."
2,1372094591645,"stephCoue","stephCoue join the chan."
32,1372094856605,"stephCoue","stephCoue leave the IRC (Ping timeout: 255 seconds)."
2,1372095017168,"Amatewasu","Amatewasu join the chan."
2,1372095313239,"_mlb","_mlb join the chan."
32,1372097569257,"rhannequin","rhannequin leave the IRC (Ping timeout: 246 seconds)."
32,1372098867164,"Marsup","Marsup leave the IRC (Remote host closed the connection)."
2,1372099375161,"Munto","Munto join the chan."
2,1372099409403,"Marsup","Marsup join the chan."
2,1372099721701,"stephCoue","stephCoue join the chan."
32,1372100736333,"Nyalab","Nyalab leave the IRC (Remote host closed the connection)."
2,1372101054441,"rhannequin","rhannequin join the chan."
32,1372103372502,"_mlb","_mlb leave the IRC (Remote host closed the connection)."
32,1372104721560,"loicfrering","loicfrering leave the IRC (Ping timeout: 245 seconds)."
2,1372104930536,"loicfrering","loicfrering join the chan."
32,1372105793524,"MoOx","MoOx leave the IRC (Remote host closed the connection)."
32,1372107883950,"rhannequin","rhannequin leave the IRC (Remote host closed the connection)."
