2,1378851304524,"Shahor","Shahor join the chan."
2,1378851320245,"MoOx","MoOx join the chan."
32,1378851570231,"MoOx","MoOx leave the IRC (Ping timeout: 245 seconds)."
32,1378851975782,"Shahor","Shahor leave the IRC (Remote host closed the connection)."
32,1378852502353,"kud_","kud_ leave the IRC (Remote host closed the connection)."
32,1378852764848,"rhannequin","rhannequin leave the IRC (Remote host closed the connection)."
32,1378853097479,"_mlb","_mlb leave the IRC (Remote host closed the connection)."
32,1378853839422,"Nyalab-Home","Nyalab-Home leave the IRC (Quit: Leaving)."
32,1378854024166,"kud","kud leave the IRC (Quit: Leaving)."
2,1378856520318,"revolunet","revolunet join the chan."
2,1378859276836,"Shahor","Shahor join the chan."
32,1378859937187,"Shahor","Shahor leave the IRC (Remote host closed the connection)."
32,1378862394679,"revolunet","revolunet leave the IRC (Quit: revolunet)."
2,1378867214084,"Shahor","Shahor join the chan."
32,1378869118548,"Shahor","Shahor leave the IRC (Remote host closed the connection)."
2,1378874907396,"MoOx","MoOx join the chan."
2,1378875691891,"Mo_Ox","Mo_Ox join the chan."
32,1378875703251,"Mo_Ox","Mo_Ox leave the IRC (Remote host closed the connection)."
2,1378875719746,"Mo_Ox","Mo_Ox join the chan."
256,1378875761286,"Mo_Ox","Mo_Ox changed his nick for MoOx_."
32,1378875882408,"MoOx","MoOx leave the IRC (Ping timeout: 246 seconds)."
2,1378876403222,"Shahor","Shahor join the chan."
32,1378877055791,"Shahor","Shahor leave the IRC (Remote host closed the connection)."
32,1378878930098,"Munto","Munto leave the IRC (Quit: Let's make things Frugal!)."
32,1378881586421,"Grirrle","Grirrle leave the IRC (Ping timeout: 248 seconds)."
2,1378881979731,"HammHetfield","HammHetfield join the chan."
2,1378882581677,"Shahor","Shahor join the chan."
2,1378882769049,"Grirrle","Grirrle join the chan."
2,1378883302714,"kewah","kewah join the chan."
2,1378884139439,"revolunet","revolunet join the chan."
32,1378885334170,"Shahor","Shahor leave the IRC (Remote host closed the connection)."
2,1378885391813,"Shahor","Shahor join the chan."
2,1378885627965,"tfe","tfe join the chan."
2,1378885791401,"cbonnissent","cbonnissent join the chan."
32,1378886050160,"Shahor","Shahor leave the IRC (Remote host closed the connection)."
2,1378887350012,"fbentz","fbentz join the chan."
1,1378887396277,"fbentz","Salut !"
2,1378887440893,"Shahor","Shahor join the chan."
2,1378888504871,"oncletom","oncletom join the chan."
1,1378888677269,"nfroidure","oncletom, tu as fais une propal pour http://francejs.org/conf2013.html ?"
1,1378888841923,"oncletom","nfroidure: ouaip, juste une"
1,1378888873419,"nfroidure","Cool !"
2,1378889674898,"brice","brice join the chan."
1,1378890007093,"nfroidure","Ah, l'event Lanyrd est créé : http://lanyrd.com/2013/francejs/"
32,1378890149372,"fbentz","fbentz leave the IRC (Quit: fbentz)."
2,1378890372292,"fbentz","fbentz join the chan."
2,1378890518928,"_mlb","_mlb join the chan."
32,1378890750984,"Shahor","Shahor leave the IRC (Ping timeout: 246 seconds)."
2,1378890791376,"Shahor_","Shahor_ join the chan."
1,1378891437567,"angezanetti","nfroidure: o/"
1,1378891450420,"angezanetti","Tu as fais une annonce officielle alors ?"
1,1378891464176,"angezanetti","Quel est le prog de ce chtiJS ?"
1,1378891469906,"oncletom","nfroidure: sinon j'ai commence a creer un pool de talks si jamais vous aviez une autre \"envie\" :-) https://github.com/oncletom/talks/tree/master/proposals"
32,1378893028172,"Nyalab","Nyalab leave the IRC (Remote host closed the connection)."
32,1378893631793,"_mlb","_mlb leave the IRC (Remote host closed the connection)."
2,1378893972741,"Nyalab","Nyalab join the chan."
256,1378894917702,"Shahor_","Shahor_ changed his nick for Shahor."
2,1378895468563,"_mlb","_mlb join the chan."
32,1378895980577,"_mlb","_mlb leave the IRC (Ping timeout: 260 seconds)."
32,1378895980761,"kewah","kewah leave the IRC (Quit: kewah)."
2,1378896404173,"_mlb","_mlb join the chan."
32,1378897362170,"_mlb","_mlb leave the IRC (Remote host closed the connection)."
2,1378898426515,"kewah","kewah join the chan."
256,1378899200828,"MoOx_","MoOx_ changed his nick for MoOx."
2,1378899741073,"_mlb","_mlb join the chan."
32,1378900019082,"_mlb","_mlb leave the IRC (Ping timeout: 248 seconds)."
2,1378900154667,"_mlb","_mlb join the chan."
32,1378900693352,"oncletom","oncletom leave the IRC (Quit: Leaving.)."
32,1378901555407,"revolunet","revolunet leave the IRC (Read error: Connection reset by peer)."
2,1378901573613,"revolunet","revolunet join the chan."
1,1378902072213,"MoOx","Si y'a encore des gens qui pensent faire des propositions de confs, c'est maintenant ;) http://francejs.org/conf2013.html"
2,1378903795464,"mab1","mab1 join the chan."
32,1378903989259,"mab","mab leave the IRC (Ping timeout: 260 seconds)."
2,1378904015228,"mab","mab join the chan."
2,1378904074541,"mab2","mab2 join the chan."
32,1378904132483,"mab2","mab2 leave the IRC (Client Quit)."
32,1378904191466,"mab1","mab1 leave the IRC (Ping timeout: 246 seconds)."
32,1378904275238,"mab","mab leave the IRC (Ping timeout: 248 seconds)."
2,1378904316239,"mab","mab join the chan."
2,1378904691067,"mab1","mab1 join the chan."
32,1378904755255,"mab","mab leave the IRC (Ping timeout: 248 seconds)."
2,1378905326493,"oncletom","oncletom join the chan."
2,1378906882641,"Amatewasu","Amatewasu join the chan."
4,1378908492902,"tfe","tfe leave the chan."
32,1378911617739,"oncletom","oncletom leave the IRC (Quit: Leaving.)."
2,1378913119768,"oncletom","oncletom join the chan."
32,1378913346040,"revolunet","revolunet leave the IRC (Ping timeout: 245 seconds)."
32,1378914362829,"kewah","kewah leave the IRC (Quit: kewah)."
32,1378916089040,"Grirrle","Grirrle leave the IRC (Quit: Leaving.)."
32,1378916512759,"HammHetfield","HammHetfield leave the IRC (Quit: HammHetfield)."
2,1378916603248,"tfe","tfe join the chan."
32,1378916790954,"Nyalab","Nyalab leave the IRC (Remote host closed the connection)."
32,1378916806331,"brice","brice leave the IRC (Quit: Quitte)."
32,1378917165307,"_mlb","_mlb leave the IRC (Remote host closed the connection)."
32,1378917872956,"cbonnissent","cbonnissent leave the IRC (Quit: Quitte)."
32,1378918061464,"Shahor","Shahor leave the IRC (Remote host closed the connection)."
2,1378919321908,"_mlb","_mlb join the chan."
2,1378920847310,"Shahor","Shahor join the chan."
32,1378922170214,"Amatewasu","Amatewasu leave the IRC (Ping timeout: 260 seconds)."
2,1378922496590,"Amatewasu","Amatewasu join the chan."
2,1378923540602,"revolunet","revolunet join the chan."
32,1378923552201,"revolunet","revolunet leave the IRC (Client Quit)."
32,1378923618097,"oncletom","oncletom leave the IRC (Quit: Leaving.)."
2,1378923643945,"revolunet","revolunet join the chan."
32,1378923805604,"revolunet","revolunet leave the IRC (Client Quit)."
32,1378924375701,"_mlb","_mlb leave the IRC (Read error: Connection reset by peer)."
2,1378924410529,"_mlb","_mlb join the chan."
32,1378925707879,"bigx","bigx leave the IRC (Quit: Ex-Chat)."
2,1378925816302,"bigx","bigx join the chan."
32,1378928142461,"Amatewasu","Amatewasu leave the IRC (Quit: WeeChat 0.4.2-rc1)."
32,1378932292713,"_mlb","_mlb leave the IRC (Remote host closed the connection)."
32,1378933867346,"MoOx","MoOx leave the IRC (Remote host closed the connection)."
2,1378934122949,"_mlb","_mlb join the chan."
32,1378934642932,"_mlb","_mlb leave the IRC (Ping timeout: 256 seconds)."
