32,1370816636778,"revolunet","revolunet leave the IRC (Quit: revolunet)."
32,1370818760570,"angezane1ti","angezane1ti leave the IRC (Ping timeout: 248 seconds)."
32,1370820127340,"fbentz","fbentz leave the IRC (Quit: fbentz)."
2,1370826695013,"angezanetti","angezanetti join the chan."
32,1370826934974,"angezanetti","angezanetti leave the IRC (Ping timeout: 245 seconds)."
2,1370833576275,"angezanetti","angezanetti join the chan."
32,1370838358830,"bigx","bigx leave the IRC (Quit: Ex-Chat)."
32,1370843817538,"Alz_","Alz_ leave the IRC (Ping timeout: 248 seconds)."
2,1370845461561,"felixgilles","felixgilles join the chan."
32,1370847361286,"mab","mab leave the IRC (Read error: Connection reset by peer)."
1,1370847480488,"pointbar","Hi'"
2,1370847996729,"mab","mab join the chan."
2,1370848833488,"MoOx","MoOx join the chan."
2,1370848959704,"kewah","kewah join the chan."
2,1370849117074,"fbentz","fbentz join the chan."
2,1370849281396,"Nyalab","Nyalab join the chan."
32,1370849362670,"kewah","kewah leave the IRC (Quit: kewah)."
2,1370849497048,"HammHetfield","HammHetfield join the chan."
1,1370849991448,"pointbar","hello fbentz"
1,1370849996734,"nfroidure","lo"
1,1370850004636,"fbentz","Hello tout le monde"
1,1370850008563,"nfroidure",":)"
2,1370850043320,"kewah","kewah join the chan."
32,1370850197626,"pointbar","pointbar leave the IRC (Quit: ZNC - http://znc.in)."
2,1370850221474,"pntbr","pntbr join the chan."
1,1370850291278,"pntbr","fbentz: tu boycott - http://doodle.com/k5w8iuba8k3h5zqr"
1,1370850321561,"fbentz","Non je n'avais surtout pas vu ^^"
1,1370850329071,"pntbr","cool!"
2,1370851091885,"rh709054","rh709054 join the chan."
4,1370851116295,"rh709054","rh709054 leave the chan."
2,1370851159187,"rhannequin","rhannequin join the chan."
2,1370852024996,"revolunet","revolunet join the chan."
32,1370852470408,"fbentz","fbentz leave the IRC (Quit: fbentz)."
2,1370853207580,"_mlb","_mlb join the chan."
2,1370853608151,"bricef","bricef join the chan."
1,1370854266733,"nfroidure","Vous gérez comment les libs de vos projets ? git-modules ou dossier lib et .git-ignore ?"
2,1370854938917,"fbentz","fbentz join the chan."
2,1370855422363,"bobot","bobot join the chan."
2,1370857996003,"DirtyF","DirtyF join the chan."
2,1370858396078,"rhannequin_","rhannequin_ join the chan."
32,1370858404085,"rhannequin","rhannequin leave the IRC (Ping timeout: 250 seconds)."
256,1370858420131,"rhannequin_","rhannequin_ changed his nick for rhannequin."
2,1370859267752,"HammHetfield_","HammHetfield_ join the chan."
32,1370859340186,"rhannequin","rhannequin leave the IRC (Ping timeout: 250 seconds)."
32,1370859426394,"HammHetfield","HammHetfield leave the IRC (Ping timeout: 255 seconds)."
256,1370859426462,"HammHetfield_","HammHetfield_ changed his nick for HammHetfield."
32,1370860869620,"fbentz","fbentz leave the IRC (Quit: fbentz)."
32,1370861669595,"DirtyF","DirtyF leave the IRC (Remote host closed the connection)."
32,1370861895942,"kewah","kewah leave the IRC (Quit: kewah)."
2,1370863187335,"rhannequin","rhannequin join the chan."
2,1370863853933,"kewah","kewah join the chan."
32,1370864722326,"rhannequin","rhannequin leave the IRC (Ping timeout: 250 seconds)."
2,1370865261125,"rhannequin","rhannequin join the chan."
2,1370865293034,"DirtyF","DirtyF join the chan."
32,1370866528677,"kewah","kewah leave the IRC (Quit: kewah)."
1,1370866551559,"_mlb","comme explication de la valeur this, c'est assez clair \"`this` refers to the closest object in the prototype chain you call your method in, or to the global object (or `undefined` in strict mode).\" ?"
2,1370866650570,"fbentz","fbentz join the chan."
256,1370866764799,"Shahor_","Shahor_ changed his nick for Shahor."
2,1370867057355,"kewah","kewah join the chan."
2,1370867289361,"HammHetfield_","HammHetfield_ join the chan."
32,1370867304040,"HammHetfield","HammHetfield leave the IRC (Ping timeout: 246 seconds)."
256,1370867304080,"HammHetfield_","HammHetfield_ changed his nick for HammHetfield."
32,1370867454859,"fbentz","fbentz leave the IRC (Quit: fbentz)."
2,1370867981385,"fbentz","fbentz join the chan."
32,1370868427445,"fbentz","fbentz leave the IRC (Ping timeout: 264 seconds)."
1,1370869121636,"angezanetti","ohai"
1,1370870193205,"bricef","hello"
1,1370870214125,"Shahor","_mlb: ça me semble pas mal oui"
32,1370870546798,"rhannequin","rhannequin leave the IRC (Ping timeout: 250 seconds)."
1,1370871127522,"_mlb","petite experimentation pour le fun http://cl.ly/PX4f"
2,1370871359560,"rhannequin","rhannequin join the chan."
1,1370871832575,"nfroidure","_mlb, j'aurai pas utilisé cette approche avec les prototypes mais plutôt un treewalker"
1,1370871861493,"_mlb","les prototypes sont en effet pas essentiels là"
1,1370871900008,"nfroidure","Sinon, c'est sympa. Deux choses manquent si tu comptes améliorer : des bindings et un langage de tpl non destructif"
1,1370871921815,"_mlb","non destructif ?"
1,1370871985614,"nfroidure","http://www.insertafter.com/articles-systeme_template_ideal.html"
1,1370872170531,"_mlb","je vois toujours pas le côté \"non-destructif\" dans ton post"
1,1370872178407,"_mlb","t'entends quoi par là ?"
1,1370872208011,"nfroidure","Imagine que pour supporter les moteurs de recherche ou les navs sans script, tu veuilles remplir ton tpl une première fois côté serveur."
1,1370872227922,"nfroidure","Avec le langage que tu as créé, tous tes #{var} seraient écrasés"
1,1370872244841,"nfroidure","Et donc, plus utilisables."
32,1370872260942,"kewah","kewah leave the IRC (Quit: kewah)."
1,1370872274036,"_mlb","ben tu gardes un template brut"
1,1370872351860,"nfroidure","Si par exemple, tu laisses un li pour modèle, Google va l'afficher dans les snippets"
1,1370872414703,"nfroidure","En réalité, y'a deux solutions : tout mettre dans les attributs ou utiliser la balise <template>"
1,1370872427937,"euskadi31","nfroidure: pourquoi pensé a Google ?"
1,1370872433047,"_mlb","le souci, c'est que si j'ai pas de #{var} c'est que je peux pas avoir de controle sur les textNodes"
1,1370872439133,"nfroidure","A supposer que Google la supporte."
1,1370872464865,"_mlb","je peux plus faire un \"titre : #{title}\""
2,1370872472735,"kewah","kewah join the chan."
1,1370872506605,"_mlb","ou alors je crée un nouvel element"
1,1370872509323,"euskadi31","faire une site full js et vouloir que google l'index c'est pas wtf ?"
1,1370872520688,"_mlb","<txt>"
1,1370872532258,"_mlb","que je convertis en textNode au parsing"
1,1370872540527,"_mlb","ça me permet de tout placer en attr"
1,1370872545392,"nfroidure","_mlb, <span data-tpl-cdata=\"Hello #{world} !\"></span>"
1,1370872549514,"_mlb","nan"
1,1370872588066,"_mlb","admettons"
1,1370872625560,"_mlb","<span data-tpl-cdata=\"Hello #{world} !\"> <ul data-each=\"values\"><li data-tpl-cdata=\"#{this}\"></li></ul></span>"
1,1370872642306,"_mlb","obligé de gérer les append et prepend"
1,1370872645306,"_mlb","pas intuitif"
1,1370872696577,"nfroidure","append/prepend : ton tpl sera déjà remplis : <span data-tpl-cdata=\"Hello #{world} !\">Hello gérard !</span>"
1,1370872747098,"_mlb","ouais du coup ça limit carrément le markup"
1,1370872768815,"nfroidure","C'est à dire ?"
1,1370872803270,"_mlb","utiliser uniquement les attributes ça empeche de placer des textnodes au meme niveau que des elements"
1,1370873038851,"nfroidure","_mlb, pour ça, je pense plutôt à un <span data-tpl-cdata=\"#{hello}\" data-tpl-phantom><a>Disconnect</a></span>"
1,1370873058568,"_mlb","<div>"
1,1370873058706,"_mlb","  <txt data-content=\"title\" data-escapeHTML></txt>"
1,1370873058746,"_mlb","  <!-- <txt> elements represent textnodes-->"
1,1370873060057,"nfroidure","data-tpl-phantom indiquerait que le markjup peut être retiré"
1,1370873060152,"_mlb","  <ul>"
1,1370873062187,"_mlb","    <li data-each=\"value\" data-content=\"#{this}\"></li>"
1,1370873064137,"_mlb","  <ul>"
1,1370873066136,"_mlb","</div>"
1,1370873070207,"_mlb","quelque chose comme ça"
1,1370873130113,"nfroidure","Le tout est que ça soit non-destructif"
1,1370873142448,"nfroidure","Mais déjà, un truc que je ferais :"
1,1370873162010,"nfroidure","<span data-tpl-cdata=\"hello\"></span>"
1,1370873164117,"_mlb","à mon sens, nfroidure, garder les données du template dans les injections n'est pas une bonne idée"
1,1370873175744,"nfroidure","Plut tôt que d'utiliser #{hello}"
1,1370873182733,"_mlb","les data- ne font qu'encombrer le DOM"
1,1370873198837,"nfroidure","Quitte à créer un autre attibut qui soit à utiliser pour faire de la composition."
1,1370873286375,"nfroidure","Idéalement, il faut les mettre que quand il y a besoin. Genre si tu as une boucle sur un ul, uniquement dans le premier li qui servira de template."
1,1370873318244,"nfroidure","Puis, côté front, tu enlève carrément tout car là tu peux faire du destructif."
1,1370873370271,"_mlb","je pense que niveau back l'idéal serait d'envoyer le template destructible à part, si besoint"
1,1370873378217,"_mlb","s/besoint/besoin"
1,1370873443514,"nfroidure","Disons que ça fait un XHR en plus, mais bon, pourquoi pas."
1,1370873451893,"_mlb","ou en bas de la page"
1,1370873460776,"_mlb","s'il n'y a que du data-*"
1,1370873467932,"_mlb","c'est pas gênant"
1,1370873471586,"nfroidure","Ou alors,  un truc du genre <object>mon template dedans</object>"
1,1370873502668,"nfroidure","Je sais pas si ça apparaîtrait sur Google"
1,1370873510741,"nfroidure","M'enfin, tu saisis l'idée."
1,1370873519440,"_mlb","yep"
1,1370873534601,"nfroidure","Faudrait faire une \"spec\" pour trouver un système de tpl idéal"
1,1370873547858,"_mlb","ça me brancherait bien"
1,1370873549049,"urcadox","<script type=\"text/html\">à mon humble avis</script>"
1,1370873556675,"nfroidure","urcadox, bien vu :)"
1,1370873559346,"_mlb","nope urcadox"
1,1370873572638,"_mlb","c'est une string dans ces conditions"
1,1370873582198,"urcadox","pas faux"
1,1370873583639,"_mlb","c'est important que ça arrive en DOM à mon sens"
1,1370873589930,"nfroidure","oui, ça impliquerait un innerHTML"
1,1370873617163,"_mlb","je lance un repo github si tu veux nfroidure"
1,1370873625389,"_mlb","et commence à spécifier"
1,1370873638803,"nfroidure","_mlb, on peut peut-être le créé sous FranceJS"
1,1370873643059,"nfroidure","*er"
1,1370873676444,"nfroidure","Mais ça me branche aussi. Le chemin : Specfs > Tests > Implémentation"
1,1370873731575,"nfroidure","Et du coup, ça veut dire deux parseur, un avec le DOM et un côté serveur basé sur les strings."
1,1370873753624,"_mlb","https://github.com/mlbli/template/issues"
1,1370874147807,"nfroidure","_mlb, je tiens vraiment à ce que ce type de projet se fasse sur le dépôt de FranceJS ;)"
2,1370875617358,"stephCoue","stephCoue join the chan."
1,1370877275611,"_mlb","nfroidure: je suis pas de cet avis"
32,1370878346843,"rhannequin","rhannequin leave the IRC (Ping timeout: 250 seconds)."
2,1370878778833,"rhannequin","rhannequin join the chan."
1,1370879491044,"nfroidure","Tant pis."
1,1370879541568,"nfroidure","Sinon, pour les promises, j'ai commencé un petit jeu \"orienté promise\", c'est bouleversant comme paradigme."
1,1370879573973,"nfroidure","Mais bon, c'est pas the silver bullet non-plus, et l'imbrication des callback est quand même présente, mais moins."
1,1370879653735,"nfroidure","Je serais preneur si certains d'entre vous les ont utilisé pour un partage d'XP là dessus."
32,1370879802870,"rhannequin","rhannequin leave the IRC (Ping timeout: 250 seconds)."
32,1370880128219,"kewah","kewah leave the IRC (Quit: kewah)."
1,1370880799620,"_mlb","http://thanpol.as/javascript/promises-a-performance-hits-you-should-be-aware-of/"
32,1370881437746,"HammHetfield","HammHetfield leave the IRC (Quit: HammHetfield)."
32,1370881506648,"felixgilles","felixgilles leave the IRC (Quit: Konversation terminated!)."
32,1370881809731,"DirtyF","DirtyF leave the IRC (Remote host closed the connection)."
32,1370881884380,"revolunet","revolunet leave the IRC (Quit: revolunet)."
2,1370883266111,"Alz","Alz join the chan."
32,1370883735747,"stephCoue","stephCoue leave the IRC (Remote host closed the connection)."
2,1370883764979,"stephCoue","stephCoue join the chan."
32,1370884051994,"stephCoue","stephCoue leave the IRC (Ping timeout: 264 seconds)."
32,1370884338417,"Nyalab","Nyalab leave the IRC (Remote host closed the connection)."
32,1370885377735,"_mlb","_mlb leave the IRC (Ping timeout: 240 seconds)."
2,1370886614802,"NiKo`_","NiKo`_ join the chan."
2,1370886654016,"_mlb","_mlb join the chan."
32,1370886698340,"Shahor","Shahor leave the IRC (*.net *.split)."
32,1370886698422,"NiKo`","NiKo` leave the IRC (*.net *.split)."
256,1370886699203,"NiKo`_","NiKo`_ changed his nick for NiKo`."
2,1370887999820,"stephCoue","stephCoue join the chan."
32,1370888457819,"stephCoue","stephCoue leave the IRC (Ping timeout: 256 seconds)."
2,1370889059841,"bigx","bigx join the chan."
32,1370890682037,"MoOx","MoOx leave the IRC (Ping timeout: 252 seconds)."
2,1370890729061,"Shahor","Shahor join the chan."
2,1370891784873,"rhannequin","rhannequin join the chan."
32,1370891869176,"rhannequin","rhannequin leave the IRC (Remote host closed the connection)."
2,1370896317105,"showtim34","showtim34 join the chan."
32,1370897610657,"showtim34","showtim34 leave the IRC (Quit: Quitte)."
2,1370899001616,"stephCoue","stephCoue join the chan."
2,1370900373418,"revolunet","revolunet join the chan."
