32,1380237489194,"kud","kud leave the IRC (Quit: Leaving)."
2,1380237689609,"revolunet","revolunet join the chan."
32,1380242982671,"revolunet","revolunet leave the IRC (Quit: revolunet)."
32,1380244565935,"_mlb","_mlb leave the IRC (Remote host closed the connection)."
2,1380246398631,"_mlb","_mlb join the chan."
32,1380247322323,"_mlb","_mlb leave the IRC (Ping timeout: 248 seconds)."
2,1380247769797,"euskadi31_","euskadi31_ join the chan."
32,1380247920909,"euskadi31","euskadi31 leave the IRC (Ping timeout: 264 seconds)."
32,1380256390894,"Munto","Munto leave the IRC (Ping timeout: 260 seconds)."
2,1380256647440,"Munto","Munto join the chan."
2,1380257509655,"MoOx","MoOx join the chan."
32,1380257663978,"MoOx","MoOx leave the IRC (Remote host closed the connection)."
2,1380257723148,"MoOx","MoOx join the chan."
2,1380264194889,"HammHetfield","HammHetfield join the chan."
2,1380264550665,"Grirrle","Grirrle join the chan."
2,1380266818924,"OwlyCode","OwlyCode join the chan."
1,1380266849163,"angezanetti","hello !"
1,1380266869308,"angezanetti","nfroidure: je viens de voir ta PR pour le site de franceJs, le jaune c'est un peu hard :)"
1,1380266894476,"angezanetti","Si j'ai le temps je vais essayer de bidouiler un truc"
2,1380267165193,"_mlb","_mlb join the chan."
2,1380268309639,"kewah","kewah join the chan."
2,1380268555176,"Nyalab","Nyalab join the chan."
2,1380268801413,"lionelB","lionelB join the chan."
32,1380269538280,"Nyalab","Nyalab leave the IRC (Remote host closed the connection)."
32,1380269940424,"_mlb","_mlb leave the IRC (Remote host closed the connection)."
2,1380270265286,"oncletom","oncletom join the chan."
2,1380271073919,"Shahor","Shahor join the chan."
2,1380271280082,"_mlb","_mlb join the chan."
2,1380271338343,"bricef","bricef join the chan."
2,1380271370248,"Nyalab","Nyalab join the chan."
32,1380274175665,"bricef","bricef leave the IRC (Ping timeout: 260 seconds)."
32,1380275198150,"OwlyCode","OwlyCode leave the IRC (Quit: Quitte)."
2,1380275572880,"bricef","bricef join the chan."
32,1380275810551,"bricef","bricef leave the IRC (Read error: Operation timed out)."
2,1380275897974,"bricef","bricef join the chan."
32,1380278624908,"_mlb","_mlb leave the IRC (Remote host closed the connection)."
32,1380279014691,"kewah","kewah leave the IRC (Quit: kewah)."
32,1380279524378,"Shahor","Shahor leave the IRC (Remote host closed the connection)."
2,1380279706457,"Shahor","Shahor join the chan."
2,1380280456408,"_mlb","_mlb join the chan."
32,1380280945991,"_mlb","_mlb leave the IRC (Ping timeout: 252 seconds)."
2,1380282248556,"kewah","kewah join the chan."
2,1380283235146,"_mlb","_mlb join the chan."
1,1380283794441,"nfroidure","angezanetti, ce n'est pas ma PR"
1,1380284157301,"nfroidure","c'est celle de stephCoue"
1,1380284214775,"nfroidure","Par contre, je n'ai tjrs pas d'avis clair et définitif sur le fait qu'il faille merger ou pas. cc _kud"
32,1380284362309,"oncletom","oncletom leave the IRC (Quit: Leaving.)."
1,1380287088019,"_kud","Onn peut tjs merger et faire une version si besoin nfroidure"
1,1380287173550,"nfroidure","oki, donc avec le superbe de naholyr, je merge ? Tant pis si c'était un superbe ironique :p"
1,1380287188734,"_kud","^^"
1,1380287236628,"angezanetti","'est vrai que ça pique un peu les yeux qd même"
1,1380287237428,"angezanetti",":)"
256,1380287491533,"euskadi31_","euskadi31_ changed his nick for euskadi31."
2,1380287978935,"oncletom","oncletom join the chan."
2,1380289936920,"rhannequin","rhannequin join the chan."
32,1380291900000,"Nyalab","Nyalab leave the IRC (Ping timeout: 248 seconds)."
2,1380291981139,"Nyalab","Nyalab join the chan."
32,1380292293647,"kewah","kewah leave the IRC (Quit: kewah)."
32,1380292649844,"Nyalab","Nyalab leave the IRC (Remote host closed the connection)."
2,1380293097142,"kewah","kewah join the chan."
2,1380293536165,"Nyalab","Nyalab join the chan."
32,1380295630781,"MoOx","MoOx leave the IRC (Remote host closed the connection)."
2,1380295648123,"MoOx","MoOx join the chan."
32,1380296244242,"kewah","kewah leave the IRC (Quit: kewah)."
2,1380296371546,"kewah","kewah join the chan."
32,1380297073334,"_kud","_kud leave the IRC (Remote host closed the connection)."
4,1380297243176,"lionelB","lionelB leave the chan."
32,1380297462160,"kewah","kewah leave the IRC (Quit: kewah)."
32,1380297954528,"rhannequin","rhannequin leave the IRC (Remote host closed the connection)."
32,1380298314483,"bricef","bricef leave the IRC (Quit: Quitte)."
32,1380298826373,"Shahor","Shahor leave the IRC (Remote host closed the connection)."
4,1380298882280,"Grirrle","Grirrle leave the chan."
32,1380300207430,"HammHetfield","HammHetfield leave the IRC (Quit: HammHetfield)."
32,1380300436209,"_mlb","_mlb leave the IRC (Remote host closed the connection)."
2,1380301430867,"_mlb","_mlb join the chan."
2,1380302388853,"august1","august1 join the chan."
2,1380302639793,"Shahor","Shahor join the chan."
32,1380303013876,"august1","august1 leave the IRC (Quit: august1)."
32,1380304973168,"Shahor","Shahor leave the IRC (Remote host closed the connection)."
32,1380308152266,"_mlb","_mlb leave the IRC (Remote host closed the connection)."
32,1380309378076,"oncletom","oncletom leave the IRC (Quit: Leaving.)."
2,1380310208369,"_mlb","_mlb join the chan."
32,1380310563107,"_mlb","_mlb leave the IRC (Ping timeout: 264 seconds)."
2,1380310954155,"august1","august1 join the chan."
32,1380314039962,"MoOx","MoOx leave the IRC (Remote host closed the connection)."
2,1380318491063,"MoOx","MoOx join the chan."
32,1380318753069,"MoOx","MoOx leave the IRC (Ping timeout: 260 seconds)."
