2,1367191482705,"stephCoue","stephCoue join the chan."
32,1367197238999,"stephCoue","stephCoue leave the IRC (Remote host closed the connection)."
32,1367197836561,"revolunet","revolunet leave the IRC (Quit: revolunet)."
2,1367197944770,"revolunet","revolunet join the chan."
32,1367198978513,"revolunet","revolunet leave the IRC (Quit: revolunet)."
2,1367201491135,"stephCoue","stephCoue join the chan."
32,1367201946406,"stephCoue","stephCoue leave the IRC (Ping timeout: 264 seconds)."
32,1367215178036,"MoOx","MoOx leave the IRC (Remote host closed the connection)."
1,1367215725821,"nfroidure","lo"
2,1367215883419,"HammHetfield","HammHetfield join the chan."
2,1367222219334,"_kud","_kud join the chan."
2,1367222261458,"showtim34","showtim34 join the chan."
2,1367222796240,"bbbot","bbbot join the chan."
2,1367223761692,"revolunet","revolunet join the chan."
32,1367223949506,"mab1","mab1 leave the IRC (Quit: Leaving.)."
2,1367223969157,"mab1","mab1 join the chan."
1,1367224740299,"synbioz","nfroidure: foo"
256,1367224751729,"synbioz","synbioz changed his nick for fuse."
1,1367224774430,"fuse","alors ce nordjs?"
1,1367224868486,"nfroidure","fuse, restraint en nombre mais sympa"
1,1367224876830,"nfroidure","*eint"
1,1367224890697,"_kud",":)"
1,1367224890698,"_kud","cool"
1,1367224899077,"nfroidure","Apparemment, le vendredi n'est pas une bonne idée ;)"
1,1367224906117,"_kud","De quelle manière les gens voient FranceJS ?"
1,1367224912258,"_kud","non, le vendredi c'est à proscrire"
1,1367224919615,"_kud","entre flemme et envie de s'bourrer la gueule"
1,1367224919967,"nfroidure","En plus, on a des gens qui sont restés bloqués à l'entrée. #fail"
1,1367224920461,"_kud","tu limites les gens"
1,1367224923525,"_kud","le mieux c'est le mercredi"
1,1367224943414,"_kud","comment vous pouvez avoir des gens bloqués à l'entrée"
1,1367224950487,"_kud","1/ laisser quelqu'un a l'entrée"
1,1367224970472,"nfroidure","J'ai pointé les gens qui sont pas venus comme ça on se fiera plus à eux pour déterminer le jour"
1,1367224970561,"_kud","2/ mettre son numéro / adresse mail à l'entrée"
1,1367225234056,"angezanetti","o/"
1,1367225245537,"angezanetti","ouais on a des locaux assez spéciaux _kud :)"
1,1367225259878,"angezanetti","mais de toute façon on ne refera plus le vendreid"
1,1367225261700,"angezanetti","di"
1,1367225268930,"_kud","Le mieux reste de laisser son email ou son compte twitter"
1,1367225286604,"_kud","pour que les gens puissent facilement pinger"
1,1367225297900,"_kud","Non le vendredi n'est certainement pas une bonne chose"
1,1367225303339,"fuse","rah, je m'en doutais, j'étais op les autres jours"
1,1367225304393,"angezanetti","yep, mais ils ont pas eu le reflexe je crois :)"
1,1367225321193,"angezanetti","en tout cas le talk su rAngular était vraimment kool"
1,1367225495636,"nfroidure","J'ai pas retrouvé le  billet sur les arguments interchangeables, mais je me suis souvenu de la méthode, ils font maFonction.toString() et parsent carrémment la définition de fonction."
1,1367225569535,"nfroidure","angezanetti, pour la mission de 1 mois intégration en régie, le gars m'a répondu sur viadeo, il transmet ton profil."
1,1367225810106,"_kud","1 mois intégration"
1,1367225810777,"_kud","+"
1,1367225811958,"_kud","régie"
1,1367225950693,"nfroidure","_kud, mieux que rien ;)"
1,1367225974992,"_kud","Parfois, je ne sais pas. Je préfère être au chômage je crois."
1,1367226138707,"nfroidure","Ma politique là dessus est simple, si j'aime pas, je suis cher"
1,1367226152891,"nfroidure","Au moins, si tu le fais, tu sais pourquoi tu le fais."
1,1367226294343,"angezanetti","nfroidure: ok merci :)"
1,1367226385747,"_kud","nfroidure: Bon okay, j'ai déjà un job mais là, je fais à côté en AE de l'intégration. J'ai constaté que ca me gonflait plus que la somme que je gagne au final"
1,1367226390910,"_kud","qui n'est pas négligeable ;)"
1,1367226462754,"nfroidure","je te rejoint tout à fait sur le fait qu'il vaut mieux bosser sur son projet ou le projet de sa boite plutôt que sur les projets des clients de sa boîte"
1,1367226527250,"nfroidure","Malheureusement, bcp de clients ne savent pas ce qui est bon pour eux et tu te retrouve à faire du taff que tu réprouves."
1,1367226641401,"angezanetti","nfroidure: oui c'est notre lot à tous ça :)"
1,1367226708212,"nfroidure","Clair. On devrait tous avoir un side project visant à devenir acteur SaaS, c'est bcp plus sympa, y'a plus de place pour l'innivation."
1,1367226761796,"_kud","Arreeeeetez avec le terme \"SaaS\" raah"
1,1367229925420,"angezanetti","nfroidure: le gars il est de web transition ou de avenirheseaux ? J'ai reçu deux message ce matin"
2,1367230419104,"Courgette","Courgette join the chan."
1,1367230486229,"_kud","haha Courgette"
1,1367230490233,"_kud","c'est bon ça comme pseudo"
1,1367230590065,"Courgette",":D"
32,1367230816610,"bbbot","bbbot leave the IRC (Remote host closed the connection)."
1,1367231053097,"angezanetti","Courgette == opi ?"
1,1367231180319,"Courgette","angezanetti:  nope"
2,1367231189091,"opi``","opi`` join the chan."
1,1367231191616,"Courgette","mais je bosse avec lui"
1,1367231194957,"opi``","o/"
1,1367231198398,"Courgette","d'ailleurs quand on parle du loup"
2,1367231523494,"bbbot","bbbot join the chan."
1,1367233307408,"angezanetti","héhé slt opi``"
1,1367233321131,"angezanetti","Courgette: tu es dev front aussi ?"
1,1367235238084,"Courgette","angezanetti: yep"
2,1367235625817,"kewah","kewah join the chan."
1,1367237442131,"Courgette","J'ai un joli problème sur Safari 6.0.2 et + si quelqu'un est preneur => http://codepen.io/thomaslebeau/pen/brGlu"
1,1367237464170,"opi``","Courgette: c'est un probleme css; t'es sur un chan js ;)"
32,1367237469865,"mab1","mab1 leave the IRC (Quit: Leaving.)."
2,1367237488705,"mab1","mab1 join the chan."
1,1367237569322,"Courgette","au cas où :)"
32,1367238732757,"revolunet","revolunet leave the IRC (Quit: revolunet)."
32,1367239412211,"opi``","opi`` leave the IRC (Quit: Leaving.)."
32,1367239883366,"Shahor","Shahor leave the IRC (Remote host closed the connection)."
2,1367240291775,"Shahor","Shahor join the chan."
1,1367240564829,"nfroidure","angezanetti, sais pas :)"
1,1367240963579,"angezanetti","ahah ok, encore une chasseuse de tête qui m'a applelé pour un taf sur Paris"
1,1367240971407,"angezanetti","C'est efficace freelance-info !"
1,1367241024562,"angezanetti","hey les JSeurs, avez vous un tool uberkool pour parser du texte ?"
1,1367241040189,"_kud","Tu veux faire quoi au juste ?"
1,1367241156526,"urcadox","c'est vague \"du texte\" é_è"
1,1367241325460,"angezanetti","ben parser des fichiers .txt, qui sont a peu près structurés"
1,1367241344474,"angezanetti","genre"
1,1367241358435,"angezanetti","date / ville / url / texte"
1,1367241362942,"angezanetti","ligne par ligne"
2,1367242234878,"revolunet","revolunet join the chan."
1,1367242326618,"Shahor","line.split(<separator>)"
1,1367242327730,"Shahor","bisous"
1,1367242385554,"angezanetti",":*"
2,1367243075816,"HammHetfield_","HammHetfield_ join the chan."
32,1367243133839,"HammHetfield","HammHetfield leave the IRC (Ping timeout: 252 seconds)."
256,1367243134431,"HammHetfield_","HammHetfield_ changed his nick for HammHetfield."
2,1367244660898,"MoOx","MoOx join the chan."
32,1367245655382,"bbbot","bbbot leave the IRC (Remote host closed the connection)."
2,1367245685411,"bbbot","bbbot join the chan."
32,1367245696332,"bbbot","bbbot leave the IRC (Remote host closed the connection)."
2,1367245725453,"bbbot","bbbot join the chan."
32,1367245733597,"bbbot","bbbot leave the IRC (Remote host closed the connection)."
2,1367245754749,"bbbot","bbbot join the chan."
2,1367246325240,"cbonnissent","cbonnissent join the chan."
32,1367247177913,"HammHetfield","HammHetfield leave the IRC (Ping timeout: 256 seconds)."
2,1367247303726,"HammHetfield","HammHetfield join the chan."
2,1367248478419,"vvo","vvo join the chan."
32,1367251014543,"HammHetfield","HammHetfield leave the IRC (Quit: HammHetfield)."
32,1367251478915,"revolunet","revolunet leave the IRC (Ping timeout: 252 seconds)."
32,1367251594043,"kewah","kewah leave the IRC (Quit: kewah)."
1,1367251820300,"nfroidure","Wow : console.log(0.2+0.1); // 0.30000000000000004"
1,1367251996238,"_kud","normal."
1,1367252170583,"nfroidure","Je sais, mais wow quand même :)"
32,1367252348282,"Courgette","Courgette leave the IRC (Read error: Operation timed out)."
32,1367252803311,"cbonnissent","cbonnissent leave the IRC (Ping timeout: 264 seconds)."
32,1367253704119,"vvo","vvo leave the IRC (Ping timeout: 258 seconds)."
1,1367254104605,"_kud","Ca parle à quelqu'un canjs ?"
2,1367254328576,"Amatewasu","Amatewasu join the chan."
32,1367258470581,"Nyalab","Nyalab leave the IRC (Remote host closed the connection)."
2,1367258769592,"Nyalab","Nyalab join the chan."
2,1367260152606,"kud","kud join the chan."
32,1367264646457,"showtim34","showtim34 leave the IRC (Quit: Quitte)."
32,1367267024312,"MoOx","MoOx leave the IRC (Remote host closed the connection)."
32,1367267152347,"kud","kud leave the IRC (Quit: Leaving)."
2,1367268802948,"stephCoue","stephCoue join the chan."
32,1367268806331,"stephCoue","stephCoue leave the IRC (Remote host closed the connection)."
2,1367269016953,"stephCoue","stephCoue join the chan."
32,1367270246230,"Amatewasu","Amatewasu leave the IRC (Quit: WeeChat 0.4.1-dev)."
