32,1369088218263,"_kud","_kud leave the IRC (Quit: Leaving)."
2,1369089722634,"revolunet","revolunet join the chan."
32,1369103212374,"revolunet","revolunet leave the IRC (Quit: revolunet)."
2,1369103550243,"revolunet","revolunet join the chan."
32,1369103987846,"revolunet","revolunet leave the IRC (Quit: revolunet)."
32,1369109492236,"loicfrering","loicfrering leave the IRC (Ping timeout: 260 seconds)."
2,1369113039529,"MoOx","MoOx join the chan."
2,1369116737638,"loicfrering","loicfrering join the chan."
2,1369117114315,"felixgilles","felixgilles join the chan."
2,1369118228236,"HammHetfield","HammHetfield join the chan."
1,1369118683512,"angezanetti","ol Marionnette"
2,1369119805640,"showtim34","showtim34 join the chan."
2,1369119881332,"fbentz","fbentz join the chan."
2,1369121126519,"revolunet","revolunet join the chan."
2,1369123091065,"rhannequin","rhannequin join the chan."
2,1369123688402,"_kud","_kud join the chan."
1,1369123691405,"nfroidure","lu"
1,1369123746903,"rhannequin","salut nfroidure :)"
1,1369123832050,"_kud","lo"
1,1369124050179,"revolunet","kikoo"
2,1369124128878,"MoOx_","MoOx_ join the chan."
32,1369124159209,"MoOx_","MoOx_ leave the IRC (Remote host closed the connection)."
2,1369124287384,"MoOx_","MoOx_ join the chan."
32,1369124325730,"MoOx","MoOx leave the IRC (Ping timeout: 245 seconds)."
32,1369124331474,"MoOx_","MoOx_ leave the IRC (Remote host closed the connection)."
2,1369125539352,"bobot1","bobot1 join the chan."
32,1369125645151,"bobot1","bobot1 leave the IRC (Remote host closed the connection)."
2,1369126138172,"bobot1","bobot1 join the chan."
32,1369126177676,"bobot1","bobot1 leave the IRC (Remote host closed the connection)."
32,1369126273525,"bobot","bobot leave the IRC (Remote host closed the connection)."
2,1369126296650,"bobot","bobot join the chan."
1,1369128461314,"fbentz","Kikoo all !"
1,1369128465949,"urcadox","plop"
2,1369129023942,"blotf","blotf join the chan."
32,1369129024738,"urcadox","urcadox leave the IRC (Quit: Leaving)."
32,1369129043668,"blotf","blotf leave the IRC (Quit: leaving)."
2,1369129104576,"urcadox","urcadox join the chan."
2,1369130984275,"Atu","Atu join the chan."
32,1369131199007,"fbentz","fbentz leave the IRC (Quit: fbentz)."
2,1369132911408,"fbentz","fbentz join the chan."
32,1369134114022,"rhannequin","rhannequin leave the IRC (Ping timeout: 248 seconds)."
2,1369138750766,"MoOx","MoOx join the chan."
2,1369139175288,"lionelB","lionelB join the chan."
1,1369139190113,"lionelB","hello"
1,1369139254691,"lionelB","nfroidure il faudrait twitter sur le fait que ca discute sur les statuts de FranceJS sur github"
1,1369139360953,"nfroidure","Marionnette, tweet Le débat avance sur les statuts de #FranceJS, rejoignez-nous ! https://github.com/francejs/association/issues"
1,1369139375740,"lionelB","GG Marionette"
1,1369139385737,"lionelB","GG Marionnette"
1,1369139391118,"nfroidure","lionelB, voilà :)"
528,1369139395280,"Marionnette","Twitter.com#francejs - @francejs: Le débat avance sur les statuts de #FranceJS, rejoignez-nous ! https://t.co/QuZupM86pH"
1,1369139421700,"lionelB","y a qui peut peut faire twitter maionnette ?"
1,1369139442269,"nfroidure","Pour l'instant naholyr, _kud et moi"
1,1369139464444,"nfroidure","Mais tu peux faire un PR avec d'autres personnes de confiance"
1,1369139472424,"lionelB","ok"
1,1369139483140,"nfroidure","A terme, je pensais à un système de vote sur le canal irc"
1,1369139493561,"lionelB","avec des +1"
1,1369139496983,"nfroidure","ouep"
1,1369139507016,"nfroidure","genre wannatweet : mon tweet"
1,1369139529699,"lionelB","et des que tu depasses genre 10 +1 le tweet part ;-)"
1,1369139546103,"nfroidure","Et Marionnette qui répondrait :  ask #1224 type 1224+1 or 1224-1 to vote"
1,1369139565356,"nfroidure","un truc comme ça"
1,1369139572379,"nfroidure","voilà"
1,1369139598135,"lionelB","A l'occaz, il faudrait aussi répondre au mec qui c'ést proposé pour filer un coup de main pour le site"
1,1369139599595,"lionelB","https://groups.google.com/forum/#!topic/francejs/1baW2jkTTUA"
1,1369139629924,"nfroidure","Moi je suis d'accord. _kud ?"
1,1369139638756,"lionelB","(moi perso je suis pas pour coffee)"
1,1369139707874,"lionelB","vu que les mainteneurs risque de tourner, utiliser coffee limite un peu les possibilités"
1,1369139781740,"nfroidure","lionelB, j'aime pas coffe non-plus, mais pour l'instant, c'est le seul qui a l'air motivé :)"
1,1369139825403,"lionelB","moi je peux aider aussi mais il faudrait d'abord avancé sur l'arbo, les contenus, la base"
1,1369139882352,"angezanetti","ah tiens je crois que la liste va dans mes spams..."
1,1369139888295,"angezanetti","J'ai pas reçu ce mail"
1,1369139918964,"lionelB","vu la forte participation sur Google groups je crois que c'est souvent le cas ^_^"
1,1369139920126,"angezanetti","moi je suis motivé aussi, mais j'ai un peu peur du mail que je viens de lire : bootstrap & angular  pour un site vitrine ?"
1,1369139943626,"lionelB","peut etre pour la partie back"
1,1369139978279,"angezanetti","hm"
1,1369139997461,"lionelB","nfroidure trouver des motivés, y'en aura je pense, mais y'a pas eu de demande non plus"
1,1369140001484,"angezanetti","pourquoi pas mais ça me parait un peu énorme pour un site avec 5pages et une OSM"
1,1369140011337,"lionelB","OSM ?"
1,1369140055064,"angezanetti","openstreetmap"
1,1369140062873,"lionelB","merci :)"
1,1369140099671,"nfroidure","Clair qu'on a pas avancé sur l'arbo"
1,1369140145388,"nfroidure","Je vais reprendre mon brainstorming et tenter de dégager une arbo"
1,1369140210944,"lionelB","j'avais essayer de faire un recap dans mon post"
1,1369140222610,"lionelB","si ca peut aider"
1,1369140265752,"angezanetti","le truc le plus relou c'est probablement l'annuaire, après on peut s'appuyer sur G+ au pire"
1,1369140326928,"lionelB","j'ai qqun dans ma TL qui est spécialisé carto (et a participer a lyonJS), je peux poser la question :)"
1,1369140337226,"nfroidure","En gros, on a trois grand thèmes : le JS, les membres, l'asso."
1,1369140359206,"nfroidure","Voir si les events sont à mettre dans JS ou si on découple"
1,1369140398400,"nfroidure","Pour la DB, je suis calé en MySQL, mais je veux bien tâter du postgre"
1,1369140418020,"angezanetti","moi en carto j'aime bien leaflet :)"
1,1369140476100,"lionelB","cool!"
1,1369140571047,"nfroidure","Vous pensez quoi de : JavaScript En France | L'association | Les Membres"
1,1369140578640,"lionelB","site statique ou site avec une Admin ?"
1,1369140604249,"nfroidure","Pour moi, site mdv, tant qu'à faire ;)"
1,1369140615287,"lionelB","mdv ?"
1,1369140627757,"nfroidure","modèle driven"
1,1369140632510,"nfroidure","*model"
1,1369140676598,"lionelB","connait pas, en quoi ca différe de statique ou dynamique + admin ?"
1,1369140758706,"nfroidure","C'est dynamique mais le contenu est généré de manière déclarative."
1,1369140768049,"_kud","Pour le coffeescript c'est non"
1,1369140776356,"nfroidure","Tu peux faire du mdv client side ou server side"
1,1369140816031,"nfroidure","https://github.com/toolkitchen/mdv"
1,1369140817032,"urcadox","site statique > * (avec Hakyll)"
1,1369140820892,"urcadox","=)"
1,1369140845912,"madx`","bon ben le 2e marseille js ça sera pas demain :("
1,1369140855447,"urcadox","(c'est évidement un troll bien poilu, mais bon les sites généré statiquement c'est vraiment nice)"
1,1369140864776,"urcadox","+s*"
1,1369140945318,"angezanetti","Jekyll"
1,1369140946905,"angezanetti","?"
1,1369140947517,"angezanetti",":p"
1,1369140948223,"lionelB","nfroidure, merci pour l'exemple"
1,1369141035411,"_kud","happy plan les mecs :)"
1,1369141042132,"madx`","oui, vous faites pas chier"
1,1369141043661,"madx`","statique."
1,1369141049316,"urcadox","angezanetti: Jekyll c'est cool mais ruby c'est toujours un peu galère (niveau gestion des dépendances) et ça offre moins de possibilités que Hakyll"
1,1369141071407,"urcadox","Un exemple basique, mon blog : https://github.com/urcadox/blog"
1,1369141074041,"angezanetti","hakyll c'est du JS ?"
1,1369141076254,"madx`","urcadox: #troll"
1,1369141084609,"urcadox","Un exemple beaucoup plus complexe : https://github.com/CompanyCampus/web2day2013"
1,1369141091595,"_kud","préférez le mien : http://kud.io/blog/"
1,1369141095541,"_kud","happy plan."
1,1369141106575,"madx`","la gestion des deps avec Ruby est pas plus compliquée qu'en JS"
1,1369141127245,"urcadox","madx`: Pour Ruby ? Ouais c'est un troll mais franchement si tu fais pas de ruby autrement, c'est vraiment lourd d'avoir à mettre ça sur son système juste pour Jekyll, IMHO"
1,1369141133043,"angezanetti","ah non c'est du haskell ...."
1,1369141140244,"lionelB","urcadox, le risque avec hakyll est de trouver qui peut reprendre la main dessus (qui y a moins avec jekyll vu la communauté derrière)"
1,1369141142482,"madx`","c'est tellement plus léger les 700 mo de GHC"
1,1369141145666,"_kud","https://github.com/kud/happy-plan"
1,1369141149166,"_kud","^^"
1,1369141153755,"_kud","tout en grunt :)"
1,1369141153841,"madx`","+1 _kud"
1,1369141157866,"angezanetti","#TROLOOOOOLLLL"
1,1369141169995,"urcadox","madx`: c'est pas plus léger mais c'est super facile à installer, tu prends cabal et tu fais cabal install hakyll et c'est fini"
1,1369141180638,"angezanetti","gem install jekyll"
1,1369141184684,"angezanetti",";p"
1,1369141188088,"lionelB","huhu"
1,1369141189085,"_kud","git clone git@github.com:kud/happy-plan.git"
1,1369141191616,"madx`","bundle install même si tu as d'autres deps"
1,1369141191695,"_kud","^^"
1,1369141201683,"madx`","mais sinon de toutes façons, ça serait mieux un truc en JS"
1,1369141209808,"lionelB","madx +1"
1,1369141215014,"_kud","blacksmith ?"
1,1369141217236,"urcadox","et pas besoin de connaître haskell hein, c'est un simple DSL basé sur haskell"
1,1369141224105,"angezanetti","bon qui est motivé pour faire un générateur de site en node ?"
1,1369141226309,"_kud","middleman ?"
1,1369141236129,"_kud","c'(est quasiment le cas angezanetti avec happy plan :)"
1,1369141242827,"_kud","grunt dist :)"
1,1369141245509,"_kud","et c'est bon"
1,1369141255354,"madx`","urcadox: ne te méprends pas, j'adore haskell, j'aimerais pouvoir en faire plus, mais là pour le coup il faut un truc en JS"
1,1369141282278,"madx`","pour la simple et bonne raison que tout membre de francejs pourra y participer du coup"
1,1369141285129,"urcadox","madx`: Dans le principe ça serait mieux c'est sûr, après je ne connais pas de générateur de site statique en JS moi"
1,1369141290224,"_kud","c'est pas FranceHaskell ici."
1,1369141294121,"madx`","happy-plan ;)"
1,1369141298771,"lionelB","en meme temps j'ai pas l'impression qu'un truc qui génère du html, en node soit très relou à faire"
1,1369141312659,"_kud","essayez middleman si vous voulez"
1,1369141314457,"_kud","ou punch"
1,1369141320643,"_kud","ou docpad"
1,1369141326293,"_kud","c'est pas ce qui manque en node"
1,1369141330562,"angezanetti","lol"
1,1369141332189,"madx`","- en node"
1,1369141348800,"madx`","dans tous les langages le truc qu'il y a le plus maintenant c'est des generateurs de sites statiques"
1,1369141350148,"lionelB","punch à pas l'air si pratique que ca d'après naholyr"
1,1369141353369,"madx`","c'est un peu le hello world :D"
1,1369141363432,"_kud","Normal"
1,1369141369785,"madx`","je vous proposerai bien le Rakefile que j'utilise pour mon site :)"
1,1369141370419,"_kud","on constate que nos sites sont principalement du read only"
1,1369141373902,"_kud","et au pire s'ils le sont pas"
1,1369141377128,"_kud","ils le sont durant une semaine"
1,1369141378939,"_kud","voire deux semaines"
1,1369141385564,"angezanetti","+1"
1,1369141386707,"_kud","donc une compilation tous les dimanches et ca ira"
1,1369141389027,"madx`","oui"
1,1369141397689,"_kud","regarde playtv, on a les programmes tv une semaine facile a l'avance"
1,1369141401376,"madx`","mais même niveau workflow c'est tellement plus pratique"
1,1369141405554,"_kud","on pourrait tres bien compiler le dimanche et c'est good"
1,1369141411920,"lionelB","kud -> ca implique un systeme d'intégration continue qui est pas à la portée de tout le monde"
1,1369141412061,"_kud","normal :)"
1,1369141418096,"_kud","tu as d'emblée ton cache template"
1,1369141424754,"madx`","lionelB: make && git push"
1,1369141425752,"madx`",":D"
1,1369141427558,"_kud","J'bosse pas avec les nazes, lionelB"
1,1369141429182,"_kud",":p"
1,1369141438714,"lionelB","kud monde de merde"
1,1369141440584,"angezanetti","ouais on a beau dire, c'est un poil plus compliqué que Wordpress ou tumblr hein"
1,1369141445836,"_kud","c'est pas compliqué de faire un \"grunt dist\" une fois par semaine"
1,1369141447946,"urcadox","lionelB: C'est censé être à la portée de n'importe quel dev respectable :)"
1,1369141450549,"_kud","de la part d'un worker / cron"
1,1369141452634,"madx`","angezanetti: oui, mais pour une communauté de dev..."
1,1369141466068,"angezanetti","madx`: ah pour les dev c'est autre chose oui"
1,1369141466259,"_kud","ca ne sera jamais un tumblr ou wordpres"
1,1369141466991,"_kud","s"
1,1369141468612,"lionelB","madx` va dire ca au mec qui veut mettre à jour son site"
1,1369141468919,"_kud","qu'on se le dise."
1,1369141503003,"_kud","Je démissionne de l'association qui n'existe pas si on fait du wordpress ou tumblr"
1,1369141504058,"_kud",":)"
1,1369141504058,"madx`","ahahah"
1,1369141505556,"angezanetti","ahaha"
1,1369141509664,"madx`","lionelB: si \"le mec\" est dev, ouais, je lui dis"
1,1369141510558,"angezanetti","posterous ça irait ?"
1,1369141519384,"madx`","sinon, je lui dis wordpress effectivement"
1,1369141520976,"angezanetti","ou mieux, mieux : blogger"
1,1369141523692,"_kud","Faut forcément un générateur de site statique"
1,1369141530496,"madx`","sinon, ouiche ?"
1,1369141531133,"_kud","ou ou ou un express"
1,1369141535871,"lionelB","madx`, ben non généralement c'est le client"
1,1369141549509,"_kud","vous continuez et j'mets du backbone partout"
1,1369141553560,"madx`","lionelB: oui, dans ce cas là ok :) mais là je parle de nous"
1,1369141581596,"angezanetti","bon alors gogogo porter Jekyll en node alors"
1,1369141603221,"angezanetti","et ne pas oublier la lib WPtoNekyll ;p"
1,1369141609684,"lionelB","madx` oui pourtant c'est souvent eux (petit site avec faible besoin d'update) pour qui un site statique prends du sens"
1,1369141630882,"madx`","lionelB: dans ce cas là micro-cms"
1,1369141634682,"lionelB","angezanetti on peut aussi reprendre le principe de hakyll pour le porter en node :D"
1,1369141641559,"_kud","OU PRENDRE HAPPY PLAN."
1,1369141652887,"_kud","http://kud.io/happy-plan/"
1,1369141655004,"lionelB","nan on est pas pro ruby :D"
1,1369141656446,"angezanetti","lionelB: c'est une des raisosn pour laquelle je vais quitter WP je crois, l'update non stop des machins qui servent à que dalle"
1,1369141682655,"_kud","Tu peux être dev et avoir un wordpress ?"
1,1369141704643,"angezanetti","hum _kud happy plan c'est bien mais tu installe Jekyll pour le faire tourner ?"
1,1369141713168,"_kud","pour le moment oui :("
1,1369141717986,"angezanetti","_kud: oui, et je brule des chatons la nuit aussi"
1,1369141719104,"_kud","mais on veut virer cette dépendance dès que possible"
1,1369141727701,"_kud","tout le reste est node"
1,1369141732378,"_kud","ah excepté compass :("
1,1369141738949,"angezanetti","_kud: ah, heu, je code mes sites sous Dreamweaver ça compte comme dev ?"
1,1369141739283,"lionelB","y'a plus pygment ?"
1,1369141747863,"_kud","si aussi lionelB lolz;"
1,1369141752130,"_kud","Brûlons angezanetti."
1,1369141754583,"lionelB","python ruby node"
1,1369141758835,"angezanetti","lol"
1,1369141764565,"angezanetti","manque du haskell"
1,1369141765114,"lionelB","lmanque haskell"
1,1369141765199,"_kud","Ouais ca fait une grosse stack pour le moment lionelB"
1,1369141767946,"lionelB","huhu"
1,1369141775061,"angezanetti","ya même pas une lib en go ?"
1,1369141778475,"angezanetti","pfff"
1,1369141784962,"_kud","Si si, pour te mettre une fessée"
1,1369141791724,"_kud","$ hpi fessée angezanetti"
1,1369141809630,"lionelB","kud moi ca m'interesse happyplan-node"
1,1369141819878,"lionelB","vous avez commencer une branche ?"
1,1369141888318,"_kud","pas le temps"
1,1369141891292,"_kud","mais une branche si tu veux oui"
1,1369141940761,"_kud","L'avantage de jekyll, c'est que c'est d'emblée compilé côté github."
1,1369141946796,"lionelB","je verrais bien une approcche à la middleware d'express ou t'enchaines les transformation"
1,1369141973149,"lionelB","au pire y'a toujours les gh-pages"
1,1369142031696,"_kud","Oui"
1,1369142056711,"_kud","De toute facon, faut qu'il soit hébergé sur gh-pages"
1,1369142066920,"_kud","donc même si on a du express, ce serait uniquement pour générer les pages"
1,1369142074949,"lionelB","yup"
1,1369142092658,"lionelB","putain le truc que j'aurais voulu dans jekyll > http://jaspervdj.be/hakyll/tutorials/06-versions.html"
1,1369142136316,"_kud","Ca va, les mecs ont pas pompé le logo sur Half-Life."
1,1369142149462,"madx`","_kud: ça va, t'y connais pas rien en maths."
1,1369142155916,"madx`","c'est dans l'autre sens _kud ;à"
1,1369142158117,"_kud","Bien sûr que si."
1,1369142165729,"lionelB","madx a chacun sa culture"
1,1369142165823,"urcadox","_kud: Olol, le lambda c'est le logo de Haskell, un peu plus vieux que HL ^^'"
1,1369142173324,"madx`","le logo half life est un lambda"
1,1369142180271,"madx`","lionelB: je le trolle, il aime bien ;)"
1,1369142185034,"_kud","http://fr.wikipedia.org/wiki/Half-Life"
1,1369142197329,"_kud","Je m'en fous urcadox, half life for the win."
1,1369142209224,"_kud","j'ai fini portal 2 hier, je suis content, et toc."
1,1369142220250,"lionelB","il parait que le 2 est dans les tuyaux"
1,1369142220906,"urcadox","_kud: J'adore HL, mais je suis pas sûr qu'on puisse comparer un jeu à un langage de prog é_è"
1,1369142220980,"_kud","Et depuis quand c'est dans l'autre sens madx` ?"
1,1369142229842,"_kud","lolz lionelB."
1,1369142232479,"_kud","gros coquin"
1,1369142243393,"madx`","_kud: le logo d'half life vient du lambda mathématique"
1,1369142249293,"_kud","oui"
1,1369142252043,"_kud","Je sais"
1,1369142257844,"_kud","mais half life > *"
1,1369142261634,"madx`","huhu"
1,1369142267423,"urcadox","stubborn _kud is stubborn :D"
1,1369142275116,"_kud","true say, fuckers!"
1,1369142355435,"_kud","Pour ou contre le ✔ dans l'input ?"
1,1369142364597,"_kud","ou vous êtes plutôt a l'exterieur de l'input ?"
1,1369142758135,"nfroidure","je débarque après la bataille, mais pour moi, le site de FranceJS full js, ça sonne mieux ;)"
1,1369143182678,"_kud","exact"
1,1369143219712,"nfroidure","Pour la génération d'un site statique, Node devrait le faire, mais je suis tenté de dire qui peut le plus peut le moins."
1,1369143239928,"nfroidure","Un site dynamique avec un système de cache revient à un site généré statiquement mais à la demande"
1,1369143260945,"nfroidure","*er"
1,1369143366137,"nfroidure","Le tout est que les fichiers HTML produits soient les mêmes pour tous."
1,1369143415527,"nfroidure","Ce qui veut dire : authentification + personnalisation du site en Ajax"
1,1369143451847,"madx`","déjà que ça avance pas trop sur les status, pour moi le plus simple et le plus rapide est le mieux"
1,1369143464602,"madx`","git te fournit beaucoup de fonctionnalités aussi"
1,1369143519135,"nfroidure","Bah, clairement, rien n'empêche d'avancer sur le markup et les css puis de changer le back-end quand on voudra."
1,1369143531180,"madx`","repos distribués, PR pour les contributions, rollbacks, hooks pour simplifier le déploiement, pouvoir bosser offline, et j'en passe"
1,1369143550946,"madx`","ne serait-ce que pour l'historique des modifs c'est out of the box"
1,1369143577693,"nfroidure","Tu parles de la base de données là ?"
1,1369143598027,"madx`","ben de tout"
1,1369143607196,"madx`","front + base"
1,1369143640529,"nfroidure","Quelque soit la techno, tu peux utiliser git et avoir ces avantages."
1,1369143657987,"nfroidure","Je pige pas trop ce que tu veux dire en fait :-/"
1,1369143691744,"madx`","c'est pas grave :)"
1,1369143704312,"madx`","je dis juste qu'avoir tout en statique c'est plus simple pour commencer"
1,1369143739758,"nfroidure","De toute façon pour le contenu texte de base, je suis pas pour l'utilisation d'une base de donnée."
1,1369143800435,"nfroidure","Ca devient utile quand tu as besoin de classer, trier ou faire des stats. Mais si on pars sur des annuaires, de l'affichage d'events, on devra y passer."
1,1369143830843,"madx`","oui je suis d'accord"
1,1369143861258,"lionelB","je vous laisse ... hésiter pas à participer au googlegroups ;)"
1,1369143876953,"lionelB","ou vérifier vos filtres antispam ping angezanetti"
4,1369143881809,"lionelB","lionelB leave the chan."
1,1369143900088,"madx`","après, y'a aussi https://www.mongohq.com/pricing"
1,1369143903031,"madx`","le plan sandbox"
1,1369144047240,"madx`","(ou mongolab)"
1,1369144084659,"nfroidure","pour faire du mongo autant faire du statique"
32,1369144333799,"Nyalab","Nyalab leave the IRC (Remote host closed the connection)."
1,1369146896919,"madx`","j'ai ptet trouvé un lieu \o/"
1,1369146989840,"urcadox","un lieu ?"
1,1369147011269,"madx`","pour MarseilleJS"
1,1369147179029,"urcadox","ah"
1,1369147381720,"urcadox","Le trollol du jour : https://twitter.com/phollow/status/336853569254875137"
1,1369147383998,"bobot","phollow: The Javascript is dark and full of errors."
1,1369148980088,"_kud","je surkiffe ma feature twitter <3"
2,1369149831160,"Nyalab","Nyalab join the chan."
2,1369149886254,"rhannequin","rhannequin join the chan."
32,1369151035584,"HammHetfield","HammHetfield leave the IRC (Quit: HammHetfield)."
32,1369151216439,"bigx","bigx leave the IRC (Read error: Connection reset by peer)."
2,1369151257847,"bigx","bigx join the chan."
2,1369151854362,"rhannequin_","rhannequin_ join the chan."
32,1369151933223,"rhannequin","rhannequin leave the IRC (Ping timeout: 252 seconds)."
1,1369151985616,"nfroidure","re"
2,1369152467414,"Amatewasu","Amatewasu join the chan."
32,1369152682162,"rhannequin_","rhannequin_ leave the IRC (Remote host closed the connection)."
32,1369152940423,"felixgilles","felixgilles leave the IRC (Quit: Konversation terminated!)."
1,1369152954240,"nfroidure","_kud, c'était quoi le soucis que tu as eu avec les extensions pour Firefox Android ?"
1,1369152972052,"_kud","Que c'est lourd à dev"
1,1369152977459,"_kud","qu'ils ont pas encore les bons outils"
1,1369152981104,"_kud","contrairement à la version desktop"
1,1369153008583,"nfroidure","ok, je vois"
32,1369153541247,"mab","mab leave the IRC (Ping timeout: 256 seconds)."
2,1369153648152,"mab","mab join the chan."
2,1369154777569,"revolunet_","revolunet_ join the chan."
32,1369154787699,"revolunet","revolunet leave the IRC (Ping timeout: 252 seconds)."
256,1369154787774,"revolunet_","revolunet_ changed his nick for revolunet."
32,1369157000385,"fbentz","fbentz leave the IRC (Quit: fbentz)."
2,1369158089609,"fbentz","fbentz join the chan."
32,1369165084639,"showtim34","showtim34 leave the IRC (Quit: Quitte)."
2,1369165116979,"showtim34","showtim34 join the chan."
32,1369165134233,"MoOx","MoOx leave the IRC (Remote host closed the connection)."
32,1369166229563,"Amatewasu","Amatewasu leave the IRC (Quit: WeeChat 0.4.1-rc2)."
2,1369167003554,"PEM","PEM join the chan."
1,1369167007454,"PEM","salut :)"
1,1369167036594,"PEM","ping _kud"
32,1369169892978,"showtim34","showtim34 leave the IRC (Quit: Quitte)."
32,1369169927134,"PEM","PEM leave the IRC (Quit: Web-5 Conference in 30 days! http://conf2013.web-5.org)."
