32,1363651892130,"stefounet","stefounet leave the IRC (Quit: Leaving.)."
32,1363654128902,"Atu","Atu leave the IRC (Quit: [\"Textual IRC Client: www.textualapp.com\"])."
32,1363658492482,"romainhuet","romainhuet leave the IRC (Ping timeout: 255 seconds)."
2,1363665648378,"romainhuet","romainhuet join the chan."
2,1363669649366,"MoOx","MoOx join the chan."
2,1363677447629,"felixgilles","felixgilles join the chan."
2,1363678343737,"HammHetfield","HammHetfield join the chan."
2,1363680503359,"kewah","kewah join the chan."
2,1363680973128,"stefounet","stefounet join the chan."
2,1363681688305,"_kud","_kud join the chan."
2,1363683359112,"Atu","Atu join the chan."
2,1363684525718,"vvo","vvo join the chan."
1,1363684712548,"_kud","NiKo`: tu es là ?."
1,1363684791809,"NiKo`","_kud: yup"
1,1363684829971,"HammHetfield","_kud: bonjour. Pouvez-vous m'indiquer sur quel chaîne je peux être tenu au courant des informations internationales autres que cette histoire de pape. Merci d'avance. PS : c'est la merde de zapper sur playtv, pub à chaque fois >.<"
1,1363684841442,"_kud","haha"
1,1363684852651,"_kud","NiKo`: on peut faire du screenshot avec autre chose que du webkit ?"
1,1363684881788,"_kud","sur casper j'entends"
1,1363684987615,"NiKo`","_kud: tu veux dire faire du screenshot firefox/ie depuis casper? nope"
1,1363684992930,"NiKo`","(mais j'aimerais bien)"
1,1363684996563,"_kud","En fait j'ai un gros souci"
1,1363684999062,"_kud","je suis tout seul en front"
1,1363685003789,"_kud","et j'peux pas dev des fonctionalités"
1,1363685011600,"_kud","et tester en même temps tout ce qui s'passe sur nos x apps"
1,1363685023325,"_kud","y'a un moment j'ai qu'un cerveau, deux bras et deux yeux"
1,1363685034032,"_kud","du coup, faut absolument que je trouve une solution pour me faciliter la tache"
1,1363685054702,"_kud","http://simile.mit.edu/wiki/Crowbar headless gecko"
1,1363685078579,"HammHetfield","_kud: tu pourrais faire du filediff + mapping templates/sélecteurs utilisé pour avoir à tester que les pages impactées par des changements css"
1,1363685088637,"_kud","tell me more?"
1,1363685113943,"HammHetfield","si tu fais un mapping de quels sélécteurs css sont utilisés sur quelles pages/quels templates"
1,1363685118184,"_kud","oui"
1,1363685132658,"HammHetfield","et que d'un autre côté tu compares une version précédente et la version actuelle de ta css"
1,1363685133977,"NiKo`","pour crowbar, j'avais cru comprendre que le projet était abandonné"
1,1363685151527,"NiKo`","http://simile.mit.edu/mediawiki/index.php?title=Crowbar&action=history hem"
1,1363685154467,"HammHetfield","tu peux voir où tu as fait des changements depuis la dernière fois que tu as fait tes tests"
1,1363685166956,"_kud","snif NiKo`"
1,1363685170233,"HammHetfield","pour tester que les parties des apps qui ont changé plutôt que l'ensemble"
1,1363685179509,"_kud","c'est pas mal comme idée HammHetfield"
1,1363685187060,"NiKo`","_kud: du côté prometteur de la force, tu as slimerjs"
1,1363685188570,"NiKo`","mais c'est encore très jeune"
1,1363685193077,"_kud","ok"
1,1363685209324,"_kud","mrci"
1,1363685218272,"NiKo`","mais à terme tu pourras vraisemblablement faire casperjs test --engine=gecko"
1,1363685221696,"HammHetfield","_kud: sinon il reste la comparaison par pixel"
1,1363685231863,"HammHetfield","mais bon… ça reste discutablement efficace"
1,1363685232490,"_kud","yeaaah NiKo` \o/"
1,1363685239217,"_kud","ouais chaud HammHetfield"
1,1363685241588,"NiKo`","ah pour des diffs de captures, y'a un truc basé sur casper"
1,1363685244263,"HammHetfield","et pas forcément facile à mettre en place correctement avec le contenu dynamique"
1,1363685284145,"NiKo`","https://github.com/refinedlabs/screenspook"
1,1363685297401,"NiKo`","c'est un peu vieux et pas maintenu, et je sais pas si ça fonctionne par contre :x"
1,1363685312543,"HammHetfield","sinon générer un screenshot avec phantomjs ça prend genre 4 lignes de code"
1,1363685315668,"_kud","trop d'ouuuutils là"
1,1363685320022,"_kud","c'est cool ceci étant"
1,1363685324173,"_kud","mais quand est-ce que j'vais avoir le temps..."
1,1363685352792,"NiKo`","ah si voila, ce truc là fonctionne est est relativement maintenu https://github.com/Huddle/PhantomCSS"
1,1363685358991,"_kud","oui :)"
1,1363685362110,"NiKo`","Visual/CSS regression testing with PhantomJS"
1,1363685363498,"_kud","j'en parlais sur twitter"
1,1363685366034,"_kud","ca a l'air sympa"
1,1363685366491,"NiKo`","ah ok"
1,1363685379617,"NiKo`","par contre t'auras toujours que du webkit"
1,1363685396839,"NiKo`","y'a des outils en mode sass qui te font du screenshot continu multiplateforme"
1,1363685406751,"NiKo`","dont un qui se pilote en js, j'ai mangé le nom"
1,1363685417910,"_kud","hahaha"
1,1363685451368,"NiKo`","je crois que c'est vvo qui en avait parlé sur twitter y'a longtemps"
2,1363686003661,"bobylito","bobylito join the chan."
2,1363686258683,"peutetre","peutetre join the chan."
1,1363686844886,"vvo","hotline bonjour"
1,1363686917418,"vvo","avec https://saucelabs.com/ (c'est du selenium en saas) tu peux faire ça voui"
1,1363686919453,"bobylito","Hello"
1,1363686926195,"vvo","avec une stack selenium locale aussi d'ailleurs"
1,1363686933188,"vvo","puisque t'as une fonction de screenshot"
1,1363686947269,"vvo","https://code.google.com/p/selenium/wiki/JsonWireProtocol#/session/:sessionId/screenshot"
1,1363686979661,"vvo","https://github.com/admc/wd -> pour controler du selenium depuis nodejs et prendre des screenshots (saucelabs ou local)"
1,1363686982586,"vvo","vala"
1,1363687077829,"vvo","tin bin y a ça aussi"
1,1363687078312,"vvo","http://url2png.com/alternatives/"
18,1363688318582,"Marionnette1","Marionnette1 join the chan."
8,1363688318745,"_kud","_kud change topic to \"Communauté française des utilisateurs de JavaScript | Site : http://francejs.org\""
32,1363688504102,"Marionnette","Marionnette leave the IRC (Ping timeout: 255 seconds)."
32,1363688506328,"felixgilles","felixgilles leave the IRC (Ping timeout: 255 seconds)."
1,1363688812532,"_kud","Je vais faire quelques choses de maison :)"
1,1363688818578,"_kud","j'viens de récupérer une machine là"
1,1363688824116,"_kud","qui va bosser pour moi"
1,1363688824715,"_kud",":)"
32,1363688924517,"peutetre","peutetre leave the IRC (Quit: peutetre)."
2,1363688983837,"peutetre","peutetre join the chan."
32,1363689254148,"peutetre","peutetre leave the IRC (Client Quit)."
2,1363689897023,"peutetre","peutetre join the chan."
32,1363690690480,"bobylito","bobylito leave the IRC (Quit: bobylito)."
32,1363690727552,"peutetre","peutetre leave the IRC (Quit: peutetre)."
2,1363691125905,"bobylito","bobylito join the chan."
32,1363693082987,"vvo","vvo leave the IRC (Ping timeout: 252 seconds)."
32,1363693423863,"bobylito","bobylito leave the IRC (Ping timeout: 245 seconds)."
2,1363694011908,"vvo","vvo join the chan."
32,1363694184463,"kewah","kewah leave the IRC (Quit: kewah)."
2,1363695715993,"kewah","kewah join the chan."
2,1363695808907,"bobylito","bobylito join the chan."
2,1363696086924,"peutetre","peutetre join the chan."
32,1363696173886,"bobylito","bobylito leave the IRC (Ping timeout: 245 seconds)."
2,1363696184995,"bobylito","bobylito join the chan."
32,1363696481838,"peutetre","peutetre leave the IRC (Ping timeout: 252 seconds)."
2,1363696649991,"peutetre","peutetre join the chan."
32,1363697567657,"bobylito","bobylito leave the IRC (Remote host closed the connection)."
2,1363697582857,"bobylito","bobylito join the chan."
1,1363698198135,"nfroidure","_kud, y'a le pendant de PhantomJS qui est développé par laurent jouanneau, va sur son dépôt github tu le trouveras."
1,1363698206912,"_kud","oui :)"
1,1363698209543,"nfroidure","le but est d'avoir les mêmes APIs"
1,1363698223993,"nfroidure","mais pour Gecko"
1,1363698325193,"_kud","nice !"
1,1363698329904,"CrEv","c'est le slimerjs dont il est question un peu plus haut ;)"
1,1363698339750,"CrEv","pas headless par contre"
1,1363698361393,"_kud","oui slimerjs"
1,1363698364982,"_kud","okay"
1,1363698376848,"madx`","Hello"
1,1363698508753,"madx`","bon, quand j'aurais un peu de temps je lancerai un tumblr pour marseillejs"
1,1363698764896,"_kud","un tumblr ?"
1,1363698770468,"_kud","pourquoi pas un gh-pages ?"
1,1363698886549,"madx`","hmm"
1,1363698896679,"madx`","moins de travail ?"
1,1363698907370,"madx`","mais t'as pas tort ceci-dit"
1,1363698997964,"madx`","mais pas envie de faire un theme quoi"
2,1363699033479,"MoOx_","MoOx_ join the chan."
1,1363699076135,"madx`","_kud: y'aura moyen de fournir des <usergroup>.francejs.org ?"
1,1363699082509,"_kud","Oui"
1,1363699103640,"_kud","on peut héberger des groupes sur github"
1,1363699114041,"madx`","bon c'est mieux que tumblr ouais"
1,1363699125633,"madx`","j'veux juste pas que ce soit prise de tête pour publier :)"
32,1363699201879,"MoOx","MoOx leave the IRC (Ping timeout: 264 seconds)."
1,1363699218668,"_kud","utilise happy plan ? :)"
1,1363699299300,"madx`",":D"
1,1363699432187,"madx`","_kud: dans le README tu specifie pas qu'il faut cloner le dépôt ;)"
1,1363699565034,"madx`","j'ai npm 1.2.14 c'est bon ?"
1,1363699730736,"madx`","sa race ça télécharge 30k dépendances :')"
1,1363699855161,"madx`","_kud: npm ERR! cb() never called!"
1,1363699855315,"madx`","npm ERR! not ok code 0"
1,1363699859598,"madx`",":'("
1,1363699864876,"_kud","hein ?"
1,1363699872902,"madx`","npm install plante"
1,1363699936595,"_kud","npm ERR! ca veut rien dire pour moi tu sais :("
1,1363699949819,"_kud","Ce n'est pas npm qui m'interesse comme version"
1,1363699951907,"_kud","mais plutot node"
1,1363699964906,"madx`","0.10."
1,1363699966329,"madx`","0"
1,1363700005226,"_kud","trop tôt je pense"
1,1363700010393,"_kud","essaie la 0.8"
1,1363700072323,"madx`","y'a pas de paquet pour archlinux, je regarderai plus tard"
1,1363700082491,"madx`","sinon je me casse pas la tête je fais un .html et basta"
1,1363700082974,"madx`",":D"
1,1363700125311,"madx`","pour l'instant on est 1 dans le groupe donc bon :D"
1,1363700199310,"_kud","^^"
1,1363700211805,"_kud","tu veux que je te crée un repo marseillejs sur francejs madx` ?"
1,1363700231488,"madx`","tu peux, je m'en servirai pas tout de suite par contre"
1,1363700239168,"madx`","le temps de faire une page au moins quoi"
1,1363700260359,"_kud","k"
1,1363700273770,"_kud","ca sera francejs/marseilejs du coup :D"
1,1363700313408,"_kud","https://github.com/francejs/marseillejs"
1,1363700434513,"_kud","ou sinon tu crées ta propre orga madx`"
1,1363700434827,"madx`","ok nickel"
1,1363700436189,"madx`","merci"
1,1363700437890,"_kud","c'est gratuit"
1,1363700447337,"madx`","_kud: pas pour l'instant, on verra si c'est nécessaire"
1,1363700627419,"_kud","je t'ai créé une equipe madx`"
1,1363700628685,"_kud",":)"
1,1363700630213,"_kud","marseillejs"
1,1363700631670,"madx`","merci ;)"
1,1363700664744,"_kud","madx`:  tu peux me dire ce que tu as acces là ?"
1,1363700667502,"_kud","je t'ai mis les droits"
1,1363700675440,"_kud","mais j'aimerais que ce soit juste pour marseillejs"
1,1363700719808,"madx`","je vois que marseillejs"
1,1363700726731,"_kud","parfait :)"
1,1363700745856,"madx`","j'peux pas trop regarder plus j'ai du boulot"
1,1363700754176,"madx`","par contre android remote notifier c'est super pratique :D"
1,1363700763593,"madx`","téléphone en silencieux au bureau et notifications sur le desktop"
1,1363700772548,"_kud","pas de souci"
2,1363701249104,"vvo1","vvo1 join the chan."
32,1363701249254,"vvo","vvo leave the IRC (Disconnected by services)."
2,1363701299607,"rhannequin","rhannequin join the chan."
32,1363701503439,"rhannequin","rhannequin leave the IRC (Client Quit)."
2,1363701618297,"rhannequin","rhannequin join the chan."
2,1363701621425,"remyfunky","remyfunky join the chan."
2,1363702332550,"stefounet1","stefounet1 join the chan."
32,1363702332753,"stefounet","stefounet leave the IRC (Read error: Connection reset by peer)."
32,1363702701543,"rhannequin","rhannequin leave the IRC (Ping timeout: 252 seconds)."
32,1363702706701,"remyfunky","remyfunky leave the IRC (Ping timeout: 260 seconds)."
2,1363707726355,"bobylito_","bobylito_ join the chan."
32,1363707800746,"peutetre","peutetre leave the IRC (Ping timeout: 240 seconds)."
1,1363707814820,"_kud","nfroidure: j'ai envie de contacter l'afup pour leur demander si un de leur membre pouvait nous chapoter un peu..."
1,1363707817657,"_kud","bonne ou mauvaise idée ?"
32,1363707924038,"bobylito","bobylito leave the IRC (Ping timeout: 245 seconds)."
256,1363707924312,"bobylito_","bobylito_ changed his nick for bobylito."
2,1363707957328,"peutetre","peutetre join the chan."
1,1363708313533,"_kud","casse toi HammHetfield."
1,1363708338913,"HammHetfield","_kud: à quel sujet ?"
1,1363708345611,"_kud","ton tweet bidon"
1,1363708354953,"HammHetfield","lol"
32,1363709152943,"bobylito","bobylito leave the IRC (Remote host closed the connection)."
2,1363709171418,"bobylito","bobylito join the chan."
32,1363711058858,"madx`","madx` leave the IRC (Read error: Operation timed out)."
2,1363711083058,"madx`_","madx`_ join the chan."
32,1363711439472,"goldoraf","goldoraf leave the IRC (*.net *.split)."
2,1363711519800,"goldoraf","goldoraf join the chan."
1,1363712547321,"nfroidure","_kud, sais pas, je me demandais justement si j'allais renouveller l'adhésion de ma boite :)"
1,1363712563333,"_kud","hahaha"
1,1363712567997,"_kud","je te conseille pas"
1,1363712569691,"_kud",":D"
32,1363712630402,"kewah","kewah leave the IRC (Quit: kewah)."
1,1363712674507,"nfroidure","Le truc, c'est que je vais jamais aux ag et que pour aller au forum PHP du dois payer en plus"
1,1363712691092,"nfroidure","Du coup, je me dis que tant qu'à fairte, autant payer le forum PHP au moins tu as un intérêt"
1,1363712691656,"_kud","hahahaha"
1,1363712693524,"_kud","l'arnaque"
1,1363712697436,"_kud","Ceci étant"
1,1363712700884,"_kud","c'est un bon modèle..."
1,1363712705882,"_kud","(de ce qu'il ne faut pas faire)"
1,1363712739032,"nfroidure","Disons que j'ai pas le nez dans les compte, je me demande à quoi servent les cotisations."
1,1363712764438,"nfroidure","Je vais regarder si ils les publient tiens"
1,1363712784801,"nfroidure","A mon sens, les comptes d'une asso doivent être consultable en ligne, non ?"
1,1363712818052,"_kud","oui"
1,1363712819737,"_kud","exact"
1,1363712824153,"_kud","transpance"
1,1363712829153,"_kud","trasparence*"
1,1363712853505,"_kud","background: rgba(255,255,255,0)"
1,1363712856005,"_kud","^^"
1,1363712861249,"_kud","or opacity: 0;"
1,1363712891186,"nfroidure","_kud faut vraiment que je monte le srv de francejs pour que tu voies ce que ça rend"
1,1363712897607,"_kud","Oui :)"
1,1363712911466,"_kud","On m'a demandé pour animer des speaks backbone js :D"
1,1363712921148,"_kud","ils veulent monter une communauté backbonejs paris"
1,1363712926269,"_kud","et me veulent dans l'equipe :p"
1,1363712964859,"nfroidure","c'est cool. J'ai encore jamais testé backbone"
32,1363713453809,"HammHetfield","HammHetfield leave the IRC (Quit: HammHetfield)."
32,1363714138565,"bobylito","bobylito leave the IRC (Quit: bobylito)."
2,1363714381618,"eaSy60","eaSy60 join the chan."
32,1363715617555,"vvo1","vvo1 leave the IRC (Remote host closed the connection)."
32,1363716699207,"arcanis","arcanis leave the IRC (Ping timeout: 258 seconds)."
32,1363716914998,"peutetre","peutetre leave the IRC (Quit: peutetre)."
4,1363716984000,"stefounet1","stefounet1 leave the chan."
2,1363718854216,"kud","kud join the chan."
2,1363719609487,"kewah","kewah join the chan."
32,1363720214832,"kewah","kewah leave the IRC (Quit: kewah)."
2,1363720340720,"kewah","kewah join the chan."
32,1363721451163,"LionelB","LionelB leave the IRC (Quit: Bye Bye)."
32,1363721838138,"kewah","kewah leave the IRC (Quit: kewah)."
32,1363723707621,"MoOx_","MoOx_ leave the IRC (Remote host closed the connection)."
2,1363724795716,"showtim34","showtim34 join the chan."
2,1363725207340,"MoOx","MoOx join the chan."
256,1363727298350,"madx`_","madx`_ changed his nick for madx`."
18,1363728149751,"Marionnette","Marionnette join the chan."
8,1363728149805,"_kud","_kud change topic to \"Communauté française des utilisateurs de JavaScript | Site : http://francejs.org\""
32,1363728468641,"pou`","pou` leave the IRC (Quit: Lost terminal)."
2,1363728594134,"bobylito","bobylito join the chan."
32,1363728973998,"MoOx","MoOx leave the IRC (Remote host closed the connection)."
32,1363731134591,"showtim34","showtim34 leave the IRC (Quit: Quitte)."
32,1363731713627,"kud","kud leave the IRC (Quit: Leaving)."
2,1363733215146,"stefounet","stefounet join the chan."
4,1363733354094,"stefounet","stefounet leave the chan."
