32,1381444456597,"lionelB","lionelB leave the IRC (Read error: Connection reset by peer)."
32,1381445327489,"revolunet","revolunet leave the IRC (Ping timeout: 252 seconds)."
2,1381446834096,"bigx","bigx join the chan."
32,1381450544332,"bigx","bigx leave the IRC (Remote host closed the connection)."
2,1381455118022,"_mlb","_mlb join the chan."
32,1381462295893,"_mlb","_mlb leave the IRC (Remote host closed the connection)."
2,1381464125692,"_mlb","_mlb join the chan."
32,1381464625241,"_mlb","_mlb leave the IRC (Ping timeout: 245 seconds)."
2,1381465702355,"MoOx","MoOx join the chan."
2,1381469517399,"Grirrle","Grirrle join the chan."
32,1381471950505,"Grirrle","Grirrle leave the IRC (Ping timeout: 245 seconds)."
2,1381472698115,"Grirrle","Grirrle join the chan."
32,1381474155073,"Grirrle","Grirrle leave the IRC (Ping timeout: 265 seconds)."
2,1381475337425,"HammHetfield","HammHetfield join the chan."
2,1381476602154,"revolunet","revolunet join the chan."
2,1381477883732,"kewah","kewah join the chan."
2,1381477986712,"Nyalab","Nyalab join the chan."
2,1381478346038,"_mlb","_mlb join the chan."
32,1381479266762,"kewah","kewah leave the IRC (Quit: kewah)."
2,1381479333965,"kewah","kewah join the chan."
32,1381480066969,"_mlb","_mlb leave the IRC (Remote host closed the connection)."
2,1381480118437,"_mlb","_mlb join the chan."
2,1381480168108,"OwlyCode","OwlyCode join the chan."
32,1381480572853,"_mlb","_mlb leave the IRC (Remote host closed the connection)."
2,1381480785483,"oncletom","oncletom join the chan."
2,1381481201487,"lionelB","lionelB join the chan."
2,1381481484974,"rhannequin","rhannequin join the chan."
1,1381483257784,"nfroidure","Nous sommes fous : http://thoughtcatalog.com/2013/21-embarrassing-examples-of-why-french-people-are-way-trashier-than-americans/"
32,1381487350819,"rhannequin","rhannequin leave the IRC (Ping timeout: 265 seconds)."
32,1381487813048,"kewah","kewah leave the IRC (Quit: kewah)."
2,1381488505602,"kewah","kewah join the chan."
32,1381489237870,"kewah","kewah leave the IRC (Quit: kewah)."
32,1381489372345,"MoOx","MoOx leave the IRC (Remote host closed the connection)."
2,1381489656708,"kewah","kewah join the chan."
2,1381489745120,"MoOx","MoOx join the chan."
2,1381491877905,"rhannequin","rhannequin join the chan."
32,1381491880026,"MoOx","MoOx leave the IRC (Remote host closed the connection)."
2,1381492295491,"MoOx","MoOx join the chan."
2,1381492808816,"_mlb","_mlb join the chan."
32,1381493099084,"_mlb","_mlb leave the IRC (Remote host closed the connection)."
2,1381493601442,"_mlb","_mlb join the chan."
4,1381493775547,"lionelB","lionelB leave the chan."
2,1381495138295,"rhannequin_","rhannequin_ join the chan."
32,1381495190103,"rhannequin","rhannequin leave the IRC (Ping timeout: 272 seconds)."
32,1381495339868,"oncletom","oncletom leave the IRC (Quit: Leaving.)."
32,1381500546452,"_mlb","_mlb leave the IRC (Remote host closed the connection)."
32,1381501191871,"kewah","kewah leave the IRC (Quit: kewah)."
2,1381501586615,"kewah","kewah join the chan."
2,1381501807745,"_mlb","_mlb join the chan."
2,1381502018751,"lionelB","lionelB join the chan."
32,1381502865859,"_mlb","_mlb leave the IRC (Remote host closed the connection)."
2,1381504201654,"_mlb","_mlb join the chan."
32,1381504661465,"kewah","kewah leave the IRC (Quit: kewah)."
2,1381505529270,"kewah","kewah join the chan."
32,1381506082638,"_mlb","_mlb leave the IRC (Remote host closed the connection)."
32,1381506461996,"rhannequin_","rhannequin_ leave the IRC (Remote host closed the connection)."
32,1381508023972,"kewah","kewah leave the IRC (Quit: kewah)."
32,1381508374565,"Nyalab","Nyalab leave the IRC (Remote host closed the connection)."
32,1381508405188,"HammHetfield","HammHetfield leave the IRC (Quit: HammHetfield)."
4,1381508550312,"lionelB","lionelB leave the chan."
32,1381508756021,"OwlyCode","OwlyCode leave the IRC (Quit: Quitte)."
2,1381511724522,"tfe_","tfe_ join the chan."
32,1381511724533,"tfe_","tfe_ leave the IRC (Client Quit)."
2,1381514094652,"Amatewasu","Amatewasu join the chan."
2,1381514974687,"_mlb","_mlb join the chan."
32,1381515103170,"_mlb","_mlb leave the IRC (Remote host closed the connection)."
32,1381515762594,"revolunet","revolunet leave the IRC (Ping timeout: 248 seconds)."
2,1381519422207,"_mlb","_mlb join the chan."
32,1381519608464,"_mlb","_mlb leave the IRC (Remote host closed the connection)."
32,1381521656287,"NiKo`","NiKo` leave the IRC (Quit: So long.)."
2,1381521965341,"NiKo`","NiKo` join the chan."
32,1381524969885,"MoOx","MoOx leave the IRC (Remote host closed the connection)."
32,1381525012588,"Amatewasu","Amatewasu leave the IRC (Quit: WeeChat 0.4.3-dev)."
