2,1382136167939,"_mlb","_mlb join the chan."
32,1382136505949,"_mlb","_mlb leave the IRC (Ping timeout: 256 seconds)."
2,1382139980526,"_mlb","_mlb join the chan."
32,1382140322040,"_mlb","_mlb leave the IRC (Ping timeout: 265 seconds)."
2,1382143502470,"_mlb","_mlb join the chan."
32,1382146078014,"lionelB","lionelB leave the IRC (Ping timeout: 272 seconds)."
2,1382146116865,"lionelB","lionelB join the chan."
32,1382149780774,"_mlb","_mlb leave the IRC (Remote host closed the connection)."
2,1382153413068,"_mlb","_mlb join the chan."
32,1382153664062,"_mlb","_mlb leave the IRC (Ping timeout: 248 seconds)."
2,1382159374018,"MoOx","MoOx join the chan."
2,1382160773842,"_mlb","_mlb join the chan."
32,1382161088860,"_mlb","_mlb leave the IRC (Ping timeout: 256 seconds)."
2,1382168041173,"goldoraf","goldoraf join the chan."
2,1382168144115,"_mlb","_mlb join the chan."
32,1382168231993,"_mlb","_mlb leave the IRC (Remote host closed the connection)."
2,1382169441641,"Amatewasu","Amatewasu join the chan."
2,1382171543779,"gorhgorh","gorhgorh join the chan."
32,1382171662654,"gorhgorh","gorhgorh leave the IRC (Client Quit)."
32,1382171670932,"Amatewasu","Amatewasu leave the IRC (Quit: WeeChat 0.4.3-dev)."
2,1382171862866,"_mlb","_mlb join the chan."
32,1382172200802,"_mlb","_mlb leave the IRC (Ping timeout: 272 seconds)."
2,1382172376577,"gorhgorh","gorhgorh join the chan."
32,1382172472489,"goldoraf","goldoraf leave the IRC (Ping timeout: 272 seconds)."
32,1382172499224,"gorhgorh","gorhgorh leave the IRC (Client Quit)."
32,1382173296926,"excilan","excilan leave the IRC (Ping timeout: 246 seconds)."
2,1382175940973,"Amatewasu","Amatewasu join the chan."
32,1382176645545,"Amatewasu","Amatewasu leave the IRC (Quit: WeeChat 0.4.3-dev)."
2,1382177829847,"Amatewasu","Amatewasu join the chan."
2,1382181333653,"_mlb","_mlb join the chan."
2,1382182080013,"excilan","excilan join the chan."
2,1382182590339,"skitoo","skitoo join the chan."
32,1382182837352,"skitoo","skitoo leave the IRC (Client Quit)."
2,1382184694298,"_kud","_kud join the chan."
1,1382184727949,"nfroidure","_kud, pour les mails, la conf est prête, suffit que naholyr switche les DNS"
1,1382184737520,"_kud","oki"
1,1382184739324,"_kud",":)"
1,1382184742597,"nfroidure","s/DNS/champs MX/"
2,1382184837256,"skitoo","skitoo join the chan."
2,1382185839957,"skitoo_","skitoo_ join the chan."
32,1382185840050,"skitoo","skitoo leave the IRC (Read error: Connection reset by peer)."
32,1382186269557,"_kud","_kud leave the IRC (Remote host closed the connection)."
32,1382190173365,"nfroidure","nfroidure leave the IRC (Quit: Ex-Chat)."
2,1382191348073,"nfroidure","nfroidure join the chan."
2,1382192453067,"goldoraf","goldoraf join the chan."
1,1382193460361,"nfroidure","goldoraf, je suis sur le scroll touch là, tu as pu avancer sur le device keyboard ?"
32,1382195653255,"goldoraf","goldoraf leave the IRC (Ping timeout: 272 seconds)."
2,1382198204696,"_kud","_kud join the chan."
32,1382203704393,"_kud","_kud leave the IRC (Remote host closed the connection)."
4,1382204060068,"lionelB","lionelB leave the chan."
2,1382209831394,"stephCoue","stephCoue join the chan."
32,1382210541095,"stephCoue","stephCoue leave the IRC (Remote host closed the connection)."
2,1382212361867,"stephCoue","stephCoue join the chan."
32,1382212943881,"stephCoue","stephCoue leave the IRC (Ping timeout: 272 seconds)."
32,1382214018027,"excilan","excilan leave the IRC (undefined)."
2,1382214529078,"stephCoue","stephCoue join the chan."
32,1382214831364,"stephCoue","stephCoue leave the IRC (Ping timeout: 240 seconds)."
32,1382215380121,"skitoo_","skitoo_ leave the IRC (Quit: Leaving...)."
2,1382218487702,"goldoraf","goldoraf join the chan."
