1,1366668979486,"revolunet","alors ca le fait ou bien ?"
1,1366669018100,"revolunet","kud: c'est quand le beerjs ?"
1,1366669026813,"kud","j'sais pas"
1,1366669784215,"revolunet","ha bah bravo"
1,1366674918421,"revolunet","kud: tutilises quoi comme package pour grunt/cssmin ?"
1,1366674939802,"kud","compass"
32,1366674942297,"kud","kud leave the IRC (Quit: Leaving)."
32,1366677476095,"revolunet","revolunet leave the IRC (Quit: revolunet)."
2,1366693986746,"MoOx","MoOx join the chan."
2,1366698468047,"HammHetfield","HammHetfield join the chan."
2,1366698556703,"HammHetfield_","HammHetfield_ join the chan."
32,1366698728935,"HammHetfield","HammHetfield leave the IRC (Ping timeout: 252 seconds)."
256,1366698729214,"HammHetfield_","HammHetfield_ changed his nick for HammHetfield."
2,1366701210591,"kewah","kewah join the chan."
2,1366703053982,"revolunet","revolunet join the chan."
2,1366703969689,"rhannequin","rhannequin join the chan."
32,1366704104807,"rhannequin","rhannequin leave the IRC (Client Quit)."
32,1366704247387,"fuse","fuse leave the IRC (Quit: WeeChat 0.3.8)."
2,1366704301608,"rhannequin","rhannequin join the chan."
2,1366704383625,"fuse","fuse join the chan."
2,1366704731543,"Nyalab","Nyalab join the chan."
2,1366706331167,"HammHetfield_","HammHetfield_ join the chan."
32,1366706459202,"HammHetfield","HammHetfield leave the IRC (Ping timeout: 256 seconds)."
256,1366706459293,"HammHetfield_","HammHetfield_ changed his nick for HammHetfield."
2,1366706594201,"vvo","vvo join the chan."
32,1366707501649,"kewah","kewah leave the IRC (Quit: kewah)."
256,1366707721511,"Shahor_","Shahor_ changed his nick for Shahor."
32,1366708537011,"revolunet","revolunet leave the IRC (Ping timeout: 264 seconds)."
2,1366708578309,"revolunet","revolunet join the chan."
32,1366708697748,"endou","endou leave the IRC (Quit: leaving)."
2,1366709242040,"kud","kud join the chan."
32,1366709427350,"_kud","_kud leave the IRC (Ping timeout: 272 seconds)."
32,1366710049745,"rhannequin","rhannequin leave the IRC (Ping timeout: 245 seconds)."
2,1366711096176,"showtim34","showtim34 join the chan."
1,1366711195462,"angezanetti","nfroidure: les annonces du prochain LilleJs sont faites sur Fb, Twitter & G+"
32,1366711561922,"vvo","vvo leave the IRC (Ping timeout: 252 seconds)."
2,1366711762775,"vvo","vvo join the chan."
32,1366712202745,"vvo","vvo leave the IRC (Ping timeout: 264 seconds)."
1,1366712232850,"kud","NiKo`: Tu connais le comportement de tes screenshots via casperjs"
1,1366712244965,"kud","lorsque le fond n'est pas défini (et est donc blanc) ?"
1,1366712250875,"kud","j'aimerais un fond transparent en fait"
2,1366713128069,"victordarras","victordarras join the chan."
1,1366713136511,"fuse","le prochain coup j'envoie des bots pour flooder la date du LilleJS angezanetti nfroidure"
2,1366714657444,"HammHetfield_","HammHetfield_ join the chan."
32,1366714822233,"HammHetfield","HammHetfield leave the IRC (Ping timeout: 248 seconds)."
2,1366714914189,"HammHetfield","HammHetfield join the chan."
32,1366714979429,"HammHetfield_","HammHetfield_ leave the IRC (Ping timeout: 246 seconds)."
1,1366715469688,"nfroidure","fuse, je vais devoir faire plus de fausses inscriptions alors ;p"
1,1366716545115,"nfroidure","ça me fait penser, plus sérieusement, qu'il faudrait qu'on tienne une comptabilité des gens qui ne tiennent pas leur promesse de venue"
1,1366716559320,"nfroidure","Ca évitera de donner du poids aux personnes qui ne tiennent pas leurs engagements"
2,1366716581044,"lionelB","lionelB join the chan."
2,1366716622177,"vvo","vvo join the chan."
2,1366717042835,"endou","endou join the chan."
32,1366717093596,"endou","endou leave the IRC (Remote host closed the connection)."
2,1366717107643,"endou","endou join the chan."
2,1366717430568,"rhannequin","rhannequin join the chan."
32,1366717686798,"endou","endou leave the IRC (Remote host closed the connection)."
2,1366718033880,"endou","endou join the chan."
32,1366718490404,"endou","endou leave the IRC (Remote host closed the connection)."
2,1366718514606,"endou","endou join the chan."
32,1366718864006,"endou","endou leave the IRC (Remote host closed the connection)."
2,1366718894931,"endou","endou join the chan."
32,1366719624728,"rhannequin","rhannequin leave the IRC (Ping timeout: 245 seconds)."
2,1366719855465,"rhannequin","rhannequin join the chan."
32,1366721099800,"rhannequin","rhannequin leave the IRC (Ping timeout: 245 seconds)."
1,1366722352715,"fuse","nfroidure: ce serait une option sympa de doodle"
1,1366725310125,"angezanetti","13 personnes d'inscrite pour VEndredi \o/"
1,1366725837863,"nfroidure",":)"
1,1366725883624,"nfroidure","madx`, quand tu as des trucs à rt, hésites pas à me bipper car je vois tjrs pas tout passer ;)"
1,1366725902166,"madx`","nfroidure: ça marche ;)"
32,1366725953565,"endou","endou leave the IRC (Remote host closed the connection)."
2,1366725971241,"endou","endou join the chan."
1,1366726166886,"nfroidure","kud, il y a la source du logo twitter de FranceJS quelque part ? Je voudrai l'utiliser en remplaçant France par Chti pour le profil de @chtijs"
1,1366726171480,"nfroidure","*s"
1,1366726177011,"kud","euh"
1,1366726180736,"kud","bonne question"
1,1366726182890,"kud","aucune idée"
1,1366726189222,"kud","il me l'a envoyé par mail je crois"
1,1366726195565,"kud","et j'ai pas le temps là :/"
1,1366726208254,"nfroidure","kud, prends ton temps, on est pas aux pièces ;)"
1,1366726293350,"kud","Tu m'as répondu NiKo` :("
32,1366726927278,"vvo","vvo leave the IRC (Ping timeout: 256 seconds)."
32,1366726940233,"showtim34","showtim34 leave the IRC (Quit: Quitte)."
2,1366726963584,"vvo","vvo join the chan."
1,1366727980721,"NiKo`","kud: ?"
1,1366727992697,"kud","HA !"
1,1366728004831,"kud","Je voulais savoir"
1,1366728026617,"kud","peut-on avec casperjs faire des screenshots avec de la transparence ?"
1,1366728182548,"NiKo`","j'en sais rien du tout, mais a priori je pense pas"
1,1366728192332,"kud","naaaaaaan :'("
1,1366728202618,"NiKo`","ben t'en demandes beaucoup là je trouve :p"
1,1366728222093,"kud","bah rien du tout"
1,1366728225254,"kud","s'il a pas de background"
1,1366728229424,"kud","il devrait faire de la transparene"
1,1366728231583,"kud","transparence*"
1,1366728270023,"lionelB","nfroidure t'as besoin du logo ?"
1,1366728310687,"nfroidure","lionelB, ça dépend si j'ai la police sur ma Debian :)"
1,1366728319334,"lionelB","pas sur"
1,1366728332474,"nfroidure","Je veux mettre Chti à la place de France pour changer le profil de @ChtiJS"
1,1366728340528,"lionelB","ok"
1,1366728358523,"lionelB","chti ou ch'ti"
1,1366728392583,"lionelB","ou lille ;)"
1,1366728464264,"kud","ou tuning"
1,1366728468118,"kud","tuningjs"
1,1366728469810,"kud","très bon"
1,1366728474825,"NiKo`","kud: ben non, l'outil fait une capture du rendu à plat et par défaut le fond d'une page est blanc"
1,1366728480125,"kud","Je m'en fous"
1,1366728485496,"kud","casperjs ca déchire"
1,1366728487439,"kud","donc ca doit faire ca"
1,1366728488599,"kud","c'est tout"
1,1366728488652,"NiKo`","toi tu voudrais CasperPhotoshopJS quoi"
1,1366728499548,"kud",":D"
1,1366728529762,"NiKo`","bon sinon SF ça déboite, Mozilla ça déboite"
1,1366728536111,"kud","tu m'étonnes"
1,1366728579744,"NiKo`","par contre faut que j'arrête le bacon au petit déj"
1,1366728585617,"NiKo`","j'vais prendre 10 kils"
1,1366728614125,"nfroidure","lionelB, Ch'ti :)"
1,1366728629119,"nfroidure","NiKo`, SF ?"
1,1366728637534,"NiKo`","sinon c'est rigolo, j'ai discuté avec le project lead de mozilla marketplace hier"
1,1366728644493,"NiKo`","ils utilisent casper pour des tests"
1,1366728657115,"NiKo`","nfroidure: san francisco"
1,1366728664002,"NiKo`","j'y suis pour la semaine"
1,1366728670977,"nfroidure","Veinard :)"
1,1366728675919,"NiKo`",":)"
1,1366728700713,"nfroidure","J'ai eu peur, j'ai cru que tu parlais de Symfony ;)"
1,1366728724513,"lionelB","NiKo` ya moyen de ramener des goodies pour sudweb ?"
1,1366728811953,"NiKo`","je sais pas, à voir le volume que ça prend, je suis déjà bien chargé"
1,1366728837740,"NiKo`","mais voyez avec Moz Paris, chui sûr qu'ils en ont des masses en stock"
1,1366728870360,"lionelB","pas de soucis"
1,1366729344588,"kud","http://playtv.fr/television/lcp-ps/ :)"
1,1366729420776,"vvo","c'est surfaiiiiit SF"
1,1366729425322,"vvo","(Nan je suis pas jalou)"
1,1366729448674,"kud","j'préfère Aubervilliers perso"
1,1366729534763,"vvo","voilà ça c'est de la ville"
1,1366729618149,"kud",":D"
2,1366730991737,"HammHetfield_","HammHetfield_ join the chan."
32,1366731143303,"HammHetfield","HammHetfield leave the IRC (Ping timeout: 256 seconds)."
256,1366731143395,"HammHetfield_","HammHetfield_ changed his nick for HammHetfield."
32,1366732890228,"HammHetfield","HammHetfield leave the IRC (Quit: HammHetfield)."
32,1366733434664,"endou","endou leave the IRC (Remote host closed the connection)."
4,1366734521602,"lionelB","lionelB leave the chan."
32,1366736514576,"vvo","vvo leave the IRC (Remote host closed the connection)."
2,1366738850704,"_kud","_kud join the chan."
32,1366739047224,"kud","kud leave the IRC (Ping timeout: 276 seconds)."
32,1366739370523,"revolunet","revolunet leave the IRC (Ping timeout: 240 seconds)."
2,1366745048144,"Amatewasu","Amatewasu join the chan."
32,1366746369446,"MoOx","MoOx leave the IRC (Remote host closed the connection)."
32,1366746589302,"victordarras","victordarras leave the IRC (Quit:  Want to be different? Try HydraIRC -> http://www.hydrairc.com <-)."
32,1366747203739,"Amatewasu","Amatewasu leave the IRC (Quit: WeeChat 0.4.1-dev)."
2,1366747397676,"kud","kud join the chan."
1,1366747437086,"kud","NiKo`,  tu m'expliques comment ca se fait que y'a pas de npm install casperjs ? :p"
