32,1378245730572,"tricky21","tricky21 leave the IRC (Remote host closed the connection)."
2,1378245764821,"tricky21","tricky21 join the chan."
32,1378246021780,"tricky21","tricky21 leave the IRC (Ping timeout: 245 seconds)."
32,1378247121625,"Tobu","Tobu leave the IRC (Ping timeout: 260 seconds)."
2,1378247211851,"Tobu","Tobu join the chan."
32,1378248092494,"_mlb","_mlb leave the IRC (Remote host closed the connection)."
2,1378248182967,"tricky21","tricky21 join the chan."
32,1378248709567,"_Setsuna_","_Setsuna_ leave the IRC (Quit: ZNC - http://znc.sourceforge.net)."
2,1378248827075,"tricky21_","tricky21_ join the chan."
32,1378248827289,"tricky21","tricky21 leave the IRC (Read error: Connection reset by peer)."
32,1378249196918,"Tobu","Tobu leave the IRC (Ping timeout: 245 seconds)."
2,1378249197901,"Tobu_","Tobu_ join the chan."
2,1378249924281,"_mlb","_mlb join the chan."
32,1378249987757,"tricky21_","tricky21_ leave the IRC (Remote host closed the connection)."
2,1378250022732,"tricky21","tricky21 join the chan."
32,1378250285725,"tricky21","tricky21 leave the IRC (Ping timeout: 260 seconds)."
32,1378250472309,"_mlb","_mlb leave the IRC (Ping timeout: 276 seconds)."
2,1378254254857,"tricky21","tricky21 join the chan."
32,1378254541908,"tricky21","tricky21 leave the IRC (Ping timeout: 260 seconds)."
32,1378255100685,"tfe","tfe leave the IRC (Ping timeout: 240 seconds)."
2,1378255216842,"tfe","tfe join the chan."
2,1378257505388,"_mlb","_mlb join the chan."
32,1378257790377,"_mlb","_mlb leave the IRC (Ping timeout: 264 seconds)."
