2,1375999392736,"revolunet","revolunet join the chan."
32,1376002632019,"revolunet","revolunet leave the IRC (Ping timeout: 240 seconds)."
2,1376003135880,"revolunet","revolunet join the chan."
2,1376003667894,"_mlb","_mlb join the chan."
2,1376004521018,"tricky21","tricky21 join the chan."
32,1376005014958,"Tobu","Tobu leave the IRC (Ping timeout: 246 seconds)."
2,1376005364958,"Tobu","Tobu join the chan."
32,1376005517294,"revolunet","revolunet leave the IRC (Quit: revolunet)."
32,1376007109765,"Nyalab","Nyalab leave the IRC (Read error: Connection reset by peer)."
2,1376007206036,"Nyalab","Nyalab join the chan."
32,1376015514187,"tricky21","tricky21 leave the IRC (Remote host closed the connection)."
2,1376016203116,"tricky21","tricky21 join the chan."
32,1376016877193,"tricky21","tricky21 leave the IRC (Remote host closed the connection)."
32,1376018234902,"madx`","madx` leave the IRC (Ping timeout: 264 seconds)."
2,1376018242732,"madx`","madx` join the chan."
2,1376022584653,"tricky21","tricky21 join the chan."
32,1376022873627,"tricky21","tricky21 leave the IRC (Ping timeout: 256 seconds)."
2,1376023282648,"MoOx","MoOx join the chan."
2,1376029849959,"tricky21","tricky21 join the chan."
32,1376030175928,"tricky21","tricky21 leave the IRC (Ping timeout: 264 seconds)."
2,1376030467442,"HammHetfield","HammHetfield join the chan."
2,1376032213986,"HammHetfield_","HammHetfield_ join the chan."
32,1376032298792,"HammHetfield","HammHetfield leave the IRC (Ping timeout: 248 seconds)."
256,1376032299140,"HammHetfield_","HammHetfield_ changed his nick for HammHetfield."
2,1376033540069,"tricky21","tricky21 join the chan."
32,1376033788725,"tricky21","tricky21 leave the IRC (Ping timeout: 240 seconds)."
32,1376034953200,"nod_","nod_ leave the IRC (Read error: Connection reset by peer)."
2,1376034969489,"nod_","nod_ join the chan."
2,1376034980088,"rhannequin","rhannequin join the chan."
2,1376035238499,"fbentz","fbentz join the chan."
1,1376035400770,"fbentz","Hello :)"
2,1376035666637,"kewah","kewah join the chan."
2,1376035910631,"rhannequin_","rhannequin_ join the chan."
32,1376036011114,"rhannequin","rhannequin leave the IRC (Ping timeout: 276 seconds)."
32,1376036066959,"_mlb","_mlb leave the IRC (Remote host closed the connection)."
2,1376036099940,"_mlb","_mlb join the chan."
32,1376036339952,"_mlb","_mlb leave the IRC (Ping timeout: 240 seconds)."
4,1376036608629,"nod_","nod_ leave the chan."
2,1376036822694,"angezane1ti","angezane1ti join the chan."
32,1376036867260,"angezane1ti","angezane1ti leave the IRC (Client Quit)."
2,1376037278985,"_mlb","_mlb join the chan."
2,1376037470495,"nod_","nod_ join the chan."
2,1376037704131,"oncletom","oncletom join the chan."
32,1376037745296,"Nyalab","Nyalab leave the IRC (Remote host closed the connection)."
2,1376037761271,"Nyalab","Nyalab join the chan."
2,1376037865926,"rhannequin","rhannequin join the chan."
32,1376037950959,"rhannequin_","rhannequin_ leave the IRC (Ping timeout: 240 seconds)."
2,1376038924330,"tricky21","tricky21 join the chan."
2,1376039135961,"rhannequin_","rhannequin_ join the chan."
32,1376039171963,"rhannequin","rhannequin leave the IRC (Ping timeout: 240 seconds)."
32,1376040576741,"fbentz","fbentz leave the IRC (Quit: fbentz)."
2,1376040769957,"fbentz","fbentz join the chan."
32,1376042988628,"fbentz","fbentz leave the IRC (Quit: fbentz)."
32,1376044573234,"_mlb","_mlb leave the IRC (Remote host closed the connection)."
2,1376044609074,"_mlb","_mlb join the chan."
32,1376044726593,"tricky21","tricky21 leave the IRC (Remote host closed the connection)."
2,1376044762878,"tricky21","tricky21 join the chan."
32,1376044854681,"_mlb","_mlb leave the IRC (Ping timeout: 240 seconds)."
2,1376044939388,"rhannequin","rhannequin join the chan."
32,1376045028253,"rhannequin_","rhannequin_ leave the IRC (Ping timeout: 240 seconds)."
32,1376045041845,"tricky21","tricky21 leave the IRC (Ping timeout: 264 seconds)."
2,1376046924125,"Ninon","Ninon join the chan."
32,1376047100469,"rhannequin","rhannequin leave the IRC (Ping timeout: 246 seconds)."
32,1376047408962,"HammHetfield","HammHetfield leave the IRC (Quit: HammHetfield)."
32,1376047488717,"oncletom","oncletom leave the IRC (Quit: Leaving.)."
32,1376048236944,"kewah","kewah leave the IRC (Quit: kewah)."
32,1376048582348,"Marsup","Marsup leave the IRC (Remote host closed the connection)."
2,1376048748371,"kewah","kewah join the chan."
2,1376049001645,"tricky21","tricky21 join the chan."
4,1376049100842,"Ninon","Ninon leave the chan."
32,1376049292625,"tricky21","tricky21 leave the IRC (Ping timeout: 264 seconds)."
2,1376049616593,"_mlb","_mlb join the chan."
2,1376050494043,"rhannequin","rhannequin join the chan."
2,1376050688467,"tricky21","tricky21 join the chan."
32,1376051074954,"neolao","neolao leave the IRC (Quit: leaving)."
2,1376051091371,"fbentz","fbentz join the chan."
2,1376051160420,"neolao","neolao join the chan."
32,1376051369477,"tricky21","tricky21 leave the IRC (Remote host closed the connection)."
2,1376051806667,"tricky21","tricky21 join the chan."
2,1376052448067,"OwlyCode","OwlyCode join the chan."
2,1376053499666,"Marsup","Marsup join the chan."
32,1376054185727,"tricky21","tricky21 leave the IRC (Remote host closed the connection)."
2,1376054543778,"tricky21","tricky21 join the chan."
2,1376055918150,"rhannequin_","rhannequin_ join the chan."
32,1376055986257,"rhannequin","rhannequin leave the IRC (Ping timeout: 264 seconds)."
2,1376056178832,"rhannequin","rhannequin join the chan."
4,1376056237860,"nod_","nod_ leave the chan."
32,1376056252164,"rhannequin_","rhannequin_ leave the IRC (Ping timeout: 264 seconds)."
32,1376056477825,"fbentz","fbentz leave the IRC (Read error: Connection reset by peer)."
2,1376056494922,"fbentz","fbentz join the chan."
2,1376056784278,"nod_","nod_ join the chan."
32,1376056804432,"tricky21","tricky21 leave the IRC (Remote host closed the connection)."
2,1376057133866,"tricky21","tricky21 join the chan."
32,1376057298985,"kewah","kewah leave the IRC (Quit: kewah)."
32,1376058324683,"mab","mab leave the IRC (Read error: Connection reset by peer)."
2,1376058498095,"mab","mab join the chan."
2,1376059040957,"kewah","kewah join the chan."
32,1376059760825,"kewah","kewah leave the IRC (Quit: kewah)."
2,1376060004790,"kewah","kewah join the chan."
32,1376060073819,"fbentz","fbentz leave the IRC (Quit: fbentz)."
2,1376061628800,"Amatewasu","Amatewasu join the chan."
32,1376062319563,"OwlyCode","OwlyCode leave the IRC (Quit: Quitte)."
32,1376063743688,"Amatewasu","Amatewasu leave the IRC (Ping timeout: 256 seconds)."
32,1376064103357,"kewah","kewah leave the IRC (Quit: kewah)."
32,1376064365322,"rhannequin","rhannequin leave the IRC (Ping timeout: 276 seconds)."
32,1376065206738,"Nyalab","Nyalab leave the IRC (Remote host closed the connection)."
2,1376065276425,"Amatewasu","Amatewasu join the chan."
32,1376065645842,"Amatewasu","Amatewasu leave the IRC (Ping timeout: 240 seconds)."
2,1376066474015,"Amatewasu","Amatewasu join the chan."
32,1376066744328,"_mlb","_mlb leave the IRC (Ping timeout: 276 seconds)."
2,1376068793578,"_mlb","_mlb join the chan."
32,1376070429841,"tricky21","tricky21 leave the IRC (Remote host closed the connection)."
2,1376070600473,"tricky21","tricky21 join the chan."
32,1376070604153,"Amatewasu","Amatewasu leave the IRC (Ping timeout: 248 seconds)."
32,1376071000626,"MoOx","MoOx leave the IRC (Remote host closed the connection)."
2,1376071455175,"Amatewasu","Amatewasu join the chan."
32,1376072362235,"tricky21","tricky21 leave the IRC (Remote host closed the connection)."
32,1376073598121,"_mlb","_mlb leave the IRC (Remote host closed the connection)."
2,1376074399316,"fbentz","fbentz join the chan."
32,1376074799033,"Amatewasu","Amatewasu leave the IRC (Ping timeout: 240 seconds)."
32,1376075087570,"fbentz","fbentz leave the IRC (Quit: fbentz)."
2,1376075142553,"fbentz","fbentz join the chan."
2,1376075353363,"tricky21","tricky21 join the chan."
32,1376075412320,"tricky21","tricky21 leave the IRC (Remote host closed the connection)."
2,1376075581498,"Amatewasu","Amatewasu join the chan."
2,1376075836630,"tricky21","tricky21 join the chan."
32,1376075881557,"fbentz","fbentz leave the IRC (Quit: fbentz)."
32,1376075955513,"Amatewasu","Amatewasu leave the IRC (Ping timeout: 246 seconds)."
2,1376077553669,"Amatewasu","Amatewasu join the chan."
32,1376078277893,"tricky21","tricky21 leave the IRC (Remote host closed the connection)."
2,1376078324997,"fbentz","fbentz join the chan."
2,1376078328612,"rhannequin","rhannequin join the chan."
32,1376078610653,"Amatewasu","Amatewasu leave the IRC (Ping timeout: 260 seconds)."
2,1376079404974,"Amatewasu","Amatewasu join the chan."
32,1376079520305,"fbentz","fbentz leave the IRC (Quit: fbentz)."
2,1376079665669,"fbentz","fbentz join the chan."
32,1376079699523,"fbentz","fbentz leave the IRC (Client Quit)."
2,1376079841209,"fbentz","fbentz join the chan."
32,1376079977035,"Amatewasu","Amatewasu leave the IRC (Ping timeout: 264 seconds)."
2,1376080711806,"tricky21","tricky21 join the chan."
2,1376080809841,"Amatewasu","Amatewasu join the chan."
32,1376081212993,"tricky21","tricky21 leave the IRC (Remote host closed the connection)."
2,1376082976797,"tricky21","tricky21 join the chan."
32,1376083002698,"tricky21","tricky21 leave the IRC (Remote host closed the connection)."
2,1376084074863,"tricky21","tricky21 join the chan."
32,1376085053757,"tricky21","tricky21 leave the IRC (Remote host closed the connection)."
