32,1372111569338,"Amatewasu","Amatewasu leave the IRC (Quit: WeeChat 0.4.2-dev)."
32,1372113793808,"kud","kud leave the IRC (Quit: Leaving)."
2,1372118471504,"_mlb","_mlb join the chan."
32,1372119915509,"stephCoue","stephCoue leave the IRC (Remote host closed the connection)."
32,1372123854948,"_mlb","_mlb leave the IRC (Remote host closed the connection)."
2,1372124179008,"stephCoue","stephCoue join the chan."
32,1372124505005,"stephCoue","stephCoue leave the IRC (Ping timeout: 256 seconds)."
32,1372132895430,"Munto","Munto leave the IRC (Quit: Let's make things Frugal!)."
2,1372136810519,"MoOx","MoOx join the chan."
2,1372140016035,"_mlb","_mlb join the chan."
2,1372141040817,"rhannequin","rhannequin join the chan."
2,1372141827643,"Shahor","Shahor join the chan."
2,1372142398925,"rhannequin_","rhannequin_ join the chan."
32,1372142531454,"rhannequin","rhannequin leave the IRC (Read error: Operation timed out)."
256,1372142657530,"rhannequin_","rhannequin_ changed his nick for rhannequin."
2,1372142667077,"HammHetfield","HammHetfield join the chan."
32,1372142895642,"Shahor","Shahor leave the IRC (Remote host closed the connection)."
2,1372145653531,"showtim34","showtim34 join the chan."
32,1372145769225,"_mlb","_mlb leave the IRC (Remote host closed the connection)."
2,1372146880297,"Nyalab","Nyalab join the chan."
32,1372147101263,"bobot","bobot leave the IRC (Remote host closed the connection)."
2,1372147158849,"bobot","bobot join the chan."
2,1372147743911,"Amatewasu","Amatewasu join the chan."
2,1372148116262,"_mlb","_mlb join the chan."
2,1372148765649,"Shahor","Shahor join the chan."
2,1372149708933,"DontShootMe","DontShootMe join the chan."
1,1372150005126,"bricef","http://www.montpellierjs.org/montpellier-js/appel-a-orateurs-pour-l-agile-tour-de-montpellier"
1,1372150038990,"_kud","o/"
1,1372150077110,"_kud","tweet le bricef, on rt"
1,1372150975158,"angezanetti","o/"
2,1372154512020,"stephCoue","stephCoue join the chan."
32,1372158178544,"rhannequin","rhannequin leave the IRC (Ping timeout: 276 seconds)."
2,1372159378285,"goldoraf","goldoraf join the chan."
2,1372161938133,"rhannequin","rhannequin join the chan."
1,1372162476798,"nfroidure","http://javascript-hebdo.fr/"
1,1372162484758,"_kud","oui ?"
1,1372162527750,"nfroidure","J'informe ;)"
1,1372162531292,"_kud",":)"
32,1372165102495,"DontShootMe","DontShootMe leave the IRC (Ping timeout: 256 seconds)."
1,1372166522951,"nfroidure","finalement, j'ai trouvé un moyen de se passer de requireJS pour la production."
1,1372167006224,"_mlb","https://gist.github.com/mlbli/5858366"
1,1372167145532,"nfroidure","merci _mlb, mais ce sont des modules AMD ;)"
1,1372167202699,"_mlb","je vois pas spécialement ce qu'AMD apporte par rapport à un bon vieux cat"
1,1372167211371,"_mlb","une fois que tu compiles le tout en prod"
1,1372167447786,"_kud","je suis dans ce cas là _mlb"
1,1372167449857,"_kud","j'ai tout concat"
1,1372167452267,"_kud","sans AMD"
1,1372167455519,"nfroidure","pas de pollution du contexte global"
1,1372167468521,"_kud","j'ai un namespace quand bien même j'ai pas d'AMD hein"
1,1372167540863,"nfroidure","Un autre intérêt est aussi le chargement asynchrone"
1,1372167555512,"nfroidure","Tu peux décider de charger un script qu'à un certains moment"
1,1372167569497,"_mlb","nfroidure: je suis pas fan"
1,1372167579210,"_mlb","beaucoup plus de requêtes serveurs"
1,1372167620652,"nfroidure","Pour un de mes projets, y'a tellement de JS que si je fais pas ça tu va attendre longtemps avant d'avoir ton premier affichage."
1,1372167658540,"nfroidure","Utiliser AMD permet de pouvoir faire ce que tu veux. Rien n'empêche de ne pas l'utiliser tout en étant compatible."
1,1372167829002,"_kud","Moi je fais ca https://gist.github.com/kud/0fbd18cb83ca50d62502 (poke _mlb nfroidure)"
1,1372167836306,"_kud","et je concatene tous mes fichiers a la fin"
1,1372167846026,"_kud","et je mets juste mon \"main.js\" en tout dernier qui a le dom.ready"
1,1372167857988,"_kud","comme ca, tout est enfermé dans window.ptv"
1,1372167930853,"nfroidure","pourquoi gader une référence dans window ?"
1,1372167940245,"_kud","c'est a dire ?"
1,1372167948070,"nfroidure","Le mieux est que ton app soit pas accessible du tout depuis le contexte global"
1,1372167956267,"_kud","euh"
1,1372167966292,"_kud","je sais pas si c'est possible... j'avoue... ? poke _mlb"
1,1372167976249,"nfroidure","bien-sûr :)"
1,1372167992189,"nfroidure","Le tout est que tu aies pas besoin de mettre des attributs du style onclick dans ton HTML"
1,1372167993034,"_kud","tu as des articles a ce sujet ?"
1,1372168011302,"_kud","je mets jamais rien en inline"
1,1372168015384,"nfroidure","Car là, forcément, tu as besoin de pouvoir accèder depuis le ctx global"
1,1372168042025,"nfroidure","Non, mais si tu utilises que addEventListener, tu peux, y'a pas de souci."
1,1372168049193,"_kud","ha oui"
1,1372168052392,"_kud","mais je fais quasi que ca"
1,1372168073347,"nfroidure","L'idée est que les autres code JS puissent plus accéder à tes données"
1,1372168093617,"_kud","ca ca m'intéresse grandement oui"
1,1372168104108,"nfroidure","Mais ton window.ptv tu peux le laisser en dev pour avoir un point d'entrée pour le débogage"
1,1372168272939,"_kud","Je vois pas du tout comment tu peux cacher ton code de window... ?"
1,1372168314480,"nfroidure","En créant une closure avec une focntion anonyme"
1,1372168333812,"nfroidure","Comme tu fais en fait, sauf que tu annules l'effet en raccrochant au ctx global"
1,1372168340869,"_kud","okay je vois"
1,1372168346588,"_kud","j'enleve la référence a window donc"
1,1372168372865,"_mlb","j'aime bien laisser l'object principal de l'app en globale perso"
1,1372168390426,"nfroidure","En mettant tout ton code dans une closure, tu as un contexte pour ton app."
1,1372168391470,"_kud","oui mais justement _mlb dans mon backbone"
1,1372168391632,"_mlb","si je dois checke une data rapidement quand on me demande de reproduire un bug"
1,1372168401499,"_kud","je suis pas sur de devoir tout mettre dans window"
1,1372168480964,"_mlb","la question après c'est juste: est-ce qu'il t'arrive d'avoir besoin de jeter un oeil dans la console de temps en temps"
1,1372168507454,"nfroidure","pour le dev ça peut être utile, encore que, en plaçant un point d'arrêt tu auras accès à la closure racine."
1,1372168542102,"nfroidure","Ca sera même plus facile de trouver tes vars plutôt que de chercher parmi tous les vars du ctx global"
1,1372168563698,"nfroidure","Sans compter le risque de collision avec ganalytics, les boutons fb, tw etc..."
1,1372168576711,"_mlb","ouais mais genre je trouve ça plus simple de faire myApp.models.Book.instances"
1,1372168581579,"_mlb","qu'un breakpoint"
1,1372168603610,"nfroidure","Bah, si ton code est propre, le bug lance une exception"
1,1372168610188,"nfroidure","Donc le breakpoint est automatique"
1,1372168728699,"nfroidure","En fait, tout l'intérêt de AMD, c'est de pouvoir morceler ton code en plusieurs fichiers tout en ayant un contexte global propre."
1,1372168783155,"nfroidure","A mon avis, _kud ton win.ptv est là car tu as pas d'autre moyen de morceler ton code en fichier (à part AMD ;)"
1,1372168804860,"_kud","c'est pas faux"
1,1372168809288,"_kud","je viens d'y reflechir là"
1,1372168810174,"_kud","et oui"
1,1372168811299,"_kud",":)"
1,1372168824612,"_kud","il me faudrait un objet qui permet de passer d'une fonction anonyme a une autre"
1,1372168857072,"nfroidure","C'est ce que fait require JS avec AMD. Tu passes une fonction anonyme à define()"
1,1372168873142,"_kud","oui"
1,1372168881818,"nfroidure","Et define a lui même un pool de pointeurs vers tes modules dans une closure"
1,1372168889702,"nfroidure","Ce qui fait que tes modules restent privés."
32,1372168922850,"euskadi313","euskadi313 leave the IRC (Quit: WeeChat 0.4.0)."
1,1372168943851,"_kud","J'vais voir ce que je peux faire"
2,1372168947326,"euskadi31","euskadi31 join the chan."
1,1372168959829,"_kud","Ceci etant, avoir du code requirejs dans mon build"
1,1372168962476,"_kud","ca me fait un peu chier"
1,1372168972332,"_kud","car je le compile en un seul fichier a la fin avec r.js en général"
1,1372169002786,"nfroidure","J'ai trouvé un workaround pour ça"
1,1372169143477,"nfroidure","tu utilises UMD comme ici : https://github.com/nfroidure/Sounds/blob/master/Sounds.js"
1,1372169155249,"nfroidure","Puis, tu buildes avec r.js"
1,1372169165992,"nfroidure","Puis tu vire require.js"
1,1372169179800,"nfroidure","Enfin, tu ajoute à ton build :"
1,1372169190980,"_kud","oui c'est ce que je fais avec la version mobiole nfroidure"
1,1372169198314,"_kud","j'utilise même pas require.js"
1,1372169205233,"_kud","j'utilise que r.js avec son écrire amd"
1,1372169209155,"nfroidure","(function() { // ton build ici }).call(this)"
1,1372169220975,"nfroidure","Ooops"
1,1372169224896,"nfroidure","(function() { // ton build ici }).call({})"
32,1372169303667,"HammHetfield","HammHetfield leave the IRC (Quit: HammHetfield)."
1,1372169304676,"nfroidure","Le seul truc est qu'il faut que tes noms de modules soient uniques"
2,1372169629721,"_mlb_","_mlb_ join the chan."
32,1372169630019,"_mlb","_mlb leave the IRC (Read error: Connection reset by peer)."
32,1372170304721,"Amatewasu","Amatewasu leave the IRC (Quit: WeeChat 0.4.2-dev)."
2,1372170320138,"Amatewasu","Amatewasu join the chan."
2,1372170511022,"_MoOx_","_MoOx_ join the chan."
32,1372170549468,"MoOx","MoOx leave the IRC (Read error: Connection reset by peer)."
32,1372170842031,"_MoOx_","_MoOx_ leave the IRC (Ping timeout: 248 seconds)."
2,1372170914067,"MoOx","MoOx join the chan."
2,1372171031209,"_MoOx_","_MoOx_ join the chan."
32,1372171220733,"MoOx","MoOx leave the IRC (Ping timeout: 246 seconds)."
2,1372171438029,"HammHetfield","HammHetfield join the chan."
2,1372171970275,"Grirrle1","Grirrle1 join the chan."
2,1372172105782,"rhannequin_","rhannequin_ join the chan."
32,1372172359652,"rhannequin","rhannequin leave the IRC (*.net *.split)."
32,1372172360124,"Grirrle","Grirrle leave the IRC (*.net *.split)."
32,1372172360543,"nfroidure","nfroidure leave the IRC (*.net *.split)."
32,1372172572482,"Marsup","Marsup leave the IRC (Ping timeout: 244 seconds)."
2,1372172660553,"Marsup","Marsup join the chan."
2,1372172800094,"nfroidure","nfroidure join the chan."
32,1372173209886,"Amatewasu","Amatewasu leave the IRC (Quit: WeeChat 0.4.2-dev)."
2,1372173249022,"Amatewasu","Amatewasu join the chan."
32,1372173288620,"Nyalab","Nyalab leave the IRC (Remote host closed the connection)."
18,1372175385625,"Marionnette1","Marionnette1 join the chan."
8,1372175385636,"_kud","_kud change topic to \"Communauté française des utilisateurs de JavaScript | Site : http://francejs.org\""
32,1372175787127,"Marsup","Marsup leave the IRC (*.net *.split)."
32,1372175787292,"goldoraf","goldoraf leave the IRC (*.net *.split)."
32,1372175787303,"stephCoue","stephCoue leave the IRC (*.net *.split)."
32,1372175787379,"Tobu","Tobu leave the IRC (*.net *.split)."
32,1372175788318,"Marionnette","Marionnette leave the IRC (*.net *.split)."
2,1372175845552,"Marsup","Marsup join the chan."
2,1372176094507,"rhannequin","rhannequin join the chan."
32,1372176164902,"rhannequin_","rhannequin_ leave the IRC (Ping timeout: 258 seconds)."
2,1372176173656,"Nyalab","Nyalab join the chan."
2,1372177374700,"goldoraf","goldoraf join the chan."
2,1372177374710,"stephCoue","stephCoue join the chan."
2,1372177374710,"Tobu","Tobu join the chan."
2,1372177543129,"angezane1ti","angezane1ti join the chan."
32,1372177624364,"rhannequin","rhannequin leave the IRC (Remote host closed the connection)."
2,1372177715749,"Grirrle","Grirrle join the chan."
32,1372177755695,"HammHetfield","HammHetfield leave the IRC (Quit: HammHetfield)."
32,1372177794402,"angezanetti","angezanetti leave the IRC (Ping timeout: 264 seconds)."
32,1372177796215,"Grirrle1","Grirrle1 leave the IRC (Ping timeout: 264 seconds)."
32,1372178505151,"stephCoue","stephCoue leave the IRC (Remote host closed the connection)."
1,1372178944743,"_MoOx_","J'ai l'impression que \"view instanceof Backbone.View\" ça marche pas, je me trompe ?"
1,1372179060668,"_MoOx_","y'a moyen d'avoir la liste des instances de quoi c'est fait toussa un objet ?"
1,1372179071678,"_MoOx_","vous allez me dire log()"
1,1372179174100,"_MoOx_","ah mais lol boulet"
1,1372179176527,"_MoOx_","! view instanceof Backbone.View"
1,1372179179619,"_MoOx_","BRAVO MOI"
1,1372179181302,"_MoOx_","BRAVO"
1,1372179185890,"_MoOx_","NE FAITES JAMAIS CA OK ?"
1,1372179188291,"_MoOx_","salut"
1,1372179192300,"_MoOx_","! (view instanceof Backbone.View)"
1,1372179194154,"_MoOx_","bisous"
1,1372179400493,"_mlb_","Backbone.View.prototype.isPrototypeOf(view)"
1,1372179414888,"_MoOx_","trop long :)"
1,1372179419206,"_MoOx_","mais je connaissais pas"
1,1372179420692,"_MoOx_","Merci"
1,1372179458694,"_MoOx_","J'imagine que Object.__proto__.isPrototypeOf existe ?"
1,1372179471958,"_mlb_","isPrototypeOf est dans Object.prototyp"
1,1372179473675,"_mlb_","isPrototypeOf est dans Object.prototype"
1,1372179476127,"_mlb_","donc oui"
1,1372179482137,"_MoOx_","Parfait"
1,1372179502362,"_MoOx_","En fait je met ta notation, ca m'évite mon commentaire pour le junior au dessus ^^"
1,1372179805861,"_mlb_","le plus simple c'est de se faire une petite var isProtoOf = {}.isPrototypeOf"
1,1372179829604,"_mlb_","histoire de pas foutre la merde quand ton proto de base est crée avec Object.create(nullà"
1,1372179830124,"_MoOx_","J'aime bien le code verbeux, donc ça me va"
1,1372179835991,"_mlb_","*Object.create(null)"
1,1372179861606,"_mlb_","et du coup isProtoOf.call(proto, obj) ça fait même plus léger à la min"
32,1372180435179,"_mlb_","_mlb_ leave the IRC (Read error: Connection reset by peer)."
2,1372180435810,"_mlb","_mlb join the chan."
2,1372181265942,"angezanetti","angezanetti join the chan."
2,1372181390845,"_mlb_","_mlb_ join the chan."
32,1372181510194,"angezane1ti","angezane1ti leave the IRC (*.net *.split)."
32,1372181510731,"Amatewasu","Amatewasu leave the IRC (*.net *.split)."
32,1372181571180,"_mlb_","_mlb_ leave the IRC (Remote host closed the connection)."
32,1372181598856,"_mlb","_mlb leave the IRC (Ping timeout: 248 seconds)."
2,1372181605853,"_mlb","_mlb join the chan."
2,1372181956096,"Amatewasu","Amatewasu join the chan."
32,1372183230914,"_mlb","_mlb leave the IRC (Ping timeout: 248 seconds)."
32,1372184146989,"Nyalab","Nyalab leave the IRC (Remote host closed the connection)."
2,1372184418333,"_mlb","_mlb join the chan."
32,1372185753131,"Amatewasu","Amatewasu leave the IRC (Ping timeout: 252 seconds)."
32,1372185791424,"_mlb","_mlb leave the IRC (Remote host closed the connection)."
2,1372186859309,"Amatewasu","Amatewasu join the chan."
32,1372188196289,"showtim34","showtim34 leave the IRC (Quit: Quitte)."
32,1372189773041,"_MoOx_","_MoOx_ leave the IRC (Remote host closed the connection)."
