32,1363302536014,"_kud","_kud leave the IRC (Quit: Leaving)."
32,1363303508205,"sblanc|away","sblanc|away leave the IRC (Ping timeout: 256 seconds)."
32,1363307075319,"coppa","coppa leave the IRC (Quit: Leaving.)."
32,1363317162098,"revolunet","revolunet leave the IRC (Quit: revolunet)."
32,1363317896893,"Atu","Atu leave the IRC (Quit: [\"Textual IRC Client: www.textualapp.com\"])."
2,1363325345487,"MoOx","MoOx join the chan."
2,1363329345351,"sblanc","sblanc join the chan."
2,1363332007215,"felixgilles","felixgilles join the chan."
2,1363332747208,"AlexandreMorgaut","AlexandreMorgaut join the chan."
2,1363332977235,"coppa","coppa join the chan."
2,1363334004459,"stefounet","stefounet join the chan."
32,1363334165233,"stefounet","stefounet leave the IRC (Client Quit)."
32,1363334270736,"coppa","coppa leave the IRC (Quit: Leaving.)."
2,1363334831657,"kewah","kewah join the chan."
2,1363335520594,"HammHetfield","HammHetfield join the chan."
2,1363335985535,"coppa","coppa join the chan."
2,1363336065577,"_kud","_kud join the chan."
32,1363336139102,"AlexandreMorgaut","AlexandreMorgaut leave the IRC (Quit: This computer has gone to sleep)."
17,1363336437443,"Marionnette","On s'fait chier ici non ?"
1,1363336451541,"_kud","Bueah non, ca va."
17,1363336883115,"Marionnette","tu m'emmènerais pas au cinéma, rien que toi, moi et des pop-corns ?"
1,1363336902237,"nfroidure","Amis du jour, bonjour :)"
17,1363336946233,"Marionnette","J'suis sexy non ? Oui hein. ^^"
1,1363337053661,"nfroidure","A vrai dire, comme tu es la seule fille, oui :D"
1,1363337106896,"_kud","haha"
1,1363337118755,"nfroidure","On peut faire sortir n'importe quoi de ta bouche. La réciproque est vraie ? Ok, je sors :)"
1,1363337132802,"HammHetfield","fille ?"
1,1363337134422,"HammHetfield","O_O"
17,1363337142035,"Marionnette","On se calme."
17,1363337154816,"Marionnette","J'vais kicker tout le monde, moi, ca va être rapide."
2,1363337195637,"Nyalab","Nyalab join the chan."
2,1363337315425,"AlexandreMorgaut","AlexandreMorgaut join the chan."
1,1363337372877,"nfroidure","Pour info, Marionnette est le nouveau nom du bot ;)"
17,1363337372877,"Marionnette","nfroidure: You're talking to me ?? Try ls."
1,1363337417386,"HammHetfield","aaaaaah"
17,1363337418224,"Marionnette","Style, j'suis un bot moi."
1,1363337430931,"HammHetfield","ça me rassure déjà"
1,1363337442984,"nfroidure","HammHetfield, je me permettrai pas de parler comme ça sinon ;)"
17,1363337481371,"Marionnette","les robots sont des êtres vivants comme les autres, si c'est ça je boude :'("
1,1363337489591,"HammHetfield","donc je savais que 80% des filles sur IRC s'appellent Gérard… les 20% restant seraient donc des bots"
1,1363337491420,"HammHetfield","ça se tient"
17,1363337528690,"Marionnette","Gérard, c'est mon deuxième prénom. Mes parents étaient bourrés à ma naissance. Enfin, surtout le père. (pok nfroidure)"
1,1363337570563,"nfroidure","T'es dure avec moi. J'ai dû désaouler une ou deux fois au moins depuis."
1,1363337582195,"HammHetfield","ça va trop loin les bots..."
1,1363337601626,"HammHetfield","à mon époque, les bots faisaient des quizz et c'est tout..."
1,1363337613640,"HammHetfield","maintenant ils conversent et tout..."
1,1363337618103,"nfroidure",":D"
1,1363337720232,"nfroidure","https://github.com/google/google-api-nodejs-client/"
1,1363337890068,"nfroidure","Oooh ! http://linuxfr.org/users/jlgrall/journaux/entity-js-un-entity-system-en-javascript"
2,1363338833359,"willy","willy join the chan."
256,1363338857505,"willy","willy changed his nick for Guest97814."
256,1363338866897,"NimS`afk","NimS`afk changed his nick for NimS`."
4,1363338884876,"Guest97814","Guest97814 leave the chan."
2,1363339322907,"stefounet","stefounet join the chan."
2,1363339564364,"revolunet","revolunet join the chan."
2,1363340051045,"NimS`afk","NimS`afk join the chan."
32,1363340149803,"NimS`","NimS` leave the IRC (Ping timeout: 252 seconds)."
2,1363340398611,"_mlb","_mlb join the chan."
32,1363340402942,"_mlb","_mlb leave the IRC (Remote host closed the connection)."
2,1363340439103,"_mlb","_mlb join the chan."
1,1363341134191,"nfroidure","Aujurd'hui j'ai sauvé des vies. J'ai empêché la création d'un formulaire qui te demande de te contacté une fois qu'il est à moitié rempli."
1,1363341161764,"nfroidure","Par téléphone :)"
1,1363341274240,"NimS`afk","o_o"
256,1363341282210,"NimS`afk","NimS`afk changed his nick for NimS`."
1,1363341329905,"NimS`","nfroidure, sale histoire"
1,1363342204369,"nfroidure","On se demande où les clients vont chercher tout ça ;)"
1,1363342221341,"_kud","allez là"
1,1363342222524,"_kud","gandi"
1,1363342229018,"_kud","dig kud.io ca n'a pas été rafraichi"
1,1363342230045,"_kud","grrr"
1,1363342288865,"nfroidure","Je vois la page de parking"
1,1363342303781,"_kud","ouais aussi"
1,1363342312448,"_kud","et j'avais dit de cacher les infos aussi !"
1,1363342314685,"_kud","l'ont pas fait."
32,1363346295262,"coppa","coppa leave the IRC (Read error: No route to host)."
2,1363346315496,"coppa","coppa join the chan."
256,1363346933487,"sblanc","sblanc changed his nick for sblanc|lunch."
2,1363348046331,"willy","willy join the chan."
256,1363348070735,"willy","willy changed his nick for Guest90264."
32,1363348710179,"Guest90264","Guest90264 leave the IRC (Quit: Guest90264)."
1,1363350103909,"nfroidure","Ca saoule les recruteurs qui donnent pas le nom de la boîte..."
256,1363351312197,"sblanc|lunch","sblanc|lunch changed his nick for sblanc."
2,1363351991533,"undef1`","undef1` join the chan."
2,1363354933182,"_kud_","_kud_ join the chan."
32,1363355037352,"_kud","_kud leave the IRC (Read error: Operation timed out)."
2,1363356664368,"NimS`afk","NimS`afk join the chan."
32,1363356767299,"NimS`","NimS` leave the IRC (Ping timeout: 245 seconds)."
32,1363356922355,"kewah","kewah leave the IRC (Quit: kewah)."
256,1363357048123,"_kud_","_kud_ changed his nick for _kud."
256,1363357546108,"NimS`afk","NimS`afk changed his nick for NimS."
2,1363360601192,"Atu","Atu join the chan."
2,1363361704895,"NimS`","NimS` join the chan."
32,1363361821531,"NimS","NimS leave the IRC (Ping timeout: 256 seconds)."
2,1363362162678,"philippebarbosa","philippebarbosa join the chan."
1,1363364280973,"NimS`","l o l"
1,1363364282648,"NimS`","http://korben.info/exploit-monster-job.html"
2,1363365111818,"Amatewasu","Amatewasu join the chan."
32,1363365214973,"felixgilles","felixgilles leave the IRC (Quit: Konversation terminated!)."
18,1363365710066,"Marionnette","Marionnette join the chan."
8,1363365710232,"_kud","_kud change topic to \"Communauté française des utilisateurs de JavaScript | Site : http://francejs.org\""
2,1363365716708,"nfroidure","nfroidure join the chan."
32,1363365750774,"goldoraf","goldoraf leave the IRC (Quit: Quitte)."
2,1363365820619,"revolunet_","revolunet_ join the chan."
2,1363365973852,"NimS","NimS join the chan."
32,1363365983509,"revolunet","revolunet leave the IRC (Ping timeout: 264 seconds)."
256,1363365983862,"revolunet_","revolunet_ changed his nick for revolunet."
32,1363366079744,"NimS`","NimS` leave the IRC (Ping timeout: 256 seconds)."
2,1363366718137,"_kud_","_kud_ join the chan."
32,1363366876852,"HammHetfield","HammHetfield leave the IRC (Quit: HammHetfield)."
32,1363366883120,"_kud","_kud leave the IRC (Ping timeout: 258 seconds)."
32,1363367653810,"coppa","coppa leave the IRC (Quit: Leaving.)."
2,1363367710756,"coppa","coppa join the chan."
32,1363368075733,"coppa","coppa leave the IRC (Ping timeout: 260 seconds)."
32,1363368381044,"_mlb","_mlb leave the IRC (Remote host closed the connection)."
32,1363369496280,"_kud_","_kud_ leave the IRC (Ping timeout: 245 seconds)."
32,1363369603009,"Nyalab","Nyalab leave the IRC (Remote host closed the connection)."
32,1363370033666,"AlexandreMorgaut","AlexandreMorgaut leave the IRC (Quit: This computer has gone to sleep)."
32,1363370111921,"stefounet","stefounet leave the IRC (Quit: Leaving.)."
2,1363370767385,"stefounet","stefounet join the chan."
32,1363371099948,"stefounet","stefounet leave the IRC (Quit: Leaving.)."
32,1363374308191,"philippebarbosa","philippebarbosa leave the IRC (Ping timeout: 260 seconds)."
2,1363378050353,"_kud","_kud join the chan."
32,1363378145143,"NimS","NimS leave the IRC (undefined)."
32,1363380639932,"revolunet","revolunet leave the IRC (Quit: revolunet)."
256,1363382510123,"sblanc","sblanc changed his nick for sblanc|away."
32,1363383104291,"Amatewasu","Amatewasu leave the IRC (Remote host closed the connection)."
