32,1363219769424,"_kud","_kud leave the IRC (Read error: Connection reset by peer)."
32,1363221127286,"philippebarbosa","philippebarbosa leave the IRC (Quit: philippebarbosa)."
32,1363225949887,"revolunet","revolunet leave the IRC (Quit: revolunet)."
32,1363227516802,"LionelB","LionelB leave the IRC (Read error: Connection reset by peer)."
32,1363227830221,"NimS`afk","NimS`afk leave the IRC (undefined)."
32,1363229920453,"Atu","Atu leave the IRC (Quit: [\"Textual IRC Client: www.textualapp.com\"])."
2,1363240653913,"MoOx","MoOx join the chan."
2,1363243252548,"sblanc","sblanc join the chan."
2,1363245422091,"felixgilles","felixgilles join the chan."
2,1363246182290,"coppa","coppa join the chan."
32,1363247181483,"coppa","coppa leave the IRC (Quit: Leaving.)."
2,1363248721722,"HammHetfield","HammHetfield join the chan."
2,1363249260412,"coppa","coppa join the chan."
1,1363249719856,"nfroidure","wazzup !"
1,1363249768694,"nfroidure","J'aime l'effet de FranceJS sur ma carte de contributions : https://github.com/nfroidure"
1,1363249872841,"nfroidure","Tiens on a eu un PR de JSSophia qui se dit : Carrément enthousiaste :D"
2,1363250072691,"_kud","_kud join the chan."
17,1363250245124,"FranceJSBot","chut, le voilà !"
17,1363250267514,"FranceJSBot","Ah non, je me suis trompé, désolé."
1,1363250301530,"nfroidure","On aurait dû l'appeler, FranceJSMarionnette :D"
1,1363250315173,"_kud","Fais le."
1,1363250322066,"_kud","Ou simplement \"Marionnette\""
1,1363250322375,"nfroidure","T'as vu le PR de JSSophia ?"
1,1363250329897,"_kud","on s'en fout de \"francejs\""
1,1363250331770,"_kud","non ?"
1,1363250359593,"_kud","Ca torche !"
1,1363250360184,"_kud",":D"
1,1363250362052,"nfroidure","_kud, pas de préférence, tant qu'il m'est entièrement dévoué ;)"
1,1363250367185,"_kud","héhé"
1,1363250372582,"_kud","appelle le Marionnette alors"
1,1363250373259,"_kud",":)"
17,1363250375615,"FranceJSBot","bien maitre o//"
1,1363250375995,"_kud","ca me convient parfaitement"
17,1363250400768,"FranceJSBot","Vous saviez que j'adorais les bisous ? Non ? Bah maintenant vous le savez. :)"
18,1363250466046,"Marionnette","Marionnette join the chan."
8,1363250466172,"_kud","_kud change topic to \"Communauté française des utilisateurs de JavaScript | Site : http://francejs.org\""
1,1363250499071,"nfroidure","Marionnette, hello !"
17,1363250499071,"Marionnette","nfroidure: Hi! Nice to see you!"
1,1363250547714,"_kud","yeah!"
1,1363250549211,"_kud",":D :D"
1,1363250553296,"_kud","enregistre ce compte par contre"
1,1363250556770,"_kud","pour pas qu'on nous le chippe"
1,1363250726403,"nfroidure","_kud, comment on fait ?"
1,1363250734470,"_kud","oula"
1,1363250739394,"_kud","j'm'en rappelle mêem plus"
1,1363250740217,"_kud","attends"
1,1363250756143,"nfroidure","Même mon pseudo est pas enregistré  ;)"
1,1363250768973,"nfroidure","say marche que pour toi naholy et moi"
1,1363250770951,"_kud"," /msg nickserv register your_password your_email_address"
1,1363250780991,"_kud","cool !"
1,1363250794361,"nfroidure","je vais voir si je peux le faire via la commande say"
1,1363250819534,"nfroidure","L'idéal serait d'avoir un mail marionnette@francejs non ?"
1,1363250823609,"_kud","ouip :("
1,1363250832917,"_kud","au pire tu peux changer ton email apres je croix"
1,1363250833890,"_kud","s"
1,1363250834439,"_kud","*"
17,1363250865879,"Marionnette","/msg nickserv register daMARIONette1 froidure_nicolas@xxxxxx.xx"
1,1363250870119,"_kud","rofl"
1,1363250872605,"_kud","^^"
1,1363250875977,"nfroidure","Bon, ça marche pas :)"
1,1363251168208,"madx`","nfroidure: coupe le bot, change ton nick en marionette et register le"
18,1363251688694,"Marionnette","Marionnette join the chan."
8,1363251688789,"_kud","_kud change topic to \"Communauté française des utilisateurs de JavaScript | Site : http://francejs.org\""
1,1363251830908,"nfroidure","Bon, j'ai enregistré marionnette, mais mon bot s'est connecté sans mdp"
1,1363251909348,"_kud","on s'en moque de ca"
1,1363251910955,"_kud","c'est pas grave"
1,1363251911464,"_kud",":)"
1,1363251922644,"_kud","par contre va falloir dire a jssophia"
1,1363251927147,"_kud","que c'est pas top comme nom"
1,1363251931862,"_kud","et plutôt l'appeler sophiajs"
1,1363251932262,"_kud",":D"
1,1363251938289,"_kud","qui s'en charge ? lalalala"
1,1363251975892,"madx`","ah oui jssophia c'est moche"
1,1363251981308,"madx`","jsssssssssssssssssssssssssssssophia"
1,1363251981855,"nfroidure","_kud, du coup, je sais pas où ils sont géographiquement"
1,1363251986621,"madx`","nfroidure: à Sophia ?"
1,1363251988390,"_kud","bah a sophia"
1,1363251994941,"_kud","sophia antipolis"
1,1363251995030,"madx`","(Antipolis, à côté de Nice)"
1,1363251997482,"_kud","dans l'sud"
1,1363252002910,"nfroidure","oki"
1,1363252006706,"_kud","oui c'est à  l'opposé de chez toi nfroidure"
1,1363252019599,"_kud","sophia antipolis, c'est la seule silicon valley plausibe"
1,1363252073117,"nfroidure","Sinon, à propos du site, c'est pas génial comme système, mais ça a l'avantage d'être universel."
1,1363252085520,"nfroidure","On a eu des PR facilement"
1,1363252098789,"_kud","qu'est-ce qui n'est pas génial ?"
1,1363252105530,"_kud","c'est contraignant pour nous"
1,1363252107956,"_kud","mais pas pour les autrs"
1,1363252109546,"_kud","autres*"
1,1363252115896,"_kud","ou sinon nfroidure on tape sur l'officiel"
1,1363252116770,"nfroidure","le système de github, sans db"
1,1363252117181,"_kud","MAIS"
1,1363252121172,"_kud","faut faire super gaffe"
1,1363252122914,"_kud","ah oui la db"
1,1363252130697,"_kud","ca c'est une autre question"
1,1363252135105,"_kud","on peut faire sans db"
1,1363252140597,"_kud","db = fichier texte"
1,1363252166372,"madx`","amha ça vaut pas le coup de se prendre la tête sur un truc compliqué au départ"
1,1363252175163,"_kud","grave"
1,1363252187602,"madx`","Git pour la collaboration + technos simples pour la mise en œuvre"
1,1363252190534,"nfroidure","Le pb, c'est que si tu veux partir sur des fonctions avancées, ça devient nécessaire"
1,1363252201699,"_kud","ca dépend"
1,1363252205071,"_kud","y'a tjs des api :)"
1,1363252207694,"madx`","nfroidure: à la rigueur y'a des outils existants aussi"
1,1363252210360,"_kud","et puis"
1,1363252214328,"_kud","on peut faire du backbonejs hein :)"
1,1363252220396,"_kud","et déporter l'api qqpart"
1,1363252225477,"_kud",":D :D"
1,1363252233073,"_kud","du statique pour le référencement"
1,1363252239810,"_kud","du backbone pour le dynamisme"
1,1363252243442,"_kud","et du nodejs en api autre part"
1,1363252246504,"_kud","style nodester :)"
1,1363252255809,"_kud","(qui s'appelle appfrog ou je sais plus quoi maintenant)"
1,1363252340945,"_kud","hey j'vais vous taper sur l'indentation html"
1,1363252342757,"madx`","c'est pas non plus obligatoire de réinventer le roue juste pour que ce soit en JS hein :D"
1,1363252345033,"_kud","j'me suis fait chier hier"
1,1363252348563,"_kud","a tout réindenter"
1,1363252352000,"_kud","et c'est a nouveau l'bordel"
1,1363252353524,"_kud","grrr"
1,1363252354026,"_kud",":)"
1,1363252360728,"_kud","madx`:  backbone j'invente rien"
1,1363252363431,"_kud","côté api en revanche"
1,1363252364970,"_kud","je te l'accorde"
1,1363252368085,"_kud","cependant"
1,1363252372862,"_kud","nodester c'est la depuis un bail"
1,1363252377446,"_kud","node y'a des gens qu'en font un peu"
1,1363252377556,"madx`","en fait ça dépend ce que vous voulez faire :D"
1,1363252382358,"_kud","et on veut promovoir le js"
1,1363252383238,"nfroidure","_kud, ça doit être le merge avec JSSophia :D"
1,1363252396370,"_kud","Pour l'api j'te l'accorde on s'en fout"
1,1363252399540,"_kud","pour les css"
1,1363252401731,"_kud","j'ai pris sass"
1,1363252404126,"_kud","parce que less... lolzzz"
1,1363252459552,"HammHetfield","sass ou scss ?"
1,1363252464647,"madx`","scss."
1,1363252466616,"_kud","scss"
1,1363252468180,"HammHetfield","maintenant que je visualise bien la différence… rien à voir"
1,1363252469545,"HammHetfield","ok"
1,1363252473753,"_kud","Tu as raison"
1,1363252476793,"_kud","ca s'appelle sass en vrai"
1,1363252482034,"_kud","mais j'vais dire constamment scss maintenant"
1,1363252485227,"CrEv","sass évidemment"
1,1363252507209,"madx`","CrEv: décidemment entre la mise en prod le vendredi et sass, que de mauvais choix :D"
1,1363252511586,"_kud","nfroidure: la feuille manifeste"
1,1363252515822,"_kud","elle sert juste a rajouter le style"
1,1363252520295,"_kud","\"écrit\""
1,1363252524644,"_kud","pour la page manifeste"
1,1363252531593,"_kud","faut pas l'incorporer constamment"
1,1363252537841,"madx`","(just trollin hein)"
1,1363252540129,"CrEv","madx`: mais heu !"
1,1363252543200,"_kud","Les annonces, on  rajoute la feuille manifeste"
1,1363252546903,"nfroidure","j'ai un client qui fait du dual screen avec des résos différents et qui me soumet un bug car il voit pas le bas de l'application..."
1,1363252547429,"_kud","mais pour le site en lui même on met rien"
1,1363252556751,"CrEv","surtout que sass + coffee + ruby + haml say bien !"
1,1363252558610,"_kud","lol nfroidure"
1,1363252572066,"madx`","HammHetfield: je te présente CrEv, ton opposé."
1,1363252585516,"CrEv","à ce point ? ;)"
1,1363252588206,"HammHetfield","O_O"
1,1363252591503,"HammHetfield",":'("
1,1363252592575,"madx`","ouais :D"
1,1363252606866,"_kud","Nan mais sass ok"
1,1363252607967,"CrEv","(j'aime les mises en prod le vendredi, le lundi, tous les jours quoi)"
1,1363252610396,"HammHetfield","autant les enfants qui meurent de faim ou du Sida… j'arrive à m'en foutre"
1,1363252612206,"_kud","coffee ca se discute mais ok"
1,1363252613430,"HammHetfield","autant ça..."
1,1363252615867,"_kud","ruby oui"
1,1363252619490,"_kud","mais haml... ?"
1,1363252619660,"HammHetfield","pouah, ça me retourne le bide"
1,1363252623958,"_kud","enfin si tu fais QUE du html okay"
1,1363252628339,"HammHetfield","cte stack O_O"
1,1363252629431,"_kud","mais des que tu commecnes a faire du smarty"
1,1363252630789,"HammHetfield","aaaaah"
1,1363252631115,"_kud","du twig"
1,1363252635073,"_kud","des merdes comme ca;.."

1,1363252639756,"_kud","c'est un peu la galère"
1,1363252643727,"madx`","CrEv: entièrement d'accord avec toi, mais il faut juste nuancer par le fait qu'une appli se comporte jamais identiquement en conditions réelles"
1,1363252668031,"madx`","on fait des mises en prod tous les jours et même plusieurs fois, mais on évite les grosses updates le vendredi après midi"
1,1363252678772,"madx`","(en pratique après 15/16h)"
1,1363252698593,"CrEv","ha mais normal, mais bon j'allais parler de tous les cas particuliers qui puissent exister"
2,1363252700616,"revolunet","revolunet join the chan."
1,1363252724836,"nfroidure","_kud, ton manifeste est tout petit, le header HTTP est sûrement plus important que le contenu, imha, regroupe :)"
1,1363252728407,"CrEv","même si c'était tranché, c'est surtout que pour beaucoup c'est une mise à jour *maxi* toutes les semaines, voir toutes les deux semaines."
1,1363252744509,"_kud","C'est possible nfroidure"
1,1363252745691,"_kud","mais le teuc"
1,1363252747489,"_kud","truc"
1,1363252752301,"CrEv","alors que c'est tellement agréable de pousser en prod à chaque amélioration"
1,1363252757277,"_kud","je vais voir ca nfroidure"
1,1363252762479,"madx`","CrEv: oui, ça c'est nul effectivement"
1,1363252764416,"madx`","clairement :D"
1,1363252764605,"nfroidure","CrEv, et tellement buggy :)"
1,1363252819783,"nfroidure","D'ailleurs, vous pensez que c'est possible de brancher BugMeBack sur les issues GitHub ?"
1,1363252849174,"nfroidure","Y'a un captcha quand on veut poster une issue sur GitHub sans être connecté ?"
1,1363252873274,"CrEv","après il y a une sacré réticence à pousser souvent parce que les gens ont tellement l'habitude des maj (trop) grosses et (trop) buggées qu'ils craignent que ce sera pareil mais 10x par jour"
1,1363252875504,"_kud","j'en sais foutrement rien"
1,1363252888875,"_kud","bugmeback c'est quoi ?"
1,1363252890662,"CrEv","mais bon, on s'éloigne du js :)"
1,1363252918984,"nfroidure","https://github.com/nfroidure/BugMeBack"
1,1363252934557,"nfroidure","C'est pour récupérer des bugs avec toutes les infos qui vont bien"
1,1363252950733,"nfroidure","Screenshot, console, user agent etc..."
1,1363252993146,"nfroidure","Le principe est de mettre ça dans ton html <link rel=\"bugreport\" type=\"application/json\" href=\"https://app.ecogom.fr.ewk/bug.dat\" />"
1,1363253005341,"nfroidure","Et les bugs sont envoyés via une requête PUT"
1,1363253022514,"nfroidure","Mais à la reflexion, ça serait encore mieux de linker le github et de poster directement en issue"
1,1363253241084,"nfroidure","Any user with pull access : http://developer.github.com/v3/issues/#create-an-issue"
1,1363253250217,"nfroidure","A priori, faut être connecté"
1,1363253353787,"_kud","oui"
1,1363253436362,"nfroidure","Cay nul"
1,1363253467418,"nfroidure","Madame Michu doit créer un compte pour rapporter une issue. Comme si c'était déjà pas difficile d'avoir une page en anglais :)"
1,1363253732884,"_kud","roh les noobs"
1,1363253741837,"_kud","z'ont même pas de compte twitter chez nordjs / lillejs"
2,1363253973233,"_mlb","_mlb join the chan."
1,1363254050553,"nfroidure","Wow ! Y sont rapides chez GitHub : Thanks for your feedback! We're always working to improve GitHub and we consider every suggestion we receive. I've added your idea about opening issues without the need to have a GitHub account to the Feature Request List™ for the team to see."
1,1363254081537,"_kud","Oui ils sont rapides"
1,1363254160374,"nfroidure","Bon, prochain morceaux, les confs JS. Je vais créer un fichier conferences.html dans le même style ce soir."
1,1363254167230,"nfroidure","D'ici là, boulot !"
2,1363254177943,"vvo","vvo join the chan."
1,1363254200893,"_kud","je vais faire un gmaps"
1,1363254203508,"_kud","des meetups"
1,1363254207309,"_kud","en temps réel si possible"
32,1363254212746,"Nyalab","Nyalab leave the IRC (Remote host closed the connection)."
1,1363254265382,"_mlb","hello"
1,1363254267368,"nfroidure","_kud, tu vois qu'on a besoin d'une base."
1,1363254277557,"_kud","mais non"
1,1363254278746,"nfroidure","Ou alors, on matte un peu l'API de lanyrd ?"
1,1363254284532,"_kud","soit lanyrd"
1,1363254287325,"_kud","soit un fichier txt"
1,1363254290310,"_kud","enfin"
1,1363254290771,"_kud","json"
1,1363254292099,"_kud",":)"
1,1363254295115,"_kud","qui est PR par les gens"
1,1363254295950,"_kud",":)"
1,1363254298211,"nfroidure","Non, CSV !"
1,1363254299223,"_mlb","je vais lancer Villedieu-les-PoêlesJS."
1,1363254304412,"_kud","ouaaaais _mlb"
1,1363254304820,"_kud",":D"
1,1363254334619,"nfroidure","JSON, c'est le Mal©"
1,1363254341819,"_kud","malc ?"
1,1363254343972,"_kud","ca veut dire quoi"
1,1363254345030,"_kud",":D :D"
1,1363254390359,"_kud","Faudrait aussi peut-être proposer aux autres meetups"
1,1363254393037,"_kud","un logo"
1,1363254398843,"_kud","un qui ressemble a celui de france"
1,1363254403589,"_kud","mais brandé par leur nom"
1,1363254430929,"_mlb","ouais faudra faire une charte quoi"
1,1363254431505,"nfroidure","_kud, pour ceux qui le veulent ;)"
1,1363254435770,"_kud","evidemment"
1,1363254441786,"_mlb","avec logo/avatar twitter/couleurs/typo"
1,1363254446976,"_kud","ui"
1,1363254452011,"_kud","ca sera dans identité ca"
2,1363255257548,"AlexandreMorgaut","AlexandreMorgaut join the chan."
1,1363255578649,"coppa","uuh google reader qui va fermer"
1,1363255634511,"_kud","ui :("
2,1363255639968,"NimS","NimS join the chan."
32,1363256224949,"coppa","coppa leave the IRC (Read error: No route to host)."
2,1363256235678,"coppa","coppa join the chan."
1,1363256314986,"Shahor","ouais"
2,1363258694659,"Nyalab","Nyalab join the chan."
256,1363260379004,"sblanc","sblanc changed his nick for sblanc|lunch."
2,1363260384397,"LionelB","LionelB join the chan."
256,1363263209205,"sblanc|lunch","sblanc|lunch changed his nick for sblanc."
32,1363264291892,"AlexandreMorgaut","AlexandreMorgaut leave the IRC (Quit: This computer has gone to sleep)."
2,1363264450001,"NimS`afk","NimS`afk join the chan."
32,1363264535484,"NimS","NimS leave the IRC (Ping timeout: 260 seconds)."
32,1363265905582,"coppa","coppa leave the IRC (Read error: No route to host)."
2,1363265925757,"coppa","coppa join the chan."
2,1363266061804,"AlexandreMorgaut","AlexandreMorgaut join the chan."
32,1363266498845,"vvo","vvo leave the IRC (Read error: Connection reset by peer)."
2,1363266535325,"vvo","vvo join the chan."
256,1363266640231,"NimS`afk","NimS`afk changed his nick for NimS`."
1,1363267410152,"coppa","grrr is sous windows phone qui met sur le support de input[type=\"file\"]"
1,1363267415771,"coppa","ie"
1,1363267421862,"coppa","qui ment"
2,1363267548929,"vvo1","vvo1 join the chan."
32,1363267549057,"vvo","vvo leave the IRC (Disconnected by services)."
32,1363268471064,"HammHetfield","HammHetfield leave the IRC (Ping timeout: 276 seconds)."
2,1363268820505,"vvo","vvo join the chan."
32,1363268926990,"vvo1","vvo1 leave the IRC (Ping timeout: 260 seconds)."
2,1363269102213,"HammHetfield","HammHetfield join the chan."
1,1363270023786,"nfroidure","Warf : Netvibes : If you're experiencing slowdowns or feed latency, please bear with us as we work hard to handle a huge amount of new users. Thank you for your patience"
1,1363270186489,"madx`","les imports sont bloqués sur theoldreader qui a l'air pas mal :("
1,1363270262760,"madx`"," Hey! Because of the huge load we started seeing from lots of concurrent feed import operations, we had to limit the number of imports active at any given time. It looks like right now there are no available slots left, so you might want to visit this page some time later. Meanwhile, feel free to subscribe to feeds manually."
32,1363270807586,"vvo","vvo leave the IRC (Ping timeout: 260 seconds)."
2,1363271059844,"vvo","vvo join the chan."
256,1363272840245,"sblanc","sblanc changed his nick for sblanc|brb."
256,1363276166142,"sblanc|brb","sblanc|brb changed his nick for sblanc."
1,1363278218347,"Shahor","nfroidure: C'est un peu la misère aujourd'hui mais ça tourne quand même ;)"
1,1363278228771,"Shahor","(je bosse chez Netvibes)"
1,1363278268497,"_kud","(désolé)"
1,1363278301953,"Shahor","(C'est chargé ouais)"
1,1363278594383,"_kud","désolé Shahor https://twitter.com/dollyjessy/status/312238711179993089"
1,1363278727010,"Shahor","\"vous n'êtes pas autorisés [...]\""
1,1363278729173,"Shahor","screenshot plz ?"
1,1363278741504,"_kud","artf"
1,1363278754499,"_kud","@paingout \"Les gens qui conseillent Netvibes pour remplacer Google Reader = Les gens qui bouffent de la pâte à tartiner Carrefour au lieu du Nutella.\""
1,1363278778970,"Shahor","Ah ouais"
1,1363278786357,"Shahor","mais quand ce mec là aura un cerveau on l'saura de toutes façons"
1,1363278794168,"_kud","hahaha"
1,1363278795803,"_kud","tellement"
2,1363278857304,"Amatewasu","Amatewasu join the chan."
32,1363279459053,"revolunet","revolunet leave the IRC (Quit: revolunet)."
32,1363279818483,"HammHetfield","HammHetfield leave the IRC (Quit: HammHetfield)."
2,1363281107145,"coppa1","coppa1 join the chan."
32,1363281266658,"coppa","coppa leave the IRC (Read error: No route to host)."
256,1363281324982,"sblanc","sblanc changed his nick for sblanc|away."
2,1363281355079,"coppa","coppa join the chan."
32,1363281475268,"coppa1","coppa1 leave the IRC (Ping timeout: 252 seconds)."
32,1363281557122,"felixgilles","felixgilles leave the IRC (Quit: Konversation terminated!)."
32,1363281882590,"kewah","kewah leave the IRC (Quit: kewah)."
2,1363282866143,"NimS","NimS join the chan."
32,1363282978190,"NimS`","NimS` leave the IRC (Ping timeout: 255 seconds)."
2,1363283483148,"_mlb_","_mlb_ join the chan."
32,1363283551244,"_kud","_kud leave the IRC (Remote host closed the connection)."
1,1363283666962,"nfroidure","Shahor, tu as vu ma feature request de l'autre jour ?"
1,1363283674224,"Shahor","Sur quoi ?"
1,1363283687974,"Shahor","(je ne sais pas de quoi tu parles, donc j'imagine que la réponse est non)"
1,1363283714918,"nfroidure","Quand les onglets n'ont pas encore été ouvert, tu vois pas les nouvelles entries"
32,1363283722570,"_mlb","_mlb leave the IRC (Ping timeout: 272 seconds)."
1,1363283729899,"nfroidure","Donc quand tu ouvre netvibes, tu te tapes tous les onglets à ouvrir."
32,1363283768993,"_mlb_","_mlb_ leave the IRC (Ping timeout: 258 seconds)."
1,1363283772096,"Shahor","Tu peux aller dans tes settings pour activer un flag pour dire de loader les non lus de tous les onglets"
1,1363283799408,"Shahor","nfroidure: http://cl.ly/image/371S0c223N10"
1,1363283811514,"Shahor","Options -> Général"
1,1363283891743,"nfroidure","Shahor, good. Mais faut mettre cette option par défaut, sérieux !"
1,1363283912397,"Shahor","Si on fait ça on se charge nous même  le backend"
1,1363283916415,"Shahor","c'est pour ça que c'est pas le cas"
1,1363283963196,"nfroidure","Si tu appliques cette règle, faîtes pas de pub, sinon, vous vous chargez vous même le backend ;)"
1,1363283980005,"Shahor","Ouais, on peut pousser cette règle à l'infini"
1,1363283984620,"Shahor","mais on a décidé de mettre le curseur là"
32,1363283997078,"coppa","coppa leave the IRC (Quit: Leaving.)."
1,1363284009298,"nfroidure","Shahor, non, mais sérieux, si j'étais pas long à la détente, je vous aurait quitté juste pour ça depuis logntemps"
1,1363284030820,"Shahor","Ce truc là doit être refait surtout en fait"
1,1363284035292,"Shahor","c'est pas super mis en avant"
1,1363284057879,"nfroidure","Disons que du point de vue de l'utilisateur, cocher cette option, ça n'a aucun sens"
1,1363284082826,"nfroidure","Si tu la décoche par défaut, je suis prêt à parier que 99.9% des users la décocheront pas"
1,1363284109436,"Shahor","Je ne sais pas, tout le monde ne veut pas ça"
1,1363284115196,"Shahor","ça convient bien à ton utilisation, pas à d'autres"
1,1363284125691,"Shahor","c'est pas si évident à dire (même si je pense effectivement que c'est la tendance générale)"
1,1363284428130,"nfroidure","je peux comprendre que vous fassiez ça temporairement, le temps de trouver une solution technique pour supporter la charge, mais imha, c'est un truc à avoir dans le coin de la tête pour la suite"
1,1363284448406,"nfroidure","Shahor, en tout cas c'est sympa Netvibes, perfectible, mais sympa ;)"
1,1363284471087,"Shahor","il y a plein de travail à faire dessus ouais :)"
32,1363284482966,"vvo","vvo leave the IRC (Ping timeout: 264 seconds)."
1,1363284868182,"nfroidure","Shahor, là je suis entrain de manger, mais j'aurai plein de questions à te poser, surtout repasses nous voir ;)"
1,1363284883051,"Shahor","Je suis connecté ici tous les jours ;)"
1,1363284905444,"Shahor","mais en ce moment j'ai pas trop le temps en journée j'ai beaucoup beaucoup de choses a faire donc garde tes questions dans un coin et on discutera dès que j'ai plus de temps :)"
256,1363285083016,"NimS","NimS changed his nick for NimS`afk."
32,1363288959250,"Nyalab","Nyalab leave the IRC (Remote host closed the connection)."
2,1363291367896,"revolunet","revolunet join the chan."
2,1363292138308,"vvo","vvo join the chan."
32,1363292187853,"AlexandreMorgaut","AlexandreMorgaut leave the IRC (Quit: This computer has gone to sleep)."
32,1363293250168,"LionelB","LionelB leave the IRC (Quit: Bye Bye)."
2,1363295518229,"AlexandreMorgaut","AlexandreMorgaut join the chan."
2,1363297442809,"willyleloutre","willyleloutre join the chan."
4,1363297479259,"willyleloutre","willyleloutre leave the chan."
2,1363297561635,"Guest72846","Guest72846 join the chan."
4,1363297566581,"Guest72846","Guest72846 leave the chan."
2,1363297667094,"Guest72846","Guest72846 join the chan."
4,1363297706227,"Guest72846","Guest72846 leave the chan."
2,1363298938302,"coppa","coppa join the chan."
32,1363299667840,"MoOx","MoOx leave the IRC (Remote host closed the connection)."
2,1363299701583,"MoOx","MoOx join the chan."
2,1363299931356,"_kud","_kud join the chan."
32,1363299931660,"Amatewasu","Amatewasu leave the IRC (Remote host closed the connection)."
32,1363299980550,"MoOx","MoOx leave the IRC (Ping timeout: 264 seconds)."
2,1363300141790,"Atu","Atu join the chan."
32,1363300950270,"AlexandreMorgaut","AlexandreMorgaut leave the IRC (Quit: This computer has gone to sleep)."
4,1363301313532,"vvo","vvo leave the chan."
