32,1364253347764,"peutetre","peutetre leave the IRC (Quit: peutetre)."
2,1364253646821,"peutetre","peutetre join the chan."
32,1364255809355,"peutetre","peutetre leave the IRC (Quit: peutetre)."
32,1364256044199,"Nyalab","Nyalab leave the IRC (Quit: Quitte)."
2,1364256915881,"peutetre","peutetre join the chan."
32,1364258539895,"peutetre","peutetre leave the IRC (Quit: peutetre)."
2,1364260854769,"agathafabry","agathafabry join the chan."
32,1364261173335,"agathafabry","agathafabry leave the IRC (Remote host closed the connection)."
2,1364262678524,"Jack24","Jack24 join the chan."
32,1364262692743,"Jack24","Jack24 leave the IRC (Remote host closed the connection)."
2,1364275691334,"MoOx","MoOx join the chan."
1,1364278154626,"madx`","[5~"
2,1364282834117,"HammHetfield","HammHetfield join the chan."
2,1364282900416,"HammHetfield_","HammHetfield_ join the chan."
32,1364283100438,"HammHetfield","HammHetfield leave the IRC (Ping timeout: 240 seconds)."
256,1364283100533,"HammHetfield_","HammHetfield_ changed his nick for HammHetfield."
18,1364283609993,"Marionnette","Marionnette join the chan."
8,1364283610203,"_kud","_kud change topic to \"Communauté française des utilisateurs de JavaScript | Site : http://francejs.org\""
2,1364285707742,"victordarras","victordarras join the chan."
2,1364285747964,"_kud","_kud join the chan."
2,1364287252018,"bobylito","bobylito join the chan."
2,1364287346830,"Nyalab","Nyalab join the chan."
2,1364287737303,"peutetre","peutetre join the chan."
2,1364288413136,"oz`","oz` join the chan."
2,1364288493467,"Atu","Atu join the chan."
32,1364288875752,"oz","oz leave the IRC (*.net *.split)."
256,1364288876446,"oz`","oz` changed his nick for oz."
2,1364289058370,"rhannequin","rhannequin join the chan."
2,1364289412519,"vvo","vvo join the chan."
2,1364292205289,"vvo1","vvo1 join the chan."
32,1364292205532,"vvo","vvo leave the IRC (Disconnected by services)."
32,1364292466351,"vvo1","vvo1 leave the IRC (Ping timeout: 245 seconds)."
2,1364293080208,"bobylito_","bobylito_ join the chan."
2,1364293155926,"bobylito__","bobylito__ join the chan."
32,1364293156132,"bobylito_","bobylito_ leave the IRC (Read error: Connection reset by peer)."
2,1364293203337,"vvo","vvo join the chan."
32,1364293306064,"bobylito","bobylito leave the IRC (Ping timeout: 272 seconds)."
256,1364293306672,"bobylito__","bobylito__ changed his nick for bobylito."
32,1364294177262,"vvo","vvo leave the IRC (Ping timeout: 248 seconds)."
32,1364294332476,"bobylito","bobylito leave the IRC (Quit: bobylito)."
2,1364294741043,"rhannequin_","rhannequin_ join the chan."
32,1364294794421,"rhannequin","rhannequin leave the IRC (Ping timeout: 245 seconds)."
256,1364294931129,"rhannequin_","rhannequin_ changed his nick for rhannequin."
2,1364295283486,"vvo","vvo join the chan."
2,1364295849826,"bobylito","bobylito join the chan."
32,1364296003185,"peutetre","peutetre leave the IRC (Quit: peutetre)."
32,1364296241521,"bobylito","bobylito leave the IRC (Quit: bobylito)."
32,1364296319415,"rhannequin","rhannequin leave the IRC (Ping timeout: 245 seconds)."
2,1364296340564,"bobylito","bobylito join the chan."
32,1364296424995,"bobylito","bobylito leave the IRC (Remote host closed the connection)."
2,1364296444344,"bobylito","bobylito join the chan."
2,1364296466868,"neemzy","neemzy join the chan."
1,1364296469410,"neemzy","hello !"
1,1364296668473,"_kud","Vous aimez ? :D https://twitter.com/_kud/status/316508550170038273"
1,1364296831967,"neemzy","_kud: je RT"
1,1364296837261,"_kud","Haha :p"
1,1364296838078,"neemzy","_kud: ça te fait une belle jambe mais bon"
2,1364296902618,"_mlb","_mlb join the chan."
1,1364297144734,"_kud","Ouaaaais"
1,1364297149169,"_kud","on a gagné 4 followers"
1,1364297158409,"victordarras","dont moi ><"
1,1364297232027,"victordarras","D'ailleurs neemzy , on devrait lancer LilleJs du coup"
1,1364297294782,"_kud","béh y'a deja lillejs"
1,1364297303708,"_kud","c'est chtijs co organisé par nfroidure"
1,1364297325610,"_kud","_mlb: tu as pu avancé sur les logos ?"
1,1364297348017,"_mlb","avancer*"
1,1364297351791,"neemzy","victordarras: de toute façon toi comme moi on est loins d'avoir un niveau en JS suffisant pour prendre une telle responsabilité :)"
1,1364297351996,"_mlb","yep, je suis dessus"
1,1364297369276,"victordarras","pas faux neemzy"
1,1364297371499,"_kud","avancer oui pardon"
1,1364297381466,"neemzy","victordarras: faut motiver endou :p"
1,1364297393355,"_kud","Euh neemzy victordarras toutes mains aidantes sont interessantes"
1,1364297419271,"neemzy","_kud: oui sûr, mais entre participer à un groupe et en gérer un y'a un monde"
1,1364297428192,"_kud","c'est sur :)"
1,1364297432535,"_kud","https://twitter.com/dsampaolo?uid=1241454859&iid=am-209358414613642972352873400&nid=23+1110&t=1 poke madx`"
1,1364297439950,"_kud","cette personne me suit sur @francejs"
1,1364297447589,"_kud","A voir si de ton côté il te suit"
1,1364297461289,"neemzy","après y participer ce serait justement intéressant ne serait-ce que pour justement nous permettre de fréquenter des gens plus expérimentés"
1,1364297470248,"_kud","oui neemzy"
1,1364297479766,"victordarras","Sûr neemzy"
1,1364297557821,"HammHetfield","'tain y'a des gens fâchés sur twitter ce matin"
1,1364297585231,"_kud","oui, 42 les énerve"
1,1364297723912,"neemzy","yay, un nouveau dailywtf \o/"
1,1364298132669,"HammHetfield","_kud: j'ai rien vu passer à ce sujet à part des gens pas content"
1,1364298141277,"_kud","pas content, pas content, pas content"
1,1364298149429,"HammHetfield","y'a pas un lien qui traine que j'ai un récap ?"
1,1364298200748,"_kud","42.fr"
1,1364298299326,"HammHetfield","thx"
1,1364298453260,"HammHetfield","mmmm"
1,1364298466611,"HammHetfield","ok… ben je vois pas trop pourquoi ils sont fâchés du coup"
1,1364298532424,"_kud","http://www.commitstrip.com/wp-content/uploads/2013/03/Strips-Code.jpg"
1,1364298532665,"HammHetfield","je préfère ça que les formations avec du Flash AS2 et de la création de CD-Roms au programme"
1,1364298703349,"madx`","_kud: je vérifie"
32,1364299249744,"_mlb","_mlb leave the IRC (Remote host closed the connection)."
32,1364299575286,"Atu","Atu leave the IRC (Ping timeout: 246 seconds)."
32,1364299575528,"vvo","vvo leave the IRC (Ping timeout: 246 seconds)."
2,1364300004447,"rhannequin","rhannequin join the chan."
2,1364300056418,"vvo","vvo join the chan."
1,1364301397452,"neemzy","_kud: sympa le strip... c'est vraiment une réalité ça aujourd'hui ?"
1,1364301404463,"_kud","Hélas oui"
1,1364301415566,"neemzy","_kud: ça me dépasse totalement perso"
1,1364301426154,"_kud","Oui, c'est pour ça que je mets tjs un clignotant"
1,1364301479229,"neemzy","oh god, why"
1,1364301489751,"neemzy","(j'avoue, j'ai ri)"
1,1364301497532,"_kud",":D"
1,1364301515729,"_kud","Pour rien au monde je n'ai envie d'être chef de projet"
1,1364301537292,"neemzy","_kud: pareil"
1,1364301813866,"rhannequin","Dans mon école les rares profs de dev sont désespérés quand ils voient que 50% de la promo veut être chef de projet dès la sortie de l'école et 30% veulent le devenir au bout de quelques années."
1,1364301832503,"_kud","Ce que j'adore"
1,1364301835673,"_kud","c'est que d'une"
1,1364301844109,"_kud","ils seront de plus en plus en tant que chef de projet"
1,1364301846727,"_kud","donc salaire moindre"
1,1364301848086,"_kud","et de base"
1,1364301855863,"_kud","un cdp gagne moins qu'un dev"
1,1364301856374,"_kud",":D"
1,1364301879928,"neemzy","_kud: ben j'imagine que oui, un lead dev avec la grosse xp derrière, ça doit palper honnêtement aussi"
1,1364301881439,"_kud","béh oui, faut être compétent pour être dev et sachant que ce sont loin d'être des gens cons, ils peuvent svt de passer de la case chef de projet :)"
1,1364301890368,"_kud","Qui me parle neemzy ? :D"
1,1364301996373,"rhannequin","Une question honnête sans arrière pensée et sans troll, d'après vous l'avenir du dev Web c'est dans le JS ?"
1,1364302014872,"neemzy","rah, y'a quelques temps j'avais lu un super article sur un lead dev qui malgré ses nombreuses années dans sa boîte refusait de devenir chef de projet, il s'est retrouvé à recruter son boss"
1,1364302019666,"neemzy","mais pas moyen de le retrouver"
1,1364302052214,"_kud","J'vais rien vous cacher, je suis lead frontend dev dans ma boite"
1,1364302060569,"_kud","et j'gagne très bien ma vie (a mon sens)"
1,1364302065072,"_kud","salaire parisien certes"
1,1364302070305,"_kud","mais j'ai 5 ans d'xp"
1,1364302079787,"neemzy","rhannequin: perso j'ai l'impression que le js va continuer à prendre de l'importance ouais, mais que niveau backend le ruby va officiellement prendre la place dominante"
1,1364302095316,"neemzy","_kud: 5 ans dans le poste ou en tout ?"
1,1364302100460,"_kud","en tout"
1,1364302104626,"_kud","j'ai fait 3 ans d'ssii"
1,1364302110440,"_kud","1 an de web agencies"
1,1364302114569,"_kud","et 1 an de editeur"
1,1364302146834,"rhannequin","neemzy: ça fait plaisir ce que tu dis, les deux technos dans lesquelles je m'investis le plus depuis un an <3"
1,1364302162541,"_kud","Je suis frontend dev neemzy"
1,1364302164310,"_kud","je fais que du js"
1,1364302167875,"madx`","_kud: il me suit pas le mec que tu m'as indiqué"
1,1364302170782,"_kud","et tout l'monde me demande si je cherche du boulot"
1,1364302178572,"_kud","okay madx` poke le avec marseillejs ;)"
1,1364302186715,"madx`","yep"
1,1364302193040,"_kud","il a pas l'air mauvais en plus"
1,1364302194991,"neemzy","rhannequin: les deux technos auxquelles va vraiment falloir que je me mette sérieusement"
1,1364302195442,"_kud","d'apres sa bio"
1,1364302206821,"neemzy","_kud: j'avoue, c'est une branche porteuse"
1,1364302207405,"_kud","continuer a faire du php est du suicide"
1,1364302259640,"madx`","511 followings quand même"
1,1364302267830,"_kud","^^"
1,1364302289397,"madx`","voilà je l'ai interpellé"
1,1364302299089,"neemzy","_kud: pour le moment ça va j'pense, mais faut pas s'endormir quoi... après j'imagine que ça dépend des coins, sur lille je vois très peu d'offres pour du JS (même node, quoique ça commence à arriver)"
1,1364302305373,"_kud","oui"
1,1364302327537,"rhannequin","Sur Paris le marché il est sur quelles technos ?"
1,1364302339576,"_kud","c'est variable"
1,1364302341318,"_kud","pas mal de php"
1,1364302343293,"_kud","pas mal de js"
1,1364302344922,"_kud","de rub"
1,1364302347820,"_kud","ruby*"
1,1364302391121,"rhannequin","Et d'avis personnels vous pensez que ça va évouler comment ? Enfin j'ai l'avis de neemzy qui me fait plaisir, et les autres ?"
1,1364302418510,"neemzy","rhannequin: après faut que t'aies conscience que mon avis c'est celui d'un mec avec deux ans d'xp qui fait essentiellement du php :)"
1,1364302454315,"_kud","Focalisez vous sur le javascript, le ruby, le python, et le java."
1,1364302493337,"_kud","sur des technos libres et web"
1,1364302499833,"rhannequin","neemzy: c'est d'autant plus intéressant que tu fasses essentiellement du PHP justement, tu n'es pas fermé dans ta communauté."
1,1364302505894,"rhannequin","_kud: java ?"
1,1364302510840,"_kud","Oui"
1,1364302511641,"neemzy","_kud: java ?"
1,1364302513631,"neemzy","xD"
1,1364302519740,"_kud","ca reste un bon langage pour apprendre l'orienté objet"
1,1364302529005,"_kud","et des frameworks comme play! sont prometteurs"
1,1364302533252,"rhannequin","_kud: j'suis sur Play! Framework au boulot, c'est MVC mais je souffre au niveau du langage..."
1,1364302543888,"neemzy","_kud: ça je plussoie, j'ai appris l'OO avec java"
1,1364302544094,"_kud","C'est particulier oui"
1,1364302546435,"_kud","trop pompeux"
1,1364302551704,"_kud","et xml partout"
1,1364302605016,"neemzy","une question qui n'a rien à voir, mais tant que je suis là : pour démarrer dans les frameworks JS MVC, vous me conseilleriez quoi ? j'ai testé backbone mais je trouve ça ardu, pourtant j'pense pas être particulièrement idiot"
1,1364302612041,"rhannequin","Et python (je ne connais absolument pas), Django ou autre(s) ?"
1,1364302654791,"_kud","c'est fatigant au début backbone"
1,1364302660263,"_kud","mais je ne conseille que celui-là"
1,1364302669754,"_kud","django, web2py"
1,1364302688192,"neemzy","_kud: ok, je persévèrerai donc ;) merci et désolé pour la parenthèse"
1,1364302697632,"_kud","y'a pas de souci"
1,1364302717512,"_kud","tu peux eventuellement essayer angular"
1,1364302719510,"_kud","mais je n'aime pas"
1,1364302735670,"neemzy","_kud: j'avais maté, la syntaxe me plaisait pas rien qu'à en lire"
1,1364302739512,"_kud","pareil"
1,1364302758294,"neemzy","_kud: pourtant j'suis un gros google fanboy mais pour le coup..."
1,1364302807767,"madx`","_kud: bim, il est intéressé :)"
1,1364302828546,"_kud","yep j'ai vu ca"
1,1364302831876,"_kud","et arrêter de me quoter"
1,1364302832398,"_kud","lol"
1,1364302836492,"_kud","enfin pinger"
1,1364302846255,"_kud","faut que je revois mes regles de notification"
1,1364302856110,"_kud","j'ai grownl qui me prend toute les 1/3 du bas"
1,1364302857111,"neemzy","ah désolé, l'habitude, j'avoue que sur certains clients ça peut être relou"
1,1364302860241,"_kud","growl*"
1,1364302897696,"madx`",":')"
1,1364303507490,"nfroidure","hi"
1,1364303522178,"nfroidure","ça discute pas mal ici :)"
1,1364303538000,"_kud","BAH OUI ON VEUT NOTRE LOGO"
1,1364303551932,"nfroidure","neemzy, victordarras : le groupe JS c'est complètement informel, y'a pas de \"leader\"."
1,1364303592294,"nfroidure","De toute façon, ce que j'aime avec JS, c'est qu'il y a pas de bonne façon de faire, il y a juste des façon plus rapide de faire ;)"
1,1364303614486,"nfroidure","_kud, alors, c'est qui qu'a gagné ?"
1,1364303623155,"_kud","_mln"
1,1364303625361,"_kud","_mlb"
1,1364303630688,"_kud","mais il doit faire quelques modifs"
1,1364303641309,"_kud","j'aime bien, on me demande qui est-ce qui gagne"
1,1364303643257,"nfroidure","Tiens pour les détenteurs de SGS3, comment on vire cette saloperie de clavier à reconnaissance de caractère manuscrits ?"
1,1364303647481,"_kud","mais ca se voit que vous lisez pas ce que j'écris :D"
1,1364303659274,"_kud","j'ai demandé aux fondateurs de me donner leur avis sur google groups :D"
1,1364303684960,"nfroidure","_kud,  le pb de Google Groups c'est qu'il envoi les mails sur mon adresse gmail"
1,1364303689374,"nfroidure","Mais j'utilise pas gmail"
1,1364303692219,"_kud","gronaz"
1,1364303696865,"_kud","tu peux la changer je crois"
1,1364303720235,"nfroidure","Je me suis inscrit avec mon adresse perso, mais Google a décidé que c'était gmail ou rien"
1,1364303729964,"_kud","héhé"
2,1364303759476,"peutetre","peutetre join the chan."
1,1364303767486,"_kud","^^"
1,1364303788724,"nfroidure","les webmails, c'est has been :) TB is not dead :)"
1,1364303872186,"nfroidure","Plus sérieusement, je vais aller jeter un oeil, mais bon, ça me paraît simple, le plus de +1 a gagné, non ?"
1,1364304218488,"nfroidure","_kud, je te donne ma voix pour trancher. Je pense qu'il faut trancher dans pas trop longtemps"
1,1364304269668,"nfroidure","Par contre, il faudra que l'on isole le logo pour la déclaration finale, retirer tous les trucs autour et l'agrandir."
1,1364304275111,"_kud","Oui"
2,1364304673018,"NimS","NimS join the chan."
2,1364304839204,"NimS`","NimS` join the chan."
2,1364304907491,"Atu","Atu join the chan."
32,1364304974957,"NimS","NimS leave the IRC (Ping timeout: 264 seconds)."
32,1364305070163,"neemzy","neemzy leave the IRC (Quit: Page closed)."
32,1364305877600,"rhannequin","rhannequin leave the IRC (Quit: Page closed)."
2,1364306043582,"rhannequin","rhannequin join the chan."
2,1364306074800,"NimS","NimS join the chan."
32,1364306142778,"NimS`","NimS` leave the IRC (Ping timeout: 245 seconds)."
2,1364306805495,"neemzy","neemzy join the chan."
1,1364306810344,"neemzy","re :)"
2,1364307392352,"vvo1","vvo1 join the chan."
32,1364307393511,"vvo","vvo leave the IRC (Disconnected by services)."
32,1364307730353,"vvo1","vvo1 leave the IRC (Ping timeout: 240 seconds)."
1,1364308222773,"_kud","Quelqu'un a déjà utilisé bxslider ?"
2,1364308376543,"vvo","vvo join the chan."
1,1364308529968,"nfroidure","Je crois bien que c'est la dernière fois que j'accepte un dev si j'ai pas l'infogérance du serveur. #fucking #wasting #time"
1,1364308718610,"_kud","^^"
1,1364311826532,"madx`",":D"
1,1364311833613,"madx`","nfroidure: ou de vrais infogéreurs"
1,1364313038680,"nfroidure","ça existe ?"
1,1364313046134,"madx`","oui"
1,1364313055615,"madx`","à Marseille du moins )"
32,1364313841437,"victordarras","victordarras leave the IRC (Quit: http://www.kiwiirc.com/ - A hand crafted IRC client)."
1,1364314301119,"madx`","nfroidure: j'sais pas si t'as vu on est 9 pour MarseilleJS :D"
1,1364314404192,"madx`","_kud: j'ai corrigé les problèmes de CSS sur le site d'ailleurs"
1,1364314428177,"_kud","Ouais"
1,1364314464425,"madx`","je referai une annonce pour lesi nscriptions jeudi"
1,1364314468344,"madx`","reste à trouver un lieu"
32,1364315492204,"rhannequin","rhannequin leave the IRC (Quit: AndroIRC - Android IRC Client ( http://www.androirc.com ))."
1,1364315540647,"nfroidure","madx`, well done"
1,1364315642984,"madx`","après, nb inscrits != nb de présents"
32,1364315775716,"felixgilles","felixgilles leave the IRC (Quit: Konversation terminated!)."
2,1364315809303,"_kud_","_kud_ join the chan."
32,1364315865199,"_kud","_kud leave the IRC (Ping timeout: 240 seconds)."
2,1364317363204,"Amatewasu","Amatewasu join the chan."
32,1364317405439,"HammHetfield","HammHetfield leave the IRC (Quit: HammHetfield)."
32,1364317508390,"_kud_","_kud_ leave the IRC (Remote host closed the connection)."
1,1364318098409,"neemzy","haha, 18h, massive quit"
32,1364318506280,"neemzy","neemzy leave the IRC (Quit: Page closed)."
32,1364318649136,"peutetre","peutetre leave the IRC (Quit: peutetre)."
32,1364318911754,"bobylito","bobylito leave the IRC (Quit: bobylito)."
2,1364319279422,"Jack24","Jack24 join the chan."
32,1364319292012,"Amatewasu","Amatewasu leave the IRC (Quit: WeeChat 0.4.1-dev)."
32,1364319843863,"Jack24","Jack24 leave the IRC (Remote host closed the connection)."
32,1364322282011,"NimS","NimS leave the IRC (undefined)."
32,1364322505267,"vvo","vvo leave the IRC (Remote host closed the connection)."
2,1364323839910,"Amatewasu","Amatewasu join the chan."
2,1364329832244,"showtim34","showtim34 join the chan."
32,1364330631290,"MoOx","MoOx leave the IRC (Remote host closed the connection)."
32,1364335038136,"showtim34","showtim34 leave the IRC (Ping timeout: 256 seconds)."
2,1364335056648,"showtim34","showtim34 join the chan."
32,1364335101259,"Amatewasu","Amatewasu leave the IRC (Quit: Bisous et bonne nuit.)."
32,1364335862773,"showtim34","showtim34 leave the IRC (Remote host closed the connection)."
