32,1364425887789,"peutetre","peutetre leave the IRC (Quit: peutetre)."
32,1364428519318,"rhannequin","rhannequin leave the IRC (Quit: Quitte)."
2,1364428546068,"rhannequin","rhannequin join the chan."
32,1364428561859,"Atu","Atu leave the IRC (Quit: [\"Textual IRC Client: www.textualapp.com\"])."
32,1364428569170,"rhannequin","rhannequin leave the IRC (Client Quit)."
32,1364432705095,"romainhuet","romainhuet leave the IRC (undefined)."
32,1364434264193,"_kud","_kud leave the IRC (Read error: Connection reset by peer)."
32,1364434280670,"kud","kud leave the IRC (Quit: Leaving)."
2,1364434300099,"_kud","_kud join the chan."
2,1364450103719,"MoOx","MoOx join the chan."
32,1364454408858,"Nyalab","Nyalab leave the IRC (Read error: Connection reset by peer)."
2,1364454443281,"Nyalab","Nyalab join the chan."
32,1364454769414,"Shahor","Shahor leave the IRC (Read error: Connection reset by peer)."
2,1364454822694,"Shahor","Shahor join the chan."
2,1364455215262,"felixgilles","felixgilles join the chan."
2,1364455544359,"HammHetfield","HammHetfield join the chan."
2,1364456833658,"bobylito","bobylito join the chan."
32,1364457195380,"bobylito","bobylito leave the IRC (Remote host closed the connection)."
2,1364457215874,"bobylito","bobylito join the chan."
2,1364459169001,"victordarras","victordarras join the chan."
1,1364459172997,"victordarras","#join html"
2,1364459447013,"rhannequin","rhannequin join the chan."
1,1364459456812,"nfroidure","hi"
1,1364459510711,"rhannequin","yo"
1,1364459958418,"_kud","lo"
1,1364460925143,"Nyalab","lu"
32,1364461161107,"NiKo`","NiKo` leave the IRC (Quit: So long.)."
2,1364461323798,"NiKo`","NiKo` join the chan."
2,1364461847686,"showtim34","showtim34 join the chan."
2,1364463049607,"peutetre","peutetre join the chan."
1,1364463348455,"nfroidure","Ehehe, un framework web pour dév des apps sur Wii U"
2,1364463428618,"vvo","vvo join the chan."
1,1364463448628,"nfroidure","http://www.develop-online.net/news/43682/GDC-13-Nintendo-supports-HTML5-with-web-framework-for-Wii-U"
1,1364463486454,"HammHetfield","c'est con que personne ai de wiiu ça aurait pu être pratique ^^"
1,1364463497342,"HammHetfield","./join #trolls"
1,1364463562770,"madx`","nfroidure: j'sais pas si tu connais ikeahackers.net mais ça m'a donné de bonnes idées pour mon bureau :D"
1,1364463572347,"madx`","ahah +1 HammHetfield"
32,1364463632300,"NiKo`","NiKo` leave the IRC (Quit: So long.)."
2,1364463703122,"NiKo`","NiKo` join the chan."
2,1364463862287,"NimS","NimS join the chan."
1,1364463964919,"_kud","Et voilà, ajout d'un serveur http dans mon projet :D https://github.com/kud/happy-plan (no more jekyll server)"
1,1364463988297,"madx`","_kud: ow shit, no more jekyll du tout bientôt alors ?"
1,1364464035788,"_kud","je sais pas encore"
1,1364464042061,"_kud","mais maintenant, quand tu fais $ grunt"
1,1364464045899,"_kud","tu as un serveur livereload"
1,1364464052681,"_kud","et un serveur http sur :8080"
1,1364464059716,"madx`","amha, tu as plutôt bash: $ : commande introuvable"
1,1364464064986,"madx`","</troll>"
1,1364464072183,"_kud","?"
1,1364464075041,"nfroidure","suis pas trop ikea"
1,1364464081906,"madx`","tapes \"$ grunt\" dans un terminal kud"
1,1364464089733,"nfroidure","j'aime pas le concept"
1,1364464112890,"madx`","nfroidure: je veux bien, mais le prix est plus qu'attractif"
1,1364464122732,"madx`","surtout quand t'as pas des masses à dépenser"
1,1364464128947,"madx`","après, ça donne surtout des idées le site là"
1,1364464152623,"nfroidure","Rien à voir avec le prix, je trouve ça insultant de te faire faire un parcours flécher sans possibilité de revenir en errière etc..."
1,1364464165168,"madx`","ah sur le magasin"
1,1364464170751,"nfroidure","Sans compter les tartes à la merde"
1,1364464174768,"madx`","oui je suis d'accord, c'est très chiant"
1,1364464179700,"madx`","alinea fait pareil"
1,1364464190351,"nfroidure","j'aime pas non plus"
1,1364464201455,"nfroidure","C'est une sorte de privation de liberté"
1,1364464209983,"_kud","madx`: zsh: command not found: $"
1,1364464211331,"_kud","sucker :p"
1,1364464214351,"_kud","no bash :D"
1,1364464232076,"nfroidure","La seule fois où je suis allé chez alinéa, j'ai fait demi-tour et je suis sorti par le sens interdit. Faut pas déconner."
1,1364464250656,"nfroidure","On est pas des hamsters"
1,1364464256009,"nfroidure","</troll>"
1,1364464258854,"madx`",":)"
1,1364464265417,"madx`","_kud: bof, bash me suffit"
1,1364464273819,"_kud","c'est d'la grosse grosse merde"
1,1364464290474,"nfroidure","seul sh est portable suckers :)"
1,1364464292332,"_kud"," /blabla/test il voit que c'et un dossier mais t'oblige à faire cd"
1,1364464295908,"madx`","sans vouloir me la péter j'écris rapidement et bien. Donc pas besoin de 50% des features en plus de ZSH"
1,1364464305051,"_kud","l'autocompletion est a chier"
1,1364464312371,"_kud","zsh est plus rapide que bash (ressenti)"
1,1364464334088,"madx`","voilà _kud , à part la rapidité je n'aurais donc aucun avantage"
1,1364464345782,"_kud","t'en as sûrement d'autres mais je les ai pas en tête"
1,1364464350731,"_kud","et oh-my-zsh est une grosse plus value"
1,1364464351615,"_kud",":)"
1,1364464371973,"_kud","quand je passe de mon zsh perso a un bash nu sur un serveur"
1,1364464374266,"_kud","je pete un plomb"
1,1364464374679,"madx`","ici mes deux collègues utilisent zsh, je vois pas d'avantage pour moi"
1,1364464384554,"madx`","ils sont obligé d'échaper ^"
1,1364464386546,"madx`","la blague."
1,1364464414001,"madx`","plus que le shell, il faut savoir maitriser readline. Ça c'est l'outil qui tue"
1,1364464481542,"nfroidure","Dîtes on est vraiment obligé de se taper les logs par ftp quand on utilise un hébergement ovh mutu ?"
1,1364464493386,"madx`","sûrement :D"
1,1364464508144,"nfroidure","pouah"
1,1364464529178,"_kud","^^"
1,1364464556181,"madx`","nfroidure: en règle générale, si ta phrase est de la forme \"obligé\" + proposition négative + \"ovh\", la réponse est \"sûrement\" ou \"oui\""
1,1364464574597,"nfroidure",":D"
1,1364464739137,"nfroidure","Y'a quoi comme préprocesseur CSS implémenté dans node ?"
1,1364464814624,"_kud","less"
1,1364464947130,"nfroidure","_kud, tu utilises quoi toi ?"
1,1364464953564,"_kud","scss"
1,1364464957545,"_kud","(sass donc)"
1,1364465008413,"nfroidure","ruby..."
1,1364465100586,"_kud","oui"
1,1364465135815,"nfroidure","les variables en @truc de less risquent pas de casser les @media ?"
1,1364465165981,"_kud","Qu'est-ce qu'il dit"
1,1364465204365,"nfroidure","D'ailleurs, si je me souviens biens, les variables CSS sont au programme pour la procvhaine version. Quel est le préprocesseur qui est le plus \"compatible\" ?"
1,1364465225688,"nfroidure","Apparemment, en less, pour créer une variable : @truc : #fff;"
1,1364465284932,"_kud","elles sont déjà var"
1,1364465287551,"_kud","là*"
1,1364465289728,"_kud","var- blabla"
1,1364465397050,"nfroidure","oki, donc aucun préprocesseurs respecte cette syntaxe"
1,1364465473041,"nfroidure","quitte a apprendre une nouvelle façon de faire du CSS, j'apprécierai que ça soit la future façon d'en faire :/"
1,1364465544143,"_kud","je vois pas comment une variable côté css"
1,1364465554971,"_kud","pourrait être plus rapide en prod"
1,1364465564504,"_kud","qu'une css déjà \"compilée\" sans variable"
1,1364465570216,"_kud","y'a aucun calcul a faire côté client"
1,1364465628173,"nfroidure","oui, mais tu gagnes en légèreté pour ta CSS, tu peux faires des modifs en live avec l'inspecteur CSS"
1,1364465664675,"nfroidure","et, tu apprends une syntaxe qui a du sens, pas un truc bricolé dans son coin"
1,1364465677786,"_kud","c'est pas un débat qui m'intéresse :)"
1,1364465824906,"nfroidure","intégriste"
32,1364466170701,"rhannequin","rhannequin leave the IRC (Ping timeout: 245 seconds)."
2,1364466269113,"rhannequin","rhannequin join the chan."
32,1364467269921,"rhannequin","rhannequin leave the IRC (Remote host closed the connection)."
1,1364468256075,"_kud","Ca s'bouge pour le logo ou bien ?"
1,1364468259578,"_kud","Sinon je tranche direct"
1,1364468260091,"_kud",":)"
1,1364468315001,"_kud","vous m'avez pas rappelé hier l'objectif js !"
2,1364468911377,"MoOx_","MoOx_ join the chan."
32,1364468986549,"bobylito","bobylito leave the IRC (Quit: bobylito)."
32,1364469080994,"MoOx","MoOx leave the IRC (Ping timeout: 252 seconds)."
32,1364469233051,"peutetre","peutetre leave the IRC (Quit: peutetre)."
32,1364469855482,"mab","mab leave the IRC (Ping timeout: 255 seconds)."
2,1364469965514,"mab1","mab1 join the chan."
2,1364470624169,"NimS`","NimS` join the chan."
32,1364470686374,"NimS","NimS leave the IRC (Ping timeout: 240 seconds)."
2,1364471598300,"rhannequin","rhannequin join the chan."
32,1364472591854,"rhannequin","rhannequin leave the IRC (Remote host closed the connection)."
2,1364472700353,"rhannequin","rhannequin join the chan."
2,1364473452466,"peutetre","peutetre join the chan."
32,1364473518879,"rhannequin","rhannequin leave the IRC (Read error: Connection reset by peer)."
2,1364473554488,"rhannequin","rhannequin join the chan."
32,1364474195888,"showtim34","showtim34 leave the IRC (Ping timeout: 252 seconds)."
2,1364474491614,"bobylito","bobylito join the chan."
32,1364474745268,"bobylito","bobylito leave the IRC (Client Quit)."
32,1364475901107,"rhannequin","rhannequin leave the IRC (Ping timeout: 245 seconds)."
1,1364476904996,"nfroidure","_kud, vas-y fonce."
1,1364476911824,"_kud","^^"
2,1364476920519,"rhannequin","rhannequin join the chan."
32,1364476946488,"peutetre","peutetre leave the IRC (Ping timeout: 240 seconds)."
2,1364477033273,"showtim34","showtim34 join the chan."
32,1364477535399,"rhannequin","rhannequin leave the IRC (Remote host closed the connection)."
1,1364478404342,"nfroidure","Y'a des préprocesseurs CSS qui font background:base64(/images/menu.png)) no-repeat center center; et qui génèrent le dataUri à la volée ?"
1,1364478473590,"_kud","compass"
1,1364478589603,"nfroidure","Ca commence à de venir intéressant ;)"
1,1364478693679,"_kud","HA BOOOOON"
2,1364478774308,"bobylito","bobylito join the chan."
1,1364479513675,"madx`","_kud: moi j'ai voté :)"
1,1364479518359,"madx`","(pour le logo)"
1,1364479521041,"_kud","oui oui"
1,1364479524256,"_kud","mais c'est pas ca le souci"
1,1364479530619,"_kud","c'est que j'attends mlb qu'il fasse les corrections"
1,1364479537796,"_kud","et l'avis aussi des fondateurs"
1,1364479550283,"_kud","pin's vs lionelb"
2,1364479935449,"revolunet","revolunet join the chan."
32,1364480228732,"victordarras","victordarras leave the IRC (Quit: http://www.kiwiirc.com/ - A hand crafted IRC client)."
32,1364480707218,"bobylito","bobylito leave the IRC (Quit: bobylito)."
2,1364480865296,"bobylito","bobylito join the chan."
32,1364481249187,"bobylito","bobylito leave the IRC (Quit: bobylito)."
2,1364481358615,"bobylito","bobylito join the chan."
1,1364481642473,"_kud","madx` MoOx_"
1,1364481650874,"MoOx_","koi"
1,1364481655478,"_kud","comment calculer facilement en js l'emplacement d'un element ayant la classe .is-active"
1,1364481657436,"madx`","wais ?"
1,1364481663700,"_kud","dans un ul li en fait"
1,1364481680008,"madx`","emplacement par position ?"
1,1364481687929,"_kud","En fait"
1,1364481689967,"_kud","j'ai un slider"
1,1364481690254,"madx`","comprendre, coordonnées"
1,1364481702569,"_kud","et j'aimerais savoir quel élément dans mon slider a été selectionné"
1,1364481747869,"_kud","imagine que tu as ul li li li li li.is-active li li li li"
1,1364481751058,"_kud","comment connaitre sa position"
1,1364481754241,"_kud","(jquery dispo)"
1,1364481761663,"MoOx_","offset()"
1,1364481762681,"MoOx_","?"
1,1364481769969,"_kud","pas position en terme emplacement"
1,1364481773233,"_kud","mais position dans un tableau"
1,1364481780729,"_kud","style c'est le 4/12"
1,1364481782413,"madx`","array.indexOf ?"
1,1364481789546,"_kud","hmmm"
1,1364481797478,"_kud","faut que je transforme alors ma collection jquery"
1,1364481798842,"_kud","j'vais voir"
1,1364481799528,"_kud","merci"
1,1364481806868,"madx`","pourquoi ?"
1,1364481820977,"MoOx_","index() ?"
1,1364481824954,"madx`","on peut pas comparer des objets jquery ?"
1,1364481825616,"MoOx_","t'as un truc du genre"
1,1364481848239,"_kud","en fait j'explique le truc"
1,1364481850136,"_kud","j'ai un slider"
1,1364481854594,"_kud","et tu choisis le n element"
1,1364481858046,"nfroidure","_kud, Array.prototype.indexOf.call(maCollection, monLi);"
1,1364481865718,"_kud","cet n element par defaut n'est pas affiché"
1,1364481870886,"_kud","il est sur la deuxieme page de mon slider"
1,1364481878590,"_kud","du coup je dois faire un goToSlide(number)"
1,1364481881908,"_kud","et je dois connaitre ce number"
32,1364481884859,"bobylito","bobylito leave the IRC (Quit: bobylito)."
1,1364481886467,"_kud","je vais voir indexOg"
1,1364481887450,"_kud","f"
1,1364481888243,"_kud","merci"
1,1364481937060,"MoOx_","http://api.jquery.com/index/"
2,1364481944518,"bobylito","bobylito join the chan."
1,1364481977239,"_kud","niiice"
1,1364481978294,"_kud","thanks"
32,1364482519212,"bobylito","bobylito leave the IRC (Quit: bobylito)."
1,1364483497512,"nfroidure","dernière question sur les préprocesseurs, ajoutent-ils les préfixes automatiquement quand on utilise une fonctionnalités récente ?"
1,1364483535286,"MoOx_","certains font ca de manière transparente"
1,1364483542035,"MoOx_","(ou peuvent le faire)"
1,1364483548061,"MoOx_","d'autres faut juste utiliser des mixins"
1,1364483549427,"MoOx_","genre"
1,1364483566982,"MoOx_","@include box-sizing(border-box);"
1,1364483576472,"MoOx_","là c un peu moins transparent pour le coup :)"
1,1364483586006,"MoOx_","mais bon ça se gère si c'est que tu veux savoir"
1,1364483589058,"MoOx_","genre avec compass"
1,1364483601908,"_kud",":D"
1,1364483604339,"MoOx_","@include background(linear-gradient()) te gère tout ce qui va bien"
1,1364483612934,"MoOx_","génère*"
1,1364483616355,"_kud","c'est trop d'la balle linear-gradient"
1,1364483676840,"MoOx_","en effet"
1,1364483677949,"MoOx_",":)"
1,1364483737467,"nfroidure","y manque pas des paramètres à ton exemple ?"
32,1364483742708,"vvo","vvo leave the IRC (Ping timeout: 245 seconds)."
1,1364483781147,"MoOx_","si si :D"
32,1364483860308,"showtim34","showtim34 leave the IRC (Quit: Quitte)."
2,1364484147267,"vvo","vvo join the chan."
2,1364484196327,"bobylito","bobylito join the chan."
32,1364484372486,"HammHetfield","HammHetfield leave the IRC (Read error: Connection reset by peer)."
2,1364484391935,"HammHetfield","HammHetfield join the chan."
2,1364484575488,"rhannequin","rhannequin join the chan."
1,1364485216329,"_kud","MoOx_:"
1,1364485219347,"_kud","merd"
32,1364487331397,"MoOx_","MoOx_ leave the IRC (Remote host closed the connection)."
32,1364487527849,"bobylito","bobylito leave the IRC (Quit: bobylito)."
32,1364487789106,"vvo","vvo leave the IRC (Disconnected by services)."
2,1364487789371,"vvo1","vvo1 join the chan."
32,1364487884872,"HammHetfield","HammHetfield leave the IRC (Quit: HammHetfield)."
2,1364489329228,"Shahor_","Shahor_ join the chan."
32,1364489458866,"Shahor","Shahor leave the IRC (Ping timeout: 246 seconds)."
32,1364489687688,"rhannequin","rhannequin leave the IRC (Quit: AndroIRC - Android IRC Client ( http://www.androirc.com ))."
32,1364490172292,"_kud","_kud leave the IRC (Remote host closed the connection)."
2,1364490245125,"_kud","_kud join the chan."
32,1364490382643,"_kud","_kud leave the IRC (Remote host closed the connection)."
2,1364490651743,"Amatewasu","Amatewasu join the chan."
32,1364490982341,"felixgilles","felixgilles leave the IRC (Quit: Konversation terminated!)."
32,1364491042803,"vvo1","vvo1 leave the IRC (Remote host closed the connection)."
32,1364495167932,"NimS`","NimS` leave the IRC (undefined)."
32,1364496600814,"revolunet","revolunet leave the IRC (Read error: Operation timed out)."
2,1364502692361,"rhannequin","rhannequin join the chan."
32,1364503435670,"rhannequin","rhannequin leave the IRC (Remote host closed the connection)."
2,1364504064962,"rhannequin","rhannequin join the chan."
32,1364507551894,"Amatewasu","Amatewasu leave the IRC (Quit: SH-SH-SH-SHUUUUUUTDAOWN YEAH)."
32,1364511182644,"rhannequin","rhannequin leave the IRC (Quit: Quitte)."
