32,1367532030888,"kud","kud leave the IRC (Quit: Leaving)."
32,1367532838974,"PEM","PEM leave the IRC (Ping timeout: 252 seconds)."
2,1367532880199,"revolunet","revolunet join the chan."
32,1367535927247,"Amatewasu","Amatewasu leave the IRC (Quit: WeeChat 0.4.1-dev)."
32,1367536439795,"showtim34","showtim34 leave the IRC (Remote host closed the connection)."
32,1367539579437,"revolunet","revolunet leave the IRC (Quit: revolunet)."
32,1367540721931,"stephCoue","stephCoue leave the IRC (Ping timeout: 246 seconds)."
2,1367541215850,"stephCoue","stephCoue join the chan."
32,1367545419001,"stephCoue","stephCoue leave the IRC (Remote host closed the connection)."
2,1367555948862,"MoOx","MoOx join the chan."
1,1367563528406,"angezanetti","o/"
32,1367564054309,"Nyalab","Nyalab leave the IRC (Ping timeout: 260 seconds)."
2,1367564171151,"felixgilles","felixgilles join the chan."
2,1367564216494,"Nyalab","Nyalab join the chan."
2,1367564517179,"revolunet","revolunet join the chan."
1,1367564560172,"nfroidure","Bout en train du matin !"
1,1367564624484,"nfroidure","Ce w-e c'est Rave Party à 1km de chez moi, heureusement, les pouvoirs publics ne restent pas sans réagir, des boules kies sont à la disposition des citoyens en mairie... :D"
1,1367564824611,"angezanetti","http://dailyjs.com/2013/05/02/meteor-book-review/?"
1,1367564861045,"angezanetti","Marionnette: hello"
17,1367564861045,"Marionnette","angezanetti: Hi! Nice to see you!"
1,1367564871423,"angezanetti","Marionnette: Tu sais twitter ?"
17,1367564871423,"Marionnette","angezanetti: You're talking to me ?? Try ls."
1,1367564883030,"angezanetti","Marionnette: ls"
1,1367564892935,"angezanetti","Marionnette ls"
1,1367564895809,"angezanetti","ls"
1,1367564897974,"angezanetti","lol"
1,1367564944601,"nfroidure","angezanetti, tu peux l'interroger via mp"
1,1367564983766,"nfroidure","Faut que je change un peu le code pour base la détection des commandes via expresion régulière"
