32,1368657219159,"fbentz","fbentz leave the IRC (Quit: fbentz)."
32,1368658170362,"revolunet","revolunet leave the IRC (Quit: revolunet)."
2,1368666199640,"NimS","NimS join the chan."
32,1368666854631,"stephCoue","stephCoue leave the IRC (Remote host closed the connection)."
32,1368667327490,"lionelB","lionelB leave the IRC (Read error: Connection reset by peer)."
32,1368667825972,"NimS","NimS leave the IRC (Read error: Connection reset by peer)."
2,1368674006705,"oz`","oz` join the chan."
32,1368674136133,"oz","oz leave the IRC (Ping timeout: 245 seconds)."
32,1368674138407,"romainhuet","romainhuet leave the IRC (Ping timeout: 245 seconds)."
256,1368674140227,"oz`","oz` changed his nick for oz."
2,1368681060678,"romainhuet","romainhuet join the chan."
2,1368682854527,"MoOx","MoOx join the chan."
2,1368684927311,"fbentz","fbentz join the chan."
1,1368684965805,"fbentz","Salut tout le monde"
2,1368685068981,"felixgilles","felixgilles join the chan."
32,1368685269276,"fbentz","fbentz leave the IRC (Ping timeout: 260 seconds)."
2,1368685515523,"HammHetfield","HammHetfield join the chan."
1,1368687662043,"angezanetti","Slt :)"
1,1368687668032,"angezanetti","Marionnette: cassée ?"
2,1368688580752,"revolunet","revolunet join the chan."
2,1368689007653,"kewah","kewah join the chan."
1,1368689348065,"_kud","mais bobot non angezanetti :p"
1,1368689385050,"angezanetti","il n'a pas repris nos tweets de ce matin"
2,1368689805562,"rhannequin","rhannequin join the chan."
18,1368690139400,"Marionnette","Marionnette join the chan."
8,1368690139460,"_kud","_kud change topic to \"Communauté française des utilisateurs de JavaScript | Site : http://francejs.org\""
32,1368690184697,"rhannequin","rhannequin leave the IRC (Ping timeout: 245 seconds)."
1,1368690482746,"revolunet","heyo"
1,1368690553163,"kewah","hej"
1,1368690614111,"nfroidure","angezanetti, je vais remonter le temps ;)"
17,1368690903831,"Marionnette","hellooo !"
1,1368690904904,"angezanetti","nfroidure: nice !"
1,1368690935203,"nfroidure","ah, apparemment, rien à voir avec le temps, y'a un truc cassé ;)"
1,1368691051480,"nfroidure","Ok, je vois, j'ai filtré les RT ;)"
528,1368691180645,"Marionnette","Twitter.com#francejs - @nfroidure: #FranceJS RT @AngeZanetti @davidwalshblog: Wow, Google to incorporate Asm.js for V8.  Mozilla even gets a shout at Google I/O.  Sweet!"
2,1368691189564,"rhannequin","rhannequin join the chan."
1,1368691204152,"nfroidure","Quand vous RT, mettez #FranceJS en premier car si on affiche les RT on va pas s'en sortir ;)"
1,1368691347306,"angezanetti","ok !"
32,1368691434539,"rhannequin","rhannequin leave the IRC (Ping timeout: 245 seconds)."
1,1368691977558,"nfroidure","Et ça, ça veut dire ASM.js dans les futures versions de Node :)"
1,1368692139968,"angezanetti","et ça veut aussi dire que WebGL va exploser"
2,1368692141417,"rhannequin","rhannequin join the chan."
32,1368692284262,"Shahor","Shahor leave the IRC (Remote host closed the connection)."
2,1368692303132,"Shahor","Shahor join the chan."
32,1368692574593,"revolunet","revolunet leave the IRC (Ping timeout: 240 seconds)."
2,1368692586421,"revolunet","revolunet join the chan."
2,1368692837422,"rhannequin_","rhannequin_ join the chan."
1,1368692917847,"nfroidure","angezanetti, selon toi, à part les jeux et autres serious games, tu vois WebGL où ?"
32,1368692923421,"rhannequin","rhannequin leave the IRC (Ping timeout: 252 seconds)."
256,1368692933462,"rhannequin_","rhannequin_ changed his nick for rhannequin."
