2,1373321193153,"Tobu","Tobu join the chan."
2,1373322029990,"MoOx","MoOx join the chan."
32,1373322060232,"MoOx","MoOx leave the IRC (Remote host closed the connection)."
32,1373322084901,"_mlb","_mlb leave the IRC (Remote host closed the connection)."
2,1373324362017,"Tobu_","Tobu_ join the chan."
32,1373324443327,"Tobu","Tobu leave the IRC (Ping timeout: 245 seconds)."
2,1373328515215,"MoOx","MoOx join the chan."
32,1373328795308,"MoOx","MoOx leave the IRC (Ping timeout: 256 seconds)."
256,1373333729984,"Tobu_","Tobu_ changed his nick for Tobu."
2,1373345738208,"MoOx","MoOx join the chan."
2,1373347496196,"revolunet","revolunet join the chan."
2,1373350594124,"rhannequin","rhannequin join the chan."
2,1373351230832,"fbentz","fbentz join the chan."
1,1373351291204,"fbentz","Bonjour tout le monde :)"
2,1373351855366,"felixgilles","felixgilles join the chan."
2,1373352416328,"HammHetfield","HammHetfield join the chan."
32,1373352778776,"fbentz","fbentz leave the IRC (Quit: fbentz)."
2,1373352873147,"_mlb","_mlb join the chan."
32,1373352919828,"MoOx","MoOx leave the IRC (Remote host closed the connection)."
2,1373353151125,"fbentz","fbentz join the chan."
2,1373354457927,"Grirrle","Grirrle join the chan."
32,1373356233817,"Marsup","Marsup leave the IRC (Remote host closed the connection)."
32,1373356475903,"_mlb","_mlb leave the IRC (Remote host closed the connection)."
2,1373357994298,"_mlb","_mlb join the chan."
2,1373358052941,"Nyalab","Nyalab join the chan."
32,1373359123396,"_mlb","_mlb leave the IRC (Remote host closed the connection)."
2,1373359156571,"_mlb","_mlb join the chan."
32,1373359310010,"_kud","_kud leave the IRC (Read error: Connection reset by peer)."
2,1373359324199,"_kud","_kud join the chan."
32,1373359891351,"HammHetfield","HammHetfield leave the IRC (Ping timeout: 256 seconds)."
32,1373359962970,"rhannequin","rhannequin leave the IRC (Remote host closed the connection)."
32,1373360424915,"fbentz","fbentz leave the IRC (Quit: fbentz)."
2,1373360599765,"fbentz","fbentz join the chan."
32,1373360844327,"Grirrle","Grirrle leave the IRC (Quit: Leaving.)."
2,1373360928405,"HammHetfield","HammHetfield join the chan."
32,1373361260721,"oz","oz leave the IRC (*.net *.split)."
32,1373361426807,"madx`","madx` leave the IRC (Remote host closed the connection)."
32,1373361728598,"Nyalab","Nyalab leave the IRC (*.net *.split)."
32,1373361729001,"romainhuet","romainhuet leave the IRC (*.net *.split)."
32,1373361729200,"bobot","bobot leave the IRC (*.net *.split)."
32,1373361729399,"_mlb","_mlb leave the IRC (*.net *.split)."
32,1373361729599,"felixgilles","felixgilles leave the IRC (*.net *.split)."
32,1373361729599,"revolunet","revolunet leave the IRC (*.net *.split)."
32,1373361731003,"loicfrering","loicfrering leave the IRC (*.net *.split)."
32,1373361731653,"Shahor","Shahor leave the IRC (*.net *.split)."
32,1373361733295,"Marlb","Marlb leave the IRC (*.net *.split)."
32,1373361733454,"No`","No` leave the IRC (*.net *.split)."
32,1373361734800,"urcadox","urcadox leave the IRC (*.net *.split)."
32,1373361734999,"_kud","_kud leave the IRC (*.net *.split)."
32,1373361735947,"angezanetti","angezanetti leave the IRC (*.net *.split)."
32,1373361738003,"nfroidure","nfroidure leave the IRC (*.net *.split)."
32,1373361738003,"fbentz","fbentz leave the IRC (*.net *.split)."
32,1373361738653,"ChanServ","ChanServ leave the IRC (*.net *.split)."
32,1373361739654,"NiKo`","NiKo` leave the IRC (*.net *.split)."
32,1373361739655,"Tobu","Tobu leave the IRC (*.net *.split)."
32,1373361739854,"bricef","bricef leave the IRC (*.net *.split)."
32,1373361740102,"pntbr","pntbr leave the IRC (*.net *.split)."
32,1373361740598,"fuse","fuse leave the IRC (*.net *.split)."





2,1373361954843,"oz","oz join the chan."
2,1373361955395,"madx`_","madx`_ join the chan."
2,1373361955395,"fbentz","fbentz join the chan."
2,1373361955395,"_kud","_kud join the chan."
2,1373361955396,"_mlb","_mlb join the chan."
2,1373361955396,"Nyalab","Nyalab join the chan."
2,1373361955396,"felixgilles","felixgilles join the chan."
2,1373361955396,"revolunet","revolunet join the chan."
2,1373361955396,"Tobu","Tobu join the chan."
2,1373361955396,"romainhuet","romainhuet join the chan."
2,1373361955396,"bobot","bobot join the chan."
2,1373361955396,"bricef","bricef join the chan."
2,1373361955396,"ChanServ","ChanServ join the chan."
2,1373361955396,"Marlb","Marlb join the chan."
2,1373361955397,"loicfrering","loicfrering join the chan."
2,1373361955397,"Shahor","Shahor join the chan."
2,1373361955397,"No`","No` join the chan."
2,1373361955397,"urcadox","urcadox join the chan."
2,1373361955397,"angezanetti","angezanetti join the chan."
2,1373361955397,"pntbr","pntbr join the chan."
2,1373361955397,"fuse","fuse join the chan."
2,1373361955397,"NiKo`","NiKo` join the chan."
2,1373361955397,"nfroidure","nfroidure join the chan."













1,1373362319219,"_kud","c'est quoi la différence entre snippets et samples du coup NiKo` ?"
1,1373362339090,"NiKo`","snippet: bout de code utile, sample: mini app"
1,1373362342585,"_kud","oki"
2,1373362596712,"Grirrle","Grirrle join the chan."
32,1373362709641,"Grirrle","Grirrle leave the IRC (Client Quit)."
1,1373363537217,"nfroidure","http://www.html5audio.org/2013/06/web-midi-api-available-in-chrome-canary.html"
1,1373363683390,"_mlb","bordel IE8-, container.removeChild(element); element.parentNode == null; /* false */ element.parentNode.nodeType == element.parentNode.DOCUMENT_NODE // true"
1,1373363717700,"_mlb","u so fucking retarded"
2,1373364181934,"MoOx","MoOx join the chan."
32,1373364310618,"MoOx","MoOx leave the IRC (Remote host closed the connection)."
32,1373364742738,"Shahor","Shahor leave the IRC (Read error: Connection reset by peer)."
2,1373364760145,"Shahor","Shahor join the chan."
2,1373365213502,"oncletom","oncletom join the chan."
2,1373365328817,"Shahor_","Shahor_ join the chan."
32,1373365396484,"Shahor","Shahor leave the IRC (Ping timeout: 264 seconds)."
32,1373365421767,"oncletom","oncletom leave the IRC (Client Quit)."
32,1373365579957,"Shahor_","Shahor_ leave the IRC (Ping timeout: 245 seconds)."
2,1373365633513,"oncletom","oncletom join the chan."
32,1373366174615,"fbentz","fbentz leave the IRC (Quit: fbentz)."
2,1373369638879,"EpokK","EpokK join the chan."
1,1373369644174,"EpokK","Salut"
1,1373369663496,"EpokK","est ce qu'il y a ici des gens de la communaute Angular JS ?"
1,1373369739681,"EpokK","Je voulais savoir si les directives ng-blur et ng-focus sont prevu dans les prochaines versions d'AngularJS ?"
1,1373369750453,"EpokK","ou alors si il faut les creer soit meme ?"
1,1373369753540,"EpokK",":)"
32,1373370303057,"_kud","_kud leave the IRC (Read error: Connection reset by peer)."
32,1373370303241,"bobot","bobot leave the IRC (Read error: Connection reset by peer)."
2,1373370357643,"_kud","_kud join the chan."
32,1373371500896,"Tobu","Tobu leave the IRC (Ping timeout: 260 seconds)."
32,1373372070645,"_kud","_kud leave the IRC (Ping timeout: 264 seconds)."
2,1373372303816,"_kud","_kud join the chan."
2,1373372754361,"MoOx","MoOx join the chan."
32,1373372919379,"oncletom","oncletom leave the IRC (Quit: Leaving.)."
2,1373373467795,"Shahor","Shahor join the chan."
2,1373374146337,"bobot","bobot join the chan."
2,1373374641364,"fbentz","fbentz join the chan."
2,1373375099915,"rhannequin","rhannequin join the chan."
32,1373376453411,"fbentz","fbentz leave the IRC (Quit: fbentz)."
32,1373376462967,"rhannequin","rhannequin leave the IRC (Ping timeout: 268 seconds)."
2,1373376680186,"rhannequin","rhannequin join the chan."
2,1373377106891,"fbentz","fbentz join the chan."
32,1373377457266,"EpokK","EpokK leave the IRC (Quit: Page closed)."
256,1373378237242,"madx`_","madx`_ changed his nick for madx`."
32,1373378421489,"Shahor","Shahor leave the IRC (Remote host closed the connection)."
1,1373378591263,"_kud","https://twitter.com/_kud/status/354598845885325313"
1,1373378593376,"bobot","_kud: Are you .org-js-Block or .js-org-Block? #BEM"
32,1373378845103,"rhannequin","rhannequin leave the IRC (Ping timeout: 256 seconds)."
2,1373379056924,"rhannequin","rhannequin join the chan."
32,1373382071242,"fbentz","fbentz leave the IRC (Quit: fbentz)."
2,1373383095693,"fbentz","fbentz join the chan."
32,1373384395047,"rhannequin","rhannequin leave the IRC (Ping timeout: 248 seconds)."
2,1373384907337,"Tobu","Tobu join the chan."
2,1373385244416,"Tobu_","Tobu_ join the chan."
32,1373385277398,"Tobu","Tobu leave the IRC (Ping timeout: 260 seconds)."
32,1373385410941,"MoOx","MoOx leave the IRC (undefined)."
2,1373385433211,"MoOx","MoOx join the chan."
32,1373386241223,"fbentz","fbentz leave the IRC (Quit: fbentz)."
32,1373386419754,"felixgilles","felixgilles leave the IRC (Quit: Konversation terminated!)."
32,1373386428857,"bricef","bricef leave the IRC (Remote host closed the connection)."
32,1373386577704,"HammHetfield","HammHetfield leave the IRC (Quit: HammHetfield)."
2,1373386764484,"nfroidure_","nfroidure_ join the chan."
32,1373386971667,"nfroidure","nfroidure leave the IRC (Ping timeout: 264 seconds)."
32,1373387941743,"revolunet","revolunet leave the IRC (Ping timeout: 240 seconds)."
2,1373388368537,"fbentz","fbentz join the chan."
32,1373389711890,"_mlb","_mlb leave the IRC (Ping timeout: 240 seconds)."
32,1373390266860,"fbentz","fbentz leave the IRC (Quit: fbentz)."
2,1373390745037,"_mlb","_mlb join the chan."
2,1373391282762,"fbentz","fbentz join the chan."
2,1373398918187,"rhannequin","rhannequin join the chan."
2,1373399961651,"_lc_fr_","_lc_fr_ join the chan."
32,1373400445763,"rhannequin","rhannequin leave the IRC (Remote host closed the connection)."
32,1373400741829,"Tobu_","Tobu_ leave the IRC (*.net *.split)."
32,1373400742148,"pntbr","pntbr leave the IRC (*.net *.split)."
32,1373400742450,"fuse","fuse leave the IRC (*.net *.split)."
2,1373401048996,"pntbr","pntbr join the chan."
2,1373401049155,"Tobu_","Tobu_ join the chan."
2,1373401049155,"fuse","fuse join the chan."
32,1373401492798,"pntbr","pntbr leave the IRC (Ping timeout: 260 seconds)."
32,1373402073416,"Tobu_","Tobu_ leave the IRC (*.net *.split)."
32,1373402073715,"fuse","fuse leave the IRC (*.net *.split)."
2,1373402122737,"pntbr","pntbr join the chan."
2,1373402122896,"Tobu_","Tobu_ join the chan."
2,1373402122896,"fuse","fuse join the chan."
32,1373402154387,"MoOx","MoOx leave the IRC (Remote host closed the connection)."
2,1373402816854,"synbioz","synbioz join the chan."
32,1373402966838,"pntbr","pntbr leave the IRC (*.net *.split)."
32,1373402967001,"Tobu_","Tobu_ leave the IRC (*.net *.split)."
32,1373402967161,"fuse","fuse leave the IRC (*.net *.split)."
2,1373403152042,"pntbr","pntbr join the chan."
2,1373403152201,"Tobu_","Tobu_ join the chan."
32,1373404756040,"_lc_fr_","_lc_fr_ leave the IRC (Quit: Leaving)."
2,1373405427119,"Marsup","Marsup join the chan."
2,1373406098013,"revolunet","revolunet join the chan."
