32,1371946723847,"Amatewasu","Amatewasu leave the IRC (Quit: WeeChat 0.4.2-dev)."
2,1371980473258,"Amatewasu","Amatewasu join the chan."
32,1371980558527,"Amatewasu","Amatewasu leave the IRC (Client Quit)."
2,1371980750995,"Amatewasu","Amatewasu join the chan."
32,1371981108474,"Amatewasu","Amatewasu leave the IRC (Remote host closed the connection)."
1,1371983040314,"nfroidure","euskadi31, browser : chrome-dev-tools"
1,1371983059608,"nfroidure","Node, je sais pas, mais certainement"
32,1371986695279,"bigx","bigx leave the IRC (Quit: Ex-Chat)."
32,1371991335658,"_mlb","_mlb leave the IRC (Remote host closed the connection)."
2,1371992553151,"_mlb","_mlb join the chan."
1,1371992922528,"euskadi31","nfroidure: oui je connais mais je chercher en node"
32,1371993906200,"_mlb","_mlb leave the IRC (Ping timeout: 256 seconds)."
2,1371994154565,"lbdremy","lbdremy join the chan."
2,1371998647145,"_kud","_kud join the chan."
2,1372002726062,"Marsup","Marsup join the chan."
1,1372004741404,"_kud","NiKo`: C'est quoi la différence entre Zombie et Casperjs en fait ?"
32,1372005041300,"Marsup","Marsup leave the IRC (Ping timeout: 256 seconds)."
2,1372005186393,"Marsup","Marsup join the chan."
32,1372005317793,"Marsup","Marsup leave the IRC (Remote host closed the connection)."
2,1372006423772,"Marsup","Marsup join the chan."
2,1372011386886,"MoOx","MoOx join the chan."
32,1372011584220,"MoOx","MoOx leave the IRC (Remote host closed the connection)."
32,1372011867470,"_kud","_kud leave the IRC (Read error: Connection reset by peer)."
2,1372011901305,"_kud","_kud join the chan."
32,1372012808287,"_kud","_kud leave the IRC (Read error: Connection reset by peer)."
2,1372012844466,"_kud","_kud join the chan."
32,1372015726491,"_kud","_kud leave the IRC (Remote host closed the connection)."
2,1372019576338,"Amatewasu","Amatewasu join the chan."
2,1372021073803,"MoOx","MoOx join the chan."
32,1372021954892,"MoOx","MoOx leave the IRC (Remote host closed the connection)."
2,1372024660664,"rhannequin","rhannequin join the chan."
