32,1369003719613,"Amatewasu","Amatewasu leave the IRC (Quit: WeeChat 0.4.1-rc2)."
2,1369029566999,"MoOx","MoOx join the chan."
2,1369031290512,"HammHetfield","HammHetfield join the chan."
2,1369032016350,"mab","mab join the chan."
2,1369035726000,"Nyalab","Nyalab join the chan."
2,1369036228701,"revolunet","revolunet join the chan."
528,1369039327485,"Marionnette","Twitter.com#francejs - @nfroidure: Regular Expressions Cheat Sheet http://t.co/TYQDgyHjua #javascript #regexp #francejs"
2,1369043435079,"Amatewasu","Amatewasu join the chan."
2,1369044805466,"rhannequin","rhannequin join the chan."
2,1369045327501,"bobot","bobot join the chan."
1,1369045678916,"rhannequin","bobot: roulette"
1,1369045679773,"bobot","BANG!"
1,1369045682413,"rhannequin","TAIN"
1,1369045847535,"rhannequin","y'a du monde en ce jour \"férié\" ?"
1,1369046220892,"nfroidure","lo"
1,1369046242091,"nfroidure","rhannequin,  tjrs fidèle au poste ;)"
1,1369046372186,"rhannequin","J'ai ni taf, ni cours, mais des projets à rendre donc c'est code toute la journée quand même"
32,1369047498665,"revolunet","revolunet leave the IRC (Quit: revolunet)."
1,1369047831704,"nfroidure","idem, j'ai bossé tout le w-e"
2,1369049097796,"revolunet","revolunet join the chan."
32,1369049963800,"revolunet","revolunet leave the IRC (Ping timeout: 260 seconds)."
2,1369050349131,"revolunet","revolunet join the chan."
32,1369050625114,"revolunet","revolunet leave the IRC (Ping timeout: 248 seconds)."
2,1369050802807,"revolunet","revolunet join the chan."
32,1369051064554,"rhannequin","rhannequin leave the IRC (Ping timeout: 256 seconds)."
32,1369051139808,"revolunet","revolunet leave the IRC (Ping timeout: 260 seconds)."
2,1369051477943,"revolunet","revolunet join the chan."
32,1369051727989,"revolunet","revolunet leave the IRC (Ping timeout: 252 seconds)."
2,1369051961737,"revolunet","revolunet join the chan."
32,1369052093085,"Amatewasu","Amatewasu leave the IRC (Quit: WeeChat 0.4.1-rc2)."
2,1369053310124,"rhannequin","rhannequin join the chan."
1,1369055539588,"madx`","plop"
32,1369055555989,"angezanetti","angezanetti leave the IRC (Ping timeout: 252 seconds)."
1,1369055563680,"madx`","quelqu'un a des resources sur les meilleurs pratiques actuelles en termes d'organisation de code ?"
2,1369055930133,"angezanetti","angezanetti join the chan."
2,1369056838167,"Amatewasu","Amatewasu join the chan."
32,1369058192585,"rhannequin","rhannequin leave the IRC (Ping timeout: 240 seconds)."
32,1369059125181,"angezanetti","angezanetti leave the IRC (Ping timeout: 245 seconds)."
2,1369059844402,"angezanetti","angezanetti join the chan."
2,1369063393654,"rhannequin","rhannequin join the chan."
1,1369064755872,"nfroidure","madx`, difficile de répondre, l'organisation du code change avec le temps la dimension que prend le projet. Pas sûr qu'il y ait des règles généralisables"
1,1369064842266,"nfroidure","Mais si tu trouves, je suis prenneur ;)"
1,1369064845610,"nfroidure","-"
1,1369064847643,"nfroidure","-n"
1,1369065685664,"HammHetfield","madx`: jpense que c'est plus la cohérence que l'organisation qui compte"
1,1369065720592,"HammHetfield","si tu te fais une super organisation et qu'au final, parce que X est devenu Y, ton code est plus à la bonne place, peu importe comment t'avais structuré ton truc, ça sera prise de tête"
1,1369065864745,"HammHetfield","bref, bonsoir tout le monde :)"
32,1369065867239,"HammHetfield","HammHetfield leave the IRC (Quit: HammHetfield)."
32,1369066596966,"revolunet","revolunet leave the IRC (Read error: Operation timed out)."
32,1369067842463,"rhannequin","rhannequin leave the IRC (Remote host closed the connection)."
2,1369068237926,"fbentz","fbentz join the chan."
32,1369068622983,"fbentz","fbentz leave the IRC (Quit: fbentz)."
2,1369069166208,"fbentz","fbentz join the chan."
2,1369069239892,"TranceGeniK","TranceGeniK join the chan."
4,1369069562459,"TranceGeniK","TranceGeniK leave the chan."
2,1369069582932,"TranceGeniK","TranceGeniK join the chan."
32,1369069587744,"TranceGeniK","TranceGeniK leave the IRC (Client Quit)."
32,1369070447329,"fbentz","fbentz leave the IRC (Quit: fbentz)."
2,1369075365310,"fbentz","fbentz join the chan."
32,1369076054303,"fbentz","fbentz leave the IRC (Quit: fbentz)."
32,1369076768698,"MoOx","MoOx leave the IRC (Ping timeout: 256 seconds)."
2,1369080083047,"MoOx","MoOx join the chan."
32,1369081938294,"Amatewasu","Amatewasu leave the IRC (Quit: WeeChat 0.4.1-rc2)."
2,1369082828381,"fbentz","fbentz join the chan."
32,1369086061877,"MoOx","MoOx leave the IRC (Remote host closed the connection)."
2,1369086118228,"_kud","_kud join the chan."
32,1369086909233,"fbentz","fbentz leave the IRC (Quit: fbentz)."
