32,1363734312624,"bobylito","bobylito leave the IRC (Quit: bobylito)."
32,1363737454763,"eaSy60","eaSy60 leave the IRC (Quit: Bye!)."
32,1363740525824,"Atu","Atu leave the IRC (Quit: [\"Textual IRC Client: www.textualapp.com\"])."
32,1363748036204,"CrEv","CrEv leave the IRC (Quit: ZNC - http://znc.in)."
2,1363748057315,"CrEv_","CrEv_ join the chan."
256,1363748059295,"CrEv_","CrEv_ changed his nick for CrEv."
2,1363758125249,"MoOx","MoOx join the chan."
2,1363764235970,"HammHetfield","HammHetfield join the chan."
32,1363764560154,"HammHetfield","HammHetfield leave the IRC (Read error: Connection reset by peer)."
2,1363764587812,"HammHetfield","HammHetfield join the chan."
2,1363765548291,"felixgilles","felixgilles join the chan."
2,1363769517781,"bobylito","bobylito join the chan."
2,1363769675567,"_kud_","_kud_ join the chan."
32,1363769840954,"_kud","_kud leave the IRC (Ping timeout: 245 seconds)."
2,1363769928480,"stefounet","stefounet join the chan."
1,1363770204149,"_kud_","Si vous avez des feedbacks à me faire sur ce squelette de backbone : https://github.com/kud/backbone-skeleton"
1,1363770212041,"_kud_",":)"
1,1363770254783,"madx`","_kud_: aujourd'hui j'fais une petite page et une annonce twitter pour MarseilleJS"
1,1363770262601,"_kud_","\o/"
1,1363770264176,"madx`","la page sera ULTRA simple :)"
1,1363770266709,"_kud_","je RT"
1,1363770269827,"_kud_","oui pas de souci"
1,1363770276441,"_kud_","tu utilises happy plan ou pas du coup ?"
1,1363770279338,"madx`","oui, parce que pour l'instant je suis tout seul :D"
1,1363770282297,"madx`","pas pour l'instant"
1,1363770287174,"_kud_","okay"
1,1363770289551,"madx`","je vais faire un .html avec tout dedans"
1,1363770296062,"_kud_","ca marche"
1,1363770299096,"madx`","j'attends que vous soyez compat node 0.10 ;)"
1,1363770317981,"_kud_","normalement on l'est"
1,1363770319029,"_kud_","enfin"
1,1363770320687,"_kud_","ca dépend de grunt"
1,1363770322199,"_kud_","pas de nous"
1,1363770329390,"_kud_","mais ils ont du fixer ca,  poke MoOx"
1,1363770341881,"_kud_","Putain, j'ai dit que j'écrivais bien maintenant."
1,1363770344706,"_kud_","dû*"
1,1363770353309,"madx`","je rééssayerai un peu plus tard"
1,1363770381517,"_kud_","^^"
1,1363770389383,"nfroidure","lo"
1,1363770402813,"madx`","yop nfroidure"
1,1363770402930,"_kud_","L"
1,1363770403436,"_kud_","O"
1,1363770405108,"nfroidure","je suis entrain de mettre en place le vhost pour l'api rest"
1,1363770438613,"_kud_","nfroidure:"
1,1363770442346,"_kud_","Tu as eu raison."
1,1363770453973,"_kud_","Le terme concours a déplu à pas mal de designers incompréhensifs de base."
1,1363770464777,"_kud_","Pourtant j'avais insisté sur le \"Appel à participation\"."
1,1363770476307,"_kud_","Mais ce n'est pas passé, ils se sont focalisés sur \"concours\". Les malheureux."
1,1363770476816,"nfroidure","_kud_, la diplomatie ;)"
4,1363770500794,"stefounet","stefounet leave the chan."
1,1363770634526,"madx`","C'est des cons."
1,1363770682512,"_kud_","Haha, j'en pensais pas moins mais vu qu'on est flicqué ici. poke Marionnette"
17,1363770682512,"Marionnette","_kud_: You're talking to me ?? Try ls."
1,1363770693833,"_kud_","J'aime pas trop trop en fait les logs, nfroidure :)"
1,1363770707023,"nfroidure","Pour travailler avec des designers, je connais leur sensibilité"
1,1363770722562,"_kud_","On parle des développeurs, mais les designers, pouah..."
1,1363770723548,"nfroidure","Mais en même temps, c'est ce qui fait leur charme :)"
1,1363770729219,"_kud_","J'me rappelerai toujours en SSII..."
1,1363770732135,"madx`","plus sérieusement c'est dommage..."
1,1363770761972,"madx`","nfroidure: sinon ajoute jsute un filtre !silent"
1,1363770785921,"_kud_",":D"
1,1363770840308,"_kud_","voit*"
1,1363770860292,"nfroidure","Mais plus sérieusement, logger le chan, c'est un gage de transparence"
1,1363770881568,"_kud_","Ouais enfin j'sens que j'vais PR pour virer certains propos :D"
1,1363770892931,"nfroidure","Tu trouveras toujours un benêt pour aller chercher une petite phrase, la sortir de son contexte et te maudir pendant 10 générations pour ça."
1,1363770917951,"_kud_","béh ouais."
1,1363770921178,"nfroidure","Les personnes de bonne volonté ne sont pas dupes de cela."
1,1363770926040,"_kud_","Evitons de leur donner des billes alors."
1,1363770946237,"madx`","non nfroidure a raison on s'en fout"
1,1363770971852,"nfroidure","Et les gens intelligents savent prendre de la hauteur et épurer leur perception des gens des petits tics de langages ou des phrases non réfléchies avant d'être dîtes"
1,1363771005190,"madx`","qui plus est les designers en qustion ne seront peut être pas intéressés par francejs au fianl"
1,1363771008688,"madx`","finl"
1,1363771009740,"madx`","zob"
1,1363771014266,"nfroidure","Mon expérience est que plus les gens sont dans la retenue, moins ils disent de conneries et plus ils ont de choses à cacher."
1,1363771015607,"_kud_","Donc tu es en train de dire qu'on ne peut être intelligent et nain en même temps ?."
1,1363771034408,"nfroidure","Alors que les gens spontané sont souvent plus sincères et droit, malgré toutes les boulettes qu'ils font."
1,1363771086102,"nfroidure","Alors, moi je dis, osef des trous ducs :)"
1,1363771312864,"_kud_","^^"
2,1363771650803,"coppa","coppa join the chan."
1,1363771661148,"coppa","arf : <!-- Oui nous avons dev le site a partir d'un theme wordpress car on était préssés. Si ca vous pose un problème c'est que vous êtes faits pour nous. Contactez nous. -->"
1,1363771764847,"_kud_","^^"
2,1363771925416,"lionelB","lionelB join the chan."
2,1363772356087,"vvo","vvo join the chan."
32,1363773121591,"Shahor","Shahor leave the IRC (Ping timeout: 264 seconds)."
2,1363773236610,"Shahor","Shahor join the chan."
32,1363773781595,"coppa","coppa leave the IRC (Quit: Leaving.)."
2,1363773792776,"coppa","coppa join the chan."
2,1363774269582,"peutetre","peutetre join the chan."
32,1363775924410,"peutetre","peutetre leave the IRC (Quit: peutetre)."
2,1363775959122,"peutetre","peutetre join the chan."
2,1363776496455,"coppa1","coppa1 join the chan."
32,1363776740399,"coppa","coppa leave the IRC (Ping timeout: 256 seconds)."
32,1363777545865,"peutetre","peutetre leave the IRC (Quit: peutetre)."
256,1363777707985,"_kud_","_kud_ changed his nick for _kud."
2,1363777751691,"peutetre","peutetre join the chan."
32,1363778892456,"peutetre","peutetre leave the IRC (Quit: peutetre)."
256,1363780450968,"lionelB","lionelB changed his nick for lionel|Miam."
2,1363781335502,"coppa","coppa join the chan."
32,1363781593564,"coppa1","coppa1 leave the IRC (Ping timeout: 276 seconds)."
2,1363782918329,"ma-b","ma-b join the chan."
2,1363783021484,"peutetre","peutetre join the chan."
1,1363784235431,"nfroidure","_kud, tu as eu mon mp"
1,1363785055857,"madx`","_kud: faut que je mette la page sur gh-pages ça suffit ?"
1,1363785110316,"madx`","ouais je confirme, par contre faudra voir pour le domaine"
1,1363785245495,"_kud","back ladies"
32,1363785252190,"vvo","vvo leave the IRC (Ping timeout: 252 seconds)."
1,1363785255912,"_kud","attendez la"
1,1363785261040,"_kud","non j'ai pas de mp nfroidure"
1,1363785265545,"_kud","et madx` oui ?"
1,1363785286220,"madx`","pour que ce soit accessible sur marseille.francejs.org il faudra config le domaine"
1,1363785356598,"_kud","madx`: mets ca sur gh-pages"
1,1363785358278,"_kud","et ca sera"
1,1363785359894,"_kud","http://francejs.org/marseillejs"
1,1363785366762,"madx`","ok"
1,1363785374710,"_kud","en somme, ca donne http://francejs.org/gh-pages-repo"
1,1363785381277,"_kud","(dans un premier temps)"
1,1363785384173,"_kud","on verra par la suite"
1,1363785403571,"madx`","ok"
1,1363785414634,"_kud","d'ou"
32,1363785419981,"ma-b","ma-b leave the IRC (Quit: Leaving.)."
1,1363785420780,"_kud","kud.io (qui est kud.github.com)"
1,1363785424606,"_kud","et kud.io/blog"
1,1363785430963,"_kud","(qui est blog comme repo chez moi)"
2,1363785436832,"mab","mab join the chan."
1,1363785439786,"_kud","je masterise les gh-pages chez github :d"
256,1363785441572,"mab","mab changed his nick for mab-."
1,1363785444354,"_kud","demande moi n'importe quoi"
1,1363785673930,"madx`","_kud: en fait je savais aussi ;) mais c'était juste pour confirmer"
1,1363785705338,"_kud","oui je me doute"
256,1363785862348,"lionel|Miam","lionel|Miam changed his nick for lionelB."
17,1363786015305,"Marionnette"," Rappel : Appel à participation pour trouver notre futur logo https://t.co/wmkWZwent7 Plus que quelques jours pour proposer le vôtre."
1,1363786042509,"madx`","c'est pas un concours ?! </troll>"
1,1363786062186,"_kud",":D :D :D"
32,1363786092224,"bobylito","bobylito leave the IRC (Ping timeout: 252 seconds)."
2,1363786113118,"bobylito","bobylito join the chan."
17,1363786156481,"Marionnette","Une nuit complète avec moi pour le gagnant :)."
1,1363786168213,"madx`",":)"
1,1363786216621,"_kud","madx`: je veux ecrire un tweet"
1,1363786220453,"_kud","mais j'en perds un peu mes mots"
1,1363786225305,"_kud","\"Ha oui, ce n'est pas vraiment un concours hein. On souhaite...\""
1,1363786235180,"_kud","j'aimerais dire qu'on partage les talents"
1,1363786239774,"_kud","qu'on se motive les uns les autres"
1,1363786240931,"_kud","toussa"
1,1363786282387,"madx`","hmm"
1,1363786284761,"madx`","je réfléchis"
17,1363786304934,"Marionnette","le maître écouter tu aurais dû, trop tard il est pour en arrière revenir."
1,1363786334246,"madx`","dis \"on est plutôt dans un esprit de partage et d'entraide que de compétition\""
1,1363786365706,"madx`","ou mieux"
1,1363786382381,"madx`","nos vertus sont le parage et l'entraide pltôt que la compétition"
1,1363786385109,"madx`","miieux :D"
1,1363786385975,"_kud","\"Ha oui, ce n'est pas vraiment un concours hein. C'est plutôt une motivation collective pour monter quelque de gros. M'voyez.\""
1,1363786395436,"_kud","chose*"
1,1363786397444,"nfroidure","_kud, non :)"
1,1363786405393,"_kud","rah vous n'etes pas joueurs"
1,1363786433633,"nfroidure","les critiques sur le mot concours cachent une trouille monstre de se confronter à la critique collective qui hje l'avoue n'est pas toujours très tendre."
1,1363786448743,"_kud","Ouais on s'en branle du coup"
1,1363786450925,"_kud","allez hop"
1,1363786458006,"_kud","si ca interesse qqun il participe"
1,1363786460784,"_kud","sinon die."
1,1363786470555,"nfroidure","par contre, tu peux tempérer cette trouille."
1,1363786498415,"madx`","dire que toute proposition est étudiée avec bonheur"
1,1363786498947,"nfroidure","Merci pour toutes les propositions déjà envoyées, il fallait une bonne dose decourage pour confronter ses créations à l'avis de tous"
1,1363786522267,"nfroidure","Et un rapple qu'il reste quelques jours"
1,1363786532957,"nfroidure","Mais en 150 chars"
1,1363786547262,"nfroidure",":-p"
1,1363786590036,"_kud","déjà fait le rappel"
1,1363786602542,"_kud","j'me demande si j'vais pas vous laisser les acces twitter"
1,1363786672373,"madx`",":)"
1,1363786678297,"madx`","pas encore _kud"
1,1363786685164,"_kud","bah pour nfroidure si"
1,1363786687072,"madx`","il faudra une personne pour la comm après les élections"
1,1363786688377,"_kud","ainsi que naholyr"
1,1363786690990,"madx`","oui"
1,1363786697147,"_kud","j'parle aux fondateurs en fait"
1,1363786700977,"madx`","mais j'sais pas si c'est utile maintenant"
1,1363786705525,"_kud","ouais"
1,1363786737234,"_kud","\"Pour rassurer certains, ce n'est pas vraiment un concours, on aimerait juste monter quelque chose de collectif. \""
1,1363786740712,"_kud","ca irait ?"
1,1363786750862,"_kud","collectif et participatif"
1,1363786756999,"nfroidure","non :)"
1,1363786761729,"_kud","okay"
1,1363786763535,"_kud","j'abandonne"
1,1363786764348,"nfroidure","Ca fait excuses"
1,1363786766964,"_kud","j'retourne bosser"
1,1363786767300,"_kud",":D"
1,1363786779425,"madx`","_kud: dis rien"
1,1363786784463,"nfroidure","On a pas à s'excuser d'intentions qu'on a pas"
1,1363786784629,"_kud","\"rien\""
1,1363786785360,"madx`","t'as pas parlé de concours de toutes façons"
1,1363786788916,"_kud","ils vont pas comprednre"
1,1363786790001,"_kud","les mecs"
1,1363786790344,"_kud",":)"
1,1363786847277,"nfroidure","D'ailleurs, communication = prendre : pas, non, contre, etc.. et mettre à la poubelle"
32,1363786852291,"mab-","mab- leave the IRC (Quit: Leaving.)."
1,1363786858187,"_kud","?"
1,1363786861622,"_kud","Pas compris"
1,1363786885937,"nfroidure","En fait, il faut tjrs parler en positif et éviter ce truc très français de mettre des négations partout."
1,1363786895434,"_kud","c'est vrai"
1,1363786899730,"nfroidure","Moi je me force pour dire : c'est bien plutôt que c'est pas mal."
1,1363786901881,"_kud","\"c'est pas mal\""
1,1363786902223,"_kud",":D"
32,1363786951995,"bobylito","bobylito leave the IRC (Quit: bobylito)."
1,1363787029313,"nfroidure","On envoie ça ? Heureux d'avoir autant de propositions, bravo pour le courage des participants #log #francejs + lien"
1,1363787118165,"_kud","\"Nous avons déjà eu de très belles participations. Bien plus que nous l'espérions. Continuez comme ça. #logoContest\""
1,1363787119472,"_kud","voilà."
1,1363787162588,"madx`","oui bien"
1,1363787215305,"_kud","Je pense de plus en plus à avoir le logo de lionelB en officiel"
1,1363787226328,"_kud","et en goodies celui de _mlb"
1,1363787227824,"_kud","style pin's"
1,1363787240163,"lionelB","Hello"
1,1363787269482,"_kud","En fait je \"préfère\" celui de _mlb"
1,1363787274987,"_kud","mais celui de lionelB est plus \"fonctionnel\""
1,1363787280477,"_kud","le France JS on le voit très bien"
1,1363787287365,"lionelB","ok"
1,1363787288360,"_kud","et j'aime le côté > vers le bas"
1,1363787304072,"_kud","Je trouve qu'il impose, et donne une certaine direction"
1,1363787318175,"_kud","ca se joue a rien en fat"
1,1363787319321,"_kud","fait*"
2,1363787321129,"lbdremy","lbdremy join the chan."
1,1363787340334,"_kud","J'pense limite si c'est difficile au partage"
1,1363787344083,"_kud","a faire un battle :)"
1,1363787358124,"lionelB","tu veux le foreworks ?"
1,1363787363549,"lionelB","fireworks"
1,1363787387715,"_kud","pas pour le moment"
1,1363787391979,"_kud","j'attends le week end"
1,1363787396759,"_kud","pour qu'on en discute tous ensemble"
1,1363787401219,"_kud","vous y compris"
1,1363787416841,"lionelB","yup"
1,1363787422891,"_kud","Logo -> Identité -> Website"
1,1363787425046,"_kud","voilà la roadmap"
1,1363787428698,"_kud","une fois ça en place"
1,1363787434149,"_kud","partie \"jobs\" via human coders"
1,1363787444339,"_kud","+ meetups en format agenda et gmaps"
1,1363787447622,"_kud","et une fois ca"
1,1363787452670,"lionelB","qu'est ce que tu met derrière identité ?"
1,1363787453669,"_kud","On réfléchit enfin aux actions"
1,1363787455535,"_kud","adhérents, etc"
1,1363787461123,"_kud","identité = couleurs"
1,1363787467230,"lionelB","ok"
1,1363787468362,"_kud","la pré-charte graphique du site web"
1,1363787475624,"_kud","nos eventuelles cartes de visites"
1,1363787477757,"_kud","toussa"
1,1363787481041,"_kud","une identité quoi"
1,1363787485684,"_kud","avec peut être un slogan"
1,1363787491459,"lionelB","support de comm'"
1,1363787506979,"madx`","_kud: tu privilégierai quoi comme moyen de comm pour rassembler les dev JS de marseille ?"
1,1363787511326,"madx`","j'fais une ML ?"
1,1363787517499,"_kud","oui lionelB"
1,1363787518103,"madx`","ou twitter + irc (ici)"
1,1363787523469,"_kud","Euh oui madx`"
1,1363787526981,"_kud","twitter je pense"
1,1363787533074,"lionelB","identité pour moi c'est plus lié au valeur pour par exemle définir le brief du logo"
1,1363787533543,"_kud","c'est le plus simple"
1,1363787538640,"lionelB","mais j'ai compris"
1,1363787539132,"_kud","\"follow @marseillejs\""
1,1363787547318,"_kud","et une fois ca, tu proposes un meetup"
1,1363787557407,"_kud","oui c'est pas faux lionelB"
1,1363787560713,"madx`","'k"
1,1363787568974,"_kud","en fait on a déjà commencé le principe d'identité pour être franc avec logo"
1,1363787580015,"madx`","les deux sont tellement similaires"
1,1363787582492,"madx`","que oui :D"
1,1363787593882,"_kud","^^"
1,1363787604077,"_kud","identité = couleurs, logo, slogan, carte de visites"
1,1363787607967,"_kud","et charte graphique"
1,1363787638238,"lionelB","ils partent de l'hexagone qui vient du logo de nfroidure en forme de france :)"
1,1363787658942,"lionelB","en fait c'etait plus une émulation qu'un concours pour etre éxact"
1,1363787668804,"_kud","exactement"
1,1363787676565,"_kud","une idée"
1,1363787677876,"_kud","des branches"
1,1363787683016,"_kud","a voir quelle branche on choisit"
1,1363787692455,"madx`","ça serait cool que ça reste toujours comme ça"
1,1363787706199,"madx`","que ce soit plus un effort commun qu'un regroupement simple"
1,1363787732739,"_kud","exact"
1,1363787735393,"lionelB","tant que tu privilégie la transparence / communication"
1,1363787739386,"_kud","y'aura tjs un split de toute facon madx`"
1,1363787742202,"_kud","mais j'espere pas trop"
1,1363787745668,"_kud","oui lionelB"
1,1363787762517,"madx`","ben y'a toujours des gens qui s'impliquent moins"
1,1363787782025,"madx`","mais faut vraiment pousser à l'échange et à la conciliation"
1,1363787782801,"_kud","cool, on a un mec de l'afup qui veut bien nous aiguiller dans nos demarches pour créer et animer l'organisation"
1,1363787789575,"lionelB","classe!"
1,1363787794497,"madx`","non je dis ça parce que rubyfrance ça part dans tous les sens et..."
1,1363787804148,"madx`","cool ça _kud"
1,1363787807139,"_kud","oui ca pue rubyfrance"
1,1363787809557,"_kud","j'en parlais avec camille"
1,1363787810950,"lionelB","huhu"
1,1363787813288,"_kud","il fait le triste constat aussi"
1,1363787825356,"madx`","oui, c'est trop fragmenté"
1,1363787835853,"madx`","et dès que tu veux faire bouger un truc c'est levée de boucliers"
1,1363787839076,"lionelB","ben ca serait pas mal d'avoir aussi leur retour d'XP"
1,1363787846256,"lionelB","pour pas faire la même"
1,1363787858213,"_kud","En fait lionelB"
1,1363787859580,"madx`","lionelB: suffit de lire la ML"
1,1363787861663,"_kud","c'que j'adore dans ton logo"
1,1363787861995,"_kud","https://lh6.googleusercontent.com/-2ak9Nrvtxio/UUbkwjcbW7I/AAAAAAAACu4/-2AajBPvAns/s600/logo-js-blason-pixel.jpg"
1,1363787871329,"_kud","c'est qu'on a une forme de \"main\""
1,1363787874397,"_kud","qui soulève le JS"
1,1363787884509,"_kud","c'est très bien recherché"
1,1363787887968,"_kud","peut-être pas fait expres"
1,1363787890584,"_kud","mais je trouve ca tres cool"
1,1363787894319,"madx`","il est très dynamique"
1,1363787897220,"lionelB","non pas fait expres"
1,1363787901138,"_kud","on \"propulse\" le JS"
1,1363787903758,"_kud","en le soutenant"
1,1363787906647,"_kud","très bien trouvé"
1,1363787907303,"lionelB","j'etais plus sur le coté blason"
1,1363787910450,"_kud","Yep"
1,1363787911517,"madx`","il a une forme de roquette aussi"
1,1363787915381,"_kud","aussi"

1,1363787921075,"_kud","et le France est vraiment lisible"
1,1363787923556,"_kud","France"
1,1363787924674,"_kud","JS"
1,1363787926955,"_kud","c'est lisible"
1,1363787937353,"lionelB","Il fait bien stable"
1,1363787959722,"_kud","exact"
1,1363787969829,"_kud","et on mettra celui de _mlb en goodies"
1,1363787970663,"lionelB","je trouve que c'etait pas mal aussi par rapport au message de vouloir montrer JS comme un truc sérieux / pérenne"
1,1363787974189,"_kud","pin's, stickers"
1,1363787978513,"_kud","a voir"
1,1363787981450,"_kud","Oui lionelB"
1,1363788011671,"lionelB","ahah j'ai raecemment jetter mais pin's de quand j'avais 12ans"
1,1363788033812,"_kud","mes*"
1,1363788035037,"_kud",":D"
1,1363788047141,"lionelB","oula merci :)"
1,1363788080315,"lionelB","j'essaie de me relire pourtant"
1,1363788673019,"_kud","Tu me dis quand tu as avancé sur marseille js madx`"
1,1363788692728,"madx`","oui, je bosse là, on avait un invité à midi donc j'ai peu avancé"
1,1363788700432,"madx`","mais je vais faire un .html bidon et un tweet pour l'instant"
1,1363788808568,"_kud","pas de souci"
1,1363788809861,"_kud","okay"
1,1363788810867,"madx`","(Note rapide sous android est vachement bien foutu)"
1,1363788817793,"_kud","ah ?"
1,1363788820553,"_kud","jamais testé"
1,1363788856892,"madx`","y'a juste ce qu'il faut"
2,1363788866216,"bobylito","bobylito join the chan."
1,1363788873092,"madx`","et tout est stocké en texte en local"
1,1363788910376,"_kud","^^"
1,1363788914911,"_kud","j'fais des google drive pour le moment"
1,1363789072581,"madx`","http://francejs.org/marseillejs/ :)"
1,1363789162491,"madx`","je twitte vers 16h amha"
1,1363789167238,"madx`","ou 15h30"
32,1363789218301,"bobylito","bobylito leave the IRC (Quit: bobylito)."
1,1363789360286,"nfroidure","Un chinois vient de m'envoyer 10$, j'ai honte à l'idée de ce que ça représente pour lui :/"
1,1363789394920,"madx`","rends lui en un peu :D"
1,1363789458341,"nfroidure",":)"
1,1363789484066,"nfroidure","son adresse se termine par .com.sg, c'est peut-être pas la chine :)"
1,1363789498335,"madx`","singapour ?"
1,1363789511855,"nfroidure","C'est un pays ou une ville ?"
1,1363789540439,"lionelB","j'aurais dit un pays mais tu me mets un doute"
1,1363789542481,"madx`","les deux non ?"
1,1363789553046,"nfroidure","En tout cas, ce que je peux dire, c'est que les français sont des gros radins :)"
1,1363789556969,"madx`","ou je confonds avec hong kong"
1,1363789559933,"_kud","Hehehe madx` :D"
1,1363789573163,"lionelB","gmaps :)"
1,1363789574578,"madx`","t'as vu ce theme ?"
1,1363789579451,"nfroidure","80% des users sont français, 90% des donateurs sont étrangers :D"
1,1363789581882,"madx`","on dirait les debuts de francejs.org :D"
1,1363789597315,"lionelB","c'est pour quoi ?"
1,1363789625274,"nfroidure","Mes extensions Firefox"
1,1363789633402,"lionelB","ok"
1,1363789639677,"nfroidure","Surtout KGen et un peu CanImage et BBcomposer"
1,1363789642148,"_kud","Euh"
1,1363789644111,"_kud","j'dois monter un pc"
1,1363789649674,"_kud","du moins indiquer une config"
1,1363789652806,"_kud","vous m'conseillez quoi ?"
1,1363789657682,"lionelB","sans moi"
1,1363789659479,"_kud","mes boss vont a rue montgallet"
1,1363789663761,"_kud","mais j'dois leur fournir la conf"
1,1363789669569,"_kud","c'est \"juste\" pour des VM sous windows"
1,1363789672250,"_kud","pour tester les sites"
1,1363789680039,"_kud","ainsi que lancer des scripts phantomcss et casperjs"
1,1363789685659,"lionelB","moult RAM et des pleins de core ;)"
1,1363789698482,"_kud","oui ca okay"
1,1363789702386,"_kud","j'vais prendre 16go"
1,1363789704031,"_kud","en DDR3"
1,1363789707127,"_kud","et un i7"
1,1363789709635,"_kud","mais apres"
1,1363789710931,"lionelB","avec des disques eSseSsDay!!!"
1,1363789723704,"_kud","oui"
1,1363789733158,"NiKo`","_kud: t'as qu'à dire que mon outil bouffe de la RAM pendant que t'y es"
1,1363789738938,"_kud","hahaha"
1,1363789739993,"_kud","non"
1,1363789744616,"_kud","les VM windows de merde oui"
1,1363789744990,"NiKo`","(en vrai, si)"
1,1363789745965,"lionelB","mais pas sur que le ssd aide beaucoup vu que les VM c'est surtout en RAM"
1,1363789761699,"_kud","En fait j'ai demandé a mes boss"
1,1363789770663,"_kud","\"vous voulez un chef de produit ou des scripts qui vérifient la prod\""
1,1363789773376,"_kud","\"deuxieme\""
1,1363789774240,"_kud","okay :D"
1,1363789780729,"_kud","donc achat de matos"
2,1363789781726,"vvo","vvo join the chan."
1,1363789827482,"lionelB","tu dois lancer des VM en // ?"
1,1363789837325,"_kud","oui"
1,1363789838983,"_kud","au moins deux"
1,1363789843085,"_kud","la VM de dev"
1,1363789851106,"lionelB","pkoi c'est sous windows ?"
1,1363789851432,"_kud","et une VM windows"
1,1363789858621,"_kud","parce que j'ai pas IE sinon :D"
1,1363789864228,"_kud","la machine sera sous linux"
1,1363789867157,"lionelB","oui pour les VM"
1,1363789873818,"lionelB","oki j'avais pas compris"
1,1363789904505,"nfroidure","_kud tu vas faire quoi exactement ?"
1,1363789920074,"madx`","_kud: \"Vous êtes sur #Marseille et vous faites du #JS ? Suivez @MarseilleJS et restez branchés pour la suite !\""
1,1363789967876,"_kud","haha"
1,1363789968843,"_kud","oui :)"
1,1363789973280,"_kud","de quoi nfroidure"
1,1363789976324,"_kud","je l'ai expliqué :D"
1,1363789981928,"_kud","vm windows pour tester IE sur différentes versions"
1,1363789987006,"_kud","+ scripts de vérification de la prod"
1,1363789992660,"_kud","(404, erreurs js, etc)"
1,1363790004212,"_kud","des tits robots qui bossent pour moi"
1,1363790007184,"nfroidure","http://www.browserstack.com/"
1,1363790018076,"_kud","+ VM de dev pour que les boss puissent voir ce sur quoi on bosse"
1,1363790020061,"_kud","oui mais non"
1,1363790026843,"_kud","je prefere faire ca moi même"
1,1363790031970,"_kud","+ j'ai d'autres trucs a faire"
1,1363790035409,"_kud","+ j'ai un wiki a faire tourner"
1,1363790238673,"_kud","j'vais demander le prix possibles"
1,1363790329698,"_kud","et voila"
1,1363790332170,"_kud","c'est encore pour ma gueule"
1,1363790338903,"_kud","je dois faire des \"boutons\" pour \"femme\" et \"homme\""
1,1363790347173,"_kud","avec l'icone qui va bien"
1,1363790350975,"_kud","pour remplacer... un checkbox"
1,1363790391302,"_kud","Ca c'est la partie que j'aime pas trop trop du frontend dev : http://cl.ly/image/024640403F3v"
1,1363790391790,"_kud",":D"
1,1363790394678,"madx`","tsss"
1,1363790412887,"_kud","oui ?"
2,1363790658125,"mab","mab join the chan."
256,1363790658781,"mab","mab changed his nick for mab-."
1,1363790688413,"madx`","_kud: relou le coup des boutons :)"
1,1363790696633,"_kud","oui"
1,1363790889925,"madx`","il faudrait que je me fasse des profils sous FF"
1,1363790897424,"madx`","pour me connecter à deux comptes twitter :D"
1,1363790962893,"madx`","#JavaScript ou #JS ?"
1,1363790997447,"madx`","poke _kud nfroidure"
1,1363791035995,"_kud","oui ?"
1,1363791039763,"madx`","15:47 < madx`> #JavaScript ou #JS ?"
1,1363791045725,"_kud","je comprends pas le hashtag"
1,1363791049061,"_kud","tu veux quoi"
1,1363791053929,"madx`","pour mon tweet"
1,1363791059197,"madx`","Vous êtes à #Marseille ou aux alentours et vous faites du #JavaScript ? Suivez @MarseilleJS et restez branchés pour la suite !"
1,1363791060893,"_kud","#francejs #js"
1,1363791064477,"madx`","j'ai ça pour l'instant"
1,1363791067132,"_kud","attends"
32,1363791069174,"peutetre","peutetre leave the IRC (Quit: peutetre)."
1,1363791074626,"_kud","on peut tester sur twitter ce qui ressort le plus ?"

1,1363791081020,"madx`","oui"
1,1363791083396,"madx`","hashtagbattle"
1,1363791102297,"_kud","http://hashtagbattle.com/#battle/w/%23js/%23javascript"
1,1363791108085,"_kud","c'qu'est normal"
1,1363791109342,"madx`","http://hashtagbattle.com/#battle/w/%23js/%23javascript"
1,1363791111589,"madx`","arf :D"
1,1363791113089,"_kud","mais la pérénité du mot"
1,1363791113909,"_kud",":/"
1,1363791118993,"madx`","oui :/"
1,1363791147643,"_kud","okay"
1,1363791149911,"_kud","oublie #js"
1,1363791154232,"_kud","c'est pollué à mort"
1,1363791165010,"madx`","ok donc je laisse tel quel"
1,1363791168304,"_kud","#javascript donc"
1,1363791169670,"_kud","oui"
1,1363791237505,"madx`","twitté :)"
1,1363791239393,"madx`","attends"
2,1363791241922,"naholyr","naholyr join the chan."
1,1363791247534,"_kud","oui ?"
1,1363791253593,"madx`","j'lai supprimé :)"
1,1363791255847,"_kud","^^"
1,1363791262370,"madx`","manquait un nbsp :)"
1,1363791299870,"madx`","ah beh non c'est Twitter qui les bouffe"
1,1363791313478,"_kud","^^"
1,1363791329071,"madx`","j'vais update la bio avec l'url du site aussi"
1,1363791330153,"_kud","RTed"
1,1363791374670,"madx`",":)"
1,1363791422994,"nfroidure","Dîtes Google Talk, c'est natif sur un Android ou il faut télécharger qqchose ?"
1,1363791479061,"_kud","natif"
1,1363791504634,"madx`","yep"
2,1363791520781,"peutetre","peutetre join the chan."
1,1363791531920,"_kud","on t'a follow madx` ?"
1,1363791541113,"madx`","_kud: oui j'ai vu tout à l'heure que j'avais déjà quelques abonnés"
1,1363791547476,"madx`","on vavoir si à ça augmente"
1,1363791547696,"_kud","11 là"
1,1363791550823,"madx`","je me suis autor"
1,1363791552100,"_kud","oui"
1,1363791553840,"madx`","rt*"
1,1363791556826,"madx`","(via @madx)"
1,1363791559256,"_kud","^^"
1,1363791568976,"_kud","quand vous repondez, faites ^pseudo"
1,1363791682018,"madx`","_kud: pour @francejs"
1,1363791686313,"_kud","oui ?"
1,1363791721092,"madx`","15:57 < _kud> quand vous repondez, faites ^pseudo"
1,1363791728165,"_kud","bah pour marseille aussi"
1,1363791740364,"_kud","y'a les communiqués \"officiels\""
1,1363791740438,"madx`","non, je suis le seul dictateur, mouahahahahha"
1,1363791742412,"madx`",":D"
1,1363791745567,"_kud","et les reponses des gens :)"
1,1363791751277,"madx`","(je déconne, t'as raison)"
1,1363791767145,"madx`","^@pseudo même non ?"
1,1363791773461,"_kud","même pas"
1,1363791778555,"_kud","si tu veux pas te mention constamment"
1,1363791867638,"madx`","hmmm ouais"
32,1363791917130,"peutetre","peutetre leave the IRC (Quit: peutetre)."
2,1363792102241,"peutetre","peutetre join the chan."
1,1363792129784,"_kud","- SSD 512 Go"
1,1363792129952,"_kud","- Processeur socket 2011 Intel Core i7 3820"
1,1363792130001,"_kud","- Alimentation minimum 750 watts"
1,1363792131434,"_kud","- 16go minimum (plus y'en a, mieux c'est, surtout vu le prix en ce moment, c'est pas cher), format DDR3 PC 17000 ou plus (en fonction de la carte mère)"
1,1363792133442,"_kud","- N'importe quelle carte mère socket 2011 (http://www.materiel.net/carte-mere-socket-2011/)"
1,1363792135492,"_kud","- N'importe quelle carte graphique (plutôt nvidia car mieux supportée sous linux) du style Nvidia GeForce GTX 650"
1,1363792137299,"_kud","ca va ca ?"
1,1363792391839,"_kud","j'ai augmenté la 650 en 660"
1,1363792397356,"_kud","les perfs sont pourries sur un 650"
1,1363792398703,"_kud","et"
1,1363792406233,"_kud","si on est ammené a faire de la video, a voir"
1,1363792539967,"madx`","moi aussi il va me falloir une machine"
1,1363792549596,"madx`","je crois que je vais prendre du dell ou du lenovo"
1,1363792552800,"madx`","j'sais pas trop :/"
32,1363792605589,"coppa","coppa leave the IRC (Quit: Leaving.)."
2,1363792622913,"coppa","coppa join the chan."
32,1363792633080,"coppa","coppa leave the IRC (Client Quit)."
2,1363792640158,"coppa","coppa join the chan."
1,1363792652792,"_kud","erk"
1,1363792681548,"lionelB","madx un portable ?"
1,1363792697463,"_kud","un portable"
1,1363792701103,"_kud","je conseille *malheureusement*"
1,1363792705590,"_kud","un macbook air 11 pouces"
1,1363792711212,"lionelB","les dell 13\" xps sont bien fini"
1,1363792716395,"_kud","qualité prix,  tu t'y retrouves carrément"
1,1363792750762,"lionelB","mac book air quand c'est pas le taf qui paye... ca pique un peu quand meme"
1,1363792764322,"_kud","bof"
1,1363792767481,"_kud","1000 bucks"
1,1363792794146,"madx`","sûrement un laptop oui"
1,1363792797720,"nfroidure","Je comprends pasl'enthousiasme pour telle ou telle machine. Un pc c'est un pc :)"
1,1363792805822,"nfroidure","Et puis, coder sur un laptop..."
1,1363792806658,"lionelB","1000 = 64Go de SSD"
1,1363792812235,"madx`","_kud: je veux pas de apple si j'ai le choix"
1,1363792820966,"_kud","Point intéressant http://www.vice.com/fr/read/eric-duran-le-robin-des-bois-catalan"
1,1363792821433,"madx`","en fait"
1,1363792826577,"_kud","qu'on peut peut-être utilisé"
1,1363792827569,"madx`","je veux un 14\""
1,1363792827995,"_kud","chez francejs"
1,1363792831007,"lionelB","c'est pour le cloud :D"
1,1363792833034,"_kud","(surtout la fin de l'article)"
1,1363792838772,"_kud","assemblée plutôt qu'autre chose"
1,1363792854250,"_kud","- Tu souhaites un jour fonder un parti politique pour soutenir tes idées ?"
1,1363792854661,"_kud","- Le gros problème, ici, c’est que le concept de parti politique est en contradiction avec l’esprit d’assemblée. L’assemblée est un processus ouvert qui fonctionne par consensus. Le concept du parti politique, lui, est basé sur la confrontation."
1,1363792855942,"madx`","même si c'est le taf qui paye (ce qui n'est pas sûr pour l'instant)"
1,1363792880737,"madx`","nfroidure: branché sur un écran avec un clavier externe"
1,1363792896048,"madx`","si l'opportunité quie j'ai là marche bien j'aurais des déplacements à faire ;)"
1,1363792899386,"madx`","donc laptop"
1,1363792920338,"madx`","et non, un pc c'est pas qu'un pc"
1,1363792925833,"madx`","c'est un outil de travail"
1,1363792932909,"madx`","y'a plein de facteurs à prendre en compte"
1,1363792966610,"nfroidure","madx`, oui comme le siège, la hauteur du bureau, le réglage de l'écran, ta position par rapport à la fenêtre :)"
1,1363792972966,"madx`","oui :)"
1,1363792985999,"madx`","mais ça ça vaut moins cher :D"
1,1363793005059,"nfroidure","Franchement, je vais faire mon Stroumpf Moralisateur, mais coder sur un laptop : cay le mal !"
1,1363793023194,"nfroidure","Votre santé vaut plus que votre mobilité."
1,1363793031687,"madx`","d'où la santé ?"
1,1363793036287,"nfroidure","madx`, mon siège de bureau vaut autant que ma tour"
1,1363793062869,"lionelB","nfroidure c'est quoi comme siege"
1,1363793074367,"_kud","^^"
1,1363793077815,"_kud","J'y pense à ça"
1,1363793081661,"_kud","Acheter un putain de siège"
1,1363793082333,"_kud",":D"
2,1363793086908,"vvo1","vvo1 join the chan."
32,1363793086956,"vvo","vvo leave the IRC (Disconnected by services)."
32,1363793097142,"vvo1","vvo1 leave the IRC (Client Quit)."
1,1363793097950,"madx`","nfroidure: agreed"
1,1363793107559,"nfroidure","Je sais pas, c'est un siège GS avec tout ce qu'il faut : accoudoirs, repose tête etc..."
1,1363793107829,"madx`","mais laptopt + grand écran"
2,1363793114249,"vvo","vvo join the chan."
1,1363793117171,"nfroidure","De mémoire, je l'ai payé 600€HT chez Bruneau"
1,1363793117388,"madx`","t'as la mobilité + le conform"
1,1363793120106,"madx`","confort*"
1,1363793184188,"madx`","j'ai du mal à écrire laptop tiens"
1,1363793216651,"nfroidure","madx`, disons que si tu utilises ton laptop, tu dois : éviter de trop l'utiliser dans des positions pourries."
1,1363793235554,"madx`","bah oui"
1,1363793240776,"madx`","d'où le grand écran"
1,1363793271567,"nfroidure","Ce que je fais perso avec mon laptop en extérieur quand je code : surélever ton laptop pour qu'il arrive à la hauteur de tes yeux, avoir souris et clavier séparé et demander un vrai siège"
1,1363793298972,"nfroidure","Plus que le matos, c'est la position où il se trouve"
1,1363793320947,"nfroidure","Et il faut checker réglièrement car entre temps des comiques peuvent tout dérègler"
1,1363793329570,"nfroidure","Dans mon cas, ce sont mes enfants :D"
1,1363793367650,"madx`","nfroidure: ici on a des sieges relativement standard à accoudoirs"
1,1363793374959,"madx`","et on surélève les laptops à côté du grand écran"
1,1363793379321,"madx`","on fait quand même gaffe"
1,1363793391039,"nfroidure","Ah, et le truc pourri : les tables trop courtes comme ça tu te flingues bien les yeux"
1,1363793396000,"madx`","seul pt négatif, on peut pas être pieds nus"
1,1363793398684,"madx`","yep"
1,1363793442342,"nfroidure","Je sais pas quel âge vous avez, mais moi à seulement trente ans j'ai déjà des engourdissements dans les poignets parfois en fin de journée."
1,1363793464267,"_kud","28"
1,1363793464433,"nfroidure","Donc, maintenant je rigole plus avec les conditions de travail."
1,1363793480930,"_kud","j'en ai mais j'me positionne de facon a ce que ca pose moins de souci"
32,1363794063614,"peutetre","peutetre leave the IRC (Quit: peutetre)."
1,1363794067327,"_kud","t'as gagné 6 abonnés madx` \o/"
2,1363794205609,"stefounet","stefounet join the chan."
1,1363794514890,"madx`","_kud: oui j'ai vu"
1,1363794524979,"madx`","dont un recruteur qui m'a déjà appelé :D"
1,1363794530457,"madx`","et qui a pleiiiin de contacts"
1,1363794535826,"_kud","yeaaah :D"
1,1363794541276,"_kud","directement sur marseillejs ?"
1,1363794560866,"madx`","de ?"
1,1363794567341,"_kud","facepalm"
1,1363794575010,"_kud","je te dis que tu as gagné 6 followers"
1,1363794576684,"_kud","tu me dis"
1,1363794586545,"_kud","\"dont un recruteur qui a plein de contacts\""
1,1363794590161,"_kud","et qui t'a demandé de l'appeler"
1,1363794592420,"madx`","oui sur @marseillejs"
1,1363794594606,"_kud","donc via marseillejs"
1,1363794595623,"_kud","okay :)"
2,1363794600266,"bobylito","bobylito join the chan."
1,1363794611940,"madx`","il m'avait appellé avant"
1,1363794615297,"_kud","Je le vois pas dans ta TL ?"
1,1363794623121,"madx`","quand j'avais posté l'annonce pour mon boulot"
4,1363794646651,"stefounet","stefounet leave the chan."
1,1363794683674,"madx`","_kud: timeline:"
1,1363794688488,"madx`","1/ Je poste l'annonce pour mon boulot"
1,1363794689318,"_kud","béh j'vois pas"
1,1363794691670,"madx`","2/ Le mec m'apelle"
1,1363794697015,"madx`","3/ Je lance marseillejs"
1,1363794698690,"_kud","sur marseillejs ?"
1,1363794701632,"madx`","4/ il followe @marseillejs"
1,1363794704973,"_kud","okay"
2,1363795106255,"stefounet","stefounet join the chan."
1,1363795218056,"madx`","je sais pas qui l'a fait mais merci pour le retweet @npcdjs :)"
1,1363795254984,"madx`","@chtijs en fait"
1,1363795339899,"_kud","c'est nfroidure"
1,1363795341209,"_kud","je crois"
1,1363795459372,"nfroidure","indeed"
1,1363795471529,"_kud","allez"
1,1363795477083,"_kud","j'vais tweeter une idée par semaine"
1,1363795477746,"nfroidure","J'ai pas de retour sur chtijs"
1,1363795479602,"_kud","ou par jour"
1,1363795483179,"_kud","sur francejs"
1,1363795489469,"nfroidure","Y'a pas moyen de récupérer lillejs ?"
1,1363795504724,"_kud","possib'"
1,1363795506193,"nfroidure","Si on dénoncer pour spam ce squatteur ?"
1,1363795537538,"_kud","Essayons ?"
1,1363795543893,"madx`","hmm"
1,1363795546183,"_kud","https://twitter.com/lillejs"
1,1363795547722,"madx`","il est actif le compte non ?"
1,1363795560262,"_kud","bof"
1,1363795677128,"madx`","lille.js sinon ?"
1,1363795678791,"madx`","lille-js"
1,1363795682253,"madx`","lille_js"
1,1363795688430,"madx`","liljs :)"
1,1363795707190,"madx`","nfroidure: damn, on est plus nombreux à marseille :D"
1,1363795707708,"nfroidure","zoli"
1,1363795710313,"_kud","pardon"
1,1363795712050,"_kud","\"Essayons un nouveau jeu. Une semaine, un tweet d'un objectif qu'aimerait réaliser #FranceJS. Ce sera le mercredi.\""
1,1363795713498,"_kud","c'est clair ?"
4,1363795730835,"stefounet","stefounet leave the chan."
1,1363795763633,"nfroidure","liljs déjà pris"
1,1363795778131,"madx`","nfroidure: mais vous vous vous êtes déj vus"
1,1363795783560,"madx`","putain ça fait beaucoup de vous"
1,1363795785016,"madx`","dommage :("
1,1363795812441,"nfroidure","Faites un spam report de  https://twitter.com/lillejs"
1,1363795830381,"_kud","done"
1,1363795838286,"madx`","tsss"
1,1363795840564,"madx`","raclure :D"
1,1363795877189,"_kud","pour faire parler de francejs"
1,1363795882216,"_kud","des objectifs qu'on aimerait atteindre"
1,1363795915181,"madx`","nfroidure: en flamand français (Ryssel [ri:səl], et Rijsel [reɪsəl] sinon :)"
1,1363795993935,"madx`","deulejs :)"
1,1363796019207,"_kud","Allez, on essaye un nouveau jeu. Chaque mercredi, un tweet relatant des objectifs qu'on aimerait atteindre chez #FranceJS"
1,1363796020664,"_kud","ca ira ?"
1,1363796038541,"madx`","_kud: à approuver par naholyr et nfroidure non ? :)"
2,1363796178270,"peutetre","peutetre join the chan."
1,1363796216549,"nfroidure","Vous pouvez répondre +1 à ça : https://twitter.com/chtijs/status/314409381137616896"
1,1363796242370,"nfroidure","Moi ça me paraît bien pas besoin de valider. Par contre, c'est les tweets qu'il faut valider."
1,1363796254678,"nfroidure","Moi, je suis pour la rareté :)"
1,1363796299480,"_kud","allez"
1,1363796303183,"_kud","premier objectif ?"
1,1363796305898,"_kud","\"#ObjectifFranceJS : xxx\" ?"
1,1363796307100,"_kud","j'attends"
1,1363796355864,"_kud","vous avez le choix entre sponsoriser un meetup"
1,1363796361920,"_kud","aider un speaker a se deplacer"
1,1363796362062,"madx`","done"
1,1363796369447,"_kud","Nan mais pas vous"
1,1363796373999,"_kud","mais le compte francejs"
1,1363796374526,"_kud",":D"
1,1363796379105,"_kud","a moins que vous voulez participer"
1,1363796385051,"madx`","_kud: je parlais à nfroidure en fait"
1,1363796389337,"_kud","okay"
1,1363796402508,"madx`","+1 pour aider un speaker"
1,1363796420716,"madx`","+1 pour fournir une infra/ de l'aide pour la mise en place des groupes locaux"
1,1363796432414,"nfroidure","+1 pour aider un speaker"
1,1363796455031,"_kud","\"Ou mieux : Vous tweetez #ObjectifFranceJS et on RT le meilleur d'entre vous. Si rien, alors nous proposerons.\""
1,1363796455856,"_kud",":)"
1,1363796456567,"_kud","voila"
1,1363796457746,"_kud","j'attends"
1,1363796468277,"nfroidure","+1 pour changer les boutons à notre place dans les interfaces"
1,1363796627870,"madx`","flemme de twitter là _kud"
1,1363796689811,"nfroidure","Bon les mecs, y serait temps de suivre notre maître à tous : https://twitter.com/BrendanEich"
1,1363796711787,"nfroidure","Avec les comptes FranceJS/ VilleJS"
1,1363796869226,"_kud","fait"
1,1363796918823,"nfroidure","Par contre, je pense qu'il ne faut suivre que : des symboles style Brendan Eaich, Tim Berners Lee ou des orgas JS style communautés et villeJS"
1,1363796925717,"madx`","oui"
1,1363796929135,"madx`","c'est ce que je pense faire"
1,1363796958390,"nfroidure","_kud, tu peux défollow https://twitter.com/webaaz avec un mot gentil ? :-/"
1,1363796966501,"_kud","parce que ?"
1,1363796972403,"madx`","nfroidure: done aussi"
1,1363797023558,"madx`","22 abonnés !!!"
1,1363797026124,"madx`","doublé :D"
1,1363797036675,"_kud",":D"
1,1363797039506,"_kud","bien joué"
1,1363797049196,"madx`","lol, y'a un des gars de ma boite :)"
1,1363797065004,"_kud","^^"
1,1363797072645,"nfroidure","La promo personnelle... déjà que ça chipote pour le mot concours"
1,1363797088934,"madx`","je lui avait dit que c'était moi qui m'en occupais mais je ais pas s'il s'en souvient"
1,1363797153235,"_kud","oui"
1,1363797324523,"_kud","et hop"
1,1363797332707,"_kud","l'objectif de cette semaine est fait"
1,1363797342117,"_kud","rappelez moi le mercredi de faire ça"
1,1363797350307,"madx`","mets toi un reminder"
1,1363797375018,"nfroidure","Ca vaut le coup de suivre des groupes anglophones style https://twitter.com/ScotlandJS"
1,1363797384465,"nfroidure","?"
1,1363797401173,"_kud","totalement"
1,1363797403811,"madx`","peut être dans le futur oui"
1,1363797423824,"nfroidure","Ouais, amis si on parle franaçais sur FranceJS on va les saouler"
1,1363797430320,"nfroidure","*mais"
1,1363797514285,"_kud","on s'en fout"
1,1363797522780,"_kud","on veut juste qu'ils sachent qu'on existe"
1,1363797530700,"_kud","s'ils veulent ramener un de leurs speakers ici :)"
32,1363797590358,"coppa","coppa leave the IRC (Quit: Leaving.)."
1,1363798109586,"_kud","Montreal c'est français non ?"
1,1363798125190,"nfroidure","Ou alors un créer un compte FranceJSIntrel"
1,1363798137190,"_kud","intrel ?"
1,1363798143995,"nfroidure","International Relations"
1,1363798149837,"_kud","je vois"
1,1363798169425,"madx`","_kud: oui"
1,1363798181891,"nfroidure","Non laisse tomber je dis nimp, je suis crevé :O"
1,1363798347085,"nfroidure","Le problème de chtijs, c'est que c'est un peu connoté boubourse, imagine qu'on aille faire un conf à Mykonos"
1,1363798367301,"madx`",":/"
32,1363798386877,"bobylito","bobylito leave the IRC (Quit: bobylito)."
1,1363798387082,"_kud","grave"
1,1363798393685,"nfroidure","Autant s'appeller BilouteJS"
1,1363798421108,"_kud","rofl"
1,1363798422819,"madx`","on a bien PastisRB :)"
1,1363798430540,"_kud","CagoleJS"
1,1363798435348,"nfroidure",":D"
1,1363798449231,"madx`","owi"
32,1363798452689,"lionelB","lionelB leave the IRC (Quit: Bye Bye)."
1,1363798461345,"_kud","j'suis en train de taper sur js montreal"
1,1363798468161,"_kud","pour savoir si on peut avoir un pont la bas"
1,1363798469388,"_kud",":D"
1,1363798482625,"nfroidure","Je m'en irai à Montréaaal."
1,1363798490968,"_kud","le problème qu'on a maintenant"
1,1363798498140,"_kud","c'est que ca devrait s'appeller FrancophonieJS"
1,1363798499694,"_kud","mais d'la merde"
1,1363798501313,"_kud","c'est moche"
1,1363798506254,"nfroidure",":k"
1,1363798516423,"_kud","c'est bon"
1,1363798521369,"_kud","tout l'monde comprend que francejs"
1,1363798524112,"_kud",".."
1,1363798526110,"_kud","au pire on indique"
1,1363798533647,"_kud","\"organisation francophone\""
1,1363798544160,"_kud","nom != objectif"
1,1363798552650,"HammHetfield","Win 8 me fait ramer même quand il s'éteint >.<"
1,1363798557658,"_kud","^^"
1,1363798558583,"HammHetfield","c'est quoi cte bouse -_-\""
1,1363798626814,"HammHetfield","allez, bonsoir à tous"
32,1363798630450,"HammHetfield","HammHetfield leave the IRC (Quit: HammHetfield)."
1,1363798669895,"_kud","Mettre des id sur des input, select, toussa"
1,1363798672994,"_kud","pour faire marcher les labels"
1,1363798673706,"_kud","SO"
1,1363798674760,"_kud","boring."
32,1363798859619,"naholyr","naholyr leave the IRC (Quit: Quitte)."
32,1363798986053,"lbdremy","lbdremy leave the IRC (Quit: Page closed)."
32,1363799409298,"vvo","vvo leave the IRC (Ping timeout: 252 seconds)."
32,1363799516839,"felixgilles","felixgilles leave the IRC (Quit: Konversation terminated!)."
2,1363799746418,"rhannequin","rhannequin join the chan."
32,1363799949069,"rhannequin","rhannequin leave the IRC (Client Quit)."
2,1363800402303,"vvo","vvo join the chan."
32,1363801521312,"vvo","vvo leave the IRC (Ping timeout: 252 seconds)."
2,1363802025939,"vvo","vvo join the chan."
32,1363802500766,"peutetre","peutetre leave the IRC (Quit: peutetre)."
1,1363804629501,"madx`","dites _kud / nfroidure , le compte Google Analytics c'est qui qui le gère ?"
1,1363805172115,"nfroidure","nous :)"
1,1363805194629,"nfroidure","Tu veux que je crée un code marseille JS ?"
1,1363805211343,"nfroidure","Je sais pas s'il est possible de rendre publique les stats"
1,1363805308893,"nfroidure","madx`,"
1,1363805322845,"madx`","nfroidure: tu peux ajouter un utilisateur (francois at yapok org)"
1,1363805329445,"madx`","créer un profil pour marseillejs"
1,1363805335600,"madx`","et m'autoriser dessus"
1,1363805456885,"nfroidure","l'adresse c'est marseille.francejs.org ?"
1,1363805539262,"madx`","non, francejs.org/marseille"
1,1363805542642,"madx`","non, francejs.org/marseillejs/"
1,1363805574930,"nfroidure","madx`, UA-39130596-2"
1,1363805581196,"madx`","thanks"
1,1363805722503,"nfroidure","madx`, c'est bon, tu devrais le voir dans tes comptes analytics"
1,1363805756192,"madx`","oui, par contre je vois tous les profils"
1,1363805946427,"madx`","tu dois pouvoir masquer celui de FranceJS si tu veux"
1,1363806018203,"nfroidure","je pense pas que ça pose souci, _kud ?"
1,1363806039958,"madx`","nfroidure: sinon c'est dans admin / FranceJS / Utilisateurs, dans les params de l'utilisateur qu tu as rajouté"
1,1363806504024,"madx`","_kud: j'ai renommé le repo en MarseilleJS pour plus de cohérence"
1,1363806823617,"madx`","nfroidure: _kud http://francejs.org/MarseilleJS/ :D"
1,1363806840513,"madx`","j'ai (un peu) pompé la CSS :D"
1,1363806933392,"nfroidure","madx`, tu peux ajouter \"et de faire venir des speakers d'autres groupes JS et vice versa\" aux objectifs"
1,1363806946450,"madx`","en fait"
1,1363806962215,"madx`","je vais rajouter d'intéragir avec la communauté JS française"
2,1363806987294,"_mlb","_mlb join the chan."
1,1363807039004,"madx`","nfroidure:   Notre objectif est de se rencontrer et d'échanger autour de JavaScript et de"
1,1363807042005,"madx`","  son écosystème et de se connecter avec les autres groupes locaux."
1,1363807060269,"nfroidure","madx`, you win :)"
1,1363807144567,"nfroidure","Ce moment où tu touches juste un peu à un vieux programme C++ et que tu par y passer la journée et la soirée à te dépatouiller dans les options de compilation. #grrr"
1,1363807162951,"madx`","28 followers :D"
1,1363807185811,"madx`","ahah je recroise pas mal de gens que je connais dedans :)"
1,1363807392893,"madx`","nfroidure: poussé, j'ai aussi rajouté un objectif de premier meetup"
32,1363807560281,"_mlb","_mlb leave the IRC (Ping timeout: 256 seconds)."
1,1363807934932,"madx`","et petite PR sur francejs.github.com :=)"
2,1363811211548,"rhannequin","rhannequin join the chan."
1,1363811302665,"madx`","ping _kud"
1,1363811310198,"madx`","t'as vu ce que j'ai fait ?"
1,1363811320145,"madx`","salut rhannequin"
1,1363811343155,"rhannequin","Salut madx`"
32,1363811775304,"MoOx","MoOx leave the IRC (Remote host closed the connection)."
2,1363812196394,"kud","kud join the chan."
1,1363812255132,"madx`","kud: reping"
1,1363812261271,"madx`","j'ai commité de strucs pour marseille js :)"
1,1363812364781,"kud","oui ?"
1,1363812382370,"madx`","si quelqu'un a la famille Helvetica, j'arrive pas à la trouver"
1,1363812390161,"madx`","kud: j'ai update francejs.org/MarseilleJS"
1,1363812396297,"madx`","et fait une pr sur le site de francejs"
1,1363812402144,"madx`","sur ce je bouge bonne soirée!"
1,1363812410814,"kud","tu n'es pas du tout obligé de reprendre notre design"
1,1363812413383,"kud","mais pourquoi pas oui"
1,1363812418589,"madx`","je sais, masi c'était plus pratique"
1,1363812422390,"madx`","ça changera bientôt ;)"
1,1363812424534,"kud","oui"
1,1363812425537,"kud","bizoo"
1,1363812426206,"madx`","(pas beaucoup)"
1,1363812430945,"madx`","à+"
2,1363812450333,"eaSy60","eaSy60 join the chan."
1,1363812800747,"nfroidure","Y' rien de mieux qu'un verre de vin, du pain et de l'époisse :)"
1,1363812854459,"nfroidure","A propos de mon problème de plagiat : Monsieur,"
1,1363812854789,"nfroidure","Sauf erreur de notre part, le contenu a été enlevé du site."
1,1363812854837,"nfroidure","Je vous demande de le vérifier et de me le confirmer."
1,1363812854837,"nfroidure","Salutations"
1,1363812889670,"nfroidure","Déjà qu'il m'a pris pour son nègre, maintenant il me prend pour sa secrétaire."
32,1363814557359,"rhannequin","rhannequin leave the IRC (Quit: Quitte)."
1,1363814739062,"kud","hahaha nfroidure"
2,1363814785395,"rhannequin","rhannequin join the chan."
32,1363816351492,"rhannequin","rhannequin leave the IRC (Quit: ChatZilla 0.9.90 [Firefox 19.0.2/20130307023931])."
1,1363818793246,"kud","Hahahaha une 'tite dédicace aux devs d'emberjs :) https://github.com/kud/monkey-drummer"
2,1363818880545,"stefounet","stefounet join the chan."
32,1363819565744,"eaSy60","eaSy60 leave the IRC (Quit: Bye!)."
