2,1370644338673,"Alz_","Alz_ join the chan."
2,1370644997869,"rhannequin","rhannequin join the chan."
32,1370645210938,"rhannequin","rhannequin leave the IRC (Remote host closed the connection)."
32,1370650690385,"bigx","bigx leave the IRC (Ping timeout: 248 seconds)."
32,1370651686953,"MoOx","MoOx leave the IRC (Remote host closed the connection)."
32,1370653297433,"DontShootMe","DontShootMe leave the IRC (Remote host closed the connection)."
32,1370655751144,"Alz_","Alz_ leave the IRC (Ping timeout: 248 seconds)."
2,1370658470234,"_mlb","_mlb join the chan."
1,1370672224779,"nfroidure","lo"
528,1370675214095,"Marionnette","Twitter.com#francejs - @nfroidure: Who would you put in a JavaScript developper top10 ? #JavaScript #FranceJS"
2,1370678958522,"Marsup","Marsup join the chan."
32,1370679650208,"Marsup","Marsup leave the IRC (Ping timeout: 260 seconds)."
32,1370680826349,"pointbar","pointbar leave the IRC (Ping timeout: 260 seconds)."
2,1370682953268,"showtim34","showtim34 join the chan."
32,1370683634293,"showtim34","showtim34 leave the IRC (Ping timeout: 256 seconds)."
2,1370683974319,"DontShootMe","DontShootMe join the chan."
2,1370684604675,"showtim34","showtim34 join the chan."
32,1370684892636,"showtim34","showtim34 leave the IRC (Ping timeout: 264 seconds)."
2,1370685501094,"Amatewasu","Amatewasu join the chan."
2,1370685650367,"showtim34","showtim34 join the chan."
32,1370686895917,"showtim34","showtim34 leave the IRC (Quit: Quitte)."
32,1370687232782,"madx`","madx` leave the IRC (Remote host closed the connection)."
2,1370688841759,"MoOx","MoOx join the chan."
32,1370688995163,"MoOx","MoOx leave the IRC (Remote host closed the connection)."
2,1370689884381,"madx`","madx` join the chan."
2,1370690502353,"Alz_","Alz_ join the chan."
2,1370692405676,"fbentz","fbentz join the chan."
1,1370692887754,"nfroidure","L'article promis sur les promises en JavaScript ;) http://www.insertafter.com/articles-promises_javascript_ouvrons_capot.html"
1,1370693014280,"fbentz","Hey hey cool !"
32,1370693282360,"fbentz","fbentz leave the IRC (Quit: fbentz)."
2,1370694048024,"MoOx","MoOx join the chan."
2,1370694274019,"MoOx_","MoOx_ join the chan."
32,1370694480804,"MoOx","MoOx leave the IRC (Ping timeout: 252 seconds)."
32,1370694822105,"MoOx_","MoOx_ leave the IRC (Remote host closed the connection)."
2,1370696579595,"bigx","bigx join the chan."
32,1370700552757,"bigx","bigx leave the IRC (Ping timeout: 248 seconds)."
32,1370702473901,"_mlb","_mlb leave the IRC (Remote host closed the connection)."
2,1370707651414,"bigx","bigx join the chan."
32,1370708233864,"bigx","bigx leave the IRC (Ping timeout: 256 seconds)."
32,1370709429094,"Amatewasu","Amatewasu leave the IRC (Quit: WeeChat 0.4.2-dev)."
2,1370713339490,"bigx","bigx join the chan."
2,1370719249650,"pointbar","pointbar join the chan."
32,1370722627160,"bigx","bigx leave the IRC (Ping timeout: 246 seconds)."
32,1370722627614,"Shahor","Shahor leave the IRC (*.net *.split)."
2,1370722686188,"Shahor","Shahor join the chan."
2,1370723027581,"bigx","bigx join the chan."
32,1370723899905,"ChanServ","ChanServ leave the IRC (*.net *.split)."
2,1370724037097,"ChanServ","ChanServ join the chan."
