32,1366929961396,"Atu","Atu leave the IRC (Quit: [\"Textual IRC Client: www.textualapp.com\"])."
32,1366932475011,"revolunet","revolunet leave the IRC (Quit: revolunet)."
32,1366938292351,"vvo","vvo leave the IRC (Remote host closed the connection)."
2,1366952729149,"MoOx","MoOx join the chan."
32,1366956065850,"mab","mab leave the IRC (Read error: Connection reset by peer)."
2,1366956602354,"mab","mab join the chan."
2,1366957275790,"mab1","mab1 join the chan."
32,1366957406742,"mab","mab leave the IRC (Ping timeout: 245 seconds)."
2,1366957571266,"mab","mab join the chan."
32,1366957606724,"mab1","mab1 leave the IRC (Ping timeout: 245 seconds)."
2,1366958623854,"HammHetfield","HammHetfield join the chan."
1,1366959331852,"madx`","nfroidure: au final tu avais eu les sources du logo ou pas ?"
2,1366960128909,"cbonnissent","cbonnissent join the chan."
1,1366960907537,"nfroidure","madx`, moi non, mais demandes à lionelB"
1,1366961033729,"madx`","ça marche j'attends qu'il arrive"
1,1366961059515,"madx`","nfroidure: le site de MJS est mis à jour avec le bilan d'hier soir, y'a quelques RT à faire :)"
2,1366961331432,"Nyalab","Nyalab join the chan."
2,1366961529895,"_kud","_kud join the chan."
1,1366961534200,"nfroidure","Tu as à peu près la même première édition que nous :)"
1,1366961579694,"_kud","un peu tôt nfroidure"
1,1366961582192,"_kud","pour le tweet"
1,1366961599950,"nfroidure","_kud, j'ai prévu de RT dans la journée."
1,1366961605767,"_kud","oi :)"
1,1366961606919,"_kud","oki*"
1,1366961625214,"nfroidure","Tiens, vous diriez quelle heure pour twitter ?"
1,1366961640204,"_kud","11h30"
1,1366961641783,"_kud","c'est pas mal"
1,1366961645318,"_kud","ou même 11h25"
1,1366961652168,"_kud","ca évite les pauses, c'est bientôt l'heure du déjeuner"
1,1366961661255,"_kud","ou 11h42"
1,1366961663078,"_kud",":)"
1,1366961864804,"nfroidure","Pour le site FranceJS, j'ai pas eu bcp de réponse sur le contenu dans la liste. Ca veut dire qu'elle vous va ?"
1,1366961899866,"nfroidure","Faudrait peut-être qu'on lance un thread sur la solution technique qu'on souhaite utiliser."
1,1366961919335,"nfroidure","Ou une issue sur Github à la limite"
1,1366961962861,"angezanetti","yopyopyop"
1,1366961968523,"nfroidure","lo"
2,1366962078616,"revolunet","revolunet join the chan."
1,1366962408997,"madx`","_kud: https://github.com/francejs/francejs.github.com/pull/26"
2,1366962432965,"kewah","kewah join the chan."
1,1366962527109,"_kud","done"
1,1366962579896,"_kud"," Developer job title cheat sheet:"
1,1366962581915,"_kud","Senior = Old"
1,1366962583892,"_kud","Manager = Expendable"
1,1366962585883,"_kud","Architect = Can't code"
1,1366962588023,"_kud","Evangelist = Can't ship"
2,1366962819297,"endou","endou join the chan."
1,1366962824828,"endou","Hello !"
1,1366962974217,"cbonnissent","Hello !"
1,1366963749831,"NimS1","yo"
1,1366964776170,"_kud","lo"
1,1366965059738,"HammHetfield","_kud: haha"
2,1366965278623,"Amatewasu","Amatewasu join the chan."
2,1366965523068,"cahnory","cahnory join the chan."
1,1366965529604,"cahnory","salut !"
1,1366965954067,"angezanetti","yeah and Senior backbone.js is non-sense :)"
1,1366966412199,"_kud",":D"
1,1366967717175,"nfroidure","Pour une fois les dev tools de Chrome me déçoivent. Pas moyen d'éditer les cookies"
1,1366969112459,"HammHetfield","nfroidure: y'a un plugin chrome qui fait ça plutôt bien"
1,1366969117559,"HammHetfield","assez moche mais efficace"
2,1366969298932,"bbbot","bbbot join the chan."
1,1366969306856,"_kud","bbbot: caniuse border-radius"
1,1366969307668,"bbbot","http://caniuse.com/#search=border-radius"
1,1366969308869,"_kud",":)"
32,1366969494162,"bbbot","bbbot leave the IRC (Remote host closed the connection)."
2,1366969510221,"bbbot","bbbot join the chan."
32,1366969642147,"bbbot","bbbot leave the IRC (Remote host closed the connection)."
2,1366969658819,"bbbot","bbbot join the chan."
32,1366970045797,"bbbot","bbbot leave the IRC (Remote host closed the connection)."
2,1366970083340,"bbbot","bbbot join the chan."
32,1366970271356,"bbbot","bbbot leave the IRC (Remote host closed the connection)."
2,1366970283235,"bbbot","bbbot join the chan."
32,1366970412471,"bbbot","bbbot leave the IRC (Remote host closed the connection)."
2,1366970448251,"bbbot","bbbot join the chan."
32,1366970485711,"bbbot","bbbot leave the IRC (Remote host closed the connection)."
2,1366970497980,"bbbot","bbbot join the chan."
32,1366970789440,"bbbot","bbbot leave the IRC (Remote host closed the connection)."
2,1366970810371,"bbbot","bbbot join the chan."
1,1366971138554,"_kud","bbbot: list"
1,1366971138729,"bbbot","['caniuse', 'google', 'mdn', 'conj', 'gh', 'repo', 'fakeimg', 'svg', 'char']"
32,1366971588009,"endou","endou leave the IRC (Remote host closed the connection)."
2,1366971717520,"endou","endou join the chan."
2,1366971991646,"kud","kud join the chan."
32,1366972059753,"bbbot","bbbot leave the IRC (Ping timeout: 252 seconds)."
32,1366972151918,"_kud","_kud leave the IRC (Ping timeout: 276 seconds)."
32,1366974248193,"cahnory","cahnory leave the IRC (Quit: cahnory)."
2,1366977479089,"bbbot","bbbot join the chan."
32,1366978109491,"angezanetti","angezanetti leave the IRC (Ping timeout: 252 seconds)."
256,1366978177927,"Shahor_","Shahor_ changed his nick for Shahor."
32,1366978252351,"bbbot","bbbot leave the IRC (Remote host closed the connection)."
2,1366978278457,"bbbot","bbbot join the chan."
2,1366978550946,"angezanetti","angezanetti join the chan."
32,1366978639902,"bbbot","bbbot leave the IRC (Remote host closed the connection)."
2,1366978652021,"bbbot","bbbot join the chan."
32,1366979241959,"bbbot","bbbot leave the IRC (Remote host closed the connection)."
2,1366979254118,"bbbot","bbbot join the chan."
32,1366979433027,"bbbot","bbbot leave the IRC (Remote host closed the connection)."
2,1366979447992,"bbbot","bbbot join the chan."
1,1366979938425,"kud","Faudrait p'tête qu'on parle de francejs a parisweb non ? poke nfroidure"
1,1366979974651,"nfroidure","ouep, voir si on peut faire qqchose ;)"
1,1366980939015,"nfroidure","Quelqu'un ici a l'intention de proposer un sujet ?"
18,1366981384635,"Marionnette","Marionnette join the chan."
8,1366981385574,"_kud","_kud change topic to \"Communauté française des utilisateurs de JavaScript | Site : http://francejs.org\""
1,1366981453391,"HammHetfield","ça me vient même pas à l'idée une conf en français tellement j'en ai vu en anglais, pour moi c'est toujours comme ça ^^"
1,1366981463630,"kud","j'ai fait une demande sur irc"
1,1366981465492,"kud","on verra bien"
1,1366981469478,"HammHetfield","sur twitter*"
1,1366981476298,"kud","ui"
1,1366981477321,"kud","pardon"
1,1366981479398,"HammHetfield",":)"
1,1366981483477,"HammHetfield","je suis, t'as vu"
1,1366981486605,"HammHetfield","j'ai bon, j'ai bon ?"
2,1366981492667,"urcadox","urcadox join the chan."
1,1366981505636,"urcadox","plop :)"
1,1366981541705,"nfroidure","HammHetfield, ParisWeb propose aussi des conf en anglais"
1,1366981613233,"HammHetfield","oui nan mais jvais pas aller parler en anglais alors que je suis français et que j'ai un accent pourri x)"
1,1366981625131,"HammHetfield","en plus j'ai rien à dire"
1,1366981689527,"HammHetfield","en tout cas pour le moment :)"
1,1366982255562,"Shahor","c'est quand ce meetup ?"
1,1366982262624,"kud","de ?"
1,1366982264649,"kud","parisweb ?"
1,1366982266189,"Shahor","parisweb"
1,1366982270725,"kud","c'est généralement en octobre"
1,1366982274181,"Shahor","ok j'viens de voir"
1,1366982299484,"nfroidure","Shahor, genre tu connais pas ParisWeb ? :)"
1,1366982304421,"kud","^^"
1,1366982306075,"Shahor","jamais mis les pieds là bas"
1,1366982309882,"Shahor","je connais de nom, mais ça va pas plus loin"
1,1366982313076,"kud","j'y suis allé 3 fois"
1,1366982314043,"kud","c'est top"
1,1366982326010,"Shahor","j'me méfie beaucoup des meetups"
1,1366982336224,"Shahor","Ça m'a souvent plus fait perdre de temps qu'autre chose"
1,1366982341727,"kud","c'est pas vraiment un meetup a mon sens"
1,1366982344810,"kud","c'est plus une conférence déjà"
1,1366982459708,"HammHetfield","j'ai failli y aller cette année"
1,1366982468615,"HammHetfield","et en fin de compte j'ai pas pu..."
1,1366982480615,"Shahor","mouais faut que ça vale quand même le coup pour me faire poser deux jours de congé"
1,1366982504747,"kud","on apprend pas forcément grand chose"
1,1366982511257,"kud","mais par contre ca fait du bien de voir du monde passionné"
1,1366982519937,"kud","ca te reboost a chaque fois"
1,1366982525697,"HammHetfield","c'comme IRC mais avec le son et les odeurs"
1,1366982530488,"HammHetfield","et c'est chez IBM, à perpette"
1,1366982607069,"kud","rien que pour la bouffe, ca vaut l'coup :D"
1,1366982656372,"Shahor","Ouais boarf"
1,1366982661921,"Shahor","ça m'dit rien là sur le principe"
1,1366982668800,"kud","On te force surtout pas à venir :)"
32,1366982794961,"HammHetfield","HammHetfield leave the IRC (Ping timeout: 255 seconds)."
1,1366982885380,"Shahor","Je sais bien :)"
2,1366983045728,"HammHetfield","HammHetfield join the chan."
1,1366983991364,"nfroidure","Pour la bouffe, je dirais que c'est le seul truc qui me laisse un mauvais souvenir"
1,1366984015254,"nfroidure","Je déteste manger debout, et le service est vraiment moyen."
1,1366984132615,"kud","'porte quoi."
1,1366984133841,"kud","bref"
2,1366984438913,"NimS","NimS join the chan."
32,1366984515243,"NimS1","NimS1 leave the IRC (Ping timeout: 264 seconds)."
32,1366985556888,"NimS","NimS leave the IRC (Ping timeout: 245 seconds)."
2,1366985628968,"NimS","NimS join the chan."
1,1366989561613,"nfroidure","kud, si je compare au Hackaton HTML5 d'orange, c'était juste incomparable."
1,1366989572385,"kud",":)"
1,1366989598556,"HammHetfield","si je compare […] c'est juste incomparable"
1,1366989602382,"HammHetfield","FUCK LOGIC"
1,1366989605828,"nfroidure","Bon, et puis, je suis habitué à la qualité de l'accueil nordiste :)"
1,1366989641746,"nfroidure",":)"
1,1366989689716,"nfroidure","osef la logique, c'est pas comme si ça nous aidait au taf"
1,1366989743571,"nfroidure","angezanetti, j'aurais pas le temps de prendre un Banco, je ramènerai la somme pour l'acheter, ça ira ?"
1,1366989776227,"nfroidure","Par contre, pour les bières, ça serait cool qu'on fasse une mise aussi."
1,1366989812624,"nfroidure","Quelqu'un a le temps d'aller en acheter ?"
1,1366989839954,"nfroidure","endou, angezanetti ?"
1,1366989923539,"kud","Quelqu'un sait il faire un clickout"
1,1366989931016,"angezanetti","moi j'ai le temps, combien j'en prends ?"
1,1366989932521,"kud","sans que ca stopPropagation ?"
1,1366989965800,"nfroidure","angezanetti, au moins 13, et en fonction du prix on demande un truc, 1€ ou 2"
1,1366989980344,"nfroidure","Ou alors, on va au bistrot après pour la bière"
1,1366990043632,"nfroidure","angezanetti, de toute façon, si y'a pas le compte, on les gardes pour les prochains chtijs"
1,1366990192133,"angezanetti","moi je suis assez pour l'option bistrot :)"
1,1366990286175,"kud","ALLO"
1,1366990471762,"nfroidure","oki"
1,1366990485300,"nfroidure","kud : Do your homework :)"
1,1366990512117,"kud","tsss"
1,1366990560735,"nfroidure","on achètera les Banco là-bàs alors :D"
1,1366990662553,"angezanetti","je vais regarder s'il y a quelques bières au frais, sinon j'en prendreais bien qq une oui !"
1,1366990874951,"nfroidure","Ah, apparemment on sera que 12, Tom Panier peut pas venir"
32,1366992243709,"HammHetfield","HammHetfield leave the IRC (Quit: HammHetfield)."
32,1366992256473,"cbonnissent","cbonnissent leave the IRC (Quit: Quitte)."
1,1366993044084,"endou","nfroidure: La j'suis encore au bureau, jpeut passer en chercher avant d'arriver mais j'serait pas a l'heure pile ;)"
32,1366994075380,"endou","endou leave the IRC (Read error: Connection reset by peer)."
32,1366994306542,"revolunet","revolunet leave the IRC (Read error: Operation timed out)."
1,1366994319321,"madx`","amusez vous bien à NordJS !"
1,1366994436644,"madx`","je viens de lire le log là, sérieux, 1 bière chacun seulement ?"
32,1366994685365,"kewah","kewah leave the IRC (Quit: kewah)."
1,1366995791259,"angezanetti","merci madx`"
4,1366997615921,"NimS","NimS leave the chan."
32,1366998509581,"mab","mab leave the IRC (Quit: Leaving.)."
32,1366999207680,"bbbot","bbbot leave the IRC (Remote host closed the connection)."
32,1366999213704,"kud","kud leave the IRC (Remote host closed the connection)."
2,1366999266334,"mab1","mab1 join the chan."
32,1367003963952,"MoOx","MoOx leave the IRC (Remote host closed the connection)."
2,1367010817497,"revolunet","revolunet join the chan."
32,1367011956428,"Amatewasu","Amatewasu leave the IRC (Quit: WeeChat 0.4.1-dev)."
