32,1376260348662,"oncletom","oncletom leave the IRC (Quit: Leaving.)."
32,1376260403269,"Amatewasu","Amatewasu leave the IRC (Ping timeout: 240 seconds)."
2,1376261166983,"_mlb","_mlb join the chan."
2,1376266340337,"Amatewasu","Amatewasu join the chan."
32,1376268897192,"Amatewasu","Amatewasu leave the IRC (Quit: WeeChat 0.4.2-dev)."
32,1376272739965,"_mlb","_mlb leave the IRC (Remote host closed the connection)."
2,1376272773533,"_mlb","_mlb join the chan."
32,1376273043527,"_mlb","_mlb leave the IRC (Ping timeout: 248 seconds)."
32,1376274097869,"revolunet","revolunet leave the IRC (Quit: revolunet)."
2,1376281740388,"MoOx","MoOx join the chan."
1,1376288558521,"_Setsuna_","Ahoy !"
2,1376289574145,"mab","mab join the chan."
2,1376292610516,"fbentz","fbentz join the chan."
2,1376292800131,"rhannequin","rhannequin join the chan."
2,1376293667133,"revolunet","revolunet join the chan."
32,1376293945617,"revolunet","revolunet leave the IRC (Client Quit)."
32,1376294400810,"rhannequin","rhannequin leave the IRC (Ping timeout: 264 seconds)."
2,1376294599518,"rhannequin","rhannequin join the chan."
2,1376295120586,"Nyalab","Nyalab join the chan."
1,1376295391861,"fbentz","Hello"
2,1376295969056,"revolunet","revolunet join the chan."
2,1376296999491,"kewah","kewah join the chan."
2,1376298882566,"_mlb","_mlb join the chan."
32,1376298902610,"_mlb","_mlb leave the IRC (Remote host closed the connection)."
2,1376300179752,"_mlb","_mlb join the chan."
2,1376300500716,"oncletom","oncletom join the chan."
2,1376301049811,"mephistope","mephistope join the chan."
32,1376301920294,"kewah","kewah leave the IRC (Quit: kewah)."
32,1376301933667,"mephistope","mephistope leave the IRC (Ping timeout: 264 seconds)."
32,1376302091767,"rhannequin","rhannequin leave the IRC (Ping timeout: 246 seconds)."
4,1376303245883,"nod_","nod_ leave the chan."
2,1376303466694,"nod_","nod_ join the chan."
32,1376306969715,"fbentz","fbentz leave the IRC (Quit: fbentz)."
2,1376307393329,"fbentz","fbentz join the chan."
32,1376307471466,"_mlb","_mlb leave the IRC (Remote host closed the connection)."
2,1376307508027,"_mlb","_mlb join the chan."
32,1376307584402,"fbentz","fbentz leave the IRC (Client Quit)."
32,1376307744980,"_mlb","_mlb leave the IRC (Ping timeout: 240 seconds)."
2,1376309676437,"EpokK","EpokK join the chan."
1,1376309706288,"EpokK","Bonjour tout le monde"
1,1376309724105,"EpokK","est ce que vous avez deja implementer RedactorJS d'impravi"
1,1376309727918,"EpokK","?"
1,1376309733478,"EpokK","j'ai un soucis avec ce dernier"
1,1376309745905,"EpokK","http://stackoverflow.com/questions/17170345/jquery-noconflict-redactor"
2,1376309812411,"rhannequin","rhannequin join the chan."
2,1376310347431,"_mlb","_mlb join the chan."
1,1376310599302,"EpokK","Vous vous foutez dans le chan IRC mais personne ne repodn"
1,1376310600931,"EpokK","super"
1,1376310611534,"_mlb","?"
1,1376311215958,"No`","bonjour"
1,1376311226792,"No`","IRC, c'est pas _forcément_ l'instantanéïté"
1,1376311242632,"No`","tout le monde n'est pas forcément dans le même fuseau horaire. y'a des gens qui font la sieste, etc"
1,1376311287825,"No`","et si personne n'a la réponse à ta question, c'est pas une raison pour ruer dans les brancards non plus"
32,1376311467308,"oncletom","oncletom leave the IRC (Quit: Leaving.)."
1,1376311952367,"urcadox","EpokK: Sans oublier que répondre à un mec qui passe son temps à spam le chan avec son compte twitter, c'est pas non plus dans nos priorités :)"
1,1376312062954,"No`","non, ça, c'est autre chose"
1,1376312073688,"No`","EpokK a dit bonjour, a posé une question"
1,1376312085711,"urcadox","No`: cette fois, oui"
1,1376312097033,"No`","mais une question n'est pas une garantie de réponse. sauf sur un service de support technique"
1,1376312103106,"No`","ce qu'IRC n'est généralement pas"
1,1376312126733,"EpokK","oai c'est vrai ;)"
1,1376312136050,"_mlb","bref c'était quoi ta question EpokK ?"
1,1376312140052,"EpokK","j'ai contacte le support technique de RedactorJS"
1,1376312145539,"EpokK","mais ils ne repondent pas"
1,1376312165648,"EpokK","en fait j'ai un projet avec PrototypeJS en main"
1,1376312174346,"EpokK","et je dois implementer RedactorJS"
1,1376312182462,"EpokK","donc j'add jquery car il en depend"
1,1376312205688,"EpokK","et quand j'appel la methode destroy de l'objet redactorJS"
1,1376312207175,"EpokK","ca foire"
1,1376312263252,"_mlb","c'est quoi l'erreur ?"
1,1376312343241,"EpokK","je viens  de corriger"
1,1376312344161,"EpokK",":/"
1,1376312357393,"EpokK","c'est un pb dans leur code avec la derniere version"
1,1376312362817,"EpokK","je vais leur signaler"
1,1376312372913,"EpokK","dsl pour le derangement"
1,1376312383355,"EpokK","et de vous avoir sortie de votre cave"
1,1376312395567,"EpokK","et je poste pas mon compte twitter"
1,1376312411299,"EpokK","https://twitter.com/_PandaJS"
1,1376312413905,"EpokK","oups"
1,1376312441811,"urcadox","Ça c'est golden ahah"
1,1376312455416,"urcadox","et sinon : http://pastebin.com/raw.php?i=3UzDxt9A"
1,1376312508979,"No`","ah ouais, attends, moi je fais presque pas de JS, j'vais spammer ce chan. ça va au moins intéresser..."
1,1376312518182,"No`"," #francejs: Total of 27 nicks [1 ops, 0 halfops, 0 voices, 26 normal]"
1,1376312522328,"No`",":/"
1,1376312524968,"No`","c'est peu"
1,1376312576633,"EpokK","en effet IRC c'est pas drole"
1,1376312576642,"EpokK",":)"
1,1376312623806,"urcadox","EpokK: Du coup tu peux arrêter de poster ton twitter ici ? Merci :-)"
1,1376312642297,"EpokK","et mon blog ca passe ?"
1,1376312650941,"urcadox","sérieusement ?"
1,1376312659115,"_mlb","-_-"
1,1376312681465,"_mlb","t'es pas là pour gagner du follower et de la page vue, si ?"
1,1376312688178,"EpokK","a non"
1,1376312690344,"EpokK","pas du tout"
1,1376312705257,"EpokK","au depart j'etais venu pour une question"
1,1376312709252,"_mlb","c'est pas l'impression que tu donnes, là ;-)"
1,1376312710114,"EpokK","que finalement j'ai solve"
1,1376312712254,"urcadox","cette fois, oui"
1,1376312724947,"EpokK","pis apres vu que la discussion a tourner un peu"
1,1376312728922,"EpokK","je me suis dis tiens"
1,1376312737010,"EpokK","les memes mecs que d'hab"
1,1376312742835,"EpokK","on va les faire parler un peu"
1,1376312746454,"urcadox","toutes les autres fois où tu es venu, tu as juste drop ton compte twitter et tu t'es barré juste après"
1,1376312751517,"EpokK","et essayer de se faire des amis"
1,1376312756665,"EpokK","car la cave ca me soule"
1,1376312759849,"EpokK","et je veux sortir"
1,1376312784668,"EpokK","oai c'est vrai j'ai drop"
1,1376312787669,"EpokK",":S"
1,1376312788575,"EpokK","dsl"
1,1376312815607,"EpokK","et donc ici c'est les mecs qui envoi de la poudre en JS alors ?"
1,1376312821259,"EpokK","(de France)"
1,1376312880357,"_mlb","c'est une association autour de JS"
1,1376312915238,"EpokK","ok"
1,1376312923787,"EpokK","et vous vous etes des RTFM ?"
1,1376312956313,"EpokK","ou vous faites un peu plus ?"
1,1376312962131,"EpokK","que troller sur IRC"
1,1376312986397,"_mlb","EpokK: http://cl.ly/242u0p172M2Y"
1,1376312990325,"_mlb","c'est cadeau"
1,1376313004439,"urcadox",":D"
1,1376313043081,"EpokK",";)"
1,1376313065156,"EpokK","vous organiser des event JS ?"
1,1376313081925,"EpokK","je serai tres interesse d'en organiser vers chez moi"
1,1376313098323,"_mlb","Non nous on est plus \"soirée échangiste\" dans le coin"
1,1376313106045,"urcadox","EpokK: Pour répondre à ta question, on est tous des dev JS (certains plus que d'autres), certains gèrent un VilleJS et organisent des events, oui"
1,1376313107807,"No`","peut-être qu'en effet, sur le site de france JS il faudrait ajouter les objectifs de l'association"
1,1376313121199,"EpokK","ok"
1,1376313149361,"EpokK","ah mais c'est vosu qui centralise CaenJS, MarseilleJS etc"
1,1376313151072,"EpokK","?"
1,1376313157557,"urcadox","c'est l'objectif"
1,1376313157953,"EpokK","parisJS"
1,1376313160394,"EpokK","d'acc"
1,1376313184626,"_mlb","c'est déjà dans le manifeste No` http://francejs.org/manifeste.html"
1,1376313193147,"EpokK","dans ma region il y a un event (pas tourner vers le JS) qui se nomme \"Le rencard du web\""
4,1376313194469,"MoOx","MoOx leave the chan."
1,1376313198091,"EpokK","je sais pas si vous connaissez"
1,1376313223364,"EpokK","c'est en hautes savoie / savoie / geneve"
1,1376313251746,"No`","_mlb: merci"
1,1376313267676,"urcadox","EpokK: nope, connais pas (je suis sur Nantes)"
1,1376313267988,"Nyalab","moi je connais qu'une dame la bas"
1,1376313277902,"Nyalab","je vais dormir des fois chez elle"
1,1376313306438,"EpokK","ok"
1,1376313310453,"Nyalab","tu la connais ?"
1,1376313316330,"EpokK","oui biensur"
1,1376313326874,"Nyalab","de son chalet de bois ?"
1,1376313327169,"EpokK","j'habite chez elle"
1,1376313332161,"No`","elle a des moustaches et l'accent d'Astaffort"
1,1376313339864,"Nyalab","avec des guirlandes qui pendent du toit"
1,1376313341324,"EpokK",":p"
2,1376313349674,"MoOx","MoOx join the chan."
1,1376313366021,"EpokK","finalement c'est pas si mal IRC meme si on se fait troller"
1,1376313424151,"EpokK","et donc pour rejoindre votre association y a des tests a passer ?"
1,1376313448916,"EpokK","ou alors se declarer chef sioux d'une ville de 10 pelloz ?"
1,1376313454182,"Nyalab","normalement ouais"
1,1376313461496,"Nyalab","mais franchement on va s'arranger"
1,1376313474771,"Nyalab","t'as un chéquier sur toi ?"
1,1376313480201,"EpokK","mais biensur"
1,1376313488985,"EpokK","files ton @"
2,1376313519124,"endou","endou join the chan."
1,1376313524057,"_mlb","normalement le test c'est ça : http://francejs.org/defi-mlb.html"
1,1376313531627,"MoOx","lol"
2,1376313541192,"oncletom","oncletom join the chan."
1,1376313568365,"Nyalab","je peux pas te donner mon adresse"
1,1376313571728,"Nyalab","je suis prisonnier politique"
1,1376313577025,"Nyalab","mais mon oncle c est le roidu nigéria"
1,1376313597464,"EpokK","content pour toi"
1,1376313601171,"Nyalab","si tu lui fais un chèque il pourra me libérer et je viendrais te remercier en personne via western union"
1,1376313614154,"_mlb","sauf si tu souscris à notre offre \"formation RTFM\", pour 960€ tu reçois la scep ES5 papier à l'adresse de ton choix et une certification d'adhésion à #franceJS"
1,1376313630190,"_mlb","spec*"
1,1376313675197,"EpokK","genial"
1,1376313692697,"MoOx","(moi j'ai eu 20% car j'étais chomeur <3)"
1,1376313718547,"EpokK","question plus serieuse: est ce que vous vous rattachez a des events qui ne se deroulent pas en France ?"
1,1376313735816,"Nyalab","FranceJS"
1,1376313741339,"Nyalab","F r a n c e JS"
1,1376313747499,"_mlb","Ouais, on va à PlutonJS fin septembre"
1,1376313750926,"_mlb","on a loué des cars"
1,1376313759815,"Nyalab","F r a n c e = Mind blown"
1,1376313760991,"_mlb","il reste 5 places"
1,1376313775376,"_mlb","mais c'est 1300€ (repas compris)"
1,1376313785458,"EpokK","ok"
1,1376313790874,"Nyalab","*spec ES5 papier incluse"
1,1376313792921,"EpokK","dommage"
1,1376313866015,"EpokK","le fait d'adherez a votre association de troller apporte quoi de plus finalement  ?"
1,1376313879969,"EpokK","(a part la spec ES5 dont vous parlez tant)"
1,1376313881547,"_mlb","C'était bien cool ce hackathon pour programmer la fusée en NodeJS quand même :)"
1,1376313888905,"MoOx","c une asso sans l'etre"
1,1376313906958,"MoOx","pas administrativement parlant en tout cas à ma connaissance"
1,1376313913921,"_mlb","On est des illuminatis à la base"
1,1376313919395,"MoOx","donc c'est juste un nom pour fédérer"
1,1376313921928,"MoOx","point"
1,1376313922246,"_mlb","mais fallait un pretexte pour blanchir nos thunes"
1,1376313952264,"_mlb","réduction pour les reptiliens du JS ;-)))"
1,1376313967622,"MoOx","Les francmacons se sont gardé FranceRuby les salops"
1,1376313988708,"Nyalab","protip : pompidou était un dev js de première génération"
2,1376314230381,"tfe","tfe join the chan."
1,1376314259198,"EpokK","fallait plutot prendre FranceTroller"
1,1376314262778,"EpokK",";)"
1,1376314273355,"Nyalab","non mais sans rigoler"
1,1376314287014,"Nyalab","voila c'est une association qui pousse le JS en France"
1,1376314291797,"EpokK","ok"
1,1376314295615,"Nyalab","ça commence à avoir des touches avec pas mal d'employeurs et tout"
1,1376314295691,"tfe","bjour"
1,1376314299348,"EpokK","je suis plutot partisan"
1,1376314309254,"EpokK","je suis dev front end"
1,1376314311821,"Nyalab","du coup il peut y avoir des gens préférés lors des recrutements chez certaines boites, etc"
1,1376314316862,"EpokK","et je fais du JS"
1,1376314370972,"MoOx","ça on s'en doute que tu fais du JS"
1,1376314439516,"Nyalab","moi aussi des fois je fais des alert() quand mes form sont mals remplis"
1,1376314515977,"EpokK","voila pareil"
1,1376314527970,"EpokK","et j'essaye de promouvoir des framework JS"
1,1376314530306,"EpokK","Ember"
1,1376314534905,"EpokK","Angular"
1,1376314550578,"EpokK","j'aimerai bien donne des confs"
1,1376314554937,"EpokK","vers chez moi"
1,1376314561113,"EpokK","Geneve plus precisement"
1,1376314583640,"Nyalab","lance SuisseJS"
1,1376314589622,"EpokK","et c'est pour cela que je demandais si votre association pouvait se rattacher"
1,1376314593083,"EpokK","c'est des bouzeux"
1,1376314596107,"EpokK",";)"
1,1376314650446,"MoOx","ben comme on t'as dis"
1,1376314662263,"MoOx","c'est plus un nom pour fédérer"
1,1376314679958,"MoOx","mais je pense que un petit RT si tu crée un SuisseJS ça se fera"
1,1376314684030,"Nyalab","un meilleure nom pour féderer c est roger"
1,1376314695886,"MoOx","MEUR"
1,1376314703198,"Nyalab","LOLE"
1,1376314719718,"EpokK","bin je suis frooze"
1,1376314730919,"EpokK","mais les event se passe pas trop en France"
1,1376314740634,"EpokK","(dans ma region)"
1,1376315198597,"_mlb","si quelqu'un a besoin de lire/écrire/delete des cookies : http://cl.ly/3u2E39451v0I"
2,1376317105436,"bigx","bigx join the chan."
2,1376318152751,"_mlb_","_mlb_ join the chan."
2,1376318205388,"Grirrle","Grirrle join the chan."
1,1376318214022,"Grirrle","plop"
32,1376318346627,"_mlb_","_mlb_ leave the IRC (Remote host closed the connection)."
32,1376318354549,"oncletom","oncletom leave the IRC (Quit: Leaving.)."
2,1376318374427,"oncletom","oncletom join the chan."
32,1376318377687,"_mlb","_mlb leave the IRC (Ping timeout: 264 seconds)."
2,1376318382232,"_mlb_","_mlb_ join the chan."
1,1376318411468,"urcadox","Grirrle: plop"
32,1376318459471,"Nyalab","Nyalab leave the IRC (Ping timeout: 276 seconds)."
2,1376318808846,"Nyalab","Nyalab join the chan."
32,1376319335469,"tfe","tfe leave the IRC (Ping timeout: 260 seconds)."
2,1376319528406,"tfe","tfe join the chan."
1,1376319783451,"_mlb_","un petit feature testing, comme ça, cadeau, parce que je suis gentil : http://cl.ly/1H1q0C382N14"
32,1376319984632,"oncletom","oncletom leave the IRC (Quit: Leaving.)."
32,1376320760867,"EpokK","EpokK leave the IRC (Ping timeout: 250 seconds)."
32,1376321442663,"revolunet","revolunet leave the IRC (Ping timeout: 256 seconds)."
2,1376321498549,"revolunet","revolunet join the chan."
2,1376321743489,"oncletom","oncletom join the chan."
2,1376322181362,"kewah","kewah join the chan."
32,1376323201912,"rhannequin","rhannequin leave the IRC (Ping timeout: 264 seconds)."
1,1376324229950,"revolunet","_mlb_: du lourd le tweet \"genius\""
1,1376324698423,"_mlb_","revolunet le reste est dans le tweet que j'ai mis juste avant"
2,1376325150501,"rhannequin","rhannequin join the chan."
32,1376325205856,"kewah","kewah leave the IRC (Quit: kewah)."
2,1376325280659,"kewah","kewah join the chan."
32,1376325280667,"kewah","kewah leave the IRC (Client Quit)."
32,1376325541950,"bigx","bigx leave the IRC (Ping timeout: 264 seconds)."
2,1376325620372,"bigx","bigx join the chan."
32,1376325892623,"rhannequin","rhannequin leave the IRC (Remote host closed the connection)."
32,1376326363517,"Grirrle","Grirrle leave the IRC (Quit: Leaving.)."
2,1376328272081,"_mlb","_mlb join the chan."
32,1376328469587,"_mlb_","_mlb_ leave the IRC (Ping timeout: 248 seconds)."
32,1376328566052,"_mlb","_mlb leave the IRC (Ping timeout: 264 seconds)."
2,1376330034812,"_mlb","_mlb join the chan."
32,1376332101082,"oncletom","oncletom leave the IRC (Quit: Leaving.)."
32,1376332634253,"bigx","bigx leave the IRC (Ping timeout: 264 seconds)."
2,1376332710500,"bigx","bigx join the chan."
2,1376332818296,"kewah","kewah join the chan."
32,1376333088899,"bigx","bigx leave the IRC (Ping timeout: 246 seconds)."
2,1376333712952,"Amatewasu","Amatewasu join the chan."
2,1376334006697,"bigx","bigx join the chan."
32,1376334164344,"kewah","kewah leave the IRC (Quit: kewah)."
32,1376334175986,"Amatewasu","Amatewasu leave the IRC (Ping timeout: 260 seconds)."
2,1376334975974,"oncletom","oncletom join the chan."
2,1376335002431,"Amatewasu","Amatewasu join the chan."
2,1376335178235,"`bob","`bob join the chan."
32,1376336783955,"bigx","bigx leave the IRC (Read error: Operation timed out)."
2,1376336816882,"bigx","bigx join the chan."
32,1376340698067,"MoOx","MoOx leave the IRC (Remote host closed the connection)."
2,1376341326554,"MoOx","MoOx join the chan."
32,1376342172307,"revolunet","revolunet leave the IRC (Ping timeout: 276 seconds)."
32,1376342556728,"Amatewasu","Amatewasu leave the IRC (Ping timeout: 264 seconds)."
32,1376343279733,"oncletom","oncletom leave the IRC (Quit: Leaving.)."
2,1376343283835,"Amatewasu","Amatewasu join the chan."
2,1376344056352,"revolunet","revolunet join the chan."
