32,1366585613446,"vvo","vvo leave the IRC (Remote host closed the connection)."
32,1366588226005,"revolunet","revolunet leave the IRC (Quit: revolunet)."
2,1366608551512,"MoOx","MoOx join the chan."
2,1366612832572,"mab","mab join the chan."
2,1366613211941,"HammHetfield","HammHetfield join the chan."
2,1366613428008,"HammHetfield_","HammHetfield_ join the chan."
32,1366613489613,"HammHetfield","HammHetfield leave the IRC (Ping timeout: 240 seconds)."
256,1366613489723,"HammHetfield_","HammHetfield_ changed his nick for HammHetfield."
2,1366614741410,"revolunet","revolunet join the chan."
2,1366616494947,"rhannequin","rhannequin join the chan."
2,1366617019456,"Nyalab","Nyalab join the chan."
2,1366618045134,"HammHetfield_","HammHetfield_ join the chan."
2,1366618052785,"victordarras","victordarras join the chan."
32,1366618134101,"HammHetfield","HammHetfield leave the IRC (Ping timeout: 264 seconds)."
256,1366618134199,"HammHetfield_","HammHetfield_ changed his nick for HammHetfield."
32,1366618249097,"rhannequin","rhannequin leave the IRC (Ping timeout: 245 seconds)."
2,1366618413370,"vvo","vvo join the chan."
32,1366621018984,"vvo","vvo leave the IRC (Ping timeout: 252 seconds)."
2,1366622008396,"NimS","NimS join the chan."
32,1366622990381,"NimS","NimS leave the IRC (Ping timeout: 255 seconds)."
2,1366623347383,"NimS","NimS join the chan."
2,1366626095508,"vvo","vvo join the chan."
32,1366629348424,"NimS","NimS leave the IRC (Quit: Leaving.)."
2,1366630091516,"kewah","kewah join the chan."
2,1366630140735,"endou-","endou- join the chan."
32,1366631257698,"endou-","endou- leave the IRC (Quit: Using Circe, the loveliest of all IRC clients)."
2,1366632322487,"NimS","NimS join the chan."
2,1366633676928,"endou-","endou- join the chan."
32,1366633825894,"endou-","endou- leave the IRC (Remote host closed the connection)."
256,1366634296133,"nfroidure_","nfroidure_ changed his nick for nfroidure."
32,1366634318047,"nfroidure","nfroidure leave the IRC (Quit: Ex-Chat)."
4,1366634474359,"VitamineD","VitamineD leave the chan."
32,1366634802148,"HammHetfield","HammHetfield leave the IRC (Ping timeout: 264 seconds)."
2,1366635011417,"nfroidure","nfroidure join the chan."
2,1366635156348,"HammHetfield","HammHetfield join the chan."
2,1366636458855,"lionelB","lionelB join the chan."
32,1366637419347,"HammHetfield","HammHetfield leave the IRC (Ping timeout: 264 seconds)."
2,1366637428473,"HammHetfield","HammHetfield join the chan."
2,1366637806135,"rhannequin","rhannequin join the chan."
2,1366638276237,"showtim34","showtim34 join the chan."
1,1366638764099,"nfroidure","Qu'utilisez-vous comme système de template front-end ?"
1,1366638814599,"lionelB","underscore"
1,1366638865275,"lionelB","j'avais posé la question des diff underscore/handlebar/mustache mais personne a pu me donner des cas concret"
1,1366638895066,"lionelB","a part handlebar c'est plus puissant que mustache :/"
1,1366638909820,"nfroidure","idéalement, je voudrais qqchose qui ait les fonctions suivantes :"
1,1366638932598,"nfroidure","- binding : tu maj la propriété, le tpl se met à jour"
1,1366638972059,"nfroidure","- html : les templates sont du HTML (tu définis les templates dans des attributs etc...)"
1,1366638974755,"lionelB","binding pas gérés par templates logicless"
1,1366639014607,"nfroidure","- streaming : l'UI se met à jour au fur et à mesure du download/du parsing"
1,1366639032138,"lionelB","cad ?"
1,1366639079552,"nfroidure","si tu as un loop sur des <li>, les <li> sont ajoutés au fur et à mesure que le contenu est téléchargé"
1,1366639103697,"nfroidure","le template est rempli et affiché au fur et à mesure que son contenu est téléchargé"
1,1366639195403,"nfroidure","angezanetti, pour le meetup, je dis quelle haure ? 18h30/19h comme l'autre fois ?"
1,1366639200565,"lionelB","tu utilises quoi qui te renvois des infos de progression de DL ?"
1,1366639240196,"nfroidure","XHR.addEventListener('progress')"
1,1366639255534,"lionelB","ah je connaissais pas"
1,1366639281806,"lionelB","-_-'"
1,1366639299374,"nfroidure","http://www.insertafter.com/articles-streamer_donnees.html"
1,1366639461056,"nfroidure","lionelB, c'est à cause de JSon, c'est pas streamable"
1,1366639499105,"lionelB","oui mais a part bytesloaded/bytestotal le progress event te dit pas grnad chode"
32,1366639512563,"vvo","vvo leave the IRC (Ping timeout: 256 seconds)."
1,1366639516402,"nfroidure","responseText ;)"
1,1366639564607,"lionelB","mais ca veut dire que tu diff entre 2 progress event :/"
1,1366639573687,"nfroidure","Sur la page que j'ai mis y'a des exemples"
1,1366639590060,"lionelB","je regarderais la doc mdn et les spec w3c :)"
1,1366639594881,"nfroidure","lionelB, nope, tu gardes juste la taille à laquelle tu dois commencer ton prochain read"
1,1366639649031,"nfroidure","lionelB, cependant, j'avoue qu'un event.data serait le bienvenu niveau simplicité et économie de mémoire"
1,1366639672461,"lionelB","nfroidure oui c'est ce que voulais dire :)"
1,1366639734440,"lionelB","j'imagine que c'est pour bosser sur des gros volumes du coup l'economie de mémoire"
1,1366639752879,"lionelB","sinon pour revenir à la question des templates"
1,1366639841164,"lionelB","c'est pas mal lié au fait que tu utilises une lib type MV*"
1,1366640048282,"angezanetti","ouais 19h vendredi"
1,1366640075072,"angezanetti","comme ça je pourrais annocer au coworking"
1,1366640083817,"nfroidure","oki"
1,1366640092272,"angezanetti","endou: nous fait un talk alors ? Sur Angular ?"
1,1366640251610,"nfroidure","dîtes moi que je l'annonce ;)"
1,1366640289084,"nfroidure","lionelB, justement, je trouve que le MVC côté client c'est overkill, la logique devrait être dans les données."
1,1366640311270,"nfroidure","Juste du MV quoi :)"
1,1366640321706,"lionelB","de la logique d'affichage dans les données"
1,1366640336031,"lionelB","pas top niveau portabilité / réutilisation"
1,1366640376305,"lionelB","MVC c'est juste un moyen de structurer ton code"
1,1366640389261,"nfroidure","Fais quelques recherches sur le Data driven model"
1,1366640399606,"nfroidure","Je trouve que ce modèle est très séduisant"
2,1366640409232,"_kud","_kud join the chan."
1,1366640412771,"lionelB","je viens de Flex... c'est bien mais t'es vite limité"
1,1366640419167,"_kud","sucker NiKo` :D"
1,1366640438278,"NiKo`","meuh."
1,1366640455750,"_kud","Bon j'vais pas avoir du tout le temps de m'occuper de francejs là"
1,1366640460065,"_kud","dans les 2-3 prochaines semaines"
1,1366640470596,"nfroidure","lionelB, en gros, le controlleur, pour moi c'est ton backend"
1,1366640470651,"_kud","du coup, soit vous attendez, soit vous pouvez débuter le site"
1,1366640475426,"_kud","j'préfère le faire mais bon ;)"
1,1366640477737,"_kud","feel free"
1,1366640631620,"lionelB","nfroidure pour moi le controlleur c'est ce qui capte les évenements client genre souris / clavier / ... on doit pas avoir la même définition"
1,1366640767483,"nfroidure","ok, je vois, j'ai plus la préhension du MVC côté serveur"
1,1366640841925,"lionelB","tu avais quoi en tête à la base comme template client ?"
1,1366640885131,"nfroidure","Rien, je suis encore au innerHTML/DOM et je me dis que les templates peuvent peut être nettoyer un peu mes apps."
1,1366640932336,"nfroidure","J'ai mon système custom côté serveur, mais bon, je me dis qu'il y a peut-être mieux que le réimplémenter côt\" client"
1,1366640956253,"lionelB","mais c'est pour une SPA ou pas du tout ?"
1,1366640967435,"nfroidure","yep"
1,1366641001806,"nfroidure","En fait, ma vision c'est : modèle : rest, vue : html, contrôleur : forms"
1,1366641019151,"nfroidure","C'est un peu l'idéal que je me fixe"
1,1366641075148,"lionelB","les forms c'est formulaire html ?"
1,1366641079824,"nfroidure","yep"
1,1366641107318,"nfroidure","Enfin, c'est plus compliqué que ça, le contrôleur serait :"
1,1366641145283,"nfroidure","- les formulaires qui seraient parsés et utilisables via Ajax avec des conventions, pas du code"
1,1366641173363,"nfroidure","- les données qui seraient chargées grâce au système de template (comme les images actuellement avec HTML)."
1,1366641274237,"nfroidure","Un peu ce que j'ai dit là : https://github.com/toolkitchen/mdv/issues/40"
1,1366641354382,"nfroidure","C'est encore confus, mais je pense qu'il y a quelquechose à faire. C'est un peu ce qu'Angular essaie de faire."
32,1366641567599,"romainhuet","romainhuet leave the IRC (Ping timeout: 256 seconds)."
32,1366641574143,"rhannequin","rhannequin leave the IRC (Ping timeout: 245 seconds)."
2,1366641590092,"vvo","vvo join the chan."
2,1366641594021,"romainhuet","romainhuet join the chan."
2,1366641709904,"rhannequin","rhannequin join the chan."
1,1366641728938,"nfroidure","Pour l'instant, le chaînon manquant c'est de pouvoir binder les tableaux (les accès du type a[0])."
1,1366641756907,"nfroidure","Mais ça va venir avec harmony qui a une proposition de surcharge des opérateurs."
1,1366641769011,"lionelB","ah balez ca"
1,1366641903763,"lionelB","je pense pas que tu puisse ré-utiliser un moteur de templates logicless du coup :)"
1,1366641945100,"lionelB","et je connais pas de moteurs de template qui gére le binding"
1,1366641981719,"nfroidure","Angular c'est un peu ça, mais il y a tjrs des controlleurs"
1,1366642024031,"lionelB","dans tout les framework MVC js t'as une notion de controlleur qui écoute les évenements des vues et met à jour le model en fonction"
1,1366642110157,"nfroidure","Je dis pas que c'est mal, mais du coup l'intérêt est moindre, tu imposes un cadre et le win est pas spectaculaire."
1,1366642135459,"lionelB","pour moi ton controleur c'est un truc qui va juste peuplé la vue (via un moteur de template) écoutez les actions utilisateurs et mettre à jour le modele client"
1,1366642290896,"nfroidure","Bon, je dois aller chercher mes princesses, mais on en reparle tantôt ;)"
1,1366642303633,"lionelB","nfroidure ouep ca marche :)"
1,1366642305211,"lionelB","++"
32,1366645920720,"rhannequin","rhannequin leave the IRC (Quit: Bye)."
32,1366647432717,"Nyalab","Nyalab leave the IRC (Remote host closed the connection)."
32,1366648237756,"victordarras","victordarras leave the IRC (Quit:  HydraIRC -> http://www.hydrairc.com <- Like it?  Visit #hydrairc on EFNet)."
32,1366648449488,"HammHetfield","HammHetfield leave the IRC (Quit: HammHetfield)."
32,1366648948963,"lionelB","lionelB leave the IRC (Quit: Bye Bye)."
32,1366649044215,"showtim34","showtim34 leave the IRC (Ping timeout: 252 seconds)."
32,1366649358786,"kewah","kewah leave the IRC (Quit: kewah)."
32,1366649672128,"revolunet","revolunet leave the IRC (Read error: Connection reset by peer)."
2,1366649689918,"revolunet","revolunet join the chan."
32,1366651297274,"vvo","vvo leave the IRC (Remote host closed the connection)."
32,1366651976491,"revolunet","revolunet leave the IRC (Read error: Operation timed out)."
2,1366652963997,"kud","kud join the chan."
4,1366654219064,"NimS","NimS leave the chan."
32,1366659452546,"MoOx","MoOx leave the IRC (Remote host closed the connection)."
2,1366664450993,"revolunet","revolunet join the chan."
1,1366665104240,"kud","yo"
1,1366665109049,"kud","Quelqu'un ?"
1,1366665115251,"kud","poke revolunet nfroidure  Shahor_"
1,1366665139050,"revolunet","pl0p"
1,1366665148765,"revolunet","wadzup"
1,1366665154404,"kud","J'ai un 'tit calcul à faire et j'm'emmèle les pinceaux :D"
1,1366665189139,"revolunet","oulo"
1,1366665192591,"kud",":D"
1,1366665219445,"kud","madx`,  !"
1,1366665221285,"revolunet","zyva"
1,1366665263276,"kud","Imaginons que j'ai un element"
1,1366665267114,"kud","qui va de 0 a 130"
1,1366665272801,"kud","a 0 il doit etre a 90"
1,1366665275794,"kud","a 65 a 0"
1,1366665285318,"kud","et 130 a 90"
1,1366665304587,"revolunet","ye"
1,1366665309246,"kud","tu ferais quoi comme calcul"
1,1366665337570,"revolunet","pour trouver la position entre 0 et 130 ?"
1,1366665349424,"kud","bah ouais"
1,1366665354492,"kud","En gros, c'est un élément courvb"
1,1366665356347,"kud","courbé*"
1,1366665365258,"kud","a 0km/h il est a top: 90px"
1,1366665372119,"kud","a 65km/h il est a 0px"
1,1366665379127,"kud","et a 130, a 90 donc"
1,1366665382132,"revolunet","et c'est lineaire entre 0 et 65 ?"
1,1366665389305,"kud","oui"
1,1366665403278,"kud","ca fait 90 89 88 87"
1,1366665403950,"kud","etc"
1,1366665409143,"kud","jusqu'a 0"
1,1366665535844,"kud","   var km = ui.value,"
1,1366665536018,"kud","            top,"
1,1366665536073,"kud","            ratio = parseInt(90/65, 10);"
1,1366665536073,"kud","        if(km < 65) {"
1,1366665536073,"kud","          top = 90 - km * ratio;"
1,1366665536838,"kud","        }"
1,1366665538833,"kud","        else if(km = 65) {"
1,1366665540891,"kud","          top = 0;"
1,1366665542836,"kud","        }"
1,1366665544846,"kud","        else if (km > 65) {"
1,1366665546837,"kud","          top = 0 + km * ratio;"
1,1366665548703,"kud","        }"
1,1366665550884,"kud","j'en suis a la"
1,1366665552699,"kud","j'pense que j'me gourre sur le ratio"

1,1366665817553,"revolunet","y1 = 90/65*(65-x)"
1,1366665818373,"revolunet","y2 = 90/65*(x-65)"
1,1366665833320,"revolunet","ca doit pouvoir etre simplifié mais apparement ca le fait"
1,1366665850181,"kud","j'vais voir ca"
1,1366665851060,"kud","merci"
1,1366665865106,"revolunet","c'est loin ;)"
