32,1366149834421,"TranceGeniK","TranceGeniK leave the IRC (Quit: Quitte)."
32,1366150531555,"cbonnissent","cbonnissent leave the IRC (Quit: Quitte)."
32,1366150917596,"eaSy60","eaSy60 leave the IRC (Quit: Bye!)."
2,1366151048629,"Gues_____","Gues_____ join the chan."
1,1366151055587,"Gues_____","hi guys"
256,1366151071930,"Gues_____","Gues_____ changed his nick for Guest31411."
32,1366151089690,"Guest31411","Guest31411 leave the IRC (Client Quit)."
32,1366152531799,"_kud","_kud leave the IRC (Quit: Leaving)."
2,1366155586029,"MoOx","MoOx join the chan."
32,1366155881904,"MoOx","MoOx leave the IRC (Ping timeout: 252 seconds)."
2,1366174979490,"MoOx","MoOx join the chan."
32,1366179230879,"MoOx","MoOx leave the IRC (Remote host closed the connection)."
2,1366179258796,"MoOx","MoOx join the chan."
32,1366179341880,"MoOx","MoOx leave the IRC (Remote host closed the connection)."
2,1366179360343,"MoOx","MoOx join the chan."
2,1366180338412,"HammHetfield","HammHetfield join the chan."
32,1366180949312,"MoOx","MoOx leave the IRC (Ping timeout: 255 seconds)."
2,1366182488043,"victordarras","victordarras join the chan."
1,1366182840654,"angezanetti","o/"
1,1366182908631,"nfroidure","coucou"
1,1366184114028,"nfroidure","Dîtes vous avez déjà eu le problème de Chrome qui marque invalide un input type avec comme value hh:mm:ss ?"
1,1366184124037,"nfroidure","Apparemment, y'a plus que hh:mm qui passe"
1,1366184443037,"nfroidure","Bon, résolu, input[type=time] a un attribut step qu'il faut mettre à 1 pour avoir les secondes"
2,1366184800336,"rhannequin","rhannequin join the chan."
32,1366185086349,"rhannequin","rhannequin leave the IRC (Ping timeout: 252 seconds)."
2,1366185146401,"rhannequin","rhannequin join the chan."
1,1366185276026,"nfroidure","Quelqu'un a testé ça ? http://www.developpez.com/actu/54191/Mozilla-sort-TowTruck-un-nouvel-outil-de-collaboration-temps-reel-en-JavaScript-pour-le-developpement-Web/"
2,1366185979302,"MoOx","MoOx join the chan."
32,1366187495346,"rhannequin","rhannequin leave the IRC (Ping timeout: 252 seconds)."
1,1366187627629,"angezanetti","nop"
2,1366187724035,"cbonnissent","cbonnissent join the chan."
2,1366189760096,"Atu","Atu join the chan."
32,1366190375456,"MoOx","MoOx leave the IRC (Ping timeout: 245 seconds)."
1,1366190982630,"angezanetti","nfroidure: tu relances un doodle alors pour le LilleJS ?"
1,1366191082606,"nfroidure","Si tu veux, semaine prochaine ?"
1,1366191114583,"nfroidure","victordarras, endou ?"
2,1366193639605,"MoOx","MoOx join the chan."
1,1366194006072,"victordarras","nfroidure : Je suis partant oui !"
32,1366195415902,"MoOx","MoOx leave the IRC (Remote host closed the connection)."
2,1366200393905,"MoOx","MoOx join the chan."
1,1366201525003,"nfroidure","Je mets quoi comme jours pour le Doodle ? mercredi jeudi vendredi ?"
1,1366202608442,"angezanetti","nfroidure: yep"
2,1366203781503,"Nyalab_","Nyalab_ join the chan."
32,1366203904829,"nfroidure","nfroidure leave the IRC (Quit: Ex-Chat)."
2,1366203943262,"nfroidure","nfroidure join the chan."
32,1366203962480,"Nyalab","Nyalab leave the IRC (Ping timeout: 252 seconds)."
32,1366204023640,"MoOx","MoOx leave the IRC (Remote host closed the connection)."
2,1366204040418,"MoOx","MoOx join the chan."
1,1366204127482,"victordarras","nfroidure : laisse les 3 jours , et on le fait là où il y a le plus de dispo"
1,1366204255476,"nfroidure","Yep, de toute façon avec les ponts qui arrivent c'est la dernière opporunité de réunir du monde"
32,1366204312620,"MoOx","MoOx leave the IRC (Remote host closed the connection)."
2,1366204329955,"MoOx","MoOx join the chan."
32,1366204557379,"Shahor","Shahor leave the IRC (Read error: No route to host)."
2,1366204702291,"Shahor","Shahor join the chan."
1,1366207061136,"nfroidure","Le tweet https://twitter.com/chtijs/status/324512922736947200"
1,1366209842029,"madx`","RTed"
1,1366210041559,"nfroidure","héhé : http://dev.opera.com/static/articles/2013/animating-flexboxes/flexbox-transition-js/flexbox-transition-javascript.html"
32,1366210375450,"cbonnissent","cbonnissent leave the IRC (Quit: Quitte)."
32,1366213164097,"victordarras","victordarras leave the IRC (Quit: http://www.kiwiirc.com/ - A hand crafted IRC client)."
1,1366213407152,"endou","nfroidure: Yep?"
1,1366213446234,"nfroidure","On a lancé un Doodle pour un nouveau meet-up js la semaine prochaine"
1,1366213448954,"nfroidure","Le tweet https://twitter.com/chtijs/status/324512922736947200"
1,1366213454737,"endou","nfroidure: Super merci !"
1,1366213486539,"nfroidure","endou, si tu veux parler d'un de tes projets, hésite pas"
1,1366213488318,"endou","nfroidure: Ca tombe bien je donne une mini conf' sur angularJS ttal , je vais dropper une ligne sur FranceJS et NordJS :)"
1,1366213675207,"nfroidure","endou,  Cool, tu fais ça où ?"
1,1366213689380,"endou","A cote d'euratechnologies :)"
1,1366213716470,"nfroidure","Bonne conf alors :) Ca sera enregistré ?"
1,1366213797630,"endou","nfroidure: Pas sur, mais je ferait tourner les slides :)"
1,1366213820049,"madx`","ce soir moic'est meetup ruby !"
1,1366213832975,"nfroidure","endou, cc @chtijs, je retweeterai"
1,1366213851955,"endou","Ca marche :)"
1,1366213860024,"nfroidure","madx`, pastisrb ?"
1,1366213869525,"madx`","nfroidure: yep !"
1,1366213880568,"endou",":)"
1,1366214181413,"nfroidure","madx`, au fait, le premeir MarseilleJs a eu lieu ?"
1,1366214330705,"madx`","nfroidure: c'est la semaine prochaine"
1,1366214341061,"madx`","jeudi prochain pour être exavt"
1,1366214343317,"madx`","exact"
1,1366214343897,"nfroidure","tu as pu réunir combien de personnes ?"
1,1366214364900,"madx`","j'ai 12 inscrits"
1,1366214366425,"nfroidure","Cool, si ça se trouve on le fera en même temps :D"
1,1366214375055,"madx`","après faut voir si tout le monde va être là"
1,1366214388088,"nfroidure","On pourrait faire une viso :)"
1,1366214395374,"madx`","je pense que j'ai laissé un peu trop de marge entre l'annonce et le premier meetup, du coup c'est retombé"
1,1366214396544,"nfroidure","*visio"
1,1366214399707,"madx`","ah ouais ça serait marrant"
1,1366214415150,"nfroidure","Un speak de marseille et un speak de lille :)"
32,1366214490927,"HammHetfield","HammHetfield leave the IRC (Quit: HammHetfield)."
1,1366217968709,"angezanetti","endou: tu veux pas nous refaire la conf plutot ?"
1,1366217977480,"angezanetti","pendant le chtiJS ?"
1,1366218214587,"angezanetti","nfroidure: Jeudi soir ya un autre truc au coworkingLille, mais on ira dans la salle de pingpong si on est 10 ça passe"
1,1366218886705,"nfroidure","oki"
32,1366225553636,"angezanetti","angezanetti leave the IRC (Ping timeout: 255 seconds)."
2,1366225592633,"angezanetti","angezanetti join the chan."
32,1366228798158,"MoOx","MoOx leave the IRC (Remote host closed the connection)."
