2,1375567270457,"_kud","_kud join the chan."
2,1375567898097,"Munto","Munto join the chan."
32,1375571004474,"euskadi31_","euskadi31_ leave the IRC (Quit: WeeChat 0.4.0)."
2,1375571019045,"euskadi31","euskadi31 join the chan."
32,1375576281145,"revolunet","revolunet leave the IRC (Quit: revolunet)."
32,1375577566732,"_kud","_kud leave the IRC (Read error: Connection reset by peer)."
32,1375580276355,"loicfrering","loicfrering leave the IRC (Quit: WeeChat 0.4.1)."
2,1375580466140,"loicfrering","loicfrering join the chan."
32,1375594912067,"Munto","Munto leave the IRC (Ping timeout: 246 seconds)."
2,1375601789816,"Munto","Munto join the chan."
32,1375607174175,"Munto","Munto leave the IRC (Quit: Let's make things Frugal!)."
2,1375607806017,"fbentz","fbentz join the chan."
32,1375612699959,"fbentz","fbentz leave the IRC (Quit: fbentz)."
32,1375616025785,"euskadi31","euskadi31 leave the IRC (Quit: WeeChat 0.4.0)."
2,1375640049730,"Munto","Munto join the chan."
2,1375640673825,"Amatewasu","Amatewasu join the chan."
32,1375641757874,"Amatewasu","Amatewasu leave the IRC (Ping timeout: 264 seconds)."
32,1375641940941,"nod_","nod_ leave the IRC (Ping timeout: 276 seconds)."
2,1375651541151,"euskadi31","euskadi31 join the chan."
32,1375652851232,"Munto","Munto leave the IRC (Ping timeout: 240 seconds)."
