32,1375744605709,"Marsup`","Marsup` leave the IRC (Ping timeout: 245 seconds)."
2,1375744618549,"Marsup","Marsup join the chan."
2,1375765662662,"MoOx","MoOx join the chan."
4,1375771096899,"nod_","nod_ leave the chan."
2,1375771205477,"nod_","nod_ join the chan."
2,1375771793940,"HammHetfield","HammHetfield join the chan."
32,1375772038577,"MoOx","MoOx leave the IRC (Remote host closed the connection)."
2,1375773022978,"MoOx","MoOx join the chan."
2,1375773144916,"Grirrle","Grirrle join the chan."
2,1375773561034,"fbentz","fbentz join the chan."
32,1375774127389,"MoOx","MoOx leave the IRC (Remote host closed the connection)."
2,1375774613057,"_mlb","_mlb join the chan."
2,1375775138640,"MoOx","MoOx join the chan."
2,1375775266090,"kewah","kewah join the chan."
2,1375775675738,"revolunet","revolunet join the chan."
32,1375776209954,"_mlb","_mlb leave the IRC (Remote host closed the connection)."
2,1375777137689,"rhannequin","rhannequin join the chan."
2,1375777567175,"_mlb","_mlb join the chan."
2,1375777610527,"endou","endou join the chan."
32,1375778352253,"angezanetti","angezanetti leave the IRC (Quit: leaving)."
2,1375778451815,"angezanetti","angezanetti join the chan."
2,1375779997178,"victordarras","victordarras join the chan."
2,1375780607808,"oncletom","oncletom join the chan."
2,1375781888918,"OwlyCode","OwlyCode join the chan."
32,1375783568864,"rhannequin","rhannequin leave the IRC (Read error: Connection reset by peer)."
32,1375785441792,"endou","endou leave the IRC (Ping timeout: 248 seconds)."
2,1375786168639,"bigx","bigx join the chan."
32,1375786447308,"bigx","bigx leave the IRC (Client Quit)."
2,1375786463574,"bigx","bigx join the chan."
32,1375786584358,"bigx","bigx leave the IRC (Client Quit)."
2,1375786596976,"bigx","bigx join the chan."
32,1375786623426,"victordarras","victordarras leave the IRC (Ping timeout: 250 seconds)."
32,1375786835971,"bigx","bigx leave the IRC (Client Quit)."
2,1375786853077,"bigx","bigx join the chan."
32,1375786875889,"bigx","bigx leave the IRC (Client Quit)."
2,1375786892066,"bigx","bigx join the chan."
32,1375787058816,"Munto","Munto leave the IRC (Quit: Let's make things Frugal!)."
32,1375787083451,"bigx","bigx leave the IRC (Client Quit)."
2,1375787101568,"bigx","bigx join the chan."
2,1375787336508,"bigx_","bigx_ join the chan."
32,1375787348984,"bigx","bigx leave the IRC (Client Quit)."
32,1375787357686,"bigx_","bigx_ leave the IRC (Read error: Connection reset by peer)."
2,1375787367908,"bigx","bigx join the chan."
32,1375787636713,"bigx","bigx leave the IRC (Client Quit)."
2,1375787654920,"bigx","bigx join the chan."
32,1375787689374,"bigx","bigx leave the IRC (Remote host closed the connection)."
2,1375787702134,"bigx","bigx join the chan."
2,1375788812054,"tricky21","tricky21 join the chan."
32,1375788916047,"tricky21","tricky21 leave the IRC (Remote host closed the connection)."
2,1375789103840,"rhannequin","rhannequin join the chan."
32,1375789542316,"oncletom","oncletom leave the IRC (Quit: Leaving.)."
2,1375789761173,"_kud","_kud join the chan."
2,1375791137181,"oncletom","oncletom join the chan."
1,1375791259723,"nfroidure","_kud, ça ma paraît bien l'idée LinkedIn"
1,1375791263939,"nfroidure","Tu crées le groupe ?"
2,1375791746735,"endou","endou join the chan."
32,1375792129802,"oncletom","oncletom leave the IRC (Quit: Leaving.)."
32,1375792839352,"rhannequin","rhannequin leave the IRC (Ping timeout: 240 seconds)."
1,1375793120990,"_kud","ouais nfroidure"
2,1375793135760,"tricky21","tricky21 join the chan."
2,1375793931432,"rhannequin","rhannequin join the chan."
2,1375794359123,"rhannequin_","rhannequin_ join the chan."
32,1375794426315,"rhannequin","rhannequin leave the IRC (Ping timeout: 240 seconds)."
1,1375794440123,"_kud","http://www.linkedin.com/groups/FranceJS-5130479 nfroidure"
2,1375794468356,"oncletom","oncletom join the chan."
1,1375794543541,"nfroidure","MoOx, pas assez rapide, je suis le 2ème membre :)"
1,1375794560439,"MoOx","il a posté juste apres dans l'autre chan"
1,1375794562874,"MoOx","le batard"
1,1375794564315,"MoOx",":)"
32,1375795590988,"tricky21","tricky21 leave the IRC (Read error: Connection reset by peer)."
2,1375798111834,"tricky21_","tricky21_ join the chan."
32,1375798734388,"bobot","bobot leave the IRC (Remote host closed the connection)."
32,1375799852778,"Grirrle","Grirrle leave the IRC (Quit: Leaving.)."
2,1375799875963,"Grirrle","Grirrle join the chan."
32,1375800180233,"OwlyCode","OwlyCode leave the IRC (Quit: Quitte)."
32,1375802161803,"euskadi31","euskadi31 leave the IRC (Quit: WeeChat 0.4.0)."
32,1375802285680,"_kud","_kud leave the IRC (Quit: Leaving)."
2,1375802311788,"euskadi31","euskadi31 join the chan."
32,1375802322225,"euskadi31","euskadi31 leave the IRC (Client Quit)."
2,1375802360478,"euskadi31","euskadi31 join the chan."
32,1375803800644,"tricky21_","tricky21_ leave the IRC (Remote host closed the connection)."
32,1375804140698,"revolunet","revolunet leave the IRC (Ping timeout: 256 seconds)."
32,1375804207975,"kewah","kewah leave the IRC (Quit: kewah)."
32,1375804770529,"rhannequin_","rhannequin_ leave the IRC (Ping timeout: 248 seconds)."
32,1375805359688,"fbentz","fbentz leave the IRC (Quit: fbentz)."
32,1375806068759,"HammHetfield","HammHetfield leave the IRC (Quit: HammHetfield)."
2,1375806133243,"nfroidure_","nfroidure_ join the chan."
32,1375806308264,"_mlb","_mlb leave the IRC (Ping timeout: 245 seconds)."
32,1375806356865,"nfroidure","nfroidure leave the IRC (Ping timeout: 260 seconds)."
32,1375806995110,"endou","endou leave the IRC (Remote host closed the connection)."
2,1375807156635,"Amatewasu","Amatewasu join the chan."
32,1375807333639,"Grirrle","Grirrle leave the IRC (Quit: Leaving.)."
2,1375807444203,"tricky21","tricky21 join the chan."
32,1375807510633,"tricky21","tricky21 leave the IRC (Remote host closed the connection)."
2,1375809142947,"tricky21","tricky21 join the chan."
32,1375809304234,"tricky21","tricky21 leave the IRC (Remote host closed the connection)."
2,1375809498054,"_mlb","_mlb join the chan."
32,1375809660136,"_mlb","_mlb leave the IRC (Remote host closed the connection)."
32,1375810087922,"euskadi31","euskadi31 leave the IRC (Quit: WeeChat 0.4.0)."
2,1375810262062,"euskadi31","euskadi31 join the chan."
32,1375810565653,"Amatewasu","Amatewasu leave the IRC (Remote host closed the connection)."
2,1375810683376,"fbentz","fbentz join the chan."
32,1375810725183,"fbentz","fbentz leave the IRC (Client Quit)."
2,1375810754026,"fbentz","fbentz join the chan."
32,1375810757718,"fbentz","fbentz leave the IRC (Client Quit)."
32,1375811735907,"oncletom","oncletom leave the IRC (Quit: Leaving.)."
2,1375813536487,"tricky21","tricky21 join the chan."
32,1375813805482,"tricky21","tricky21 leave the IRC (Ping timeout: 264 seconds)."
32,1375816088653,"MoOx","MoOx leave the IRC (Remote host closed the connection)."
2,1375816401556,"MoOx","MoOx join the chan."
2,1375816435150,"_mlb","_mlb join the chan."
2,1375818185035,"revolunet","revolunet join the chan."
32,1375818196908,"_mlb","_mlb leave the IRC (Remote host closed the connection)."
2,1375818690053,"rhannequin","rhannequin join the chan."
32,1375822571206,"rhannequin","rhannequin leave the IRC (Ping timeout: 264 seconds)."
2,1375824032472,"gorhgorh","gorhgorh join the chan."
32,1375824571711,"MoOx","MoOx leave the IRC (Remote host closed the connection)."
2,1375825297552,"tricky21","tricky21 join the chan."
32,1375825429308,"tricky21","tricky21 leave the IRC (Remote host closed the connection)."
