2,1365805306345,"revolunet","revolunet join the chan."
32,1365805763992,"angezanetti","angezanetti leave the IRC (Ping timeout: 260 seconds)."
2,1365806824620,"angezanetti","angezanetti join the chan."
32,1365808665397,"revolunet","revolunet leave the IRC (Quit: revolunet)."
2,1365808727563,"revolunet","revolunet join the chan."
32,1365809774208,"_kud","_kud leave the IRC (Quit: Leaving)."
32,1365812022479,"angezanetti","angezanetti leave the IRC (Ping timeout: 245 seconds)."
2,1365812074659,"angezanetti","angezanetti join the chan."
32,1365816257610,"revolunet","revolunet leave the IRC (Ping timeout: 255 seconds)."
1,1365841474064,"nfroidure","coucou"
1,1365848451299,"nfroidure","http://jsperf.com/fibonacci-battle-typed-vs-normal-arrays intéressant"
1,1365848470828,"nfroidure","Chrome semble à la ramasse sur son implémentation des tableaux typés"
2,1365862233279,"eaSy60","eaSy60 join the chan."
2,1365865994417,"kewah","kewah join the chan."
32,1365870225352,"eaSy60","eaSy60 leave the IRC (Quit: Bye!)."
1,1365874651617,"nfroidure","Je gratouille un peu les DatView, TypedArrays et ArrayBuffers. Que du bonheur :)"
32,1365874974947,"kewah","kewah leave the IRC (Quit: kewah)."
32,1365881492964,"angezanetti","angezanetti leave the IRC (Quit: leaving)."
2,1365882106059,"angezanetti","angezanetti join the chan."
32,1365882106294,"angezanetti","angezanetti leave the IRC (Client Quit)."
2,1365883918826,"euskadi31","euskadi31 join the chan."
32,1365884164754,"euskadi31","euskadi31 leave the IRC (Quit: WeeChat 0.4.0)."
2,1365884256920,"euskadi31","euskadi31 join the chan."
1,1365884316845,"euskadi31","Hello qui parmi vous utilise angularjs ?"
