18,1365404580668,"Marionnette","Marionnette join the chan."
8,1365404580816,"_kud","_kud change topic to \"Communauté française des utilisateurs de JavaScript | Site : http://francejs.org\""
256,1365404596055,"nfroidure_","nfroidure_ changed his nick for nfroidure."
32,1365404613865,"romainhuet","romainhuet leave the IRC (Ping timeout: 264 seconds)."
2,1365404947864,"Ang3","Ang3 join the chan."
1,1365405019840,"Ang3","o/"
1,1365406300427,"madx`","Hello !"
2,1365406809246,"victordarras","victordarras join the chan."
2,1365406980555,"Nyalab","Nyalab join the chan."
2,1365407817695,"_kud","_kud join the chan."
2,1365407827369,"rhannequin","rhannequin join the chan."
2,1365407860580,"revolunet","revolunet join the chan."
32,1365408071175,"rhannequin","rhannequin leave the IRC (Ping timeout: 245 seconds)."
32,1365408115871,"_kud","_kud leave the IRC (Remote host closed the connection)."
2,1365408150378,"_kud","_kud join the chan."
32,1365408167288,"_kud","_kud leave the IRC (Read error: Connection reset by peer)."
2,1365408198305,"_kud","_kud join the chan."
2,1365408737896,"romainhuet","romainhuet join the chan."
1,1365409079191,"_kud","nfroidure: tu as les logs du salon ?"
1,1365409108863,"nfroidure","Yep, mais il peut manquer un morceau, ma connexion est instable. Je pushe."
