2,1371507496534,"MoOx","MoOx join the chan."
32,1371507882913,"MoOx","MoOx leave the IRC (Remote host closed the connection)."
32,1371522203377,"_mlb","_mlb leave the IRC (Read error: Connection reset by peer)."
2,1371522203444,"_mlb_","_mlb_ join the chan."
32,1371534601102,"_mlb_","_mlb_ leave the IRC (Remote host closed the connection)."
2,1371537092954,"felixgilles","felixgilles join the chan."
2,1371537125616,"MoOx","MoOx join the chan."
2,1371537547712,"HammHetfield","HammHetfield join the chan."
2,1371538658991,"fbentz","fbentz join the chan."
1,1371539212438,"fbentz","Hello tout le monde :)"
1,1371540519070,"nfroidure","lo"
1,1371540658297,"bricef","hello"
2,1371541236867,"showtim34","showtim34 join the chan."
2,1371541276771,"Nyalab","Nyalab join the chan."
2,1371541539078,"rhannequin","rhannequin join the chan."
2,1371541655103,"_mlb","_mlb join the chan."
32,1371542456167,"fbentz","fbentz leave the IRC (Quit: fbentz)."
32,1371543118090,"_mlb","_mlb leave the IRC (Remote host closed the connection)."
2,1371543622824,"bobot","bobot join the chan."
1,1371544062503,"angezanetti","o/"
1,1371544084440,"angezanetti","nfroidure: ouais suis pas dnas les membres"
1,1371544105333,"angezanetti","je sais pas comment m'inscrire d'ailleurs"
1,1371544119322,"nfroidure","Faut faire un pull request ;)"
1,1371544123396,"angezanetti","lol"
1,1371544131692,"angezanetti","serieux ?"
1,1371544172853,"kud","oui"
1,1371544181041,"kud","top au fait la réponse hier nfroidure"
1,1371544184902,"nfroidure","Tu peux le faire en ligne direct sur github"
1,1371544206559,"angezanetti","bon je fais ça"
1,1371544219772,"bricef","hello"
1,1371544225104,"nfroidure","kud, oui"
256,1371544241921,"kud","kud changed his nick for _kud."
1,1371544251988,"nfroidure","_kud, oui"
1,1371544254038,"nfroidure",":p"
1,1371544254294,"_kud","lol"
1,1371544255579,"_kud",":D"
1,1371544382004,"angezanetti","done !"
1,1371544484270,"nfroidure","merged"
1,1371544578195,"angezanetti","cool"
1,1371544594588,"angezanetti","d'ailleurs ça fait longtemps qu'on a pas fait un ChtiJs"
1,1371544646081,"nfroidure","yep, un peu busy en ce moment :/"
1,1371544685107,"nfroidure","En tout cas, sur les promises, j'ai bien raclé le fond, je peux en parler au prochain ChtiJS"
1,1371544996676,"angezanetti","moi je suis le nez dans le PHP en ce moement"
1,1371545002033,"angezanetti","je fais quasiment plus de JS"
1,1371545003251,"angezanetti","..."
2,1371545315903,"kud","kud join the chan."
32,1371545397869,"bobot","bobot leave the IRC (Ping timeout: 246 seconds)."
32,1371545492019,"_kud","_kud leave the IRC (Ping timeout: 252 seconds)."
1,1371545643597,"nfroidure","angezanetti, wordpress ?"
2,1371545676939,"bobot","bobot join the chan."
1,1371545833563,"angezanetti","yep un peu et du Zend aussi"
1,1371545950937,"nfroidure","ça a donnée qqchose les pistes que je t'ai filé ?"
2,1371546267959,"kewah","kewah join the chan."
2,1371546345388,"lionelB","lionelB join the chan."
256,1371546348249,"kud","kud changed his nick for _kud."
2,1371546409979,"_mlb","_mlb join the chan."
1,1371546416122,"angezanetti","Nop"
2,1371546563733,"fbentz","fbentz join the chan."
1,1371546681114,"angezanetti","des entretiens mais rien derrière"
1,1371546689673,"angezanetti","mais mon activité de free redecolle là :)"
1,1371546738122,"nfroidure","merci pour le retour"
1,1371546820921,"nfroidure","Les chasseurs de têtes envoient bcp d'offres, mais c'est tjrs difficile de savoir le sérieux. Surtout quand y'a pas le nom de l'entreprise et la rému proposée."
1,1371546847591,"angezanetti","carrement"
1,1371547203747,"nfroidure","Ca serait ptêt pas si simple de trouver un job si je décidais de devenir salarié :/"
1,1371547210752,"nfroidure","Ça déforme peut-être ma vision du marché du travail..."
32,1371549077731,"fbentz","fbentz leave the IRC (Quit: fbentz)."
2,1371549303340,"rhannequin_","rhannequin_ join the chan."
32,1371549379352,"rhannequin","rhannequin leave the IRC (Ping timeout: 248 seconds)."
256,1371549735207,"rhannequin_","rhannequin_ changed his nick for rhannequin."
2,1371550614143,"rhannequin_","rhannequin_ join the chan."
32,1371550659374,"rhannequin","rhannequin leave the IRC (Ping timeout: 248 seconds)."
32,1371550797961,"_mlb","_mlb leave the IRC (Remote host closed the connection)."
32,1371551371260,"rhannequin_","rhannequin_ leave the IRC (Ping timeout: 256 seconds)."
2,1371551500491,"fbentz","fbentz join the chan."
2,1371552200195,"felix__","felix__ join the chan."
1,1371552215059,"_kud","Quelqu'un a testé ender.js ?"
32,1371552237203,"felixgilles","felixgilles leave the IRC (Remote host closed the connection)."
2,1371553422603,"_mlb","_mlb join the chan."
32,1371553799937,"kewah","kewah leave the IRC (Quit: kewah)."
1,1371554438436,"nfroidure","nope"
1,1371554600113,"nfroidure","z'avez vu ça : https://twitter.com/Atinux/status/346942345066971136"
1,1371554601801,"bobot","Atinux: My blog is dead (Atinux.fr), I can't buy the server for this month...If you like my articles, please help me... http://www.ovh.com/fr/cgi-bin/fr/order/renew.cgi?domainChooser=ks356602.kimsufi.com … #node"
1,1371554823855,"nfroidure","C'est pas un peu overkill un kimsufi pour un blog ?"
1,1371554847180,"urcadox","J'espère pour lui qu'il l'utilise pas juste pour ça :/"
2,1371555292715,"kewah","kewah join the chan."
32,1371556148365,"Nyalab","Nyalab leave the IRC (Remote host closed the connection)."
2,1371556707130,"rhannequin","rhannequin join the chan."
2,1371557424348,"Nyalab","Nyalab join the chan."
32,1371557651514,"_mlb","_mlb leave the IRC (Remote host closed the connection)."
2,1371557949324,"_mlb","_mlb join the chan."
32,1371559220573,"showtim34","showtim34 leave the IRC (Read error: Connection reset by peer)."
2,1371559448442,"showtim34","showtim34 join the chan."
32,1371559854391,"rhannequin","rhannequin leave the IRC (Ping timeout: 252 seconds)."
2,1371560101683,"rhannequin","rhannequin join the chan."
32,1371560170550,"angezanetti","angezanetti leave the IRC (Ping timeout: 260 seconds)."
2,1371561344768,"angezanetti","angezanetti join the chan."
32,1371561690839,"angezanetti","angezanetti leave the IRC (Ping timeout: 276 seconds)."
32,1371562019585,"fbentz","fbentz leave the IRC (Read error: Connection reset by peer)."
2,1371562040536,"fbentz","fbentz join the chan."
2,1371563386165,"vvo","vvo join the chan."
1,1371563395278,"vvo","salut"
1,1371563398697,"vvo","_kud:"
1,1371563412472,"vvo","bower est un porc qui installe la dernière version directement"
1,1371563417085,"_kud","en fait"
1,1371563420451,"vvo","alors quelle est meme pas mergée dans master"
1,1371563420869,"_kud","tu as \"mal\" taggué"
1,1371563427850,"vvo","?"
1,1371563433106,"_kud","tu as taggué une version en 2.0.1"
1,1371563437067,"_kud","vu son nom tu m'excuses"
1,1371563441032,"_kud","mais ca fait penser a une stable"
1,1371563460269,"vvo","si avant tu avais une dependance a lazyload@1.0.0"
1,1371563467427,"vvo","tu ne dois pas installer la 2.0"
1,1371563469630,"_kud","oui, c'est ce que j'ai fait"
1,1371563472227,"vvo","a moins d'avoir regardé les différences"
1,1371563474498,"_kud","j'ai spécifié du coup une version"
1,1371563479878,"vvo","et bower ne doit pas essayer a moins de forcer"
1,1371563480493,"_kud","mais c'etait SURTOUT"
1,1371563481940,"_kud","pour te dire"
1,1371563486614,"_kud","que ca marche pas ton alpha :p"
1,1371563489334,"vvo","et dans bower.json"
1,1371563491039,"vvo","sisi"
1,1371563492397,"_kud","j'ai cette erreur de inViewport"
1,1371563495997,"_kud","elle vient d'où ?"


1,1371563506392,"vvo","dans bower.json c'est marqué \"main: build/lazyload.min.js\""
1,1371563511163,"vvo","donc le script a utiliser c'est ça"
1,1371563514492,"vvo","pas lazyload.js"
1,1371563515947,"_kud","hmm"
1,1371563518420,"_kud","ca m'arrange pas"
1,1371563523332,"_kud","je compile moi même"
1,1371563525575,"_kud","je prefere"
1,1371563536171,"vvo","bin là c'est compilé"
1,1371563538080,"_kud","je prends tjs du coup les versions non compressées"
1,1371563540236,"vvo","tu peux toujours recompiler par dessus"
1,1371563541935,"_kud","oui mais"
1,1371563546726,"_kud","je voudrais avoir la source"
1,1371563549008,"vvo","la version non compressée nécessite un autre script"
1,1371563552101,"_kud","pour pouvoir débugguer en dev"
1,1371563554037,"vvo","qui est une dependance"
1,1371563554875,"_kud","lequel ?"
1,1371563564639,"vvo","je peux te mettre en build la version non minifiée"
1,1371563566503,"vvo","c'est possible"
1,1371563572357,"_kud","Soit tu mets une version source"
1,1371563572646,"vvo","je vais rajouter ça"
1,1371563579362,"_kud","soit tu specifies quel import je dois faire"
1,1371563588295,"_kud","(je prefere le deuxieme)"
1,1371563594822,"vvo","la v2. qui arrive c'est https://github.com/vvo/lazyload/tree/in-viewport-refactor"
1,1371563597273,"vvo","ça utilise"
1,1371563601053,"vvo","https://github.com/vvo/in-viewport"
1,1371563607147,"vvo","https://github.com/vvo/lazyload/blob/in-viewport-refactor/bower.json"
1,1371563633700,"_kud","En fait vvo"
1,1371563641149,"_kud","gérer les dependances via bower, c'est super cool"
1,1371563645843,"_kud","mais si tu prends l'exemple de masonry"
1,1371563648966,"_kud","bah j'suis bien emmerdé"
1,1371563659323,"_kud","car j'l'ai installé via bower, et ses dependences a d'autres dependences"
1,1371563664923,"_kud","du coup, quand tu veux faire ton propre build"
1,1371563678102,"_kud","tu es obligé de voir quels js tu dois importer AVANT d'importer la lib finale"
1,1371563695934,"_kud","ce qui serait alors intéressant, c'est juste d'indiquer les libs a importer sans qu'on ait a regarder le bower.json"
1,1371563706015,"_kud","dans ton cas, c'est super simple, donc ca va"
1,1371563827008,"_kud","d'ailleurs vvo, tu t'es gourré je crois"
1,1371563831175,"_kud","tu as mis ca dans devDependencies"
1,1371563837864,"_kud","du coup bower m'a pas installé la dependence"
1,1371563882989,"vvo","non car je te file une version buildée"
1,1371563884506,"vvo","automatiquement"
1,1371563890284,"_kud","oui"
1,1371563892406,"vvo","c'est juste pour dev dessus et pour le builder"
1,1371563893706,"_kud","je vois ce que tu veux dire"
1,1371563906705,"_kud","bon je vais mettre la dépendence a la main alors"
1,1371563915750,"vvo","en l'état tu peux pas faire ta propre version buildée juste avec bower"
1,1371563920171,"_kud","ui :("
1,1371563921288,"vvo","tu dois cloner le repo et faire grunt build"
1,1371563963974,"vvo","comment je tindiquerai les libs a importer ?"
1,1371563977772,"vvo","et puis si le build est fait par moi y a une raison c'est qu il faut le faire par grunt parce que y a un build specifique"
1,1371563983147,"vvo","qui là est pas très compliqué"
1,1371563985593,"vvo","mais qd mm"
1,1371564006893,"_kud","Ouais je vois"
1,1371564041082,"vvo","dans tous les cas dis moi ce que tu veux, tu étais un des premiers users"
1,1371564042916,"vvo",":-)"
1,1371564043629,"_kud","je pense qu'il faudrait mettre ca dans dependence"
1,1371564046516,"_kud","et pas devDependence"
1,1371564053773,"_kud","pour que ca dl les dependences automatiquement"
1,1371564060110,"vvo","là pour toi ce que je peux faire de mioeux c'est fouttre dans build/lazyload.js"
1,1371564064113,"vvo","la version non minifiée"
1,1371564064922,"_kud","non non"
1,1371564067482,"_kud","enfin..."
1,1371564069160,"_kud","tu peux"
1,1371564072497,"_kud","ca peut etre utile"
1,1371564076056,"_kud","mais je l'utiliserai pas comme ca"
1,1371564088651,"_kud","je prefere que bower m'installe lazyload + les dépendances"
1,1371564094615,"vvo","mhrr"
1,1371564100209,"_kud","et que je charge moi même toutes ces dependances"
1,1371564106337,"_kud","mais faut que tu le specifies dans le readme"
1,1371564108816,"vvo","mais à terme il suffira pas de mettre in-viewport.js + lazyload.js"
1,1371564116101,"vvo","le build aura une intelligence pour  masquer in-viewport"
1,1371564116388,"_kud","Ouais"
1,1371564119506,"_kud","je vois"
1,1371564123122,"_kud","bon bah"
1,1371564126666,"_kud","mets une version sourcée alors"
1,1371564138117,"vvo","la version non minifiée ça te permettra de debugguer au cas ou"
1,1371564143072,"vvo","sinon y a pleins de nouveaux trucs :D"
1,1371564155049,"_kud","oui"
1,1371564155914,"_kud","ok"
1,1371564170701,"_kud","partons pour le moment sur une version buildée minifiée et non minifiée"
1,1371564170779,"vvo","iframes, hidpi, widgets"
1,1371564175415,"vvo","ok"
1,1371564182255,"vvo","je me met ça en todo ce sera simple"
1,1371564190283,"_kud","merci :)"
1,1371564191473,"_kud",";)"
1,1371564191989,"vvo","https://github.com/vvo/lazyload/tree/in-viewport-refactor#hidpi-images"
1,1371564197715,"_kud","cool ca"
1,1371564214824,"vvo","https://github.com/vvo/lazyload/tree/in-viewport-refactor#usage (images ET iframes)"
1,1371564240289,"_kud","nickel"
1,1371564242032,"vvo","et vu que lazyload(elt, function)"
1,1371564247520,"_kud","      \"app/bower_components/in-viewport/in-viewport.js\","
1,1371564247614,"_kud","      \"app/bower_components/lazyload/lazyload.js\","
1,1371564247962,"vvo","c'est un alias de \"inViewport\""
1,1371564251878,"_kud","maintenant ca marche parfaitement"
1,1371564253283,"_kud","merci"
1,1371564257341,"vvo","ok"
1,1371564268645,"vvo","t'as moyen aussi de delayer le loading facebook/twitter"
1,1371564271614,"_kud","    \"lazyload\": \"~2.0.1\","
1,1371564271654,"_kud","    \"in-viewport\": \"~0.2.5\""
1,1371564277282,"vvo","vla"
1,1371564278227,"_kud","ha oui, ca peut être pas mal ca"
1,1371564281752,"vvo","oui"
1,1371564303739,"vvo","suffit de faire lazyload(doc.getElt..(facebook), function loadFacebook())"
1,1371564307359,"vvo","un truc dans le genre.."
1,1371564314533,"vvo","la doc de inViewport est précise"
1,1371564317989,"vvo","https://github.com/vvo/in-viewport"
1,1371564319999,"_kud","oki"
1,1371565260634,"vvo","ce sera fait ce soir"
1,1371565268792,"_kud","<3"
1,1371565269311,"vvo","en meme temps qu'une page de démo complète"
2,1371566153713,"fbentz_","fbentz_ join the chan."
1,1371566249884,"_mlb","vvo: fais gaffe sur lazyload.js, ton polyfill indexOf est pas correct"
32,1371566251670,"fbentz","fbentz leave the IRC (Ping timeout: 246 seconds)."
256,1371566251752,"fbentz_","fbentz_ changed his nick for fbentz."
1,1371566258059,"_mlb","t'as un lastIndexOf là"
2,1371566267154,"angezanetti","angezanetti join the chan."
1,1371566398416,"vvo","y a pas de doublons"
1,1371566402258,"vvo","je veux dire"
1,1371566414827,"vvo","c'est des objets DOM donc last ou pas ça change rien"
1,1371566422693,"vvo","non ?"
1,1371566486955,"vvo","cad je n'insère pas d'objet DOM dans mon tableau si il y est déjà"
1,1371566491570,"vvo","donc last ou debut ca change pas"
1,1371566533042,"_mlb","j'ai pas fait gaffe à comment tu l'utilisais, au temps pour moi"
1,1371566552672,"vvo","non mais moi meme"
1,1371566555304,"vvo","javais pas vu"
1,1371566562709,"vvo","donc ça m'est intéressant"
1,1371566565909,"vvo","à noter"
1,1371566578229,"vvo","j'ai choisi un indexOf riquiqui car j'ai pas de gros besoins"
32,1371566879281,"kewah","kewah leave the IRC (Quit: kewah)."
1,1371566904872,"lionelB","vvo, pourquoi tu es parti sur data-src-hd et pas plutot supporté srcset ?"
1,1371566932803,"lionelB","sur lazyload ?"
2,1371566946810,"kewah","kewah join the chan."
1,1371567492579,"vvo","lionelB: je ne connais pas srcset"
1,1371567501939,"vvo","mais tu peux utiliser l'attribut que tu veux"
1,1371567526262,"lionelB","vvo http://www.w3.org/html/wg/drafts/srcset/w3c-srcset/"
1,1371567604841,"lionelB","t'as le meme en css, c'est une des solutions possible pour gérer les images / mediaqueries"
1,1371567615130,"lionelB","c'est peut être overkill :)"
1,1371567873203,"vvo","en gros"
1,1371567879682,"vvo","si quelqu'un voulait l'implémenter ainsi"
1,1371567882663,"vvo","il pourrait tout à fait"
1,1371567886939,"vvo","je vais me mettre ça de côté"
1,1371567891198,"vvo","pour l'implémenter ainsi dans la doc"
1,1371567894060,"vvo","ça a l'air super simple"
1,1371567899695,"vvo","en gros pour faire un shim"
1,1371567901446,"vvo","merci!"
32,1371568508127,"kewah","kewah leave the IRC (Quit: kewah)."
2,1371568568134,"kewah","kewah join the chan."
32,1371569182270,"angezanetti","angezanetti leave the IRC (Ping timeout: 264 seconds)."
1,1371569618640,"lionelB","vvo cool!"
32,1371570332692,"fbentz","fbentz leave the IRC (Quit: fbentz)."
32,1371570427034,"rhannequin","rhannequin leave the IRC (Ping timeout: 276 seconds)."
32,1371571265679,"showtim34","showtim34 leave the IRC (Remote host closed the connection)."
32,1371571676933,"Nyalab","Nyalab leave the IRC (Remote host closed the connection)."
2,1371571801323,"Nyalab","Nyalab join the chan."
32,1371571917181,"kewah","kewah leave the IRC (Quit: kewah)."
32,1371572115439,"_mlb","_mlb leave the IRC (Remote host closed the connection)."
32,1371572129487,"bobot","bobot leave the IRC (Remote host closed the connection)."
2,1371572147640,"bobot","bobot join the chan."
32,1371572214257,"HammHetfield","HammHetfield leave the IRC (Quit: HammHetfield)."
32,1371573133867,"Nyalab","Nyalab leave the IRC (Remote host closed the connection)."
32,1371573140703,"felix__","felix__ leave the IRC (Quit: Konversation terminated!)."
32,1371573601008,"MoOx","MoOx leave the IRC (Remote host closed the connection)."
32,1371573990958,"vvo","vvo leave the IRC (Remote host closed the connection)."
2,1371576473026,"_mlb","_mlb join the chan."
2,1371577181212,"angezanetti","angezanetti join the chan."
2,1371577915517,"rhannequin","rhannequin join the chan."
32,1371580058607,"rhannequin","rhannequin leave the IRC (Ping timeout: 240 seconds)."
32,1371580312475,"bricef","bricef leave the IRC (*.net *.split)."
2,1371580339140,"bricef","bricef join the chan."
32,1371580456666,"_mlb","_mlb leave the IRC (Remote host closed the connection)."
2,1371584036794,"fbentz","fbentz join the chan."
2,1371585287308,"rhannequin","rhannequin join the chan."
32,1371587795400,"rhannequin","rhannequin leave the IRC (Ping timeout: 256 seconds)."
2,1371587799970,"nfroidure_","nfroidure_ join the chan."
32,1371587891902,"nfroidure","nfroidure leave the IRC (Ping timeout: 268 seconds)."
2,1371588519535,"showtim34","showtim34 join the chan."
32,1371588519867,"showtim34","showtim34 leave the IRC (Read error: Connection reset by peer)."
32,1371589523034,"lionelB","lionelB leave the IRC (Ping timeout: 264 seconds)."
