32,1368483019722,"rhannequin","rhannequin leave the IRC (Remote host closed the connection)."
32,1368483253128,"_kud","_kud leave the IRC (Quit: Leaving)."
2,1368487918313,"loicfrering","loicfrering join the chan."
32,1368492213495,"loicfrering","loicfrering leave the IRC (Ping timeout: 246 seconds)."
2,1368492261389,"loicfrering","loicfrering join the chan."
2,1368506846394,"MoOx","MoOx join the chan."
2,1368512850079,"HammHetfield","HammHetfield join the chan."
256,1368515162535,"mab1","mab1 changed his nick for mab."
2,1368516880095,"kewah","kewah join the chan."
2,1368517113147,"_kud","_kud join the chan."
2,1368517523397,"rhannequin","rhannequin join the chan."
1,1368518560878,"urcadox","plop"
1,1368518564307,"urcadox","Marionnette: quote"
2,1368518564697,"NimS","NimS join the chan."
17,1368518565096,"Marionnette","Windows 95 is not a virus.  Viruses actually do something."
17,1368518565097,"Marionnette","Source: http://iheartquotes.com/fortune/show/8128"
1,1368518607842,"urcadox",":/"
1,1368518789598,"_kud","hahahaha"
2,1368518909167,"vvo","vvo join the chan."
1,1368520867278,"nfroidure",":)"
2,1368521028873,"bobot","bobot join the chan."
32,1368521882693,"rhannequin","rhannequin leave the IRC (Remote host closed the connection)."
2,1368521933798,"rhannequin","rhannequin join the chan."
1,1368522012262,"_kud","http://theonion.github.io/fartscroll.js/"
32,1368522579437,"rhannequin","rhannequin leave the IRC (Ping timeout: 268 seconds)."
2,1368523013440,"rhannequin","rhannequin join the chan."
32,1368523356443,"rhannequin","rhannequin leave the IRC (Ping timeout: 268 seconds)."
256,1368523439383,"synbioz4","synbioz4 changed his nick for fuse."
2,1368523663977,"rhannequin","rhannequin join the chan."
2,1368523840189,"felixgilles","felixgilles join the chan."
32,1368524466453,"rhannequin","rhannequin leave the IRC (Ping timeout: 268 seconds)."
2,1368524610615,"rhannequin","rhannequin join the chan."
32,1368525750103,"rhannequin","rhannequin leave the IRC (Ping timeout: 246 seconds)."
2,1368525918048,"rhannequin","rhannequin join the chan."
32,1368526296185,"vvo","vvo leave the IRC (Ping timeout: 256 seconds)."
32,1368526649468,"rhannequin","rhannequin leave the IRC (Ping timeout: 268 seconds)."
1,1368527923139,"angezanetti","_kud: ouais j'ai vu ça ce week end, c'est dans les trending repos depuis plusieurs jours d'ailleurs --'"
1,1368528585110,"_kud",":D"
2,1368528760366,"NimS1","NimS1 join the chan."
32,1368528862963,"NimS","NimS leave the IRC (Ping timeout: 256 seconds)."
2,1368529147488,"showtim34","showtim34 join the chan."
32,1368529664514,"felixgilles","felixgilles leave the IRC (Read error: Connection reset by peer)."
2,1368529800398,"felixgilles","felixgilles join the chan."
2,1368530406371,"vvo","vvo join the chan."
2,1368530727477,"lionelB","lionelB join the chan."
2,1368530767499,"rhannequin","rhannequin join the chan."
32,1368531200505,"rhannequin","rhannequin leave the IRC (Ping timeout: 268 seconds)."
2,1368531478413,"rhannequin","rhannequin join the chan."
32,1368532702925,"rhannequin","rhannequin leave the IRC (Remote host closed the connection)."
2,1368532854923,"rhannequin","rhannequin join the chan."
32,1368533067499,"bobot","bobot leave the IRC (Remote host closed the connection)."
2,1368533084322,"bobot","bobot join the chan."
32,1368533091572,"bobot","bobot leave the IRC (Remote host closed the connection)."
2,1368533167895,"bobot","bobot join the chan."
32,1368533204391,"bobot","bobot leave the IRC (Remote host closed the connection)."
2,1368533217626,"bobot","bobot join the chan."
32,1368533263324,"bobot","bobot leave the IRC (Remote host closed the connection)."
2,1368533278459,"bobot","bobot join the chan."
32,1368533289907,"bobot","bobot leave the IRC (Remote host closed the connection)."
2,1368533331454,"bobot","bobot join the chan."
32,1368533338720,"bobot","bobot leave the IRC (Remote host closed the connection)."
32,1368533375652,"vvo","vvo leave the IRC (Ping timeout: 246 seconds)."
2,1368533380251,"bobot","bobot join the chan."
32,1368533380448,"bobot","bobot leave the IRC (Remote host closed the connection)."
2,1368533408521,"bobot","bobot join the chan."
32,1368533418913,"rhannequin","rhannequin leave the IRC (Ping timeout: 256 seconds)."
32,1368533469011,"bobot","bobot leave the IRC (Remote host closed the connection)."
2,1368533482862,"bobot","bobot join the chan."
2,1368533593523,"rhannequin","rhannequin join the chan."
32,1368533672889,"bobot","bobot leave the IRC (Remote host closed the connection)."
2,1368533688445,"bobot","bobot join the chan."
2,1368534065279,"HammHetfield_","HammHetfield_ join the chan."
32,1368534116298,"HammHetfield","HammHetfield leave the IRC (Ping timeout: 256 seconds)."
256,1368534116500,"HammHetfield_","HammHetfield_ changed his nick for HammHetfield."
2,1368534295051,"vvo","vvo join the chan."
32,1368534302371,"bobot","bobot leave the IRC (Remote host closed the connection)."
2,1368534662700,"bobot","bobot join the chan."
32,1368534789532,"rhannequin","rhannequin leave the IRC (Ping timeout: 268 seconds)."
32,1368534812662,"bobot","bobot leave the IRC (Remote host closed the connection)."
2,1368534842034,"bobot","bobot join the chan."
32,1368535193587,"bobot","bobot leave the IRC (Remote host closed the connection)."
2,1368535216368,"rhannequin","rhannequin join the chan."
2,1368535308505,"HammHetfield_","HammHetfield_ join the chan."
2,1368535321806,"bobot","bobot join the chan."
2,1368535332540,"kewah_","kewah_ join the chan."
32,1368535756300,"HammHetfield","HammHetfield leave the IRC (*.net *.split)."
32,1368535756501,"kewah","kewah leave the IRC (*.net *.split)."
256,1368535758845,"HammHetfield_","HammHetfield_ changed his nick for HammHetfield."
32,1368535975318,"mab","mab leave the IRC (Ping timeout: 252 seconds)."
32,1368535979893,"rhannequin","rhannequin leave the IRC (Remote host closed the connection)."
2,1368536121428,"rhannequin","rhannequin join the chan."
2,1368536224446,"mab","mab join the chan."
32,1368536398891,"lionelB","lionelB leave the IRC (Ping timeout: 264 seconds)."
2,1368536448794,"lionelB","lionelB join the chan."
256,1368536566606,"NimS1","NimS1 changed his nick for NimS``."
2,1368536713561,"cbonnissent","cbonnissent join the chan."
32,1368536734339,"cbonnissent","cbonnissent leave the IRC (Client Quit)."
32,1368538267800,"bobot","bobot leave the IRC (Remote host closed the connection)."
2,1368538282594,"bobot","bobot join the chan."
32,1368538421569,"bobot","bobot leave the IRC (Remote host closed the connection)."
2,1368538477564,"bobot","bobot join the chan."
32,1368538716337,"rhannequin","rhannequin leave the IRC (Ping timeout: 260 seconds)."
2,1368538867792,"rhannequin","rhannequin join the chan."
1,1368539377281,"nfroidure","C'est quoi le maxclient pour une seul instance de node pour ne pas avoir de dégradation de perf ?"
1,1368539869543,"lionelB","ca dépend pas un peu du serveur ?"
32,1368541283127,"rhannequin","rhannequin leave the IRC (Ping timeout: 252 seconds)."
32,1368541967683,"mab","mab leave the IRC (*.net *.split)."


32,1368542005460,"NimS``","NimS`` leave the IRC (*.net *.split)."
32,1368542005460,"urcadox","urcadox leave the IRC (*.net *.split)."
32,1368542005460,"Nyalab","Nyalab leave the IRC (*.net *.split)."
32,1368542005461,"bobot","bobot leave the IRC (*.net *.split)."
32,1368542005461,"lionelB","lionelB leave the IRC (*.net *.split)."
32,1368542005461,"_kud","_kud leave the IRC (*.net *.split)."
32,1368542005461,"euskadi31","euskadi31 leave the IRC (*.net *.split)."
32,1368542005461,"vvo","vvo leave the IRC (*.net *.split)."
32,1368542005461,"MoOx","MoOx leave the IRC (*.net *.split)."
32,1368542005461,"loicfrering","loicfrering leave the IRC (*.net *.split)."
32,1368542005462,"NiKo`","NiKo` leave the IRC (*.net *.split)."
32,1368542005462,"ChanServ","ChanServ leave the IRC (*.net *.split)."
32,1368542005462,"HammHetfield","HammHetfield leave the IRC (*.net *.split)."
32,1368542005462,"felixgilles","felixgilles leave the IRC (*.net *.split)."
32,1368542005462,"romainhuet","romainhuet leave the IRC (*.net *.split)."
32,1368542005462,"oz","oz leave the IRC (*.net *.split)."
32,1368542005462,"angezanetti","angezanetti leave the IRC (*.net *.split)."
32,1368542005462,"madx`","madx` leave the IRC (*.net *.split)."
32,1368542005462,"nfroidure","nfroidure leave the IRC (*.net *.split)."
32,1368542005462,"siddartha","siddartha leave the IRC (*.net *.split)."
32,1368542005462,"Shahor","Shahor leave the IRC (*.net *.split)."
32,1368542005463,"fuse","fuse leave the IRC (*.net *.split)."
32,1368542005463,"Marsup","Marsup leave the IRC (*.net *.split)."











32,1368542337592,"showtim34","showtim34 leave the IRC (Ping timeout: 268 seconds)."
18,1368542398048,"Marionnette","Marionnette join the chan."
8,1368542398146,"_kud","_kud change topic to \"Communauté française des utilisateurs de JavaScript | Site : http://francejs.org\""
1,1368542444479,"nfroidure","Cet interval de temps entre le moment où tu ajoutes des sons à ton jeu et celui où tu crée le bouton pour les couper :-X"
2,1368542536824,"rhannequin","rhannequin join the chan."
1,1368542654684,"angezanetti","nfroidure: j'ai vu des jeux MMO en node.js avec plusieurs centaines de joueurs dans lag particulier"
1,1368542662555,"angezanetti","je sais pas si ça t'aide"
1,1368542718379,"nfroidure","Pas vraiment car derrière y'a nécessairement plusieurs processus (voire serveurs) coordonnés ;)"
1,1368542778089,"nfroidure","Par exemple pour BrowserQuest, apparemment, y'a plusieurs \"mondes\" paralèlles"
1,1368542805274,"nfroidure","Ca doit correspondre aux différents processus démarrés je pense"
1,1368542914564,"nfroidure","Le max d'utilisateurs que 'ai eu c'est 50 avec sumuray"
1,1368542968977,"nfroidure","J'ai pas constaté de lag à ce stade"
2,1368543029230,"kewah","kewah join the chan."
2,1368543161256,"rhannequin_","rhannequin_ join the chan."
1,1368543195556,"nfroidure","Bon, je crois que je vais devoir attendre que l'expérience me le montre ;)."
1,1368543196643,"nfroidure","@+"
32,1368543218955,"rhannequin","rhannequin leave the IRC (Ping timeout: 252 seconds)."
256,1368543228906,"rhannequin_","rhannequin_ changed his nick for rhannequin."
32,1368543383653,"kewah","kewah leave the IRC (Quit: kewah)."
4,1368543391042,"lionelB","lionelB leave the chan."
2,1368543626815,"bigx","bigx join the chan."
32,1368544428838,"rhannequin","rhannequin leave the IRC (Ping timeout: 252 seconds)."
18,1368544742331,"Marionnette1","Marionnette1 join the chan."
8,1368544742405,"_kud","_kud change topic to \"Communauté française des utilisateurs de JavaScript | Site : http://francejs.org\""
32,1368545106154,"Marionnette","Marionnette leave the IRC (*.net *.split)."
32,1368545106219,"showtim34","showtim34 leave the IRC (*.net *.split)."
32,1368545106733,"_kud","_kud leave the IRC (*.net *.split)."
32,1368545107194,"euskadi31","euskadi31 leave the IRC (*.net *.split)."
2,1368545141334,"showtim34","showtim34 join the chan."
256,1368545571412,"kud","kud changed his nick for _kud."
2,1368547174891,"Amatewasu","Amatewasu join the chan."
32,1368547200840,"felixgilles","felixgilles leave the IRC (Quit: Konversation terminated!)."
32,1368548085299,"HammHetfield","HammHetfield leave the IRC (Quit: HammHetfield)."
256,1368548819468,"Nyalab","Nyalab changed his nick for Nyalab-Work."
32,1368550279369,"_kud","_kud leave the IRC (Remote host closed the connection)."
32,1368550501441,"bobot","bobot leave the IRC (Ping timeout: 248 seconds)."
32,1368550938364,"vvo","vvo leave the IRC (Remote host closed the connection)."
2,1368551615147,"Nyalab-Home","Nyalab-Home join the chan."
32,1368551643036,"Nyalab-Home","Nyalab-Home leave the IRC (Client Quit)."
2,1368551689072,"Nyalab-Home","Nyalab-Home join the chan."
32,1368551939721,"NimS``","NimS`` leave the IRC (Quit: Leaving.)."
32,1368554995120,"Amatewasu","Amatewasu leave the IRC (Remote host closed the connection)."
2,1368555987810,"_kud","_kud join the chan."
2,1368556221843,"Amatewasu","Amatewasu join the chan."
2,1368556402769,"PEM","PEM join the chan."
1,1368556405792,"PEM","hello :)"
2,1368558352850,"mab1","mab1 join the chan."
32,1368558533616,"mab","mab leave the IRC (Ping timeout: 245 seconds)."
32,1368558957496,"Nyalab-Home","Nyalab-Home leave the IRC (Quit: Leaving)."
2,1368559985442,"rhannequin","rhannequin join the chan."
2,1368561854855,"NimS","NimS join the chan."
32,1368562717616,"NimS","NimS leave the IRC (Quit: Leaving.)."
1,1368565297851,"_kud","http://playtv.fr/television/arte/ :)"
256,1368565488283,"PEM","PEM changed his nick for PEM_."
256,1368565493318,"PEM_","PEM_ changed his nick for PEM."
32,1368565513442,"PEM","PEM leave the IRC (Quit: Web-5 Conference in 30 days! http://conf2013.web-5.org)."
4,1368565578922,"rhannequin","rhannequin leave the chan."
2,1368567491152,"atchoum222","atchoum222 join the chan."
32,1368567555764,"Amatewasu","Amatewasu leave the IRC (Quit: WeeChat 0.4.1-rc1)."
32,1368567626097,"atchoum222","atchoum222 leave the IRC (Remote host closed the connection)."
2,1368567700194,"atchoum","atchoum join the chan."
32,1368568604073,"MoOx","MoOx leave the IRC (Remote host closed the connection)."
