18,1364891119700,"Marionnette","Marionnette join the chan."
8,1364891119912,"_kud","_kud change topic to \"Communauté française des utilisateurs de JavaScript | Site : http://francejs.org\""
1,1364891137700,"_kud","Quelqu'un se rappelle du lien qui est passé au sujet des addons bien sympa sur chrome ?"
1,1364891172198,"nfroidure","nope"
1,1364891364524,"_kud","Ouais ouais, j'suis repassé à chrome"
1,1364891636999,"nfroidure","C'est dans ta timeline non ?"
1,1364891648515,"nfroidure","J4ai cru voir passer ça, mais j'ai pas regardé."
1,1364891683160,"_kud","sûrement"
1,1364891697663,"nfroidure","Sinon, Lille JS ça commence à prendre forme, notre Doodle est déjà bien fourni http://doodle.com/b9xn8wrnqpbdwrzk"
2,1364891772181,"victordarras","victordarras join the chan."
1,1364891827672,"nfroidure","lo victordarras"
1,1364891871902,"nfroidure","Hésites pas à donner des idées ici : https://groups.google.com/forum/?fromgroups#!forum/nord-js"
1,1364891909173,"_kud","C'est pas compliqué pourtan"
1,1364891910170,"_kud","t"
1,1364891920487,"_kud","Verbe du premier groupe, pas de 's'"
1,1364891936452,"_kud","ainsi que les verbes du deuxième groupe"
1,1364891941398,"_kud","\"ouvre\""
1,1364891946755,"_kud","et troisième, ca prend un s"
1,1364891951802,"_kud","\"prends\""
1,1364892071329,"nfroidure","amen :)"
1,1364892132989,"madx`","nfroidure: pas mal :)"
1,1364892175638,"nfroidure","Les robtos sont acceptés"
17,1364892187087,"Marionnette","Chouette !"
1,1364892195582,"_kud","J'ai l'impression qu'on commence à monter quelque chose de sympa quand même."
1,1364892209292,"madx`","twss"
1,1364892235597,"nfroidure","_kud, clair"
1,1364892261658,"nfroidure","L'intérêt de FranceJS est clairement démontré par la constitution de tous ces nouveaux groupes"
1,1364892296943,"madx`","il me reste à trouver un lieu, ça va être le plus délicat"
1,1364892308499,"nfroidure","On est déjà entrain de faire péter l'objectif de dynamisation :D"
1,1364892348234,"nfroidure","madx`, un bistrot avec étage devrait suffir, en général, les cafetiers sont ok si tout le monde consomme une boisson"
1,1364892395971,"madx`","nfroidure: oui je pense que pour la première on a pas besoin de plus"
1,1364892404581,"madx`","après si on veut faire des prez c'est plus délicat"
1,1364892427752,"nfroidure","ca dépend, si y'a un mur blanc, un rétroproj portable et c'est parti."
1,1364892462773,"nfroidure","Mais sinon, y'a sûrement moyen de nouer des partenariat avec les écoles/centres de formation"
1,1364892477311,"nfroidure","L'avantage, c'st que ça amène aussi des étudiant de l'école en question"
1,1364892488592,"madx`","oui, le pb étant qu'ici les fac sont à l'extérieur"
32,1364892500462,"HammHetfield","HammHetfield leave the IRC (Ping timeout: 256 seconds)."
1,1364892503028,"madx`","remarque y'a ptet des ecoles d'info dans le centre"
2,1364892505208,"HammHetfield_","HammHetfield_ join the chan."
1,1364892548476,"_kud","Y'a tjs des entreprises ou des écoles qui sont chaudes pour ce genre d'event"
1,1364892965085,"_kud","wtf? https://twitter.com/_kud/status/319009892113477633"
1,1364893217417,"madx`","marrant"
1,1364893285184,"_kud","non pas tres marrant"
1,1364893287695,"_kud","vla la liberté"
1,1364893311946,"madx`","passe par un proxy :troll:"
1,1364893376844,"_kud","^^"
1,1364893976367,"nfroidure","yep, j'ai eu le même problème avec KGen"
1,1364894004610,"nfroidure","Tu peux pas scanner les pages de Google (about*,google.*)"
1,1364894060484,"_kud","c'est lamentable."
1,1364894197429,"nfroidure","encore deux inscrit pour LilleJS"
1,1364894208049,"nfroidure","Je viens de revérifier, google.* c'est ok"
1,1364894208890,"_kud","inscrits*"
1,1364894236096,"nfroidure","donc, c'est juste le chromewebstore et about:*"
1,1364894249035,"nfroidure","Je ne sais pas ce qu'il en est des downloaded apps"
1,1364894266621,"nfroidure","Mais j'avoue que ça m'a énervé :)"
1,1364894310970,"_kud","C'est simple"
1,1364894319032,"nfroidure","Surtout quand ce n'est pas documenté et que tu te retrouves avec des commentaires du genre : ton extension marche pas parceque, normal, les gens essaient d'abord sur le chrome web store :D"
1,1364894328710,"_kud","ca sous entend que tout addon est passé au scan sur google chrome"
1,1364894351426,"_kud","et qu'ils obligent certains à qu'on ne puisse pas utiliser ces outils sur leurs pages"
1,1364894383265,"nfroidure","j'ai pas compris"
1,1364894389973,"_kud","Je suis même étonné qu'on puisse ouvrir l'inspecteur"
1,1364894396063,"_kud","sur leurs pages"
32,1364894437735,"bobylito","bobylito leave the IRC (Ping timeout: 248 seconds)."
1,1364894460713,"nfroidure","A mon avis, la raison pour le chrome web store est simple : éviter que tu override le store et fasse des trucs du genre : te noter ton extensions avec 5 étoiles automatiquement, désactiver le bouton de désintallation, patcher les extensions installées avec ta propre version etc.."
1,1364894491967,"_kud","Tu vois ça chez mozilla addons ?"
1,1364894494120,"_kud","Non, je crois pas."
1,1364894501540,"nfroidure","Il faut savoir que chrome ne vérifie rien, j'ai jamais eu besoin d'une review pour être publié"
1,1364894520142,"nfroidure","Oui, mais Mozilla examine ton code, c'est la différence ;)"
2,1364894531630,"revolunet_","revolunet_ join the chan."
1,1364894547035,"_kud","Oui mais ils examinent de façon à ce que les addons soient de qualité"
1,1364894551381,"_kud","pas bridés"
1,1364894576924,"nfroidure","Yep, mais du coup, ce genre de coup bas serait détecté également."
1,1364894604464,"nfroidure","Evidemment, tu tu essayais ça, tu serait rejeté. Le bridage est effectué à un endroit différent."
2,1364894615641,"bobylito","bobylito join the chan."
1,1364894627072,"nfroidure","Par exemple, chez Mozilla, si tu utilises un eval, tu es pas validé."
1,1364894647759,"nfroidure","Ils ont trop peur que tu t'en serve de backdoor pour injecter du code malveillant"
32,1364894671733,"revolunet","revolunet leave the IRC (Ping timeout: 260 seconds)."
256,1364894672159,"revolunet_","revolunet_ changed his nick for revolunet."
2,1364896264879,"rhannequin","rhannequin join the chan."
32,1364896811149,"bobylito","bobylito leave the IRC (Quit: bobylito)."
2,1364896883808,"bobylito","bobylito join the chan."
1,1364896939941,"rhannequin","Bonjour à tous"
1,1364896951342,"rhannequin","Des parisiens à La Cantine ce soir pour le meetup parisjs ?"
1,1364897673823,"_kud","Non."
1,1364897726394,"rhannequin","Il semble en effet."
32,1364898453957,"bobylito","bobylito leave the IRC (Quit: bobylito)."
2,1364898544678,"bobylito","bobylito join the chan."
32,1364898873937,"bobylito","bobylito leave the IRC (Quit: bobylito)."
32,1364899098900,"rhannequin","rhannequin leave the IRC (Ping timeout: 245 seconds)."
2,1364902445937,"rhannequin","rhannequin join the chan."
32,1364902848965,"rhannequin","rhannequin leave the IRC (Ping timeout: 245 seconds)."
2,1364903499800,"bobylito","bobylito join the chan."
2,1364904389913,"rhannequin","rhannequin join the chan."
1,1364908626953,"MoOx","_kud: On pourrait avoir un repo ToulouseJS et que j'ai les droits dessus ?"
1,1364908635461,"_kud","Nan."
1,1364908638127,"_kud","Casse-toi."
1,1364908646626,"MoOx","Ah dommage"
1,1364908650297,"MoOx","bon ben salut"
1,1364908672538,"_kud","tu veux l'appeler comment MoOx ?"
1,1364908676709,"_kud","ToulouseJS N"
1,1364908677872,"_kud","?"
1,1364908686105,"MoOx","ToulouseJS c'est très bien oui"
1,1364908723537,"_kud","k"
1,1364908736706,"MoOx","Merci !"
1,1364908772629,"_kud","c'est good"
1,1364908782114,"_kud","https://github.com/francejs/ToulouseJS"
1,1364908782319,"MoOx","GG !"
1,1364908868576,"_kud","\"This pull request cannot be automatically merged. \""
1,1364908872248,"_kud","ca vous arrive ça ?"
1,1364908874240,"_kud","faut faire quoi ?"
1,1364908976189,"MoOx","faut merge ta master dans ta branche"
1,1364908979474,"MoOx","c que t'as un conflit"
1,1364909007676,"_kud","faut l'faire a la mano ?"
2,1364909009006,"Atu","Atu join the chan."
1,1364909011335,"_kud","j'veux dire"
1,1364909016842,"_kud","faut que je pecho sa branche"
1,1364909020345,"_kud","et que je merge chez moi ?"
1,1364909156762,"MoOx","ben"
1,1364909161440,"MoOx","tu merge quoi vert quoi ?"
1,1364909171334,"_kud","https://github.com/kud/design-acceptability/pull/1"
1,1364909189631,"MoOx","hum bizarre"
1,1364909205250,"_kud","n'est-il pas"
1,1364909221743,"MoOx","oué ben faudrait que le patch-1 merge master avant de pourvoir faire un merge de la PR auto"
1,1364909228064,"MoOx","sinon tu merges la PR à la main"
1,1364909240536,"_kud","^^"
1,1364909242865,"_kud","oui"
2,1364910935450,"_kud_","_kud_ join the chan."
32,1364911096584,"_kud","_kud leave the IRC (Read error: Operation timed out)."
32,1364912668511,"victordarras","victordarras leave the IRC (Quit: http://www.kiwiirc.com/ - A hand crafted IRC client)."
2,1364914913425,"bobylito_","bobylito_ join the chan."
32,1364915167898,"bobylito","bobylito leave the IRC (Ping timeout: 260 seconds)."
256,1364915168141,"bobylito_","bobylito_ changed his nick for bobylito."
32,1364915711266,"bobylito","bobylito leave the IRC (Remote host closed the connection)."
2,1364915730408,"bobylito","bobylito join the chan."
32,1364916862041,"rhannequin","rhannequin leave the IRC (Quit: Bye)."
32,1364919086938,"bobylito","bobylito leave the IRC (Quit: bobylito)."
32,1364919272974,"HammHetfield_","HammHetfield_ leave the IRC (Quit: HammHetfield_)."
32,1364919570653,"mab","mab leave the IRC (Read error: Connection reset by peer)."
32,1364920332588,"felixgilles","felixgilles leave the IRC (Quit: Konversation terminated!)."
32,1364921316748,"revolunet","revolunet leave the IRC (Ping timeout: 264 seconds)."
2,1364921997446,"_kud","_kud join the chan."
32,1364922000738,"_kud_","_kud_ leave the IRC (Ping timeout: 264 seconds)."
1,1364922131576,"_kud","On dit 19h et y'a personne, poke nfroidure"
1,1364922585893,"_kud","nfroidure: nfroidure nfroidure nfroidure nfroidure nfroidure"
1,1364923265145,"nfroidure","_kud"
1,1364923274392,"nfroidure","je trouve pas le hangout sur mon tel"
1,1364923290691,"_kud","ha"
1,1364923291625,"_kud","euh"
1,1364923303973,"_kud","je sais pas ou c'est sur telephone"
1,1364923340973,"nfroidure","je vais rejoindre sur PC et voir si je peux le trouver sur le tél du coup"
32,1364924716477,"_kud","_kud leave the IRC (Remote host closed the connection)."
2,1364924753105,"_kud","_kud join the chan."
2,1364924876517,"mab","mab join the chan."
2,1364925514068,"Amatewasu","Amatewasu join the chan."
1,1364925519487,"nfroidure","décidemment les hangouts c'est pas mon truc"
32,1364931429337,"MoOx","MoOx leave the IRC (Remote host closed the connection)."
2,1364931450531,"MoOx","MoOx join the chan."
2,1364931512562,"showtim34","showtim34 join the chan."
32,1364933750111,"MoOx","MoOx leave the IRC (Remote host closed the connection)."
2,1364935862066,"kud","kud join the chan."
32,1364935954150,"Amatewasu","Amatewasu leave the IRC (Quit: Bonne et douce nuit à vous mes amis.)."
32,1364937006811,"showtim34","showtim34 leave the IRC (Remote host closed the connection)."
2,1364937823612,"revolunet","revolunet join the chan."
