2,1375048932621,"_mlb","_mlb join the chan."
32,1375048981866,"_mlb","_mlb leave the IRC (Remote host closed the connection)."
2,1375049616312,"_mlb","_mlb join the chan."
32,1375051356941,"_mlb","_mlb leave the IRC (Remote host closed the connection)."
2,1375057393457,"_mlb","_mlb join the chan."
32,1375058606639,"_mlb","_mlb leave the IRC (Remote host closed the connection)."
2,1375061450694,"_mlb","_mlb join the chan."
32,1375068843830,"_mlb","_mlb leave the IRC (Remote host closed the connection)."
32,1375069191280,"Munto","Munto leave the IRC (Quit: Let's make things Frugal!)."
2,1375070143118,"_mlb","_mlb join the chan."
32,1375071167679,"_mlb","_mlb leave the IRC (Remote host closed the connection)."
2,1375074189566,"MoOx","MoOx join the chan."
2,1375075458342,"_mlb","_mlb join the chan."
32,1375076794475,"_mlb","_mlb leave the IRC (Remote host closed the connection)."
2,1375080387858,"pfilipovicz","pfilipovicz join the chan."
2,1375080549296,"filipovi","filipovi join the chan."
32,1375080670858,"pfilipovicz","pfilipovicz leave the IRC (Ping timeout: 256 seconds)."
32,1375081282845,"Grirrle1","Grirrle1 leave the IRC (Ping timeout: 256 seconds)."
32,1375081817352,"MoOx","MoOx leave the IRC (Remote host closed the connection)."
2,1375082169829,"Grirrle","Grirrle join the chan."
2,1375083374562,"cbonnissent","cbonnissent join the chan."
32,1375083392718,"Tobu","Tobu leave the IRC (Remote host closed the connection)."
2,1375083407636,"Tobu","Tobu join the chan."
2,1375083697653,"MoOx","MoOx join the chan."
2,1375083894022,"_kud","_kud join the chan."
32,1375083939928,"_kud","_kud leave the IRC (Remote host closed the connection)."
32,1375084018357,"MoOx","MoOx leave the IRC (Remote host closed the connection)."
32,1375084251722,"Tobu","Tobu leave the IRC (Remote host closed the connection)."
2,1375084268637,"Tobu","Tobu join the chan."
2,1375084406998,"victordarras","victordarras join the chan."
2,1375084681711,"HammHetfield","HammHetfield join the chan."
2,1375085169552,"_kud","_kud join the chan."
2,1375085171358,"_Setsuna_","_Setsuna_ join the chan."
32,1375085457111,"_kud","_kud leave the IRC (Remote host closed the connection)."
2,1375085473515,"_kud","_kud join the chan."
2,1375086154874,"endou","endou join the chan."
2,1375086204780,"kewah","kewah join the chan."
32,1375086729433,"endou","endou leave the IRC (Remote host closed the connection)."
2,1375086756574,"endou","endou join the chan."
2,1375088302021,"fbentz","fbentz join the chan."
1,1375088649833,"fbentz","Hello"
2,1375088660218,"MoOx","MoOx join the chan."
2,1375089735872,"oncletom","oncletom join the chan."
32,1375089983188,"endou","endou leave the IRC (Remote host closed the connection)."
2,1375090043968,"endou","endou join the chan."
32,1375090748912,"bobot","bobot leave the IRC (Remote host closed the connection)."
2,1375090755275,"bobot","bobot join the chan."
2,1375090856861,"rhannequin","rhannequin join the chan."
32,1375091826144,"fbentz","fbentz leave the IRC (Ping timeout: 276 seconds)."
2,1375091892248,"fbentz","fbentz join the chan."
32,1375093548686,"kewah","kewah leave the IRC (Quit: kewah)."
2,1375093698777,"eaSy60","eaSy60 join the chan."
4,1375093774964,"rhannequin","rhannequin leave the chan."
32,1375094906199,"eaSy60","eaSy60 leave the IRC (Quit: Linkinus - http://linkinus.com)."
1,1375095123511,"victordarras","clear"
32,1375095210392,"fbentz","fbentz leave the IRC (Quit: fbentz)."
1,1375095281598,"_kud","clear toi-même victordarras"
2,1375096403112,"kewah","kewah join the chan."
32,1375096818432,"victordarras","victordarras leave the IRC (Ping timeout: 250 seconds)."
2,1375096914542,"_mlb","_mlb join the chan."
2,1375099480559,"rhannequin","rhannequin join the chan."
1,1375099758979,"nfroidure","Où est-ce que je retrouve toutes les constantes d'erreur de Node style EACCESS etc... ?"
1,1375099764294,"nfroidure","Je vois rien dans la doc"
1,1375100086711,"endou","nfroidure: Pas sur que ce soit documenté, c'est pas des codes d'erreur propre a l'OS?"
1,1375100135552,"nfroidure","Justement, je me demande. Y'a pas de constante style EACCES attachée au contexte global, ni au module fs par ex."
1,1375100149854,"nfroidure","J'ai juste trouvé ça : http://davidbcalhoun.com/a/node2/src/node_constants.cc"
2,1375100162058,"fbentz","fbentz join the chan."
1,1375100164497,"endou","Sinon http://www.virtsync.com/c-error-codes-include-errno"
32,1375100283335,"oncletom","oncletom leave the IRC (Quit: Leaving.)."
1,1375100302775,"nfroidure","Apparemment, y'a pas de correspondance : #define EACCES      13  /* Permission denied */"
1,1375100303797,"nfroidure"," { [Error: EACCES, readlink '/proc/1/cwd'] errno: 3, code: 'EACCES', path: '/proc/1/cwd' }"
1,1375100319484,"nfroidure","En fait, c'est juste des strings"
32,1375100509418,"endou","endou leave the IRC (Ping timeout: 256 seconds)."
2,1375101310213,"oncletom","oncletom join the chan."
2,1375102064092,"endou","endou join the chan."
32,1375102278626,"rhannequin","rhannequin leave the IRC (Ping timeout: 276 seconds)."
32,1375102577372,"endou","endou leave the IRC (Ping timeout: 268 seconds)."
2,1375102877993,"rhannequin","rhannequin join the chan."
32,1375103128372,"rhannequin","rhannequin leave the IRC (Ping timeout: 240 seconds)."
2,1375103362592,"rhannequin","rhannequin join the chan."
32,1375103537069,"oncletom","oncletom leave the IRC (Quit: Leaving.)."
2,1375104569074,"endou","endou join the chan."
32,1375104602611,"angezanetti","angezanetti leave the IRC (Ping timeout: 240 seconds)."
2,1375104651306,"angezanetti","angezanetti join the chan."
32,1375108802423,"rhannequin","rhannequin leave the IRC (Ping timeout: 240 seconds)."
32,1375110422519,"kewah","kewah leave the IRC (Quit: kewah)."
2,1375110463578,"oncletom","oncletom join the chan."
32,1375110467513,"oncletom","oncletom leave the IRC (Read error: Connection reset by peer)."
2,1375110483587,"oncletom","oncletom join the chan."
32,1375110589325,"oncletom","oncletom leave the IRC (Client Quit)."
2,1375112005625,"oncletom","oncletom join the chan."
1,1375112343582,"nfroidure","Wow, la timeline de @Viadeo_FR, ils se rendent compte qu'ils spamment leur followers ? https://twitter.com/Viadeo_FR"
1,1375112345373,"bobot","@Viadeo_FR: Viadeo, 1er réseau social professionnel francophone. Découvrez nos #conseils pour s'épanouir dans sa #carrière. #ViadeoJob pour retrouver les offres d'emploi."
1,1375112382686,"_kud","lol"
1,1375112540947,"_kud","j'leur ai répondu du coup nfroidure"
1,1375112782052,"No`","et ils t'ont respammé"
32,1375113767191,"HammHetfield","HammHetfield leave the IRC (Quit: HammHetfield)."
32,1375115046469,"endou","endou leave the IRC (Remote host closed the connection)."
32,1375115123278,"Grirrle","Grirrle leave the IRC (Quit: Leaving.)."
32,1375115766014,"fbentz","fbentz leave the IRC (Quit: fbentz)."
2,1375115869648,"fbentz","fbentz join the chan."
32,1375115946874,"fbentz","fbentz leave the IRC (Client Quit)."
32,1375116606742,"_mlb","_mlb leave the IRC (Remote host closed the connection)."
32,1375116887052,"Tobu","Tobu leave the IRC (Remote host closed the connection)."
2,1375116983843,"Tobu","Tobu join the chan."
2,1375117276284,"_mlb","_mlb join the chan."
2,1375122463413,"fbentz","fbentz join the chan."
2,1375124189906,"kud","kud join the chan."
32,1375124377762,"kud","kud leave the IRC (Client Quit)."
2,1375124398458,"kud","kud join the chan."
1,1375124402477,"kud","hello"
1,1375124632209,"kud","ca va ?"
32,1375125046654,"kud","kud leave the IRC (Quit: Leaving)."
32,1375125212976,"filipovi","filipovi leave the IRC (Quit: Quitte)."
2,1375125394155,"kud","kud join the chan."
32,1375125407753,"kud","kud leave the IRC (Client Quit)."
2,1375125543453,"kud","kud join the chan."
32,1375125553659,"kud","kud leave the IRC (Client Quit)."
2,1375125580608,"kud","kud join the chan."
32,1375125585718,"kud","kud leave the IRC (Client Quit)."
4,1375125599778,"fbentz","fbentz leave the chan."
2,1375125610583,"kud","kud join the chan."
32,1375125625764,"kud","kud leave the IRC (Client Quit)."
2,1375125655558,"kud","kud join the chan."
32,1375125665384,"kud","kud leave the IRC (Client Quit)."
2,1375125685589,"kud","kud join the chan."
32,1375125692729,"nfroidure","nfroidure leave the IRC (Read error: Connection reset by peer)."
32,1375125713464,"kud","kud leave the IRC (Client Quit)."
2,1375125735582,"kud","kud join the chan."
32,1375125782863,"kud","kud leave the IRC (Client Quit)."
2,1375125803027,"kud","kud join the chan."
32,1375125819716,"kud","kud leave the IRC (Client Quit)."
2,1375125838027,"kud","kud join the chan."
32,1375125849322,"kud","kud leave the IRC (Client Quit)."
2,1375125867988,"kud","kud join the chan."
32,1375125949155,"kud","kud leave the IRC (Read error: Connection reset by peer)."
2,1375125965560,"kud","kud join the chan."
2,1375127029260,"Tobu_","Tobu_ join the chan."
32,1375127041038,"Tobu","Tobu leave the IRC (Ping timeout: 246 seconds)."
2,1375127081594,"fbentz","fbentz join the chan."
32,1375127674956,"cbonnissent","cbonnissent leave the IRC (Quit: Quitte)."
32,1375127749867,"oncletom","oncletom leave the IRC (Quit: Leaving.)."
32,1375128243395,"fbentz","fbentz leave the IRC (Quit: fbentz)."
2,1375129416833,"fbentz","fbentz join the chan."
