32,1379111028357,"angezanetti","angezanetti leave the IRC (Ping timeout: 246 seconds)."
2,1379111041992,"angezanetti","angezanetti join the chan."
32,1379112463162,"Amatewasu","Amatewasu leave the IRC (Quit: WeeChat 0.4.2-rc1)."
2,1379113274119,"kud","kud join the chan."
32,1379113275972,"_kud","_kud leave the IRC (Ping timeout: 264 seconds)."
32,1379113355998,"kud","kud leave the IRC (Read error: Connection reset by peer)."
2,1379113962428,"revolunet","revolunet join the chan."
2,1379114352473,"_kud","_kud join the chan."
32,1379117293457,"_kud","_kud leave the IRC (Read error: Connection reset by peer)."
2,1379117841137,"_kud","_kud join the chan."
32,1379121967784,"revolunet","revolunet leave the IRC (Quit: revolunet)."
32,1379124729719,"_kud","_kud leave the IRC (Quit: Leaving)."
2,1379124746320,"_kud","_kud join the chan."
32,1379125420641,"_mlb","_mlb leave the IRC (Remote host closed the connection)."
2,1379125447531,"_mlb","_mlb join the chan."
32,1379125707522,"_mlb","_mlb leave the IRC (Ping timeout: 246 seconds)."
32,1379127063999,"_kud","_kud leave the IRC (Quit: Leaving)."
2,1379127301185,"_mlb","_mlb join the chan."
32,1379127807978,"_mlb","_mlb leave the IRC (Ping timeout: 256 seconds)."
2,1379131192614,"_mlb","_mlb join the chan."
32,1379131444605,"_mlb","_mlb leave the IRC (Ping timeout: 240 seconds)."
2,1379134811605,"_mlb","_mlb join the chan."
32,1379135013749,"_mlb","_mlb leave the IRC (Read error: Operation timed out)."
2,1379138432863,"_mlb","_mlb join the chan."
32,1379138692878,"_mlb","_mlb leave the IRC (Ping timeout: 264 seconds)."
2,1379139034408,"MoOx","MoOx join the chan."
2,1379140684436,"_mlb","_mlb join the chan."
32,1379140952403,"_mlb","_mlb leave the IRC (Ping timeout: 264 seconds)."
32,1379142966637,"MoOx","MoOx leave the IRC (Remote host closed the connection)."
2,1379143308190,"MoOx","MoOx join the chan."
2,1379143419288,"fbentz","fbentz join the chan."
32,1379143477017,"MoOx","MoOx leave the IRC (Remote host closed the connection)."
1,1379143541923,"fbentz","Hello :)"
1,1379144041088,"angezanetti","o/"
2,1379146704000,"MoOx","MoOx join the chan."
32,1379146751611,"MoOx","MoOx leave the IRC (Remote host closed the connection)."
1,1379147153641,"nfroidure","thieuma, ça ne nous avance pas bcp pourquoi ne pas donner la page directement ?"
2,1379148044444,"_mlb","_mlb join the chan."
32,1379148671313,"_mlb","_mlb leave the IRC (Remote host closed the connection)."
2,1379152039603,"_mlb","_mlb join the chan."
32,1379155377546,"_mlb","_mlb leave the IRC (Remote host closed the connection)."
2,1379155402970,"_mlb","_mlb join the chan."
2,1379155461007,"Amatewasu","Amatewasu join the chan."
32,1379155684981,"_mlb","_mlb leave the IRC (Ping timeout: 256 seconds)."
2,1379156309526,"_mlb","_mlb join the chan."
32,1379156385946,"_mlb","_mlb leave the IRC (Remote host closed the connection)."
2,1379156412518,"_mlb","_mlb join the chan."
2,1379156538015,"_mlb_","_mlb_ join the chan."
32,1379156538067,"_mlb","_mlb leave the IRC (Read error: Connection reset by peer)."
32,1379156568086,"_mlb_","_mlb_ leave the IRC (Remote host closed the connection)."
2,1379157978726,"_mlb","_mlb join the chan."
32,1379158295759,"_mlb","_mlb leave the IRC (Remote host closed the connection)."
2,1379158322760,"_mlb","_mlb join the chan."
32,1379158582779,"_mlb","_mlb leave the IRC (Ping timeout: 260 seconds)."
4,1379159976285,"tfe","tfe leave the chan."
2,1379161966892,"_mlb","_mlb join the chan."
32,1379162327067,"_mlb","_mlb leave the IRC (Remote host closed the connection)."
2,1379162353728,"_mlb","_mlb join the chan."
32,1379162597751,"_mlb","_mlb leave the IRC (Ping timeout: 240 seconds)."
2,1379162944889,"_kud","_kud join the chan."
1,1379163103612,"thieuma","www.activ-design.com"
32,1379163706523,"_kud","_kud leave the IRC (Read error: Connection reset by peer)."
2,1379163817541,"_kud","_kud join the chan."
1,1379164897506,"nfroidure","thieuma, t'as remarqué que tu incluais deux fois JQuery sur ta page ?"
2,1379165261056,"_mlb","_mlb join the chan."
1,1379166058983,"thieuma","oui attend je l'enleve mais ca change rien"
1,1379166106130,"thieuma","ah ben si lol"
1,1379166121905,"thieuma","pourtant j'avais déjà essayé de le mettre qu'une fois me semble"
1,1379166186928,"thieuma","merci alors, me semblé vraiment avoir essayé de le mettre qu'une fois, j'avais pas du faire assez attention"
2,1379166213358,"Tobu_","Tobu_ join the chan."
32,1379166260137,"Tobu","Tobu leave the IRC (Ping timeout: 246 seconds)."
32,1379168430710,"_mlb","_mlb leave the IRC (Remote host closed the connection)."
2,1379168455955,"_mlb","_mlb join the chan."
32,1379168717983,"_mlb","_mlb leave the IRC (Ping timeout: 264 seconds)."
2,1379170284932,"_mlb","_mlb join the chan."
32,1379171485819,"_mlb","_mlb leave the IRC (Remote host closed the connection)."
2,1379171513239,"_mlb","_mlb join the chan."
32,1379171771476,"_mlb","_mlb leave the IRC (Ping timeout: 260 seconds)."
32,1379172813599,"Tobu_","Tobu_ leave the IRC (Ping timeout: 264 seconds)."
2,1379172869285,"Tobu","Tobu join the chan."
2,1379176247471,"_mlb","_mlb join the chan."
2,1379177365759,"MoOx","MoOx join the chan."
32,1379177756642,"MoOx","MoOx leave the IRC (Remote host closed the connection)."
32,1379180857924,"neolao","neolao leave the IRC (Quit: leaving)."
2,1379180894580,"neolao","neolao join the chan."
32,1379188137298,"neolao","neolao leave the IRC (Quit: leaving)."
32,1379189363545,"_mlb","_mlb leave the IRC (Remote host closed the connection)."
2,1379189389711,"_mlb","_mlb join the chan."
2,1379189448925,"_mlb_","_mlb_ join the chan."
32,1379189449227,"_mlb","_mlb leave the IRC (Read error: Connection reset by peer)."
32,1379193362516,"Amatewasu","Amatewasu leave the IRC (Quit: WeeChat 0.4.2-rc1)."
