32,1376519083032,"Amatewasu","Amatewasu leave the IRC (Ping timeout: 276 seconds)."
2,1376519110075,"Amatewasu","Amatewasu join the chan."
32,1376523376461,"Amatewasu","Amatewasu leave the IRC (Quit: WeeChat 0.4.2-dev)."
32,1376531373484,"_mlb","_mlb leave the IRC (Remote host closed the connection)."
2,1376531407037,"_mlb","_mlb join the chan."
32,1376531656382,"_mlb","_mlb leave the IRC (Ping timeout: 240 seconds)."
32,1376531998244,"Tobu","Tobu leave the IRC (Ping timeout: 264 seconds)."
2,1376540653938,"MoOx","MoOx join the chan."
32,1376543437971,"nod_","nod_ leave the IRC (Ping timeout: 256 seconds)."
2,1376545179681,"Tobu","Tobu join the chan."
2,1376551614507,"nod_","nod_ join the chan."
32,1376551868379,"fbentz","fbentz leave the IRC (Quit: fbentz)."
2,1376552731363,"kewah","kewah join the chan."
32,1376553510469,"nod_","nod_ leave the IRC (Ping timeout: 245 seconds)."
2,1376556088049,"oncletom","oncletom join the chan."
2,1376558037688,"Amy27","Amy27 join the chan."
4,1376558190990,"Amy27","Amy27 leave the chan."
2,1376561727093,"_mlb","_mlb join the chan."
32,1376562572739,"kewah","kewah leave the IRC (Quit: kewah)."
2,1376563685343,"Amatewasu","Amatewasu join the chan."
2,1376564971421,"kewah","kewah join the chan."
32,1376566127845,"oncletom","oncletom leave the IRC (Quit: Leaving.)."
2,1376570325080,"nod_","nod_ join the chan."
32,1376571493252,"kewah","kewah leave the IRC (Quit: kewah)."
2,1376575200798,"oncletom","oncletom join the chan."
32,1376575957212,"bigx","bigx leave the IRC (Quit: Ex-Chat)."
32,1376576732096,"loicfrering","loicfrering leave the IRC (Read error: Operation timed out)."
2,1376576828325,"loicfrering","loicfrering join the chan."
4,1376577632063,"nod_","nod_ leave the chan."
2,1376579791960,"nod_","nod_ join the chan."
4,1376580622048,"nod_","nod_ leave the chan."
2,1376580885452,"fbentz","fbentz join the chan."
32,1376583633536,"oncletom","oncletom leave the IRC (Quit: Leaving.)."
32,1376584036467,"MoOx","MoOx leave the IRC (Ping timeout: 245 seconds)."
2,1376584048036,"MoOx","MoOx join the chan."
32,1376584449065,"MoOx","MoOx leave the IRC (Ping timeout: 276 seconds)."
2,1376585496637,"MoOx","MoOx join the chan."
32,1376585861591,"MoOx","MoOx leave the IRC (Ping timeout: 245 seconds)."
32,1376587878330,"Tobu","Tobu leave the IRC (Remote host closed the connection)."
2,1376588252257,"Tobu","Tobu join the chan."
2,1376588775203,"nod_","nod_ join the chan."
32,1376590338235,"nod_","nod_ leave the IRC (Ping timeout: 276 seconds)."
2,1376591565172,"MoOx","MoOx join the chan."
32,1376591955186,"MoOx","MoOx leave the IRC (Ping timeout: 264 seconds)."
32,1376591965516,"Tobu","Tobu leave the IRC (Ping timeout: 246 seconds)."
2,1376592287386,"Tobu","Tobu join the chan."
2,1376593985263,"nfroidure","nfroidure join the chan."
32,1376596380237,"fbentz","fbentz leave the IRC (Quit: fbentz)."
2,1376596432336,"fbentz","fbentz join the chan."
2,1376599842229,"nod_","nod_ join the chan."
32,1376602281953,"fbentz","fbentz leave the IRC (Quit: fbentz)."
