2,1382653113973,"kud","kud join the chan."
32,1382655373407,"loicfrering","loicfrering leave the IRC (Ping timeout: 240 seconds)."
32,1382656436083,"Nyalab","Nyalab leave the IRC (Remote host closed the connection)."
2,1382656482907,"Nyalab","Nyalab join the chan."
32,1382656533880,"Nyalab","Nyalab leave the IRC (Remote host closed the connection)."
32,1382658575524,"kud","kud leave the IRC (Remote host closed the connection)."
2,1382659242143,"kud","kud join the chan."
32,1382659384377,"_kud","_kud leave the IRC (Ping timeout: 245 seconds)."
32,1382659683091,"madx`","madx` leave the IRC (Ping timeout: 256 seconds)."
2,1382660705238,"loicfrering","loicfrering join the chan."
32,1382661717918,"august1","august1 leave the IRC (Quit: august1)."
32,1382662781542,"_mlb","_mlb leave the IRC (Remote host closed the connection)."
2,1382662821129,"_mlb","_mlb join the chan."
32,1382663083187,"_mlb","_mlb leave the IRC (Ping timeout: 256 seconds)."
2,1382664697835,"bigx","bigx join the chan."
2,1382670768582,"_mlb","_mlb join the chan."
32,1382670993879,"_mlb","_mlb leave the IRC (Remote host closed the connection)."
2,1382673538589,"_mlb","_mlb join the chan."
2,1382673649736,"_mlb_","_mlb_ join the chan."
32,1382673649891,"_mlb","_mlb leave the IRC (Read error: Connection reset by peer)."
32,1382673913170,"_mlb_","_mlb_ leave the IRC (Ping timeout: 246 seconds)."
2,1382677294147,"_mlb","_mlb join the chan."
32,1382677586821,"_mlb","_mlb leave the IRC (Ping timeout: 272 seconds)."
2,1382678491335,"MoOx","MoOx join the chan."
2,1382680938574,"_mlb","_mlb join the chan."
32,1382681227448,"_mlb","_mlb leave the IRC (Ping timeout: 260 seconds)."
2,1382681792868,"devphp","devphp join the chan."
1,1382681811177,"devphp","Bonjour"
1,1382682041920,"devphp","if (meChanel.length  === 0) leaveChanel();"
32,1382682082688,"devphp","devphp leave the IRC (Client Quit)."
32,1382683819809,"nfroidure","nfroidure leave the IRC (Ping timeout: 245 seconds)."
2,1382684033431,"HammHetfield","HammHetfield join the chan."
32,1382684133516,"MoOx","MoOx leave the IRC (Remote host closed the connection)."
2,1382684572355,"nfroidure","nfroidure join the chan."
2,1382684594876,"_mlb","_mlb join the chan."
32,1382684655129,"HammHetfield","HammHetfield leave the IRC (Ping timeout: 272 seconds)."
32,1382684877484,"_mlb","_mlb leave the IRC (Ping timeout: 272 seconds)."
2,1382684951599,"goldoraf","goldoraf join the chan."
32,1382685238345,"alub","alub leave the IRC (Quit: Leaving.)."
2,1382685443095,"_mlb","_mlb join the chan."
2,1382685501587,"HammHetfield","HammHetfield join the chan."
2,1382685524587,"alub","alub join the chan."
32,1382685669626,"_mlb","_mlb leave the IRC (Read error: Connection reset by peer)."
2,1382685704297,"_mlb","_mlb join the chan."
2,1382686415534,"fbentz","fbentz join the chan."
2,1382686855677,"Nyalab","Nyalab join the chan."
2,1382687071180,"Grirrle","Grirrle join the chan."
2,1382687135438,"madx`","madx` join the chan."
32,1382687357100,"Nyalab","Nyalab leave the IRC (Remote host closed the connection)."
2,1382687393177,"Nyalab","Nyalab join the chan."
1,1382687447588,"fbentz","o/"
4,1382687718186,"Grirrle","Grirrle leave the chan."
256,1382688049032,"kud","kud changed his nick for _kud."
2,1382688217984,"MoOx","MoOx join the chan."
32,1382688299900,"fbentz","fbentz leave the IRC (Quit: fbentz)."
32,1382688371541,"_mlb","_mlb leave the IRC (Remote host closed the connection)."
2,1382688516209,"kewah","kewah join the chan."
32,1382688563630,"MoOx","MoOx leave the IRC (Ping timeout: 272 seconds)."
32,1382688563690,"HammHetfield","HammHetfield leave the IRC (Ping timeout: 260 seconds)."
2,1382688615577,"OwlyCode","OwlyCode join the chan."
2,1382688616636,"HammHetfield","HammHetfield join the chan."
2,1382688619511,"MoOx","MoOx join the chan."
2,1382689173640,"revolunet","revolunet join the chan."
2,1382690775788,"_mlb","_mlb join the chan."
2,1382691899112,"Nielk","Nielk join the chan."
32,1382692512624,"_mlb","_mlb leave the IRC (Ping timeout: 240 seconds)."
2,1382692725308,"_mlb","_mlb join the chan."
2,1382694392722,"fbentz","fbentz join the chan."
32,1382694526247,"fbentz","fbentz leave the IRC (Client Quit)."
32,1382696642557,"bobot","bobot leave the IRC (Remote host closed the connection)."
2,1382696650087,"bobot","bobot join the chan."
32,1382698304965,"_mlb","_mlb leave the IRC (Remote host closed the connection)."
2,1382698328590,"_mlb","_mlb join the chan."
32,1382698400079,"goldoraf","goldoraf leave the IRC (Ping timeout: 246 seconds)."
32,1382698639561,"_mlb","_mlb leave the IRC (Ping timeout: 272 seconds)."
32,1382698952135,"Nyalab","Nyalab leave the IRC (Remote host closed the connection)."
32,1382700827127,"kewah","kewah leave the IRC (Quit: kewah)."
2,1382702080211,"kewah","kewah join the chan."
32,1382702718932,"kewah","kewah leave the IRC (Quit: kewah)."
2,1382703404900,"kewah","kewah join the chan."
2,1382704145285,"goldoraf","goldoraf join the chan."
2,1382704184078,"Nyalab","Nyalab join the chan."
2,1382705202274,"stephCoue","stephCoue join the chan."
2,1382705530421,"_mlb","_mlb join the chan."
32,1382706208660,"Nyalab","Nyalab leave the IRC (Remote host closed the connection)."
2,1382706354440,"Nyalab","Nyalab join the chan."
32,1382706525651,"Nyalab","Nyalab leave the IRC (Remote host closed the connection)."
2,1382706560417,"Nyalab","Nyalab join the chan."
32,1382707566054,"Nyalab","Nyalab leave the IRC (Remote host closed the connection)."
2,1382707587269,"Nyalab","Nyalab join the chan."
32,1382707587559,"OwlyCode","OwlyCode leave the IRC (Quit: Quitte)."
32,1382707614491,"bobot","bobot leave the IRC (Remote host closed the connection)."
2,1382707621457,"bobot","bobot join the chan."
32,1382707688681,"bobot","bobot leave the IRC (Remote host closed the connection)."
2,1382707767882,"bobot","bobot join the chan."
32,1382707785367,"bobot","bobot leave the IRC (Remote host closed the connection)."
2,1382707836998,"bobot","bobot join the chan."
32,1382707897472,"bobot","bobot leave the IRC (Remote host closed the connection)."
2,1382707905282,"bobot","bobot join the chan."
32,1382708078238,"bobot","bobot leave the IRC (Remote host closed the connection)."
2,1382708085374,"bobot","bobot join the chan."
32,1382708751350,"Nyalab","Nyalab leave the IRC (Remote host closed the connection)."
2,1382709043556,"lionelB","lionelB join the chan."
2,1382709584495,"fbentz","fbentz join the chan."
2,1382709600874,"Nyalab","Nyalab join the chan."
32,1382710370769,"kewah","kewah leave the IRC (Quit: kewah)."
2,1382712040160,"kewah","kewah join the chan."
32,1382712453274,"Nielk","Nielk leave the IRC (Quit: Leaving.)."
2,1382713240131,"OwlyCode","OwlyCode join the chan."
2,1382714453677,"Nielk","Nielk join the chan."
32,1382715845824,"HammHetfield","HammHetfield leave the IRC (Quit: HammHetfield)."
2,1382716138561,"nicolasbadia","nicolasbadia join the chan."
2,1382717074543,"Amatewasu_","Amatewasu_ join the chan."
32,1382717126122,"Amatewasu","Amatewasu leave the IRC (Quit: WeeChat 0.4.3-dev)."
32,1382717296112,"OwlyCode","OwlyCode leave the IRC (Quit: Quitte)."
32,1382717529726,"goldoraf","goldoraf leave the IRC (Quit: Quitte)."
32,1382717764962,"Nielk","Nielk leave the IRC (Quit: Leaving.)."
32,1382718051280,"nfroidure","nfroidure leave the IRC (Read error: Connection reset by peer)."
32,1382718918064,"_mlb","_mlb leave the IRC (Remote host closed the connection)."
32,1382719174044,"kewah","kewah leave the IRC (Quit: kewah)."
32,1382719513178,"MoOx","MoOx leave the IRC (Remote host closed the connection)."
2,1382719528371,"MoOx","MoOx join the chan."
4,1382719599083,"lionelB","lionelB leave the chan."
2,1382719953705,"august1","august1 join the chan."
32,1382720212721,"august1","august1 leave the IRC (Ping timeout: 248 seconds)."
2,1382720538169,"_mlb","_mlb join the chan."
32,1382721137806,"stephCoue","stephCoue leave the IRC (undefined)."
32,1382721573913,"revolunet","revolunet leave the IRC (Quit: revolunet)."
32,1382721768939,"bigx","bigx leave the IRC (Quit: Ex-Chat)."
2,1382721797450,"bigx","bigx join the chan."
2,1382721854917,"revolunet","revolunet join the chan."
32,1382721935778,"bigx","bigx leave the IRC (Client Quit)."
32,1382722461740,"_kud","_kud leave the IRC (Remote host closed the connection)."
32,1382724881037,"Marsup","Marsup leave the IRC (Ping timeout: 260 seconds)."
2,1382725014382,"Marsup","Marsup join the chan."
2,1382725939467,"_kud","_kud join the chan."
32,1382726021826,"_mlb","_mlb leave the IRC (Remote host closed the connection)."
2,1382726053564,"_mlb","_mlb join the chan."
32,1382726328544,"_mlb","_mlb leave the IRC (Ping timeout: 265 seconds)."
32,1382728814665,"Amatewasu_","Amatewasu_ leave the IRC (Quit: WeeChat 0.4.3-dev)."
2,1382729108181,"bigx","bigx join the chan."
32,1382730401791,"revolunet","revolunet leave the IRC (Quit: revolunet)."
2,1382730506238,"revolunet","revolunet join the chan."
32,1382731033498,"_kud","_kud leave the IRC (Remote host closed the connection)."
2,1382731049033,"_kud","_kud join the chan."
2,1382731733575,"Amatewasu","Amatewasu join the chan."
32,1382735928045,"_kud","_kud leave the IRC (undefined)."
