32,1380579720085,"stephCoue","stephCoue leave the IRC (Remote host closed the connection)."
32,1380580089529,"revolunet","revolunet leave the IRC (Ping timeout: 256 seconds)."
32,1380581168477,"Marsup","Marsup leave the IRC (Ping timeout: 248 seconds)."
2,1380581575171,"revolunet","revolunet join the chan."
2,1380581780883,"Marsup","Marsup join the chan."
32,1380582551164,"Marsup","Marsup leave the IRC (Read error: Operation timed out)."
2,1380583012071,"Marsup","Marsup join the chan."
32,1380585369298,"_mlb","_mlb leave the IRC (Remote host closed the connection)."
32,1380587721360,"august1","august1 leave the IRC (Quit: august1)."
32,1380589408282,"Marlb","Marlb leave the IRC (Ping timeout: 252 seconds)."
256,1380589408313,"Marlb_","Marlb_ changed his nick for Marlb."
2,1380589981386,"Munto","Munto join the chan."
32,1380592086532,"revolunet","revolunet leave the IRC (Quit: revolunet)."
2,1380603843859,"MoOx","MoOx join the chan."
2,1380603983549,"Shahor","Shahor join the chan."
32,1380604667088,"Shahor","Shahor leave the IRC (Remote host closed the connection)."
2,1380604744823,"Shahor","Shahor join the chan."
32,1380606523172,"mab1","mab1 leave the IRC (Read error: Connection reset by peer)."
2,1380606580330,"mab1","mab1 join the chan."
32,1380606755134,"Shahor","Shahor leave the IRC (Remote host closed the connection)."
2,1380606830415,"Shahor","Shahor join the chan."
32,1380607026538,"Munto","Munto leave the IRC (Quit: Let's make things Frugal!)."
32,1380607483342,"Shahor","Shahor leave the IRC (Remote host closed the connection)."
2,1380609198197,"fbentz","fbentz join the chan."
32,1380611720813,"fbentz","fbentz leave the IRC (Quit: fbentz)."
2,1380612002227,"Grirrle","Grirrle join the chan."
2,1380612322515,"HammHetfield","HammHetfield join the chan."
2,1380612565680,"fbentz","fbentz join the chan."
2,1380612622772,"bricef","bricef join the chan."
1,1380612632141,"fbentz","Hello :)"
1,1380612679888,"bricef","salut"
32,1380613448299,"fbentz","fbentz leave the IRC (Quit: fbentz)."
2,1380613527869,"kewah","kewah join the chan."
2,1380613547659,"OwlyCode","OwlyCode join the chan."
2,1380613954263,"rhannequin","rhannequin join the chan."
2,1380615374953,"Nyalab","Nyalab join the chan."
2,1380615667815,"Shahor","Shahor join the chan."
2,1380617419951,"_mlb","_mlb join the chan."
32,1380617596615,"_mlb","_mlb leave the IRC (Read error: Connection reset by peer)."
2,1380617612300,"_mlb","_mlb join the chan."
2,1380621242455,"stephCoue","stephCoue join the chan."
2,1380622197968,"fbentz","fbentz join the chan."
2,1380622522528,"DontShootMe","DontShootMe join the chan."
32,1380623249307,"kewah","kewah leave the IRC (Quit: kewah)."
32,1380623495114,"Shahor","Shahor leave the IRC (Ping timeout: 264 seconds)."
2,1380623647971,"kewah","kewah join the chan."
32,1380623875047,"_mlb","_mlb leave the IRC (Remote host closed the connection)."
32,1380623891245,"rhannequin","rhannequin leave the IRC (Read error: Connection reset by peer)."
32,1380625918402,"stephCoue","stephCoue leave the IRC (Remote host closed the connection)."
2,1380626650284,"_mlb","_mlb join the chan."
32,1380626668024,"fbentz","fbentz leave the IRC (Quit: fbentz)."
2,1380627682857,"rhannequin","rhannequin join the chan."
2,1380627935431,"fbentz","fbentz join the chan."
32,1380628810379,"fbentz","fbentz leave the IRC (Quit: fbentz)."
2,1380629139859,"lionelB","lionelB join the chan."
2,1380629481111,"fbentz","fbentz join the chan."
32,1380629771725,"_mlb","_mlb leave the IRC (Read error: Connection reset by peer)."
2,1380629782282,"_mlb","_mlb join the chan."
32,1380630434024,"romainhuet","romainhuet leave the IRC (Ping timeout: 245 seconds)."
2,1380630571503,"Shahor","Shahor join the chan."
2,1380631520410,"rhannequin_","rhannequin_ join the chan."
32,1380631656388,"rhannequin","rhannequin leave the IRC (Ping timeout: 248 seconds)."
2,1380632569907,"nfroidure","nfroidure join the chan."
1,1380632597588,"nfroidure","lo"
32,1380633391840,"Shahor","Shahor leave the IRC (Remote host closed the connection)."
2,1380633509598,"Shahor","Shahor join the chan."
32,1380633837011,"Shahor","Shahor leave the IRC (Remote host closed the connection)."
32,1380634104471,"MoOx","MoOx leave the IRC (Remote host closed the connection)."
2,1380634149341,"Shahor","Shahor join the chan."
2,1380634164975,"MoOx","MoOx join the chan."
32,1380634331914,"MoOx","MoOx leave the IRC (Remote host closed the connection)."
2,1380634360064,"MoOx","MoOx join the chan."
32,1380634806487,"Shahor","Shahor leave the IRC (Read error: Connection reset by peer)."
32,1380634957304,"lionelB","lionelB leave the IRC (Ping timeout: 240 seconds)."
2,1380634982958,"Shahor","Shahor join the chan."
2,1380636415588,"revolunet","revolunet join the chan."
32,1380636707610,"rhannequin_","rhannequin_ leave the IRC (Ping timeout: 240 seconds)."
32,1380637417203,"Nyalab","Nyalab leave the IRC (Remote host closed the connection)."
2,1380637426656,"romainhuet","romainhuet join the chan."
32,1380637852055,"romainhuet","romainhuet leave the IRC (Read error: Operation timed out)."
32,1380637960990,"tbassetto_","tbassetto_ leave the IRC (Ping timeout: 260 seconds)."
2,1380638101026,"Nyalab","Nyalab join the chan."
32,1380643628145,"revolunet","revolunet leave the IRC (Quit: revolunet)."
32,1380644172262,"bobot","bobot leave the IRC (Remote host closed the connection)."
2,1380644179293,"bobot","bobot join the chan."
32,1380644218632,"bobot","bobot leave the IRC (Remote host closed the connection)."
2,1380644225870,"bobot","bobot join the chan."
32,1380644291023,"HammHetfield","HammHetfield leave the IRC (Quit: HammHetfield)."
32,1380644397526,"fbentz","fbentz leave the IRC (Quit: fbentz)."
32,1380644510903,"Shahor","Shahor leave the IRC (Read error: Connection reset by peer)."
2,1380644569056,"Shahor","Shahor join the chan."
32,1380644667057,"OwlyCode","OwlyCode leave the IRC (Remote host closed the connection)."
2,1380645066276,"romainhuet","romainhuet join the chan."
32,1380645227051,"kewah","kewah leave the IRC (Quit: kewah)."
32,1380645304753,"Grirrle","Grirrle leave the IRC (Quit: Leaving.)."
2,1380645927630,"Amatewasu","Amatewasu join the chan."
32,1380647623150,"Shahor","Shahor leave the IRC (Remote host closed the connection)."
2,1380647686982,"Shahor","Shahor join the chan."
32,1380648293678,"_mlb","_mlb leave the IRC (Remote host closed the connection)."
2,1380648483174,"_mlb","_mlb join the chan."
32,1380648883363,"_mlb","_mlb leave the IRC (Remote host closed the connection)."
32,1380649061358,"Nyalab","Nyalab leave the IRC (Remote host closed the connection)."
32,1380649928109,"Shahor","Shahor leave the IRC (Remote host closed the connection)."
2,1380651776030,"_mlb","_mlb join the chan."
2,1380652308596,"kud","kud join the chan."
32,1380652329229,"_mlb","_mlb leave the IRC (Read error: Connection reset by peer)."
2,1380652361597,"_mlb","_mlb join the chan."
32,1380652365502,"kud","kud leave the IRC (Remote host closed the connection)."
2,1380654208335,"kud","kud join the chan."
2,1380654979299,"august1","august1 join the chan."
2,1380656285528,"DontShootMe_","DontShootMe_ join the chan."
32,1380656546911,"DontShootMe","DontShootMe leave the IRC (*.net *.split)."
32,1380656919088,"Amatewasu","Amatewasu leave the IRC (Quit: WeeChat 0.4.2-rc2)."
32,1380657117464,"DontShootMe_","DontShootMe_ leave the IRC (Remote host closed the connection)."
2,1380658014021,"Munto","Munto join the chan."
2,1380658570526,"revolunet","revolunet join the chan."
2,1380659678641,"fbentz","fbentz join the chan."
32,1380659835036,"fbentz","fbentz leave the IRC (Client Quit)."
