32,1365552208225,"Atu","Atu leave the IRC (Quit: [\"Textual IRC Client: www.textualapp.com\"])."
32,1365552208437,"Atu","Atu leave the IRC (Quit: [\"Textual IRC Client: www.textualapp.com\"])."
32,1365556768529,"revolunet","revolunet leave the IRC (Quit: revolunet)."
32,1365556768826,"revolunet","revolunet leave the IRC (Quit: revolunet)."
2,1365570428344,"MoOx","MoOx join the chan."
2,1365570428651,"MoOx","MoOx join the chan."
2,1365576602905,"HammHetfield","HammHetfield join the chan."
2,1365576602955,"HammHetfield","HammHetfield join the chan."
2,1365576863821,"felixgilles","felixgilles join the chan."
2,1365576863980,"felixgilles","felixgilles join the chan."
2,1365577218450,"mab","mab join the chan."
2,1365577218644,"mab","mab join the chan."
2,1365578689305,"Nyalab","Nyalab join the chan."
2,1365578689544,"Nyalab","Nyalab join the chan."
2,1365579155457,"rhannequin","rhannequin join the chan."
2,1365579155555,"rhannequin","rhannequin join the chan."
1,1365579593348,"endou","Ang3: Oui j'ai utilise mutt, mais sup mail a des bons bindings vim-like et je l'ai trouve plus clair, apres il y a de l'air d'avoir bons MUA pour notmuch aussi : http://notmuchmail.org/frontends/"
1,1365579593648,"endou","Ang3: Oui j'ai utilise mutt, mais sup mail a des bons bindings vim-like et je l'ai trouve plus clair, apres il y a de l'air d'avoir bons MUA pour notmuch aussi : http://notmuchmail.org/frontends/"
1,1365579614175,"_kud","Au lieu de blablater"
1,1365579618434,"_kud","faites donc le site web francejs"
1,1365579621489,"_kud","bowdel"
1,1365579614360,"_kud","Au lieu de blablater"
1,1365579618730,"_kud","faites donc le site web francejs"
1,1365579621652,"_kud","bowdel"
1,1365579800580,"Ang3","?"
1,1365579800634,"Ang3","?"
1,1365579838305,"_kud","Non rien :D"
1,1365579843953,"_kud","Faut juste que j'pense à faire le site web"
1,1365579848188,"_kud","depuis qu'on a notre nouveau logho"
1,1365579849801,"_kud","-h"
1,1365579838542,"_kud","Non rien :D"
1,1365579844230,"_kud","Faut juste que j'pense à faire le site web"
1,1365579848472,"_kud","depuis qu'on a notre nouveau logho"
1,1365579850094,"_kud","-h"
1,1365579864555,"Ang3","ya des trucs qq part ?"
1,1365579868260,"Ang3","vous avez commencé?"
1,1365579864624,"Ang3","ya des trucs qq part ?"
1,1365579868578,"Ang3","vous avez commencé?"
1,1365579891975,"endou","_kud: Ya besoin de quoi? Faudrait ouvrir des issues :)"
1,1365579892259,"endou","_kud: Ya besoin de quoi? Faudrait ouvrir des issues :)"
1,1365579899436,"_kud",":D"
1,1365579903077,"_kud","On a déjà francejs.org"
1,1365579909043,"_kud","mais faut maintenant bcp bcp bcp l'améliorer"
1,1365579899746,"_kud",":D"
1,1365579903262,"_kud","On a déjà francejs.org"
1,1365579909205,"_kud","mais faut maintenant bcp bcp bcp l'améliorer"
1,1365579916587,"endou",":p"
1,1365579919841,"madx`","vu le temps que ça a pris pour le logo on va rigoler pour le site :D"
2,1365579923391,"Atu","Atu join the chan."
1,1365579924786,"_kud","haha"
1,1365579925491,"_kud","oui"
1,1365579926112,"Ang3","ya une todo list qq part"
1,1365579916385,"endou",":p"
1,1365579920009,"madx`","vu le temps que ça a pris pour le logo on va rigoler pour le site :D"
2,1365579923531,"Atu","Atu join the chan."
1,1365579924591,"_kud","haha"
1,1365579925313,"_kud","oui"
1,1365579926256,"Ang3","ya une todo list qq part"
1,1365579932945,"_kud","Nope"
1,1365579935977,"_kud","on pourrait"
1,1365579936968,"madx`","Ang3: y'a des threads sur le groupe google"
1,1365579940152,"_kud","oui"
1,1365579941212,"_kud","y'a ca"
1,1365579933240,"_kud","Nope"
1,1365579936234,"_kud","on pourrait"
1,1365579936773,"madx`","Ang3: y'a des threads sur le groupe google"
1,1365579940360,"_kud","oui"
1,1365579941363,"_kud","y'a ca"
1,1365579953914,"endou","http://huboard.com/"
1,1365579954144,"endou","http://huboard.com/"
1,1365579964172,"_kud","for the win"
1,1365579964631,"_kud",":D"
1,1365579964341,"_kud","for the win"
1,1365579964837,"_kud",":D"
1,1365580064185,"madx`","c'est vrai que c'est pas mal huboard"
1,1365580064321,"madx`","c'est vrai que c'est pas mal huboard"
1,1365580074158,"madx`","je propose que les gens répondent au thread sur la ML :D"
1,1365580074273,"madx`","je propose que les gens répondent au thread sur la ML :D"
1,1365580090898,"endou","J'vais aller voir ce midi ou quand j'ai 5min"
1,1365580093232,"_kud","perso j'suis sur le site web, les 'tites annonces, et le google maps"
1,1365580091197,"endou","J'vais aller voir ce midi ou quand j'ai 5min"
1,1365580093522,"_kud","perso j'suis sur le site web, les 'tites annonces, et le google maps"
1,1365580104259,"_kud","google maps des meetups en \"temps réel\""
1,1365580104407,"_kud","google maps des meetups en \"temps réel\""
1,1365580327170,"endou","Oh j'suis tombe sur ca : https://github.com/toolkitchen/mdv"
1,1365580327413,"endou","Oh j'suis tombe sur ca : https://github.com/toolkitchen/mdv"
2,1365581403356,"revolunet","revolunet join the chan."
2,1365581403474,"revolunet","revolunet join the chan."
32,1365582738141,"revolunet","revolunet leave the IRC (Quit: revolunet)."
32,1365582738229,"revolunet","revolunet leave the IRC (Quit: revolunet)."
2,1365584518361,"revolunet","revolunet join the chan."
2,1365584518549,"revolunet","revolunet join the chan."
1,1365588086593,"Ang3","bien cool mdv, tu as testé ?"
1,1365588086792,"Ang3","bien cool mdv, tu as testé ?"
32,1365589951612,"felixgilles","felixgilles leave the IRC (Quit: Konversation terminated!)."
32,1365589951738,"felixgilles","felixgilles leave the IRC (Quit: Konversation terminated!)."
32,1365591747545,"rhannequin","rhannequin leave the IRC (Ping timeout: 245 seconds)."
32,1365591747785,"rhannequin","rhannequin leave the IRC (Ping timeout: 245 seconds)."
1,1365591801338,"endou","Ang3: Pas encore mais ca va pas tarder :)"
1,1365591801488,"endou","Ang3: Pas encore mais ca va pas tarder :)"
1,1365592795296,"_kud","Auriez-vous une idée de comment faire pour que backbone comprenne les routes sans # ?"
1,1365592800171,"_kud","et je veux pas de pushstate"
1,1365592795478,"_kud","Auriez-vous une idée de comment faire pour que backbone comprenne les routes sans # ?"
1,1365592800407,"_kud","et je veux pas de pushstate"
1,1365592806680,"_kud","c'est pour faire du mapping de page"
1,1365592806935,"_kud","c'est pour faire du mapping de page"
1,1365592957245,"endou","Pas sur que ce soit possible sans le pushstate"
1,1365592957406,"endou","Pas sur que ce soit possible sans le pushstate"
1,1365593549131,"_kud","le probleme si je mets le pushstate"
1,1365593549372,"_kud","le probleme si je mets le pushstate"
1,1365593556582,"_kud","ca transforme television en #television sous ie"
1,1365593558410,"_kud","et ca fout la merde"
1,1365593556880,"_kud","ca transforme television en #television sous ie"
1,1365593558685,"_kud","et ca fout la merde"
1,1365594716722,"madx`","hello"
1,1365594719266,"madx`","enfin re"
1,1365594716865,"madx`","hello"
1,1365594719398,"madx`","enfin re"
1,1365594794627,"madx`","_kud: http://lebeaudelairenouveau.blog.fr/2012/09/27/la-passion-d-adblock-playtv-fr-n-y-resiste-pas-14888505/ :)"
1,1365594794684,"madx`","_kud: http://lebeaudelairenouveau.blog.fr/2012/09/27/la-passion-d-adblock-playtv-fr-n-y-resiste-pas-14888505/ :)"
1,1365594809918,"_kud","c'est vieux ca"
1,1365594812917,"_kud","j'l'ai baisé le mec`"
1,1365594810095,"_kud","c'est vieux ca"
1,1365594813145,"_kud","j'l'ai baisé le mec`"
1,1365594826964,"madx`","justement je crois bien qu'il a trouvé une facon de contourner ce que tu as mis en place"
1,1365594827140,"madx`","justement je crois bien qu'il a trouvé une facon de contourner ce que tu as mis en place"
1,1365594840355,"madx`"," La méthode ne fonctionne plus (apparemment depuis au moins 2 semaines, nous sommes le 10 mars et j'ai reçu un MP non lu), une nouvelle méthode sera disponible dès que possible et pour tous ceux qui en feront la demande par MP."
1,1365594840427,"madx`"," La méthode ne fonctionne plus (apparemment depuis au moins 2 semaines, nous sommes le 10 mars et j'ai reçu un MP non lu), une nouvelle méthode sera disponible dès que possible et pour tous ceux qui en feront la demande par MP."
1,1365594854053,"_kud","Haha okay"
1,1365594854241,"_kud","Haha okay"
1,1365594893729,"madx`","il te reste plus qu'à envoyer un mp :D"
1,1365594893916,"madx`","il te reste plus qu'à envoyer un mp :D"
1,1365594917731,"_kud","grave"
1,1365594917995,"_kud","grave"
32,1365594990352,"Shahor","Shahor leave the IRC (Remote host closed the connection)."
32,1365594990640,"Shahor","Shahor leave the IRC (Remote host closed the connection)."
2,1365595022401,"Shahor","Shahor join the chan."
2,1365595022605,"Shahor","Shahor join the chan."
1,1365595055948,"_kud","J'me sens si seul sur Twitter en ce moment"
1,1365595056157,"_kud","J'me sens si seul sur Twitter en ce moment"
1,1365595064187,"_kud","Soit mes questions sont pas claires, soit personne n'a de réponse"
1,1365595064454,"_kud","Soit mes questions sont pas claires, soit personne n'a de réponse"
1,1365595179164,"madx`","je crois que c'est pas clair"
1,1365595179287,"madx`","je crois que c'est pas clair"
1,1365595188987,"madx`","il manque des mots dans ton anglais"
1,1365595189109,"madx`","il manque des mots dans ton anglais"
1,1365595974737,"_kud","j'en chie un peu là"
1,1365595975056,"_kud","j'en chie un peu là"
2,1365597380615,"HammHetfield_","HammHetfield_ join the chan."
32,1365597384909,"HammHetfield","HammHetfield leave the IRC (Ping timeout: 252 seconds)."
256,1365597385113,"HammHetfield_","HammHetfield_ changed his nick for HammHetfield."
2,1365597380765,"HammHetfield_","HammHetfield_ join the chan."
32,1365597385072,"HammHetfield","HammHetfield leave the IRC (Ping timeout: 252 seconds)."
256,1365597385237,"HammHetfield_","HammHetfield_ changed his nick for HammHetfield."
2,1365598989140,"Nyalab_","Nyalab_ join the chan."
2,1365598989578,"Nyalab_","Nyalab_ join the chan."
32,1365599100432,"Nyalab","Nyalab leave the IRC (Ping timeout: 246 seconds)."
32,1365599100668,"Nyalab","Nyalab leave the IRC (Ping timeout: 246 seconds)."
2,1365599846528,"Amatewasu","Amatewasu join the chan."
2,1365599846587,"Amatewasu","Amatewasu join the chan."
1,1365599986413,"nfroidure","Non mais le support OVH faut faire quoi pour qu'il comprenne ce qu'on lui demande ?"
1,1365599986462,"nfroidure","Non mais le support OVH faut faire quoi pour qu'il comprenne ce qu'on lui demande ?"
1,1365600014880,"HammHetfield","support, OVH, comprendre"
1,1365600017721,"HammHetfield","en une seule phrase"
1,1365600021437,"HammHetfield","mmm..."
1,1365600015049,"HammHetfield","support, OVH, comprendre"
1,1365600017897,"HammHetfield","en une seule phrase"
1,1365600021490,"HammHetfield","mmm..."
1,1365600384189,"nfroidure",":D"
1,1365600384288,"nfroidure",":D"
1,1365600396412,"nfroidure","C'est du support off-shore ?"
1,1365600396523,"nfroidure","C'est du support off-shore ?"
1,1365600409840,"nfroidure","(support commercial, je précise)"
1,1365600409932,"nfroidure","(support commercial, je précise)"
1,1365600645449,"HammHetfield","je sais pas"
1,1365600648804,"HammHetfield","c'est just OVH quoi"
1,1365600645627,"HammHetfield","je sais pas"
1,1365600648919,"HammHetfield","c'est just OVH quoi"
1,1365600678606,"HammHetfield","la tronche de leur \"manager\", le délai pour des actions qui devraient être automatiques..."
1,1365600678741,"HammHetfield","la tronche de leur \"manager\", le délai pour des actions qui devraient être automatiques..."
1,1365600690954,"HammHetfield","j'aime pas"
1,1365600690996,"HammHetfield","j'aime pas"
1,1365602391056,"nfroidure","J'avoue que j'ai jamais cherché à aller voir ailleurs. Je vois rien de plus attirant."
1,1365602391230,"nfroidure","J'avoue que j'ai jamais cherché à aller voir ailleurs. Je vois rien de plus attirant."
1,1365602667860,"HammHetfield","alwaysdata"
1,1365602670858,"HammHetfield","tellement sexy"
1,1365602674686,"HammHetfield","beaucoup plus cher par contre"
1,1365602667902,"HammHetfield","alwaysdata"
1,1365602671033,"HammHetfield","tellement sexy"
1,1365602674760,"HammHetfield","beaucoup plus cher par contre"
1,1365602690603,"HammHetfield","mais ils font de l'info-gérance, ça m'arrange je suis un grosse bille pour tous les trucs côté serveur"
1,1365602690789,"HammHetfield","mais ils font de l'info-gérance, ça m'arrange je suis un grosse bille pour tous les trucs côté serveur"
1,1365602699039,"HammHetfield","et ils ont un support sur IRC, et ça c'est über classe"
1,1365602702526,"HammHetfield","et ils sont réactifs"
1,1365602699130,"HammHetfield","et ils ont un support sur IRC, et ça c'est über classe"
1,1365602702684,"HammHetfield","et ils sont réactifs"
1,1365602756252,"nfroidure","En l'occurrence, mon problème c'est avec les domaines."
1,1365602756303,"nfroidure","En l'occurrence, mon problème c'est avec les domaines."
1,1365602778920,"nfroidure","Le support irc, c'est vrai que c'est classe :)"
1,1365602779076,"nfroidure","Le support irc, c'est vrai que c'est classe :)"
1,1365602902294,"HammHetfield","ils ont une offre gratuite (limitée en espace à mort) où tu as quand même accès ssh, php python mongodb mysql pgsql etc etc"
1,1365602902301,"HammHetfield","ils ont une offre gratuite (limitée en espace à mort) où tu as quand même accès ssh, php python mongodb mysql pgsql etc etc"
1,1365602908577,"HammHetfield","bref niveau techno et support ils sont tops"
1,1365602908825,"HammHetfield","bref niveau techno et support ils sont tops"
1,1365602920583,"HammHetfield","ça a un prix mais bon… OVH me saoulait..."
1,1365602920685,"HammHetfield","ça a un prix mais bon… OVH me saoulait..."
1,1365605532541,"madx`","nfroidure: evolix"
1,1365605532610,"madx`","nfroidure: evolix"
1,1365605548497,"madx`","c'est des copains, support irc, infogérance de qualité et réactive"
1,1365605548562,"madx`","c'est des copains, support irc, infogérance de qualité et réactive"
1,1365605745943,"madx`","#evolix sur Freenode :)"
1,1365605746080,"madx`","#evolix sur Freenode :)"
1,1365605878192,"nfroidure","déléguer l'infogérance, c'est hot. J'ai essayé une fois, j'ai eu que des emmerdements"
1,1365605878220,"nfroidure","déléguer l'infogérance, c'est hot. J'ai essayé une fois, j'ai eu que des emmerdements"
1,1365605912554,"madx`","nfroidure: evolix ils te permettent de participer à l'info gérance"
1,1365605912689,"madx`","nfroidure: evolix ils te permettent de participer à l'info gérance"
32,1365606764474,"Ang3","Ang3 leave the IRC (Quit: Lost terminal)."
32,1365606764599,"Ang3","Ang3 leave the IRC (Quit: Lost terminal)."
2,1365606790594,"Ang3","Ang3 join the chan."
2,1365606790658,"Ang3","Ang3 join the chan."
32,1365608800704,"mab","mab leave the IRC (Quit: Leaving.)."
32,1365608800952,"mab","mab leave the IRC (Quit: Leaving.)."
2,1365609075649,"mab","mab join the chan."
2,1365609075917,"mab","mab join the chan."
32,1365609508485,"HammHetfield","HammHetfield leave the IRC (Quit: HammHetfield)."
32,1365609509324,"HammHetfield","HammHetfield leave the IRC (Quit: HammHetfield)."
32,1365609902565,"Amatewasu","Amatewasu leave the IRC (Ping timeout: 260 seconds)."
32,1365609902662,"Amatewasu","Amatewasu leave the IRC (Ping timeout: 260 seconds)."
2,1365610300601,"Amatewasu","Amatewasu join the chan."
2,1365610300826,"Amatewasu","Amatewasu join the chan."
32,1365614168028,"revolunet","revolunet leave the IRC (Quit: revolunet)."
32,1365614168220,"revolunet","revolunet leave the IRC (Quit: revolunet)."
32,1365619457969,"MoOx","MoOx leave the IRC (Remote host closed the connection)."
32,1365619458149,"MoOx","MoOx leave the IRC (Remote host closed the connection)."
32,1365620695075,"Amatewasu","Amatewasu leave the IRC (Quit: WeeChat 0.4.1-dev)."
32,1365620695294,"Amatewasu","Amatewasu leave the IRC (Quit: WeeChat 0.4.1-dev)."
2,1365624981953,"Xartok","Xartok join the chan."
2,1365624982163,"Xartok","Xartok join the chan."
32,1365625015464,"Xartok","Xartok leave the IRC (Client Quit)."
32,1365625015760,"Xartok","Xartok leave the IRC (Client Quit)."
2,1365625045405,"Xartok","Xartok join the chan."
2,1365625045524,"Xartok","Xartok join the chan."
32,1365625127265,"Xartok","Xartok leave the IRC (Client Quit)."
32,1365625127364,"Xartok","Xartok leave the IRC (Client Quit)."
2,1365629832191,"revolunet","revolunet join the chan."
2,1365629832302,"revolunet","revolunet join the chan."
