32,1372198046152,"euskadi31","euskadi31 leave the IRC (Quit: WeeChat 0.4.0)."
2,1372198340784,"_mlb","_mlb join the chan."
2,1372199199792,"stephCoue","stephCoue join the chan."
32,1372202342766,"Amatewasu","Amatewasu leave the IRC (Quit: WeeChat 0.4.2-dev)."
2,1372205650241,"revolunet","revolunet join the chan."
32,1372208975919,"revolunet","revolunet leave the IRC (Quit: revolunet)."
32,1372211915384,"stephCoue","stephCoue leave the IRC (Remote host closed the connection)."
2,1372211947236,"stephCoue","stephCoue join the chan."
32,1372212206230,"stephCoue","stephCoue leave the IRC (Ping timeout: 240 seconds)."
2,1372214933318,"Munto","Munto join the chan."
2,1372216174810,"stephCoue","stephCoue join the chan."
32,1372216456438,"stephCoue","stephCoue leave the IRC (Ping timeout: 246 seconds)."
2,1372224503808,"MoOx","MoOx join the chan."
2,1372224563691,"Nyalab","Nyalab join the chan."
32,1372225489378,"Munto","Munto leave the IRC (Quit: Let's make things Frugal!)."
32,1372227222832,"Tobu","Tobu leave the IRC (Ping timeout: 256 seconds)."
2,1372227327747,"Tobu","Tobu join the chan."
2,1372228710785,"HammHetfield","HammHetfield join the chan."
1,1372229135590,"nfroidure","lo"
1,1372229268272,"Grirrle","plop"
2,1372230462436,"felixgilles","felixgilles join the chan."
32,1372231208632,"MoOx","MoOx leave the IRC (Remote host closed the connection)."
2,1372231280974,"revolunet","revolunet join the chan."
1,1372231518004,"bricef","hello"
1,1372232053619,"revolunet","ola"
32,1372233112869,"_mlb","_mlb leave the IRC (Remote host closed the connection)."
2,1372233795928,"rhannequin","rhannequin join the chan."
2,1372235987093,"_mlb","_mlb join the chan."
32,1372236240249,"_mlb","_mlb leave the IRC (Ping timeout: 252 seconds)."
32,1372236312603,"Shahor","Shahor leave the IRC (Remote host closed the connection)."
32,1372236995701,"rhannequin","rhannequin leave the IRC (Remote host closed the connection)."
2,1372238180210,"Shahor","Shahor join the chan."
2,1372238630311,"lionelB","lionelB join the chan."
2,1372241341346,"HammHetfield_","HammHetfield_ join the chan."
32,1372241539248,"HammHetfield","HammHetfield leave the IRC (Ping timeout: 256 seconds)."
256,1372241539427,"HammHetfield_","HammHetfield_ changed his nick for HammHetfield."
2,1372242199773,"stephCoue","stephCoue join the chan."
1,1372242597795,"angezanetti","ol"
2,1372242597860,"rhannequin","rhannequin join the chan."
256,1372243106173,"lionelB","lionelB changed his nick for lionelB_miam."
2,1372243525620,"Amatewasu","Amatewasu join the chan."
32,1372243688847,"rhannequin","rhannequin leave the IRC (Remote host closed the connection)."
1,1372245142358,"bricef","lo"
1,1372245319906,"_kud","lo"
1,1372245572075,"_kud","nfroidure: quid de mettre le logo de francejs sur notre avatar twitter ?"
1,1372245579495,"_kud","en petit en bas a droite"
1,1372245819772,"nfroidure","Bone idée"
1,1372245822940,"nfroidure","*n"
1,1372245858225,"nfroidure","Déjà, faudrait que je change mon avatar :/"
1,1372245918210,"_kud","ou sinon on le met dans la bio"
1,1372245932129,"_kud","co-founder of francejs je mets ?"
1,1372245966379,"nfroidure","Ma bio est déjà rik-rak"
1,1372245977073,"_kud","je mets ca tiens"
1,1372245977586,"_kud","hop"
1,1372246193425,"_kud","nfroidure: il faudrait que l'on propose un contre apero francejs a parisweb peut être ?"
1,1372246204762,"_kud","ca permettrait de nous réunir"
1,1372246211297,"_kud","et perso j'irai pas a l'apero parisweb"
1,1372246299532,"_kud","\"Nous sommes en train de réfléchir à un apéro francejs durant parisweb. Nous ne voudrions pas vous priver de leur apéro mais serait-vous contre le faire en même temps ?\""
1,1372246312703,"_kud","pour des raisons de logistique :)"
1,1372246348420,"nfroidure","Je serais pas là à Paris Web sauf miracle ;)"
1,1372246353853,"_kud","ha ouais ?"
1,1372246354753,"_kud","snif :("
1,1372246377915,"nfroidure","J'ai préféré miser sur les confs JS"
1,1372246384571,"_kud","je fais aussi dotjs"
1,1372246390639,"nfroidure","ParisWeb est trop généraliste"
1,1372246410008,"_kud","j'avoue"
1,1372246414474,"_kud","mais ca me redonne la peche en général"
1,1372246457581,"nfroidure","Oui, mais deux jours juste pour ça :/"
1,1372246464000,"_kud","Ouais"
1,1372246469471,"_kud","j'avoue j'y vais parce que je suis a paris :)"
1,1372246472112,"nfroidure","J'irai peut-être aux ateliers"
1,1372246483910,"nfroidure","C'est le samedi et y'a plus de technique"
1,1372246488738,"_kud","yep gros"
1,1372246503334,"_kud","mais je voulais organiser un apero parce que parisweb les gens se deplacent de partout en france"
1,1372246507768,"_kud","mais dotjs aussi surement"
1,1372246627602,"nfroidure","Après, ça me gène pas de pas être de la partie, je te fais confiance."
1,1372246635009,"_kud","oui"
1,1372246649229,"nfroidure","Maintenant, fait un truc en même temps que l'apéro ParisWeb, c'est un risque de bide ;)"
1,1372246655677,"_kud","completement"
1,1372246655725,"nfroidure","*faire"
1,1372246686382,"nfroidure","Alors que un apéro DotJS spécial FranceJS ;)"
1,1372246692913,"_kud","je propose les deux"
1,1372246696502,"_kud","en privilégiant dotjs"
1,1372246960120,"_kud","et merde nfroidure"
1,1372246964542,"_kud","j'aurais pas du tweeter pendant la bouffe"
1,1372246966158,"_kud","personne répond"
1,1372246996636,"nfroidure","Je sais ce que c'est, j'ai twitté dimanche ci :)"
1,1372247032817,"_kud","rofl"
1,1372247036143,"_kud","je vois :p"
1,1372247047861,"nfroidure","https://twitter.com/nfroidure/status/348754425675919361"
1,1372247049874,"bobot","nfroidure: Who said innovation wasn't possible anymore in Lorem Ipsum Generators ? http://jsfiddle.net/XVyYZ/  #lorem #ipsum #awesome"
2,1372248141654,"_mlb","_mlb join the chan."
2,1372253984499,"showtim34","showtim34 join the chan."
32,1372255219073,"bobot","bobot leave the IRC (Remote host closed the connection)."
2,1372255552185,"bobot","bobot join the chan."
32,1372255579086,"bobot","bobot leave the IRC (Remote host closed the connection)."
2,1372255923298,"bobot","bobot join the chan."
32,1372257253792,"_mlb","_mlb leave the IRC (Read error: Connection reset by peer)."
2,1372257276379,"_mlb","_mlb join the chan."
2,1372259491279,"MoOx","MoOx join the chan."
32,1372260666350,"revolunet","revolunet leave the IRC (Quit: revolunet)."
1,1372263318108,"bricef","17 personnes inscrites pour le premier mtpjs :)"
32,1372263333443,"felixgilles","felixgilles leave the IRC (Quit: Konversation terminated!)."
1,1372263387728,"_kud","yeaaah"
1,1372263390146,"_kud","ca rocks ca"
2,1372263909158,"euskadi31","euskadi31 join the chan."
32,1372264228792,"stephCoue","stephCoue leave the IRC (Remote host closed the connection)."
2,1372264259153,"stephCoue","stephCoue join the chan."
32,1372264400219,"stephCoue","stephCoue leave the IRC (Read error: No route to host)."
2,1372264423824,"stephCoue","stephCoue join the chan."
32,1372265711500,"stephCoue","stephCoue leave the IRC (Read error: Connection reset by peer)."
2,1372265736594,"stephCoue","stephCoue join the chan."
32,1372266023693,"stephCoue","stephCoue leave the IRC (Ping timeout: 264 seconds)."
32,1372266921027,"HammHetfield","HammHetfield leave the IRC (Quit: HammHetfield)."
32,1372266974663,"Nyalab","Nyalab leave the IRC (Remote host closed the connection)."
2,1372268683887,"euskadi31_","euskadi31_ join the chan."
32,1372268788271,"euskadi31","euskadi31 leave the IRC (Ping timeout: 240 seconds)."
32,1372271809416,"_mlb","_mlb leave the IRC (Remote host closed the connection)."
2,1372272345217,"stephCoue","stephCoue join the chan."
2,1372273094596,"_mlb","_mlb join the chan."
256,1372274211152,"lionelB_miam","lionelB_miam changed his nick for lionelB."
32,1372276641082,"showtim34","showtim34 leave the IRC (Remote host closed the connection)."
4,1372282194539,"lionelB","lionelB leave the chan."
2,1372282676835,"Munto","Munto join the chan."
32,1372283970928,"euskadi31_","euskadi31_ leave the IRC (Quit: WeeChat 0.4.0)."
