32,1374369287547,"Tobu","Tobu leave the IRC (Remote host closed the connection)."
2,1374369306991,"Tobu","Tobu join the chan."
32,1374369355146,"Munto","Munto leave the IRC (Excess Flood)."
2,1374369412641,"Munto","Munto join the chan."
32,1374375921435,"Munto","Munto leave the IRC (Quit: Let's make things Frugal!)."
2,1374403802689,"Atu","Atu join the chan."
32,1374403814959,"Atu","Atu leave the IRC (Client Quit)."
2,1374409769415,"Munto","Munto join the chan."
2,1374417755962,"Nyalab_","Nyalab_ join the chan."
32,1374417926656,"Nyalab","Nyalab leave the IRC (Ping timeout: 260 seconds)."
32,1374425947283,"Amatewasu","Amatewasu leave the IRC (Quit: WeeChat 0.4.2-dev)."
32,1374432641669,"romainhuet","romainhuet leave the IRC (*.net *.split)."
2,1374433250387,"romainhuet","romainhuet join the chan."
18,1374434784351,"Marionnette1","Marionnette1 join the chan."
8,1374434784391,"_kud","_kud change topic to \"Communauté française des utilisateurs de JavaScript | Site : http://francejs.org\""
2,1374434844472,"synbioz1","synbioz1 join the chan."
32,1374435094762,"synbioz","synbioz leave the IRC (*.net *.split)."
32,1374435095503,"Marionnette","Marionnette leave the IRC (*.net *.split)."
2,1374436818682,"NiKo`_","NiKo`_ join the chan."
2,1374436923233,"romainhuet_","romainhuet_ join the chan."
32,1374437052493,"romainhuet","romainhuet leave the IRC (Ping timeout: 264 seconds)."
256,1374437060326,"romainhuet_","romainhuet_ changed his nick for romainhuet."
32,1374437077256,"oz","oz leave the IRC (*.net *.split)."
32,1374437077812,"NiKo`","NiKo` leave the IRC (*.net *.split)."
256,1374437079852,"NiKo`_","NiKo`_ changed his nick for NiKo`."
2,1374437268258,"oz","oz join the chan."
32,1374437474359,"Marsup","Marsup leave the IRC (Ping timeout: 240 seconds)."
2,1374437493933,"Marsup`","Marsup` join the chan."
2,1374440357751,"bloddd","bloddd join the chan."
1,1374440384770,"bloddd","je viens de trouver un blog qui debute, bien sympa pour ceux que ca interesse, ca parle de front end et de cuisine :)"
1,1374440385737,"bloddd","http://epokk.github.io/"
1,1374440411142,"bloddd","et voici le profil twitter de l'auteur"
1,1374440411678,"bloddd","https://twitter.com/_PandaJS"
32,1374442437494,"Tobu","Tobu leave the IRC (Ping timeout: 256 seconds)."
32,1374442816867,"bloddd","bloddd leave the IRC (Ping timeout: 250 seconds)."
