32,1367711985036,"revolunet","revolunet leave the IRC (Quit: revolunet)."
2,1367712190731,"revolunet","revolunet join the chan."
32,1367712595069,"revolunet","revolunet leave the IRC (Quit: revolunet)."
32,1367712719740,"Amatewasu","Amatewasu leave the IRC (Remote host closed the connection)."
32,1367717735346,"euskadi31","euskadi31 leave the IRC (Quit: WeeChat 0.4.0)."
2,1367717781044,"euskadi31","euskadi31 join the chan."
32,1367718761375,"bigx","bigx leave the IRC (Ping timeout: 245 seconds)."
2,1367725345696,"bigx","bigx join the chan."
2,1367730664460,"MoOx","MoOx join the chan."
32,1367732218516,"MoOx","MoOx leave the IRC (Remote host closed the connection)."
1,1367742069847,"nfroidure","Ça permet d'avoir un peu d'inspiration/bonne parole en cas de creux :)"
1,1367742077135,"nfroidure","Marionnette, quote"
17,1367742077748,"Marionnette","I'm not in favor of senseless Micro$oft bashing. I'm in favor of bashing
Micro$oft senseless. 

   -- From a Slashdot.org post"
17,1367742077748,"Marionnette","Source: http://iheartquotes.com/fortune/show/8346"
1,1367742093122,"nfroidure","Ou d'humour :D"
528,1367745082582,"Marionnette","Twitter.com#francejs - @chtijs: Piloter son RaspberryPi en JavaScript, dans le navigateur : http://t.co/CSibJnaqNL #francejs"
2,1367747758248,"kewah","kewah join the chan."
2,1367748636308,"Amatewasu","Amatewasu join the chan."
2,1367748893837,"angezane1ti","angezane1ti join the chan."
32,1367749147773,"angezanetti","angezanetti leave the IRC (Ping timeout: 248 seconds)."
32,1367749763632,"Marsup","Marsup leave the IRC (*.net *.split)."
2,1367749778170,"Marsup","Marsup join the chan."
32,1367750096382,"Marsup","Marsup leave the IRC (*.net *.split)."
32,1367750099587,"oz","oz leave the IRC (Ping timeout: 255 seconds)."
2,1367750101674,"oz","oz join the chan."
32,1367750163218,"Amatewasu","Amatewasu leave the IRC (*.net *.split)."
32,1367750164286,"fuse","fuse leave the IRC (*.net *.split)."
32,1367750164793,"mab1","mab1 leave the IRC (*.net *.split)."
32,1367750167954,"CrEv","CrEv leave the IRC (*.net *.split)."
32,1367750169437,"ChanServ","ChanServ leave the IRC (*.net *.split)."
32,1367750169614,"oz","oz leave the IRC (*.net *.split)."
32,1367750170495,"euskadi31","euskadi31 leave the IRC (*.net *.split)."
32,1367750171054,"NiKo`","NiKo` leave the IRC (*.net *.split)."
2,1367750174036,"Marsup","Marsup join the chan."
2,1367750342574,"oz","oz join the chan."
2,1367750342753,"Amatewasu","Amatewasu join the chan."
2,1367750342753,"euskadi31","euskadi31 join the chan."
2,1367750342753,"mab1","mab1 join the chan."
2,1367750342754,"fuse","fuse join the chan."
2,1367750342754,"CrEv","CrEv join the chan."
2,1367750342754,"NiKo`","NiKo` join the chan."
2,1367750342754,"ChanServ","ChanServ join the chan."
2,1367752706093,"revolunet","revolunet join the chan."
32,1367753033311,"CrEv","CrEv leave the IRC (Ping timeout: 245 seconds)."
32,1367754086115,"NiKo`","NiKo` leave the IRC (Quit: So long.)."
2,1367754730910,"NiKo`","NiKo` join the chan."
2,1367755658170,"_kud","_kud join the chan."
2,1367756310281,"MoOx","MoOx join the chan."
32,1367757005054,"revolunet","revolunet leave the IRC (Quit: revolunet)."
32,1367757377886,"MoOx","MoOx leave the IRC (Remote host closed the connection)."
2,1367758518686,"CrEv","CrEv join the chan."
32,1367761412639,"kewah","kewah leave the IRC (Quit: kewah)."
2,1367763969753,"kewah","kewah join the chan."
4,1367764876461,"CrEv","CrEv leave the chan."
2,1367768986479,"august1","august1 join the chan."
32,1367769277667,"august1","august1 leave the IRC (Client Quit)."
2,1367770374376,"august1","august1 join the chan."
1,1367771095163,"nfroidure","22 utilisateurs, le dimanche :) #nolife"
32,1367776183113,"august1","august1 leave the IRC (Quit: august1)."
2,1367777278064,"revolunet","revolunet join the chan."
32,1367777774003,"_kud","_kud leave the IRC (Quit: Leaving)."
2,1367777935392,"august1","august1 join the chan."
32,1367778534543,"kewah","kewah leave the IRC (Read error: Connection reset by peer)."
2,1367778787903,"kewah","kewah join the chan."
32,1367780015910,"kewah","kewah leave the IRC (Quit: kewah)."
2,1367780950547,"kewah","kewah join the chan."
2,1367781599197,"MoOx","MoOx join the chan."
32,1367781902664,"august1","august1 leave the IRC (Quit: august1)."
32,1367781912962,"kewah","kewah leave the IRC (Quit: kewah)."
32,1367782069469,"MoOx","MoOx leave the IRC (Remote host closed the connection)."
2,1367784592556,"august1","august1 join the chan."
32,1367785841025,"revolunet","revolunet leave the IRC (Quit: revolunet)."
32,1367786955085,"Amatewasu","Amatewasu leave the IRC (Remote host closed the connection)."
256,1367787124664,"angezane1ti","angezane1ti changed his nick for angezanetti."
2,1367789200069,"stephCoue","stephCoue join the chan."
