2,1372459500365,"nfroidure","nfroidure join the chan."
32,1372461845569,"Munto","Munto leave the IRC (Remote host closed the connection)."
2,1372462013546,"Munto","Munto join the chan."
32,1372463132812,"euskadi31","euskadi31 leave the IRC (Quit: WeeChat 0.4.0)."
32,1372484318285,"nfroidure","nfroidure leave the IRC (Read error: Operation timed out)."
2,1372489635459,"nfroidure","nfroidure join the chan."
32,1372490918686,"bigx","bigx leave the IRC (Ping timeout: 276 seconds)."
2,1372491003611,"bigx","bigx join the chan."
32,1372492296529,"nfroidure","nfroidure leave the IRC (Ping timeout: 256 seconds)."
2,1372492700599,"nfroidure","nfroidure join the chan."
32,1372493701011,"nfroidure","nfroidure leave the IRC (Read error: Operation timed out)."
2,1372493852788,"nfroidure","nfroidure join the chan."
18,1372493981639,"Marionnette","Marionnette join the chan."
8,1372493981697,"_kud","_kud change topic to \"Communauté française des utilisateurs de JavaScript | Site : http://francejs.org\""
17,1372494004779,"Marionnette","nfroidure: 'test'"
32,1372495197379,"Amatewasu","Amatewasu leave the IRC (Quit: WeeChat 0.4.2-dev)."
2,1372496346715,"Amatewasu","Amatewasu join the chan."
2,1372499940827,"showtim34","showtim34 join the chan."
32,1372500621310,"DontShootMe","DontShootMe leave the IRC (Read error: Connection reset by peer)."
32,1372503316859,"mab","mab leave the IRC (Quit: Leaving.)."
2,1372504689503,"_kud","_kud join the chan."
2,1372508910569,"MoOx","MoOx join the chan."
2,1372509039620,"rhannequin","rhannequin join the chan."
2,1372509283875,"cccccccccccccccc","cccccccccccccccc join the chan."
1,1372509305636,"cccccccccccccccc","hello"
1,1372509329612,"cccccccccccccccc","personne"
1,1372509377752,"cccccccccccccccc","ctout"
4,1372509482883,"cccccccccccccccc","cccccccccccccccc leave the chan."
2,1372509559474,"kud","kud join the chan."
32,1372509561741,"kud","kud leave the IRC (Remote host closed the connection)."
32,1372510013464,"MoOx","MoOx leave the IRC (Remote host closed the connection)."
32,1372510120732,"rhannequin","rhannequin leave the IRC (Remote host closed the connection)."
2,1372510329258,"MoOx","MoOx join the chan."
32,1372510600732,"MoOx","MoOx leave the IRC (Remote host closed the connection)."
2,1372511506919,"oz","oz join the chan."
32,1372511638973,"Amatewasu","Amatewasu leave the IRC (Quit: WeeChat 0.4.2-dev)."
2,1372515302616,"rhannequin","rhannequin join the chan."
32,1372518336164,"_kud","_kud leave the IRC (Quit: Leaving)."
2,1372518988004,"_kud","_kud join the chan."
2,1372520879703,"Amatewasu","Amatewasu join the chan."
32,1372520882625,"Amatewasu","Amatewasu leave the IRC (Client Quit)."
2,1372520901632,"Amatewasu","Amatewasu join the chan."
2,1372522144441,"kud","kud join the chan."
32,1372522144628,"_kud","_kud leave the IRC (Read error: Connection reset by peer)."
256,1372522155915,"kud","kud changed his nick for _kud."
1,1372523923262,"nfroidure","j'ai reçu le mail de Google Groups comme quoi un msg était dans les spams ce matin seulement ;)"
32,1372524052770,"Amatewasu","Amatewasu leave the IRC (Quit: WeeChat 0.4.2-dev)."
1,1372525417611,"_kud","hahaha nfroidure"
1,1372525423789,"_kud","j'vais virer ce google groups de merde"
1,1372525432287,"_kud","et faire un francejs/discussions"
1,1372525434057,"_kud","ca te va ?"
1,1372525456934,"nfroidure","perso, ça me gêne pas"
1,1372525469972,"_kud","k"
1,1372525472919,"nfroidure","Le report de discussion en revanche est nécessaire je pens"
1,1372525687602,"nfroidure","Laisse le on-line, je migrerai ça dès que j'aurai 5mn"
1,1372525698826,"_kud","oui"
32,1372530817595,"_kud","_kud leave the IRC (Remote host closed the connection)."
2,1372533414289,"MoOx","MoOx join the chan."
32,1372539532715,"MoOx","MoOx leave the IRC (Remote host closed the connection)."
32,1372541709474,"Tobu","Tobu leave the IRC (Ping timeout: 252 seconds)."
2,1372541746521,"Tobu","Tobu join the chan."
