32,1367621371416,"MoOx","MoOx leave the IRC (Remote host closed the connection)."
32,1367623031438,"august1_","august1_ leave the IRC (Quit: august1_)."
32,1367629711041,"Amatewasu","Amatewasu leave the IRC (Quit: WeeChat 0.4.1-dev)."
32,1367634101854,"revolunet","revolunet leave the IRC (Quit: revolunet)."
1,1367644549104,"nfroidure","Y'a des gens qui vont là : http://ahsp13paris-eanrecfeatl.eventbrite.com/"
1,1367645219911,"nfroidure","Marionnette, eval while(1) { continue; }"
17,1367645220415,"Marionnette","nfroidure: TimeoutError"
18,1367647754748,"Marionnette","Marionnette join the chan."
8,1367647754844,"_kud","_kud change topic to \"Communauté française des utilisateurs de JavaScript | Site : http://francejs.org\""
1,1367647906325,"nfroidure","Marionnette, quote"
17,1367647906764,"Marionnette","Keep it simple to make it faster.
            - The Elements of Programming Style (Kernighan & Plaugher)"
17,1367647906764,"Marionnette","Source: http://iheartquotes.com/fortune/show/9366"
2,1367648481918,"revolunet","revolunet join the chan."
1,1367650139231,"nfroidure","Si vous voulez avoir votre mot à dire sur la constitution de l'asso, c'est maintenant sur le repo : https://github.com/francejs/association"
32,1367650199877,"revolunet","revolunet leave the IRC (Quit: revolunet)."
2,1367650469059,"revolunet","revolunet join the chan."
32,1367651038260,"revolunet","revolunet leave the IRC (Quit: revolunet)."
2,1367651412776,"revolunet","revolunet join the chan."
32,1367654171873,"revolunet","revolunet leave the IRC (Quit: revolunet)."
2,1367661378070,"Amatewasu","Amatewasu join the chan."
2,1367662146442,"MoOx","MoOx join the chan."
32,1367662308685,"MoOx","MoOx leave the IRC (Remote host closed the connection)."
2,1367669769359,"euskadi31_","euskadi31_ join the chan."
32,1367669876691,"euskadi31","euskadi31 leave the IRC (Ping timeout: 268 seconds)."
1,1367677045289,"nfroidure","Marionnette, quote"
17,1367677048148,"Marionnette","Windows isn't CrippleWare -- it's \"Functionally Challenged\"."
17,1367677048149,"Marionnette","Source: http://iheartquotes.com/fortune/show/8178"
1,1367677118034,"nfroidure","Celle-là je la saisi pas trop..."
1,1367677119641,"nfroidure","Marionnette, quote"
17,1367677120250,"Marionnette","Make it right before you make it faster.
            - The Elements of Programming Style (Kernighan & Plaugher)"
17,1367677120251,"Marionnette","Source: http://iheartquotes.com/fortune/show/9360"
1,1367677132881,"nfroidure","Ah, c'est mieux"
528,1367677390099,"Marionnette","Twitter.com#francejs - @chtijs: Vous avez un lien sur #JavaScript qui vaut le détour ? Utilisez le hashtag #FranceJS . On retweetera les plus plébiscités sur IRC ;)"
528,1367678470604,"Marionnette","Twitter.com#francejs - @AngeZanetti: SlimerJS - A scriptable browser for Web developers running with #gecko  http://t.co/Ok3wGOqo03 #franceJs"
528,1367678570749,"Marionnette","Twitter.com#francejs - @laut3rry: Soirée JavaScript au @YaJUG le 23 mai - JavaScript as a Plateform & Live coding @angularJS - http://t.co/R6zJVKlb2Z - #FranceJS"
2,1367683164730,"MoOx","MoOx join the chan."
32,1367683854125,"MoOx","MoOx leave the IRC (Remote host closed the connection)."
2,1367685510544,"_kud","_kud join the chan."
1,1367685584111,"_kud","Quelqu'un est AE ici ? pole NiKo`  nfroidure  madx`  fuse Shahor urcadox"
1,1367687097117,"_kud","merci c'est bon :)"
32,1367687704508,"_kud","_kud leave the IRC (Quit: Leaving)."
2,1367693084313,"MoOx","MoOx join the chan."
32,1367694084785,"euskadi31_","euskadi31_ leave the IRC (Quit: WeeChat 0.4.0)."
2,1367694098712,"euskadi31","euskadi31 join the chan."
1,1367694795855,"angezanetti","Marionnette: quote"
17,1367694796713,"Marionnette","Make input easy to prepare and output self-explanatory.
            - The Elements of Programming Style (Kernighan & Plaugher)"
17,1367694796713,"Marionnette","Source: http://iheartquotes.com/fortune/show/9342"
1,1367694805978,"angezanetti","Marionnette: quote"
17,1367694806400,"Marionnette","Choose variable names that won't be confused.
            - The Elements of Programming Style (Kernighan & Plaugher)"
17,1367694806400,"Marionnette","Source: http://iheartquotes.com/fortune/show/9317"
1,1367694820235,"angezanetti","C'est cool ce truc :)"
2,1367694889866,"revolunet","revolunet join the chan."
32,1367695831155,"MoOx","MoOx leave the IRC (Remote host closed the connection)."
32,1367698879384,"Amatewasu","Amatewasu leave the IRC (Quit: WeeChat 0.4.1-rc1)."
2,1367699064526,"Amatewasu","Amatewasu join the chan."
