2,1371767522086,"fbentz","fbentz join the chan."
32,1371768110542,"fbentz","fbentz leave the IRC (Quit: fbentz)."
32,1371768234870,"kud","kud leave the IRC (Quit: Leaving)."
32,1371768499253,"Amatewasu","Amatewasu leave the IRC (Remote host closed the connection)."
32,1371768641254,"lionelB","lionelB leave the IRC (Ping timeout: 252 seconds)."
2,1371768934899,"_mlb","_mlb join the chan."
2,1371769190771,"lionelB","lionelB join the chan."
32,1371770238287,"MoOx","MoOx leave the IRC (Remote host closed the connection)."
2,1371772305103,"stephCoue","stephCoue join the chan."
32,1371775628166,"_mlb","_mlb leave the IRC (Remote host closed the connection)."
2,1371775700672,"steph_","steph_ join the chan."
32,1371775822215,"stephCoue","stephCoue leave the IRC (Ping timeout: 256 seconds)."
2,1371776259060,"bigx","bigx join the chan."
32,1371778115137,"steph_","steph_ leave the IRC (Remote host closed the connection)."
2,1371786716606,"_mlb","_mlb join the chan."
32,1371788693318,"_mlb","_mlb leave the IRC (Remote host closed the connection)."
2,1371793084682,"_mlb","_mlb join the chan."
32,1371793735373,"_mlb","_mlb leave the IRC (Remote host closed the connection)."
2,1371795778993,"felixgilles","felixgilles join the chan."
2,1371796691418,"_mlb","_mlb join the chan."
2,1371797169037,"showtim34","showtim34 join the chan."
32,1371797356412,"_mlb","_mlb leave the IRC (Remote host closed the connection)."
2,1371797759308,"HammHetfield","HammHetfield join the chan."
2,1371799186351,"fbentz","fbentz join the chan."
2,1371799783915,"_mlb","_mlb join the chan."
32,1371800616397,"fbentz","fbentz leave the IRC (Quit: fbentz)."
32,1371801072389,"_mlb","_mlb leave the IRC (Remote host closed the connection)."
2,1371801086546,"fbentz","fbentz join the chan."
1,1371801100005,"fbentz","Hello tout le monde !"
1,1371801159918,"_kud","lo"
1,1371801166006,"_kud","tu t'en es sorti avec grunt fbentz ?"
1,1371801232818,"fbentz","J'ai pas tout à fait terminé mais oui ça devrait aller c'est plus dans l'organisation de mon projet qui je m'en sorte :)"
1,1371801239077,"_kud","yes :)"
1,1371801240814,"fbentz","*faut"
2,1371801493498,"rhannequin","rhannequin join the chan."
2,1371801559199,"_mlb","_mlb join the chan."
32,1371801859232,"HammHetfield","HammHetfield leave the IRC (Ping timeout: 246 seconds)."
1,1371801873425,"nfroidure","lo"
2,1371801935892,"HammHetfield","HammHetfield join the chan."
32,1371802188567,"fbentz","fbentz leave the IRC (Quit: fbentz)."
2,1371802358998,"Nyalab","Nyalab join the chan."
1,1371803149510,"nfroidure","Y en a-t-il parmi vous qui utilisent un langage de macro pour JS ?"
1,1371803525967,"nfroidure","J'ai l'impression que Marionnette arrive plus à se connecter à Twitter."
1,1371803535167,"nfroidure","_kud, tu as changé la clé API ?"
1,1371803551636,"_kud","de ?"
1,1371803554728,"_kud","j'ai rien touché du tout"
1,1371803599113,"nfroidure","Ou alors, j'ai dépassé la limite de l'API"
1,1371803611306,"nfroidure","Font ch... twitter"
32,1371803856882,"_mlb","_mlb leave the IRC (Remote host closed the connection)."
32,1371804028941,"bobot","bobot leave the IRC (Remote host closed the connection)."
2,1371804042393,"revolunet","revolunet join the chan."
2,1371804067543,"Amatewasu","Amatewasu join the chan."
2,1371804834775,"MoOx","MoOx join the chan."
2,1371805281677,"_mlb","_mlb join the chan."
2,1371807927387,"Shahor","Shahor join the chan."
32,1371809213829,"Amatewasu","Amatewasu leave the IRC (Ping timeout: 264 seconds)."
2,1371810049169,"bobot","bobot join the chan."
2,1371810336868,"Amatewasu","Amatewasu join the chan."
32,1371812105597,"rhannequin","rhannequin leave the IRC (Ping timeout: 260 seconds)."
2,1371812687606,"_mlb_","_mlb_ join the chan."
32,1371812689997,"_mlb","_mlb leave the IRC (Read error: Connection reset by peer)."
32,1371813740320,"_mlb_","_mlb_ leave the IRC (Remote host closed the connection)."
2,1371814964653,"_mlb","_mlb join the chan."
32,1371816190352,"showtim34","showtim34 leave the IRC (Remote host closed the connection)."
32,1371816830831,"_mlb","_mlb leave the IRC (Remote host closed the connection)."
2,1371816928728,"_mlb","_mlb join the chan."
2,1371818098789,"rhannequin","rhannequin join the chan."
1,1371818195801,"_kud","Hey"
1,1371818210442,"_kud","On peut pas faire un truc du style \"blabla/{test,hello}.js\" en json ?"
1,1371818216505,"_kud","il me semble impossible to parse"
1,1371818433906,"_mlb","tu le parses toi même ?"
1,1371818486667,"_kud"," var config = grunt.file.readJSON(\"config/grunt.json\");"
1,1371818600849,"_mlb","config te renvoit un object ?"
2,1371818762528,"mab1","mab1 join the chan."
32,1371818965264,"mab","mab leave the IRC (Ping timeout: 268 seconds)."
1,1371818995243,"_kud","oui ml"
1,1371818997690,"_kud","_mlb:"
1,1371819013910,"_kud","mais il me dit direct impossible to parse donc bon"
32,1371819122495,"mab1","mab1 leave the IRC (Ping timeout: 255 seconds)."
1,1371819167025,"_mlb","si ça peut t'aider : https://gist.github.com/mlbli/aa48a04278e153fea64f"
2,1371819184836,"mab","mab join the chan."
1,1371819232271,"_kud","merci"
32,1371820380381,"Amatewasu","Amatewasu leave the IRC (Quit: WeeChat 0.4.2-dev)."
2,1371821645308,"mab1","mab1 join the chan."
32,1371821728752,"mab","mab leave the IRC (Ping timeout: 260 seconds)."
2,1371821923543,"mab","mab join the chan."
32,1371822119973,"mab1","mab1 leave the IRC (Ping timeout: 260 seconds)."
2,1371823407249,"rhannequin_","rhannequin_ join the chan."
32,1371823468945,"rhannequin","rhannequin leave the IRC (Ping timeout: 246 seconds)."
1,1371824072974,"_kud","madx`:  faut absolument que tu nous fasses un retour de comment monter une orga francejs"
1,1371824082630,"_kud","j'aimerais pour motiver les gens de strasbourg"
1,1371824093019,"madx`","oui ! très juste, on a en déjà parlé en plus"
1,1371824115561,"_kud","oui"
256,1371825870317,"rhannequin_","rhannequin_ changed his nick for rhannequin."
2,1371826885845,"Amatewasu","Amatewasu join the chan."
4,1371828367782,"lionelB","lionelB leave the chan."
32,1371828932328,"rhannequin","rhannequin leave the IRC (Ping timeout: 240 seconds)."
32,1371829009203,"felixgilles","felixgilles leave the IRC (Quit: Konversation terminated!)."
2,1371829179862,"rhannequin","rhannequin join the chan."
32,1371829811731,"rhannequin","rhannequin leave the IRC (Ping timeout: 256 seconds)."
32,1371830441255,"_mlb","_mlb leave the IRC (Ping timeout: 246 seconds)."
32,1371830614578,"HammHetfield","HammHetfield leave the IRC (Quit: HammHetfield)."
32,1371831013868,"Grirrle","Grirrle leave the IRC (Quit: Leaving.)."
32,1371831802002,"bobot","bobot leave the IRC (Remote host closed the connection)."
32,1371831804831,"_kud","_kud leave the IRC (Remote host closed the connection)."
32,1371832014028,"Nyalab","Nyalab leave the IRC (Remote host closed the connection)."
32,1371832296327,"Amatewasu","Amatewasu leave the IRC (Quit: WeeChat 0.4.2-dev)."
32,1371832452306,"revolunet","revolunet leave the IRC (Ping timeout: 260 seconds)."
2,1371832678591,"rhannequin","rhannequin join the chan."
32,1371833741748,"Shahor","Shahor leave the IRC (Remote host closed the connection)."
2,1371836587299,"Amatewasu","Amatewasu join the chan."
32,1371839130837,"rhannequin","rhannequin leave the IRC (Ping timeout: 264 seconds)."
2,1371839428969,"_kud","_kud join the chan."
32,1371839542391,"_kud","_kud leave the IRC (Remote host closed the connection)."
2,1371839564283,"_kud","_kud join the chan."
32,1371839740382,"_kud","_kud leave the IRC (Read error: Connection reset by peer)."
2,1371839773948,"_kud","_kud join the chan."
32,1371840709337,"MoOx","MoOx leave the IRC (Remote host closed the connection)."
2,1371846130261,"_mlb","_mlb join the chan."
2,1371847420188,"rhannequin","rhannequin join the chan."
32,1371848783311,"_mlb","_mlb leave the IRC (Remote host closed the connection)."
32,1371848815584,"_kud","_kud leave the IRC (Remote host closed the connection)."
32,1371849773724,"rhannequin","rhannequin leave the IRC (Remote host closed the connection)."
2,1371849827915,"_mlb","_mlb join the chan."
