32,1370211207508,"Marsup","Marsup leave the IRC (Remote host closed the connection)."
2,1370211339942,"Marsup","Marsup join the chan."
2,1370211703438,"_kud","_kud join the chan."
32,1370211716185,"_kud","_kud leave the IRC (Remote host closed the connection)."
32,1370214006163,"DontShootMe","DontShootMe leave the IRC (Ping timeout: 240 seconds)."
32,1370237453435,"Marsup","Marsup leave the IRC (Ping timeout: 256 seconds)."
2,1370238986865,"MoOx","MoOx join the chan."
2,1370240314682,"felixgilles","felixgilles join the chan."
2,1370241007579,"HammHetfield","HammHetfield join the chan."
2,1370242182683,"mab","mab join the chan."
2,1370242612405,"DontShootMe","DontShootMe join the chan."
2,1370243120556,"Marsup","Marsup join the chan."
2,1370243910398,"kewah","kewah join the chan."
2,1370245521525,"bricef","bricef join the chan."
2,1370245563686,"_kud","_kud join the chan."
2,1370246025392,"Nyalab","Nyalab join the chan."
2,1370246110591,"rhannequin","rhannequin join the chan."
2,1370246124306,"fbentz","fbentz join the chan."
32,1370246397201,"fbentz","fbentz leave the IRC (Client Quit)."
2,1370246738060,"fbentz","fbentz join the chan."
1,1370246775508,"fbentz","Bonjour tout le monde"
32,1370247062951,"mab","mab leave the IRC (Quit: Leaving.)."
1,1370247082280,"pntbr","bonjour' fbentz"
1,1370247103292,"pntbr","hi' aux autres ;)"
1,1370247111479,"urcadox","salut :)"
32,1370247249332,"DontShootMe","DontShootMe leave the IRC (Remote host closed the connection)."
1,1370247256606,"_kud","lo urcadox et les gens"
2,1370247361007,"mab","mab join the chan."
2,1370247375969,"Shahor","Shahor join the chan."
2,1370247445378,"Shahor_","Shahor_ join the chan."
32,1370247634986,"Shahor","Shahor leave the IRC (Ping timeout: 245 seconds)."
2,1370247742475,"_mlb","_mlb join the chan."
1,1370248264184,"nfroidure","lo"
1,1370248326693,"bricef","salut"
1,1370248366502,"No`","howdy"
1,1370248389980,"No`","peut-être que j'aurai un peu plus de succès ce matin qu'hier soir"
1,1370248393052,"No`","https://gist.github.com/brunobord/5695039"
1,1370248407866,"No`","est-ce que vous pensez qu'il peut y avoir plus élégant / joli / efficace ?"
1,1370248430825,"No`","la problématique : faire passer un ou plusieurs \"patches\" sur une structure de données stockée dans localStorage"
1,1370248439272,"No`","(un upgrade de version, en quelque sorte)"
1,1370248562191,"nfroidure","No`, t'es sur qu'à la ligne 27 tu veux pas plutôt mettre setItem ?"
2,1370248640821,"matthieu__","matthieu__ join the chan."
1,1370248677002,"No`","yep, exact"
1,1370248693824,"No`","corrigé"
1,1370248724529,"No`","sinon, sur la mécanique générale, ça paraît bien ou pas ?"
2,1370248761076,"showtim34","showtim34 join the chan."
1,1370248875299,"nfroidure","la variable __version__ semble pas utilisée"
1,1370248900899,"bricef","y'a des gens qui utilise git flow ici? j'aurais quelques questions?"
1,1370248938276,"No`","nfroidure: ah voui. je me suis demandé si ça avait un intérêt de l'avoir quelque part... dispensable, en effet"
1,1370248972975,"nfroidure","je t'ai forké, wait a sec"
1,1370249046006,"nfroidure","Déjà, moi je mettrais par défaut la dernière version si y'a pas de n° de version dans localStorage"
1,1370249066350,"nfroidure","A moins que ta première version ai pas mis de n°"
1,1370249090417,"nfroidure","Mais même dans ce cas, essaies d'isoler un truc qui te permette de deviner que c'est la première version"
1,1370249146858,"No`","mmmm"
1,1370249174905,"No`","stocker le premier numéro de version, c'est aussi donner la possibilité d'appliquer tous les patches dispos entre la \"zéroième\" et la dernière"
1,1370249493338,"_mlb","Hello"
1,1370249571874,"nfroidure","en gros, j'aurais fais ça : https://gist.github.com/nfroidure/5696893"
1,1370249672481,"nfroidure","No`, tes patchs sont de quelle nature ? Si tu migres des données, ton app doit migrer que si il y a d'anciennes versions."
1,1370249714836,"nfroidure","Si le visiteur a aucun histo avec ton site, je pense pas qu'il faille lui appliquer des patchs, mais plutôt partir sur des bases saines."
1,1370249730712,"No`","c'est genre rajouter des données, relire les données pour les \"nettoyer\", etc"
1,1370249734165,"nfroidure","Comme ça, tes fonctions de migration pourront être retirées avec le temps"
1,1370249769295,"No`","je voudrais pas péter les données de l'utilisateur"
1,1370249784731,"No`","surtout si je laisse au user la possibilité de garder ses données indéfiniment"
1,1370249802705,"No`","pour info, c'est pour https://github.com/brunobord/pomodorock"
1,1370249890032,"madx`","No`: :+1: ton app, ça a l'ai bien foutu"
1,1370249934246,"nfroidure","j'ai juste un peu de mal à piger de but en blanc"
1,1370249962454,"No`","nfroidure: non mais je comprends, manque sûrment le contexte"
1,1370249966568,"No`",";)"
1,1370249988170,"No`","je me posais surtout des questions sur le côté culturel de la chose"
1,1370250003983,"No`","en Python je capte de suite quand un code est pythonique et quand il l'est aps"
1,1370250004440,"nfroidure","Ca veut dire quoi Pomodoro ?"
1,1370250008189,"No`","en JS..."
32,1370250012908,"showtim34","showtim34 leave the IRC (Quit: Quitte)."
1,1370250014525,"No`","Pomodoro, c'est \"Tomate\" en italien"
1,1370250023897,"_kud","Niiice No`"
1,1370250024869,"No`","comme les minuteurs de cuisine en forme de tomate"
1,1370250026016,"_kud","ca a l'air cool"
1,1370250028001,"No`","ça vient de là"
1,1370250051390,"nfroidure","No`, tu devrais en faire une extension Gnome 3"
1,1370250066596,"No`","ouh là. y'a déjà pléthore"
1,1370250091886,"nfroidure","Et du coup ça sert à quoi les +/- des pomodoros et les +/ des interruptions ?"
1,1370250103710,"No`","à compter les pomodoros complets et les interruptions"
1,1370250113548,"No`","ça donne une idée de l'efficacité de la journée"
1,1370250134687,"No`","c'est pour ça que le grand virage, ça sera d'assigner les pomodoros faits à un libellé de tâche"
1,1370250144125,"No`","pour compter le temps passé sur tel truc ou tel autre"
1,1370250187363,"nfroidure","No`, ty utiises les notifs HTML5 quand un pomodoro est fini ?"
1,1370250211523,"nfroidure","Faudrait une option pour avoir un son qui se joue également."
1,1370250328263,"nfroidure","Sinon, tu peux aussi regarder du côté des ChromePackaged apps pour créer un service qui tourne en bg"
1,1370250357216,"No`","nfroidure: intéresant"
1,1370250371552,"No`","(+ syntaxe moins approximative)"
1,1370250388648,"No`","si tu as le temps, tu peux m'ouvrir un ou deux tickets en ce sens ?"
1,1370250399554,"No`","là, je rentre en réunion client, j'ai peur d'oublier"
1,1370250603077,"nfroidure","Je peux aussi coder le tout à ta place :p"
1,1370250640892,"No`","oooooh"
1,1370250645724,"No`","c'est si gentiment proposé..."
1,1370250647450,"No`",";o)"
1,1370250649418,"nfroidure",":D"
1,1370250890635,"nfroidure","Bon, j'ai chargé la mule, t'as 1 semaine de taf dans tes issues :)"
2,1370250918715,"stephCoue","stephCoue join the chan."
1,1370251313816,"nfroidure","J'ai trouvé la killer feature : https://github.com/brunobord/pomodorock/issues/11"
1,1370251449576,"_mlb","nfroidure: Pour les singleton, une autre idée http://cl.ly/PNan"
1,1370251649278,"nfroidure","_mlb, Factory+Singleton = Factleton :)"
2,1370251696036,"bobot","bobot join the chan."
1,1370251745940,"_mlb","cadeau pour les scroll events btw http://cl.ly/PLz7"
1,1370251789719,"_mlb","nfroidure: j'ai juste à tester la présence de constructor dans l'object du coup rajoutais un constructor"
32,1370251973415,"rhannequin","rhannequin leave the IRC (Read error: Operation timed out)."
