32,1364342956279,"Atu","Atu leave the IRC (Quit: [\"Textual IRC Client: www.textualapp.com\"])."
2,1364364699050,"MoOx","MoOx join the chan."
2,1364369968196,"HammHetfield","HammHetfield join the chan."
2,1364370720900,"felixgilles","felixgilles join the chan."
2,1364371438982,"neemzy","neemzy join the chan."
1,1364371459235,"neemzy","hello !"
2,1364371709689,"bobylito","bobylito join the chan."
32,1364371736282,"bobylito","bobylito leave the IRC (Client Quit)."
1,1364372005940,"HammHetfield","bijour"
1,1364372035978,"neemzy","merci pour ce double accueil :D"
1,1364372693545,"nfroidure","amis du jour, bonjour !"
2,1364372737914,"_kud","_kud join the chan."
1,1364372771876,"neemzy","hello kud !"
1,1364372784351,"neemzy","(j'omets volontairement ton underscore pour ne pas te highlighter)"
1,1364372891586,"nfroidure","qqun a une idée d'app que je pourrais revendre 30 millions ?"
1,1364372996812,"neemzy","nfroidure: oui bien sûr, la voici :"
1,1364373078722,"_kud","lo"
2,1364373551433,"bobylito","bobylito join the chan."
2,1364374220772,"rhannequin","rhannequin join the chan."
2,1364374409480,"Atu","Atu join the chan."
1,1364375290789,"nfroidure",":)"
2,1364375725657,"vvo","vvo join the chan."
32,1364375770036,"rhannequin","rhannequin leave the IRC (Ping timeout: 245 seconds)."
2,1364375964321,"rhannequin","rhannequin join the chan."
32,1364376308649,"vvo","vvo leave the IRC (Ping timeout: 264 seconds)."
2,1364376755017,"NimS","NimS join the chan."
32,1364376833558,"bobylito","bobylito leave the IRC (Remote host closed the connection)."
2,1364376851829,"bobylito","bobylito join the chan."
2,1364377033670,"peutetre","peutetre join the chan."
2,1364377085719,"vvo","vvo join the chan."
32,1364377395046,"rhannequin","rhannequin leave the IRC (Ping timeout: 245 seconds)."
2,1364377433530,"rhannequin","rhannequin join the chan."
32,1364379141698,"_kud","_kud leave the IRC (Remote host closed the connection)."
32,1364379326526,"peutetre","peutetre leave the IRC (Quit: peutetre)."
2,1364379559808,"revolunet","revolunet join the chan."
1,1364380808738,"nfroidure","Je crois que la plus grande force de C++ c'est la surcharge d'opérateurs. J'aimerai tant que JS la propose :)"
1,1364380844460,"madx`","bof"
1,1364380852009,"madx`","c'est surfait"
1,1364381199157,"nfroidure","Ca serait pas cool de faire ç : https://gist.github.com/nfroidure/5253315"
1,1364381223474,"madx`","nfroidure: c'est possible en ruby"
1,1364381233514,"madx`","mais au final je trouve qu'un nom explicite est mieux"
1,1364381252820,"madx`","ça te permet de bien définir ce que fait ton objet"
1,1364381285477,"madx`","après c'est du sucre"
1,1364381357209,"nfroidure","Ca tu peux le faire avec un watch uniquement en écriture, mais ça veut dire que si tu veux observer tout une arborescrence de données, tu dois faire un watch explicite et une closure pour chaque noeud"
1,1364381412481,"madx`","?"
1,1364381417618,"madx`","j'ai raté un truc là ?"
1,1364381449764,"madx`","ou tu parles de ton exemple ?"
2,1364382232892,"peutetre","peutetre join the chan."
32,1364382366845,"peutetre","peutetre leave the IRC (Client Quit)."
2,1364382367849,"bobylito_","bobylito_ join the chan."
32,1364382370037,"rhannequin","rhannequin leave the IRC (Ping timeout: 248 seconds)."
32,1364382464742,"bobylito","bobylito leave the IRC (Ping timeout: 264 seconds)."
256,1364382464981,"bobylito_","bobylito_ changed his nick for bobylito."
2,1364382649695,"NimS`","NimS` join the chan."
32,1364382753973,"NimS","NimS leave the IRC (Ping timeout: 248 seconds)."
2,1364382785061,"rhannequin","rhannequin join the chan."
32,1364383135000,"rhannequin","rhannequin leave the IRC (Quit: AndroIRC - Android IRC Client ( http://www.androirc.com ))."
1,1364383340923,"nfroidure","madx`, eating, mais je précise cet aprèm"
1,1364383361271,"madx`","ok, bonap :)"
32,1364383983601,"felixgilles","felixgilles leave the IRC (Quit: Konversation terminated!)."
1,1364384774560,"neemzy","bon app' à tous !"
1,1364387125742,"nfroidure","madx`, merci, je parlais bien de mon exemple."
1,1364387301057,"nfroidure","En fait, la surcharge d'opérateur permettrait de faire un Object.watch qui traque aussi les lectures et ce récursivement. Ce qui serait lourd à faire avec Object.watch"
1,1364387421670,"nfroidure","Ma première traduction sur Pompage : http://t.co/rgavmeV9Wi"
2,1364387509515,"Amatewasu","Amatewasu join the chan."
32,1364387986450,"bobylito","bobylito leave the IRC (Quit: bobylito)."
32,1364388086200,"Amatewasu","Amatewasu leave the IRC (Remote host closed the connection)."
1,1364388386846,"neemzy","nfroidure: très intéressant cet article"
1,1364388410174,"neemzy","ActeurMuet.canSpeak = false; -> ça ne devrait pas être ActeurMuet.peutParler du coup ?"
1,1364388440550,"nfroidure","yep un oubli, merci"
1,1364388665858,"neemzy",":)"
2,1364389072092,"_kud","_kud join the chan."
1,1364390220810,"madx`","https://twitter.com/Lryo17/status/316900314060058624"
1,1364390247456,"_kud","oui ?"
1,1364390272647,"madx`","ben si y'a des meetups JS à lui dire :)"
1,1364390292517,"_kud","ouais"
1,1364390735816,"CrEv","nfroidure: pourquoi traduire le code en français ? traduire l'article oui, c'est cool. Mais le code, pourquoi ?"
1,1364390738160,"CrEv","je demande car j'ai toujours appris à coder et commenter en anglais, ça fait souvent trop de bordel le mélange (genre \"acteur.jouer.call\") (tout comme les accents)"
1,1364390819989,"nfroidure","J'ai traduit le code car on a convenu que c'était mieuxpour la compréhension de tous."
1,1364390842624,"nfroidure","Du coup, les accents en découlents vu que Javascript accepte les noms de variables en utf8"
1,1364390870523,"nfroidure","J'aime pas du tout le code en français, mais bon, j'imagine que c'est mieux pour les newbies"
1,1364390898306,"_kud","euh"
1,1364390901333,"_kud","'tendez"
1,1364390903896,"CrEv","hum, ok"
1,1364390905094,"_kud","vous parlez de quel code là ?"
1,1364390906980,"nfroidure","Là je suis en plein dedans pour un livre et je fais tout le code en français aussi..."
1,1364390914240,"CrEv","ha"
1,1364390915858,"CrEv","heu"
1,1364390919260,"_kud","vous parlez de quel code là ?"
1,1364390921876,"CrEv","ça s'adresse à qui ? ;)"
1,1364390927839,"CrEv","vous parlez de quel code là ?"
1,1364390930104,"CrEv",":)"
1,1364390930559,"_kud","vous parlez de quel code là ?"
1,1364390931037,"_kud","vous parlez de quel code là ?"
1,1364390936089,"_kud","!"
1,1364390942531,"CrEv","> Ma première traduction sur Pompage : http://t.co/rgavmeV9Wi"
2,1364390959788,"bobylito","bobylito join the chan."
1,1364390971507,"nfroidure","Ca s'adresse à tous, mais le but est qu'un débutant, limite pas programmeur puisse le lire"
1,1364390984156,"_kud","Je ne suis pas d'accord pour traduire le code en français."
1,1364390988825,"_kud","Mais ca reste personnel."
1,1364391056725,"nfroidure","_kud,  je suis de ton avis pour mon confort personnel, mais le consensus général chez pompage est qu'on met du code en français."
1,1364391072419,"_kud","Ca ne me dérange pas, je pensais qu'on parlait du code chez francejs."
1,1364391077486,"nfroidure","Nul n'est prophète en son parti ;)"
1,1364391093758,"_kud","Un développeur qui ne se met pas à l'anglais aura de grosse grosse lacune par la suite."
1,1364391101141,"_kud","Et ne pourra jamais s'exporter."
1,1364391113109,"_kud","Et ne pourra même pas bosser avec ses collègues qui sont comme moi."
1,1364391120599,"_kud","Bon, perso, je fais le chieur, je code en british code. :D"
1,1364391120803,"nfroidure","Je suis d'accord, je veux pas de français dans du code en prod !"
1,1364391131214,"_kud","organisation au lieu de organization :D"
1,1364391140717,"_kud","colour au lieu de color"
1,1364391144597,"_kud","même si j'ai pas le choix en css :("
1,1364391238401,"HammHetfield","_kud: http://spiffingcss.com/"
1,1364391248310,"HammHetfield","you're welcome dear :)"
1,1364391251119,"_kud","Je connais :)"
1,1364391304303,"CrEv","ra mais pourquoi en british ?"
1,1364391351770,"CrEv","j'ai vu du colour y'a pas longtemps, je me demandais justement où ils étaient allé chercher ça (outre le fait qu'en bonne fégniasse ça fait un caractère de plus)"
1,1364391354795,"_kud","Parce que l'américain sucks."
1,1364391373648,"_kud","colour, honour, lorry"
1,1364391379167,"_kud","Tu m'verras jamais écrire \"truck\""
1,1364391379496,"_kud",":D"
1,1364391384497,"_kud","ou \"fall\" mais autumn"
1,1364391389754,"_kud","ou pants mais trousers"
1,1364391390934,"_kud",":)"
1,1364391398633,"_kud","d'ailleurs pants, en anglais, c'est sous-vêtement, hihi"
1,1364391404446,"_kud","\"j'ai mis mon pants\" hihi"
1,1364391404948,"_kud",":D"
1,1364391408018,"HammHetfield","I just crapped my trousers"
1,1364391411160,"HammHetfield","ça sonne pas bien"
1,1364391438717,"nfroidure","HammHetfield, en même temps si tu le dis souvent, t'as un problème ;)"
1,1364391444560,"_kud","Haha"
1,1364391463253,"CrEv","pourtant, la majorité du code que je vois (et même en france avec des dev purement fr) c'est du us, pas du british"
1,1364391492157,"HammHetfield","ouai"
1,1364391493468,"CrEv","ça doit faire un beau bordel si tu utilise une lib écrite en US :)"
1,1364391513109,"nfroidure","CrEv, on fait pas la distinction pour la plupart ;)"
1,1364391531674,"_kud","Normal"
1,1364391536428,"_kud","les français sont des gros nazes en anglais"
1,1364391543477,"_kud","et ils trouvent l'américain \"cool\""
1,1364391549355,"_kud","et plus facile à écouter / entendre"
1,1364391549810,"CrEv","ben tu le vois quand même sur les s/z et color par exemple"
2,1364391556358,"peutetre","peutetre join the chan."
1,1364391562741,"_kud","alors que perso, je trouve bien plus clair l'anglais londonnien"
1,1364391574466,"_kud","et je trouve d'une laideur les \"z\" a tout va"
1,1364391582594,"_kud","parce que messieurs les americains sont des feignasses"
1,1364391586872,"nfroidure","CrEv, je savais pas que organisation c'était de l'anglais :)"
1,1364391588436,"_kud","et que le mot a l'origine a un \"s\""
1,1364391598104,"_kud","Regarde par exemple"
1,1364391602262,"_kud","un film en anglais, c'est un film"
1,1364391609786,"_kud","en americain, non non, \"ca moooooove\""
1,1364391611954,"_kud","alors \"movie\""
1,1364391615308,"CrEv","justement, les feignasses et les dev ça colle pas trop mal ;)"
1,1364391618459,"_kud","l'automne \"ca faaaaall\""
1,1364391619958,"_kud","donc fall"
1,1364391627666,"_kud","on dirait des gros gamins où faut tout imager"
1,1364391631253,"_kud","pour qu'ils bitent qqchose"
1,1364391631761,"_kud",":)"
1,1364391648437,"_kud","et comme ils vont jamais au théatre"
1,1364391650052,"HammHetfield","well that's just fucking great"
1,1364391656196,"HammHetfield","that's fucking great"
1,1364391656400,"_kud","bah ils disent"
1,1364391660231,"nfroidure","Je cherche un reprenneur pour fusa2.free.fr, ça t'intéresse :D"
1,1364391662149,"_kud","\"oh le cinéma ca va être un théatre\""
1,1364391662550,"_kud",":)"
1,1364391666499,"_kud","theater"
1,1364391675637,"_kud","d'ailleurs, j'écris pas \"center\" mais \"centre\" :)"
1,1364391695153,"HammHetfield","mmm ouai mais l'accent british est hardcore"
1,1364391702600,"_kud","ca dépend où"
1,1364391706509,"_kud","manchester oui"
1,1364391711261,"HammHetfield","tous je les trouve dur"
1,1364391721567,"HammHetfield","après je suis certainement habitué aux accents US"
1,1364391725378,"_kud","Tu me verras jamais dire \"theater\" pour aller au cinéma :D"
1,1364391730235,"_kud","ni \"movie\""
1,1364391744948,"_kud","et encore moins \"awesome\" a toutes les sauces, qui littéralement, veut pas dire grand chose :)"
1,1364391752153,"_kud","de toute façon, tout est awesome chez eux"
1,1364391766968,"HammHetfield","comme \"cool\" chez nous quoi"
1,1364391771416,"_kud","d'ailleurs urban dictionary le dit très bien"
1,1364391771773,"_kud","http://www.urbandictionary.com/define.php?term=awesome"
1,1364391778572,"_kud"," 	"
1,1364391778777,"_kud","Something Americans use to describe everything.\""
1,1364391781611,"_kud","tellement vrai :D"
1,1364391781890,"nfroidure","_kud, t'as plus qu'à aller aux states pour qu'il arrêtent de dire awesome :D"
1,1364391795113,"HammHetfield","depuis que j'ai une coloc allemande, jme rend compte de mon manque de vocabulaire"
1,1364391797731,"_kud","Hahaha nfroidure, j'ai déjà à m'occuper des français avec \"des fois\" au lieu de \"parfois\""
1,1364391803923,"_kud","ou des \"de\" à la place des \"à\""
1,1364391823095,"HammHetfield","merde, putain, cool, ok, ça fait chier, ça marche… avec ça j'ai déjà 90% de ce que je dis"
1,1364391825275,"_kud","c'qui m'gonfle le plus chez les anglais / américains, c'est quand ils sont pas foutus de faire la différence entre \"it's\" et \"its\""
1,1364391835154,"HammHetfield","_kud: they're there their"
1,1364391838955,"_kud","haha oui aussi"
1,1364391859731,"HammHetfield","it's like they're there but they don't know their shit"
1,1364391859972,"_kud","et puis les séries anglaises > séries américaines"
1,1364391863266,"_kud","it crowd <3"
1,1364391867119,"HammHetfield","<3"
1,1364391879021,"HammHetfield","Fire ! Fire !"
1,1364391884871,"_kud","haha"
1,1364391899441,"HammHetfield","0091999001191198725….. 4"
1,1364391923192,"_kud","http://www.youtube.com/watch?v=ab8GtuPdrUQ"
1,1364391926056,"nfroidure","y'a un truc qui est vraiment nul en angleterre"
1,1364391932846,"_kud","le temps"
1,1364391934392,"nfroidure","Le truc le plus inconsistant du monde"
1,1364391934595,"_kud","les beaufs"
1,1364391936334,"_kud","le tuning"
1,1364391944154,"nfroidure","la numérotation téléphonique"
1,1364391953321,"_kud","béh regarde la vidéo nfroidure :D"
1,1364391961177,"nfroidure","Y'a autant de façon d'écrire un numéro de téléphone que de téléphone"
1,1364392066299,"HammHetfield","http://www.youtube.com/watch?v=iDbyYGrswtg \"this Jen, is the Internet\""
1,1364392076173,"_kud","j'ai écrit une fois je crois au w3c"
1,1364392084736,"_kud","pour qu'ils acceptent la couleur \"grey\" au même titre que \"gray\" :D"
1,1364392090698,"_kud","bon j'étais jeune :d"
1,1364392120934,"HammHetfield","techniquement ça marche déjà"
1,1364392128021,"_kud","c'était y'a un bail"
1,1364392129272,"HammHetfield","c'est juste que IE l'affiche en vert caca d'oie"
1,1364392132536,"_kud","oui je coris"
1,1364392133698,"_kud","crois*"
1,1364392155567,"nfroidure","http://fr.wikipedia.org/wiki/Num%C3%A9ro_de_t%C3%A9l%C3%A9phone#R"
1,1364392180895,"_kud","haha"
1,1364392214268,"nfroidure","la page anglaise est plus détaillée, c'est à pleurer."
1,1364392796987,"CrEv","genre http://en.wikipedia.org/wiki/Telephone_numbers_in_the_United_Kingdom ? c'est juste de malades !"
1,1364393342088,"nfroidure","j'ai eu la mauvaise idée de stocker les n° de tél sous la forme : +33.321596224"
1,1364393357436,"nfroidure","Va reconstituer programmatiquement la présentation d'un numéro anglais"
1,1364393383169,"madx`","un numéro c'est toujours une suite de chiffres"
1,1364393388217,"nfroidure","fuckin' british :)"
1,1364393398671,"madx`","rien d'autre"
1,1364393408714,"nfroidure","oui, mais t'aime bien lire 06 06 06 06 06"
1,1364393456530,"madx`","oui :)"
1,1364393466112,"MoOx","Y'a des gens qui jshint là ?"
1,1364393472467,"MoOx","car j'ai une problématique simple"
1,1364393478403,"MoOx","mais j'ai du ma à résoudre"
1,1364393481200,"MoOx","Expected '===' and instead saw '=='"
1,1364393483806,"MoOx","le classique"
1,1364393485932,"_kud","j'ai pas compris d'ailleurs ton jshint a chaque fois qu'on save sur $ grunt happy plan MoOx"
1,1364393498070,"MoOx","ben c'est pour vérifier la syntaxe"
1,1364393500656,"MoOx","bon chut"
1,1364393503531,"MoOx","sauf que là j'aimerais vraiment"
1,1364393504724,"_kud","^^"
1,1364393506127,"MoOx","mon =="
1,1364393515224,"MoOx","if (parseInt(field, 10) == field)"
1,1364393522845,"MoOx","pour voir si c'est un numeric"
1,1364393529470,"MoOx","comment je fais moi ?"
1,1364393534564,"MoOx","car le === ne me va pas"
1,1364393568799,"Atu","j'aime bien ma page d'accueil, pas vous ? http://blog.iawa.fr/ :D"
1,1364393588797,"MoOx","Oula des étoiles"
1,1364393600095,"MoOx","pardon mes les étoiles ca m'a tjrs fait marrer"
1,1364393619634,"_kud","j'suis daltonien"
1,1364393623458,"_kud","j'vois pas la différence là"
1,1364393628940,"_kud","j'ai l'impression que tu es expert partout :)"
1,1364393634896,"Atu","MoOx les étoiles c'est le mal :)"
1,1364393638777,"Atu","_kud mdr"
1,1364393646340,"MoOx","bon sinon pour du js"
1,1364393650204,"MoOx","y'a personne là"
1,1364393651200,"MoOx","merde"
1,1364393653949,"MoOx","jme casse"
1,1364393655867,"_kud","je suis légèrement daltonien hein mais du coup c'est pas assez prononcé côté contraste"
1,1364393658737,"madx`",";')"
1,1364393668301,"_kud","MoOx: j'fais pas de jshint"
1,1364393669976,"_kud","désolé"
1,1364393675050,"Nyalab","\"profil\" ?"
1,1364393678107,"MoOx","tu devrais grop port"
1,1364393678522,"Atu","_kud j'avoua c'est embêtant :/"
1,1364393682775,"Nyalab","-> profile"
1,1364393685233,"_kud","oui MoOx"
1,1364393687389,"MoOx","gros porc"
1,1364393689016,"MoOx",":)"
1,1364393691482,"_kud","tu veux savoir quoi concrètement MoOx"
1,1364393716522,"Nyalab","omg des barres le portrait qui fait du 360°"
1,1364393718056,"_kud","Atu: si je m'approche de l'écran, je vois la différence là"
1,1364393719402,"MoOx","ben comment je teste que un variable c un numéric"
1,1364393745484,"_kud","typeof ?"
1,1364393756218,"MoOx","ah oué"
1,1364393757243,"MoOx","atta"
1,1364393762696,"MoOx","putain le noob"
1,1364393765975,"_kud",":)"
1,1364393774191,"_kud","tu vois, quand tu expliques calmement à papa :)"
1,1364393792695,"Atu","_kud tu vois que je ne suis pas expert partout :p"
1,1364393801399,"_kud","exact Atu :D"
1,1364393808936,"_kud","mais les étoiles, c'est à proscrire depuis 2005"
1,1364393815554,"_kud","cf le lolz de MoOx"
1,1364393834752,"MoOx","oué déjà si t'as 5 étoiles dans un truc"
1,1364393842030,"MoOx","c que tu connais les specs par coeur"
1,1364393848318,"Atu","je suis vintage !"
1,1364393850354,"MoOx","et que t'as mini 10ans de maitrise dessus"
1,1364393866996,"Atu","MoOx c'est on référentiel ça !"
4,1364393897672,"neemzy","neemzy leave the chan."
1,1364393906668,"Atu","ton*"
1,1364393938103,"_kud","Vous aimez mon tweet ? \"J'aime les gens qui confondent prescrire et proscrire. \"Le médecin m'a prescrit de manger du beurre pour mon cholestérol, du coup j'en bouffe une plaquette tous les matins\". \""
1,1364393955501,"Nyalab","HAHAHA"
1,1364393964736,"_kud","^^"
1,1364393970670,"Nyalab","les tweets comme ça c est à prescrire"
1,1364393991419,"_kud","haha"
1,1364394004505,"CrEv","Atu: dans ce cas ça veut dire quoi 5 étoiles pour toi ?"
1,1364394023341,"nfroidure","MoOx, pourquoi le === te va pas ?"
1,1364394030194,"MoOx","ben"
1,1364394034048,"Atu","CrEv ça veut dire que je suis un dieu, non ?"
1,1364394035881,"MoOx","si mon champs c un text"
1,1364394039786,"MoOx","genre \"12\""
1,1364394047998,"MoOx","et que pour sorter un table en js"
1,1364394055792,"MoOx","j'ai besoin de dire que c un numeric"
1,1364394062950,"MoOx","faut que je valide le champs"
1,1364394068505,"MoOx","non mais laissez tombez"
1,1364394081818,"MoOx","je vais demander à la team back de me renvoyer le type des data"
1,1364394083984,"nfroidure","typeOf faut faire gaffe. typeof NaN == 'number' hein"
1,1364394088821,"MoOx","pour sorter plus facilemen"
1,1364394091877,"MoOx","oué :)"
1,1364394099610,"MoOx","en fait là"
1,1364394100928,"MoOx","\"$1,843,989\""
1,1364394101810,"_kud","qu'il peut se branler et coder en même temps sur ce langage"
1,1364394105245,"MoOx","j'ai de la data ainsi"
1,1364394114570,"MoOx","donc va trouver que c un numeric"
1,1364394133116,"CrEv","Atu: donc c'est en gros la définition de MoOx alors"
1,1364394160120,"Atu","CrEv je préfère celle de _kud désolé ;)"
1,1364394180935,"_kud","^^"
1,1364394211476,"Atu","mais tu perd des points _kud  car je déteste les gens qui utilisent ce smiley"
1,1364394234025,"_kud","perds*"
1,1364394236733,"_kud","moi je détestais aussi"
1,1364394240857,"_kud","et j'm'y suis fait"
1,1364394245292,"nfroidure","MoOx : parseInt(n,10) >=0"
1,1364394247969,"_kud","au début j'me foutais d'leur gueule et à terme..."
1,1364394273139,"MoOx","nfroidure aussi oué"
1,1364394276298,"Atu","tu a finit part rejoindre leur camps !"
1,1364394281567,"MoOx","mais si j'ai un $ devant je doute"
1,1364394284049,"MoOx","je test ca"
1,1364394284251,"Atu","camp*"
1,1364394293735,"Atu","honte à toi ! collabo"
1,1364394299811,"CrEv","et si c'est un entier négatif ?"
1,1364394318003,"nfroidure","MoOx : parseInt(n,10) >= -Infinity"
1,1364394351212,"nfroidure","Pourquoi y'aurai un $ devant, MoOx ?"
1,1364394357552,"CrEv","Atu: comme tu demandais ce qu'on pense de ton site: j'aime pas l'attente :( (ni ne pas voir le titre des articles en entier)"
1,1364394421053,"Atu","CrEv d'accord avec toi pour les titres, et pour l'attente ! je vais arranger tous ça ;)"
1,1364394458127,"MoOx","nfroidure: car mon api me retourne ca"
1,1364394459157,"Atu","même enlever les étoiles"
1,1364394463924,"MoOx","mais bon t'embete pas plus"
1,1364394470852,"MoOx","je vais éviter les tests hasardeux"
1,1364394474531,"nfroidure","change vite d'appli ;)"
1,1364394478422,"MoOx","et demandez au back qu'il me retourn le type"
1,1364394570441,"nfroidure","Faut sortir des données au format us, c'est le b-a ba"
1,1364394636126,"nfroidure","Faudrait faire un projet FranceJS de cahier des charges pour back des formats de données à envoyer aux fronts."
1,1364394645241,"_kud","carrément"
1,1364394647837,"_kud","je valide"
1,1364394657188,"_kud","d'où la guide lines france js que je voulais faire"
1,1364394675503,"MoOx","c pas valable pour la france"
1,1364394679987,"MoOx","faut un #worldjs"
1,1364394686846,"_kud","héhé"
1,1364394689297,"nfroidure","Genre, ok, donc example.com/truc.bin rtenvoie une chaîne de 10 octets, les deux premiers sont des unsigned char, les ..."
1,1364394706887,"nfroidure","stoop"
1,1364394968611,"Atu","à vôtre avis c'est fait comment ça http://drones.pitchinteractive.com/ ?"
1,1364394986206,"nfroidure","La surcharge d'opérateur pour Js apparemment, c'est prévu : http://wiki.ecmascript.org/doku.php?id=strawman:value_proxies"
1,1364395060100,"MoOx","Atu: view source"
1,1364395074343,"MoOx","C'est du d3"
1,1364395075952,"MoOx","svg"
1,1364395093107,"nfroidure","Moi je vois du canvans dans la source"
1,1364395094467,"Atu","MoOx c'est magnifique je trouve"
1,1364395169330,"nfroidure","svg indeed, un boulot de dingue"
1,1364395176390,"_kud","de déginglos"
1,1364395252361,"nfroidure","Le canvads, c'est pour les lignes qui surplombent les stats"
1,1364395276950,"Atu","j'aimerai bien faire un site comme ça"
1,1364395283758,"Atu","on pourrai en faire un pour franceJS"
1,1364395291500,"Atu","le nombre d'adhérent, etc ..."
1,1364395323880,"_kud","aimerais*"
1,1364395326970,"_kud","pourrait*"
1,1364395331833,"_kud","adhérents*"
1,1364395347677,"_kud","faut que j'ouvre un bugtracker grammarnazi pour tout corriger"
1,1364395361217,"_kud","sinon je vais être rapidement submergé."
1,1364395362260,"Atu","_kud c'est payant ton service de grammaire ?"
1,1364395368261,"_kud","Pour le moment non."
1,1364395376002,"Atu","je vais devoir de l'argent bientôt ?"
1,1364395379230,"nfroidure","cé trait désoblijant tu sé de reprandre l'aurtograffe !"
1,1364395389404,"_kud","ERROR 344350"
1,1364395400049,"_kud","Process dead."
1,1364395406345,"Nyalab","_kud dead."
17,1364395459748,"Marionnette","_kud, j'adorerais que tu me programmes pour faire cela :)"
1,1364395468732,"_kud","coquine"
1,1364395478752,"Atu","ça devient bizarre ce chan !"
1,1364395545969,"_kud","Ca l'a tjs été"
1,1364395576068,"Atu","c'est à cause de toi !"
1,1364395624697,"nfroidure","_kud, normal, t'es toujours là quand tu es là"
1,1364395626426,"Atu","plus de loader sur http://blog.iawa.fr/"
1,1364395639241,"_kud","ca c'est philosophique"
1,1364395660488,"Atu","et pour les geeks http://www.guardian.co.uk/technology/gamesblog/2013/mar/27/battlefield-4-preview :)"
1,1364395672408,"Nyalab","geeks."
1,1364395676854,"Nyalab","tu sors."
1,1364395686595,"Atu","whyyyyyy ?"
1,1364395696786,"Nyalab","\"geeks"
1,1364395698384,"Nyalab","\""
1,1364395711674,"Atu","gueek"
1,1364395716007,"Atu","guik"
1,1364395718867,"nfroidure","les nerds aiment pas trop les geeks"
1,1364395733042,"Nyalab","bref"
1,1364395741320,"Nyalab","moi j'mettrais un <marquee> sur le titre de tes actus"
1,1364395747498,"nfroidure",":D"
1,1364395760449,"Nyalab","\"Profil\" -> \"Profile\""
1,1364395760847,"Atu","vous êtes pire que des femmes ! psychorigide"
1,1364395786529,"nfroidure","Atu, j'ai rien dis moi, m'en fous de star wars de toute façon :D"
1,1364395817828,"Atu","Nyalab je préfère <blink>"
1,1364395830576,"Nyalab","tu peux mettre les 2 ;) #protip"
1,1364395850088,"Atu","nfroidure j'y crois moyen"
1,1364395856309,"mab","<epilepsie>"
1,1364395872174,"Atu","heureusement que tu es la Nyalab"
1,1364395888422,"Atu","je vais faire ça de suite"
1,1364395890471,"Nyalab","avé plaisir"
1,1364395892684,"nfroidure","Je rêve, marquee ça marche encore"
1,1364395914219,"Nyalab","ah bah ça fait les malins avec du js"
1,1364395923284,"Nyalab","mais on a juste tout pompé sur du marquee en fait"
1,1364395929647,"Nyalab",":3"
1,1364395933500,"Atu","marquee c'est l'évolution majeure du web ;)"
1,1364395948624,"nfroidure","y doit y avoir plein de code spécifique juste pour ça"
1,1364395959817,"nfroidure","comprends pas que ça soit pas viré :)"
2,1364396187156,"rhannequin","rhannequin join the chan."
2,1364396188823,"Amatewasu","Amatewasu join the chan."
1,1364396334583,"Atu","ça fait pas de mal"
32,1364397108062,"peutetre","peutetre leave the IRC (Quit: peutetre)."
2,1364397600286,"peutetre","peutetre join the chan."
32,1364397995171,"rhannequin","rhannequin leave the IRC (Ping timeout: 245 seconds)."
2,1364399488918,"neemzy","neemzy join the chan."
1,1364399494849,"neemzy","re"
2,1364400032414,"bobylito_","bobylito_ join the chan."
32,1364400238855,"bobylito","bobylito leave the IRC (Ping timeout: 272 seconds)."
32,1364400308439,"bobylito_","bobylito_ leave the IRC (Ping timeout: 252 seconds)."
32,1364400356888,"revolunet","revolunet leave the IRC (Ping timeout: 264 seconds)."
2,1364400374954,"bobylito","bobylito join the chan."
2,1364400478847,"vvo1","vvo1 join the chan."
32,1364400479087,"vvo","vvo leave the IRC (Disconnected by services)."
2,1364401752314,"vvo","vvo join the chan."
32,1364401825865,"vvo1","vvo1 leave the IRC (Ping timeout: 240 seconds)."
32,1364403342789,"neemzy","neemzy leave the IRC (Quit: Page closed)."
32,1364403469144,"bobylito","bobylito leave the IRC (Quit: bobylito)."
2,1364403655174,"bobylito","bobylito join the chan."
32,1364403702849,"bobylito","bobylito leave the IRC (Client Quit)."
32,1364405434070,"peutetre","peutetre leave the IRC (Quit: peutetre)."
32,1364406161866,"HammHetfield","HammHetfield leave the IRC (Quit: HammHetfield)."
1,1364406765188,"nfroidure","Ca s'excite grave sur LinkedIn en ce moment"
1,1364406779839,"MoOx","dans quel sens ?"
1,1364406786239,"nfroidure","Par contre, les recruteurs sont pas très bons en géographie"
1,1364406820229,"nfroidure","J'accepterai pas un poste à toulouse pour 300€ de plus de salaire..."
1,1364406866231,"nfroidure","MoOx, j'ai pleins de demandes de contact de chasseurs de tête"
1,1364406880516,"MoOx","euh"
1,1364406882059,"MoOx","alors"
1,1364406884712,"MoOx","à toulosue"
1,1364406893058,"MoOx","tu enleve 1/3 d'un paye de paris"
1,1364406901796,"MoOx","genre un 45k€ à paris"
1,1364406905721,"MoOx","c 30k€ à toulouse"
1,1364406910887,"MoOx","grosso merdo"
1,1364406922398,"MoOx","donc si t'es a 45k€ à toulosue"
1,1364406929880,"MoOx","c plutôt correcte"
1,1364406968829,"nfroidure","je dis ça comme ça, mais je suis du Nord, alors pour aller m'expatrier à Toulouse, il me faudrait de sacrée bonnes raisons. Plus convaincantes que les saucisses ;)"
1,1364407142318,"Nyalab","le climat"
1,1364407143924,"Nyalab","l'ambiance"
1,1364407144990,"Nyalab","la ville"
1,1364407161588,"Nyalab","la me à 1h20 de route, l'océan a 2"
1,1364407167526,"Nyalab","la montagne à 1h15"
1,1364407171209,"Nyalab","mer*"
1,1364407331492,"nfroidure",":)"
1,1364407352585,"nfroidure","A ce propos, j'hésite à changer l'intitulé de mes profils avec Développeur Javascript"
1,1364407379859,"nfroidure","Là j'ai mis développeur web, mais ça peut vouloir tout dire."
1,1364407392714,"nfroidure","Vous avez mis quoi vous ?"
1,1364407478780,"MoOx","Développeur web Front-End"
1,1364407486793,"MoOx","mais bon maintenant que je me met à Node"
1,1364407497983,"MoOx","je sais pas si Front-End c'est bon"
1,1364407502855,"MoOx","Mais je préfère le front"
1,1364407506904,"MoOx","donc je vais laisser ça :)"
1,1364407589086,"nfroidure","Moi je suis un peu multicartes, je suis entre front et back, j'aime les deux."
1,1364407600078,"nfroidure","J'hésite à me spécialiser"
1,1364407914160,"MoOx","t'es spécialisé JS :)"
1,1364407931160,"MoOx","moi c plutôt CSS mais je kiffe bien JS"
1,1364407942692,"MoOx","donc dev web front-end ca me colle bien"
1,1364407954444,"MoOx","toi c donc bien développeur (web) JavaScript :)"
1,1364407962364,"nfroidure","MoOx, j'ai aussi un gros background en PHP, mais je sais pas si je vais continuer à me renouveler."
32,1364408053303,"NimS`","NimS` leave the IRC (undefined)."
1,1364408103435,"nfroidure","en même temps, node niveau perf, je sais pas ce que ça donne par rapport à PHP. Mais j'ai le sentiment qu'on va bientôt tous y passer :)"
1,1364408136032,"nfroidure","Mon prochain défi : un module node en C++, je referai bien mon parseur de varstream en C++"
32,1364409743861,"vvo","vvo leave the IRC (Remote host closed the connection)."
2,1364413066069,"t8g","t8g join the chan."
2,1364414411907,"kud","kud join the chan."
32,1364414807593,"romainhuet","romainhuet leave the IRC (Ping timeout: 252 seconds)."
32,1364415646001,"MoOx","MoOx leave the IRC (Ping timeout: 240 seconds)."
2,1364416091554,"lbdremy","lbdremy join the chan."
2,1364416569236,"peutetre","peutetre join the chan."
32,1364419148779,"lbdremy","lbdremy leave the IRC (Quit: Leaving)."
32,1364419325610,"peutetre","peutetre leave the IRC (Quit: peutetre)."
2,1364419356119,"peutetre","peutetre join the chan."
2,1364419536610,"bobylito","bobylito join the chan."
2,1364419816205,"romainhuet","romainhuet join the chan."
32,1364420866133,"bobylito","bobylito leave the IRC (Quit: bobylito)."
2,1364420994999,"bobylito","bobylito join the chan."
32,1364421107864,"bobylito","bobylito leave the IRC (Client Quit)."
32,1364422006497,"Amatewasu","Amatewasu leave the IRC (Quit: bon aller bonne nuit)."
2,1364422318901,"eaSy60","eaSy60 join the chan."
32,1364422353496,"t8g","t8g leave the IRC (Quit: Leaving.)."
32,1364422667978,"eaSy60","eaSy60 leave the IRC (Quit: Bye!)."
2,1364424101983,"rhannequin","rhannequin join the chan."
2,1364424145294,"Nyalab_","Nyalab_ join the chan."
