2,1374963468605,"_mlb_","_mlb_ join the chan."
32,1374963511501,"_mlb","_mlb leave the IRC (Ping timeout: 276 seconds)."
32,1374966060952,"_kud","_kud leave the IRC (Quit: Leaving)."
32,1374969690800,"_mlb_","_mlb_ leave the IRC (Ping timeout: 256 seconds)."
2,1374969694828,"_mlb","_mlb join the chan."
32,1374971253210,"nod_","nod_ leave the IRC (Remote host closed the connection)."
2,1374971274397,"nod_","nod_ join the chan."
2,1374971820869,"Grirrle1","Grirrle1 join the chan."
32,1374971947122,"Grirrle","Grirrle leave the IRC (Ping timeout: 240 seconds)."
2,1374987135497,"MoOx","MoOx join the chan."
32,1374987594790,"euskadi31","euskadi31 leave the IRC (Quit: WeeChat 0.4.0)."
32,1374990959041,"Munto","Munto leave the IRC (Quit: Let's make things Frugal!)."
32,1374994076141,"MoOx","MoOx leave the IRC (Remote host closed the connection)."
32,1374999573498,"bobot","bobot leave the IRC (Remote host closed the connection)."
2,1374999581325,"bobot","bobot join the chan."
32,1374999660996,"bobot","bobot leave the IRC (Remote host closed the connection)."
2,1374999667912,"bobot","bobot join the chan."
32,1374999702463,"bobot","bobot leave the IRC (Remote host closed the connection)."
2,1374999709355,"bobot","bobot join the chan."
32,1374999836879,"bobot","bobot leave the IRC (Remote host closed the connection)."
2,1374999844148,"bobot","bobot join the chan."
32,1375000925964,"bobot","bobot leave the IRC (Remote host closed the connection)."
2,1375000932990,"bobot","bobot join the chan."
32,1375001748749,"bobot","bobot leave the IRC (Remote host closed the connection)."
2,1375001755438,"bobot","bobot join the chan."
2,1375016363137,"Munto","Munto join the chan."
2,1375037073274,"endou","endou join the chan."
32,1375039491287,"endou","endou leave the IRC (Remote host closed the connection)."
32,1375048360577,"_mlb","_mlb leave the IRC (Remote host closed the connection)."
