2,1379888918764,"MoOx","MoOx join the chan."
32,1379889514880,"MoOx","MoOx leave the IRC (Remote host closed the connection)."
32,1379892193855,"_kud","_kud leave the IRC (Remote host closed the connection)."
32,1379894984510,"revolunet","revolunet leave the IRC (Quit: revolunet)."
2,1379895203157,"revolunet","revolunet join the chan."
32,1379895320947,"revolunet","revolunet leave the IRC (Client Quit)."
2,1379897725767,"stephCou_","stephCou_ join the chan."
32,1379897857254,"stephCoue","stephCoue leave the IRC (Read error: Connection reset by peer)."
32,1379903272107,"stephCou_","stephCou_ leave the IRC (Remote host closed the connection)."
2,1379908457440,"MoOx","MoOx join the chan."
32,1379908725411,"MoOx","MoOx leave the IRC (Ping timeout: 252 seconds)."
32,1379911737928,"nfroidure","nfroidure leave the IRC (Ping timeout: 276 seconds)."
2,1379912763690,"MoOx","MoOx join the chan."
2,1379917748196,"stephCoue","stephCoue join the chan."
2,1379918838872,"revolunet","revolunet join the chan."
32,1379918863845,"revolunet","revolunet leave the IRC (Client Quit)."
2,1379919134197,"revolunet","revolunet join the chan."
32,1379919273572,"Grirrle","Grirrle leave the IRC (Quit: Leaving.)."
2,1379920834476,"Grirrle","Grirrle join the chan."
32,1379921040985,"revolunet","revolunet leave the IRC (Quit: revolunet)."
2,1379921946515,"brice","brice join the chan."
2,1379922127633,"Nyalab","Nyalab join the chan."
2,1379923258171,"OwlyCode","OwlyCode join the chan."
2,1379923685161,"_kud","_kud join the chan."
2,1379924052071,"stephCou_","stephCou_ join the chan."
2,1379924076262,"revolunet","revolunet join the chan."
32,1379924187784,"stephCoue","stephCoue leave the IRC (Ping timeout: 261 seconds)."
32,1379924531550,"revolunet","revolunet leave the IRC (Quit: revolunet)."
2,1379924770364,"mab1","mab1 join the chan."
2,1379925134632,"Shahor","Shahor join the chan."
2,1379925268616,"_mlb","_mlb join the chan."
2,1379927512832,"oncletom","oncletom join the chan."
32,1379928075576,"bigx","bigx leave the IRC (Remote host closed the connection)."
32,1379928308346,"OwlyCode","OwlyCode leave the IRC (Ping timeout: 245 seconds)."
2,1379928783261,"bigx","bigx join the chan."
32,1379928912078,"Nyalab","Nyalab leave the IRC (Remote host closed the connection)."
2,1379929224533,"OwlyCode","OwlyCode join the chan."
2,1379929391720,"Nyalab","Nyalab join the chan."
2,1379930370219,"tfe","tfe join the chan."
2,1379931092415,"rhannequin","rhannequin join the chan."
32,1379931437219,"_mlb","_mlb leave the IRC (Remote host closed the connection)."
2,1379933156307,"lionelB","lionelB join the chan."
2,1379933298333,"_mlb","_mlb join the chan."
32,1379933744664,"Shahor","Shahor leave the IRC (Remote host closed the connection)."
2,1379933772114,"Shahor","Shahor join the chan."
32,1379933806365,"_mlb","_mlb leave the IRC (Ping timeout: 252 seconds)."
2,1379933820150,"Shahor_","Shahor_ join the chan."
32,1379933977582,"Shahor_","Shahor_ leave the IRC (Read error: Connection reset by peer)."
2,1379933993494,"Shahor_","Shahor_ join the chan."
32,1379934043111,"Shahor","Shahor leave the IRC (Ping timeout: 260 seconds)."
2,1379936596906,"_mlb","_mlb join the chan."
32,1379937925101,"bobot","bobot leave the IRC (Remote host closed the connection)."
2,1379937932105,"bobot","bobot join the chan."
32,1379938558703,"rhannequin","rhannequin leave the IRC (Ping timeout: 245 seconds)."
32,1379939312781,"oncletom","oncletom leave the IRC (Quit: Leaving.)."
256,1379940021540,"Shahor_","Shahor_ changed his nick for Shahor."
2,1379941880732,"revolunet","revolunet join the chan."
2,1379941995354,"oncletom","oncletom join the chan."
32,1379942287232,"bobot","bobot leave the IRC (Ping timeout: 248 seconds)."
2,1379945767895,"Nickdouille","Nickdouille join the chan."
1,1379945956362,"Nickdouille","lo"
32,1379946070103,"Nickdouille","Nickdouille leave the IRC (Quit: Page closed)."
32,1379946534019,"_kud","_kud leave the IRC (Ping timeout: 245 seconds)."
2,1379946789410,"_kud","_kud join the chan."
32,1379947106531,"revolunet","revolunet leave the IRC (Quit: revolunet)."
2,1379947198436,"revolunet","revolunet join the chan."
2,1379947506064,"bobot","bobot join the chan."
32,1379947677535,"revolunet","revolunet leave the IRC (Quit: revolunet)."
2,1379949133198,"kud","kud join the chan."
32,1379949135483,"_kud","_kud leave the IRC (Ping timeout: 248 seconds)."
256,1379949150834,"kud","kud changed his nick for _kud."
1,1379949753996,"_kud","Quelqu'un au courant de l'orga derrière AngerJS ?"
1,1379949779796,"_kud","AngersJS pardon"
1,1379951073201,"stephCou_","je suis sur la waiting list :("
1,1379951086690,"stephCou_","m'y suis pris trop tard"
1,1379951166488,"stephCou_","oop je suis fatigué j'ai cru lire angularJS"
2,1379951667587,"rhannequin","rhannequin join the chan."
1,1379952184146,"_kud","haha stephCou_"
32,1379952394641,"Shahor","Shahor leave the IRC (Remote host closed the connection)."
32,1379952939689,"OwlyCode","OwlyCode leave the IRC (Quit: Quitte)."
32,1379953890456,"brice","brice leave the IRC (Quit: Quitte)."
32,1379954151119,"Nyalab","Nyalab leave the IRC (Remote host closed the connection)."
32,1379954611195,"Grirrle","Grirrle leave the IRC (Quit: Leaving.)."
32,1379955156903,"_mlb","_mlb leave the IRC (Remote host closed the connection)."
32,1379955407757,"rhannequin","rhannequin leave the IRC (Ping timeout: 248 seconds)."
2,1379956703954,"_mlb","_mlb join the chan."
32,1379957239983,"MoOx","MoOx leave the IRC (Remote host closed the connection)."
2,1379958585852,"MoOx","MoOx join the chan."
2,1379958644328,"kud","kud join the chan."
256,1379959610219,"_kud","_kud changed his nick for Guest28306."
32,1379959610277,"Guest28306","Guest28306 leave the IRC (Killed (cameron.freenode.net (Nickname regained by services)))."
256,1379959610288,"kud","kud changed his nick for _kud."
2,1379959648035,"kud","kud join the chan."
256,1379959819664,"_kud","_kud changed his nick for kud_."
32,1379959868832,"_mlb","_mlb leave the IRC (Read error: Connection reset by peer)."
256,1379959902228,"kud_","kud_ changed his nick for test_."
2,1379959903515,"_mlb","_mlb join the chan."
256,1379959948433,"test_","test_ changed his nick for kud_."
256,1379959984327,"kud_","kud_ changed his nick for _kud."
32,1379960587245,"oncletom","oncletom leave the IRC (Quit: Leaving.)."
2,1379960690401,"revolunet","revolunet join the chan."
32,1379960712530,"_kud","_kud leave the IRC (Remote host closed the connection)."
32,1379961036426,"revolunet","revolunet leave the IRC (Quit: revolunet)."
1,1379961915757,"stephCou_","finit YES!!!"
1,1379961918728,"stephCou_","http://steph.io/francejs.github.com/"
1,1379961934867,"stephCou_","OYE OYE"
2,1379962544573,"_kud","_kud join the chan."
32,1379963639417,"_kud","_kud leave the IRC (Ping timeout: 252 seconds)."
2,1379964158964,"revolunet","revolunet join the chan."
2,1379964288898,"_kud","_kud join the chan."
32,1379964361528,"_mlb","_mlb leave the IRC (Read error: Connection reset by peer)."
2,1379964396043,"_mlb","_mlb join the chan."
32,1379965158792,"MoOx","MoOx leave the IRC (Remote host closed the connection)."
32,1379968629549,"No`","No` leave the IRC (Quit: BAGUETTE ON SNAILS!)."
