32,1380405602489,"_mlb","_mlb leave the IRC (Read error: Connection reset by peer)."
2,1380405677795,"_mlb","_mlb join the chan."
32,1380409255903,"august1","august1 leave the IRC (Quit: august1)."
32,1380415395719,"_mlb","_mlb leave the IRC (Remote host closed the connection)."
2,1380417525073,"_mlb","_mlb join the chan."
32,1380417811069,"_mlb","_mlb leave the IRC (Ping timeout: 256 seconds)."
2,1380421372626,"_mlb","_mlb join the chan."
32,1380421706638,"_mlb","_mlb leave the IRC (Ping timeout: 248 seconds)."
2,1380428798612,"_mlb","_mlb join the chan."
32,1380429111660,"_mlb","_mlb leave the IRC (Ping timeout: 240 seconds)."
2,1380433985665,"MoOx","MoOx join the chan."
32,1380435091518,"MoOx","MoOx leave the IRC (Remote host closed the connection)."
2,1380437064780,"MoOx","MoOx join the chan."
2,1380440705591,"Nyalab_","Nyalab_ join the chan."
32,1380440865563,"Nyalab","Nyalab leave the IRC (Ping timeout: 260 seconds)."
2,1380444159949,"_mlb","_mlb join the chan."
2,1380453913721,"melmoussaoui","melmoussaoui join the chan."
32,1380454870563,"melmoussaoui","melmoussaoui leave the IRC (Ping timeout: 240 seconds)."
2,1380463342649,"revolunet","revolunet join the chan."
2,1380467625439,"august1","august1 join the chan."
32,1380470278729,"august1","august1 leave the IRC (Quit: august1)."
32,1380472256679,"revolunet","revolunet leave the IRC (Quit: revolunet)."
2,1380478000323,"august1","august1 join the chan."
32,1380479464970,"august1","august1 leave the IRC (Quit: august1)."
2,1380480939302,"august1","august1 join the chan."
2,1380481876784,"lionelB","lionelB join the chan."
2,1380482599515,"_lc_fr_","_lc_fr_ join the chan."
32,1380483963164,"_mlb","_mlb leave the IRC (Read error: Connection reset by peer)."
2,1380484017481,"_mlb","_mlb join the chan."
32,1380485291756,"MoOx","MoOx leave the IRC (Remote host closed the connection)."
32,1380485699193,"_lc_fr_","_lc_fr_ leave the IRC (Quit: Leaving)."
32,1380485855633,"august1","august1 leave the IRC (Quit: august1)."
2,1380486480599,"august1","august1 join the chan."
4,1380491133669,"lionelB","lionelB leave the chan."
2,1380491298807,"revolunet","revolunet join the chan."
