2,1375136653334,"revolunet","revolunet join the chan."
32,1375138319640,"MoOx","MoOx leave the IRC (Remote host closed the connection)."
32,1375138321900,"fbentz","fbentz leave the IRC (Quit: fbentz)."
2,1375138353834,"MoOx","MoOx join the chan."
2,1375140094696,"Munto","Munto join the chan."
32,1375140296831,"kud","kud leave the IRC (Read error: Connection reset by peer)."
32,1375144857265,"nod_","nod_ leave the IRC (Read error: Connection reset by peer)."
2,1375144902251,"nod_","nod_ join the chan."
32,1375145887413,"revolunet","revolunet leave the IRC (Quit: revolunet)."
32,1375159261648,"MoOx","MoOx leave the IRC (Remote host closed the connection)."
2,1375159275181,"MoOx","MoOx join the chan."
32,1375161122379,"Munto","Munto leave the IRC (Quit: Let's make things Frugal!)."
2,1375166488411,"HammHetfield","HammHetfield join the chan."
2,1375167389425,"rhannequin","rhannequin join the chan."
2,1375167425489,"fbentz","fbentz join the chan."
32,1375168226442,"rhannequin","rhannequin leave the IRC (Remote host closed the connection)."
2,1375168241753,"rhannequin","rhannequin join the chan."
2,1375168875579,"Grirrle","Grirrle join the chan."
2,1375168875619,"endou","endou join the chan."
2,1375169057179,"revolunet","revolunet join the chan."
1,1375169592947,"fbentz","Hello"
2,1375169712807,"kewah","kewah join the chan."
32,1375169864247,"endou","endou leave the IRC (Remote host closed the connection)."
2,1375169993575,"endou","endou join the chan."
32,1375171001105,"_mlb","_mlb leave the IRC (Remote host closed the connection)."
2,1375171757933,"fbentz_","fbentz_ join the chan."
32,1375171787634,"fbentz","fbentz leave the IRC (Ping timeout: 248 seconds)."
256,1375171787816,"fbentz_","fbentz_ changed his nick for fbentz."
4,1375172246756,"nod_","nod_ leave the chan."
32,1375172304144,"endou","endou leave the IRC (Remote host closed the connection)."
2,1375172369292,"nfroidure","nfroidure join the chan."
2,1375172431906,"nod_","nod_ join the chan."
2,1375172700354,"_mlb","_mlb join the chan."
32,1375173036190,"_mlb","_mlb leave the IRC (Read error: Connection reset by peer)."
2,1375173055229,"_mlb","_mlb join the chan."
32,1375173437783,"bobot","bobot leave the IRC (Remote host closed the connection)."
2,1375173444326,"bobot","bobot join the chan."
32,1375173458689,"kewah","kewah leave the IRC (Quit: kewah)."
2,1375173629982,"kewah","kewah join the chan."
2,1375175166952,"oncletom","oncletom join the chan."
2,1375175655775,"eaSy60","eaSy60 join the chan."
2,1375175720399,"endou","endou join the chan."
1,1375177129207,"angezanetti","o/"
1,1375177134222,"nfroidure","Faudrait qu'on se bouge pour le site vu la conf js de Toulouse. cc _kud"
1,1375177188169,"_kud","oui"
1,1375177218852,"nfroidure","Au pire, on peut commencer le design. On fait un SVG collaboratif."
1,1375177243080,"nfroidure","La plupart d'entre nous sont nuls en design, mais tous ensebmle on peut peut-être faire un truc sympa."
1,1375177281968,"_kud","La plupart d'entre nous sont bientôt en vacances :D"
1,1375177324019,"nfroidure","Moi je pars qu'une semaine ;)"
1,1375177348162,"nfroidure","Je vais me lancer pour le SVG initial."
1,1375177430197,"nfroidure","Ca me fait penser qu'on a pas de slogan"
1,1375177473021,"nfroidure","FranceJS : la communauté JavaScript française  ?"
1,1375177739229,"_kud","oui"
1,1375177974338,"nfroidure","Je prends quoi comme rythme vertical ? 20px ?"
1,1375178104246,"_kud","rythme vertical... ?"
1,1375178452424,"nfroidure","Tu t'arranges pour que toutes tes hauteurs soient multiple de 20px"
1,1375179050292,"nfroidure","Niveau colonnes, je pars sur  300-30-300-30-300"
2,1375179119889,"pfilipovicz","pfilipovicz join the chan."
4,1375179123161,"pfilipovicz","pfilipovicz leave the chan."
32,1375179493348,"Shahor","Shahor leave the IRC (Remote host closed the connection)."
2,1375179892316,"Shahor","Shahor join the chan."
32,1375180086900,"fbentz","fbentz leave the IRC (Quit: fbentz)."
1,1375180406185,"nfroidure","Besoin d'avis sur le contenu du site : https://github.com/francejs/francejs.github.com/issues/37"
1,1375180407846,"bobot"," | Stars: 4 | Forks: 19 | Last update:"
32,1375180501343,"kewah","kewah leave the IRC (Quit: kewah)."
32,1375181325298,"eaSy60","eaSy60 leave the IRC (Quit: Leaving...)."
2,1375181712542,"kewah","kewah join the chan."
2,1375182093623,"eaSy60","eaSy60 join the chan."
32,1375182376017,"kewah","kewah leave the IRC (Quit: kewah)."
32,1375182624325,"Shahor","Shahor leave the IRC (Remote host closed the connection)."
2,1375183500343,"Shahor","Shahor join the chan."
32,1375183638674,"endou","endou leave the IRC (Ping timeout: 264 seconds)."
32,1375184928588,"eaSy60","eaSy60 leave the IRC (Quit: Leaving...)."
2,1375185056146,"kewah","kewah join the chan."
2,1375185180742,"endou","endou join the chan."
2,1375185248151,"eaSy60","eaSy60 join the chan."
2,1375185922750,"fbentz","fbentz join the chan."
32,1375186153158,"rhannequin","rhannequin leave the IRC (Remote host closed the connection)."
32,1375187118856,"endou","endou leave the IRC (Ping timeout: 245 seconds)."
2,1375187483451,"endou","endou join the chan."
2,1375188582108,"tbassetto","tbassetto join the chan."
2,1375189043773,"pfilipovicz","pfilipovicz join the chan."
1,1375189279449,"tbassetto","pouet"
1,1375190050737,"urcadox","tbassetto: pouet"
1,1375193437340,"_kud","Tiens salut tbassetto :)"
32,1375193659114,"eaSy60","eaSy60 leave the IRC (Quit: Linkinus - http://linkinus.com)."
2,1375193690977,"EpokK","EpokK join the chan."
1,1375193795722,"oncletom","un suedois !"
1,1375193822506,"tbassetto","rhaaa non"
1,1375193878408,"tbassetto","http://fr.wikipedia.org/wiki/Scandinavie"
32,1375194395295,"EpokK","EpokK leave the IRC (Quit: Page closed)."
1,1375194672354,"_kud","C'est comment alors tbassetto ?"
1,1375194890269,"tbassetto","_kud: c'est ouf"
1,1375194969967,"tbassetto","je me demande pourquoi je n'ai pas essayé de quitter Paris avant :)"
1,1375195056741,"_kud","arrête"
1,1375195061058,"_kud","j'y pense quasi tous les jours"
1,1375195066774,"_kud","t'y vois quoi de super tbassetto ?"
32,1375195070854,"NiKo`","NiKo` leave the IRC (Quit: So long.)."
1,1375195152872,"tbassetto","plein de choses, faudrait que je mette ça sur un gist. ça serait intéressant de croiser ça avec d'autres expat /ccc oncletom"
1,1375195186915,"oncletom","tbassetto: ;-) je sais je taquine"
1,1375195206359,"tbassetto","héhé, ça m'étonnait de toi :)"
1,1375195230985,"oncletom","c'est marrant pque le sujet tourne ici https://larlet.fr/david/blog/2013/ex-patrie/ et ici http://olivier.thereaux.net/2013/06-Tokyo-Sentimental-Journey/"
1,1375195237595,"oncletom","(lire d'abord le dernier)"
1,1375195296620,"oncletom","Karl Dubost a une belle analyse aussi, en commentaire"
2,1375195335152,"NiKo`","NiKo` join the chan."
1,1375195362553,"oncletom","mince, il l'a pas mis en public"
1,1375195370234,"tbassetto","pour un front-end developer partir hors de France c'est souvent x2 sur salaire net et l'avantage de la norvége par rapport aux USA ou au UK c'est la protection sociale + horaires de travail"
1,1375195426325,"oncletom","http://librelist.com/browser//larletfr/2013/7/30/discussion-sur-ex-patrie/#51fd40c33193c4a421a1e30174a5a284"
1,1375195446109,"tbassetto","je travaille dans une startup donc tout ne s'applique pas à mon cas mais j'ai plein d'annecdotes de ma femme. genre un vendredi à 16h, son manager lui demande si elle compte travailler tout les week-end en la voyant encore au bureau"
1,1375195453545,"_kud","niiice tbassetto"
1,1375195470387,"tbassetto","et elle est ingénieur... on lui paye d'ailleurs ses heures sups"
1,1375195475600,"_kud","lol"
1,1375195512363,"tbassetto","oncletom: merci pour les liens, je lis ça ce soir"
1,1375196896168,"fbentz","En tout cas moi je vous tire mon chapeau pour ceux qui ont osés faire le grand saut"
1,1375196908329,"fbentz","*osé"
32,1375196989465,"endou","endou leave the IRC (Remote host closed the connection)."
1,1375197976637,"nfroidure","Faudrait faire une partie expat sur FranceJS.org"
1,1375197994111,"nfroidure","Avec des référents pour chaque pays :p"
1,1375198481886,"tbassetto","pas con"
32,1375200039951,"HammHetfield","HammHetfield leave the IRC (Quit: HammHetfield)."
4,1375200734452,"Grirrle","Grirrle leave the chan."
2,1375201295919,"nfroidure_","nfroidure_ join the chan."
32,1375201531343,"nfroidure","nfroidure leave the IRC (Ping timeout: 264 seconds)."
32,1375201910919,"kewah","kewah leave the IRC (Quit: kewah)."
32,1375202711325,"_mlb","_mlb leave the IRC (Ping timeout: 245 seconds)."
32,1375203043272,"fbentz","fbentz leave the IRC (Quit: fbentz)."
32,1375203441633,"MoOx","MoOx leave the IRC (Remote host closed the connection)."
2,1375203477310,"MoOx","MoOx join the chan."
32,1375203731056,"MoOx","MoOx leave the IRC (Read error: Connection reset by peer)."
2,1375203737450,"MoOx","MoOx join the chan."
32,1375203905084,"Shahor","Shahor leave the IRC (Remote host closed the connection)."
2,1375204042330,"_mlb","_mlb join the chan."
1,1375204923738,"oncletom","tbassetto: tiens au fait pour te mettre dans l'ambiance, un tres bon accordeonniste de ton coin – https://play.spotify.com/album/28IxUUUphGI3cO5RUCmhDz"
1,1375205330113,"nfroidure_","on me propose 5 places à gagner pour CaenJS"
1,1375205347292,"nfroidure_","Faut juste trouver un moyen de les mettre en jeu"
256,1375205352388,"nfroidure_","nfroidure_ changed his nick for nfroidure."
1,1375205361585,"nfroidure","Des idées ?"
1,1375205485826,"nfroidure","Plusieurs idées :"
1,1375205488234,"oncletom","Un probleme a resoudre en JS"
1,1375205500726,"oncletom","(et la personne file un gist en prive ou un truc du genre)"
1,1375205513667,"oncletom","ou via une PR sur Github"
1,1375205525640,"nfroidure","- y'a peu de temps, j'ai fait tourner un lien qui consistait à tester les compétences d'un dev front end depuis la console. On peut voir à faire un truc adapté."
1,1375205544677,"oncletom","oh attend y'a un truc pas mal sur ca que j'avais vu y'a a pas longtemps"
1,1375205546538,"nfroidure","- les mots-croisés RegExp (je sais pas si vous avez vu passé, mais c'est cool :)"
1,1375205567426,"nfroidure","Je crois que c'est MoOx que j'avais RT, mais plus sûr"
1,1375205715992,"nfroidure","Les dangers du Tweet automatique, le fan club plus belle la vie RT ça :"
1,1375205716574,"nfroidure","https://twitter.com/nfroidure/status/362251132107620352"
32,1375205716872,"oncletom","oncletom leave the IRC (Quit: Leaving.)."
1,1375205718281,"bobot","@nfroidure: Se taper les 5 dernières minutes de Plus belle la vie pour regarder Dr Who sur #France4 #vdm"
2,1375206198515,"fbentz","fbentz join the chan."
32,1375206483669,"fbentz","fbentz leave the IRC (Client Quit)."
1,1375206535503,"nfroidure","Ok, donc c'était NiKo` : https://twitter.com/n1k0/status/351697654293602304"
1,1375206537635,"bobot","@n1k0: wanna check your js skills? try that http://kalisjoshua.github.io/Jasper/ "
2,1375206561429,"fbentz","fbentz join the chan."
32,1375207087425,"fbentz","fbentz leave the IRC (Ping timeout: 256 seconds)."
32,1375207836277,"Tobu_","Tobu_ leave the IRC (Remote host closed the connection)."
2,1375207949107,"Tobu","Tobu join the chan."
32,1375208686604,"revolunet","revolunet leave the IRC (Ping timeout: 245 seconds)."
1,1375211673311,"tbassetto","pas mal Jasper, mais j'ai eu des doutes sur l'énoncé \"Execute Jasper with a context that matches its argument.\""
2,1375211703501,"kud","kud join the chan."
2,1375216003408,"Munto","Munto join the chan."
1,1375219133455,"nfroidure","tbassetto, j'ai buggé là aussi un moment ;)"
32,1375219699108,"Munto","Munto leave the IRC (Quit: Let's make things Frugal!)."
2,1375219805535,"Munto","Munto join the chan."
