32,1376431199105,"MoOx","MoOx leave the IRC (Remote host closed the connection)."
32,1376433116265,"Tobu","Tobu leave the IRC (Remote host closed the connection)."
2,1376433162681,"Tobu","Tobu join the chan."
32,1376433199173,"revolunet","revolunet leave the IRC (Quit: revolunet)."
32,1376439629887,"loicfrering","loicfrering leave the IRC (Ping timeout: 240 seconds)."
2,1376439737333,"loicfrering","loicfrering join the chan."
32,1376440865740,"papachan","papachan leave the IRC (Quit: Leaving)."
32,1376441063992,"nod_","nod_ leave the IRC (Read error: Connection reset by peer)."
2,1376441217038,"nod_","nod_ join the chan."
32,1376442486340,"Nyalab","Nyalab leave the IRC (Read error: Connection reset by peer)."
2,1376442520264,"Nyalab","Nyalab join the chan."
2,1376457760723,"MoOx","MoOx join the chan."
32,1376458045411,"nod_","nod_ leave the IRC (Ping timeout: 276 seconds)."
2,1376462363632,"oncletom","oncletom join the chan."
2,1376462637063,"HammHetfield","HammHetfield join the chan."
2,1376462667039,"fbentz","fbentz join the chan."
32,1376462693273,"oncletom","oncletom leave the IRC (Read error: Connection reset by peer)."
2,1376463820157,"revolunet","revolunet join the chan."
2,1376464002146,"Grirrle","Grirrle join the chan."
32,1376464474675,"fbentz","fbentz leave the IRC (Quit: fbentz)."
2,1376464681737,"kewah","kewah join the chan."
32,1376465089249,"revolunet","revolunet leave the IRC (Quit: revolunet)."
2,1376466226440,"_mlb","_mlb join the chan."
2,1376466398709,"rhannequin","rhannequin join the chan."
32,1376467848426,"_mlb","_mlb leave the IRC (Remote host closed the connection)."
2,1376467882157,"_mlb","_mlb join the chan."
32,1376468143159,"_mlb","_mlb leave the IRC (Ping timeout: 264 seconds)."
2,1376468368345,"revolunet","revolunet join the chan."
2,1376468595860,"oncletom","oncletom join the chan."
2,1376468820299,"fbentz","fbentz join the chan."
2,1376469159314,"endou_","endou_ join the chan."
2,1376469251195,"_mlb","_mlb join the chan."
1,1376470664657,"fbentz","Hello"
2,1376474865342,"nod_","nod_ join the chan."
32,1376475064342,"endou_","endou_ leave the IRC (Quit: My MacBook has gone to sleep. ZZZzzz…)."
2,1376475162071,"Amatewasu","Amatewasu join the chan."
32,1376475174011,"kewah","kewah leave the IRC (Quit: kewah)."
2,1376475376602,"kewah","kewah join the chan."
2,1376475632162,"kewah_","kewah_ join the chan."
32,1376475658479,"kewah","kewah leave the IRC (Ping timeout: 268 seconds)."
256,1376475658679,"kewah_","kewah_ changed his nick for kewah."
2,1376476209065,"rhannequin_","rhannequin_ join the chan."
32,1376476270633,"kewah","kewah leave the IRC (Quit: kewah)."
32,1376476415166,"rhannequin","rhannequin leave the IRC (Ping timeout: 276 seconds)."
32,1376477273102,"rhannequin_","rhannequin_ leave the IRC (Ping timeout: 276 seconds)."
2,1376479949638,"rhannequin","rhannequin join the chan."
2,1376480041122,"kewah","kewah join the chan."
32,1376481509794,"fbentz","fbentz leave the IRC (Quit: fbentz)."
2,1376483379217,"papachan","papachan join the chan."
2,1376483569861,"fbentz","fbentz join the chan."
2,1376484178739,"endou_","endou_ join the chan."
4,1376485999918,"nod_","nod_ leave the chan."
32,1376486697402,"endou_","endou_ leave the IRC (Quit: My MacBook has gone to sleep. ZZZzzz…)."
2,1376488162956,"rhannequin_","rhannequin_ join the chan."
32,1376488219942,"rhannequin","rhannequin leave the IRC (Ping timeout: 256 seconds)."
32,1376488311189,"fbentz","fbentz leave the IRC (Quit: fbentz)."
2,1376488360506,"rhannequin","rhannequin join the chan."
32,1376488433019,"rhannequin_","rhannequin_ leave the IRC (Ping timeout: 245 seconds)."
2,1376488852455,"fbentz","fbentz join the chan."
2,1376489367975,"rhannequin_","rhannequin_ join the chan."
32,1376489480552,"rhannequin","rhannequin leave the IRC (Ping timeout: 276 seconds)."
32,1376490131966,"_mlb","_mlb leave the IRC (Remote host closed the connection)."
2,1376490167045,"_mlb","_mlb join the chan."
2,1376490194661,"nod_","nod_ join the chan."
32,1376490430053,"_mlb","_mlb leave the IRC (Ping timeout: 256 seconds)."
32,1376490801946,"fbentz","fbentz leave the IRC (Quit: fbentz)."
2,1376490987514,"fbentz","fbentz join the chan."
2,1376491188089,"rhannequin","rhannequin join the chan."
32,1376491246084,"rhannequin_","rhannequin_ leave the IRC (Ping timeout: 256 seconds)."
32,1376491743704,"revolunet","revolunet leave the IRC (Quit: revolunet)."
2,1376492192506,"rhannequin_","rhannequin_ join the chan."
32,1376492272136,"rhannequin","rhannequin leave the IRC (Ping timeout: 268 seconds)."
2,1376493741357,"_mlb","_mlb join the chan."
32,1376494467233,"fbentz","fbentz leave the IRC (Quit: fbentz)."
32,1376495527192,"HammHetfield","HammHetfield leave the IRC (Quit: HammHetfield)."
32,1376495922174,"kewah","kewah leave the IRC (Quit: kewah)."
2,1376497019371,"rhannequin","rhannequin join the chan."
32,1376497060726,"rhannequin_","rhannequin_ leave the IRC (Ping timeout: 240 seconds)."
4,1376497826708,"Grirrle","Grirrle leave the chan."
32,1376497890882,"rhannequin","rhannequin leave the IRC (Remote host closed the connection)."
2,1376498917351,"fbentz","fbentz join the chan."
2,1376499753081,"_mlb_","_mlb_ join the chan."
32,1376499934159,"_mlb","_mlb leave the IRC (Ping timeout: 268 seconds)."
32,1376499934159,"fbentz","fbentz leave the IRC (Quit: fbentz)."
32,1376499934159,"_mlb_","_mlb_ leave the IRC (Ping timeout: 264 seconds)."
32,1376500826696,"papachan","papachan leave the IRC (Quit: Leaving)."
2,1376501968492,"_mlb","_mlb join the chan."
2,1376502920562,"fbentz","fbentz join the chan."
32,1376503006141,"nod_","nod_ leave the IRC (Ping timeout: 246 seconds)."
32,1376504202727,"oncletom","oncletom leave the IRC (Quit: Leaving.)."
32,1376505964030,"_mlb","_mlb leave the IRC (Remote host closed the connection)."
2,1376505998672,"_mlb","_mlb join the chan."
32,1376506258678,"_mlb","_mlb leave the IRC (Ping timeout: 245 seconds)."
2,1376510405802,"nod_","nod_ join the chan."
32,1376511554196,"Marlb","Marlb leave the IRC (Quit: ZNC - http://znc.sourceforge.net)."
2,1376512535295,"_mlb","_mlb join the chan."
32,1376514508889,"tfe","tfe leave the IRC (Read error: Connection reset by peer)."
2,1376514686987,"tfe","tfe join the chan."
32,1376516794695,"MoOx","MoOx leave the IRC (Remote host closed the connection)."
32,1376516825662,"oz","oz leave the IRC (Ping timeout: 264 seconds)."
2,1376516992205,"oz","oz join the chan."
