2,1366410448095,"Guest7020","Guest7020 join the chan."
32,1366410582869,"Guest7020","Guest7020 leave the IRC (Remote host closed the connection)."
32,1366413459916,"_kud","_kud leave the IRC (Quit: Leaving)."
2,1366417132843,"Marsup","Marsup join the chan."
32,1366427806452,"endou","endou leave the IRC (*.net *.split)."
2,1366428103299,"endou","endou join the chan."
2,1366435392939,"oz`","oz` join the chan."
32,1366435623640,"oz","oz leave the IRC (*.net *.split)."
256,1366435626457,"oz`","oz` changed his nick for oz."
2,1366447151378,"Amatewasu","Amatewasu join the chan."
2,1366447347610,"Atu","Atu join the chan."
32,1366449876454,"angezanetti","angezanetti leave the IRC (Quit: leaving)."
2,1366449890646,"angezanetti","angezanetti join the chan."
32,1366449906187,"angezanetti","angezanetti leave the IRC (Client Quit)."
2,1366449981546,"angezanetti","angezanetti join the chan."
32,1366449993286,"angezanetti","angezanetti leave the IRC (Client Quit)."
2,1366450209505,"angezanetti","angezanetti join the chan."
1,1366451875704,"nfroidure","Carrément : http://www.pcinpact.com/news/79214-jquery-2-0-est-disponible-adieu-internet-explorer-6-7-et-8.htm?utm_source=PCi_News_letter&utm_medium=second_8&utm_campaign=pcinpact"
1,1366451906406,"angezanetti","ouais, ils font pas dnas la dentelle :p"
1,1366451948547,"nfroidure","clair, mais bon, quitte à faire ça auttant utiliser VanillaJS"
2,1366455210923,"_kud","_kud join the chan."
32,1366456002785,"Amatewasu","Amatewasu leave the IRC (Quit: WeeChat 0.4.1-dev)."
2,1366456020081,"Amatewasu","Amatewasu join the chan."
32,1366457566743,"mab","mab leave the IRC (Quit: Leaving.)."
2,1366462788557,"rhannequin","rhannequin join the chan."
32,1366463615287,"euskadi31","euskadi31 leave the IRC (Quit: WeeChat 0.4.0)."
32,1366469086609,"rhannequin","rhannequin leave the IRC (Ping timeout: 256 seconds)."
32,1366470220821,"_kud","_kud leave the IRC (Quit: Leaving)."
2,1366471432627,"rhannequin","rhannequin join the chan."
32,1366471497339,"Atu","Atu leave the IRC (Quit: [\"Textual IRC Client: www.textualapp.com\"])."
32,1366473271302,"rhannequin","rhannequin leave the IRC (Quit: Quitte)."
32,1366476340396,"Amatewasu","Amatewasu leave the IRC (Ping timeout: 252 seconds)."
2,1366476635187,"Amatewasu","Amatewasu join the chan."
2,1366480001487,"MoOx","MoOx join the chan."
32,1366484486935,"MoOx","MoOx leave the IRC (Remote host closed the connection)."
2,1366484623068,"MoOx","MoOx join the chan."
2,1366485673916,"vvo","vvo join the chan."
32,1366486858476,"vvo","vvo leave the IRC (Remote host closed the connection)."
2,1366487348286,"vvo","vvo join the chan."
32,1366491074447,"MoOx","MoOx leave the IRC (Remote host closed the connection)."
