2,1382739275168,"august1","august1 join the chan."
32,1382740416463,"MoOx","MoOx leave the IRC (Remote host closed the connection)."
2,1382740448927,"MoOx","MoOx join the chan."
32,1382740725629,"MoOx","MoOx leave the IRC (Ping timeout: 260 seconds)."
32,1382741025268,"bigx","bigx leave the IRC (Remote host closed the connection)."
2,1382741093868,"Grirrle","Grirrle join the chan."
32,1382741325659,"revolunet","revolunet leave the IRC (Ping timeout: 246 seconds)."
4,1382741556809,"Grirrle","Grirrle leave the chan."
2,1382745179902,"MoOx","MoOx join the chan."
32,1382745457812,"MoOx","MoOx leave the IRC (Ping timeout: 260 seconds)."
32,1382747883094,"august1","august1 leave the IRC (Quit: august1)."
32,1382748329856,"Amatewasu","Amatewasu leave the IRC (Quit: WeeChat 0.4.3-dev)."
2,1382750598979,"Nielk","Nielk join the chan."
32,1382751323334,"Nielk","Nielk leave the IRC (Quit: Leaving.)."
2,1382751666144,"MoOx","MoOx join the chan."
32,1382751954073,"MoOx","MoOx leave the IRC (Ping timeout: 260 seconds)."
2,1382758157984,"MoOx","MoOx join the chan."
32,1382758414966,"MoOx","MoOx leave the IRC (Ping timeout: 240 seconds)."
2,1382762006933,"MoOx","MoOx join the chan."
32,1382767203709,"MoOx","MoOx leave the IRC (Remote host closed the connection)."
32,1382773631921,"fbentz","fbentz leave the IRC (Quit: fbentz)."
2,1382775034108,"nfroidure","nfroidure join the chan."
2,1382775562481,"MoOx","MoOx join the chan."
2,1382778191853,"fbentz","fbentz join the chan."
1,1382778513746,"fbentz","o/"
2,1382779771463,"august1","august1 join the chan."
32,1382779864162,"fbentz","fbentz leave the IRC (Quit: fbentz)."
2,1382780156134,"fbentz","fbentz join the chan."
2,1382782189111,"Amatewasu","Amatewasu join the chan."
32,1382782313787,"august1","august1 leave the IRC (Quit: august1)."
32,1382782688946,"urcadox","urcadox leave the IRC (Ping timeout: 248 seconds)."
32,1382782833007,"fbentz","fbentz leave the IRC (Quit: fbentz)."
2,1382783352627,"fbentz","fbentz join the chan."
32,1382784457385,"fbentz","fbentz leave the IRC (Quit: fbentz)."
32,1382784897240,"MoOx","MoOx leave the IRC (undefined)."
2,1382785391615,"MoOx","MoOx join the chan."
2,1382787063040,"_kud","_kud join the chan."
2,1382787991639,"_lc_fr_","_lc_fr_ join the chan."
32,1382789894788,"MoOx","MoOx leave the IRC (undefined)."
2,1382791946481,"urcadox","urcadox join the chan."
32,1382797655704,"_kud","_kud leave the IRC (undefined)."
2,1382797673373,"_kud","_kud join the chan."
2,1382802749863,"august1","august1 join the chan."
2,1382805045466,"fbentz","fbentz join the chan."
32,1382806942334,"fbentz","fbentz leave the IRC (Quit: fbentz)."
32,1382809798473,"_kud","_kud leave the IRC (Remote host closed the connection)."
2,1382809837435,"_kud","_kud join the chan."
32,1382810103126,"_kud","_kud leave the IRC (Ping timeout: 246 seconds)."
2,1382811653205,"_kud","_kud join the chan."
32,1382811871753,"_kud","_kud leave the IRC (Read error: Connection reset by peer)."
2,1382811890681,"_kud","_kud join the chan."
1,1382813950501,"_kud","NiKo`: là ?"
32,1382815282589,"_kud","_kud leave the IRC (Remote host closed the connection)."
32,1382817074651,"august1","august1 leave the IRC (Ping timeout: 265 seconds)."
2,1382817104630,"august1","august1 join the chan."
2,1382822456076,"_kud","_kud join the chan."
32,1382822758945,"_kud","_kud leave the IRC (Ping timeout: 265 seconds)."
