2,1371248765450,"rhannequin","rhannequin join the chan."
32,1371250513463,"rhannequin","rhannequin leave the IRC (Ping timeout: 268 seconds)."
32,1371250589514,"Amatewasu","Amatewasu leave the IRC (Remote host closed the connection)."
2,1371256104592,"moi_","moi_ join the chan."
32,1371256478755,"moi_","moi_ leave the IRC (Quit: Bye)."
32,1371259555725,"Alz","Alz leave the IRC (Remote host closed the connection)."
2,1371288511912,"_kud","_kud join the chan."
2,1371289137998,"fbentz","fbentz join the chan."
2,1371291111674,"rhannequin","rhannequin join the chan."
32,1371291393434,"fbentz","fbentz leave the IRC (Quit: fbentz)."
32,1371292900735,"rhannequin","rhannequin leave the IRC (Ping timeout: 252 seconds)."
2,1371294393034,"Amatewasu","Amatewasu join the chan."
32,1371295712419,"bobot","bobot leave the IRC (Read error: Operation timed out)."
32,1371296046043,"mab1","mab1 leave the IRC (Quit: Leaving.)."
1,1371296106262,"nfroidure","Vous utilisez quoi pour faire vos tests dans le browser ?"
32,1371298097031,"Amatewasu","Amatewasu leave the IRC (Remote host closed the connection)."
2,1371298963857,"fbentz","fbentz join the chan."
2,1371299153864,"rhannequin","rhannequin join the chan."
32,1371299467144,"rhannequin","rhannequin leave the IRC (Remote host closed the connection)."
32,1371299701464,"fbentz","fbentz leave the IRC (Quit: fbentz)."
2,1371300186732,"fbentz","fbentz join the chan."
32,1371300724765,"fbentz","fbentz leave the IRC (Quit: fbentz)."
2,1371301305970,"fbentz","fbentz join the chan."
32,1371302414314,"fbentz","fbentz leave the IRC (Quit: fbentz)."
2,1371305352795,"fbentz","fbentz join the chan."
2,1371305389451,"kewah","kewah join the chan."
32,1371305736961,"fbentz","fbentz leave the IRC (Quit: fbentz)."
2,1371314142869,"Amatewasu","Amatewasu join the chan."
32,1371315484741,"kewah","kewah leave the IRC (Quit: kewah)."
2,1371316799626,"kewah","kewah join the chan."
32,1371317035559,"kewah","kewah leave the IRC (Client Quit)."
2,1371317089665,"kewah","kewah join the chan."
32,1371317105537,"kewah","kewah leave the IRC (Client Quit)."
2,1371319597680,"fbentz","fbentz join the chan."
32,1371321866067,"fbentz","fbentz leave the IRC (Quit: fbentz)."
32,1371326475801,"lionelB","lionelB leave the IRC (Read error: Connection reset by peer)."
32,1371333394145,"Amatewasu","Amatewasu leave the IRC (Remote host closed the connection)."
