32,1377901507566,"_kud","_kud leave the IRC (Quit: Leaving)."
32,1377901870857,"tfe","tfe leave the IRC (Read error: Connection reset by peer)."
32,1377903001752,"revolunet","revolunet leave the IRC (Quit: revolunet)."
32,1377925395458,"bigx","bigx leave the IRC (Ping timeout: 276 seconds)."
2,1377927458858,"MoOx","MoOx join the chan."
32,1377930344447,"MoOx","MoOx leave the IRC (Remote host closed the connection)."
2,1377933113584,"tfe","tfe join the chan."
2,1377933266859,"madx`_","madx`_ join the chan."
2,1377933523427,"tbassetto_","tbassetto_ join the chan."
32,1377933895174,"tbassetto","tbassetto leave the IRC (*.net *.split)."
32,1377933895272,"madx`","madx` leave the IRC (*.net *.split)."
256,1377933904093,"tbassetto_","tbassetto_ changed his nick for tbassetto."
2,1377934539439,"goldoraf","goldoraf join the chan."
32,1377935617489,"fbentz","fbentz leave the IRC (Quit: fbentz)."
2,1377935665523,"fbentz","fbentz join the chan."
32,1377937115363,"fbentz","fbentz leave the IRC (Quit: fbentz)."
32,1377937560550,"goldoraf","goldoraf leave the IRC (Ping timeout: 245 seconds)."
32,1377938710221,"NiKo`","NiKo` leave the IRC (Quit: So long.)."
2,1377938780424,"DontShootMe","DontShootMe join the chan."
2,1377939225438,"fbentz","fbentz join the chan."
2,1377939242400,"NiKo`","NiKo` join the chan."
32,1377939903933,"DontShootMe","DontShootMe leave the IRC (Remote host closed the connection)."
32,1377940747294,"fbentz","fbentz leave the IRC (Quit: fbentz)."
2,1377940888631,"fbentz","fbentz join the chan."
32,1377941522234,"fbentz","fbentz leave the IRC (Quit: fbentz)."
2,1377941845054,"BeRoots","BeRoots join the chan."
1,1377941870405,"BeRoots","Bonjour à tous :)"
2,1377942045584,"fbentz","fbentz join the chan."
1,1377942362007,"BeRoots","j'ai une erreur sur ce script: http://pastebin.com/Dxxdytrb"
1,1377942363488,"BeRoots","l'erreur est TypeError: window.addEvent is not a function"
1,1377942365056,"BeRoots","une idée ?"
1,1377942607488,"nfroidure","BeRoots, addEventListener"
1,1377942698971,"nfroidure","addEvent c'est la syntaxe MooTools."
1,1377942792478,"BeRoots","merci ;)"
1,1377942813735,"BeRoots","longtemps que j'ai pas fait de js :p"
1,1377942860396,"nfroidure","BeRoots, tout dépend de ce que tu veux faire, mais sous IE <=8 c'est attachEvent"
1,1377942872258,"nfroidure","Du coup, utiliser MooTools c'est pas forcément une mauvaise idée"
1,1377943005279,"BeRoots","bas c'est juste une execution auto d'un script issue d'un fichier une fois la page chargée."
1,1377943190039,"nfroidure","Si c'est sensé s'exécuter dans le navigateur et que tu veux être compatible avec les vieux IE, mieux vaut utiliser une lib."
1,1377943641095,"BeRoots","ah ?"
1,1377943669398,"BeRoots","qu est ce que tu entend par dans le navigateur ?"
1,1377943702970,"BeRoots","c'est pas toujours dans le navigateur le js ?"
32,1377943746856,"fbentz","fbentz leave the IRC (Quit: fbentz)."
1,1377944031446,"nfroidure","Tu peux faire du JS avec NodeJS à peu près sur tout périphériques (PC, serveur, matos embarqué)..."
1,1377944160538,"BeRoots","j'ai pas encore abordé NodeJS, Angular... juste mootools et même pas jquery :p mon juste passage à l'objet :p"
1,1377944227240,"BeRoots","donc quand tu parle de \"utiliser une lib\", c'est soit mootools soit NodeJS, soit Angular..."
1,1377944233408,"BeRoots","c'est ça?"
2,1377944670312,"bigx","bigx join the chan."
1,1377944953520,"BeRoots","nfroidure ?"
1,1377944991216,"nfroidure","MooTools ou JQuery"
1,1377945006493,"nfroidure","NodeJS est pas une lib, c'est une plateforme."
1,1377945046144,"nfroidure","Quand à Angular, c'est un framework, donc, tu dois l'utiliser comme il est prévu de l'utiliser et structurer tes apps pour qu'elles fonctionnent avec."
1,1377945059732,"nfroidure","T'es moins libre avec Angular en gros."
1,1377945141188,"BeRoots","y'a d'autre lib, plateform ou framework aussi populaire ?"
1,1377945279266,"BeRoots","moi je m'en etait arreter au lib MooTools vs JQuery avec ici un ecart dans le developpement car MooTools avais pris un chemin l'opposant à JQuery..."
1,1377945432432,"BeRoots","le top du top en js actuellement ce serai quoi ? (pour entre autre du developpement web mais si il fait aussi le café :D )"
1,1377945557752,"nfroidure","Je suis moi-même pas fixé sur ce sujet."
1,1377945583928,"nfroidure","Je préfère MooTools que JQuery, moins \"magique\" mais plus lisible, propre, stable"
1,1377945598288,"BeRoots","idem..."
1,1377945600644,"nfroidure","Surtout quand tu commence à faire de l'héritage intense"
1,1377945625898,"nfroidure","Je dirai, si tu veux être compatible IE<=8 : MooTools"
1,1377945649955,"nfroidure","Si tu t'en fous, soit un framework genre AngularJS si tu es pressé"
1,1377945682625,"nfroidure","Soit un combinaison de modules UMD pour faire ta propre tambouille avec les outils de ton choix."
1,1377945835867,"BeRoots","Bas moi je voudrai avoir un frameworks maison si AngularJS n'est pas top (rien n'empeche de piqué quelque truc dedant...). Enfin pourquoi \"AngularJS si tu est pressé\" ?"
1,1377945914205,"nfroidure","C'est du pifomètre, mais mon sentiment est que si tu pars sur un framework, tu gagnes du temps pour des apps \"triviales\", mais tu le reperds quand tu commences à faire de la customization extrême."
2,1377946334386,"_kud","_kud join the chan."
1,1377946348708,"nfroidure","Tu peux trouver mon approche quand je veux pas de IE sur ce projet : https://github.com/nfroidure/Memory"
1,1377946350056,"bobot","A simple multi-player Memory | Stars: 0 | Forks: 0 | Last update: August 27, 2013"
1,1377947829514,"BeRoots","très interressent ce que tu fait nfoidure :) Pour un mec qui fait des apps sous ZendFramework2 tu conseillerai AngularJS ou pas du tout?"
1,1377947851684,"BeRoots","nfroidure pardon *"
1,1377948046533,"BeRoots","apps pas vraiment \"triviales\" donc..."
1,1377948604848,"nfroidure","Je connais pas ZendFramework :)"
1,1377948684519,"nfroidure","Perso, mon dernier gros projet, je l'ai fait avec un serveur Rest et MooTools : https://github.com/nfroidure/Rest4"
1,1377948685227,"bobot","PHP Rest Full of Rest Framework | Stars: 3 | Forks: 1 | Last update: August 03, 2013"
1,1377948719919,"nfroidure","Côté serveur, clairement, y'a que REST qui vaut le coup. Qu'importe le language."
1,1377949296958,"_kud","qui utiilise encore zend framework ?"
1,1377949308103,"_kud","qui plus est en parle sur un salon js"
1,1377949450500,"BeRoots","AngularJS => structuration des apps => apps :p"
1,1377949496024,"_kud","js everywheeeeeeeeere"
1,1377949506065,"BeRoots","Que reproche tu à ZF ?"
1,1377949511677,"BeRoots",":D"
1,1377949528199,"_kud","En fait, zend et angular, ca n'a strictement rien à voir"
1,1377949533582,"_kud","d'un côté tu parles un backend (php)"
1,1377949538126,"_kud","de l'autre d'un front (js)"
1,1377949556733,"_kud","deux langages totalement différents, et deux visions différentes"
1,1377949563028,"_kud","encore si tu parlais de silex et express"
1,1377949645494,"BeRoots","moi je fait plutot du backend + front => php + js"
1,1377949782932,"nfroidure","Personne n'est parfait ;)"
1,1377949787405,"_kud","^^"
1,1377949802216,"_kud","Je peux tellement plus saquer le php depuis que j'ai découvert nodejs, python, ruby"
1,1377949836229,"_kud","php c'est un peu des duplo cassés, alors que le reste, c'est plus ou moins des lego technics tout juste sorti d'usine :)"
1,1377949849417,"BeRoots","mais c'est plus dans une optique de réutilisabilité simplifié sous ZF... Tu fait des module pour ton front et ton backend qui sont autonome et utilisable dans une app comme une autre..."
1,1377949873460,"_kud","je vois meme pas l'intérêt d'utiliser zf2 sachant que c'est un wrapper symfony 2 :D"
1,1377949902219,"_kud","Le seul truc que j'vois d'intéressant dans php, c'est silex :)"
1,1377949907939,"_kud","pour faire ton api"
1,1377949962038,"BeRoots","je connaissai pas :p"
1,1377950059557,"BeRoots","mais pour du web, le full js est illusoir si l'utilisateur à desactivé js (pas souvent le cas je l'avoue) nan?"
1,1377950121002,"nfroidure","BeRoots, c'est plus pour le référencement que ça pose souci"
1,1377950176934,"nfroidure","Pour moi, il faut distinguer applications web de sites web. Les choix varient en fonction de ce qu'on veut faire."
1,1377950222134,"nfroidure","Sinon, y'a d'autres voies à explorer pour les API Rest : les modules Apaches."
1,1377950236291,"nfroidure","mod_webdav pour un accès au filesystem"
1,1377950256990,"nfroidure","mod_atuh* pour une connexion : PAM / MySQL / LDAP"
1,1377950260267,"nfroidure","*auth"
1,1377950303492,"nfroidure","Je sais pas si il existe un équivalent pour exposer MYSQL via API REST"
1,1377950308624,"_kud","du tout BeRoots"
1,1377950311168,"_kud","le js coté serveur"
1,1377950316878,"_kud","qu'importe si le mec l'a desactivé ou pas"
1,1377950336628,"_kud","Il faut différencier site web full js client side"
1,1377950343570,"nfroidure","L'avantage, c'est que sur une Debian, tu fais : apt-get install apache2 mod* et tu as un serveur REST :)"
1,1377950344054,"_kud","et site web \"classique\" mais fait en nodejs"
1,1377950565015,"BeRoots","Et les solutions Rest ou NodeJS, python, ruby utilise elles les même couche d'abstraction pour la compatibilité genre d'un SGDB ?"
1,1377950593746,"BeRoots","par rapport à un framework php..."
1,1377950628288,"BeRoots","en gros sont elles aussi maintenable ?"
1,1377950762941,"_kud","nodejs c'est encore assez imature"
1,1377950777055,"_kud","on a détecté des soucis avec les codes http récemment"
1,1377950787484,"_kud","en revanche python ou ruby oui totalement"
1,1377950796829,"_kud","ceci etant mongodb marche tres bien avec du node"
2,1377950986135,"MoOx","MoOx join the chan."
1,1377951369059,"BeRoots","c'est quoi le plus lord en charge sur un server: un script php ou un js ?"
1,1377951420576,"BeRoots","et par rapport à python ou ruby ?"
1,1377951603917,"nfroidure","BeRoots, PHP est plus lourd car il y a un process par client actif."
1,1377951613549,"nfroidure","Pour Node, l'approche sera plutôt un process par coeur"
1,1377951650172,"_kud","de toute facon, parler optmisation sur un cas abstrait"
1,1377951652805,"_kud","ca n'a pas grand intéret"
1,1377951653725,"nfroidure","Donc, tu utilises bcp moins de RAM"
1,1377951658424,"_kud","tjs faire puis optimiser apres"
1,1377951672956,"_kud","optimiser pour optimiser, meilleure facon de se planter ou ne rien faire"
1,1377951689239,"_kud","j'ai vu des mecs optimiser par anticipation, ca n'a pas manqué, c'etait pire qu'initialement"
1,1377951796975,"BeRoots","_kud: alors il faut faire en tenant compte de l'un et de l'autre ... optimisation et faisabilité"
1,1377951821224,"BeRoots","sinon entre node et python par exemple ?"
1,1377952561147,"BeRoots","En tout cas merci pour ces infos... Je vais faire des recherches sur tout cela..."
32,1377952568947,"BeRoots","BeRoots leave the IRC (Quit: ChatZilla 0.9.90.1 [Firefox 23.0.1/20130814063812])."
32,1377958247330,"MoOx","MoOx leave the IRC (Remote host closed the connection)."
2,1377959370413,"MoOx","MoOx join the chan."
2,1377968970027,"Amatewasu","Amatewasu join the chan."
32,1377974078945,"bigx","bigx leave the IRC (Read error: Connection reset by peer)."
2,1377974097852,"bigx","bigx join the chan."
32,1377975207359,"_kud","_kud leave the IRC (Quit: Leaving)."
2,1377980986238,"papachan","papachan join the chan."
