2,1371595623279,"vvo","vvo join the chan."
1,1371596180805,"vvo","_kud: tu as ta version non minifiée dans build/ now"
1,1371596182128,"vvo","+ http://vvo.github.io/lazyload/"
32,1371596751739,"fbentz","fbentz leave the IRC (Quit: fbentz)."
32,1371597022021,"angezanetti","angezanetti leave the IRC (Read error: Operation timed out)."
2,1371597253430,"angezanetti","angezanetti join the chan."
32,1371598213765,"vvo","vvo leave the IRC (Remote host closed the connection)."
32,1371613874352,"bricef","bricef leave the IRC (Ping timeout: 256 seconds)."
32,1371614426555,"angezanetti","angezanetti leave the IRC (*.net *.split)."
2,1371614547616,"angezanetti","angezanetti join the chan."
2,1371614595880,"bricef","bricef join the chan."
32,1371614619628,"angezanetti","angezanetti leave the IRC (*.net *.split)."
2,1371614729360,"angezanetti","angezanetti join the chan."
2,1371621026822,"MoOx","MoOx join the chan."
2,1371621408299,"rhannequin","rhannequin join the chan."
32,1371623853460,"rhannequin","rhannequin leave the IRC (Ping timeout: 256 seconds)."
2,1371624028893,"HammHetfield","HammHetfield join the chan."
2,1371624672000,"fbentz","fbentz join the chan."
1,1371624684592,"fbentz","Hello tout le monde"
2,1371625309246,"felixgilles","felixgilles join the chan."
32,1371625316361,"fbentz","fbentz leave the IRC (Quit: fbentz)."
2,1371626425970,"kewah","kewah join the chan."
2,1371627034830,"rhannequin","rhannequin join the chan."
2,1371627040635,"Nyalab","Nyalab join the chan."
2,1371627082249,"fbentz","fbentz join the chan."
2,1371627367303,"lionelB","lionelB join the chan."
32,1371627752978,"fbentz","fbentz leave the IRC (Quit: fbentz)."
1,1371627762120,"bricef","salut"
1,1371628555343,"angezanetti","npo/"
1,1371628705554,"nfroidure_","lo"
2,1371629682954,"fbentz","fbentz join the chan."
2,1371631305383,"vvo","vvo join the chan."
2,1371632972184,"_mlb","_mlb join the chan."
32,1371634819386,"felixgilles","felixgilles leave the IRC (Quit: Konversation terminated!)."
2,1371635167304,"felixgilles","felixgilles join the chan."
32,1371635186254,"felixgilles","felixgilles leave the IRC (Client Quit)."
32,1371635805150,"rhannequin","rhannequin leave the IRC (Ping timeout: 256 seconds)."
2,1371636024714,"rhannequin","rhannequin join the chan."
1,1371636374691,"_kud","vvo: j't'ai fait des patches ;)"
32,1371637473423,"_mlb","_mlb leave the IRC (Remote host closed the connection)."
1,1371637646353,"_kud","elles sont pas bonnes mes PR vvo"
1,1371637651246,"_kud","enlève le /build"
1,1371637663701,"_kud","mais en gros, il faut que tu mettes les sources et pas les min"
1,1371637667170,"_kud","dans bower.json"
32,1371638229596,"kewah","kewah leave the IRC (Quit: kewah)."
32,1371638269975,"rhannequin","rhannequin leave the IRC (Ping timeout: 256 seconds)."
2,1371638512095,"felixgilles","felixgilles join the chan."
1,1371638667813,"vvo","hello"
1,1371638676731,"vvo","Mais pourquoi spécifier que le main du programme"
1,1371638680100,"vvo","c'est la version non buildée"
1,1371638686066,"vvo","le main que je veux que les gens utilisent"
1,1371638691503,"vvo","c'est la version buildée"
1,1371638700412,"vvo","la non buildée c'est pour du custom pour toi ou dautres"
1,1371638850919,"_kud","vvo: quand tu utilises bower"
1,1371638854585,"_kud","le principe"
1,1371638864005,"_kud","c'est 1/ de télécharger facilement"
1,1371638868878,"_kud","2/ gérer les dépendences"
1,1371638873131,"_kud","3/ utiliser les sources"
1,1371638887562,"vvo","ahin"
1,1371638888413,"_kud","C'est le principe même de bower"
1,1371638906036,"_kud","mais de tout packager a vrai dire"
1,1371638911854,"_kud","c'est pareil dans composer pour php"
1,1371638935750,"_kud","Donc 1/ il faut que dans le main il y ait la version source et pas min"
1,1371638937040,"_kud","d'une part"
1,1371638939321,"_kud","et d'autre part"
1,1371638944705,"_kud","vu que tu as bien créé un autre projet a coté"
1,1371638953045,"_kud","il faut que tu fasses un bower.json pour inviewport"
1,1371638956316,"vvo","je vois que sur twitter bootstrap ils filent la version non minifiée"
1,1371638957331,"_kud","et que tu mettes aussi in main"
1,1371638982132,"vvo","donc il faut que je modifie in-viewport et lazyload"
1,1371638982401,"_kud","tu as le parfaite exemple vvo"
1,1371638984527,"vvo","pour çá"
1,1371638985048,"_kud","de ce que tu veux"
1,1371638986062,"_kud","http://masonry.desandro.com/"
1,1371638989986,"_kud","c'est ce projet"
1,1371638993569,"vvo","et que jinclue les licences dans les non minifiées"
2,1371639000317,"kewah","kewah join the chan."
1,1371639001454,"vvo","et ça sera ok pour moi"
1,1371639001536,"_kud","lui, il distribue une version packaged (comme tu le souhaites"
1,1371639003732,"_kud",")"
1,1371639011515,"_kud","en min et en source"
1,1371639012407,"_kud","ET"
1,1371639014889,"_kud","si tu utilises bower"
1,1371639016018,"_kud","alors"
1,1371639020434,"vvo","t as la source"
1,1371639022769,"_kud","y'a le détail de toutes les dependences"
1,1371639024872,"vvo","ça me va, j'ai compris"
1,1371639030592,"_kud","avec en main, le source"
1,1371639039317,"_kud","j'etais pas sur / clair hier"
1,1371639044706,"_kud","mais j'ai passé 2h de bower ce matin"
1,1371639050831,"vvo","donc dans https://github.com/desandro/masonry/blob/master/masonry.js"
1,1371639057289,"vvo","y a pas les dependances"
1,1371639059342,"vvo","si je comprends bien"
1,1371639060132,"vvo","?"
1,1371639063729,"_kud","c'est exactement ca"
1,1371639065271,"vvo","il faudra que je jarte ça aussi"
1,1371639071584,"vvo","car dans ma version non minifiée"
1,1371639074973,"vvo","j'ai les dépendances"
1,1371639081775,"vvo","ok si tu arrives a forker pour faire ça c'est cool"
1,1371639083436,"_kud","par contre, dans ton grunt (et donc ta version buildée non minifiée)"
1,1371639083475,"vvo","sinon je le ferai"
1,1371639087300,"_kud","y'aura bien les dependencs"
1,1371639128636,"_kud","en fait pour bien comprendre ce qu'il se passe"
1,1371639134077,"_kud","il suffit de faire bower list --sourcs"
1,1371639135755,"_kud","il suffit de faire bower list --sources"
1,1371639168898,"_kud","https://gist.github.com/kud/31eae196092eb3a43e29"
1,1371639172491,"_kud","voila ce qui'l me produit"
1,1371639181366,"_kud","tu vois des erreurs par exemple là"
1,1371639186888,"_kud","1/ j'ai des .min"
1,1371639191689,"_kud","2/ j'ai pas inviewport"
1,1371639197607,"_kud","(là, je l'ai car je l'ai installé en direct)"
1,1371639215604,"_kud","(mais si j'avais installé que lazyload, je l'aurais pas eu, car il etait dans devdepencendies et non dependencies tout court)"
1,1371639235154,"vvo","wokaie"
1,1371639237312,"vvo","j'ai capté"
1,1371639240787,"vvo","il faut que je nettoie tout ça"
1,1371639241782,"_kud",";)"
1,1371639245121,"vvo","comme je suis pas user de bower"
1,1371639249049,"vvo","j'ai fais un peu a la freestyle"
1,1371639249223,"_kud","oui"
1,1371639250194,"vvo",":)"
1,1371639253993,"_kud","j'comprends, tkt pas"
1,1371639258431,"_kud","moi même je maitrisais pas vraiment"
1,1371639280905,"vvo","ça signifie que mon main"
1,1371639283050,"vvo","ça devrait etre"
1,1371639291162,"vvo","lazyload.js (meme pas build/)"
1,1371639298027,"vvo","ça veut dire aussi que ma licence je dois la fouttre en dur"
1,1371639298286,"_kud","c'est exactement ca"
1,1371639300304,"vvo","ça fait chier"
1,1371639304257,"_kud","comment ca ?"
1,1371639304751,"vvo","enifn"
1,1371639319808,"vvo","bin ma licence aujourdhui elle est ajoutée par bower, si bower il utilise lazyload.js"
1,1371639324057,"vvo","il faut que la licence soit dedans"
1,1371639329913,"_kud","béh"
1,1371639333659,"_kud","tu fais juste bower init"
1,1371639336433,"vvo","car sinon elle sera affichée que dans build/"
1,1371639338611,"_kud","ca te génère le fichier qui va bien"
1,1371639342550,"_kud","ha"
1,1371639343382,"_kud","oh"
1,1371639346461,"_kud","je vois ce que tu veux dire"
1,1371639351553,"vvo","et si les gens de bower utilisent pas les build/"
1,1371639355581,"vvo","alors ils auront jamais la licence"

1,1371639367798,"_kud","les commentaires devraient être de toute facon directement dans le fichier source"
1,1371639374827,"_kud","et pas fait via un grunt ou je sais pas quoi"
1,1371639384283,"vvo","bin c'est beaucoup plus simple"
1,1371639387547,"_kud","par contre, c'est à nous / moi de la garder ou de la virer"
1,1371639390561,"vvo","car elle est automatiquement générée et mise a jour"
1,1371639395135,"_kud","ouais je vois ce que tu veux dire"
1,1371639405939,"_kud","béh rien ne t'empeche de faire deux fichiers au pire :p"
1,1371639416370,"vvo","oui"
1,1371639416880,"_kud","lazyload.source.js -> lazylaod.js"
1,1371639421676,"_kud","lazyload*"
1,1371639421814,"vvo","voui voui"
1,1371639422902,"vvo","bordel"
1,1371639425461,"_kud","lol"
1,1371639471853,"vvo","tout ça pour des hipsters qui utilisent bower!"
1,1371639472308,"vvo",":D"
1,1371639497340,"vvo","par contre ça règle les problèmes de doublons bower"
1,1371639498565,"vvo","pas mal"
1,1371639567923,"_kud","lol"
1,1371639572986,"_kud","quel doublon vvo ?"
32,1371639755627,"kewah","kewah leave the IRC (Quit: kewah)."
1,1371639763087,"vvo","je veux dire"
1,1371639766959,"vvo","je vois à quoi ça sert tout ça"
1,1371639771930,"_kud","oui"
1,1371639775265,"vvo","maintenant"
1,1371639783032,"_kud","C'est un npm pour assets quoi."
1,1371640027210,"vvo","yes"
1,1371640038732,"vvo","bon alors je ferai tout ce nettoyage et on jette tes PR ?"
1,1371640039691,"vvo",":>"
1,1371640086693,"vvo","je fouttrai la licence directement dans le fichier"
1,1371640107396,"_kud","oui vvo"
1,1371640153949,"vvo","ok"
1,1371640172336,"vvo","ça me va"
32,1371640297093,"fbentz","fbentz leave the IRC (Quit: fbentz)."
2,1371640963339,"vvo1","vvo1 join the chan."
32,1371640963379,"vvo","vvo leave the IRC (Disconnected by services)."
2,1371641193507,"kewah","kewah join the chan."
2,1371641697800,"vvo","vvo join the chan."
32,1371641795351,"vvo1","vvo1 leave the IRC (Ping timeout: 240 seconds)."
2,1371641849709,"rhannequin","rhannequin join the chan."
2,1371642244394,"fbentz","fbentz join the chan."
2,1371642322518,"_mlb","_mlb join the chan."
32,1371642954105,"fbentz","fbentz leave the IRC (Quit: fbentz)."
1,1371643064027,"angezanetti","nfroidure_: que certains colis soient ouvert parce que suspect ça me dérange pas"
1,1371643083609,"angezanetti","nfroidure_: mais qu'on lise TOUS les mails sous pretexte de virer le spam non merci"
1,1371643097931,"angezanetti","nfroidure_: sinon je me fais pas chier, je retourne sous Google"
1,1371643099538,"nfroidure_","là apparemment, ça sera que les suspects qui seront lus manuellement ;)"
256,1371643117659,"nfroidure_","nfroidure_ changed his nick for nfroidure."
1,1371643124150,"angezanetti","ouais on verra, c'est encore en reflexion je crois"
1,1371643149242,"nfroidure","D'ailleurs, je crois pas qu'OVH ait le budget pour lire manuellement tous les mails sortant ;)"
1,1371643167715,"nfroidure","Par contre, formation + audit des installations ça me semble important"
2,1371643195755,"fbentz","fbentz join the chan."
1,1371643240155,"angezanetti","ton serv dédié est chez OVH ?"
1,1371643342242,"nfroidure","yep"
1,1371643612017,"nfroidure","Shahor, j'ai trouvé un bug marrant sur Netvibes :)"
1,1371643651906,"nfroidure","Si tu cliques sur le nombre d'entrées non-lues tu peux marquer comme lues toutes les entrées d'un onglet"
1,1371643687059,"nfroidure","Mais si tu change d'onglet juste après la confirmation, c'est l'onglet nouvellement sélectionné pour lequel le marquage en non-lu se fait"
1,1371643854489,"Shahor","ah :D"
1,1371643986496,"nfroidure","Par contre, si j'actualise, ce sont bien les bonnes entrées qui sont mises en lue."
1,1371644003249,"nfroidure","Ca doit être une histoire de callback sur un XHR"
1,1371644034874,"Shahor","Ouais effectivement :D"
1,1371644044266,"Shahor","J'regarde quand j'ai un peu de temps"
1,1371644045840,"Shahor","Merci :)"
1,1371644522097,"angezanetti","nfroidure: avec quoi tu isole tes sites web via apache .?"
1,1371644551034,"nfroidure","mpm itk"
1,1371645121194,"angezanetti","merci !"
1,1371645725339,"nfroidure","y'a juste un truc à savoir : faire du mono domaine."
1,1371645778996,"nfroidure","pas faire un site sur example.com et mettre tes ressources statiques sur static.example.com"
1,1371645791887,"nfroidure","Et que ça redirige vers la même IP"
1,1371645839981,"nfroidure","Sinon, le keep-alive marchera plus et une nouvelle connexion sera créée à chaque switch entre deux domaines différents."
1,1371646006064,"angezanetti","ok -"
1,1371646020924,"angezanetti","suis entrain de regarder pour proposer ça à mes clients"
1,1371646045718,"angezanetti","Mais d'abord il faut que je change de serveur, là je suis avec FristHeberg j'aurai jamais du"
1,1371646048961,"angezanetti","--'"
1,1371646057280,"nfroidure","C'est sûr que c'est moins chiant que suPHP :)"
1,1371646068909,"angezanetti","je vais switcher vers kimsufi ou online"
1,1371646091337,"nfroidure","oubli pas de prendre du raid car c'est pas automatique chez KS il me semble"
1,1371646135833,"angezanetti","k"
32,1371646576025,"vvo","vvo leave the IRC (Ping timeout: 268 seconds)."
2,1371646886912,"vvo","vvo join the chan."
1,1371648222418,"angezanetti","le RAID n'est dispo tu avais raison"
1,1371648234235,"angezanetti","ou il faut partitionner le disque à la main"
32,1371651156722,"Nyalab","Nyalab leave the IRC (Remote host closed the connection)."
2,1371651186379,"Nyalab","Nyalab join the chan."
32,1371651896084,"Shahor","Shahor leave the IRC (Read error: Operation timed out)."
2,1371651904032,"Shahor","Shahor join the chan."
32,1371652267191,"kewah","kewah leave the IRC (Quit: kewah)."
2,1371652470637,"kewah","kewah join the chan."
32,1371653050182,"Shahor","Shahor leave the IRC (Remote host closed the connection)."
2,1371653076773,"Shahor","Shahor join the chan."
32,1371655452239,"rhannequin","rhannequin leave the IRC (Ping timeout: 264 seconds)."
32,1371657053274,"kewah","kewah leave the IRC (Quit: kewah)."
32,1371657814775,"vvo","vvo leave the IRC (Quit: Leaving.)."
2,1371657891525,"kewah","kewah join the chan."
32,1371658721815,"kewah","kewah leave the IRC (Quit: kewah)."
32,1371659056926,"HammHetfield","HammHetfield leave the IRC (Quit: HammHetfield)."
4,1371659116580,"lionelB","lionelB leave the chan."
32,1371659156794,"_mlb","_mlb leave the IRC (Remote host closed the connection)."
32,1371659248140,"felixgilles","felixgilles leave the IRC (Quit: Konversation terminated!)."
2,1371659272169,"rhannequin","rhannequin join the chan."
32,1371660708243,"angezanetti","angezanetti leave the IRC (Remote host closed the connection)."
2,1371661573725,"_mlb","_mlb join the chan."
32,1371662644109,"_mlb","_mlb leave the IRC (Remote host closed the connection)."
32,1371663127532,"Nyalab","Nyalab leave the IRC (Remote host closed the connection)."
32,1371663399347,"rhannequin","rhannequin leave the IRC (Ping timeout: 246 seconds)."
2,1371665452291,"Amatewasu","Amatewasu join the chan."
32,1371669304834,"Amatewasu","Amatewasu leave the IRC (Quit: WeeChat 0.4.2-dev)."
32,1371670077236,"MoOx","MoOx leave the IRC (Remote host closed the connection)."
2,1371670380936,"Amatewasu","Amatewasu join the chan."
32,1371673463267,"fbentz","fbentz leave the IRC (Quit: fbentz)."
2,1371674467262,"bigx","bigx join the chan."
