1,1362911218913,"nfroidure","Sl FranceJSBot"
4,1362911251070,"nfroidure","nfroidure leave the chan."
2,1362911285326,"nfroidure","nfroidure join the chan."
18,1362913422310,"FranceJSBot","FranceJSBot join the chan."
17,1362913422310,"FranceJSBot","Pouah! This chan is filled with humans."
1,1362913427947,"nfroidure","FranceJSBot, bitch"
17,1362913427947,"FranceJSBot","nfroidure: Nice to meet you \"bitch\", I'm FranceJSBot, waiting for commands!"
2,1362917411867,"maxdow","maxdow join the chan."
2,1362917653264,"maxdow","maxdow join the chan."
2,1362922086649,"stefounet","stefounet join the chan."
4,1362922109523,"stefounet","stefounet leave the chan."
2,1362922492593,"stefounet","stefounet join the chan."
4,1362922511521,"stefounet","stefounet leave the chan."
4,1362929472817,"clochix","clochix leave the chan."
2,1362939215478,"HadiM","HadiM join the chan."
4,1362939220153,"HadiM","HadiM leave the chan."
2,1362941233555,"coppa1","coppa1 join the chan."
2,1362941757982,"js__","js__ join the chan."
2,1362944082359,"revolunet","revolunet join the chan."
2,1362944885135,"coppa","coppa join the chan."
2,1362948380238,"revolunet","revolunet join the chan."
2,1362948679170,"stefounet","stefounet join the chan."
2,1362949537893,"stefounet1","stefounet1 join the chan."
4,1362949791131,"stefounet1","stefounet1 leave the chan."
2,1362950993498,"philippebarbosa","philippebarbosa join the chan."
1,1362951296164,"nfroidure","Le reviews de Mozilla sont de plus en plus hallucinantes : https://github.com/nfroidure/CapsKiller/issues/1"
