2,1380319667341,"Marlb_","Marlb_ join the chan."
32,1380325002893,"august1","august1 leave the IRC (Quit: august1)."
2,1380325136988,"_mlb","_mlb join the chan."
32,1380325385820,"_mlb","_mlb leave the IRC (Ping timeout: 240 seconds)."
32,1380326300178,"neolao","neolao leave the IRC (Quit: leaving)."
2,1380326319213,"neolao","neolao join the chan."
32,1380326361999,"neolao","neolao leave the IRC (Client Quit)."
2,1380326467646,"neolao","neolao join the chan."
2,1380338987590,"mab2","mab2 join the chan."
32,1380339076366,"mab1","mab1 leave the IRC (Ping timeout: 264 seconds)."
32,1380339449591,"tbassetto_","tbassetto_ leave the IRC (Ping timeout: 245 seconds)."
2,1380340146302,"_mlb","_mlb join the chan."
32,1380340662261,"_mlb","_mlb leave the IRC (Ping timeout: 256 seconds)."
32,1380341971626,"euskadi31","euskadi31 leave the IRC (Read error: Connection reset by peer)."
2,1380342008164,"euskadi31","euskadi31 join the chan."
2,1380344152456,"_mlb","_mlb join the chan."
2,1380344237801,"MoOx","MoOx join the chan."
32,1380344406474,"_mlb","_mlb leave the IRC (Ping timeout: 245 seconds)."
2,1380347228155,"tbassetto_","tbassetto_ join the chan."
2,1380347964137,"_mlb","_mlb join the chan."
32,1380348009597,"MoOx","MoOx leave the IRC (Remote host closed the connection)."
32,1380348256480,"_mlb","_mlb leave the IRC (Ping timeout: 264 seconds)."
2,1380350889545,"MoOx","MoOx join the chan."
32,1380351042173,"MoOx","MoOx leave the IRC (Remote host closed the connection)."
32,1380354365470,"Munto","Munto leave the IRC (Quit: Let's make things Frugal!)."
2,1380355284834,"bigx","bigx join the chan."
2,1380355301104,"august1","august1 join the chan."
2,1380357513997,"lionelB","lionelB join the chan."
4,1380357899923,"lionelB","lionelB leave the chan."
2,1380357920418,"lionelB","lionelB join the chan."
32,1380358444098,"august1","august1 leave the IRC (Quit: august1)."
2,1380358771279,"_mlb","_mlb join the chan."
2,1380359942945,"august1","august1 join the chan."
32,1380364082875,"angezanetti","angezanetti leave the IRC (Ping timeout: 260 seconds)."
2,1380364184543,"angezanetti","angezanetti join the chan."
32,1380365512592,"angezanetti","angezanetti leave the IRC (Ping timeout: 248 seconds)."
32,1380365762068,"august1","august1 leave the IRC (Quit: august1)."
2,1380365944659,"angezanetti","angezanetti join the chan."
2,1380369868337,"Thraral","Thraral join the chan."
1,1380369876377,"Thraral","lu"
32,1380369918050,"Thraral","Thraral leave the IRC (Client Quit)."
2,1380373006158,"august1","august1 join the chan."
2,1380375431805,"MoOx","MoOx join the chan."
32,1380376514129,"lionelB","lionelB leave the IRC (Ping timeout: 240 seconds)."
2,1380376546993,"lionelB","lionelB join the chan."
32,1380376577548,"mab2","mab2 leave the IRC (Read error: Connection reset by peer)."
2,1380376593479,"mab1","mab1 join the chan."
32,1380378357627,"august1","august1 leave the IRC (Quit: august1)."
32,1380379113086,"lionelB","lionelB leave the IRC (Ping timeout: 248 seconds)."
2,1380379206322,"lionelB","lionelB join the chan."
32,1380382205783,"MoOx","MoOx leave the IRC (Ping timeout: 264 seconds)."
4,1380382737641,"lionelB","lionelB leave the chan."
2,1380387652332,"oz","oz join the chan."
2,1380388131347,"MoOx","MoOx join the chan."
32,1380388451352,"MoOx","MoOx leave the IRC (Ping timeout: 245 seconds)."
1,1380391364636,"nfroidure","Mouahahaha ! https://twitter.com/nfroidure/status/384006969461592064"
1,1380391367850,"bobot","@nfroidure: Proud to announce MIDIFile is now r+w ! https://github.com/nfroidure/MIDIFile … #JavaScript #MIDI #WebMIDIAPI"
32,1380392575644,"angezanetti","angezanetti leave the IRC (Ping timeout: 248 seconds)."
2,1380393057593,"angezanetti","angezanetti join the chan."
32,1380393353605,"angezanetti","angezanetti leave the IRC (Ping timeout: 248 seconds)."
2,1380393889071,"angezanetti","angezanetti join the chan."
2,1380394150339,"MoOx","MoOx join the chan."
32,1380394235266,"MoOx","MoOx leave the IRC (Remote host closed the connection)."
32,1380394739427,"bigx","bigx leave the IRC (Remote host closed the connection)."
2,1380397653695,"MoOx","MoOx join the chan."
32,1380398392919,"_mlb","_mlb leave the IRC (Read error: Connection reset by peer)."
2,1380398427858,"_mlb","_mlb join the chan."
2,1380400371021,"august1","august1 join the chan."
32,1380401352973,"MoOx","MoOx leave the IRC (Remote host closed the connection)."
32,1380403364962,"august1","august1 leave the IRC (Quit: august1)."
32,1380405016391,"mab1","mab1 leave the IRC (Quit: Leaving.)."
2,1380405320068,"august1","august1 join the chan."
