32,1365112882759,"revolunet","revolunet leave the IRC (Ping timeout: 252 seconds)."
2,1365120351230,"oz","oz join the chan."
2,1365140461787,"MoOx","MoOx join the chan."
2,1365143638483,"HammHetfield","HammHetfield join the chan."
32,1365143718754,"MoOx","MoOx leave the IRC (Ping timeout: 246 seconds)."
2,1365143787606,"felixgilles","felixgilles join the chan."
1,1365145687293,"madx`","nfroidure: alors ce premier (nord|lille|chti|onsaitplus)js c'était bien ?"
1,1365145845169,"HammHetfield","https://github.com/fatiherikli/kule"
1,1365145861504,"HammHetfield","REST api pour mongodb, semble s'intégrer avec backbone facilement"
1,1365145874687,"HammHetfield","histoire de passer genre 5 minutes sur son backend et se focaliser sur le front"
1,1365145890721,"madx`","\"kule\" pas mal le nom"
1,1365145897002,"madx`","\"je l'ai configuré dans kule\""
2,1365145973945,"victordarras","victordarras join the chan."
1,1365145998809,"HammHetfield","en même temps le but c'est de rien avoir à configurer"
1,1365145999930,"HammHetfield","donc osef"
1,1365146001048,"HammHetfield",":D"
1,1365146013034,"madx`","\":D"
1,1365146040304,"HammHetfield","t'as qu'à le prononcer comme \"cool\""
1,1365146041836,"HammHetfield","et hop"
2,1365146753659,"neemzy","neemzy join the chan."
1,1365146959648,"neemzy","hello !"
1,1365147397236,"_kud","lo :)"
1,1365147479757,"nfroidure","madx`, yep, on était 10 au lieu de 15, mais super ambiance :)"
1,1365147514220,"_kud","yeah :D"
2,1365147537910,"MoOx","MoOx join the chan."
1,1365147597843,"madx`","nfroidure: tant mieux alors :) j'ai eu des retours positifs aussi, j'espère que ça ira aussi bien pour MarseilleJS"
1,1365147653297,"neemzy","je confirme, c'était très sympa :D"
1,1365147718480,"nfroidure","Un des particpants a lancé l'idée d'un coding dojo pour la prochaine édition"
1,1365147725367,"nfroidure","lo neemzy ;)"
1,1365147755214,"madx`","oui c'est ce qu'on m'a dit, c'est une bonne idée"
1,1365147768631,"NiKo`","to les gens"
1,1365147768836,"madx`","après faut voir la population, si c'est des techs compétents ça peut le faire"
1,1365147775409,"_kud","c'est quoi un coding dojo ?"
1,1365147779638,"NiKo`","vous avez déjà joué avec backbone et les websockets ?"
1,1365147782091,"_kud","Salut NiKo`"
1,1365147788645,"_kud","non pas encore"
1,1365147800815,"NiKo`","jouable ou pas? backbone est très connoté http"
2,1365147818746,"rhannequin","rhannequin join the chan."
1,1365147819363,"_kud","Ca doit être qu'une question de model"
1,1365147824602,"_kud","où tu réécris backbone.sync"
1,1365147827433,"_kud","enfin je suppose"
1,1365147840758,"NiKo`","yep, juste je me demandais si y'avait pas déjà une extension"
1,1365147842675,"_kud","tout est overridable dans backbone"
1,1365147933216,"nfroidure","y'a des gens qui font du Rest via les websockets"
1,1365147940398,"nfroidure","donc ça doit être possible"
1,1365147944967,"_kud","Ouaip"
1,1365147958875,"_kud","y'a des gens qui font des app en robotique en nodejs + backbone"
1,1365147959867,"_kud","alors bon"
1,1365147972989,"NiKo`","ah mais je me doute que ce soit possible :)"
1,1365147991975,"NiKo`","juste que .sync est très couplé à http/rest par défaut effectivement"
1,1365147992599,"_kud","http://comoyo.github.com/blog/2012/08/01/backbone-on-websockets/"
1,1365148003195,"NiKo`","oui je suis tombé dessus déjà"
1,1365148007914,"_kud","Putain d'enculé de tuto qui code en coffeescript"
1,1365148008828,"_kud","raaah"
1,1365148015940,"_kud","j'ai envie de les défoncer quand ils font ca"
1,1365148026928,"nfroidure","+1"
1,1365148028593,"_kud","imposer un langage qui n'est pas celui de base pour parler d'autre chose"
1,1365148034068,"NiKo`","mais bon ça dégouline de coffeescript"
1,1365148037257,"NiKo`","haha +1"
1,1365148042138,"_kud","si encore c'etait un tuto sur CS..."
1,1365148043801,"_kud","bref"
1,1365148057695,"_kud","et ca ? http://lostechies.com/derickbailey/2012/04/19/decoupling-backbone-apps-from-websockets/"
1,1365148091601,"_kud","bref google \"backbone socket\" repond pas mal, je n'aime pas en general dire \"va voir sur google\" mais j'ai pas de solution là :("
1,1365148113107,"_kud","je suis preneur en tout cas"
1,1365148117562,"NiKo`","basé sur marionnette"
1,1365148137154,"NiKo`","ça sent l'override de .sync à la mano oué"
1,1365148144535,"_kud","c'est ca"
1,1365148148123,"_kud","t'y echapperas pas de toute facon"
1,1365148189220,"_kud","NiKo`: tiens pour info, j'ai mis du backbone sur un site \"classique\""
1,1365148197591,"_kud","j'utilise les routes juste pour mapper et savoir où je suis"
1,1365148201709,"_kud","et c'est TRES pratique"
1,1365148212615,"NiKo`","_kud: tiens j'ai une question btw"
1,1365148213374,"_kud","ca range mon code d'une facon tres élégante à mon gout"
1,1365148216010,"_kud","Ouais ?"
1,1365148225480,"NiKo`","comment tu raffraîchit une view couplée à une route quand t'es déjà dessus ?"
2,1365148235458,"kewah","kewah join the chan."
1,1365148248242,"_kud","donc tu as hello: hey"
1,1365148249600,"NiKo`","router.navigate(maroute, {trigger: true}) fait rien"
1,1365148253748,"_kud","hey: function()"
1,1365148256742,"_kud","ha"
1,1365148282124,"_kud","en général, je fais un this.model.on('change')"
1,1365148283451,"NiKo`","en gros je cherche un moyen de faire un refresh des views associées à une route"
1,1365148287768,"_kud","ouais je vois"
1,1365148295487,"NiKo`","sans appeller le controlleur de la route directement, parce que saysale™"
1,1365148346433,"NiKo`","ça sent l'override de navigate, c'est ça ? :p"
1,1365148350285,"_kud","Tu les appelles où tes view objects ?"
1,1365148359676,"_kud","haha non je sais pas encore, je réfléchis"
1,1365148360521,"NiKo`","depuis le controlleur de route"
1,1365148375543,"_kud","okay"
1,1365148381301,"_kud","et tu peux pas mettre un event DANS la vue ?"
1,1365148383859,"NiKo`","dans ton exemple hey: function(){this.myView = new MyView()}"
1,1365148403696,"NiKo`","hmm intéressant"
1,1365148409012,"NiKo`","t'as une exemple sous la main ?"
1,1365148412949,"_kud","dans view, tu mets un binding dans le init"
1,1365148415440,"_kud","ou dans le render"
1,1365148420514,"_kud","j'mettrais plutôt ca dans le init"
1,1365148424021,"NiKo`","oui"
1,1365148434737,"NiKo`","et tu écouterais quel event ?"
1,1365148449736,"_kud","bonne question"
1,1365148450915,"NiKo`","y'as des events de navigation dans backbone ?"
1,1365148452791,"_kud","qu'est-ce qui change ?"
1,1365148456529,"_kud","concretement ?"
1,1365148459644,"NiKo`","la route courrante (l'URL)"
1,1365148469395,"_kud","tu passes de quoi a quoi concretement ?"
2,1365148473172,"Ang3","Ang3 join the chan."
1,1365148485846,"Ang3","Slt !"
1,1365148491687,"NiKo`","hmm c'est un peu compliqué"
1,1365148499087,"_kud","http://stackoverflow.com/questions/9520638/backbone-js-history-on-route-change-event ?"
1,1365148512280,"NiKo`","en gros sur la même route je peux avoir des états d'un ensemble de view différents"
1,1365148526693,"NiKo`","et le refresh me permettrait de les remettre à l'état initial"
1,1365148528555,"_kud","oula"
1,1365148544314,"NiKo`","peut être que la solution c'est de gérer des urls différentes, mais ça peut vite devenir le bronx"
1,1365148567632,"_kud","je suppose que myRoute.on('all')"
1,1365148567839,"NiKo`","passer un état d'UI dans des urls, c'est généralement pas une bonne stratégie"
1,1365148569964,"_kud","ca te convient pas ?"
1,1365148575650,"_kud","vu qu'on a parlé de le faire DANS la vue"
1,1365148600319,"NiKo`","hmm oui y'a clairement une piste à creuser"
1,1365148613476,"_kud","apres, effectivement faudrait peaufiner"
1,1365148618222,"_kud","pour eviter le \"all\" barbare"
1,1365148636004,"_kud","je sais pas si y'a moyen de lister tous les events lancer sur un element"
1,1365148662172,"_kud","style je sais pas myRoute.on('all', function() { this.events }); (ceci n'existe pas hein, pur algo)"
1,1365148686128,"_kud","Tu as deux cas"
1,1365148689152,"_kud","Soit tu bind la route"
1,1365148703229,"_kud","soit tu bind la vue mais tu dois refacto ta maniere d'aborder ce que tu fais"
1,1365148712060,"_kud","car ca me semble compliqué"
1,1365148723203,"_kud","alors que de base, le \"but\" c'est de resfresh quand ta vue change"
1,1365148724705,"_kud","pas ta route"
1,1365148736992,"_kud","la vue est tjs independante"
1,1365148742513,"_kud","et la route indique juste son contexte"
1,1365148854492,"NiKo`","food for thoughts"
1,1365149059792,"NiKo`","_kud: tiens d'ailleurs pour le moment j'ai un truc atroce comme ça http://cl.ly/image/300x3f3x1O00"
1,1365149072310,"NiKo`","t'as des recettes pour gérer/stocker un pool de views?"
32,1365149137486,"Ang3","Ang3 leave the IRC (Quit: leaving)."
1,1365149208956,"_kud","c'est dégueulasse là"
1,1365149209454,"_kud",":D"
1,1365149227405,"_kud","j'ai l'impression que tu vas avoir besoin d'une vue \"parente\" \"globale\""
1,1365149290898,"rhannequin","_kud: y'a pas des cas où un vue parente globale est utile ?"
1,1365149305816,"_kud","béh si ?"
1,1365149313804,"_kud","c'est ce que je viens de dire :)"
1,1365149319224,"_kud","au lieu de mettre tout le foutoire dans la route"
1,1365149324847,"_kud","tu mets ca dans vue parante"
1,1365149326553,"_kud","parente*"
1,1365149334595,"_kud","qui gère toutes les petites vues"
1,1365149374860,"_kud","vues indépendantes (modules) et vues \"globales\" directement appelées par le router"
1,1365149391557,"rhannequin","ah pardon, j'avais associé le \"c'est dégeulasse là\""
1,1365149403831,"_kud","ah bah si tu mélanges les phrases"
1,1365149452369,"rhannequin","je prends une phrase du chat toutes les 20 secondes et j'essaye de faire une histoire avec"
1,1365149468273,"_kud","Je tiens sincèrement NiKo` à que toutes découvertes de ta part sur backbone me soient forwardées"
1,1365149475939,"_kud","afin que je les push sur @backbonejs_fr"
1,1365149477265,"_kud",":)"
1,1365149492032,"_kud","d'ailleurs #backbonejs-fr LALALALA"
1,1365149517772,"NiKo`","_kud: ah pas con le coup de la vue parente"
1,1365149522042,"_kud",":)"
1,1365149533873,"NiKo`","le pire c'est que j'utilise déjà le trick pour ma liste d'utilisateur"
1,1365149542253,"NiKo`","je sais pas pourquoi j'y ai pas pensé -_-"
1,1365149583990,"_kud","Parce qu'on fait du js et que c'est un peu déroutant au debut"
1,1365149597438,"_kud","alors qu'on pourrait utiliser les principes qu'on utilise en backend"
2,1365150773401,"NimS","NimS join the chan."
2,1365151005406,"Ang3","Ang3 join the chan."
32,1365151325810,"rhannequin","rhannequin leave the IRC (Ping timeout: 245 seconds)."
2,1365151530612,"rhannequin","rhannequin join the chan."
1,1365151613401,"_kud","A vous ! https://plus.google.com/u/0/communities/112831300754603977687/stream/ab12b294-d721-4374-ade9-59bf28f8ddb8"
1,1365152524808,"_kud","On m'a cassé les couilles en disant"
32,1365152531417,"Ang3","Ang3 leave the IRC (Ping timeout: 240 seconds)."
1,1365152533804,"_kud","\"le pin's c'est le mieux, on peut en faire des goodies\""
1,1365152537292,"_kud","et finalement personne vote pour lui"
1,1365152538121,"_kud",":D"
1,1365152692170,"_kud","Je l'aimais pas spécialement celui la https://lh3.googleusercontent.com/-vGvK4aMdRXA/UV6OYybBAFI/AAAAAAAAAfE/lhln0RbLjUg/w497-h373/lionel.jpg mais a force d'y réfléchir, je trouve que c'est le mieux."
32,1365152699990,"MoOx","MoOx leave the IRC (Ping timeout: 245 seconds)."
2,1365152838904,"lionelB","lionelB join the chan."
1,1365152909993,"madx`","ahahah"
1,1365152920355,"madx`","_kud: moi c'est l'inverse :D"
1,1365152926037,"_kud","quoi ?"
1,1365152930737,"_kud","tu le préférais"
1,1365152934606,"_kud","et a force tu fatigues ?"
1,1365152937784,"madx`","au plus ça va au plus je préfère ceux de mlb"
1,1365152938757,"madx`","oui"
1,1365152955688,"madx`","en fait je trouve que france ressort trop"
1,1365152956018,"lionelB","hello"
1,1365152966074,"madx`","la forme est intéressante, mais y'a un truc qui me dérange"
1,1365152968167,"madx`","yop lionelB"
1,1365152997388,"_kud","J'ai expliqué mon choix"
1,1365152998390,"_kud",":)"
1,1365153023160,"_kud","\"Ce n'est pas celui que je préférais au début mais à force d'y réfléchir, je le trouve \"stable\", facilement lisible (france en premier, puis JS au centre), j'aime le côté \"je soutiens le JS\" avec une forme de deux mains qui l'élèvent. Ainsi qu'un côté \"flèche\" pour donner la direction. Et il est à la fois imposant sans être agressif.﻿\""
32,1365153026808,"lionelB","lionelB leave the IRC (Read error: Connection reset by peer)."
2,1365153052700,"lionelB","lionelB join the chan."
1,1365153057932,"_kud","t'as voté nfroidure ? je sais plus"
1,1365153060628,"_kud","poke NiKo` itoo"
1,1365153073353,"NimS","_kud ça c'est pas de l'argumentation de nooby :p"
1,1365153080727,"_kud",":D"
1,1365153082278,"lionelB"," _kud :3"
1,1365153097158,"NiKo`","c'est où qu'on vote ?"
1,1365153104368,"lionelB","sur g+"
1,1365153108883,"_kud","+1 sur celui que tu veux"
1,1365153113861,"_kud","https://plus.google.com/u/0/communities/112831300754603977687/stream/ab12b294-d721-4374-ade9-59bf28f8ddb8"
1,1365153115352,"_kud","là"
1,1365153162091,"Nyalab","j'ai voté pour celui que tu as link au dessus aussi"
1,1365153164811,"Nyalab","déja rien que pour la couleur"
2,1365153172180,"MoOx","MoOx join the chan."
1,1365153185655,"_kud","d'ailleurs j'vais poker tout l'monde, d'la merde. CrEv, felixgilles, kewah, loicfrering, mab, MoOx, oz, Shahor, victordarras"
1,1365153185989,"_kud",":D"
1,1365153194161,"madx`",":D"
1,1365153226803,"_kud","^^"
1,1365153240551,"_kud","(comment faire quitter les gens du channel :D)"
1,1365153261462,"_kud","je sens que je vais te demander les sources lionelB :p"
1,1365153281420,"lionelB","pas de soucis c'est du fireworks"
1,1365153285126,"_kud","parfait"
1,1365153293834,"lionelB","et ya possibilité de sortir le svg"
1,1365153297949,"_kud","^^"
1,1365153314518,"lionelB","(je garanti pas la qualité par contre, c'est du auto)"
4,1365153327147,"CrEv","CrEv leave the chan."
2,1365153344751,"CrEv","CrEv join the chan."
1,1365153361844,"NiKo`","_kud: merci pour tes conseils, much better now https://github.com/n1k0/talkilla/compare/main-app-view"
1,1365153367654,"CrEv","c'est malin ça de poker comme un goret _kud"
1,1365153372567,"_kud",":D"
1,1365153375586,"_kud","faut voooooter"
1,1365153386295,"_kud","ah oui oui oui NiKo` :)"
1,1365153396247,"rhannequin","Donne"
1,1365153399282,"CrEv","ok, elle est où la version comics sans ms déjà ?"
1,1365153402231,"rhannequin","Rhaaa"
1,1365153417829,"rhannequin","Correcteur sur mobile"
1,1365153468298,"MoOx","QUOI"
1,1365153469791,"_kud","CrEv: oui, on pense l'utiliser pour les 1er avril"
1,1365153470131,"_kud",":D"
1,1365153473444,"_kud","VA VOTER MoOx"
1,1365153524349,"mab","scrmbl :/"
1,1365153541853,"_kud","ca veut dire quoi mab ? que tu as froid ? :)"
1,1365153561177,"mab","non que j'ai mis 5 min avant de trouver pourquoi j'avais un highlight sur la fenêtre ^^'"
1,1365153565721,"_kud","^^"
1,1365153648273,"_kud","Ah ca se déchaine sur les arguments :D"
1,1365153673640,"_kud","tu devrais en prendre de la graine madx` https://twitter.com/chtijs/status/320103263338909696"
1,1365153707205,"nfroidure","A voté  :)"
1,1365153709297,"madx`","_kud: si t'étais au taquet tu aurais vu que c'est déjà fait"
1,1365153714017,"_kud","han"
1,1365153715383,"_kud","désolé :D"
1,1365153719618,"_kud","j'ai vu que tu avais RT oui"
1,1365153719972,"_kud",":D"
1,1365153725894,"madx`","bah voilà"
1,1365153734722,"_kud","roh ca va hein :D"
1,1365153739924,"madx`",":)"
1,1365153745844,"nfroidure","ça dispense pas d'un message personnalisé qui sente bon la provence :)"
1,1365153764127,"NiKo`","a voté"
1,1365153770208,"_kud","On peut voter liker ses propres commentaires"
1,1365153771641,"_kud","ca c'est cool"
1,1365153775938,"madx`","c'est pas si mal G+ quand même"
1,1365153778818,"_kud","vu que personne likait mon argumentation"
1,1365153787916,"felixgilles","a voté..."
1,1365153788249,"_kud","c'est ca nfroidure que je voulais dire :)"
1,1365153791975,"_kud","merci felixgilles"
1,1365153802329,"NiKo`","je sais pas si j'ai mal choisi mes followings mais j'ai globalement que de la merde sur mon stream g+"
1,1365153816583,"_kud","ah non mais les streams"
1,1365153819056,"_kud","c'est a chier sur g+"
1,1365153821094,"_kud","je comprends rien"
1,1365153822896,"madx`","_kud: nfroidure je finis ce sur quoi je bosse je vous fait un truc plus sympa après :)"
1,1365153823896,"mab","Pour la peine, qqn aurait un exemple/tuto sur la manière de s'y prendre pour faire de tests unitaires sur du JS quand on a jamais fait de tests unitaires et qu'on suppose que ça peut-être une bonne idée pour limité les phases de recette sur de la prod (et qu'on veut pas pour autant forcement faire du TDD)"
1,1365153825395,"_kud","je l'utilise que comme forum"
1,1365153855338,"mab","(unit-test & integration-test noob inside)"
1,1365153864009,"_kud","je l'ai tweeté récemment je crois les tests unitaires"
1,1365153865165,"nfroidure","mab, j'ai copié sur un repo pour ma part ;)"
2,1365153871913,"endou","endou join the chan."
1,1365153874978,"endou","Hello"
1,1365153907283,"_kud","lo endou"
1,1365153908605,"_kud","va voter"
1,1365153909599,"_kud",":D"
1,1365153909807,"mab","Mon but c'est surtout de comprendre la manière de les mettre en place, et ce qu'il faut tester ou ne pas tester."
1,1365153947488,"_kud","t'as vu ca ? http://fr.slideshare.net/goldoraf/tester-son-js"
1,1365153956419,"mab","La pres que goldoraf nous a fait hier à l'ApéroWeb Toulousain etait instructive sur les methodes oui"
1,1365153960582,"_kud","ha."
1,1365153961082,"_kud",":)"
1,1365153969840,"mab","mais pas forcement sur \"quoi tester et quand\" quand on est sur de la prod"
1,1365153992330,"NiKo`","JOIE. http://alogicalparadox.com/backbone.iobind/"
1,1365154001611,"neemzy","endouuuu"
1,1365154127016,"_kud","et bah voila NiKo` :)"
1,1365154134160,"_kud","poke moi quand tu balances des trucs comme ca :D"
1,1365154138702,"NiKo`",":)"
1,1365154156546,"Shahor","_kud: j'ai pas suivi la discussion, c'était pour le logo ?n"
1,1365154161572,"_kud","ouip"
1,1365154164226,"endou","There is no group named “nordjs”."
1,1365154165995,"Shahor","(désolé beaucoup de boulot en ce moment pas du tout le temps de suivre =/)"
1,1365154167137,"_kud","https://plus.google.com/u/0/communities/112831300754603977687/stream/ab12b294-d721-4374-ade9-59bf28f8ddb8"
1,1365154167777,"lionelB","NiKo` je crois que t'as voté sur un ancien logo (pas celui de la selection finale)"
1,1365154167982,"_kud","tiens"
1,1365154196563,"_kud","oui, faut voter entre les ############"
1,1365154199457,"lionelB","_kud j'ai des gens qui votent pour le logo mais pas celui de ta selection :D"
1,1365154205719,"_kud","facepalm"
1,1365154252788,"_kud","tant pis de toute facon on a deja je crois"
1,1365154259604,"_kud","le logo"
1,1365154261676,"lionelB","je vais éditer mon post"
1,1365154262306,"nfroidure","endou, https://groups.google.com/forum/?fromgroups#!forum/nord-js"
4,1365154287617,"neemzy","neemzy leave the chan."
2,1365154294382,"neemzy","neemzy join the chan."
1,1365154319876,"endou","nfroidure: Le lien sur france js est mort :o Je fork"
1,1365154350823,"nfroidure","Pour les chtis, je vais démarrer la discussion sur coding JS sur le groupe car il reste des détails à régler sur la forme."
1,1365154377222,"nfroidure","endou, you're welcome ! By the way, add your twitter account ;)"
1,1365154426493,"NiKo`","lionelB _kud: arf zut"
1,1365154431574,"_kud","rofl :D"
1,1365154432919,"kewah","mab: ce livre est plutôt bien pour se mettre aux tests http://shop.oreilly.com/product/0636920024699.do"
1,1365154467344,"NiKo`","a revoté"
1,1365154470117,"_kud","merci"
1,1365154494678,"NiKo`","kewah: carrément, y'a même un chapitre sur casper alors c'est forcément bien"
1,1365154496991,"lionelB","NiKo` heureusement qu'il n'y a pas d'huissier"
1,1365154501268,"endou","nfroidure: Ca marche :)"
1,1365154517690,"nfroidure","Et celui de neemzy et victordarras"
1,1365154520931,"_kud","c'est quoi du .do ?"
1,1365154523439,"_kud","du c++ ?"
1,1365154527726,"lionelB","NiKo` est ce que Casper fait du mock ?"
1,1365154529747,"NiKo`","du java"
1,1365154531967,"_kud","ok"
1,1365154541379,"mab","kewah: thx, j'me le bookmark. Mais bon j'ai pas trop de budget perso pour le moment.. je verrais peut-être côté boite."
1,1365154542843,"NiKo`","lionelB: non mais ça se couple très bien avec sinon"
1,1365154548250,"madx`","bon alors il faudra \"nettoyer\" le logo"
1,1365154553820,"madx`","là j'ai l'impression qu'il pixellise"
1,1365154554289,"nfroidure","L'idée c'est d'identifier les membres de chaque comunauté pour favoriser les follow entre  scripteurs proches"
1,1365154662316,"lionelB","NiKo` genre avec du sinon.js ?"
1,1365154702724,"_kud","sinon.js"
1,1365154703387,"_kud","haha"
1,1365154705550,"_kud","c'st quoi ce truc"
1,1365154731414,"_kud","Le site est moche mais ca a l'air sympa"
1,1365154736448,"lionelB","un truc pour test"
1,1365154754226,"_kud","oui j'viens de voir"
1,1365154759723,"_kud","faut que je \"test\" (ahah)"
1,1365154772686,"lionelB","tss tu peux pas test"
1,1365154808619,"lionelB","http://www.youtube.com/watch?v=y0fFCtk6FCE"
1,1365154845696,"_kud","oui j'connais :D"
1,1365154846700,"_kud","évidemment"
1,1365154928350,"nfroidure","Plus je vois le probable futur logo de FranceJS, plus je me dit qu'on va être obligé de faire un rtype-like pour fêter sa création :)"
1,1365154953026,"_kud",":)"
1,1365154964037,"madx`","personne n'a noté ma remarque, mais je le trouve pixellisé"
1,1365154980926,"_kud","which one?"
1,1365155014956,"madx`","celui de lionelB"
1,1365155023212,"madx`","celui qui a le plus de votes là :)"
1,1365155031786,"_kud","c'est juste lejpg"
1,1365155036556,"_kud","qui doit faire ca"
1,1365155041981,"lionelB","madx google fait un resize aussi"
1,1365155051892,"madx`","ok :)"
1,1365155062166,"madx`","si y'a un vecto quelque part je veux bien pour comparer"
1,1365155073910,"lionelB","bouge pas"
1,1365155080545,"_kud","J'ai pas pu m'empécher de troller :x"
1,1365155091115,"_kud","un pote dit"
1,1365155092285,"_kud","\"\"T'es pas à la conférence Symfony ? C'est pourtant la ligue des champions des dev Symfony ça\" - @blutch27 #qotd\""
1,1365155102584,"_kud","j'ai répondu"
1,1365155104073,"_kud","\"@Aemaeth @blutch27 Et comme sf c'est pour les gros nazes. Ca fait la ligue des champions des gros nazes. #boucleBouclée\""
1,1365155114260,"nfroidure","rofl"
1,1365155115584,"_kud",":D"
1,1365155122618,"_kud","désolé"
1,1365155124977,"_kud","^^"
1,1365155132866,"Nyalab","IL EST TAQUIN."
1,1365155180748,"_kud","J'peux pas saquer leur messe :-"
1,1365155181595,"_kud",":)"
1,1365155188535,"_kud","et j'ai pas de filtre sur twitter for mac :("
1,1365155200542,"_kud","alors toute la journée j'ai \"on se branle la nouille a #symfony_live\""
1,1365155234164,"_kud","M'en fous, un jour, je dirai, \"on se branle la nouille à #francejs_live\""
1,1365155236943,"_kud","<3"
1,1365155261554,"nfroidure","_kud, si tu veux moins utiliser \"j'ai pas <your stuff here>\", utilise le une fois pour toute dans : \"j'ai pas de Mac\" :D"
1,1365155292705,"nfroidure","Vous n'avez pas le monopole du troll cher _kud :)"
1,1365155310984,"_kud","(j'ai rien compris :()"
1,1365155338600,"_kud","atends, j'ai compris le debut de la phrase mais pas apres"
1,1365155354295,"nfroidure","while(!mac) !!stuff"
1,1365155359946,"_kud","ha la okay !"
1,1365155422846,"madx`","nfroidure: while(mac) !stuff plutôt"
1,1365155426504,"madx`","non ?"
1,1365155448395,"nfroidure","C'était pour mettre en avant la négation ;)"
1,1365155453926,"madx`","ok :)"
1,1365155456861,"lionelB","madx` https://dl.dropbox.com/u/16863472/logo-js-blason-pixel.png"
1,1365155469965,"_kud","CONTENT madx` ? :)"
1,1365155477047,"nfroidure","Allez, la même en x-platform : while(linux) stuff"
256,1365155481261,"lionelB","lionelB changed his nick for lionelB|away."
1,1365155525059,"madx`","AH PUTAIN OUI."
1,1365155527493,"_kud","haha comment je marchande"
1,1365155532951,"madx`","je vais changer mon vote"
1,1365155548140,"_kud","un mec me dit \"ma boite recherche un dev js\""
1,1365155550691,"_kud","j'lui réponds"
1,1365155555724,"_kud","\"t'as voté au moins pour le logo ?\" :)"
1,1365155562694,"nfroidure","lulz"
1,1365155584357,"madx`",":')"
1,1365155638325,"_kud","https://plus.google.com/u/0/103589722794392425473/posts/A3Wu6StawTd dédicace à NiKo`"
1,1365155652345,"_kud","(j'ai changé le texte, plus visible je pense"
1,1365155653116,"_kud",")"
1,1365155728099,"madx`","_kud: on est obligé de se farcir ta tête sur tous tes posts ?"
1,1365155733459,"_kud","Oui, c'est mieux"
1,1365155740840,"madx`",":("
1,1365155741397,"_kud","mais la prochaine fois, je le ferai avec le profil \"francejs\""
1,1365155744425,"_kud","ca va hein."
1,1365155805555,"madx`","_kud: j'te charrie"
1,1365155810476,"_kud",":D"
1,1365155816949,"madx`","mais je t'ai déjà dit que t'avais de plus beaux avatars"
1,1365155821535,"madx`","(omg ça sonne gay)"
1,1365155834211,"nfroidure","_kud, en plus c'est pas comme si tu faisais une drôle de tête sur ton avatar"
1,1365155841743,"_kud","j'ai mis francejs en tant que moderator"
1,1365155842815,"Nyalab","SO GAY"
1,1365155860536,"_kud","vous préférez ca ? http://instagram.com/p/XsU7xoitgV/"
1,1365155873453,"madx`","HA HA HA"
1,1365155884247,"madx`","comment couler l'asso"
1,1365155890733,"_kud","^^"
1,1365155893495,"Nyalab","oh my god"
1,1365155897180,"madx`","\"ZOMG FRANCEJS C'EST DES OURS\""
1,1365155904356,"Nyalab","j'arrête le js après avoir vu cette photo."
1,1365155908973,"_kud","^^"
1,1365155929858,"_kud","Sinon nfroidure j'hésite a nous virer de moderator"
1,1365155934606,"_kud","de la communauté"
1,1365155938256,"nfroidure","Y'a ptêt moyen d'en faire un logo"
1,1365155938460,"_kud","et laisser que francejs"
1,1365155947266,"_kud","en revanche, je peux vous ajouter en tant qu'utilisateur du compte francejs"
1,1365155958315,"nfroidure","C'est un coup d'état ? :)"
1,1365155963731,"_kud","ca ferait user -> francejs -> francejs communauté"
1,1365155975154,"_kud","et ca forcerait les gens a utiliser le compte francejs sur francejs communauté"
1,1365155977411,"_kud","a étudier"
1,1365155977615,"nfroidure","ras, fais ce que tu veux"
1,1365155980234,"_kud","ok"
1,1365155988106,"_kud","pour l'instant c'est pas important"
1,1365156037766,"nfroidure","je suis assez d'accord de toute façon"
1,1365156047278,"_kud","t'as intérêt (dictat)"
1,1365156048388,"nfroidure","Ca fait style on se met en avant"
1,1365156092239,"_kud","ah je vous avais déjà invité en tant que \"moderators\" sur francejs page en plus"
1,1365156117195,"nfroidure","bon et puis, de facto, j'ai jamais rien modéré"
1,1365156123054,"_kud","déjà toi..."
1,1365156124033,"_kud",":D"
1,1365156124239,"nfroidure","Ah, si j'ai créé la catégorie logo"
1,1365156171851,"nfroidure","Bon, mealtime et coquillettes pour mes princesses ++"
1,1365156256353,"madx`","so cute <3"
1,1365156302570,"_kud","so gay."
1,1365156410790,"madx`","je RT aussi les annonces JS dans le sud"
1,1365156421291,"madx`","(sud = <= Bordeaux/Lyon)"
1,1365156472994,"_kud","Faut trouver un juste milieu"
1,1365156481365,"_kud","entre les jobs \"intéressants\" a RT"
1,1365156486238,"_kud","et ne pas devenir un remixjobsJS"
32,1365156504572,"rhannequin","rhannequin leave the IRC (Quit: Bye)."
1,1365156577542,"madx`","_kud: ça en est où le partenariat avec HumanCoders ?"
1,1365156587022,"_kud","ah bah ca tient qu'a nous là"
1,1365156589125,"_kud","a faire le site"
1,1365156590335,"_kud","eux sont ok"
1,1365156598410,"_kud","on pompe leur rss dans un premier temps"
1,1365156605510,"_kud","si pas assez d'info alors éventuel api"
1,1365156663901,"madx`","ok"
1,1365157712239,"neemzy","ceci dit ça serait cool d'avoir un endroit où on peut trouver des jobs intéressants en js, parce que sur remixjobs justement ça se bouscule pas au portillon (surtout dans le nord ><)"
1,1365157749893,"_kud","On le fera neemzy"
1,1365157756384,"_kud","juste qu'on le fera pas constamment via twitter"
1,1365157759041,"_kud","c'est ca que je veux dire"
1,1365157759981,"CrEv","y'a autre chose que du php sur remixjobs ? ;)"
1,1365157764057,"_kud","oui"
1,1365157777626,"_kud","https://remixjobs.com/emploi/Developpement/Developpeur-NodeJS-passionne-H-F/18334"
1,1365157788549,"neemzy","perso j'ai vraiment envie de m'orienter vers du dev web vraiment applicatif, et notamment sur du JS si possible, mais j'ai l'impression que c'est encore trop jeune pour générer des postes de manière relativement régulière... ou alors je sais pas chercher x)"
1,1365157801763,"_kud","En france un peu oui"
1,1365157815139,"_kud","c'est pour ca que je RT une offre d'emploi qui semble interessante et rare"
1,1365157827872,"neemzy","okey"
1,1365157836187,"neemzy","bah si vous le faites c'est top :D"
1,1365157839657,"_kud",":)"
1,1365157851161,"_kud","on va se lier à humancoder"
1,1365157857987,"_kud","pour afficher leurs postes uniquement js"
1,1365157859276,"neemzy","sur paris y'a quelques postes a priori, mais dans le nord..."
1,1365157861969,"neemzy","yep"
1,1365157875058,"endou","_kud: Pour human coder, il y a un repo ou quelque chose?"
1,1365157880128,"_kud","comment ca ?"
1,1365157890267,"_kud","Ca fera partie du site francejs directement"
1,1365157898104,"_kud","ce sera une page / un module"
1,1365157912475,"endou","_kud: ok :)"
1,1365157970995,"madx`","bon"
1,1365157980994,"madx`","et si je mettais le site de MJS sous Happy-Plan ?"
1,1365157985694,"madx`","OH d'ailleurs"
32,1365158040908,"MoOx","MoOx leave the IRC (Ping timeout: 246 seconds)."
1,1365158123847,"_kud","A voir pour francejs comment on le monte"
1,1365158127110,"_kud","je suis pro happy plan"
1,1365158129785,"_kud","mais ca fait intéressé"
1,1365158135044,"_kud","faut que je vois avec les autre"
1,1365158135878,"_kud","s"
1,1365158144977,"_kud","pour MJS tu peux en revanche sans souci madx`"
1,1365158164590,"madx`","bah oui t'façon c'est moi le chef :D"
1,1365158189475,"_kud","^^"
1,1365158190633,"_kud","c'est ca"
32,1365160012876,"victordarras","victordarras leave the IRC (Quit: http://www.kiwiirc.com/ - A hand crafted IRC client)."
4,1365163425489,"neemzy","neemzy leave the chan."
2,1365163436304,"neemzy","neemzy join the chan."
2,1365164147863,"victordarras","victordarras join the chan."
2,1365164159164,"Ang3","Ang3 join the chan."
32,1365164642277,"Ang3","Ang3 leave the IRC (Quit: leaving)."
2,1365166078799,"HammHetfield_","HammHetfield_ join the chan."
32,1365166118594,"HammHetfield","HammHetfield leave the IRC (Ping timeout: 264 seconds)."
256,1365166118800,"HammHetfield_","HammHetfield_ changed his nick for HammHetfield."
2,1365166720358,"Ang3","Ang3 join the chan."
2,1365167014736,"MoOx","MoOx join the chan."
2,1365168430916,"rhannequin","rhannequin join the chan."
1,1365169600326,"neemzy","y'a pas quelqu'un qui sait faire une requête ajax en jsonp dans le coin ? j'ai jamais fait et je galère x)"
1,1365169669888,"_kud","Fais la en jQuery :)"
1,1365169939975,"neemzy","yep, justement"
1,1365169943319,"neemzy","je coince"
1,1365169951322,"neemzy","mais je crois que le serveur cible ne supporte pas jsonp en fait"
1,1365169956810,"CrEv","c'est quoi le problème ?"
1,1365169957815,"neemzy","je récupère juste du json normal"
1,1365169966359,"neemzy","qui me cause une parsererror du coup"
1,1365169969182,"_kud","tu fais type jsonp"
1,1365169974351,"neemzy","yep"
1,1365170024764,"neemzy","http://www.dpaste.cc/paste/515ed70983c91a4c71000008#javascript"
1,1365170087736,"_kud","http://fcargoet.evolix.net/2009/02/jsonp-avec-jquery/ ?"
1,1365170129928,"neemzy","yep, je l'avais vu celui-là"
1,1365170139851,"neemzy","bah ça doit être deezer qui ne le supporte pas"
1,1365170159551,"neemzy","><"
1,1365170237770,"Ang3","o/"
1,1365170246317,"Ang3","vou savez déjà testé du WebRTC ?"
1,1365170292344,"_kud","oui"
1,1365170295498,"_kud","en tant qu'utilisateur"
1,1365170351582,"Ang3","ok, je suis entrain de regarder et ça me tente ;)"
1,1365170527252,"rhannequin","On dirait pas comme ça mais rien que la webcam native, ça ouvre tellement de possibilités. Adieu Flash et bon débarras !"
1,1365170551969,"madx`","tiens, un lien en .evolix.net"
1,1365170558743,"Ang3","carrement, et avec du webRTC et des tunnesl de data en P2P ça va devenir fou"
1,1365170624020,"rhannequin","J'ai vu une démo d'un jeu où on contrôlait ladirection d'un vaisseau spacial dans l'espace avec la tête face à la caméra. Ou la largeur du texte en fonction de la proximité du visage de l'écran. <3"
1,1365170647578,"Ang3","ouep, ya du facetracking en JS maintenant"
1,1365170654235,"Ang3","j'ai vu ça pour du WebGl"
1,1365170728740,"rhannequin","J'ai tellement hâte du futur"
