18,1381695155026,"Marionnette2","Marionnette2 join the chan."
17,1381695155052,"Marionnette2","Pouah! This chan is filled with humans."
1,1381695255180,"nfroidure","Marionnette2, quote"
17,1381695255796,"Marionnette2","Rule of Open-Source Programming #7:

Release early, release often. Clean compilation is optional."
17,1381695255796,"Marionnette2","Source: http://iheartquotes.com/fortune/show/208"
18,1381695678139,"Marionnette2","Marionnette2 join the chan."
17,1381695678160,"Marionnette2","Pouah! This chan is filled with humans."
18,1381695936730,"Marionnette2","Marionnette2 join the chan."
17,1381695936749,"Marionnette2","Pouah! This chan is filled with humans."
18,1381696419056,"Marionnette2","Marionnette2 join the chan."
17,1381696419080,"Marionnette2","Pouah! This chan is filled with humans."
18,1381696987037,"Marionnette2","Marionnette2 join the chan."
17,1381697051257,"Marionnette2","Pouah! This chan is filled with humans."
18,1381697410059,"Marionnette2","Marionnette2 join the chan."
17,1381697410083,"Marionnette2","Pouah! This chan is filled with humans."
18,1381697468154,"Marionnette2","Marionnette2 join the chan."
17,1381697468182,"Marionnette2","Pouah! This chan is filled with humans."
528,1381697470125,"Marionnette2","Twitter.com#francejs2 - @francejs: Rappel: Un petit sondage pour savoir qui sera présent(e) à @parisweb ici : http://t.co/pa2qr6I7aC #francejs #parisweb"
528,1381697470125,"Marionnette2","Twitter.com#francejs2 - @francejs: (D'ailleurs, le sondage précise maintenant quel jour vous venez, il se peut qu'il y ait des erreurs sur les anciens votes) #francejs"
528,1381697470125,"Marionnette2","Twitter.com#francejs2 - @nrosenberg: @naholyr zhhh t'es pas là ??? Bon oublie pas ton sujet pour #francejs"
528,1381697470126,"Marionnette2","Twitter.com#francejs2 - @_kud: Ouaaais @goldoraf sur scène, big up à @francejs #francejs #parisweb http://t.co/Fu6bWge595"
528,1381697470126,"Marionnette2","Twitter.com#francejs2 - @_kud: .@goldoraf parle de l'intérêt de coder en binôme. Je valide. #parisweb #francejs"
528,1381697470126,"Marionnette2","Twitter.com#francejs2 - @_kud: #parisweb L'atelier de @goldoraf est top. #francejs"
528,1381697470127,"Marionnette2","Twitter.com#francejs2 - @nrosenberg: @naholyr pourquoi ne pas tester du \"débutant\" pour #FranceJS à Toulouse ? :-D #JDCJDR"
528,1381697590196,"Marionnette2","Twitter.com#francejs2 - @francejs: Rappel: Un petit sondage pour savoir qui sera présent(e) à @parisweb ici : http://t.co/pa2qr6I7aC #francejs #parisweb"
528,1381697590197,"Marionnette2","Twitter.com#francejs2 - @francejs: (D'ailleurs, le sondage précise maintenant quel jour vous venez, il se peut qu'il y ait des erreurs sur les anciens votes) #francejs"
528,1381697590197,"Marionnette2","Twitter.com#francejs2 - @nrosenberg: @naholyr zhhh t'es pas là ??? Bon oublie pas ton sujet pour #francejs"
528,1381697590198,"Marionnette2","Twitter.com#francejs2 - @_kud: Ouaaais @goldoraf sur scène, big up à @francejs #francejs #parisweb http://t.co/Fu6bWge595"
528,1381697590198,"Marionnette2","Twitter.com#francejs2 - @_kud: .@goldoraf parle de l'intérêt de coder en binôme. Je valide. #parisweb #francejs"
528,1381697590199,"Marionnette2","Twitter.com#francejs2 - @_kud: #parisweb L'atelier de @goldoraf est top. #francejs"
528,1381697590200,"Marionnette2","Twitter.com#francejs2 - @nrosenberg: @naholyr pourquoi ne pas tester du \"débutant\" pour #FranceJS à Toulouse ? :-D #JDCJDR"
528,1381697710114,"Marionnette2","Twitter.com#francejs2 - @francejs: Rappel: Un petit sondage pour savoir qui sera présent(e) à @parisweb ici : http://t.co/pa2qr6I7aC #francejs #parisweb"
528,1381697710114,"Marionnette2","Twitter.com#francejs2 - @francejs: (D'ailleurs, le sondage précise maintenant quel jour vous venez, il se peut qu'il y ait des erreurs sur les anciens votes) #francejs"
528,1381697710115,"Marionnette2","Twitter.com#francejs2 - @nrosenberg: @naholyr zhhh t'es pas là ??? Bon oublie pas ton sujet pour #francejs"
528,1381697710115,"Marionnette2","Twitter.com#francejs2 - @_kud: Ouaaais @goldoraf sur scène, big up à @francejs #francejs #parisweb http://t.co/Fu6bWge595"
528,1381697710116,"Marionnette2","Twitter.com#francejs2 - @_kud: .@goldoraf parle de l'intérêt de coder en binôme. Je valide. #parisweb #francejs"
528,1381697710116,"Marionnette2","Twitter.com#francejs2 - @_kud: #parisweb L'atelier de @goldoraf est top. #francejs"
528,1381697710117,"Marionnette2","Twitter.com#francejs2 - @nrosenberg: @naholyr pourquoi ne pas tester du \"débutant\" pour #FranceJS à Toulouse ? :-D #JDCJDR"
528,1381697830142,"Marionnette2","Twitter.com#francejs2 - @francejs: Rappel: Un petit sondage pour savoir qui sera présent(e) à @parisweb ici : http://t.co/pa2qr6I7aC #francejs #parisweb"
528,1381697830142,"Marionnette2","Twitter.com#francejs2 - @francejs: (D'ailleurs, le sondage précise maintenant quel jour vous venez, il se peut qu'il y ait des erreurs sur les anciens votes) #francejs"
528,1381697830143,"Marionnette2","Twitter.com#francejs2 - @nrosenberg: @naholyr zhhh t'es pas là ??? Bon oublie pas ton sujet pour #francejs"
528,1381697830143,"Marionnette2","Twitter.com#francejs2 - @_kud: Ouaaais @goldoraf sur scène, big up à @francejs #francejs #parisweb http://t.co/Fu6bWge595"
528,1381697830143,"Marionnette2","Twitter.com#francejs2 - @_kud: .@goldoraf parle de l'intérêt de coder en binôme. Je valide. #parisweb #francejs"
528,1381697830144,"Marionnette2","Twitter.com#francejs2 - @_kud: #parisweb L'atelier de @goldoraf est top. #francejs"
528,1381697830144,"Marionnette2","Twitter.com#francejs2 - @nrosenberg: @naholyr pourquoi ne pas tester du \"débutant\" pour #FranceJS à Toulouse ? :-D #JDCJDR"
528,1381697950114,"Marionnette2","Twitter.com#francejs2 - @francejs: Rappel: Un petit sondage pour savoir qui sera présent(e) à @parisweb ici : http://t.co/pa2qr6I7aC #francejs #parisweb"
528,1381697950114,"Marionnette2","Twitter.com#francejs2 - @francejs: (D'ailleurs, le sondage précise maintenant quel jour vous venez, il se peut qu'il y ait des erreurs sur les anciens votes) #francejs"
528,1381697950115,"Marionnette2","Twitter.com#francejs2 - @nrosenberg: @naholyr zhhh t'es pas là ??? Bon oublie pas ton sujet pour #francejs"
528,1381697950115,"Marionnette2","Twitter.com#francejs2 - @_kud: Ouaaais @goldoraf sur scène, big up à @francejs #francejs #parisweb http://t.co/Fu6bWge595"
528,1381697950116,"Marionnette2","Twitter.com#francejs2 - @_kud: .@goldoraf parle de l'intérêt de coder en binôme. Je valide. #parisweb #francejs"
528,1381697950116,"Marionnette2","Twitter.com#francejs2 - @_kud: #parisweb L'atelier de @goldoraf est top. #francejs"
528,1381697950116,"Marionnette2","Twitter.com#francejs2 - @nrosenberg: @naholyr pourquoi ne pas tester du \"débutant\" pour #FranceJS à Toulouse ? :-D #JDCJDR"
18,1381697987756,"Marionnette2","Marionnette2 join the chan."
17,1381697987776,"Marionnette2","Pouah! This chan is filled with humans."
528,1381697989822,"Marionnette2","Twitter.com#francejs2 - @francejs: Rappel: Un petit sondage pour savoir qui sera présent(e) à @parisweb ici : http://t.co/pa2qr6I7aC #francejs #parisweb"
528,1381697989822,"Marionnette2","Twitter.com#francejs2 - @francejs: (D'ailleurs, le sondage précise maintenant quel jour vous venez, il se peut qu'il y ait des erreurs sur les anciens votes) #francejs"
528,1381697989822,"Marionnette2","Twitter.com#francejs2 - @nrosenberg: @naholyr zhhh t'es pas là ??? Bon oublie pas ton sujet pour #francejs"
528,1381697989822,"Marionnette2","Twitter.com#francejs2 - @_kud: Ouaaais @goldoraf sur scène, big up à @francejs #francejs #parisweb http://t.co/Fu6bWge595"
528,1381697989822,"Marionnette2","Twitter.com#francejs2 - @_kud: .@goldoraf parle de l'intérêt de coder en binôme. Je valide. #parisweb #francejs"
528,1381697989822,"Marionnette2","Twitter.com#francejs2 - @_kud: #parisweb L'atelier de @goldoraf est top. #francejs"
528,1381697989822,"Marionnette2","Twitter.com#francejs2 - @nrosenberg: @naholyr pourquoi ne pas tester du \"débutant\" pour #FranceJS à Toulouse ? :-D #JDCJDR"
18,1381698097758,"Marionnette2","Marionnette2 join the chan."
17,1381698097787,"Marionnette2","Pouah! This chan is filled with humans."
528,1381698099722,"Marionnette2","Twitter.com#francejs2 - @francejs: Rappel: Un petit sondage pour savoir qui sera présent(e) à @parisweb ici : http://t.co/pa2qr6I7aC #francejs #parisweb"
528,1381698099722,"Marionnette2","Twitter.com#francejs2 - @francejs: (D'ailleurs, le sondage précise maintenant quel jour vous venez, il se peut qu'il y ait des erreurs sur les anciens votes) #francejs"
528,1381698099722,"Marionnette2","Twitter.com#francejs2 - @nrosenberg: @naholyr zhhh t'es pas là ??? Bon oublie pas ton sujet pour #francejs"
528,1381698099722,"Marionnette2","Twitter.com#francejs2 - @_kud: Ouaaais @goldoraf sur scène, big up à @francejs #francejs #parisweb http://t.co/Fu6bWge595"
528,1381698099722,"Marionnette2","Twitter.com#francejs2 - @_kud: .@goldoraf parle de l'intérêt de coder en binôme. Je valide. #parisweb #francejs"
528,1381698099722,"Marionnette2","Twitter.com#francejs2 - @_kud: #parisweb L'atelier de @goldoraf est top. #francejs"
528,1381698099722,"Marionnette2","Twitter.com#francejs2 - @nrosenberg: @naholyr pourquoi ne pas tester du \"débutant\" pour #FranceJS à Toulouse ? :-D #JDCJDR"
