2,1370387246973,"stephCoue","stephCoue join the chan."
32,1370387434929,"Alezaru","Alezaru leave the IRC (Ping timeout: 256 seconds)."
32,1370387568966,"stephCoue","stephCoue leave the IRC (Ping timeout: 245 seconds)."
2,1370396012627,"berbere","berbere join the chan."
32,1370400083732,"_mlb","_mlb leave the IRC (Remote host closed the connection)."
2,1370404579091,"MoOx","MoOx join the chan."
2,1370410297512,"_mlb","_mlb join the chan."
32,1370411308025,"_mlb","_mlb leave the IRC (Remote host closed the connection)."
2,1370412187941,"Alz","Alz join the chan."
2,1370412270924,"rhannequin","rhannequin join the chan."
2,1370412346121,"_mlb","_mlb join the chan."
2,1370413776401,"HammHetfield","HammHetfield join the chan."
32,1370413993931,"Alz","Alz leave the IRC (Ping timeout: 260 seconds)."
32,1370414542884,"MoOx","MoOx leave the IRC (Remote host closed the connection)."
2,1370416018212,"felixgilles","felixgilles join the chan."
32,1370416048620,"_mlb","_mlb leave the IRC (Remote host closed the connection)."
1,1370416638571,"urcadox","Bien le bonjour"
2,1370416825451,"_mlb","_mlb join the chan."
1,1370417158558,"pointbar","matin'"
1,1370417175092,"bricef","hello"
2,1370417224991,"Nyalab","Nyalab join the chan."
1,1370418444302,"nfroidure","lo"
32,1370418698161,"_mlb","_mlb leave the IRC (Remote host closed the connection)."
32,1370419376208,"bigx","bigx leave the IRC (Ping timeout: 276 seconds)."
2,1370419385774,"MoOx","MoOx join the chan."
2,1370419935044,"bobot","bobot join the chan."
2,1370420473747,"Bes`","Bes` join the chan."
1,1370420477797,"Bes`","lu"
1,1370420481776,"madx`","\o/"
1,1370420488315,"madx`","enfin un deuxième marseillais ici :D"
1,1370420496526,"Bes`","aha"
1,1370420508788,"Bes`","il se sentait seul le pauvre :D"
1,1370420525013,"madx`","un peu ouais :) Tu t'en es sorti au final avec grunt ?"
1,1370420538846,"Bes`","ben le test d'hier à marcher"
1,1370420545800,"Bes`","j'ai pas pris le temps de pousser plus loin"
1,1370420577532,"Bes`","je verrais aujourd'hui quand j'aurai un moment pour tester la partie server/client de revealjs"
1,1370420581827,"madx`","ok, du coup pour l'hébergement d'apps node comme je te disais je sais pas trop, mais je pense qu'ici il y a des gens qui savent"
1,1370420638767,"Bes`","oué mais du coup si grunt sert juste à \"lancer\" le truc et que c'est connect qui sert de serveur http ca peut le faire"
1,1370420645689,"Bes`","surtout pour l'usage que j'en fais"
1,1370420681518,"urcadox","Clever Cloud pour héberger du node c'est cool :) (mais c'est destiné aux entreprises donc le prix pique un peu pour héberger une petite app perso)"
1,1370420698563,"Bes`","je souhaite faire de l'auto-hébergement"
1,1370420717216,"Bes`","sinon je connais kk1 chez cloud foundry"
1,1370420726147,"Bes`","me semble que node tourne la bas"
1,1370420759486,"Bes`","afk croissant"
1,1370420793554,"madx`","à mon avis ça doit pas être bien compliqué à auto-héberger, la question c'est comment le faire proprement"
1,1370420800867,"madx`","bon croissant :)"
2,1370421507988,"_mlb","_mlb join the chan."
1,1370421691462,"Bes`","thx"
1,1370421707706,"Bes`","en effet, ben déjà là, ca tourne"
1,1370421749595,"Bes`","donc c'est quasi gagné :)"
1,1370422604652,"_kud","C'était bien le marseillejs au fait madx` ?"
2,1370422863232,"DontShootMe","DontShootMe join the chan."
2,1370423269997,"HammHetfield_","HammHetfield_ join the chan."
32,1370423333461,"HammHetfield","HammHetfield leave the IRC (Ping timeout: 264 seconds)."
256,1370423333712,"HammHetfield_","HammHetfield_ changed his nick for HammHetfield."
32,1370423526821,"MoOx","MoOx leave the IRC (Remote host closed the connection)."
1,1370423941934,"madx`","_kud: ouais, très bien !"
1,1370424120111,"_kud","Ca fait plaisir"
1,1370424126383,"_kud","ca serait cool d'avoir un retour de marseillejs"
1,1370424131464,"_kud","suite à la création \"par\" francejs"
1,1370424135504,"_kud","comment vous vous etes montés"
1,1370424135915,"_kud","etc"
1,1370424148450,"_kud","(et pas comment vous etes montés, nuance)"
1,1370424285709,"madx`","_kud: je vais déjà faire un retour sur la soirée d'hier qui était très intéressante"
1,1370424299093,"_kud",":)"
1,1370424304182,"madx`","mais effectivement ça peut donner des idées à ceux qui veulent monter un groupe"
1,1370424480809,"pointbar","_kud ...suite à la création \"par\" francejs - Il y a des attentes de francejs vis à vis des VilleJS ou les entités sont vraiment libres et autonomes ?"
1,1370424491040,"_kud","du tout"
1,1370424501865,"_kud","c'est juste que j'ai poussé madx` à créer marseillejs"
1,1370424512920,"_kud","et que s'il pouvait expliquer sur francejs comment il s'est débrouillé"
1,1370424527543,"_kud","pour que les autres se disent \"oh mais j'peux le faire pour villejs moi aussi, ca a l'air simple !\""
1,1370424529241,"_kud","ce serait cool"
1,1370424539751,"madx`","oui pointbar ne te méprends pas, y'a pas d'ingérance par francejs"
1,1370424546732,"_kud","On est pas du tout le point central francejs"
1,1370424552979,"_kud","francejs EST les VilleJS"
1,1370424555665,"_kud","et pas l'inverse"
1,1370424576945,"_kud","On est juste là pour donner des coups d'main aux VilleJS"
1,1370424584361,"_kud","elles sont totalement autonomes."
1,1370424595295,"pointbar","Cool ! ;)"
32,1370424715427,"mab","mab leave the IRC (*.net *.split)."
32,1370424716249,"NiKo`","NiKo` leave the IRC (*.net *.split)."
1,1370424734947,"_kud","J'ai pas de problème d'égo si tu veux tout savoir pointbar :p"
1,1370424735048,"_kud","Moi j'veux juste que JS masterise partout en france"
1,1370424735048,"_kud",":D"
2,1370424758946,"NiKo`","NiKo` join the chan."
2,1370424759044,"mab","mab join the chan."
32,1370424815001,"felixgilles","felixgilles leave the IRC (Quit: Konversation terminated!)."
1,1370424924857,"pointbar","Je dis ça parce qu'à Montpellier on pense infecter les confs en ouvrant sur les autres technos ;p"
1,1370424961706,"pointbar","cf. http://web-five.org => JavaScript et Python : un duo de choc"
1,1370424966722,"pointbar",";p"
1,1370424974057,"_kud","Oh c'est pas un souci, à partir du moment que MontpellierJS parle de JS :)"
1,1370424995406,"_kud","par contre, est-ce montpellierjs peut modifier l'adresse mail de twitter"
1,1370424999960,"_kud","je ne souhaite plus recevoir d'email :p"
1,1370425305650,"pointbar","done"
1,1370425493615,"madx`","_kud: quid d'emails genre ville@francejs.org ?"
1,1370425503590,"madx`","ça serait cool ça non ?"
1,1370425531688,"_kud","grave"
1,1370425536609,"_kud","c'est à poker nfroidure"
1,1370425542580,"madx`","ouais :D"
1,1370425839814,"_kud","POKE nfroidure"
32,1370426098524,"_mlb","_mlb leave the IRC (Remote host closed the connection)."
1,1370426831701,"_kud","p"
1,1370426832139,"_kud","o"
1,1370426832565,"_kud","k"
1,1370426833677,"_kud","e"
1,1370426835672,"_kud","nfroidure:"
1,1370428379546,"pointbar","Le premier Montpellier JS aura lieu ici : http://coworkinmontpellier.org/espace.html"
1,1370428390918,"pointbar","Pour la date : http://doodle.com/k5w8iuba8k3h5zqr"
32,1370428916039,"mab","mab leave the IRC (*.net *.split)."
32,1370428916596,"NiKo`","NiKo` leave the IRC (*.net *.split)."
2,1370429215572,"NiKo`","NiKo` join the chan."
2,1370429215670,"mab","mab join the chan."
1,1370429940482,"_kud","N'oublie pas le logo pointbar :)"
32,1370430094101,"rhannequin","rhannequin leave the IRC (Ping timeout: 260 seconds)."
2,1370431011844,"_mlb","_mlb join the chan."
1,1370432925507,"nfroidure","_kud, je suis pour aussi, par contre, j'ai pas la main sur le domaine, demande à Naholyr, il doit avoir possibilité de le faire via l'hébergeur"
2,1370433090268,"rhannequin","rhannequin join the chan."
2,1370433565054,"bigx","bigx join the chan."
2,1370433787295,"felixgilles","felixgilles join the chan."
2,1370434751378,"euskadi31","euskadi31 join the chan."
32,1370435550567,"mab","mab leave the IRC (*.net *.split)."
32,1370435551045,"NiKo`","NiKo` leave the IRC (*.net *.split)."
2,1370435770890,"NiKo`","NiKo` join the chan."
2,1370435770991,"mab","mab join the chan."
2,1370435775349,"stephCoue","stephCoue join the chan."
1,1370436714674,"_kud","okay nfroidure"
2,1370437095321,"MoOx","MoOx join the chan."
32,1370437505472,"angezane1ti","angezane1ti leave the IRC (Read error: Operation timed out)."
32,1370437672383,"No`","No` leave the IRC (Ping timeout: 252 seconds)."
32,1370437701141,"urcadox","urcadox leave the IRC (Ping timeout: 246 seconds)."
32,1370437706318,"madx`","madx` leave the IRC (Ping timeout: 240 seconds)."
2,1370437768721,"madx`","madx` join the chan."
2,1370438041901,"No`","No` join the chan."
2,1370438163838,"urcadox","urcadox join the chan."
1,1370438186339,"urcadox","ce fail du réseau au DC3 Online é_è"
2,1370438377599,"angezanetti","angezanetti join the chan."
2,1370438893388,"brice_","brice_ join the chan."
2,1370438931846,"DontShootMe_","DontShootMe_ join the chan."
32,1370439151208,"ChanServ","ChanServ leave the IRC (*.net *.split)."
32,1370439374458,"berbere","berbere leave the IRC (Ping timeout: 262 seconds)."
32,1370439375479,"DontShootMe","DontShootMe leave the IRC (Ping timeout: 263 seconds)."
32,1370439375574,"pointbar","pointbar leave the IRC (Ping timeout: 263 seconds)."
32,1370439375574,"bricef","bricef leave the IRC (Ping timeout: 263 seconds)."
2,1370439375898,"pointbar","pointbar join the chan."
32,1370439377815,"HammHetfield","HammHetfield leave the IRC (Ping timeout: 262 seconds)."
2,1370439606681,"berbere","berbere join the chan."
32,1370439756682,"loicfrering","loicfrering leave the IRC (Ping timeout: 256 seconds)."
2,1370439799506,"loicfrering","loicfrering join the chan."
2,1370439983653,"HammHetfield","HammHetfield join the chan."
2,1370440178647,"ChanServ","ChanServ join the chan."
32,1370442657141,"HammHetfield","HammHetfield leave the IRC (Ping timeout: 246 seconds)."
2,1370442666151,"HammHetfield","HammHetfield join the chan."
32,1370442730687,"berbere","berbere leave the IRC (Ping timeout: 240 seconds)."
32,1370442731180,"felixgilles","felixgilles leave the IRC (Ping timeout: 240 seconds)."
32,1370442731884,"madx`","madx` leave the IRC (Ping timeout: 240 seconds)."
2,1370442732077,"madx`","madx` join the chan."
2,1370442732173,"showtim34","showtim34 join the chan."
2,1370442858720,"berbere","berbere join the chan."
32,1370443094570,"mab","mab leave the IRC (*.net *.split)."
32,1370443095052,"NiKo`","NiKo` leave the IRC (*.net *.split)."
2,1370443838203,"NiKo`","NiKo` join the chan."
2,1370443838297,"mab","mab join the chan."
32,1370444500399,"rhannequin","rhannequin leave the IRC (Ping timeout: 245 seconds)."
32,1370444511427,"fuse","fuse leave the IRC (*.net *.split)."
2,1370444557501,"fuse","fuse join the chan."
32,1370444610089,"madx`","madx` leave the IRC (*.net *.split)."
32,1370444610189,"bobot","bobot leave the IRC (*.net *.split)."
2,1370444619166,"bobot","bobot join the chan."
2,1370444723149,"madx`","madx` join the chan."
32,1370446964932,"madx`","madx` leave the IRC (Ping timeout: 256 seconds)."
2,1370447082962,"madx`","madx` join the chan."
32,1370447956379,"bobot","bobot leave the IRC (*.net *.split)."
32,1370447956474,"fuse","fuse leave the IRC (*.net *.split)."
32,1370447956474,"berbere","berbere leave the IRC (*.net *.split)."
32,1370447956565,"HammHetfield","HammHetfield leave the IRC (*.net *.split)."
32,1370447956743,"pointbar","pointbar leave the IRC (*.net *.split)."
32,1370448164629,"_mlb","_mlb leave the IRC (Remote host closed the connection)."
2,1370448200206,"_mlb","_mlb join the chan."
2,1370448430831,"berbere","berbere join the chan."
32,1370448458189,"_mlb","_mlb leave the IRC (Ping timeout: 256 seconds)."
32,1370448790421,"stephCoue","stephCoue leave the IRC (Remote host closed the connection)."
2,1370448820477,"rhannequin","rhannequin join the chan."
32,1370448853581,"bigx","bigx leave the IRC (Ping timeout: 246 seconds)."
2,1370448911324,"pointbar","pointbar join the chan."
2,1370448911417,"bobot","bobot join the chan."
2,1370448911417,"fuse","fuse join the chan."
32,1370449129944,"Nyalab","Nyalab leave the IRC (Remote host closed the connection)."
32,1370449461800,"showtim34","showtim34 leave the IRC (Quit: Quitte)."
2,1370449629275,"bigx","bigx join the chan."
2,1370450915174,"_mlb","_mlb join the chan."
32,1370451256691,"Bes`","Bes` leave the IRC (Quit: Quitte)."
32,1370452037813,"bigx","bigx leave the IRC (*.net *.split)."
32,1370452038414,"madx`","madx` leave the IRC (*.net *.split)."
2,1370452189381,"bigx","bigx join the chan."
2,1370452189472,"madx`","madx` join the chan."
2,1370454702617,"_mlb_","_mlb_ join the chan."
32,1370454702708,"_mlb","_mlb leave the IRC (Read error: Connection reset by peer)."
2,1370456624617,"Alz_","Alz_ join the chan."
256,1370456658366,"Alz_","Alz_ changed his nick for Alezaru."
32,1370458273095,"rhannequin","rhannequin leave the IRC (Remote host closed the connection)."
32,1370458352229,"berbere","berbere leave the IRC (Ping timeout: 256 seconds)."
2,1370458853244,"Amatewasu","Amatewasu join the chan."
2,1370458900829,"stephCoue","stephCoue join the chan."
32,1370460280880,"bigx","bigx leave the IRC (Ping timeout: 264 seconds)."
32,1370460680438,"MoOx","MoOx leave the IRC (Remote host closed the connection)."
32,1370460818526,"stephCoue","stephCoue leave the IRC (Remote host closed the connection)."
32,1370462657009,"Alezaru","Alezaru leave the IRC (*.net *.split)."
2,1370462876727,"Alz_","Alz_ join the chan."
2,1370463105723,"kud","kud join the chan."
32,1370463111725,"kud","kud leave the IRC (Remote host closed the connection)."
2,1370463129250,"kud","kud join the chan."
1,1370466181556,"kud","nfroidure: comment je tweet d'ici ?"
1,1370466188110,"kud","Marionnette: list"
32,1370467432378,"Amatewasu","Amatewasu leave the IRC (Quit: WeeChat 0.4.2-dev)."
