2,1374618206101,"mab1","mab1 join the chan."
32,1374618291647,"mab","mab leave the IRC (Ping timeout: 264 seconds)."
32,1374621291083,"kud","kud leave the IRC (Quit: Leaving)."
32,1374624959664,"_mlb","_mlb leave the IRC (Remote host closed the connection)."
2,1374627346743,"Munto","Munto join the chan."
32,1374632253348,"Tobu","Tobu leave the IRC (Remote host closed the connection)."
2,1374632396468,"Tobu","Tobu join the chan."
32,1374635289574,"Tobu","Tobu leave the IRC (Ping timeout: 245 seconds)."
32,1374638577228,"Munto","Munto leave the IRC (Quit: Let's make things Frugal!)."
2,1374647111110,"MoOx","MoOx join the chan."
32,1374647825507,"fbentz","fbentz leave the IRC (Quit: fbentz)."
2,1374648381662,"HammHetfield","HammHetfield join the chan."
2,1374649553771,"felixgilles","felixgilles join the chan."
2,1374649894700,"Grirrle","Grirrle join the chan."
2,1374650368817,"Nyalab","Nyalab join the chan."
1,1374652504205,"angezanetti","o/"
2,1374653046897,"_mlb","_mlb join the chan."
32,1374653630669,"_mlb","_mlb leave the IRC (Remote host closed the connection)."
32,1374654716459,"bobot","bobot leave the IRC (Remote host closed the connection)."
2,1374654925288,"Tobu","Tobu join the chan."
2,1374654955906,"bobot","bobot join the chan."
2,1374655049582,"HammHetfield_","HammHetfield_ join the chan."
2,1374655074517,"_mlb","_mlb join the chan."
32,1374655286726,"HammHetfield","HammHetfield leave the IRC (Ping timeout: 240 seconds)."
256,1374655292508,"HammHetfield_","HammHetfield_ changed his nick for HammHetfield."
2,1374655618497,"Atu","Atu join the chan."
1,1374655855235,"nfroidure","angezanetti, tu as vu qu'on était 16 maintenant ?"
1,1374655858075,"nfroidure",":p"
1,1374655928636,"angezanetti","nfroidure: yep cool :)"
1,1374655939082,"angezanetti","Tu connais les nouveaux?"
1,1374655946647,"nfroidure","Par contre, j'ai acheté un pack de 12 :/"
1,1374655957205,"nfroidure","Non, on fera connaissance ;)"
1,1374655964258,"angezanetti","Je serais curieux de voir comment ils ont su pour l'event ;)"
1,1374656002966,"nfroidure","Je crois que la publication sur LinuxFR a boosté l'event"
1,1374656185922,"angezanetti","yup ya des chances, faudra faire la même pour les prochains"
1,1374656195806,"angezanetti","et pour le futur TupperVim lillois :p"
1,1374656683199,"nfroidure","J'ai cherché les twitter des inscrits et je les ai cité, ça permet de leur rappeler que l'event a lieu demain."
2,1374656812183,"oncletom","oncletom join the chan."
1,1374657215038,"nfroidure","Bon, maintenant faut que je prépare des slides."
1,1374657340626,"nfroidure","Y'a des trucs mieux que impress.js actuellement ?"
1,1374657395222,"angezanetti","reveal.js"
1,1374657453984,"angezanetti","https://github.com/hakimel/reveal.js"
1,1374657540235,"No`","+1"
1,1374657554292,"No`","mais gare à l'effet \"fête foraine / montagnes russes\""
1,1374657602257,"nfroidure","Pour le coup, impress c'est du même accabit"
1,1374657629643,"No`","sinon: https://github.com/dariusk/outslide"
1,1374658012883,"nfroidure","Le truc que j'aime bien sur impress.js c'est le mode overview http://server.elitwork.com/presentations/applications-mobiles.html#/overview"
1,1374658306943,"No`","nfroidure: c'est totalement illisible et inutilisable, mais si tu aimes bien..."
1,1374659506995,"nfroidure","Je pense que c'est plus de mon fait que du fait de la feature."
1,1374659531886,"nfroidure","Quoi qu'il en soit, je vais rester sur impress car j'ai pas bcp de temps et j'ai déjà utilisé."
1,1374659546870,"nfroidure","Mais je note reveal pour la prochaine fois."
1,1374659673945,"angezanetti","nfroidure: reveal c'est simple, c'est du html ou du markdown"
32,1374659850248,"Atu","Atu leave the IRC (Quit: Computer has gone to sleep.)."
32,1374660672303,"loicfrering","loicfrering leave the IRC (Ping timeout: 246 seconds)."
1,1374661456128,"oncletom","itou  j'aime bien reveal pour le cote markdown"
2,1374661470036,"loicfrering","loicfrering join the chan."
2,1374662947856,"stephCoue","stephCoue join the chan."
32,1374667897680,"oncletom","oncletom leave the IRC (Quit: Leaving.)."
2,1374669603621,"oncletom","oncletom join the chan."
2,1374672145590,"euskadi31","euskadi31 join the chan."
2,1374672898139,"fbentz","fbentz join the chan."
32,1374674358373,"euskadi31","euskadi31 leave the IRC (Quit: WeeChat 0.4.0)."
2,1374674373203,"euskadi31","euskadi31 join the chan."
1,1374675659382,"fbentz","Hello"
32,1374675925355,"HammHetfield","HammHetfield leave the IRC (Ping timeout: 245 seconds)."
32,1374675937595,"fbentz","fbentz leave the IRC (Quit: fbentz)."
2,1374675991206,"Grirrle1","Grirrle1 join the chan."
32,1374676089702,"Grirrle","Grirrle leave the IRC (Ping timeout: 248 seconds)."
2,1374676467747,"HammHetfield","HammHetfield join the chan."
2,1374677178327,"Grirrle","Grirrle join the chan."
32,1374677280308,"Grirrle1","Grirrle1 leave the IRC (Ping timeout: 256 seconds)."
32,1374682214871,"_mlb","_mlb leave the IRC (Read error: Connection reset by peer)."
2,1374682232493,"_mlb","_mlb join the chan."
32,1374682579461,"HammHetfield","HammHetfield leave the IRC (Quit: HammHetfield)."
32,1374682596338,"Grirrle","Grirrle leave the IRC (Quit: Leaving.)."
32,1374682734698,"nfroidure","nfroidure leave the IRC (Read error: Connection reset by peer)."
32,1374683283815,"felixgilles","felixgilles leave the IRC (Quit: Konversation terminated!)."
2,1374683287949,"fbentz","fbentz join the chan."
32,1374684028878,"Nyalab","Nyalab leave the IRC (Remote host closed the connection)."
32,1374684041783,"fbentz","fbentz leave the IRC (Quit: fbentz)."
2,1374685347028,"nfroidure","nfroidure join the chan."
32,1374685693778,"bricef","bricef leave the IRC (Quit: Quitte)."
32,1374686050580,"_kud","_kud leave the IRC (Remote host closed the connection)."
32,1374686298107,"bobot","bobot leave the IRC (Ping timeout: 248 seconds)."
2,1374688152382,"Grirrle","Grirrle join the chan."
32,1374688382697,"_mlb","_mlb leave the IRC (Ping timeout: 264 seconds)."
32,1374688467492,"Grirrle","Grirrle leave the IRC (Quit: Leaving.)."
2,1374689421142,"Amatewasu","Amatewasu join the chan."
32,1374689954391,"stephCoue","stephCoue leave the IRC (Remote host closed the connection)."
32,1374690204002,"oncletom","oncletom leave the IRC (Quit: Leaving.)."
1,1374690751646,"nfroidure","Apparemment, Montpellier JS c'est aujourd'hui :)"
32,1374691787261,"Amatewasu","Amatewasu leave the IRC (Ping timeout: 240 seconds)."
32,1374692469882,"MoOx","MoOx leave the IRC (Remote host closed the connection)."
2,1374692617105,"Amatewasu","Amatewasu join the chan."
2,1374692703557,"Munto","Munto join the chan."
2,1374693073965,"_lc_fr_","_lc_fr_ join the chan."
32,1374695108957,"Amatewasu","Amatewasu leave the IRC (Ping timeout: 240 seconds)."
2,1374695813054,"stephCoue","stephCoue join the chan."
2,1374695931951,"Amatewasu","Amatewasu join the chan."
32,1374695976659,"Munto","Munto leave the IRC (Ping timeout: 260 seconds)."
32,1374696027325,"stephCoue","stephCoue leave the IRC (Remote host closed the connection)."
2,1374696261031,"Munto","Munto join the chan."
32,1374696500377,"Amatewasu","Amatewasu leave the IRC (Ping timeout: 256 seconds)."
2,1374697277665,"Amatewasu","Amatewasu join the chan."
2,1374699980103,"MoOx","MoOx join the chan."
32,1374700092493,"_lc_fr_","_lc_fr_ leave the IRC (Quit: Leaving)."
32,1374700681199,"Amatewasu","Amatewasu leave the IRC (Ping timeout: 260 seconds)."
2,1374701525138,"Amatewasu","Amatewasu join the chan."
32,1374701764784,"Amatewasu","Amatewasu leave the IRC (Client Quit)."
