32,1373928163457,"revolunet","revolunet leave the IRC (Quit: revolunet)."
32,1373928324388,"rhannequin","rhannequin leave the IRC (Remote host closed the connection)."
32,1373931149352,"_mlb","_mlb leave the IRC (Remote host closed the connection)."
2,1373935871423,"Shahor","Shahor join the chan."
32,1373936121432,"Shahor","Shahor leave the IRC (Ping timeout: 240 seconds)."
32,1373946463150,"devpsp","devpsp leave the IRC (Quit: Quitte)."
2,1373951402894,"MoOx","MoOx join the chan."
2,1373953244575,"mamtina","mamtina join the chan."
32,1373953995602,"mamtina","mamtina leave the IRC (Ping timeout: 264 seconds)."
2,1373954153606,"mamtina","mamtina join the chan."
2,1373955094162,"EpokK","EpokK join the chan."
1,1373955110978,"EpokK","Bonjour bonjour"
1,1373955157206,"EpokK","je partage un profil tweeter spe JS si cela vous interesse : https://twitter.com/_PandaJS"
1,1373955159767,"bobot","_PandaJS:"
32,1373955704752,"EpokK","EpokK leave the IRC (Quit: Page closed)."
2,1373957106682,"HammHetfield","HammHetfield join the chan."
2,1373957528913,"Shahor","Shahor join the chan."
2,1373957711766,"Shahor_","Shahor_ join the chan."
32,1373957768784,"Shahor","Shahor leave the IRC (Ping timeout: 240 seconds)."
2,1373958197242,"_mlb","_mlb join the chan."
2,1373958226209,"revolunet","revolunet join the chan."
32,1373958395374,"Shahor_","Shahor_ leave the IRC (Remote host closed the connection)."
2,1373958531213,"felixgilles","felixgilles join the chan."
2,1373958589206,"Grirrle","Grirrle join the chan."
2,1373959446839,"fbentz","fbentz join the chan."
1,1373959643740,"fbentz","Hello :)"
32,1373959759615,"MoOx","MoOx leave the IRC (Remote host closed the connection)."
2,1373959909475,"MoOx","MoOx join the chan."
2,1373960603412,"rhannequin","rhannequin join the chan."
1,1373960898117,"urcadox","Yop"
1,1373960925530,"urcadox","Bon EpokK a changé de pseudo sur twitter mais c'est bien encore son compte qu'il est venu spammer ici ><"
32,1373961006037,"bigx","bigx leave the IRC (Ping timeout: 260 seconds)."
32,1373961324904,"_mlb","_mlb leave the IRC (Remote host closed the connection)."
1,1373961567731,"kud","ouaip urcadox"
1,1373961571063,"kud","reloo."
1,1373961597867,"kud","j'vais lui toucher deux mots avec @francejs si ca continue"
1,1373961629995,"kud","@_PandaJS Hey, c'est gentil de venir nous voir mais la prochaine fois, essaye d'être un peu plus... humain."
1,1373961631424,"kud",":p"
1,1373961647053,"urcadox","=)"
32,1373961655247,"MoOx","MoOx leave the IRC (Remote host closed the connection)."
32,1373961723532,"angezanetti","angezanetti leave the IRC (Ping timeout: 246 seconds)."
2,1373961730324,"angezanetti","angezanetti join the chan."
32,1373961771172,"Marsup","Marsup leave the IRC (Remote host closed the connection)."
1,1373961940015,"nfroidure","lo"
1,1373961966682,"nfroidure","Je comprends pas trop l'intérêt de faire de la pub comme ça. Il croit vraiment qu'on va le suivre ?!"
2,1373962411953,"_mlb","_mlb join the chan."
32,1373962524578,"bricef","bricef leave the IRC (Ping timeout: 245 seconds)."
2,1373962548082,"bricef","bricef join the chan."
2,1373962693090,"Shahor","Shahor join the chan."
2,1373963454005,"Atu","Atu join the chan."
1,1373964859421,"angezanetti","ol"
2,1373965253149,"oncletom","oncletom join the chan."
2,1373968391158,"_kud","_kud join the chan."
32,1373968546970,"kud","kud leave the IRC (Ping timeout: 276 seconds)."
32,1373968987895,"rhannequin","rhannequin leave the IRC (Ping timeout: 252 seconds)."
32,1373969537259,"fbentz","fbentz leave the IRC (Quit: fbentz)."
2,1373969619346,"fbentz","fbentz join the chan."
32,1373971380249,"revolunet","revolunet leave the IRC (Quit: revolunet)."
2,1373976059453,"revolunet","revolunet join the chan."
32,1373976101279,"fbentz","fbentz leave the IRC (Quit: fbentz)."
32,1373976425303,"bobot","bobot leave the IRC (Ping timeout: 276 seconds)."
2,1373976440524,"bobot","bobot join the chan."
32,1373976464567,"No`","No` leave the IRC (Ping timeout: 276 seconds)."
2,1373976499045,"fbentz","fbentz join the chan."
2,1373976537882,"No`","No` join the chan."
2,1373980045179,"bigx","bigx join the chan."
1,1373980551973,"oncletom","http://careerssearch.bbc.co.uk/jobs/job/Web-Developer/4557"
1,1373981063690,"_kud","Erk"
1,1373981065445,"_kud","trop de back :p"
2,1373982350818,"rhannequin","rhannequin join the chan."
2,1373983536380,"MoOx","MoOx join the chan."
32,1373984380731,"mamtina","mamtina leave the IRC (Ping timeout: 264 seconds)."
32,1373987177794,"Atu","Atu leave the IRC (Quit: Computer has gone to sleep.)."
2,1373987537973,"Atu","Atu join the chan."
32,1373987653413,"HammHetfield","HammHetfield leave the IRC (Ping timeout: 240 seconds)."
2,1373988221070,"HammHetfield","HammHetfield join the chan."
32,1373989949170,"rhannequin","rhannequin leave the IRC (Ping timeout: 256 seconds)."
32,1373991510787,"euskadi31","euskadi31 leave the IRC (Quit: WeeChat 0.4.0)."
2,1373991559679,"euskadi31","euskadi31 join the chan."
2,1373991604419,"nfroidure_","nfroidure_ join the chan."
32,1373991734409,"HammHetfield","HammHetfield leave the IRC (Quit: HammHetfield)."
32,1373991830759,"nfroidure","nfroidure leave the IRC (Ping timeout: 276 seconds)."
1,1373992703549,"_mlb","http://cl.ly/191H313d0i06"
32,1373993101128,"felixgilles","felixgilles leave the IRC (Quit: Konversation terminated!)."
32,1373993417590,"Grirrle","Grirrle leave the IRC (Quit: Leaving.)."
32,1373993783642,"fbentz","fbentz leave the IRC (Quit: fbentz)."
32,1373994185284,"euskadi31","euskadi31 leave the IRC (Quit: WeeChat 0.4.0)."
2,1373994203284,"euskadi31","euskadi31 join the chan."
2,1373994654762,"fbentz","fbentz join the chan."
32,1373995114817,"revolunet","revolunet leave the IRC (*.net *.split)."
32,1373995115455,"oz","oz leave the IRC (*.net *.split)."
2,1373995265730,"oz","oz join the chan."
2,1373996000762,"Marsup","Marsup join the chan."
2,1373996333395,"madx`_","madx`_ join the chan."
32,1373996699177,"oncletom","oncletom leave the IRC (Quit: Leaving.)."
32,1373996765134,"madx`","madx` leave the IRC (*.net *.split)."
2,1373996933621,"kud","kud join the chan."
32,1373997557222,"_mlb","_mlb leave the IRC (Ping timeout: 264 seconds)."
32,1373997905371,"fbentz","fbentz leave the IRC (Quit: fbentz)."
2,1373999741346,"Munto","Munto join the chan."
32,1373999873702,"MoOx","MoOx leave the IRC (Remote host closed the connection)."
2,1374000543968,"Amatewasu","Amatewasu join the chan."
32,1374002359001,"euskadi31","euskadi31 leave the IRC (Quit: WeeChat 0.4.0)."
2,1374002384595,"euskadi31","euskadi31 join the chan."
32,1374002997973,"Tobu","Tobu leave the IRC (Remote host closed the connection)."
2,1374003030468,"Tobu","Tobu join the chan."
32,1374003054467,"Munto","Munto leave the IRC (Ping timeout: 246 seconds)."
32,1374003244890,"Tobu","Tobu leave the IRC (Remote host closed the connection)."
2,1374003260476,"Tobu","Tobu join the chan."
2,1374003384977,"Munto","Munto join the chan."
32,1374003948499,"Tobu","Tobu leave the IRC (Quit: No Ping reply in 180 seconds.)."
32,1374004020501,"Munto","Munto leave the IRC (Ping timeout: 246 seconds)."
2,1374004025501,"Tobu","Tobu join the chan."
32,1374004026581,"Tobu","Tobu leave the IRC (Changing host)."
2,1374004026619,"Tobu","Tobu join the chan."
2,1374004099999,"Munto","Munto join the chan."
2,1374006874607,"rhannequin","rhannequin join the chan."
2,1374007221054,"MoOx","MoOx join the chan."
32,1374010066397,"MoOx","MoOx leave the IRC (Remote host closed the connection)."
2,1374010699146,"MoOx","MoOx join the chan."
32,1374010810781,"bricef","bricef leave the IRC (Ping timeout: 240 seconds)."
2,1374011019190,"bricef","bricef join the chan."
32,1374011064163,"MoOx","MoOx leave the IRC (Ping timeout: 240 seconds)."
2,1374011122825,"oncletom","oncletom join the chan."
32,1374011274159,"bricef","bricef leave the IRC (Ping timeout: 240 seconds)."
32,1374011371812,"oncletom","oncletom leave the IRC (Ping timeout: 240 seconds)."
