32,1364603584138,"revolunet","revolunet leave the IRC (Quit: revolunet)."
2,1364612093373,"NiKo`_","NiKo`_ join the chan."
32,1364612252000,"NiKo`","NiKo` leave the IRC (*.net *.split)."
256,1364612252330,"NiKo`_","NiKo`_ changed his nick for NiKo`."
2,1364619302110,"Nyalab","Nyalab join the chan."
32,1364619304207,"Nyalab_","Nyalab_ leave the IRC (Read error: Connection reset by peer)."
2,1364632056021,"bobylito","bobylito join the chan."
32,1364635221637,"bobylito","bobylito leave the IRC (Quit: bobylito)."
1,1364638460997,"nfroidure","merci cher client avec ton mutu pourri, un chmod récursif n'aura jamais été si long"
32,1364639309527,"MoOx","MoOx leave the IRC (Ping timeout: 264 seconds)."
32,1364640112276,"Nyalab","Nyalab leave the IRC (Quit: Quitte)."
2,1364645270855,"bobylito","bobylito join the chan."
32,1364649165279,"bobylito","bobylito leave the IRC (Quit: bobylito)."
2,1364649223688,"bobylito","bobylito join the chan."
2,1364652677682,"Amatewasu","Amatewasu join the chan."
2,1364661052421,"MoOx","MoOx join the chan."
2,1364661160906,"MoOx_","MoOx_ join the chan."
32,1364661369026,"MoOx","MoOx leave the IRC (Ping timeout: 245 seconds)."
1,1364661680653,"nfroidure","Bizarre, j'ai l'impression que ça va à l'encontre de ce que j'ai entendu :http://jsperf.com/concat-vs-plus-vs-join"
32,1364662731751,"bobylito","bobylito leave the IRC (Quit: bobylito)."
32,1364663919524,"MoOx_","MoOx_ leave the IRC (Remote host closed the connection)."
2,1364663991772,"MoOx","MoOx join the chan."
32,1364668280214,"MoOx","MoOx leave the IRC (Remote host closed the connection)."
2,1364668977732,"MoOx","MoOx join the chan."
2,1364675793900,"revolunet","revolunet join the chan."
32,1364676454028,"revolunet","revolunet leave the IRC (Read error: Connection timed out)."
2,1364676458257,"neemzy","neemzy join the chan."
1,1364676470159,"neemzy","hello :)"
32,1364677300310,"MoOx","MoOx leave the IRC (Remote host closed the connection)."
2,1364678712442,"MoOx","MoOx join the chan."
32,1364678725788,"MoOx","MoOx leave the IRC (Remote host closed the connection)."
