32,1378678864042,"fbentz","fbentz leave the IRC (*.net *.split)."
32,1378678864126,"NiKo`","NiKo` leave the IRC (*.net *.split)."
32,1378678864161,"bigx","bigx leave the IRC (*.net *.split)."
32,1378678864477,"bobot","bobot leave the IRC (*.net *.split)."
32,1378678864508,"madx`","madx` leave the IRC (*.net *.split)."
32,1378678865193,"tfe","tfe leave the IRC (*.net *.split)."
32,1378678866179,"romainhuet","romainhuet leave the IRC (*.net *.split)."
32,1378678867845,"No`","No` leave the IRC (*.net *.split)."
2,1378679552961,"NiKo`","NiKo` join the chan."
2,1378679552978,"bigx","bigx join the chan."
2,1378679552978,"bobot","bobot join the chan."
2,1378679552978,"madx`","madx` join the chan."
2,1378679598533,"No`","No` join the chan."
2,1378679611598,"tfe","tfe join the chan."
2,1378679611609,"romainhuet","romainhuet join the chan."
32,1378687684623,"Tobu","Tobu leave the IRC (Ping timeout: 264 seconds)."
2,1378687758623,"Tobu","Tobu join the chan."
32,1378692187078,"No`","No` leave the IRC (Ping timeout: 268 seconds)."
2,1378692195402,"No`","No` join the chan."
2,1378703885549,"MoOx","MoOx join the chan."
1,1378704758049,"angezanetti","o/"
2,1378707739278,"Shahor","Shahor join the chan."
32,1378708676663,"Munto","Munto leave the IRC (Quit: Let's make things Frugal!)."
2,1378708984801,"mab","mab join the chan."
32,1378709489928,"Shahor","Shahor leave the IRC (Remote host closed the connection)."
2,1378709886008,"rhannequin","rhannequin join the chan."
2,1378710050744,"Shahor","Shahor join the chan."
2,1378710099058,"HammHetfield","HammHetfield join the chan."
2,1378710638026,"OwlyCode","OwlyCode join the chan."
32,1378710716365,"Shahor","Shahor leave the IRC (Remote host closed the connection)."
2,1378711116262,"fbentz","fbentz join the chan."
32,1378711174135,"OwlyCode","OwlyCode leave the IRC (Ping timeout: 260 seconds)."
2,1378711530275,"Nyalab","Nyalab join the chan."
2,1378712053011,"brice","brice join the chan."
2,1378712182198,"OwlyCode","OwlyCode join the chan."
4,1378712543910,"nod_","nod_ leave the chan."
2,1378712652491,"nod_","nod_ join the chan."
2,1378713146234,"rhannequin_","rhannequin_ join the chan."
32,1378713275113,"rhannequin","rhannequin leave the IRC (Ping timeout: 260 seconds)."
256,1378713707962,"rhannequin_","rhannequin_ changed his nick for rhannequin."
2,1378713891262,"revolunet","revolunet join the chan."
2,1378714104862,"kewah","kewah join the chan."
2,1378714565287,"_kud","_kud join the chan."
2,1378715360546,"Shahor","Shahor join the chan."
2,1378715784302,"_mlb","_mlb join the chan."
32,1378715788332,"rhannequin","rhannequin leave the IRC (Ping timeout: 248 seconds)."
2,1378715855041,"vdu","vdu join the chan."
2,1378715950920,"rhannequin","rhannequin join the chan."
1,1378716352408,"No`","salut francejs"
1,1378716616979,"angezanetti","o/ No`"
32,1378716692067,"rhannequin","rhannequin leave the IRC (Remote host closed the connection)."
2,1378716759443,"rhannequin","rhannequin join the chan."
2,1378717308596,"oncletom","oncletom join the chan."
2,1378717347649,"oncletom1","oncletom1 join the chan."
32,1378717374038,"oncletom","oncletom leave the IRC (Read error: Connection reset by peer)."
32,1378718188891,"Marlb","Marlb leave the IRC (Quit: ZNC - http://znc.sourceforge.net)."
2,1378718709078,"showtim34","showtim34 join the chan."
2,1378718965657,"oncletom","oncletom join the chan."
32,1378719172663,"oncletom1","oncletom1 leave the IRC (Ping timeout: 240 seconds)."
2,1378719291439,"euskadi31_","euskadi31_ join the chan."
32,1378719352401,"euskadi31","euskadi31 leave the IRC (Read error: Operation timed out)."
32,1378720520667,"oncletom","oncletom leave the IRC (Quit: Leaving.)."
2,1378720827723,"oncletom","oncletom join the chan."
32,1378723777764,"rhannequin","rhannequin leave the IRC (Ping timeout: 264 seconds)."
32,1378725133067,"kewah","kewah leave the IRC (Quit: kewah)."
1,1378725245773,"fbentz","Hello !"
32,1378725309292,"Shahor","Shahor leave the IRC (Remote host closed the connection)."
2,1378725645604,"kewah","kewah join the chan."
2,1378725942951,"Shahor","Shahor join the chan."
32,1378728184058,"nod_","nod_ leave the IRC (Ping timeout: 246 seconds)."
2,1378728257883,"Marlb","Marlb join the chan."
32,1378728341874,"showtim34","showtim34 leave the IRC (Read error: Operation timed out)."
2,1378728692777,"showtim34","showtim34 join the chan."
2,1378728816846,"papachan","papachan join the chan."
2,1378728869372,"Shahor_","Shahor_ join the chan."
32,1378729024037,"Shahor","Shahor leave the IRC (Ping timeout: 246 seconds)."
2,1378729063523,"rhannequin","rhannequin join the chan."
256,1378729653841,"Shahor_","Shahor_ changed his nick for Shahor."
32,1378730022133,"Tobu","Tobu leave the IRC (Ping timeout: 264 seconds)."
2,1378730027099,"Tobu_","Tobu_ join the chan."
32,1378731872543,"rhannequin","rhannequin leave the IRC (Ping timeout: 245 seconds)."
2,1378732056948,"rhannequin","rhannequin join the chan."
32,1378732339058,"papachan","papachan leave the IRC (Quit: Leaving)."
32,1378732527755,"vdu","vdu leave the IRC (Read error: Connection reset by peer)."
2,1378732535042,"vdu","vdu join the chan."
2,1378732689554,"nod_","nod_ join the chan."
2,1378733363328,"vdu_","vdu_ join the chan."
32,1378733558082,"vdu","vdu leave the IRC (Ping timeout: 240 seconds)."
32,1378733616369,"oncletom","oncletom leave the IRC (Quit: Leaving.)."
32,1378733962561,"euskadi31_","euskadi31_ leave the IRC (Quit: WeeChat 0.4.0)."
2,1378734064706,"euskadi31","euskadi31 join the chan."
32,1378734320539,"Nyalab","Nyalab leave the IRC (Remote host closed the connection)."
32,1378734326068,"rhannequin","rhannequin leave the IRC (Ping timeout: 240 seconds)."
32,1378734499528,"vdu_","vdu_ leave the IRC (Remote host closed the connection)."
2,1378734709226,"rhannequin","rhannequin join the chan."
32,1378735340763,"brice","brice leave the IRC (Remote host closed the connection)."
2,1378736003159,"brice","brice join the chan."
2,1378737549213,"Nyalab","Nyalab join the chan."
32,1378737893481,"_kud","_kud leave the IRC (Remote host closed the connection)."
2,1378737994831,"Nyalab_","Nyalab_ join the chan."
32,1378738178245,"Nyalab","Nyalab leave the IRC (Ping timeout: 264 seconds)."
2,1378738215154,"_kud","_kud join the chan."
32,1378738930184,"rhannequin","rhannequin leave the IRC (Ping timeout: 256 seconds)."
32,1378742619141,"bigx","bigx leave the IRC (Ping timeout: 260 seconds)."
256,1378742849042,"Nyalab_","Nyalab_ changed his nick for Nyalab."
2,1378742973600,"DontShootMe","DontShootMe join the chan."
32,1378743510240,"HammHetfield","HammHetfield leave the IRC (Quit: HammHetfield)."
32,1378743607421,"OwlyCode","OwlyCode leave the IRC (Remote host closed the connection)."
32,1378744325520,"brice","brice leave the IRC (Remote host closed the connection)."
32,1378744376670,"kewah","kewah leave the IRC (Quit: kewah)."
2,1378745550419,"rhannequin","rhannequin join the chan."
32,1378745858480,"rhannequin","rhannequin leave the IRC (Read error: Connection reset by peer)."
32,1378747465649,"Shahor","Shahor leave the IRC (Remote host closed the connection)."
32,1378747759551,"_mlb","_mlb leave the IRC (Remote host closed the connection)."
2,1378747968314,"bigx","bigx join the chan."
2,1378748950024,"revolunet_","revolunet_ join the chan."
32,1378749008526,"revolunet_","revolunet_ leave the IRC (Client Quit)."
2,1378749019433,"_mlb","_mlb join the chan."
32,1378749069554,"revolunet","revolunet leave the IRC (Ping timeout: 248 seconds)."
2,1378750078781,"kud","kud join the chan."
32,1378752087347,"MoOx","MoOx leave the IRC (Remote host closed the connection)."
2,1378753950354,"MoOx","MoOx join the chan."
2,1378754187735,"Amatewasu","Amatewasu join the chan."
32,1378754678841,"MoOx","MoOx leave the IRC (Ping timeout: 240 seconds)."
2,1378754888069,"Munto","Munto join the chan."
2,1378755214867,"kud_","kud_ join the chan."
32,1378755402695,"kud_","kud_ leave the IRC (Remote host closed the connection)."
32,1378757791808,"showtim34","showtim34 leave the IRC (Ping timeout: 245 seconds)."
2,1378758012633,"kud_","kud_ join the chan."
32,1378758182200,"DontShootMe","DontShootMe leave the IRC (Remote host closed the connection)."
2,1378758596482,"Scrunshes","Scrunshes join the chan."
1,1378758614333,"Scrunshes","bonsoir tout le monde"
1,1378758689379,"kud_","lo"
32,1378758837369,"Scrunshes","Scrunshes leave the IRC (Client Quit)."
32,1378761532611,"Amatewasu","Amatewasu leave the IRC (Quit: WeeChat 0.4.2-rc1)."
2,1378762543412,"revolunet","revolunet join the chan."
