32,1370729753391,"DontShootMe","DontShootMe leave the IRC (Remote host closed the connection)."
2,1370735417068,"fbentz","fbentz join the chan."
32,1370737380087,"fbentz","fbentz leave the IRC (Quit: fbentz)."
32,1370747594432,"Alz_","Alz_ leave the IRC (Ping timeout: 248 seconds)."
2,1370758432338,"Alz_","Alz_ join the chan."
2,1370763979443,"NiKo`_","NiKo`_ join the chan."
32,1370764033575,"NiKo`","NiKo` leave the IRC (Ping timeout: 276 seconds)."
256,1370764033669,"NiKo`_","NiKo`_ changed his nick for NiKo`."
32,1370764984747,"bobot","bobot leave the IRC (Ping timeout: 264 seconds)."
2,1370768825518,"fbentz","fbentz join the chan."
2,1370771698999,"Amatewasu","Amatewasu join the chan."
2,1370778704900,"Marsup","Marsup join the chan."
2,1370779862152,"showtim34","showtim34 join the chan."
32,1370783953080,"fbentz","fbentz leave the IRC (Quit: fbentz)."
32,1370784965112,"showtim34","showtim34 leave the IRC (Remote host closed the connection)."
2,1370786472074,"fbentz","fbentz join the chan."
32,1370786921423,"fbentz","fbentz leave the IRC (Read error: No route to host)."
2,1370787014851,"fbentz","fbentz join the chan."
32,1370787906214,"fbentz","fbentz leave the IRC (Quit: fbentz)."
2,1370788877159,"rhannequin","rhannequin join the chan."
2,1370792551781,"showtim34","showtim34 join the chan."
2,1370794844365,"fbentz","fbentz join the chan."
32,1370795102125,"fbentz","fbentz leave the IRC (Client Quit)."
2,1370795571556,"fbentz","fbentz join the chan."
32,1370796541751,"fbentz","fbentz leave the IRC (Quit: fbentz)."
2,1370801681669,"Shahor_","Shahor_ join the chan."
32,1370801823630,"Shahor","Shahor leave the IRC (Ping timeout: 246 seconds)."
32,1370802109757,"rhannequin","rhannequin leave the IRC (Remote host closed the connection)."
32,1370806024102,"Amatewasu","Amatewasu leave the IRC (Ping timeout: 248 seconds)."
2,1370806621076,"Amatewasu","Amatewasu join the chan."
32,1370809186312,"showtim34","showtim34 leave the IRC (Remote host closed the connection)."
2,1370809545323,"revolunet","revolunet join the chan."
32,1370810084637,"Amatewasu","Amatewasu leave the IRC (Quit: WeeChat 0.4.2-dev)."
2,1370812338366,"fbentz","fbentz join the chan."
32,1370812361234,"fbentz","fbentz leave the IRC (Remote host closed the connection)."
2,1370812453761,"fbentz","fbentz join the chan."
