32,1374876275420,"Amatewasu","Amatewasu leave the IRC (Ping timeout: 268 seconds)."
2,1374876948576,"_mlb","_mlb join the chan."
2,1374877265456,"_kud","_kud join the chan."
32,1374878525895,"_mlb","_mlb leave the IRC (Remote host closed the connection)."
32,1374881627087,"fbentz","fbentz leave the IRC (Quit: fbentz)."
32,1374881705552,"_kud","_kud leave the IRC (Quit: Leaving)."
32,1374891436990,"stephCoue","stephCoue leave the IRC (Remote host closed the connection)."
2,1374895671260,"stephCoue","stephCoue join the chan."
32,1374896024234,"stephCoue","stephCoue leave the IRC (Ping timeout: 264 seconds)."
2,1374902088427,"MoOx","MoOx join the chan."
2,1374907439674,"_mlb","_mlb join the chan."
32,1374909049453,"_mlb","_mlb leave the IRC (Remote host closed the connection)."
32,1374909829186,"MoOx","MoOx leave the IRC (Remote host closed the connection)."
2,1374911671833,"MoOx","MoOx join the chan."
32,1374912241575,"MoOx","MoOx leave the IRC (Remote host closed the connection)."
2,1374912713265,"MoOx","MoOx join the chan."
32,1374913209548,"MoOx","MoOx leave the IRC (Remote host closed the connection)."
32,1374914873100,"bobot","bobot leave the IRC (Remote host closed the connection)."
2,1374915047321,"bobot","bobot join the chan."
32,1374915153716,"bobot","bobot leave the IRC (Remote host closed the connection)."
2,1374915201837,"bobot","bobot join the chan."
2,1374922845130,"Grirrle","Grirrle join the chan."
2,1374925671331,"Amatewasu","Amatewasu join the chan."
1,1374927001825,"nfroidure","nod_, c'est ma faute, j'aurai dû le préciser, mais comme c'est FranceJS, on voulait partir sur du JS côté serveur également :-/."
1,1374927252170,"nod_","nfroidure: c'est comme vous voulez, moi ce que je dis c'est que tu me donnes 4 heures, t'as un site qui fait a peu près tout ce qu'il y a sur la liste et t'as du temps pour organiser des évènements"
1,1374927265328,"nod_","réinventer la roue tousse"
1,1374927269065,"nod_","toussa**"
1,1374927339158,"nod_","après faut voir les priorités :D j'essaie pas d'enlever du fun à qui que ce soit c'est juste pour rendre service"
1,1374927343725,"nfroidure","nod_, postes une issue sur la technologie à utiliser avec tes arguments. C'est le consensus du salon IRC basé sur mon interprétation, mais ça peut faire l'objet d'un débat plus détaillé /argumenté sur GitHub"
1,1374927398513,"nfroidure","Mais clairement, le choix de la techno est un peu ce qui enlise le projet à l'heure actuelle."
1,1374927708419,"nod_","peut être pour toi, de mon coté le projet a un intéret pour développer la communauté, et prendre du temps sur le dév de l'outil principal de communication vers l'exterieur c'est prendre le risque que les gens se désintéressent à force. Des trucs qui aident c'est d'avoir des comptes rendu des réunions, des infos sur les gens de l'asso, etc."
1,1374927739916,"nod_","tout ça c'est gestion de contenu et surtout ça n'empèche pas d'avoir des parties du site avec du nodejs inside"
1,1374927817076,"nod_","C'est quoi le plus fun pour toi? J'ai remarqué que les démos de jeudi c'était du karaoké, casse brique et compagnie et pas un système de gestion de membres"
1,1374928403716,"nfroidure","nod_, c'est pas moi que tu dois convaincre, mais la communauté ;). Résumes ta pensée dans une issue est ce qu'il y a de mieux je pense pour que ton avis soit pris en compte par les membres."
1,1374928403810,"nod_","nfroidure: j'suis en train  :)"
1,1374928403871,"nfroidure","*résumer"
1,1374928404109,"nfroidure","Pour ma part, mon avis est pas tranché. Certes un outils automatique nous ferait gagner du temps, mais en même temps, un site JS fullstack est une vitrine intéressante."
1,1374928404170,"nod_","nfroidure: et si, toi t'es a convaincre aussi, jusqu'a nouvel ordre tu fais partie de la communauté non?"
1,1374928404171,"nod_",":D"
1,1374928404514,"nfroidure","C'est aussi la garantie que tous les membres pourront s'impliquer car tous ici ne font pas du PHP."
1,1374928404575,"nfroidure","Certains y sont même allergiques."
1,1374928404769,"nfroidure","Moi, j'ai rien contre PHP ;)"
1,1374928610462,"nfroidure","nod_, juste pour que je te situe, tu étais à quel endroit à ChtiJS ?"
1,1374928612096,"nod_","y'a des CMS en nodejs? j'ai jamais cherché"
1,1374928631202,"nfroidure","Y'a plutôt des framework pour des services REST"
1,1374928634849,"nod_","théodore, à ta gauche au bout de la table"
1,1374928637788,"nfroidure","Express par ex."
1,1374928637932,"nod_","noflo toussa"
1,1374928645184,"nfroidure","Et aussi des générateurs de contenus statique"
1,1374928663670,"nfroidure","Le consultant Drupal ?"
1,1374928668480,"nod_","oui :p"
1,1374928678735,"nod_","je prèche pour ma paroisse"
1,1374928743670,"nfroidure","Si chacun prêche pour sa paroisse on va pas s'en sortir :p"
1,1374928786288,"nfroidure","Par contre, niveau design, va falloir qu'on trouve un volontaire car si je m'y met y va y avoir de la casse :D"
1,1374928879918,"nod_","même chose :D"
1,1374929122069,"nod_","https://github.com/francejs/francejs.github.com/issues/38"
2,1374929678385,"fbentz","fbentz join the chan."
1,1374929759671,"nfroidure","yep, j'ai vu. Mais j'ai rien à redire cvu que tu as aussi mis mon point de vue ;)"
32,1374930837508,"Amatewasu","Amatewasu leave the IRC (Ping timeout: 264 seconds)."
2,1374930967586,"edd","edd join the chan."
2,1374931695380,"Amatewasu","Amatewasu join the chan."
32,1374932219483,"Amatewasu","Amatewasu leave the IRC (Ping timeout: 264 seconds)."
2,1374932954950,"Amatewasu","Amatewasu join the chan."
32,1374934019012,"Amatewasu","Amatewasu leave the IRC (Ping timeout: 248 seconds)."
2,1374934111793,"stephCoue","stephCoue join the chan."
2,1374937355341,"MoOx","MoOx join the chan."
2,1374937875330,"Amatewasu","Amatewasu join the chan."
32,1374938089335,"stephCoue","stephCoue leave the IRC (Remote host closed the connection)."
32,1374938680352,"Amatewasu","Amatewasu leave the IRC (Ping timeout: 246 seconds)."
32,1374939219494,"fbentz","fbentz leave the IRC (Quit: fbentz)."
2,1374939981392,"Grirrle1","Grirrle1 join the chan."
2,1374940004789,"Amatewasu","Amatewasu join the chan."
32,1374940149678,"Grirrle","Grirrle leave the IRC (Ping timeout: 276 seconds)."
2,1374940500418,"Grirrle","Grirrle join the chan."
32,1374940570387,"Grirrle1","Grirrle1 leave the IRC (Ping timeout: 246 seconds)."
32,1374941104729,"MoOx","MoOx leave the IRC (Remote host closed the connection)."
2,1374942322022,"stephCoue","stephCoue join the chan."
32,1374942635551,"stephCoue","stephCoue leave the IRC (Ping timeout: 240 seconds)."
2,1374943477780,"_kud","_kud join the chan."
2,1374944204385,"MoOx","MoOx join the chan."
32,1374944483377,"MoOx","MoOx leave the IRC (Ping timeout: 248 seconds)."
32,1374945414124,"Tobu","Tobu leave the IRC (Remote host closed the connection)."
2,1374945576603,"Tobu","Tobu join the chan."
2,1374948199019,"_mlb","_mlb join the chan."
2,1374949625351,"stephCoue","stephCoue join the chan."
2,1374950095728,"Munto","Munto join the chan."
32,1374950606157,"_mlb","_mlb leave the IRC (Remote host closed the connection)."
32,1374950927477,"edd","edd leave the IRC (Quit: Leaving)."
32,1374953077686,"stephCoue","stephCoue leave the IRC (Remote host closed the connection)."
2,1374953865179,"_mlb","_mlb join the chan."
32,1374954084264,"Amatewasu","Amatewasu leave the IRC (Ping timeout: 256 seconds)."
2,1374954872725,"Amatewasu","Amatewasu join the chan."
32,1374956643815,"Amatewasu","Amatewasu leave the IRC (Ping timeout: 248 seconds)."
32,1374959828128,"Tobu","Tobu leave the IRC (Ping timeout: 246 seconds)."
2,1374959844141,"Tobu","Tobu join the chan."
