2,1375309074125,"_kud","_kud join the chan."
32,1375309165986,"kud","kud leave the IRC (Read error: Connection reset by peer)."
2,1375311866847,"Munto","Munto join the chan."
32,1375313165279,"revolunet","revolunet leave the IRC (Ping timeout: 245 seconds)."
32,1375317743551,"_Setsuna_","_Setsuna_ leave the IRC (Ping timeout: 264 seconds)."
2,1375317770142,"_Setsuna_","_Setsuna_ join the chan."
32,1375325462973,"_mlb","_mlb leave the IRC (Remote host closed the connection)."
32,1375335073489,"Munto","Munto leave the IRC (Quit: Let's make things Frugal!)."
2,1375338664270,"gorhgorh","gorhgorh join the chan."
2,1375339624002,"HammHetfield","HammHetfield join the chan."
2,1375340398383,"endou","endou join the chan."
32,1375340653216,"MoOx","MoOx leave the IRC (Remote host closed the connection)."
2,1375341021940,"rhannequin","rhannequin join the chan."
2,1375341919399,"Grirrle","Grirrle join the chan."
2,1375342481995,"_mlb","_mlb join the chan."
32,1375342978198,"gorhgorh","gorhgorh leave the IRC (Quit: gorhgorh)."
2,1375343025380,"gorhgorh","gorhgorh join the chan."
32,1375343040792,"rhannequin","rhannequin leave the IRC (Read error: Connection reset by peer)."
2,1375343307282,"rhannequin","rhannequin join the chan."
32,1375343886339,"_mlb","_mlb leave the IRC (Remote host closed the connection)."
32,1375344756849,"gorhgorh","gorhgorh leave the IRC (Quit: gorhgorh)."
2,1375345325911,"_mlb","_mlb join the chan."
2,1375347539166,"oncletom","oncletom join the chan."
2,1375349696555,"kewah","kewah join the chan."
32,1375349833064,"fbentz","fbentz leave the IRC (Quit: fbentz)."
2,1375350509677,"kud","kud join the chan."
32,1375350522587,"_kud","_kud leave the IRC (Ping timeout: 276 seconds)."
2,1375352056426,"gorhgorh","gorhgorh join the chan."
1,1375352713589,"nod_","bah tiens, just après la conf de bret victor NoFlo surf sur la vague http://www.kickstarter.com/projects/noflo/noflo-development-environment"
2,1375353354210,"matthieu__","matthieu__ join the chan."
32,1375353616154,"gorhgorh","gorhgorh leave the IRC (Quit: gorhgorh)."
32,1375354446362,"kewah","kewah leave the IRC (Quit: kewah)."
2,1375355563554,"gorhgorh","gorhgorh join the chan."
2,1375355946745,"kewah","kewah join the chan."
32,1375356021765,"rhannequin","rhannequin leave the IRC (Ping timeout: 276 seconds)."
1,1375356182134,"nfroidure","_mlb, J'ai fait un pull request pour Jasper avec le support de tests asynchrone https://github.com/kalisjoshua/Jasper/pull/28"
1,1375356283123,"nfroidure","Par contre, pour les tests, il utilise Karma, c'est sympa. Apparemment, c'est maintenu par la team angular."
1,1375356293580,"nfroidure","http://karma-runner.github.io/0.8/index.html"
2,1375356329880,"bobot","bobot join the chan."
1,1375357769748,"_mlb","nfroidure je t'ai DM le test"
1,1375357922783,"nfroidure","je suis entrain d ele fair"
32,1375358056940,"gorhgorh","gorhgorh leave the IRC (Quit: gorhgorh)."
1,1375358513794,"nfroidure","_mlb, ça serait bien d'avoir un moyen de réafficher l'énoncé du test courant"
1,1375358530806,"_mlb","je rajoute ça"
1,1375358713385,"nfroidure","C'est vicieux de pas faire hériter l'objet à tester de Object :)"
2,1375358810377,"_mlb_","_mlb_ join the chan."
32,1375358834435,"_mlb","_mlb leave the IRC (Ping timeout: 248 seconds)."
32,1375358901274,"matthieu__","matthieu__ leave the IRC (Remote host closed the connection)."
32,1375358973636,"kewah","kewah leave the IRC (Quit: kewah)."
32,1375359055664,"endou","endou leave the IRC (Remote host closed the connection)."
2,1375359375448,"endou","endou join the chan."
32,1375359585976,"_mlb_","_mlb_ leave the IRC (Remote host closed the connection)."
2,1375359622583,"_mlb","_mlb join the chan."
2,1375359694456,"_mlb_","_mlb_ join the chan."
32,1375359871598,"_mlb","_mlb leave the IRC (Ping timeout: 246 seconds)."
32,1375360001868,"_mlb_","_mlb_ leave the IRC (Remote host closed the connection)."
2,1375360034750,"_mlb","_mlb join the chan."
1,1375360095315,"nfroidure","oki, je l'ai fait."
1,1375360110507,"_mlb","nfroidure gist updated"
1,1375360116684,"nfroidure","Pas mal l'idée du gist, y'a pas de triche possible"
1,1375360131801,"_mlb","yep"
1,1375360434870,"nfroidure","_mlb, t'as ajouté des tests où c'est juste des modifs ?"
1,1375360556948,"_mlb","just le \"last\" pour la description"
1,1375360586207,"_mlb","ça te semble bien comme tests ?"
1,1375360599545,"nfroidure","oki, bon, je publie ton défi ou j'attends lundi ?"
1,1375360618730,"nfroidure","_mlb, oui, c'est bien. Pour l'anecdote, j'ai plus buté sur le premier ;)"
1,1375360654924,"nfroidure","https://gist.github.com/nfroidure/36321f80289727904be7"
1,1375360686727,"_mlb","SETINTERVAL SAYMAL"
1,1375360720466,"nfroidure","Je vais réoganiser les défis. Les garder pour usage ultérieur ça me paraît une bonne idée."
1,1375360739498,"nfroidure","_mlb, pour ton défi c'est le chemin le plus court ;)"
1,1375360825768,"nfroidure","Y'a moyen de faire une redirection propre avec GitHub sites ?"
1,1375360838757,"nfroidure","Je voudrais renommer concours.html en defis.html"
2,1375360982520,"MoOx","MoOx join the chan."
1,1375361702289,"tbassetto","je crois que tu ne peux que remplacer le contenu de concours.html par un window.location.href ="
2,1375361724568,"gorhgorh","gorhgorh join the chan."
32,1375361817924,"gorhgorh","gorhgorh leave the IRC (Client Quit)."
1,1375362437889,"nfroidure","pouah.. :("
1,1375362455285,"nfroidure","_mlb, mon commit est prêt y'a qu'à envoyer le signal et je merge"
1,1375362476209,"_mlb","quand tu veux"
1,1375362726654,"nfroidure","Si tu veux bien tester de ton côté aussi pour êtes sûr que tout est ok : http://francejs.org/defi-mlb.html"
1,1375362848970,"nfroidure","Chez moi ça bloque au cookie."
1,1375362928662,"_mlb","ça marche de mon côté"
1,1375362936320,"nfroidure","Je pense que analytics fout la m..."
1,1375362954872,"_mlb","test(function(name){var match = document.cookie.match(\"(?:^|;)\\s*\" + name + \"\\s*=\\s*([^;]+)\\s*(?:$|;)\");return match ? match[1] :null})"
1,1375362958532,"_mlb","essaie avec ça"
1,1375362979954,"_mlb","par contre Mathias -> Matthias :)"
1,1375362989378,"kud","c'est pareil"
1,1375362994156,"kud",":D"
1,1375363012987,"_mlb","kud: Érouanne on se calme tout de suite"
1,1375363078829,"kud","^^"
1,1375363173770,"nfroidure","_mlb, test(function(n) { console.log(n); return document.cookie.replace(new RegExp('^.*'+n+'=([^;]+);.*$'),'$1'); })"
1,1375363181589,"nfroidure","cookie2238737"
1,1375363181629,"nfroidure","Nope. defi-mlb.html:35"
1,1375363181629,"nfroidure","undefined"
1,1375363181630,"nfroidure","document.cookie"
1,1375363181630,"nfroidure","\"__utma=196077051.177417950.1362754245.1375284624.1375362072.33; __utmb=196077051.6.10.1375362072; __utmc=196077051; __utmz=196077051.1366961347.23.3.utmcsr=t.co|utmccn=(referral)|utmcmd=referral|utmcct=/HoTjrqPrxS\""
1,1375363193858,"_mlb","c'est normal"
1,1375363201674,"_mlb","il vire le cookie juste apres"
1,1375363216716,"_mlb","testé sous Chrome, WebKit et Firefox et ça fonctionne"
1,1375363254168,"nfroidure","oki, my bad. le ; est optionnel si le cookie est en fin de chaîne"
1,1375363284423,"_mlb","nfroidure comme tout en JS héhé"
1,1375363289084,"nfroidure","Ceci fonctionne : test(function(n) { return document.cookie.replace(new RegExp('^.*'+n+'=([^;]+);?.*$'),'$1'); })"
1,1375363292641,"nfroidure",":p"
1,1375363334025,"nfroidure","Bon, ça marche."
1,1375363340135,"nfroidure","J'envoie le bouzin :)"
1,1375363396534,"_mlb","tu peux min le js"
1,1375363409606,"_mlb","c'est aussi dans le gist"
1,1375363435184,"_mlb","quoiqu'on se fout"
1,1375363455179,"_mlb","les data du test sont générées aléatoirement"
1,1375363607733,"kud","c'est \"prêts\""
1,1375363610839,"kud","pas \"prêt\""
1,1375363612545,"kud","le tweet"
1,1375363613516,"kud",":)"
2,1375364155764,"rhannequin","rhannequin join the chan."
2,1375364265871,"gorhgorh","gorhgorh join the chan."
32,1375364583483,"rhannequin","rhannequin leave the IRC (Remote host closed the connection)."
2,1375366324836,"lionelB","lionelB join the chan."
32,1375367071916,"gorhgorh","gorhgorh leave the IRC (Quit: gorhgorh)."
1,1375368014857,"nfroidure","Soit le mec a triché, soit il a mal lu : https://twitter.com/OwlyCode/status/362933056732020737"
1,1375368016773,"bobot","@OwlyCode: @FranceJS I succeeded in the test : https://gist.github.com/tmaindron/94ff25e8ad882b3986b5 …"
1,1375368028340,"_mlb","il a triché :)"
1,1375368033749,"_mlb","parce que c'est pas l'output"
4,1375368065603,"lionelB","lionelB leave the chan."
2,1375368441746,"_kud","_kud join the chan."
32,1375368467301,"kud","kud leave the IRC (Ping timeout: 245 seconds)."
1,1375368698453,"_mlb","on a deux succès"
1,1375369849025,"nfroidure","Tu as testé les gist ?"
1,1375369854706,"nfroidure","_mlb,"
1,1375369870305,"_mlb","je fais ça tout de suite"
1,1375370036289,"nfroidure","Reste plus qu'à trouver des volontaires pour les trois prochains défis :D"
1,1375370041168,"_mlb","OwlyCode c'est bon"
2,1375370066988,"gorhgorh","gorhgorh join the chan."
1,1375370074481,"nfroidure","Bon, comme c'est le premier, c'est le vainqueur"
1,1375370144862,"_mlb","et celui de Guillaume fonctionne aussi"
1,1375370237571,"nfroidure","_mlb, dommage que j'ai pas eu l'idée du Gist, tu dois jubiler devant les essais infructueux :p"
1,1375370253111,"_mlb","oh que oui haha"
1,1375370264480,"_mlb","j'ai eu 200 \"je te hais\" sur Gtalk"
1,1375370420498,"nfroidure","Bon, piscine ++"
32,1375372361840,"gorhgorh","gorhgorh leave the IRC (Quit: gorhgorh)."
2,1375372688460,"OwlyCode","OwlyCode join the chan."
2,1375373161176,"_mlb_","_mlb_ join the chan."
32,1375373279147,"OwlyCode","OwlyCode leave the IRC (Quit: Quitte)."
32,1375373404193,"_mlb","_mlb leave the IRC (Ping timeout: 264 seconds)."
32,1375373682916,"_kud","_kud leave the IRC (Ping timeout: 248 seconds)."
2,1375373698547,"_kud","_kud join the chan."
32,1375373817066,"Grirrle","Grirrle leave the IRC (Quit: Leaving.)."
32,1375374078751,"HammHetfield","HammHetfield leave the IRC (Quit: HammHetfield)."
32,1375374765907,"oncletom","oncletom leave the IRC (Read error: Connection reset by peer)."
2,1375374783107,"oncletom","oncletom join the chan."
32,1375375669706,"endou","endou leave the IRC (Remote host closed the connection)."
32,1375376213979,"MoOx","MoOx leave the IRC (Remote host closed the connection)."
32,1375376549857,"_mlb_","_mlb_ leave the IRC (Remote host closed the connection)."
32,1375377329740,"oncletom","oncletom leave the IRC (Quit: Leaving.)."
2,1375378925131,"_mlb","_mlb join the chan."
2,1375379137345,"kud","kud join the chan."
1,1375379250171,"nfroidure","re"
1,1375379258929,"nfroidure","Décidément personne ne veut de cette place :("
1,1375379402209,"nfroidure","_mlb, je proposerai bien @kaneel , mais il follow par FranceJS. Il te follow ?"
1,1375379418937,"_mlb","yep"
1,1375379435804,"_mlb","en même temps, Caen c'est délicat"
1,1375379457953,"_mlb","si c'était pas ma ville d'origine je sais pas si j'y foutrais les pieds haha"
1,1375382025789,"kud","tu m'étonnes"
1,1375382026886,"kud","la même."
2,1375382247220,"gorhgorh","gorhgorh join the chan."
32,1375384203282,"gorhgorh","gorhgorh leave the IRC (Quit: gorhgorh)."
2,1375384574287,"gorhgorh","gorhgorh join the chan."
4,1375387235693,"gorhgorh","gorhgorh leave the chan."
