18,1370595339327,"Marionnette","Marionnette join the chan."
8,1370595339381,"_kud","_kud change topic to \"Communauté française des utilisateurs de JavaScript | Site : http://francejs.org\""
1,1370595379983,"nfroidure","Bon, j'ai switché Marionnette sur un kimsufi"
1,1370595399337,"nfroidure","Ca sera plus stable"
18,1370595649083,"Marionnette","Marionnette join the chan."
8,1370595649142,"_kud","_kud change topic to \"Communauté française des utilisateurs de JavaScript | Site : http://francejs.org\""
2,1370596190497,"revolunet","revolunet join the chan."
2,1370597125428,"stephCoue","stephCoue join the chan."
32,1370597224026,"showtim34","showtim34 leave the IRC (Remote host closed the connection)."
2,1370599017223,"rhannequin","rhannequin join the chan."
32,1370599174027,"lionelB","lionelB leave the IRC (Read error: Connection reset by peer)."
2,1370599198901,"lionelB","lionelB join the chan."
32,1370599897822,"_mlb","_mlb leave the IRC (Remote host closed the connection)."
32,1370601363843,"stephCoue","stephCoue leave the IRC (Remote host closed the connection)."
2,1370601401591,"stephCoue","stephCoue join the chan."
32,1370601707308,"stephCoue","stephCoue leave the IRC (Ping timeout: 246 seconds)."
32,1370601723408,"MoOx","MoOx leave the IRC (Ping timeout: 260 seconds)."
32,1370601929115,"kewah","kewah leave the IRC (Quit: kewah)."
32,1370602631342,"rhannequin","rhannequin leave the IRC (Ping timeout: 246 seconds)."
2,1370602679059,"stephCoue","stephCoue join the chan."
32,1370605005455,"DontShootMe","DontShootMe leave the IRC (Remote host closed the connection)."
2,1370605200147,"kewah","kewah join the chan."
2,1370606785522,"_mlb","_mlb join the chan."
2,1370607093841,"rhannequin","rhannequin join the chan."
32,1370607141344,"bigx","bigx leave the IRC (Ping timeout: 248 seconds)."
2,1370607200593,"MoOx","MoOx join the chan."
2,1370607917467,"bigx","bigx join the chan."
32,1370608280834,"bobot","bobot leave the IRC (Remote host closed the connection)."
32,1370608286103,"_kud","_kud leave the IRC (Remote host closed the connection)."
2,1370608889109,"bobot","bobot join the chan."
32,1370608977351,"kewah","kewah leave the IRC (Quit: kewah)."
2,1370609052897,"kewah","kewah join the chan."
32,1370609152907,"loicfrering","loicfrering leave the IRC (Ping timeout: 248 seconds)."
2,1370609553110,"Atu","Atu join the chan."
2,1370611030697,"DontShootMe","DontShootMe join the chan."
1,1370611148912,"nfroidure","Pour la petite histoire, ma fille a cramé l'alim. de ma tour \"serveur de dev\" en insérant le microUSB de mon cable de rechargement tél dans le lecteur SD de la tour."
1,1370611171640,"nfroidure","Des chances que ça soit que le fusible ?"
1,1370611231689,"urcadox","ça dépend de l'alim :/"
1,1370611278235,"nfroidure","Bah, c'est un vieux PC. Du coup je l'ai virtualisé"
1,1370611386086,"nfroidure","Il doit avoir 8-10 ans :D"
1,1370611524086,"urcadox","bah j'ai envie de dire que t'as tes chances mais bon tu sauras pas tant que tu testes pas avec une autre alim é_è"
1,1370611582610,"urcadox","à moins de voir des résistances cramées / condensateurs gonflés sur la CM bien sûr"
1,1370611607301,"nfroidure","Je distingue rien sous la couche de poussière :)"
32,1370611617019,"rhannequin","rhannequin leave the IRC (Ping timeout: 248 seconds)."
1,1370611624669,"nfroidure","En même temps, je me dis que ça réduira ma facture d'élec"
1,1370611649943,"nfroidure","Ce PC tournait H24 en plus de mon fixe de prod"
1,1370612156748,"No`","§wo, /win /w/win 1"
2,1370612278792,"showtim34","showtim34 join the chan."
1,1370612778045,"nfroidure","_mlb, je suis allé faire un tour sur ton projet arch, dommage que tu ne commentes pas les sources"
1,1370612854165,"_mlb","nfroidure: pourquoi ça ? :)"
32,1370612879697,"revolunet","revolunet leave the IRC (Ping timeout: 246 seconds)."
1,1370612882439,"nfroidure","Si tu veux que des gens collaborent, plus vite il comprendront ce que tu as voulu faire, mieux ce sera ;)"
1,1370612905045,"_mlb","je sais pas même encore précisément ce que ça va être haha"
2,1370612906717,"revolunet","revolunet join the chan."
1,1370613039582,"nfroidure","Tiens, pour quoi tu fais ça : eventClass.fire = fire"
1,1370613040405,"nfroidure","  function fire(eventName, data)"
1,1370613061036,"nfroidure","et pas ça : eventClass.fire=function fire() ?"
1,1370613075122,"_mlb","plus lisible et plus vertical à mon goût"
1,1370613142294,"nfroidure","bon après, quitte à refaire un framework, pour moi, autant y aller cash et le faire AMD compatible"
1,1370613201745,"nfroidure","Et aussi, pourquoi ne pas polyfiller plutôt que de créer des arch.classes.*"
1,1370613260783,"nfroidure","Et tu vises la compat avec quels navs ?"
1,1370613293652,"_mlb","arch.classes ça va permettre d'être flexible"
1,1370613305157,"_mlb","après le mec qui utilise en fait ce qu'il veut"
1,1370613312766,"_mlb","compat ES5 min"
1,1370613360831,"nfroidure","_mlb, arf. Pour moi, ES5 c'est VanillaJS ;)"
1,1370613745448,"_mlb","techniquement ça l'est quand t'as la chance de partir sur des browsers qui le supportent"
1,1370613907491,"nfroidure","Le problème est que bcp de nav ne supportent pas ES5 de manière totale."
32,1370613912459,"showtim34","showtim34 leave the IRC (Quit: Quitte)."
1,1370613924376,"_mlb","la plupart assez pour partir sur des trucs intéressants déjà"
1,1370613927690,"nfroidure","IMHA, pour un framework, il faut plutôt parler en terme de version de nav."
1,1370613945000,"nfroidure","Je trouve qu'il manque un framework de polyfill IE8+"
1,1370613957900,"_mlb","je vais probablement mettre d'interaction directe au niveau DOM"
1,1370613961588,"_mlb","pas*"
1,1370613967703,"_mlb","du coup la version de nav importe pas"
1,1370613971981,"nfroidure","Car l'avantage de IE8+ est que tu peux faire du vrai polyfill sur les éléments du DOM"
1,1370614021671,"nfroidure","_mlb, Object.create ça te dégage pas mal de navs"
1,1370614072530,"_mlb","Ben IE8, FF3-, Opera 10-"
2,1370614140007,"loicfrering","loicfrering join the chan."
2,1370614495786,"showtim34","showtim34 join the chan."
1,1370614509761,"_mlb","hop, petite Cheat Sheet bitwise avec une petite classe http://cl.ly/PUG7"
2,1370615677876,"HammHetfield_","HammHetfield_ join the chan."
32,1370615699807,"HammHetfield","HammHetfield leave the IRC (Ping timeout: 256 seconds)."
256,1370615700251,"HammHetfield_","HammHetfield_ changed his nick for HammHetfield."
1,1370616141877,"nfroidure","_mlb, ça peut être utile"
1,1370616203236,"nfroidure","à part la classe, le but du bit bashing c'est de rester light"
1,1370616236051,"_mlb","elle est plus à but explicatif"
1,1370616245113,"_mlb","pour montrer l'utilité clairement"
1,1370616288284,"nfroidure","sympa le shortcut &=~"
1,1370616379571,"_mlb","hardcore bitwise haha"
1,1370616389330,"nfroidure",":D je viens de tilter :)"
1,1370616390019,"_mlb","avec ça t'es certain que personne va piger ton code"
1,1370616408655,"nfroidure","Ha, nan, tu parlais complexité"
1,1370616410880,"lionelB","_mlb j'avais bien aimé >> aussi pour les variable int"
1,1370616414025,"nfroidure","Moi je parlais iconographie"
1,1370616447871,"nfroidure","Je suis le seul à voir un truc malsain dans : &=~ ?"
1,1370616529088,"lionelB","ben maintenant que t'en parle :)"
1,1370616570771,"No`","ça ressemble à du Perl, c'est pour ça"
1,1370616575299,"No`","(trolldi, bonjour)"
32,1370616957877,"HammHetfield","HammHetfield leave the IRC (Ping timeout: 240 seconds)."
528,1370617010958,"Marionnette","Twitter.com#francejs - @nfroidure: state &= PENDING; state &amp;=~ DONE; #qotd #FranceJS https://t.co/y7hModxAuc"
1,1370617063203,"_mlb","HÉ BAH BRAVO nfroidure"
1,1370617063889,"_mlb","haha"
1,1370617097888,"nfroidure","Je te fais de la pub ;)"
2,1370617444240,"HammHetfield","HammHetfield join the chan."
32,1370618655577,"revolunet","revolunet leave the IRC (Quit: revolunet)."
2,1370618795747,"revolunet","revolunet join the chan."
32,1370619404666,"kewah","kewah leave the IRC (Quit: kewah)."
32,1370619441284,"felixgilles","felixgilles leave the IRC (Quit: Konversation terminated!)."
4,1370619691597,"lionelB","lionelB leave the chan."
32,1370620638991,"HammHetfield","HammHetfield leave the IRC (Quit: HammHetfield)."
32,1370621307458,"goldoraf","goldoraf leave the IRC (Quit: Quitte)."
32,1370622286854,"stephCoue","stephCoue leave the IRC (Remote host closed the connection)."
32,1370622628059,"showtim34","showtim34 leave the IRC (Ping timeout: 240 seconds)."
32,1370622789925,"revolunet","revolunet leave the IRC (Ping timeout: 248 seconds)."
32,1370623004105,"_mlb","_mlb leave the IRC (Ping timeout: 260 seconds)."
2,1370623969464,"_mlb","_mlb join the chan."
32,1370624092100,"brice_","brice_ leave the IRC (Remote host closed the connection)."
32,1370625192317,"Atu","Atu leave the IRC (Quit: [\"Textual IRC Client: www.textualapp.com\"])."
32,1370627288273,"bigx","bigx leave the IRC (Ping timeout: 260 seconds)."
2,1370627338554,"showtim34","showtim34 join the chan."
32,1370632064867,"_mlb","_mlb leave the IRC (Remote host closed the connection)."
2,1370632479009,"bigx","bigx join the chan."
32,1370633505800,"showtim34","showtim34 leave the IRC (Ping timeout: 248 seconds)."
2,1370634321776,"showtim34","showtim34 join the chan."
2,1370637395071,"stephCoue","stephCoue join the chan."
32,1370637404561,"stephCoue","stephCoue leave the IRC (Remote host closed the connection)."
32,1370637941928,"showtim34","showtim34 leave the IRC (Ping timeout: 245 seconds)."
2,1370638735212,"showtim34","showtim34 join the chan."
32,1370639072912,"showtim34","showtim34 leave the IRC (Ping timeout: 276 seconds)."
2,1370639304520,"showtim34","showtim34 join the chan."
32,1370640934762,"showtim34","showtim34 leave the IRC (Remote host closed the connection)."
