32,1367359316334,"showtim34","showtim34 leave the IRC (Quit: Quitte)."
32,1367359575166,"rhannequin","rhannequin leave the IRC (Quit: Quitte)."
1,1367359869683,"revolunet","plop"
1,1367359872160,"revolunet","ya du monde"
32,1367360120567,"philippebarbosa","philippebarbosa leave the IRC (Quit: philippebarbosa)."
1,1367361819317,"_kud","vite fait revolunet"
1,1367361831249,"revolunet","hihi"
1,1367361835858,"revolunet","la frit e?"
1,1367361839068,"_kud","la patate"
1,1367361845440,"revolunet","cool!"
1,1367361850057,"_kud","j'me casse à vrai dire :p"
1,1367361856455,"_kud","j'vais jouer a portal 2"
1,1367361860279,"revolunet","atta"
1,1367361863138,"_kud","oauis ?"
1,1367361882570,"revolunet","question: on voulait organiser un event phonegap prochainement… tu serais chaud pour faire un atelier backbone ?"
1,1367361893184,"revolunet","battle de framework !"
1,1367361924541,"_kud","euh"
1,1367361928319,"_kud","A voir oui"
1,1367361937910,"_kud","je vois pas trop le rapport avec phonegap mais bon pourquoi pas"
1,1367361943262,"revolunet","le but c'est initier des devs au dev web mobile avec 3/4 framworks au choix en parallele"
1,1367361947743,"_kud","je vois"
1,1367361957012,"_kud","Pourquoi pas oui"
1,1367361974925,"_kud","tu m'redis ca par mail si tu veux"
1,1367361992731,"revolunet","ok le gamerz"
1,1367362012799,"revolunet","bon et j'ai le book regexp ds mon sac donc demain en fin de journée si tas une petite soif fais moi signe"
1,1367362059202,"_kud","Okay, a voir :)"
1,1367362062878,"_kud","merci"
1,1367362066546,"_kud","allez, bonui!"
32,1367362069385,"_kud","_kud leave the IRC (Quit: Leaving)."
1,1367362130593,"revolunet","++"
32,1367367859999,"vvo","vvo leave the IRC (Remote host closed the connection)."
32,1367368289428,"revolunet","revolunet leave the IRC (Quit: revolunet)."
2,1367384754375,"MoOx","MoOx join the chan."
1,1367393440573,"nfroidure","lo"
2,1367396596591,"cbonnissent","cbonnissent join the chan."
32,1367399419434,"cbonnissent","cbonnissent leave the IRC (Quit: Quitte)."
18,1367410014621,"Marionnette","Marionnette join the chan."
8,1367410014683,"_kud","_kud change topic to \"Communauté française des utilisateurs de JavaScript | Site : http://francejs.org\""
32,1367412460563,"angezanetti","angezanetti leave the IRC (Ping timeout: 276 seconds)."
32,1367414194449,"revolunet","revolunet leave the IRC (Quit: revolunet)."
2,1367415042809,"angezanetti","angezanetti join the chan."
32,1367417607775,"_kud","_kud leave the IRC (Quit: Leaving)."
32,1367423028886,"kewah","kewah leave the IRC (Quit: kewah)."
2,1367423528180,"revolunet","revolunet join the chan."
32,1367423677363,"revolunet","revolunet leave the IRC (Client Quit)."
2,1367423823202,"revolunet","revolunet join the chan."
2,1367423963115,"kewah","kewah join the chan."
32,1367424021850,"kewah","kewah leave the IRC (Client Quit)."
32,1367426460810,"revolunet","revolunet leave the IRC (Quit: revolunet)."
2,1367429031944,"Amatewasu","Amatewasu join the chan."
32,1367429037085,"gorhgorh","gorhgorh leave the IRC (Quit: gorhgorh)."
32,1367429039738,"Amatewasu","Amatewasu leave the IRC (Client Quit)."
2,1367429054908,"Amatewasu","Amatewasu join the chan."
2,1367429511823,"gorhgorh","gorhgorh join the chan."
32,1367429538332,"gorhgorh","gorhgorh leave the IRC (Remote host closed the connection)."
2,1367430510723,"Amras`[Skyrim]","Amras`[Skyrim] join the chan."
1,1367430518955,"Amras`[Skyrim]","Hola tout le monde :)"
1,1367430550612,"Amras`[Skyrim]","j'viens de réinstaller mIRc et j'étais à la recherche de chan FR :)"
1,1367430689578,"Amras`[Skyrim]","hm.."
1,1367430696618,"Amras`[Skyrim]","j'attendrais"
256,1367430713242,"Amras`[Skyrim]","Amras`[Skyrim] changed his nick for Amras`[Away]."
1,1367431553683,"nfroidure","Amras`[Away], en semaine, y'a du monde ici ;)"
1,1367431719391,"Amras`[Away]","lol"
1,1367431722920,"Amras`[Away]","oui je peux comprendre"
1,1367431726687,"Amras`[Away]","faut dire que c'est ferié"
1,1367431730012,"Amras`[Away]","salut nfroidure"
1,1367431730876,"Amras`[Away]",":)"
1,1367431744015,"nfroidure",":)"
1,1367431755315,"nfroidure","Tu codes en JavaScript  ?"
256,1367431761403,"Amras`[Away]","Amras`[Away] changed his nick for Amras[WalkingDea."
1,1367432014781,"Amras[WalkingDea","nop j'avais pas lu le topic ... j'me suis jeté sur un chan francais.."
1,1367432017500,"Amras[WalkingDea","excusez :)"
1,1367432031657,"Amras[WalkingDea","vous pourriez me conseiller sur des chan en FR ? ..."
256,1367432048588,"Amras[WalkingDea","Amras[WalkingDea changed his nick for Amras[Walk-DeaD]."
256,1367432142692,"Amras[Walk-DeaD]","Amras[Walk-DeaD] changed his nick for Amras`[War-Z]."
1,1367432146220,"Amras`[War-Z]","=/"
1,1367432173131,"Amras`[War-Z]","j'étais sur voila à l'époque, c'est pour donner une idée du nombre d'années où j'ai pas fouttu les pieds sur irc ..."
1,1367432194196,"Amras`[War-Z]","et quand j'ai fais /list .. hum ... beaucoup de chan anglophones ...."
1,1367432315427,"Amras`[War-Z]","nfroidure ? rien à me conseiller ?... J'suis pas codeur c'est pas un drame :)"
1,1367432355386,"nfroidure","Clairement, j'utilise IRC que dans un contexte pro"
1,1367432365485,"Amras`[War-Z]","je comprend"
1,1367432368849,"Amras`[War-Z]","ce n'est pas grave"
1,1367432372289,"nfroidure","Je sais pas si il reste bcp de chans du style AOL de l'époque :)"
1,1367432383342,"Amras`[War-Z]","d'accord.."
1,1367432386046,"nfroidure","Avec des jeux/devinettes etc.."
1,1367432386103,"Amras`[War-Z]","je comprend.."
1,1367432404963,"Amras`[War-Z]","faut dire que la dernière fois que j'utilisais irc, je parlais avec Reego de fun pendantg les débats de Gérard lol"
1,1367432427699,"Amras`[War-Z]","je vais peut être rester par là, attendant que qqun me conseille.. si je ne gène pas trop =)"
1,1367432468792,"nfroidure","Pas de souci. Bonne chance"
1,1367432482822,"nfroidure","Essayes #parisjs :)"
1,1367432501508,"Amras`[War-Z]","js c'est pour java script ?"
1,1367432506391,"nfroidure","yep"
1,1367432510843,"Amras`[War-Z]","pck je vais encore me faire refouler lol"
1,1367432525457,"nfroidure","Je t'ai pas refouler, si ?"
1,1367432531759,"nfroidure","*é"
1,1367432537052,"Amras`[War-Z]","nan nan"
1,1367432545062,"Amras`[War-Z]","don't worry"
1,1367432546804,"Amras`[War-Z]",":)"
1,1367432556282,"Amras`[War-Z]","mais je vais quand même rester !"
1,1367432571566,"Amras`[War-Z]","même si je vais quasiement rien comprendre à vos conversations de codeurs ^^"
1,1367432576386,"Amras`[War-Z]","je suis plutôt graphiste"
1,1367432645263,"nfroidure","Bah, js c'est pas compliqué"
1,1367432682793,"Amras`[War-Z]","J'ai toujours voulu me faire un site, mais quand je voyais mon cousin tapper des lignes de codes ds le bloc notes, ça m'a refroidi lol"
1,1367432696960,"Amras`[War-Z]","même si j'ai testé dreamweaver et tout (meme si je me doute que c'pas du JS )"
1,1367432723765,"nfroidure","Le bloc note c'est trop rudimentaire, Notepad++, c'est mieux"
1,1367432738935,"nfroidure","Mais pour la découverte, rien de tel que les developper tools dans les navigateurs"
1,1367432750918,"nfroidure","Ctrl+Shift+I dans Google Chrome par exemple"
1,1367432760697,"Amras`[War-Z]","Je pense que je vais m'y mettre ..."
1,1367432770295,"Amras`[War-Z]","j'ai beaucoup de choses à dire et je vais finir frustré :)"
1,1367432775262,"Amras`[War-Z]","merci du conseil !"
1,1367432806362,"nfroidure","Sinon, tu fais un blog sur blogger.com :D"
1,1367432815957,"Amras`[War-Z]","lol"
1,1367432825069,"Amras`[War-Z]","déjà fais ..."
1,1367432835403,"Amras`[War-Z]","blog d'infos alternatives lol"
1,1367432844584,"Amras`[War-Z]","\"conspirationnistes\" comme l'apelle certains"
1,1367432846924,"Amras`[War-Z]","=x"
1,1367432853910,"Amras`[War-Z]","p*"
256,1367432907019,"Amras`[War-Z]","Amras`[War-Z] changed his nick for Amras`[Revient]."
1,1367432910944,"Amras`[Revient]",":)"
32,1367433100305,"nfroidure","nfroidure leave the IRC (Remote host closed the connection)."
1,1367433119835,"Amras`[Revient]",":/"
2,1367433135349,"nfroidure","nfroidure join the chan."
256,1367437565146,"Amras`[Revient]","Amras`[Revient] changed his nick for Amras`FEMA."
4,1367438362754,"Amras`FEMA","Amras`FEMA leave the chan."
32,1367438431923,"MoOx","MoOx leave the IRC (Remote host closed the connection)."
2,1367438960935,"euskadi31","euskadi31 join the chan."
