2,1365721370870,"revolunet","revolunet join the chan."
2,1365721632547,"Shahor_","Shahor_ join the chan."
32,1365721741625,"Shahor","Shahor leave the IRC (Ping timeout: 246 seconds)."
2,1365722707505,"Shahor","Shahor join the chan."
32,1365722833595,"Shahor_","Shahor_ leave the IRC (Ping timeout: 246 seconds)."
32,1365722838841,"revolunet","revolunet leave the IRC (Quit: revolunet)."
32,1365741739079,"lionelB","lionelB leave the IRC (Read error: Connection reset by peer)."
2,1365741763494,"lionelB","lionelB join the chan."
2,1365743463035,"MoOx","MoOx join the chan."
32,1365743749329,"romainhuet","romainhuet leave the IRC (Ping timeout: 240 seconds)."
32,1365743921972,"MoOx","MoOx leave the IRC (Ping timeout: 276 seconds)."
2,1365746591383,"MoOx","MoOx join the chan."
2,1365747663137,"felixgilles","felixgilles join the chan."
32,1365749560432,"MoOx","MoOx leave the IRC (Read error: Connection reset by peer)."
2,1365749588974,"MoOx","MoOx join the chan."
2,1365750485738,"neemzy","neemzy join the chan."
1,1365750683084,"neemzy","hi"
2,1365750892591,"romainhuet","romainhuet join the chan."
1,1365751870619,"madx`","fun https://github.com/pufuwozu/fantasy-land"
32,1365751921409,"MoOx","MoOx leave the IRC (Read error: Connection reset by peer)."
2,1365751988214,"Guest79422","Guest79422 join the chan."
1,1365752024027,"endou","Hello"
32,1365752298155,"Guest79422","Guest79422 leave the IRC (Ping timeout: 264 seconds)."
1,1365752300019,"angezanetti","yopyop"
1,1365752334261,"neemzy","endou: endouuuu"
1,1365752340682,"neemzy","hello angezanetti :)"
1,1365752391656,"madx`","salur"
1,1365752397198,"madx`","salut*"
2,1365752401108,"victordarras","victordarras join the chan."
1,1365752467066,"nfroidure","lo"
1,1365752472831,"neemzy","endou: /join #ddd"
2,1365752610564,"HammHetfield","HammHetfield join the chan."
1,1365752629613,"neemzy","hello HammHetfield :)"
1,1365752716928,"victordarras","hi"
1,1365754079150,"nfroidure","angezanetti, tu peux expliquer ta position sur le coding dojo sur la liste ?"
1,1365754379332,"HammHetfield","salut neemzy"
1,1365754677813,"nfroidure","Y'a des gens qui vont au ParisJS chez Microsoft ?"
1,1365754725505,"HammHetfield","O_O pourquoi c'est chez microsoft ?"
1,1365755356551,"_kud","rofl"
1,1365755364519,"_kud","'tendez"
1,1365755372905,"_kud","c'est typiquement a l'opposé de chez moi"
1,1365755378949,"_kud","j'aime bien me balader dans paris mais tout de même"
1,1365756163628,"angezanetti","nfroidure: mon message est pas clair ?"
1,1365756718023,"nfroidure","Il est surout pas officiel ;) Exposes ton avis sur la liste pour qu'on puisse en discuter ensemble"
1,1365756737038,"_kud","expose*"
1,1365756754044,"_kud","exposer, verbe du premier groupe, prends la forme de la 3ème personne a l'impératif"
1,1365756759114,"nfroidure","Vu que l'accueil était plutôt positif, si tu penses que c'est une mauvaise idée, je te laisse gérer ;)"
1,1365756772262,"_kud","sauf s'il y a une liaison à faire, du type \"exposes-y\""
1,1365756833869,"neemzy","_kud: prend*"
1,1365756837425,"neemzy",":D"
1,1365756841688,"_kud","?"
1,1365756845636,"_kud","ah oui"
1,1365756847699,"_kud","pardon"
1,1365756868950,"neemzy","désolé, je trolle"
1,1365756872787,"_kud","non non"
1,1365756874999,"_kud","c'est normal"
1,1365757814263,"endou","https://www.temboo.com/"
1,1365757818847,"endou","1500+ cloud-based code components that let you create without limits."
1,1365757819837,"endou","Normalized access to 100+ APIs, databases and more."
1,1365757842390,"endou","Ca a l'air super sympa"
1,1365757990860,"angezanetti","nfroidure: mon avis n'a rien d'officiel, c'est juste un avis perso"
1,1365758063215,"nfroidure","Justement, si tu l'exprime sur la liste on pourra à discuter, c'est pas à moi de trancher ;)"
1,1365758070008,"nfroidure","*s"
1,1365758098471,"nfroidure","Et comme tout le monde est pas sur IRC, c'est plus simple de discuter des sujets de fond sur la liste"
1,1365758147208,"angezanetti","heu j'ai envoyé un mail sur la liste hier non?"
1,1365758152396,"angezanetti","ou j'ai merdé ?"
1,1365758188632,"nfroidure","Moi, j'ai rien, je vais voir les spams p-ê"
1,1365758234032,"nfroidure","Non-plus"
1,1365758245408,"nfroidure","T'as du répondre à une personne et pas à la liste"
1,1365758259806,"angezanetti","je check"
1,1365758273501,"angezanetti","endou: c'est un service d'API géante ?"
1,1365758287708,"endou","angezanetti: Yep, j'aime bien la concept d'avoir un truc bien normalise :)"
1,1365758399118,"angezanetti","nfroidure: effectivement j'avais merdé :)"
2,1365758404128,"MoOx","MoOx join the chan."
1,1365758433226,"angezanetti","en même temps c'est quoi cette idée de mettre une liste en cc et pas en destinaire ?"
1,1365758523282,"nfroidure","Ca m'arrive souvent, pourtant thunderbird me met un bouton \"Reply list\""
1,1365758626129,"nfroidure","Y'en a parmi vous qui bloggent (plus de quelques phrases) en anglais ?"
1,1365758644801,"endou","nfroidure: Moi, mais je blogue vraiment pas assez souvent :\"
1,1365758653200,"endou","nfroidure: Je code plus que je ne blogue :)"
1,1365758686248,"nfroidure","J'ai remarqué que ça m'amenait une clientèle en plus donc j'essaie de m'y tenir."
1,1365758725739,"nfroidure","Ca a aussi l'avantage de poser tes connaissances et les confronter au monde impitoyable des développeurs grincheux dont _kud est le réprésentant officiel chez FranceJS :)"
1,1365758738004,"_kud","rofl"
1,1365758871041,"nfroidure","Le problème de blogger en anglais, c'est de connaître le curseur pour que ton niveau soit acceptable"
1,1365758894885,"_kud","au pire les gens forkeront"
1,1365758912623,"nfroidure","Pour que les anglophones de passagent soient pas déçus de leur lecture"
1,1365758933581,"madx`","nfroidure: moi, mais je bloggue pas beaucoup"
1,1365758962232,"nfroidure","Je vais aller voir vos blogues pour voir si je dois rougir ou non ;)"
1,1365758978365,"angezanetti","moi je blogue pas mal - moisn qu'avant - mais toujours en français."
1,1365758984916,"madx`","nfroidure: en fait je mélange les deux perso, ça dépend le topic"
1,1365759001071,"angezanetti","Je me suis posé la question de le faire en eng, mais suis pas sur d'avoir le niveau écrit pour le faire"
1,1365759015362,"angezanetti","madx`: c'est quoi ton blog ,"
1,1365759016329,"angezanetti","?"
1,1365759022802,"madx`","madx.me"
1,1365759057891,"madx`","ça permet aussi de s'améliorer en anglais :)"
1,1365759119435,"_kud",".me ca fait gay"
1,1365759127784,"_kud","kud.io/blog"
1,1365759180250,"_kud","\"QUI DISENT\""
1,1365759187175,"neemzy","endou: ça défonce ton truc !"
1,1365759311274,"nfroidure","_kud, t'es vachement au courant des trucs qui font gay ;)"
1,1365759318014,"_kud","tjs"
1,1365759328639,"_kud","j'me balade souvent dans le marais"
1,1365759331406,"_kud","j'm'y sens bien"
1,1365759371541,"madx`","le .me t'emmerde."
1,1365759375158,"_kud",":D"
1,1365759377670,"nfroidure","Si tu continues, je vais te prendre homo :)"
1,1365759382165,"_kud","Tu peux"
1,1365759389113,"_kud","les homos me surkiffent en général"
1,1365759397061,"_kud","je suis un vrai gros ours :D"
1,1365759401462,"madx`","tu m'étonnes"
1,1365759403920,"_kud","sinon madx` j'attends tellement le .app"
1,1365759410782,"_kud","je l'ai \"pré-réservé\""
1,1365759412530,"madx`","ouais !"
1,1365759417348,"madx`",":F"
1,1365759419635,"madx`",":D"
1,1365759421432,"_kud","j'vais prendre aussi .gay, rien que pour nfroidure"
1,1365759523488,"nfroidure",":p"
1,1365759555547,"angezanetti","c'est du jekyll ton blog _kud ?"
1,1365759562469,"_kud","Oui"
1,1365759563967,"angezanetti","+1 pour le .gay"
1,1365759565951,"_kud","enfin modifié, mais oui"
1,1365759727476,"neemzy","_kud: tu peux préréserver un tld ?"
1,1365759736213,"neemzy","enfin, un domaine avec un tld inexistant ?"
1,1365759759900,"_kud","gandi"
1,1365759772512,"_kud","https://www.gandi.net/static/images/illustrations/fr/gtld_process.png"
1,1365759836729,"neemzy","intéressant"
1,1365759849512,"_kud","c'est pas vraiment réservé"
1,1365759854698,"_kud","mais ils te previennnent des que c'est dispo"
32,1365759931791,"MoOx","MoOx leave the IRC (Remote host closed the connection)."
1,1365759937735,"angezanetti","madx`: tu bosses chez sybioz ?"
1,1365760008676,"madx`","angezanetti: yep depuis 2 semaines :)"
1,1365760024683,"madx`","mais j'suis à Marseille (j'organise MarseilleJS)"
1,1365760035127,"_kud","comment il se la pête"
1,1365760039016,"neemzy","xD"
1,1365760042446,"_kud","heureusement que j't'ai poussé à l'faire :p"
1,1365760073054,"madx`","oui :D"
2,1365760086963,"MoOx","MoOx join the chan."
1,1365760230084,"angezanetti","ah cool, 100% télétravail ?"
1,1365760475096,"madx`","angezanetti: ouaip"
1,1365760504256,"angezanetti","nice !"
1,1365760542293,"madx`","j'exclus ps de monter à Lille de temps en temps par contre"
1,1365760564602,"madx`","je préviendrais pour qu'on se fasse une bière /cc nfroidure"
1,1365760611984,"angezanetti","héhé ça va te changer de la kro oui !"
1,1365760691036,"madx`","J'bois pas de kro"
1,1365760695826,"madx`","leffe only"
1,1365760706134,"madx`","enfin, quand c'est possible"
1,1365760717129,"madx`","sinon pastis \o/"
1,1365760782866,"victordarras","Ici tu auras le choix pour les bière au moins"
1,1365761076260,"neemzy","bah leffe ça va :p"
1,1365761084399,"neemzy","*welcome to #francejs*"
1,1365761312627,"HammHetfield","<3 les pinted de Hoegaarden"
1,1365761323394,"HammHetfield","tellement énormes ces verres, on dirait que tu bois au pichet direct"
1,1365761326147,"HammHetfield","pintes*"
1,1365762192786,"madx`","huhu"
32,1365762833192,"MoOx","MoOx leave the IRC (Remote host closed the connection)."
1,1365762886460,"_kud","J'ai réservé mayihaveyourattentionplea.se les mecs !"
32,1365763225321,"victordarras","victordarras leave the IRC (Quit: http://www.kiwiirc.com/ - A hand crafted IRC client)."
32,1365764475319,"_kud","_kud leave the IRC (Read error: Connection reset by peer)."
2,1365764511718,"_kud","_kud join the chan."
2,1365765022579,"MoOx","MoOx join the chan."
2,1365767186777,"revolunet","revolunet join the chan."
32,1365767898166,"revolunet","revolunet leave the IRC (Quit: revolunet)."
2,1365768144250,"revolunet","revolunet join the chan."
32,1365768502496,"revolunet","revolunet leave the IRC (Quit: revolunet)."
1,1365768653640,"_kud","Si ca intéresse quelqu'un  https://twitter.com/_kud/status/322682771514474496"
2,1365768801117,"revolunet","revolunet join the chan."
32,1365768923774,"revolunet","revolunet leave the IRC (Client Quit)."
1,1365768976077,"angezanetti","molokaiiiiiiii"
2,1365769401049,"victordarras","victordarras join the chan."
32,1365769660890,"_kud","_kud leave the IRC (Remote host closed the connection)."
2,1365769678229,"_kud","_kud join the chan."
2,1365770788880,"neemzy_","neemzy_ join the chan."
2,1365770859225,"revolunet","revolunet join the chan."
1,1365770894739,"neemzy_","reuh"
32,1365770999024,"neemzy","neemzy leave the IRC (Ping timeout: 245 seconds)."
256,1365771155620,"neemzy_","neemzy_ changed his nick for neemzy."
1,1365771170514,"neemzy","\o/"
1,1365771395411,"nfroidure","madx`, avec plaisir pour la bière"
1,1365771549354,"madx`",":)"
1,1365771884972,"_kud","Putain, mon thème limechat il déchire"
1,1365771889734,"_kud","c'est pas encore fini mais wow :)"
32,1365771948914,"neemzy","neemzy leave the IRC (Ping timeout: 245 seconds)."
1,1365772365983,"_kud","https://github.com/kud/limechat-themes"
2,1365773242595,"charles_","charles_ join the chan."
256,1365773245448,"charles_","charles_ changed his nick for Guest69092."
256,1365773790376,"Guest69092","Guest69092 changed his nick for cbonnissent."
1,1365773797204,"cbonnissent","hello !"
1,1365773904311,"nfroidure","lo"
32,1365774256078,"revolunet","revolunet leave the IRC (Quit: revolunet)."
2,1365774362365,"revolunet","revolunet join the chan."
32,1365774527092,"revolunet","revolunet leave the IRC (Client Quit)."
1,1365774848485,"_kud","LO"
1,1365775650518,"nfroidure","Et ce prochain ch'ti JS vous le voyez quand ?"
1,1365775751695,"_kud","Bien"
1,1365775921824,"angezanetti","le premier Jeudi de chq mois ?"
1,1365776019481,"nfroidure","le problème des règles de périodicité c'est que ça prend pas en compte l'envie de chacun."
1,1365776055209,"nfroidure","En ce moment, j'ai bien envie d'en refaire un assez rapidement, et j'imagine que dans deux ans, ça sera moins le cas"
1,1365776065309,"nfroidure","Ou plus, qui sait :)"
1,1365776111053,"nfroidure","D'un autre côté, ça a l'avantage d'être mémo-technique"
1,1365776135248,"angezanetti","yep et faut en garder un peu sous le pied, sinon ç as'essoufle assez vite :)"
1,1365776140460,"nfroidure","Aussi si on reste sur du jeudi only, on risque d'avoir des gens qui pourront jamais venir."
1,1365776150675,"angezanetti","yep pas faux;"
1,1365776168184,"nfroidure","Je vais lancer une discussion sur la liste."
1,1365776168389,"angezanetti","on peut aussi dissocier codingdojo & apéro aussi"
1,1365776177485,"nfroidure","Bonne idée"
1,1365776187695,"nfroidure","Apéro : régulier, coding dojo : on demand"
1,1365776203158,"angezanetti","yep"
1,1365776220405,"angezanetti","genre pour les coding dojo on peut se caler un samedi ou autres"
1,1365776266936,"nfroidure","oui, ça permettrait de faire ça une après-midi plutôt"
32,1365776283520,"victordarras","victordarras leave the IRC (Quit: http://www.kiwiirc.com/ - A hand crafted IRC client)."
1,1365776374899,"angezanetti","nfroidure: yep"
32,1365778089240,"HammHetfield","HammHetfield leave the IRC (Quit: HammHetfield)."
2,1365778680159,"HammHetfield","HammHetfield join the chan."
32,1365780510631,"felixgilles","felixgilles leave the IRC (Quit: Konversation terminated!)."
32,1365780690166,"cbonnissent","cbonnissent leave the IRC (Quit: Quitte)."
1,1365781206041,"_kud","Haha, il manquait 1 follower pour faire 300"
1,1365781208377,"_kud","j'en ai récupéré"
1,1365781424680,"nfroidure","https://remixjobs.com/emploi/Developpement/Developpeur-NodeJS-passionne-H-F/18334"
1,1365781772485,"_kud","je l'ai tweeté, nfroidure"
1,1365782100699,"nfroidure","cool, c'est assez rare les offres node"
32,1365782529794,"HammHetfield","HammHetfield leave the IRC (Quit: HammHetfield)."
32,1365785237107,"_kud","_kud leave the IRC (Remote host closed the connection)."
32,1365789543631,"MoOx","MoOx leave the IRC (Remote host closed the connection)."
2,1365790520747,"_kud","_kud join the chan."
