32,1379714460510,"MoOx","MoOx leave the IRC (Ping timeout: 268 seconds)."
32,1379715840449,"fbentz","fbentz leave the IRC (Quit: fbentz)."
2,1379715931186,"fbentz","fbentz join the chan."
32,1379716204482,"fbentz","fbentz leave the IRC (Client Quit)."
2,1379717419552,"_kud","_kud join the chan."
32,1379719522217,"_mlb","_mlb leave the IRC (Remote host closed the connection)."
2,1379721383072,"_mlb","_mlb join the chan."
32,1379721927075,"_mlb","_mlb leave the IRC (Ping timeout: 245 seconds)."
32,1379722046976,"_kud","_kud leave the IRC (Remote host closed the connection)."
2,1379726437859,"Munto","Munto join the chan."
2,1379726466059,"_mlb","_mlb join the chan."
32,1379726573159,"_mlb","_mlb leave the IRC (Remote host closed the connection)."
2,1379728514897,"_mlb","_mlb join the chan."
32,1379728621069,"_mlb","_mlb leave the IRC (Remote host closed the connection)."
2,1379728642462,"_mlb","_mlb join the chan."
32,1379728764604,"_mlb","_mlb leave the IRC (Remote host closed the connection)."
2,1379728787410,"_mlb","_mlb join the chan."
32,1379728891959,"_mlb","_mlb leave the IRC (Remote host closed the connection)."
2,1379728913973,"_mlb","_mlb join the chan."
32,1379729039713,"_mlb","_mlb leave the IRC (Remote host closed the connection)."
2,1379729186070,"_mlb","_mlb join the chan."
32,1379729301745,"_mlb","_mlb leave the IRC (Remote host closed the connection)."
2,1379729736932,"_mlb","_mlb join the chan."
32,1379729843730,"_mlb","_mlb leave the IRC (Remote host closed the connection)."
2,1379733479228,"_mlb","_mlb join the chan."
32,1379733812135,"_mlb","_mlb leave the IRC (Ping timeout: 268 seconds)."
2,1379739327243,"euskadi31_","euskadi31_ join the chan."
32,1379739371479,"euskadi31","euskadi31 leave the IRC (Ping timeout: 260 seconds)."
2,1379739659769,"_mlb","_mlb join the chan."
32,1379739803308,"_mlb","_mlb leave the IRC (Remote host closed the connection)."
2,1379739828366,"_mlb","_mlb join the chan."
32,1379739932136,"_mlb","_mlb leave the IRC (Remote host closed the connection)."
2,1379739952822,"_mlb","_mlb join the chan."
32,1379740059430,"_mlb","_mlb leave the IRC (Remote host closed the connection)."
2,1379740083882,"_mlb","_mlb join the chan."
32,1379740186830,"_mlb","_mlb leave the IRC (Remote host closed the connection)."
2,1379740207508,"_mlb","_mlb join the chan."
32,1379740383028,"_mlb","_mlb leave the IRC (Remote host closed the connection)."
2,1379740404773,"_mlb","_mlb join the chan."
32,1379740557361,"_mlb","_mlb leave the IRC (Remote host closed the connection)."
2,1379740580076,"_mlb","_mlb join the chan."
32,1379740726989,"_mlb","_mlb leave the IRC (Remote host closed the connection)."
2,1379740749361,"_mlb","_mlb join the chan."
32,1379740903642,"_mlb","_mlb leave the IRC (Remote host closed the connection)."
2,1379740926380,"_mlb","_mlb join the chan."
32,1379741125602,"_mlb","_mlb leave the IRC (Remote host closed the connection)."
2,1379741146921,"_mlb","_mlb join the chan."
32,1379741252942,"_mlb","_mlb leave the IRC (Remote host closed the connection)."
2,1379741275245,"_mlb","_mlb join the chan."
32,1379741380415,"_mlb","_mlb leave the IRC (Remote host closed the connection)."
32,1379742265889,"Munto","Munto leave the IRC (Quit: Let's make things Frugal!)."
2,1379743210942,"_mlb","_mlb join the chan."
2,1379743413518,"MoOx","MoOx join the chan."
32,1379743697959,"_mlb","_mlb leave the IRC (Ping timeout: 248 seconds)."
32,1379746170588,"euskadi31_","euskadi31_ leave the IRC (Ping timeout: 268 seconds)."
2,1379746283342,"euskadi31_","euskadi31_ join the chan."
2,1379750365489,"_mlb","_mlb join the chan."
32,1379750692669,"_mlb","_mlb leave the IRC (Ping timeout: 260 seconds)."
2,1379751490304,"fbentz","fbentz join the chan."
32,1379752722500,"fbentz","fbentz leave the IRC (Quit: fbentz)."
2,1379752781527,"fbentz","fbentz join the chan."
2,1379754453354,"_mlb","_mlb join the chan."
2,1379755456309,"Grirrle","Grirrle join the chan."
32,1379755803322,"Grirrle","Grirrle leave the IRC (Ping timeout: 245 seconds)."
2,1379755827367,"Grirrle","Grirrle join the chan."
32,1379757330724,"Grirrle","Grirrle leave the IRC (Ping timeout: 240 seconds)."
2,1379757770418,"Grirrle","Grirrle join the chan."
32,1379758128423,"Grirrle","Grirrle leave the IRC (Ping timeout: 245 seconds)."
2,1379758144542,"Grirrle","Grirrle join the chan."
2,1379758803575,"_kud","_kud join the chan."
32,1379758952619,"Grirrle","Grirrle leave the IRC (Ping timeout: 248 seconds)."
2,1379759258466,"Grirrle","Grirrle join the chan."
1,1379759331711,"nfroidure","MoOx, vous avez des propales de prez sur AngularJS actuellement ?"
1,1379759426366,"_kud","angular #puke"
32,1379759652047,"Grirrle","Grirrle leave the IRC (Ping timeout: 240 seconds)."
32,1379759911130,"fbentz","fbentz leave the IRC (Quit: fbentz)."
1,1379760472238,"_kud","bobot: Alert, quelqu'un n'a pas encore sa place pour dotjs ? Nous avons l'honneur d'avoir des réductions de la part des organisateurs. :)"
1,1379760472707,"bobot","Unknown command, sucker. :]"
1,1379760480681,"_kud","bobot: alert, quelqu'un n'a pas encore sa place pour dotjs ? Nous avons l'honneur d'avoir des réductions de la part des organisateurs. :)"
1,1379760480702,"bobot","Unknown command, sucker. :]"
1,1379760484406,"_kud","han"
1,1379760491655,"_kud","bobot: alert quelqu'un n'a pas encore sa place pour dotjs ? Nous avons l'honneur d'avoir des réductions de la part des organisateurs. :)"
1,1379760491718,"bobot","quelqu'un n'a pas encore sa place pour dotjs ? Nous avons l'honneur d'avoir des réductions de la part des organisateurs. :) madx` loicfrering neolao NiKo` romainhuet Marlb No` Marionnette Marsup _Setsuna_ urcadox pntbr fuse nfroidure angezanetti tbassetto_ oz MoOx euskadi31_ _mlb"
1,1379760984173,"pntbr","crô tard pour les $"
1,1379761095016,"_kud","oui pareil :/"
1,1379761295104,"_mlb","pas encore pris _kud"
1,1379761310091,"_mlb","c'est combien la place ?"
1,1379761314804,"_kud","\"FRANCEJS\" -20%"
1,1379761321967,"_kud","129€ de base"
1,1379761346369,"_mlb","sweet"
2,1379761694438,"Amatewasu","Amatewasu join the chan."
1,1379761954346,"nfroidure","_kud, la présentation d'Angular qu'on a eu à ChtiJS m'a pas mal convaincu. Pour les petites apps c'est le top."
1,1379761978436,"_kud","Oh si y'a autant de monde a qui ca plait, il doit y avoir une raison"
1,1379763092166,"nfroidure","L'argument est clairement le temps de dev."
1,1379763119121,"nfroidure","Après niveau perf., la façon dont c'est fait suggère que c'est pas ce qu'il y a de plus performant de prime abord."
1,1379763171854,"_kud",":)"
32,1379763419767,"_kud","_kud leave the IRC (Remote host closed the connection)."
2,1379763598352,"_kud","_kud join the chan."
2,1379764049125,"fbentz","fbentz join the chan."
32,1379764857888,"fbentz","fbentz leave the IRC (Quit: fbentz)."
2,1379765044397,"fbentz","fbentz join the chan."
32,1379766176928,"fbentz","fbentz leave the IRC (Quit: fbentz)."
32,1379766219510,"_mlb","_mlb leave the IRC (Read error: Connection reset by peer)."
2,1379766290356,"_mlb","_mlb join the chan."
32,1379767578334,"_kud","_kud leave the IRC (Remote host closed the connection)."
2,1379770299059,"_kud","_kud join the chan."
32,1379771131630,"_kud","_kud leave the IRC (Remote host closed the connection)."
32,1379772565316,"_mlb","_mlb leave the IRC (Read error: Connection reset by peer)."
2,1379772600697,"_mlb","_mlb join the chan."
2,1379772965686,"_kud","_kud join the chan."
32,1379775098955,"_kud","_kud leave the IRC (Ping timeout: 256 seconds)."
32,1379777639280,"_mlb","_mlb leave the IRC (Remote host closed the connection)."
2,1379778035392,"_mlb","_mlb join the chan."
2,1379778762920,"fbentz","fbentz join the chan."
32,1379779624237,"fbentz","fbentz leave the IRC (Quit: fbentz)."
2,1379781031222,"fbentz","fbentz join the chan."
32,1379781544719,"fbentz","fbentz leave the IRC (Quit: fbentz)."
32,1379782086738,"euskadi31_","euskadi31_ leave the IRC (Quit: casse couille ce bobot !!)."
2,1379782105648,"euskadi31","euskadi31 join the chan."
4,1379782124085,"euskadi31","euskadi31 leave the chan."
32,1379787778087,"tbassetto_","tbassetto_ leave the IRC (Ping timeout: 245 seconds)."
2,1379788368671,"_kud","_kud join the chan."
2,1379790044099,"Grirrle","Grirrle join the chan."
32,1379790448538,"Grirrle","Grirrle leave the IRC (Quit: Leaving.)."
32,1379792694577,"MoOx","MoOx leave the IRC (Remote host closed the connection)."
32,1379793134457,"_kud","_kud leave the IRC (Read error: Connection reset by peer)."
2,1379793170703,"_kud","_kud join the chan."
2,1379794225365,"Grirrle","Grirrle join the chan."
2,1379794787794,"tbassetto_","tbassetto_ join the chan."
32,1379795001671,"_kud","_kud leave the IRC (Remote host closed the connection)."
2,1379795530928,"MoOx","MoOx join the chan."
32,1379795785935,"MoOx","MoOx leave the IRC (Ping timeout: 248 seconds)."
32,1379795883796,"Grirrle","Grirrle leave the IRC (Quit: Leaving.)."
2,1379796837027,"_kud","_kud join the chan."
32,1379797268087,"_kud","_kud leave the IRC (Ping timeout: 256 seconds)."
32,1379799413037,"Amatewasu","Amatewasu leave the IRC (Quit: WeeChat 0.4.2-rc1)."
2,1379800462017,"fbentz","fbentz join the chan."
