32,1377727450086,"Marsup","Marsup leave the IRC (Remote host closed the connection)."
2,1377727571681,"Marsup","Marsup join the chan."
32,1377730717884,"revolunet","revolunet leave the IRC (Quit: revolunet)."
2,1377752090882,"MoOx","MoOx join the chan."
32,1377756270097,"MoOx","MoOx leave the IRC (Ping timeout: 264 seconds)."
2,1377756830842,"MoOx","MoOx join the chan."
2,1377757043589,"pfilipovicz","pfilipovicz join the chan."
4,1377757140472,"pfilipovicz","pfilipovicz leave the chan."
2,1377758725914,"HammHetfield","HammHetfield join the chan."
2,1377758798137,"pfilipovicz","pfilipovicz join the chan."
32,1377760173385,"pfilipovicz","pfilipovicz leave the IRC (Read error: Connection reset by peer)."
2,1377760189667,"felixgilles","felixgilles join the chan."
2,1377760191559,"pfilipovicz","pfilipovicz join the chan."
32,1377760480571,"pfilipovicz","pfilipovicz leave the IRC (Ping timeout: 245 seconds)."
2,1377762235280,"revolunet","revolunet join the chan."
2,1377762643322,"kewah","kewah join the chan."
2,1377762666356,"_kud","_kud join the chan."
2,1377763067509,"nfroidure_","nfroidure_ join the chan."
2,1377763149931,"oncletom","oncletom join the chan."
32,1377763254206,"nfroidure","nfroidure leave the IRC (Ping timeout: 245 seconds)."
256,1377765078454,"nfroidure_","nfroidure_ changed his nick for nfroidure."
2,1377765168118,"Shahor","Shahor join the chan."
2,1377765549512,"_mlb","_mlb join the chan."
1,1377768571535,"nfroidure","Y'a un JSFiddle like qui permet de charger un module AMD directement via GitHub ?"
1,1377768816910,"_mlb","je pense pas nfroidure"
1,1377768835808,"_mlb","surtout que les browsers interdisent l'execution des views maintenant"
1,1377768847404,"nfroidure","J'ai mis la version raw en external ressource sur JSFiddle et il me dit que GitHub est pas un CDN :)"
1,1377768863812,"_mlb","GitHub avait expliqué ça"
1,1377768868261,"nfroidure","Mais comme c'est un module UMD ça marche en global aussi"
1,1377768869175,"_mlb","c'est des views Rails"
1,1377768898834,"_mlb","tiens et sinon, j'ai trouvé du coup : sqrt(tan(x))/sqrt(tan(1))"
1,1377770638795,"nfroidure","Bon, je pense pouvoir dire que Commandor est prêt pour la prod : https://github.com/nfroidure/Commandor#commandor-"
1,1377770639937,"bobot","Web Application Commands Mediator | Stars: 2 | Forks: 0 | Last update: August 29, 2013"
1,1377770657974,"nfroidure","Avis bienvenus, bientôt un post à ce sujet ;)"
32,1377773987942,"Shahor","Shahor leave the IRC (Remote host closed the connection)."
32,1377774650984,"kewah","kewah leave the IRC (Quit: kewah)."
2,1377774687069,"kewah","kewah join the chan."
2,1377774914379,"papachan","papachan join the chan."
32,1377775652204,"fbentz","fbentz leave the IRC (Quit: fbentz)."
2,1377775732892,"fbentz","fbentz join the chan."
2,1377775766221,"Shahor","Shahor join the chan."
32,1377776025427,"Shahor","Shahor leave the IRC (Ping timeout: 240 seconds)."
32,1377776126545,"_mlb","_mlb leave the IRC (Remote host closed the connection)."
2,1377777665972,"_mlb","_mlb join the chan."
2,1377778386895,"rhannequin","rhannequin join the chan."
32,1377779289869,"rhannequin","rhannequin leave the IRC (Ping timeout: 268 seconds)."
2,1377780312428,"Shahor","Shahor join the chan."
32,1377782021196,"papachan","papachan leave the IRC (Remote host closed the connection)."
32,1377784566380,"kewah","kewah leave the IRC (Quit: kewah)."
2,1377785364592,"kewah","kewah join the chan."
32,1377787566676,"Nyalab","Nyalab leave the IRC (Remote host closed the connection)."
2,1377787828290,"Nyalab","Nyalab join the chan."
32,1377789528544,"Nyalab","Nyalab leave the IRC (Remote host closed the connection)."
2,1377791245401,"Nyalab","Nyalab join the chan."
32,1377792224134,"Marlb","Marlb leave the IRC (Ping timeout: 264 seconds)."
2,1377792282922,"bigx","bigx join the chan."
32,1377792301056,"pntbr","pntbr leave the IRC (Ping timeout: 260 seconds)."
2,1377792329203,"pntbr","pntbr join the chan."
32,1377793305146,"revolunet","revolunet leave the IRC (Quit: revolunet)."
32,1377794596976,"felixgilles","felixgilles leave the IRC (Quit: Konversation terminated!)."
32,1377794718333,"HammHetfield","HammHetfield leave the IRC (Quit: HammHetfield)."
2,1377795245612,"rhannequin","rhannequin join the chan."
32,1377795354339,"_mlb","_mlb leave the IRC (Remote host closed the connection)."
32,1377795979048,"Shahor","Shahor leave the IRC (Remote host closed the connection)."
32,1377796137229,"pntbr","pntbr leave the IRC (Ping timeout: 260 seconds)."
32,1377796639518,"kewah","kewah leave the IRC (Quit: kewah)."
2,1377796667996,"_mlb","_mlb join the chan."
2,1377796778872,"Shahor","Shahor join the chan."
2,1377797401505,"pntbr","pntbr join the chan."
32,1377797910279,"Shahor","Shahor leave the IRC (Remote host closed the connection)."
32,1377798097348,"pntbr","pntbr leave the IRC (Ping timeout: 260 seconds)."
32,1377798377122,"oncletom","oncletom leave the IRC (Quit: Leaving.)."
32,1377799097320,"rhannequin","rhannequin leave the IRC (Read error: Connection reset by peer)."
2,1377800141008,"Shahor","Shahor join the chan."
32,1377800407014,"Shahor","Shahor leave the IRC (Ping timeout: 245 seconds)."
2,1377801071655,"Amatewasu","Amatewasu join the chan."
2,1377801154485,"pntbr","pntbr join the chan."
2,1377801332106,"Shahor","Shahor join the chan."
32,1377802855689,"Amatewasu","Amatewasu leave the IRC (Ping timeout: 264 seconds)."
2,1377803620768,"Amatewasu","Amatewasu join the chan."
32,1377806779908,"Amatewasu","Amatewasu leave the IRC (Ping timeout: 264 seconds)."
2,1377807576891,"Amatewasu","Amatewasu join the chan."
32,1377807869591,"pntbr","pntbr leave the IRC (Ping timeout: 260 seconds)."
32,1377808116011,"_mlb","_mlb leave the IRC (Remote host closed the connection)."
2,1377808145684,"pntbr","pntbr join the chan."
2,1377808753066,"revolunet","revolunet join the chan."
32,1377811316035,"Amatewasu","Amatewasu leave the IRC (Ping timeout: 264 seconds)."
2,1377812135058,"Amatewasu","Amatewasu join the chan."
32,1377812432090,"Amatewasu","Amatewasu leave the IRC (Ping timeout: 264 seconds)."
2,1377813185253,"Amatewasu","Amatewasu join the chan."
