32,1365029114104,"MoOx","MoOx leave the IRC (Remote host closed the connection)."
32,1365030825546,"eaSy60","eaSy60 leave the IRC (Quit: Bye!)."
32,1365035051182,"revolunet","revolunet leave the IRC (Quit: revolunet)."
2,1365049084393,"CrEv_","CrEv_ join the chan."
32,1365049097977,"CrEv","CrEv leave the IRC (Ping timeout: 258 seconds)."
256,1365049099915,"CrEv_","CrEv_ changed his nick for CrEv."
2,1365053519145,"MoOx","MoOx join the chan."
2,1365056604819,"felixgilles","felixgilles join the chan."
2,1365057654175,"HammHetfield","HammHetfield join the chan."
2,1365060158437,"kewah","kewah join the chan."
1,1365060444280,"nfroidure","Good morning #FranceJS !"
2,1365060449449,"revolunet","revolunet join the chan."
1,1365060488704,"_kud","lo"
1,1365060512813,"madx`","Hello!"
1,1365060870255,"_kud","Vous aviez lu ça ? https://github.com/jashkenas/coffee-script/wiki/List-of-languages-that-compile-to-JS"
2,1365061070433,"victordarras","victordarras join the chan."
2,1365061290411,"showtim34","showtim34 join the chan."
1,1365061456796,"victordarras","hi"
1,1365061719596,"nfroidure","j'ai lu le billet d'hier de John Resig sur ASM.js"
1,1365061728221,"_kud","qui disait quoi en somme ?"
1,1365061737612,"nfroidure","Je vous le conseille si vous voulez comprendre l'intérêt."
1,1365061751795,"nfroidure","En gros, il confirme : ASM.js est pas fait pour coder à la main."
1,1365061763869,"nfroidure","C'est juste fait pour coder en C++ et compiler en ASM.js"
1,1365061768872,"_kud","Je vois"
1,1365061790795,"nfroidure","Genre, pour faire de la manipulation d'images, tu compiles imagemagick sur ton browser"
1,1365061796454,"_kud","<3"
1,1365061843103,"nfroidure","Et comme c'est un sous ensembles de Javascript (comme JSon quoi), ça marche même si ASM.js est pas supporté"
1,1365061848152,"nfroidure","Même si c'est un peu lent."
1,1365061871661,"nfroidure","J'aurai bien codé un truc en C++ pour faire une démo ce soir à LilleJS, mais ça va être trop court."
1,1365061906291,"_kud","oui"
1,1365061947489,"nfroidure","Apparemment, il faut utiliser Emscripten, je suis même pas sûr que toutes les briques soient déjà dispos, encore moins documentées."
1,1365062005841,"_kud","http://techcrunch.com/2013/04/03/google-forks-webkit-and-launches-blink-its-own-rendering-engine-that-will-soon-power-chrome-and-chromeos/"
1,1365062006969,"nfroidure","Le truc qui est fort c'est que tu peux mettre du ASM.js directement dans ton Javascript pour juste une fonction (d'après le snippet de jresig)"
32,1365062041661,"kewah","kewah leave the IRC (Quit: kewah)."
1,1365062095261,"nfroidure","Y'a fort à parier que CoffeeScript soit rapidement détrôné par C++ et autres langages typés."
1,1365062102454,"_kud",":("
1,1365062113900,"_kud","et on sera des has been a coder en js ?"
1,1365062116685,"nfroidure","Victoiiire pour le peuuuple !"
1,1365062149368,"nfroidure","Nope, le JS a toujours sa place car ASM.js est là juèste pour les opérations qui nécessitent de la perf."
1,1365062163231,"_kud","ok"
1,1365062188237,"nfroidure","En fait, si ça prend et ça a l'air de prendre, on aura des libs \"compilées\" à inclure dans notre Javascript."
1,1365062204459,"_kud","ah"
1,1365062208575,"_kud","facon phar ou jar ?"
1,1365062213288,"_kud","(enfin a peu près)"
1,1365062225943,"nfroidure","Principalement pour : du traitement d'images, des moteurs de jeux et du parsing (CSV)"
1,1365062248064,"nfroidure","Nope, façon Javascript, ça sera juste du texte. C'est ça qui est fort."
1,1365062293280,"nfroidure","En fait, apparemment, le sous ensemble de Javascript qui a été sélectionné donne des perfs dignes des machines virtuelles style Java et C#"
1,1365062387115,"nfroidure","C'est le chaînons manquant. J'ai lu un billet d'un ingé Google QUI BOSSE SUR v8 ET QUI TROLLE SUR asm.JS, MAIS EN FAIT, ILS SONT JUSTE DÉG DE PAS AVOIR EU L'IDÉE :)"
1,1365062393388,"nfroidure","oops désolé"
1,1365062626151,"nfroidure","A vrai dire, vu les perfs, y'a fort à parier que même pour les modules Node compilés ASM.js puisse être une alternative viable (si ils n'ont pas d'appels systèmes et si V8 l'implémente, mais c'est bien parti)."
2,1365062717529,"kewah","kewah join the chan."
1,1365062777833,"_kud","OKAY"
1,1365062778334,"nfroidure","Je viens de troller la team Dart pour savoir si ça va compiler vers ASM.js :D https://twitter.com/nfroidure/status/319716689560358913"
1,1365062785410,"_kud","oiui j'ai vu :p"
1,1365063047266,"nfroidure","Petite question CSS. Je suis sur un billet de blog actuellement dont le but est de chercher le meilleur moyen d'exploiter les transitions pour des carousels. Le code actuel : http://codepen.io/anon/pen/mGhaB"
1,1365063084411,"nfroidure","Mon problème est que je parvient pas à faire que mes carrousels ne soient pas de hauteur fixe."
1,1365063232709,"nfroidure","Je trouve ça un peu limitant. C'est à cause du position absolute. Mais si je mets position:relative, alors je peux pas animer le panel dé-sélectionné."
1,1365063358789,"_kud","Si vous voulez / pouvez RT, ce serait chou. https://twitter.com/_kud/status/319724266289500160"
2,1365063851130,"rhannequin","rhannequin join the chan."
2,1365064109422,"revolunet_","revolunet_ join the chan."
32,1365064206447,"revolunet","revolunet leave the IRC (Ping timeout: 252 seconds)."
256,1365064206939,"revolunet_","revolunet_ changed his nick for revolunet."
2,1365066145652,"Nyalab","Nyalab join the chan."
32,1365067825275,"rhannequin","rhannequin leave the IRC (Ping timeout: 245 seconds)."
2,1365068739178,"rhannequin","rhannequin join the chan."
32,1365071400184,"rhannequin","rhannequin leave the IRC (Ping timeout: 245 seconds)."
2,1365073724567,"MoOx_","MoOx_ join the chan."
32,1365073861228,"MoOx","MoOx leave the IRC (Ping timeout: 240 seconds)."
2,1365076088217,"rhannequin","rhannequin join the chan."
1,1365076435008,"nfroidure","Bon, pour mes animations CSS, j'ai trouvé la solution"
1,1365076480276,"nfroidure","Sur le parent : visibility:hidden; sur l'enfant : transform: translate() ou rotate()"
32,1365077071982,"victordarras","victordarras leave the IRC (Quit: http://www.kiwiirc.com/ - A hand crafted IRC client)."
2,1365079100844,"victordarras","victordarras join the chan."
2,1365081528141,"lionelB","lionelB join the chan."
32,1365083450288,"rhannequin","rhannequin leave the IRC (Ping timeout: 245 seconds)."
2,1365083601665,"rhannequin","rhannequin join the chan."
1,1365084559774,"_kud","Vous connaissiez ? http://nodejs-cloud.com/"
1,1365084751373,"rhannequin","Moi non, c'est genre heroku ?"
1,1365084767634,"_kud","faut croire"
1,1365084834446,"rhannequin","2000 drops gratuits à l'inscription mais j'arrive pas à voir ce que ça représente"
1,1365084874939,"rhannequin","ça a l'air encore plus difficile qu'Heroku de se suffir de la version free"
32,1365087425356,"rhannequin","rhannequin leave the IRC (Ping timeout: 245 seconds)."
32,1365087457101,"victordarras","victordarras leave the IRC (Quit: http://www.kiwiirc.com/ - A hand crafted IRC client)."
2,1365087491311,"rhannequin","rhannequin join the chan."
2,1365089790991,"Amatewasu","Amatewasu join the chan."
32,1365089850329,"rhannequin","rhannequin leave the IRC (Ping timeout: 245 seconds)."
1,1365089928337,"nfroidure","goto LilleJS, @+"
32,1365090179296,"kewah","kewah leave the IRC (Quit: kewah)."
32,1365090247279,"Nyalab","Nyalab leave the IRC (Remote host closed the connection)."
32,1365090335849,"showtim34","showtim34 leave the IRC (Remote host closed the connection)."
2,1365090520735,"Nyalab","Nyalab join the chan."
32,1365091283488,"HammHetfield","HammHetfield leave the IRC (Quit: HammHetfield)."
32,1365092612706,"felixgilles","felixgilles leave the IRC (Quit: Konversation terminated!)."
32,1365092857650,"MoOx_","MoOx_ leave the IRC (Ping timeout: 276 seconds)."
2,1365093339654,"rhannequin","rhannequin join the chan."
2,1365093882154,"kud","kud join the chan."
2,1365096271494,"Ang3","Ang3 join the chan."
1,1365096281967,"Ang3","hey !"
32,1365097547497,"rhannequin","rhannequin leave the IRC (Quit: Quitte)."
32,1365097959110,"lionelB","lionelB leave the IRC (Quit: Bye Bye)."
1,1365100929946,"kud","lo"
32,1365101774534,"Ang3","Ang3 leave the IRC (Ping timeout: 245 seconds)."
32,1365101788028,"kud","kud leave the IRC (Quit: Leaving)."
2,1365101991167,"MoOx","MoOx join the chan."
32,1365102374320,"MoOx","MoOx leave the IRC (Remote host closed the connection)."
2,1365104950302,"Vahe","Vahe join the chan."
4,1365104986485,"oz","oz leave the chan."
4,1365105483697,"Vahe","Vahe leave the chan."
32,1365107779621,"Amatewasu","Amatewasu leave the IRC (Quit: WeeChat 0.4.1-dev)."
2,1365109535434,"Ang3","Ang3 join the chan."
4,1365109978439,"Ang3","Ang3 leave the chan."
