32,1376694777227,"Amatewasu","Amatewasu leave the IRC (Quit: WeeChat 0.4.2-dev)."
2,1376695368551,"papachan","papachan join the chan."
32,1376698833693,"MoOx","MoOx leave the IRC (Remote host closed the connection)."
32,1376705091288,"fbentz","fbentz leave the IRC (Ping timeout: 248 seconds)."
2,1376705553305,"fbentz","fbentz join the chan."
32,1376707415972,"papachan","papachan leave the IRC (Ping timeout: 245 seconds)."
32,1376726231735,"fbentz","fbentz leave the IRC (Quit: fbentz)."
2,1376727574315,"Amatewasu","Amatewasu join the chan."
2,1376736158139,"MoOx","MoOx join the chan."
2,1376740120548,"papachan","papachan join the chan."
32,1376746090028,"Tobu","Tobu leave the IRC (Ping timeout: 246 seconds)."
2,1376746255978,"Tobu","Tobu join the chan."
1,1376751817800,"nfroidure"," /join #karma"
1,1376751833914,"nfroidure",":/"
32,1376751875261,"nfroidure","nfroidure leave the IRC (Quit: Ex-Chat)."
2,1376751897708,"nfroidure","nfroidure join the chan."
32,1376756525841,"MoOx","MoOx leave the IRC (Remote host closed the connection)."
32,1376765543349,"tfe","tfe leave the IRC (Read error: Connection reset by peer)."
2,1376767006699,"oncletom","oncletom join the chan."
2,1376767667738,"MoOx","MoOx join the chan."
32,1376767979250,"MoOx","MoOx leave the IRC (Remote host closed the connection)."
32,1376768485578,"papachan","papachan leave the IRC (Ping timeout: 248 seconds)."
32,1376770586492,"oncletom","oncletom leave the IRC (Quit: Leaving.)."
2,1376771593756,"papachan","papachan join the chan."
2,1376772892914,"oncletom","oncletom join the chan."
32,1376776720010,"Marsup","Marsup leave the IRC (Read error: Connection reset by peer)."
2,1376776784188,"Marsup","Marsup join the chan."
