32,1369952248158,"rhannequin","rhannequin leave the IRC (Read error: Connection reset by peer)."
32,1369957230840,"_mlb","_mlb leave the IRC (Read error: Connection reset by peer)."
2,1369957264093,"_mlb","_mlb join the chan."
32,1369957814962,"stephCoue","stephCoue leave the IRC (Remote host closed the connection)."
2,1369962040854,"stephCoue","stephCoue join the chan."
32,1369962404282,"stephCoue","stephCoue leave the IRC (Ping timeout: 240 seconds)."
32,1369967245968,"Alz_","Alz_ leave the IRC (Ping timeout: 276 seconds)."
2,1369975374340,"MoOx","MoOx join the chan."
4,1369978553402,"siddartha","siddartha leave the chan."
2,1369978579343,"Alz_","Alz_ join the chan."
32,1369978915860,"_mlb","_mlb leave the IRC (Read error: Connection reset by peer)."
2,1369978948400,"_mlb","_mlb join the chan."
32,1369979680526,"Alz_","Alz_ leave the IRC (Ping timeout: 240 seconds)."
2,1369981061292,"felixgilles","felixgilles join the chan."
32,1369981542613,"_mlb","_mlb leave the IRC (Read error: Connection reset by peer)."
2,1369981622404,"_mlb","_mlb join the chan."
2,1369982736410,"showtim34","showtim34 join the chan."
2,1369982774984,"HammHetfield","HammHetfield join the chan."
2,1369982844384,"mab","mab join the chan."
32,1369983362365,"MoOx","MoOx leave the IRC (Ping timeout: 240 seconds)."
2,1369985295650,"kewah","kewah join the chan."
2,1369985376529,"Nyalab","Nyalab join the chan."
2,1369985679576,"NiKo`_","NiKo`_ join the chan."
1,1369985756242,"nfroidure","lo"
32,1369985800088,"bobot","bobot leave the IRC (*.net *.split)."
32,1369985800226,"Grirrle","Grirrle leave the IRC (*.net *.split)."
32,1369985800321,"NiKo`","NiKo` leave the IRC (*.net *.split)."
256,1369985802193,"NiKo`_","NiKo`_ changed his nick for NiKo`."
2,1369985981026,"rhannequin","rhannequin join the chan."
32,1369986065173,"_mlb","_mlb leave the IRC (Remote host closed the connection)."
2,1369986267447,"MoOx","MoOx join the chan."
256,1369986578714,"pointbar","pointbar changed his nick for pntbr."
2,1369987429228,"Kajan","Kajan join the chan."
32,1369987615739,"showtim34","showtim34 leave the IRC (Remote host closed the connection)."
2,1369987654454,"_mlb","_mlb join the chan."
2,1369987810238,"rhannequin_","rhannequin_ join the chan."
32,1369987838102,"rhannequin","rhannequin leave the IRC (Ping timeout: 250 seconds)."
2,1369987908863,"Kajan_","Kajan_ join the chan."
2,1369988050426,"showtim34","showtim34 join the chan."
32,1369988111905,"Kajan","Kajan leave the IRC (Ping timeout: 252 seconds)."
32,1369988133965,"showtim34","showtim34 leave the IRC (Read error: Connection reset by peer)."
2,1369988160755,"stephCoue","stephCoue join the chan."
2,1369988183485,"showtim34","showtim34 join the chan."
32,1369988530745,"Kajan_","Kajan_ leave the IRC (Ping timeout: 260 seconds)."
2,1369988546272,"Grirrle","Grirrle join the chan."
256,1369989189432,"rhannequin_","rhannequin_ changed his nick for rhannequin."
32,1369989244217,"showtim34","showtim34 leave the IRC (Read error: Connection reset by peer)."
2,1369989286442,"showtim34","showtim34 join the chan."
32,1369989816306,"showtim34","showtim34 leave the IRC (Read error: Connection reset by peer)."
2,1369989844961,"showtim34","showtim34 join the chan."
32,1369990178154,"rhannequin","rhannequin leave the IRC (Ping timeout: 250 seconds)."
32,1369990384278,"showtim34","showtim34 leave the IRC (Read error: Connection reset by peer)."
2,1369990967472,"showtim34","showtim34 join the chan."
2,1369991254164,"rhannequin","rhannequin join the chan."
1,1369991296073,"brice","salut"
1,1369991833594,"_kud","Lo :)"
1,1369991905419,"_mlb","mais c'est qu'il y a du monde sur ce chan"
1,1369991916915,"_kud","Normal, on t'attend tous les jours."
1,1369991920162,"_kud","Et tu es enfin venu."
1,1369991922476,"_kud","Notre messie."
1,1369991925648,"_kud","\o/"
32,1369991953520,"MoOx","MoOx leave the IRC (Ping timeout: 256 seconds)."
1,1369992070096,"pntbr","bonjour'"
2,1369992114610,"MoOx","MoOx join the chan."
1,1369992180931,"_mlb","http://cl.ly/image/2V1x40312b0q"
1,1369992267147,"urcadox","hey :)"
32,1369992791619,"euskadi31","euskadi31 leave the IRC (Quit: WeeChat 0.4.0)."
32,1369993012159,"rhannequin","rhannequin leave the IRC (Ping timeout: 250 seconds)."
2,1369993219952,"bobot","bobot join the chan."
2,1369993295869,"rhannequin","rhannequin join the chan."
2,1369993875083,"Kajan","Kajan join the chan."
32,1369994807818,"Grirrle","Grirrle leave the IRC (Ping timeout: 264 seconds)."
2,1369994888101,"Grirrle","Grirrle join the chan."
32,1369996188786,"MoOx","MoOx leave the IRC (Remote host closed the connection)."
32,1369996548190,"rhannequin","rhannequin leave the IRC (Ping timeout: 250 seconds)."
32,1369997448666,"stephCoue","stephCoue leave the IRC (Remote host closed the connection)."
32,1369998953435,"kewah","kewah leave the IRC (Quit: kewah)."
32,1369999265180,"Kajan","Kajan leave the IRC (Ping timeout: 276 seconds)."
2,1369999777626,"kewah","kewah join the chan."
2,1370000447168,"Kajan","Kajan join the chan."
2,1370001689624,"stephCoue","stephCoue join the chan."
2,1370001698467,"MoOx","MoOx join the chan."
32,1370002044588,"stephCoue","stephCoue leave the IRC (Ping timeout: 240 seconds)."
1,1370002230814,"angezanetti","ohai"
2,1370002528260,"rhannequin","rhannequin join the chan."
2,1370004096679,"stephCoue","stephCoue join the chan."
32,1370004364332,"Nyalab","Nyalab leave the IRC (Remote host closed the connection)."
2,1370004584343,"Nyalab","Nyalab join the chan."
2,1370005706553,"Kajan_","Kajan_ join the chan."
32,1370005797193,"Kajan","Kajan leave the IRC (Ping timeout: 252 seconds)."
32,1370006144210,"kewah","kewah leave the IRC (Quit: kewah)."
2,1370006462006,"kewah","kewah join the chan."
2,1370008380929,"Shahor_","Shahor_ join the chan."
32,1370008579010,"Shahor","Shahor leave the IRC (Ping timeout: 260 seconds)."
32,1370008823639,"stephCoue","stephCoue leave the IRC (Remote host closed the connection)."
32,1370009678292,"rhannequin","rhannequin leave the IRC (Ping timeout: 250 seconds)."
2,1370009796313,"rhannequin","rhannequin join the chan."
4,1370011009099,"oz","oz leave the chan."
32,1370011308834,"Shahor_","Shahor_ leave the IRC (Remote host closed the connection)."
2,1370011334964,"Shahor","Shahor join the chan."
32,1370011546507,"Shahor","Shahor leave the IRC (Read error: Connection reset by peer)."
2,1370011574952,"Shahor","Shahor join the chan."
32,1370012131174,"Shahor","Shahor leave the IRC (Read error: Connection reset by peer)."
2,1370012164261,"Shahor","Shahor join the chan."
32,1370012868624,"kewah","kewah leave the IRC (Quit: kewah)."
32,1370013113657,"rhannequin","rhannequin leave the IRC (Ping timeout: 250 seconds)."
2,1370013215981,"kewah","kewah join the chan."
32,1370013222241,"Shahor","Shahor leave the IRC (Ping timeout: 252 seconds)."
32,1370013902106,"felixgilles","felixgilles leave the IRC (Quit: Konversation terminated!)."
2,1370014842016,"Amatewasu","Amatewasu join the chan."
32,1370015529966,"HammHetfield","HammHetfield leave the IRC (Quit: HammHetfield)."
32,1370015890799,"kewah","kewah leave the IRC (Quit: kewah)."
32,1370015915988,"Kajan_","Kajan_ leave the IRC (Quit: Quitte)."
32,1370016321471,"Nyalab","Nyalab leave the IRC (Remote host closed the connection)."
2,1370017225516,"rhannequin","rhannequin join the chan."
32,1370018186458,"rhannequin","rhannequin leave the IRC (Ping timeout: 264 seconds)."
32,1370019177495,"brice","brice leave the IRC (Quit: Quitte)."
32,1370024690713,"MoOx","MoOx leave the IRC (Ping timeout: 252 seconds)."
2,1370026090606,"rhannequin","rhannequin join the chan."
32,1370026426673,"_kud","_kud leave the IRC (Remote host closed the connection)."
32,1370026497818,"_mlb","_mlb leave the IRC (Ping timeout: 256 seconds)."
32,1370026504189,"bobot","bobot leave the IRC (Remote host closed the connection)."
32,1370027801131,"rhannequin","rhannequin leave the IRC (Remote host closed the connection)."
2,1370028262697,"_mlb","_mlb join the chan."
2,1370031013483,"_kud","_kud join the chan."
32,1370031325243,"showtim34","showtim34 leave the IRC (Remote host closed the connection)."
