2,1364016125216,"MoOx","MoOx join the chan."
32,1364016186298,"MoOx","MoOx leave the IRC (Remote host closed the connection)."
2,1364025228407,"MoOx","MoOx join the chan."
32,1364025680871,"MoOx","MoOx leave the IRC (Remote host closed the connection)."
2,1364031481696,"Amatewasu","Amatewasu join the chan."
32,1364033759866,"vvo","vvo leave the IRC (Disconnected by services)."
2,1364033784915,"vvo","vvo join the chan."
32,1364035836732,"Amatewasu","Amatewasu leave the IRC (Ping timeout: 264 seconds)."
2,1364038145900,"Amatewasu","Amatewasu join the chan."
1,1364039783076,"nfroidure","Quand je lis les commentaires sur ce billet, je suis mort: http://www.lesintegristes.net/2013/03/19/integration-web-humilite/"
1,1364039803330,"nfroidure","Dès qu'y'a une fille, les geeks se lâchent :)"
32,1364042346732,"Amatewasu","Amatewasu leave the IRC (Quit: WeeChat 0.4.1-dev)."
2,1364049577499,"coppa1","coppa1 join the chan."
2,1364053896139,"revolunet","revolunet join the chan."
2,1364054845556,"Amatewasu","Amatewasu join the chan."
32,1364057765494,"revolunet","revolunet leave the IRC (Ping timeout: 252 seconds)."
32,1364058180721,"coppa1","coppa1 leave the IRC (Quit: Leaving.)."
2,1364058932280,"stefounet","stefounet join the chan."
32,1364059213862,"stefounet","stefounet leave the IRC (Client Quit)."
2,1364059292194,"stefounet","stefounet join the chan."
32,1364061022560,"stefounet","stefounet leave the IRC (Quit: Leaving.)."
2,1364061073758,"stefounet","stefounet join the chan."
32,1364061138919,"stefounet","stefounet leave the IRC (Client Quit)."
32,1364070804158,"Amatewasu","Amatewasu leave the IRC (Quit: WeeChat 0.4.1-dev)."
1,1364073914698,"madx`","Hello"
1,1364073921038,"madx`","y'a des gens ?"
2,1364074177420,"peutetre","peutetre join the chan."
2,1364075546604,"naholyr","naholyr join the chan."
32,1364076140990,"naholyr","naholyr leave the IRC (Quit: Quitte)."
2,1364077030692,"rhannequin","rhannequin join the chan."
32,1364078971733,"rhannequin","rhannequin leave the IRC (Quit: Quitte)."
32,1364079474574,"mab-","mab- leave the IRC (Quit: Leaving.)."
