2,1375826693394,"fbentz","fbentz join the chan."
32,1375827222103,"gorhgorh","gorhgorh leave the IRC (Quit: gorhgorh)."
2,1375827584394,"tricky21","tricky21 join the chan."
32,1375827678648,"tricky21","tricky21 leave the IRC (Remote host closed the connection)."
2,1375828935446,"_mlb","_mlb join the chan."
2,1375830950139,"tricky21","tricky21 join the chan."
32,1375830974488,"fbentz","fbentz leave the IRC (Quit: fbentz)."
32,1375831494794,"tricky21","tricky21 leave the IRC (Remote host closed the connection)."
32,1375832345907,"revolunet","revolunet leave the IRC (Quit: revolunet)."
2,1375835730837,"tricky21","tricky21 join the chan."
32,1375835979818,"tricky21","tricky21 leave the IRC (Ping timeout: 246 seconds)."
32,1375839596730,"_mlb","_mlb leave the IRC (Remote host closed the connection)."
2,1375840016863,"_mlb","_mlb join the chan."
32,1375841022218,"urcadox","urcadox leave the IRC (Ping timeout: 260 seconds)."
2,1375841126848,"urcadox","urcadox join the chan."
32,1375841340248,"_mlb","_mlb leave the IRC (Remote host closed the connection)."
2,1375851483530,"MoOx","MoOx join the chan."
2,1375856126688,"fbentz","fbentz join the chan."
32,1375856875766,"fbentz","fbentz leave the IRC (Quit: fbentz)."
2,1375857904012,"EpokK","EpokK join the chan."
1,1375857912512,"EpokK","bonjour bonjour"
32,1375857928896,"MoOx","MoOx leave the IRC (Remote host closed the connection)."
1,1375857958588,"EpokK","pouvez vous m'aider a monter sur StackOverflow en mettant un +1 sur cette reponse svp ? http://stackoverflow.com/questions/18095727/how-can-i-limit-the-length-of-a-string-that-displays-with-when-using-angularj/18096071#18096071"
1,1375857962697,"EpokK","merci par avance"
2,1375858920520,"fbentz","fbentz join the chan."
1,1375858946630,"fbentz","Hello :)"
1,1375859625342,"EpokK","salut"
2,1375859796596,"kewah","kewah join the chan."
2,1375859987828,"Grirrle","Grirrle join the chan."
1,1375860443103,"EpokK","Pouvez vous m'aider a monter sur StackOverflow en mettant un +1 sur cette reponse svp ? http://stackoverflow.com/questions/18095727/how-can-i-limit-the-length-of-a-string-that-displays-with-when-using-angularj/18096071#18096071"
2,1375860466197,"HammHetfield","HammHetfield join the chan."
2,1375861518622,"OwlyCode","OwlyCode join the chan."
2,1375861684529,"_mlb","_mlb join the chan."
2,1375862616993,"MoOx","MoOx join the chan."
32,1375862663443,"MoOx","MoOx leave the IRC (Remote host closed the connection)."
32,1375862780218,"EpokK","EpokK leave the IRC (Ping timeout: 250 seconds)."
32,1375862898867,"_mlb","_mlb leave the IRC (Remote host closed the connection)."
1,1375862939781,"urcadox","mais EpokK quoi :("
1,1375862977382,"urcadox","salut tout le monde quand même :)"
2,1375863204723,"_mlb","_mlb join the chan."
32,1375863409178,"_mlb","_mlb leave the IRC (Remote host closed the connection)."
1,1375864418170,"angezanetti","o/"
2,1375864515779,"Amatewasu","Amatewasu join the chan."
2,1375864521888,"_mlb","_mlb join the chan."
2,1375864825938,"rhannequin","rhannequin join the chan."
2,1375864885754,"endou","endou join the chan."
2,1375865385902,"oncletom","oncletom join the chan."
2,1375865395993,"tricky21","tricky21 join the chan."
32,1375865890688,"tricky21","tricky21 leave the IRC (Remote host closed the connection)."
2,1375866995430,"tricky21","tricky21 join the chan."
32,1375868785268,"tricky21","tricky21 leave the IRC (Remote host closed the connection)."
32,1375868835468,"Amatewasu","Amatewasu leave the IRC (Ping timeout: 245 seconds)."
2,1375869110164,"Amatewasu","Amatewasu join the chan."
32,1375869787154,"Amatewasu","Amatewasu leave the IRC (Ping timeout: 276 seconds)."
32,1375870740957,"rhannequin","rhannequin leave the IRC (Ping timeout: 264 seconds)."
32,1375870741000,"OwlyCode","OwlyCode leave the IRC (Ping timeout: 264 seconds)."
32,1375871936394,"kewah","kewah leave the IRC (Quit: kewah)."
32,1375873007360,"fbentz","fbentz leave the IRC (Quit: fbentz)."
2,1375874080349,"tricky21","tricky21 join the chan."
2,1375874233232,"kewah","kewah join the chan."
32,1375874362310,"tricky21","tricky21 leave the IRC (Ping timeout: 264 seconds)."
1,1375874536320,"nfroidure_","On vit dans une drôle d'EpokK :("
256,1375874541915,"nfroidure_","nfroidure_ changed his nick for nfroidure."
2,1375875123739,"fbentz","fbentz join the chan."
2,1375875775744,"rhannequin","rhannequin join the chan."
32,1375875781834,"fbentz","fbentz leave the IRC (Read error: Connection reset by peer)."
2,1375875851169,"fbentz","fbentz join the chan."
2,1375875954373,"tricky21","tricky21 join the chan."
32,1375875957497,"tricky21","tricky21 leave the IRC (Remote host closed the connection)."
32,1375876155148,"oncletom","oncletom leave the IRC (Quit: Leaving.)."
1,1375876225912,"nfroidure","A votre avis, la version avec guillemets vaut le coup d'être ajoutée à mon petit format ? https://gist.github.com/nfroidure/7b70b34b299b508f95ed"
1,1375876306573,"urcadox","nfroidure: badumtss (un peu en retard é_è)"
32,1375876362501,"kewah","kewah leave the IRC (Quit: kewah)."
2,1375876769424,"tricky21","tricky21 join the chan."
32,1375876897228,"endou","endou leave the IRC (Ping timeout: 264 seconds)."
2,1375877449462,"kewah","kewah join the chan."
32,1375877547550,"tricky21","tricky21 leave the IRC (Remote host closed the connection)."
2,1375877722232,"tricky21","tricky21 join the chan."
2,1375877854355,"oncletom","oncletom join the chan."
1,1375878286767,"nfroidure","urcadox, belle retranscription d'onomatopée, j'ai entendu le bruit :)"
1,1375878307270,"urcadox","nfroidure: :D"
1,1375878386392,"nfroidure","Bizarre, les commit sur des branches sont pas repris dans le résumé des contributions sur GitHub https://github.com/nfroidure?tab=activity vs https://github.com/nfroidure"
2,1375878711406,"MoOx","MoOx join the chan."
2,1375878768285,"endou","endou join the chan."
32,1375878820614,"tricky21","tricky21 leave the IRC (Remote host closed the connection)."
2,1375879057842,"tricky21","tricky21 join the chan."
1,1375879076766,"_Setsuna_","Bonjour !"
1,1375879259681,"kewah","nfroidure: seulement si c'est sur la master"
1,1375879278416,"nfroidure","caynul :("
1,1375879285114,"_mlb","http://cl.ly/170H2W1m2S1R"
1,1375879569639,"kewah","_mlb: pourquoi tu shift le .length ?"
1,1375879598735,"_mlb","parce qu'un array-like object n'a pas forcément un UInt32 en .length"
1,1375879658853,"nfroidure","_mlb, tu as un exemple ?"
1,1375879666672,"_mlb","un exemple ?"
1,1375879723833,"nfroidure","De code qui fait que .length est pas un UInt32."
1,1375879807612,"nfroidure","J'ai essayé ça sans succès :"
1,1375879831507,"nfroidure","Marionnette1, eval var a=[]; a.length='test';"
17,1375879859842,"Marionnette","nfroidure: 'RangeError: Invalid array length'"
1,1375879862601,"_mlb","var a={length:\"test\"}"
1,1375879874552,"_mlb","un array ne peut pas avoir autre chose comme length"
1,1375879882569,"_mlb","mais un object utilisé comme tel, si"
1,1375879910292,"_mlb","Marionnette1, eval var obj={length:\"test\"}; obj.length;"
1,1375879939379,"nfroidure","_mlb, faut le faire en MP, y'a un souci via le chan"
1,1375879943403,"_mlb","k"
1,1375879947464,"nfroidure","Faut que je regarde pkoi"
17,1375879949098,"Marionnette","_mlb: 'test'"
17,1375879959220,"Marionnette","_mlb: 'test'"
17,1375879976175,"Marionnette","_mlb: 'test'"
17,1375879983278,"Marionnette","_mlb: 0"
1,1375879987830,"kewah","ok, seems legit"
1,1375879993630,"_mlb","wat"
1,1375880002013,"_mlb","bref"
1,1375880004344,"_mlb","ça fait"
1,1375880015041,"_mlb","que ça passe à 0 \"test\" dans le cas présent"
1,1375880191758,"nfroidure","Oki, ça marche pas car Marionnette sais pas qu'elle s'appelle Marionnette 1"
18,1375880277321,"Marionnette","Marionnette join the chan."
8,1375880277375,"_kud","_kud change topic to \"Communauté française des utilisateurs de JavaScript | Site : http://francejs.org\""
32,1375880505879,"tricky21","tricky21 leave the IRC (Remote host closed the connection)."
2,1375880648505,"tricky21","tricky21 join the chan."
32,1375881426286,"tricky21","tricky21 leave the IRC (Remote host closed the connection)."
2,1375881723914,"OwlyCode","OwlyCode join the chan."
2,1375881812551,"tricky21","tricky21 join the chan."
32,1375882178669,"tricky21","tricky21 leave the IRC (Remote host closed the connection)."
2,1375882970876,"EpokK","EpokK join the chan."
2,1375884605491,"euskadi31_","euskadi31_ join the chan."
32,1375884763760,"euskadi31","euskadi31 leave the IRC (Ping timeout: 276 seconds)."
2,1375885283711,"tricky21","tricky21 join the chan."
32,1375885723834,"tricky21","tricky21 leave the IRC (Remote host closed the connection)."
32,1375885994471,"fbentz","fbentz leave the IRC (Quit: fbentz)."
32,1375886038597,"EpokK","EpokK leave the IRC (Quit: Page closed)."
32,1375886389932,"euskadi31_","euskadi31_ leave the IRC (Quit: WeeChat 0.4.0)."
2,1375886404151,"euskadi31","euskadi31 join the chan."
32,1375886841040,"oncletom","oncletom leave the IRC (Quit: Leaving.)."
2,1375887303688,"oncletom","oncletom join the chan."
2,1375887610853,"tricky21","tricky21 join the chan."
32,1375887884297,"tricky21","tricky21 leave the IRC (Remote host closed the connection)."
2,1375889487044,"tricky21","tricky21 join the chan."
2,1375889604586,"fbentz","fbentz join the chan."
32,1375890236692,"kewah","kewah leave the IRC (Quit: kewah)."
2,1375890809791,"kewah","kewah join the chan."
32,1375890840957,"fbentz","fbentz leave the IRC (Quit: fbentz)."
32,1375890842544,"tricky21","tricky21 leave the IRC (Remote host closed the connection)."
32,1375891586222,"OwlyCode","OwlyCode leave the IRC (Quit: Quitte)."
32,1375891813400,"rhannequin","rhannequin leave the IRC (Remote host closed the connection)."
32,1375891881976,"HammHetfield","HammHetfield leave the IRC (Quit: HammHetfield)."
2,1375891895995,"fbentz","fbentz join the chan."
32,1375891908998,"fbentz","fbentz leave the IRC (Remote host closed the connection)."
32,1375892709031,"endou","endou leave the IRC (Remote host closed the connection)."
2,1375893099251,"fbentz","fbentz join the chan."
32,1375893136876,"kewah","kewah leave the IRC (Quit: kewah)."
32,1375893259205,"Grirrle","Grirrle leave the IRC (Quit: Leaving.)."
2,1375893645713,"tricky21","tricky21 join the chan."
32,1375893799935,"tricky21","tricky21 leave the IRC (Remote host closed the connection)."
2,1375893921053,"Amatewasu","Amatewasu join the chan."
2,1375893997003,"tricky21","tricky21 join the chan."
32,1375894582613,"tricky21","tricky21 leave the IRC (Remote host closed the connection)."
2,1375896523130,"_mlb_","_mlb_ join the chan."
32,1375896693082,"_mlb","_mlb leave the IRC (Ping timeout: 246 seconds)."
32,1375896791063,"_mlb_","_mlb_ leave the IRC (Ping timeout: 264 seconds)."
32,1375896918825,"Amatewasu","Amatewasu leave the IRC (Ping timeout: 240 seconds)."
32,1375897520433,"oncletom","oncletom leave the IRC (Quit: Leaving.)."
2,1375897673069,"_mlb","_mlb join the chan."
32,1375898394311,"fbentz","fbentz leave the IRC (Quit: fbentz)."
2,1375898819203,"tricky21","tricky21 join the chan."
2,1375898964926,"Amatewasu","Amatewasu join the chan."
32,1375899095144,"tricky21","tricky21 leave the IRC (Ping timeout: 264 seconds)."
32,1375901190958,"Amatewasu","Amatewasu leave the IRC (Ping timeout: 240 seconds)."
2,1375907118381,"oncletom","oncletom join the chan."
32,1375908071186,"MoOx","MoOx leave the IRC (Remote host closed the connection)."
2,1375910534366,"rhannequin","rhannequin join the chan."
2,1375912380663,"tricky21","tricky21 join the chan."
32,1375912524521,"oncletom","oncletom leave the IRC (Quit: Leaving.)."
32,1375912718116,"tricky21","tricky21 leave the IRC (Remote host closed the connection)."
