32,1380838767948,"tfe","tfe leave the IRC (Ping timeout: 248 seconds)."
32,1380843709064,"august1","august1 leave the IRC (Quit: august1)."
2,1380846614234,"revolunet","revolunet join the chan."
32,1380853764002,"revolunet","revolunet leave the IRC (Quit: revolunet)."
2,1380857977411,"_mlb","_mlb join the chan."
2,1380860060397,"MoOx","MoOx join the chan."
32,1380864150368,"_mlb","_mlb leave the IRC (Remote host closed the connection)."
256,1380864763256,"coyoteonbsd","coyoteonbsd changed his nick for _Setsuna_."
32,1380867597845,"MoOx","MoOx leave the IRC (Read error: Connection reset by peer)."
2,1380867633853,"MoOx","MoOx join the chan."
2,1380867663114,"fbentz","fbentz join the chan."
1,1380868069753,"fbentz","Salut :)"
2,1380869075231,"Shahor","Shahor join the chan."
2,1380869643949,"HammHetfield","HammHetfield join the chan."
32,1380869727219,"Shahor","Shahor leave the IRC (Remote host closed the connection)."
2,1380869776489,"Shahor","Shahor join the chan."
32,1380871002759,"fbentz","fbentz leave the IRC (Quit: fbentz)."
2,1380871244044,"revolunet","revolunet join the chan."
2,1380871508074,"fbentz","fbentz join the chan."
32,1380871847862,"Shahor","Shahor leave the IRC (Remote host closed the connection)."
2,1380872251570,"brice","brice join the chan."
1,1380872261932,"brice","hello"
2,1380872554627,"showtim34","showtim34 join the chan."
32,1380873271578,"Munto","Munto leave the IRC (Quit: Let's make things Frugal!)."
2,1380873619710,"rhannequin","rhannequin join the chan."
2,1380873820038,"OwlyCode","OwlyCode join the chan."
2,1380874432725,"_mlb","_mlb join the chan."
32,1380874451536,"_mlb","_mlb leave the IRC (Remote host closed the connection)."
2,1380875078265,"Shahor","Shahor join the chan."
2,1380875738777,"lionelB","lionelB join the chan."
32,1380875826363,"OwlyCode","OwlyCode leave the IRC (Ping timeout: 240 seconds)."
2,1380876030918,"_mlb","_mlb join the chan."
2,1380876265810,"Nyalab","Nyalab join the chan."
2,1380876623010,"OwlyCode","OwlyCode join the chan."
1,1380877675337,"Nyalab","nfroidure: _mlb MoOx c'est du css putain"
1,1380877681449,"Nyalab","mettre une license sur du css ..."
1,1380877699116,"Nyalab","si jamais demande je veux créer mon propre framework css"
1,1380877708114,"Nyalab","et que je m inspire de la source de goetter"
1,1380877721535,"_mlb","le procès"
1,1380877730911,"Nyalab","parce que je vais pas m'interdire de nommer une classe \"grid\" parce que goetter l'a fait dans son code"
1,1380877742676,"Nyalab","et si au final mon code ressemble fortement au sien ?"
1,1380877743666,"_mlb","LE MINISTERE PUBLIC ACCUSE MONSIEUR NYALAB DE SE FOUTRE UN PEU DE LA GUEULE DU MONDE"
1,1380877746599,"Nyalab","(troll à part j'espère pas)"
1,1380877754009,"Nyalab","j ai violé la license ou pas ?"
1,1380877763043,"_mlb","pas que la licence ;-))))"
1,1380877774739,"Nyalab","si mon code est preil en tout point parce que je l'ai monté de mes propres mains mais que je me suis inspiré du sien tout en le comprenant ligne par ligne ?"
1,1380877788477,"_mlb","déjà c'est que t'es un cake en css"
1,1380877789605,"Nyalab","enfin, bref, dans le cas du css, ça me parait tellement ridicule"
1,1380877794753,"Nyalab","haha enfoiré :D"
1,1380877825450,"nfroidure","Clairement, son objectif est de router du trafice vers la communauté Alsacréations"
1,1380877836931,"Nyalab","j'ai essayé de le dire gentiment oui"
1,1380877840281,"nfroidure","Je suis pas 100% OK avec ça, mais sur le respect des license je le suit"
1,1380877846242,"Nyalab","il essaye juste de se faire mousser en ayant son nom sur les internets le plus possible"
1,1380877850218,"Nyalab","et donc alsacreations"
1,1380877856355,"Nyalab","c est juste de la reconaissance pour lui"
1,1380877866112,"Nyalab","pour moi un type qui partage un truc open source SUR DU CSS"
1,1380877875784,"nfroidure","La reconnaissance ça fait du bien parfois ;)"
1,1380877878410,"Nyalab","rien que le fait que quelqu'un veuille utiliser sa lib css de bouseux devrait le rendre heureux"
1,1380877886783,"Nyalab","oui mais contraindre ses users à faire quelque chose"
1,1380877889559,"nfroidure",":D"
1,1380877894541,"Nyalab","tu sais c est souvent quand tu demandes rien que ça fait le plus plaisir"
1,1380877898023,"Nyalab","enfin c est mon point de vue"
1,1380877907764,"Nyalab","je sais qu'au yeux de la GRANDE LOI UNIVERSELLE qu'est la license, j'ai tort"
1,1380877915550,"nfroidure","Je suis d'accord avec tout ce que tu dis :)"
1,1380877916496,"Nyalab","mais je trouve ça idiot"
1,1380877919836,"nfroidure","Sauf la derieère ligne :)"
1,1380877920267,"MoOx","MAIS PERDEZ PAS VOTRE TEMPS LES MECS"
1,1380877924404,"MoOx","C CON. POINT."
1,1380877925380,"Nyalab","ok :D"
1,1380877927410,"MoOx","BISOUS"
1,1380877932750,"nfroidure",":p"
1,1380877942127,"Nyalab","arrete avec tes bisous MoOx"
1,1380877943322,"Nyalab","stop"
1,1380877963314,"Nyalab","tu dois avoir attrapé l'herpès de m'internet à force"
1,1380877967309,"MoOx","JAMAIS"
1,1380877978383,"nfroidure","Je verrai bien votre tête si Google utilisait du code GPL pour faire un système d'exploitation mobile où il enfermeraient les utilisateurs, toussa !"
1,1380878004615,"nfroidure","Ah, non, c'est fait :)"
1,1380878019371,"Nyalab","non attends"
1,1380878024832,"Nyalab","j ai mis une license sur mon code css"
1,1380878029459,"Nyalab",".pull-left {"
1,1380878032305,"Nyalab","   float: left;"
1,1380878033442,"Nyalab","}"
1,1380878038626,"Nyalab","LICENE CC-BY"
1,1380878043790,"Nyalab","QUOI QUI ME L A PIQUE"
1,1380878048574,"_mlb","nfroidure si ce que tu fais est objectivement bon, tu l'as ta reconnaissance"
1,1380878050745,"Nyalab","APPELEZ LA POLICE DU CSS"
1,1380878055445,"Nyalab","et si mon code est utilié par google"
1,1380878056149,"_mlb","pas besoin de mendier"
1,1380878057690,"Nyalab","oui je serais content"
1,1380878061768,"Nyalab","voila, exactement _mlb :D"
1,1380878063891,"nfroidure",".pull_left { float:left; } /* By Nyalab */"
1,1380878085047,"Nyalab",":D"
1,1380878095525,"_mlb",": /*MAIRSI DE ME MENTIONAY DANS VOS SOURCES*/"
1,1380878096503,"Nyalab","non mais en plus google pourrait t embaucher apres ça aussi"
1,1380878096520,"_kud","j'ai vomi"
1,1380878099673,"fbentz","FEUILLE DU STYLE Monsieur SVP, Je suis Marcel Patoulatchi !"
1,1380878103287,"nfroidure",":D"
1,1380878119484,"Nyalab","APPELEZ LA POLICE DE LA FEUILLE DE STYLE EN CASCADE SILVOUPLÉ"
1,1380878120828,"_mlb","BRIGADIER CHEF, MAIS CSS-NINJA AVANT TOUT"
1,1380878141135,"fbentz","Enfin plus CSS que NINJA !"
1,1380878155109,"Nyalab","Bonjour, Roger MalAligné, responsable de la section des float, vos papiers, pardon vos code sources silvouplé"
1,1380878156445,"_mlb","je veux dire, déjà, un mec qui utilise flexbox dans un framework à mettre en prod il se peut aller se carrer des clanches dans le cul quoi"
1,1380878193339,"fbentz","_mlb Quel grossier personnage :D"
1,1380878240671,"_mlb","fbentz: au temps pour moi, 'des poignées de porte'"
1,1380878247277,"Nyalab","j'ai utilisé un class=\"row\" dans mon code"
1,1380878252187,"Nyalab","je me rappelle plus à qui je dois faire le chèque"
1,1380878264863,"fbentz","Je comprends mieux !"
1,1380878268357,"nfroidure","Je crois que c'est moi :)"
1,1380878273693,"Nyalab","ah oui"
1,1380878282139,"Nyalab","quel bon temps des licenses sur du code css"
1,1380878284254,"nfroidure","1000€ je te fais un prix"
1,1380878286695,"Nyalab","hahaha"
1,1380878291141,"Nyalab","tu me fais un prix de gros"
1,1380878297585,"Nyalab","j'ai 10 lignes à mettre dans mon tableau"
1,1380878308679,"nfroidure","Yeah, c'est open-bar :)"
1,1380878312614,"Nyalab","\"alors une class=\"row\" que multiplie dix lignes\""
1,1380878320013,"Nyalab","\"je rajoute les taxes uqi sont le margin et le padding\""
1,1380878328464,"Nyalab","\"pour un total de : \""
1,1380878336792,"Nyalab","\"8 fois le salaire à goetter, merci à bientot chez nous\""
1,1380878367032,"Nyalab","bref"
1,1380878371575,"Nyalab","c était pour se chauffer de bon matin"
1,1380878383083,"nfroidure","Merci pour la bonne tranche de rire :)"
1,1380878386566,"Nyalab","héhé"
32,1380879454622,"revolunet","revolunet leave the IRC (Read error: Connection reset by peer)."
2,1380879525426,"revolunet","revolunet join the chan."
32,1380881610187,"HammHetfield","HammHetfield leave the IRC (Quit: HammHetfield)."
32,1380881831993,"rhannequin","rhannequin leave the IRC (Ping timeout: 264 seconds)."
32,1380881979318,"mab_","mab_ leave the IRC (Quit: Leaving.)."
32,1380882012160,"_mlb","_mlb leave the IRC (Remote host closed the connection)."
2,1380882186503,"mab1","mab1 join the chan."
1,1380883468350,"_kud","https://twitter.com/francejs/status/386075257456852992"
1,1380883469406,"bobot","@francejs: C'est vendredi, je vous propose un petit jeu bien sympathique : http://toys.usvsth3m.com/javascript-under-pressure/ … #javascript #francejs"
2,1380885643326,"_mlb","_mlb join the chan."
32,1380885936122,"_mlb","_mlb leave the IRC (Ping timeout: 264 seconds)."
2,1380886199790,"_mlb","_mlb join the chan."
2,1380887205620,"rhannequin","rhannequin join the chan."
2,1380887856707,"Grirrle","Grirrle join the chan."
2,1380887876812,"revolunet_","revolunet_ join the chan."
32,1380887880895,"revolunet","revolunet leave the IRC (Read error: Connection reset by peer)."
256,1380887885143,"revolunet_","revolunet_ changed his nick for revolunet."
32,1380888113715,"Grirrle","Grirrle leave the IRC (Ping timeout: 248 seconds)."
32,1380888241777,"Shahor","Shahor leave the IRC (Read error: Connection reset by peer)."
2,1380888779020,"Grirrle","Grirrle join the chan."
4,1380888784134,"Grirrle","Grirrle leave the chan."
32,1380889340838,"rhannequin","rhannequin leave the IRC (Ping timeout: 240 seconds)."
2,1380889792853,"rhannequin","rhannequin join the chan."
32,1380890319357,"OwlyCode","OwlyCode leave the IRC (Ping timeout: 240 seconds)."
1,1380890478593,"nfroidure","_kud, je te hais ! J'ai le jingle JavaScript dans la tête depuis 1 h :D"
256,1380890643326,"lionelB","lionelB changed his nick for _lionel_afk."
2,1380891104820,"OwlyCode","OwlyCode join the chan."
1,1380893562166,"brice","ha mes yeux, un RMS dansant"
32,1380893999971,"bigx","bigx leave the IRC (Quit: Ex-Chat)."
2,1380894204124,"Shahor","Shahor join the chan."
1,1380894648887,"_kud","haha nfroidure"
2,1380895812872,"rhannequin_","rhannequin_ join the chan."
32,1380895897592,"rhannequin","rhannequin leave the IRC (Ping timeout: 256 seconds)."
2,1380896317934,"Shahor_","Shahor_ join the chan."
32,1380896514900,"Shahor_","Shahor_ leave the IRC (Remote host closed the connection)."
32,1380896522210,"Shahor","Shahor leave the IRC (Ping timeout: 260 seconds)."
2,1380897017699,"melmoussaoui","melmoussaoui join the chan."
256,1380898752319,"_lionel_afk","_lionel_afk changed his nick for lionelB."
32,1380899466900,"revolunet","revolunet leave the IRC (Ping timeout: 240 seconds)."
32,1380899743725,"OwlyCode","OwlyCode leave the IRC (Quit: Quitte)."
2,1380900917535,"Grirrle","Grirrle join the chan."
32,1380901170592,"showtim34","showtim34 leave the IRC (Ping timeout: 252 seconds)."
2,1380902105245,"rhannequin","rhannequin join the chan."
32,1380902145122,"rhannequin_","rhannequin_ leave the IRC (Ping timeout: 245 seconds)."
2,1380902872158,"Shahor","Shahor join the chan."
32,1380903687687,"brice","brice leave the IRC (Quit: Quitte)."
32,1380903729312,"rhannequin","rhannequin leave the IRC (Ping timeout: 264 seconds)."
2,1380904354517,"rhannequin","rhannequin join the chan."
32,1380904569056,"rhannequin","rhannequin leave the IRC (Remote host closed the connection)."
2,1380905331812,"tfe","tfe join the chan."
32,1380905346382,"tfe","tfe leave the IRC (Client Quit)."
2,1380905359878,"tfe","tfe join the chan."
32,1380905600009,"Grirrle","Grirrle leave the IRC (Quit: Leaving.)."
32,1380905833249,"_mlb","_mlb leave the IRC (Remote host closed the connection)."
32,1380906882332,"Nyalab","Nyalab leave the IRC (Remote host closed the connection)."
32,1380907446944,"_kud","_kud leave the IRC (Remote host closed the connection)."
32,1380907537534,"Shahor","Shahor leave the IRC (Remote host closed the connection)."
2,1380907565887,"Shahor","Shahor join the chan."
32,1380907829869,"Shahor","Shahor leave the IRC (Ping timeout: 245 seconds)."
2,1380908268548,"Amatewasu","Amatewasu join the chan."
32,1380908291627,"Amatewasu","Amatewasu leave the IRC (Client Quit)."
2,1380908328110,"Amatewasu","Amatewasu join the chan."
2,1380908431908,"Shahor","Shahor join the chan."
2,1380908754628,"_mlb","_mlb join the chan."
32,1380908935211,"_mlb","_mlb leave the IRC (Remote host closed the connection)."
32,1380909081492,"Shahor","Shahor leave the IRC (Remote host closed the connection)."
2,1380909107497,"Shahor","Shahor join the chan."
2,1380909121353,"_mlb","_mlb join the chan."
32,1380909381510,"Shahor","Shahor leave the IRC (Ping timeout: 264 seconds)."
32,1380909840569,"MoOx","MoOx leave the IRC (Remote host closed the connection)."
2,1380913710096,"MoOx","MoOx join the chan."
32,1380913871880,"fbentz","fbentz leave the IRC (Quit: fbentz)."
2,1380914519690,"oz","oz join the chan."
32,1380914809203,"tfe","tfe leave the IRC (Ping timeout: 264 seconds)."
2,1380918193296,"rhannequin","rhannequin join the chan."
32,1380918942393,"MoOx","MoOx leave the IRC (Remote host closed the connection)."
2,1380920035894,"MoOx","MoOx join the chan."
32,1380920839035,"rhannequin","rhannequin leave the IRC (Remote host closed the connection)."
