32,1363479032973,"undef1`","undef1` leave the IRC (Quit: Leaving)."
32,1363480447542,"eaSy60","eaSy60 leave the IRC (Quit: Bye!)."
32,1363480651521,"Amatewasu","Amatewasu leave the IRC (Remote host closed the connection)."
32,1363482278768,"_kud","_kud leave the IRC (Quit: Leaving)."
32,1363488056300,"Atu","Atu leave the IRC (Quit: [\"Textual IRC Client: www.textualapp.com\"])."
256,1363505544897,"masterfrustrated","masterfrustrated changed his nick for pou`."
2,1363514326365,"Amatewasu","Amatewasu join the chan."
2,1363515936346,"eaSy60","eaSy60 join the chan."
2,1363523688183,"MoOx","MoOx join the chan."
2,1363523780457,"MoOx_","MoOx_ join the chan."
32,1363523980024,"MoOx","MoOx leave the IRC (Ping timeout: 246 seconds)."
32,1363525509027,"MoOx_","MoOx_ leave the IRC (Remote host closed the connection)."
2,1363525541541,"MoOx","MoOx join the chan."
32,1363525814319,"MoOx","MoOx leave the IRC (Ping timeout: 252 seconds)."
2,1363526647577,"MoOx","MoOx join the chan."
2,1363533664534,"Atu","Atu join the chan."
2,1363534289380,"_kud","_kud join the chan."
1,1363535506368,"nfroidure","_kud, tu enverrais pas un tweet de FranceJS pour un rappel log ?"
1,1363535523145,"nfroidure","*logo"
1,1363535531657,"_kud","Si ouais"
1,1363535604110,"nfroidure","oki, tu me dis quand c'est ok que je rt ?"
1,1363535624404,"_kud","oui"
1,1363535931058,"nfroidure","tu as vu qu'il y a une liste francejs sur twitter : https://twitter.com/wleloutre/francejs"
1,1363535945904,"_kud","done nfroidure"
1,1363535958100,"nfroidure","on peut peut être nommer wleloutre recenseur officiel de la communauté ;)"
1,1363535972926,"_kud","classe"
1,1363535975853,"_kud",":D"
1,1363536500583,"nfroidure","Je suis vert"
1,1363536517466,"nfroidure","Un gros fdp m'a pompé tout mon contenu pour faire du seo"
1,1363536589091,"_kud","hu ?"
1,1363536594570,"eaSy60","Non c'est normal que tu sois vert.."
1,1363536599879,"eaSy60","Happy Saint Patrick"
1,1363536600380,"eaSy60",":)"
1,1363536603591,"nfroidure","http://www.spitemout.com/website.php?lg=en&section=plus&page=internet&PHPSESSID=353ba8c4a550f2d18ca3f0ef0a1bbca7"
1,1363536613757,"nfroidure","http://www.elitwork.com/objectif_site_internet.html"
1,1363536640322,"nfroidure","Le coupable : http://www.facebook.com/pierre.dormal.5"
1,1363536657300,"nfroidure","J'hésite encore sur le châtiment approprié"
1,1363536666019,"eaSy60","?"
1,1363536670033,"eaSy60","Quels genre :] ?"
1,1363536764397,"nfroidure","Genre illégal ;)"
1,1363536797111,"eaSy60","Eclate toi franchement"
1,1363536863971,"nfroidure","Ca vous est déjà arrivé ?"
1,1363536946132,"eaSy60","Je crois que tu peux saisir la CNIL"
1,1363537139362,"nfroidure","Pour moi c'est une violation du droit d'auteur, mais trois trucs me chagrinnent"
1,1363537158207,"nfroidure","- vu que le mec est en belgique est-ce que je peux faire qqchose juridiquement"
1,1363537175678,"nfroidure","- coment ça va me coûter pour quels avantages/inconvénients"
1,1363537180221,"eaSy60","Oui. Lui faire bouffer des frites par le nez"
1,1363537184718,"nfroidure","*combien"
1,1363537201496,"nfroidure","- comment prouver que je suis bien l'auteur"
1,1363537228760,"nfroidure","webarchive et encore, c'est pas une preuve que c('est moi aui ai publié en premier"
1,1363537246530,"eaSy60","Menace le"
1,1363537251734,"eaSy60","Comme quoi tu viens de saisir un avocat"
1,1363537266684,"eaSy60","et que les poursuites sont lancées depuis mercredi"
1,1363537268298,"eaSy60","bullshit"
1,1363537320801,"nfroidure","Je rêve il a même pompé mes illustrations 0_o"
1,1363537466990,"nfroidure","Apparemment, je suis pas le seul : https://www.google.fr/search?q=%22Des+menus+simples+%3A+vos+visiteurs+ne+passeront+pas+plus+de+10+secondes+%C3%A0+essayer+de+comprendre+l'architecture+de+votre+site.+La+norme+consiste+%C3%A0+placer+%3A+-+Les+chapitres+principaux+en+haut+de+la+page+-+Les+sous+chapitres+%C3%A0+gauche+de+la+page+-+Les+renvois%2C+les+publicit%C3%A9s%2C+%C3%A0+droite+de+la+page+-+Les+r%C3%A9f%C3%A9rences+(bibl"
1,1363537467799,"nfroidure","iographie)+en+bas+de+la+page+En+respectant+ces+habitudes%2C+vous+faciliterez+la+navigation+sur+votre+site.%22&aq=f&oq=%22Des+menus+simples+%3A+vos+visiteurs+ne+passeront+pas+plus+de+10+secondes+%C3%A0+essayer+de+comprendre+l'architecture+de+votre+site.+La+norme+consiste+%C3%A0+placer+%3A+-+Les+chapitres+principaux+en+haut+de+la+page+-+Les+sous+chapitres+%C3%A0+gauche+de+la+page+-+Les+renvois%2C+les+publicit%C3%A9s%2C+%C3%A"
1,1363537468440,"nfroidure","0+droite+de+la+page+-+Les+r%C3%A9f%C3%A9rences+(bibliographie)+en+bas+de+la+page+En+respectant+ces+habitudes%2C+vous+faciliterez+la+navigation+sur+votre+site.%22&aqs=chrome.0.57.817&sourceid=chrome&ie=UTF-8"
32,1363537492497,"MoOx","MoOx leave the IRC (Remote host closed the connection)."
2,1363537947772,"MoOx","MoOx join the chan."
1,1363538231112,"_kud","Défonce le nfroidure ."
1,1363538468348,"nfroidure","Héhé : http://www.spitemout.com/website.php?lg=%22fr&page=co'ntact&PHPSESSID=353ba8c4a550f2d18ca3f0ef0a1bbca7"
2,1363539128495,"arcanis","arcanis join the chan."
18,1363539800552,"Marionnette","Marionnette join the chan."
8,1363539800766,"_kud","_kud change topic to \"Communauté française des utilisateurs de JavaScript | Site : http://francejs.org\""
2,1363540723387,"Amatewasu_","Amatewasu_ join the chan."
32,1363540723636,"Amatewasu","Amatewasu leave the IRC (Read error: Connection reset by peer)."
256,1363540780086,"Amatewasu_","Amatewasu_ changed his nick for Amatewasu."
32,1363542547477,"arcanis","arcanis leave the IRC (Ping timeout: 245 seconds)."
2,1363543307003,"arcanis","arcanis join the chan."
32,1363545713650,"Amatewasu","Amatewasu leave the IRC (Remote host closed the connection)."
32,1363546316956,"MoOx","MoOx leave the IRC (Remote host closed the connection)."
2,1363547305870,"MoOx","MoOx join the chan."
32,1363550038436,"MoOx","MoOx leave the IRC (Remote host closed the connection)."
2,1363552532796,"MoOx","MoOx join the chan."
32,1363552789157,"MoOx","MoOx leave the IRC (Ping timeout: 245 seconds)."
32,1363560545636,"sblanc|away","sblanc|away leave the IRC (Ping timeout: 256 seconds)."
2,1363560863339,"stefounet","stefounet join the chan."
32,1363560927985,"_kud","_kud leave the IRC (Quit: Leaving)."
