32,1367451392196,"Amatewasu","Amatewasu leave the IRC (Quit: WeeChat 0.4.1-dev)."
2,1367463578079,"florianp_","florianp_ join the chan."
32,1367463730895,"florianpnn","florianpnn leave the IRC (Ping timeout: 245 seconds)."
2,1367471183230,"MoOx","MoOx join the chan."
2,1367477242034,"felixgilles","felixgilles join the chan."
2,1367478382810,"revolunet","revolunet join the chan."
2,1367480046116,"_kud","_kud join the chan."
2,1367480192784,"bobot","bobot join the chan."
2,1367480263687,"Nyalab","Nyalab join the chan."
2,1367480384440,"cbonnissent","cbonnissent join the chan."
32,1367480677796,"bobot","bobot leave the IRC (Remote host closed the connection)."
2,1367480694216,"bobot","bobot join the chan."
32,1367480731693,"bobot","bobot leave the IRC (Remote host closed the connection)."
2,1367480743158,"bobot","bobot join the chan."
32,1367481016405,"bobot","bobot leave the IRC (Remote host closed the connection)."
2,1367481028992,"bobot","bobot join the chan."
32,1367484141922,"revolunet","revolunet leave the IRC (Quit: revolunet)."
32,1367484676385,"loicfrering","loicfrering leave the IRC (Quit: WeeChat 0.4.0)."
2,1367484804575,"loicfrering","loicfrering join the chan."
1,1367484849471,"_kud","https://twitter.com/Swiip/status/329880529468014593"
1,1367484851897,"_kud","poke nfroidure"
2,1367485065628,"revolunet","revolunet join the chan."
1,1367486392837,"nfroidure","_kud, oui, j'ai vu le mail sur la liste, mais c'est plutôt à toi de voir car tu voulais le fairez"
1,1367486499223,"_kud","Ouais"
2,1367488935342,"florianpnn","florianpnn join the chan."
2,1367490737412,"Amatewasu","Amatewasu join the chan."
32,1367493032270,"revolunet","revolunet leave the IRC (Quit: revolunet)."
1,1367496142657,"_kud","NiKo`: Zombie, c'est un concurrent de Casper ?"
2,1367497847372,"revolunet","revolunet join the chan."
2,1367498000302,"rhannequin","rhannequin join the chan."
32,1367499068659,"cbonnissent","cbonnissent leave the IRC (Ping timeout: 272 seconds)."
2,1367499155264,"cbonnissent","cbonnissent join the chan."
2,1367500641512,"showtim34","showtim34 join the chan."
32,1367500995722,"rhannequin","rhannequin leave the IRC (Quit: Page closed)."
1,1367502222608,"angezanetti","o/"
2,1367502312314,"kud","kud join the chan."
2,1367502412265,"kud_","kud_ join the chan."
32,1367502445337,"_kud","_kud leave the IRC (Ping timeout: 252 seconds)."
32,1367502475378,"revolunet","revolunet leave the IRC (Quit: revolunet)."
32,1367502621822,"kud","kud leave the IRC (Ping timeout: 260 seconds)."
256,1367502681058,"kud_","kud_ changed his nick for _kud."
2,1367502783269,"revolunet","revolunet join the chan."
32,1367502828171,"revolunet","revolunet leave the IRC (Client Quit)."
32,1367503370190,"cbonnissent","cbonnissent leave the IRC (Ping timeout: 276 seconds)."
2,1367504149758,"cbonnissent","cbonnissent join the chan."
2,1367505785688,"stephCoue","stephCoue join the chan."
32,1367510156610,"cbonnissent","cbonnissent leave the IRC (Remote host closed the connection)."
2,1367511302282,"revolunet","revolunet join the chan."
32,1367511442402,"florianp_","florianp_ leave the IRC (Remote host closed the connection)."
32,1367511884724,"felixgilles","felixgilles leave the IRC (Quit: Konversation terminated!)."
1,1367512273669,"NiKo`","_kud: en quelque sorte oui, c'est un browser headless mais qui repose sur jsdom, une implémentation théorique du DOM"
1,1367515597146,"_kud","k"
32,1367518620244,"florianpnn","florianpnn leave the IRC (Remote host closed the connection)."
2,1367519749687,"kud","kud join the chan."
2,1367521139755,"florianpnn","florianpnn join the chan."
32,1367522151596,"MoOx","MoOx leave the IRC (Ping timeout: 248 seconds)."
32,1367522246358,"revolunet","revolunet leave the IRC (Ping timeout: 276 seconds)."
2,1367523309199,"MoOx","MoOx join the chan."
32,1367523872252,"MoOx","MoOx leave the IRC (Ping timeout: 256 seconds)."
32,1367527340198,"florianpnn","florianpnn leave the IRC (Remote host closed the connection)."
32,1367527905382,"showtim34","showtim34 leave the IRC (Read error: No route to host)."
2,1367527941487,"showtim34","showtim34 join the chan."
2,1367529552755,"PEM","PEM join the chan."
1,1367529560716,"PEM","Salut la compagnie :)"
1,1367529565477,"showtim34","salut PEM :)"
1,1367529653908,"kud","Salut :)"
1,1367529748022,"PEM","donc, un meeting sur Paris ? :)"
1,1367529774750,"PEM","avec une tite bière pour accompagner une discussion sur le JavaScript comme technique de séduction ? :D"
1,1367529800954,"kud","Pourquoi pas oui :)"
1,1367529815466,"PEM","tu as des dispos quand ?"
1,1367529826982,"kud","Pas avant deux semaines là, je fais le pont"
1,1367529832005,"kud","mais après, n'importe"
1,1367529838712,"kud","(enfin une semaine et demi donc)"
1,1367529862999,"PEM","ok"
1,1367529867133,"PEM","idem pour moi :)"
1,1367529894915,"kud","t'as mon email du coup ,"
1,1367529899357,"kud","ca sera plus simple par email"
1,1367529916528,"kud","m@kud.io"
1,1367529919503,"PEM","ok ça marche ;)"
1,1367529930577,"kud","j'reste pas, j'suis completement claqué là"
1,1367529941739,"kud","on en parle par email, on se fait une 'tite biere et on discute de ca"
1,1367530019319,"PEM","ok je t'ai envoyé un mail ;)"
1,1367530022265,"kud","merci"
1,1367530027150,"PEM","bonne nuit :)"
1,1367530266468,"showtim34","ciao"
