2,1375653615689,"Munto","Munto join the chan."
32,1375666580692,"_mlb_","_mlb_ leave the IRC (Remote host closed the connection)."
2,1375679932263,"MoOx","MoOx join the chan."
32,1375681945171,"_Setsuna_","_Setsuna_ leave the IRC (Changing host)."
2,1375681945211,"_Setsuna_","_Setsuna_ join the chan."
2,1375682367130,"nod_","nod_ join the chan."
2,1375685218482,"HammHetfield","HammHetfield join the chan."
32,1375685244268,"MoOx","MoOx leave the IRC (Remote host closed the connection)."
2,1375685366238,"mab","mab join the chan."
2,1375685433733,"Grirrle","Grirrle join the chan."
2,1375686432902,"endou","endou join the chan."
1,1375686714106,"angezanetti","o/"
2,1375688052855,"revolunet","revolunet join the chan."
2,1375688783577,"MoOx","MoOx join the chan."
2,1375688840907,"Nyalab","Nyalab join the chan."
2,1375688990410,"_mlb","_mlb join the chan."
32,1375689641297,"_mlb","_mlb leave the IRC (Remote host closed the connection)."
32,1375690146595,"revolunet","revolunet leave the IRC (Quit: revolunet)."
2,1375690238389,"fbentz","fbentz join the chan."
32,1375690741814,"bobot","bobot leave the IRC (Remote host closed the connection)."
2,1375690749633,"bobot","bobot join the chan."
2,1375690839412,"kewah","kewah join the chan."
2,1375691204067,"_mlb","_mlb join the chan."
32,1375692038246,"fbentz","fbentz leave the IRC (Quit: fbentz)."
2,1375696258591,"OwlyCode","OwlyCode join the chan."
32,1375700075978,"kewah","kewah leave the IRC (Quit: kewah)."
2,1375700659954,"oncletom","oncletom join the chan."
32,1375702791943,"oncletom","oncletom leave the IRC (Quit: Leaving.)."
1,1375702951617,"nfroidure"," Qurestion git : je crée et merge des branches localement mais je ne parviens pas à les pusher sur GitHub, y'a une manip spéciale ?"
1,1375703426751,"nfroidure","Ok, j'ai trouvé. git push origin ma_branche"
2,1375703440890,"kewah","kewah join the chan."
1,1375705466123,"No`","nfroidure: utilise git extras"
1,1375705476515,"No`","tu fais git create-branch trululu"
1,1375705486832,"No`","ça crée la branche en local, en distant et ça te positionne dessus"
1,1375705500310,"No`","quand tu pushe, ça pushe sur le dépôt distant aussi, du coup"
1,1375705520370,"No`","(et y'a git delete-branch aussi qui est bien pratique pour supprimer les branches distantes+locales)"
1,1375705540204,"No`","https://github.com/visionmedia/git-extras"
1,1375705541229,"bobot","GIT utilities -- repo summary, repl, changelog population, author commit percentages and more | Stars: 2,444 | Forks: 200 | Last update: June 18, 2013"
2,1375706119093,"oncletom","oncletom join the chan."
32,1375706489151,"Munto","Munto leave the IRC (Ping timeout: 246 seconds)."
2,1375706515247,"Tobu_","Tobu_ join the chan."
32,1375706531178,"Tobu","Tobu leave the IRC (Ping timeout: 246 seconds)."
2,1375706888544,"Munto","Munto join the chan."
2,1375710591621,"_mlb_","_mlb_ join the chan."
32,1375710779684,"_mlb","_mlb leave the IRC (Ping timeout: 245 seconds)."
32,1375711959620,"oncletom","oncletom leave the IRC (Quit: Leaving.)."
32,1375712908401,"kewah","kewah leave the IRC (Quit: kewah)."
2,1375713061398,"kewah","kewah join the chan."
32,1375714461592,"kewah","kewah leave the IRC (Quit: kewah)."
32,1375718511479,"Grirrle","Grirrle leave the IRC (Quit: Leaving.)."
32,1375719360102,"HammHetfield","HammHetfield leave the IRC (Quit: HammHetfield)."
32,1375720251944,"OwlyCode","OwlyCode leave the IRC (Quit: Quitte)."
32,1375720647084,"_mlb_","_mlb_ leave the IRC (Remote host closed the connection)."
32,1375720683198,"endou","endou leave the IRC (Remote host closed the connection)."
2,1375723918281,"oncletom","oncletom join the chan."
32,1375727363894,"Munto","Munto leave the IRC (Ping timeout: 246 seconds)."
2,1375727534580,"Munto","Munto join the chan."
32,1375728686981,"Munto","Munto leave the IRC (Ping timeout: 246 seconds)."
2,1375728985948,"Munto","Munto join the chan."
32,1375729075326,"oncletom","oncletom leave the IRC (Quit: Leaving.)."
32,1375729253945,"Munto","Munto leave the IRC (Ping timeout: 246 seconds)."
2,1375729636828,"_mlb","_mlb join the chan."
2,1375729693022,"Munto","Munto join the chan."
32,1375733103981,"_mlb","_mlb leave the IRC (Remote host closed the connection)."
2,1375734409348,"tricky21","tricky21 join the chan."
32,1375735176153,"Munto","Munto leave the IRC (Ping timeout: 246 seconds)."
2,1375735972342,"Munto","Munto join the chan."
32,1375736268238,"Munto","Munto leave the IRC (Ping timeout: 246 seconds)."
2,1375736325731,"Munto","Munto join the chan."
32,1375738205363,"Tobu_","Tobu_ leave the IRC (Ping timeout: 264 seconds)."
32,1375738776871,"MoOx","MoOx leave the IRC (Remote host closed the connection)."
32,1375739409241,"tricky21","tricky21 leave the IRC (Remote host closed the connection)."
2,1375739566338,"Tobu","Tobu join the chan."
