32,1378512898434,"_kud","_kud leave the IRC (Remote host closed the connection)."
32,1378516391278,"Tobu","Tobu leave the IRC (Ping timeout: 246 seconds)."
2,1378516391348,"Tobu_","Tobu_ join the chan."
2,1378519589448,"Munto","Munto join the chan."
2,1378532576133,"MoOx","MoOx join the chan."
32,1378532594005,"_mlb","_mlb leave the IRC (Remote host closed the connection)."
2,1378532627349,"_mlb","_mlb join the chan."
32,1378532882304,"_mlb","_mlb leave the IRC (Ping timeout: 245 seconds)."
2,1378534421767,"_mlb","_mlb join the chan."
32,1378534950802,"_mlb","_mlb leave the IRC (Ping timeout: 264 seconds)."
32,1378535241767,"MoOx","MoOx leave the IRC (Remote host closed the connection)."
2,1378538312120,"_mlb","_mlb join the chan."
32,1378538584080,"_mlb","_mlb leave the IRC (Ping timeout: 260 seconds)."
2,1378541942236,"_mlb","_mlb join the chan."
32,1378542224248,"_mlb","_mlb leave the IRC (Ping timeout: 260 seconds)."
32,1378544261984,"DontShootMe","DontShootMe leave the IRC (Remote host closed the connection)."
2,1378544499735,"Amatewasu","Amatewasu join the chan."
2,1378545579764,"_mlb","_mlb join the chan."
32,1378545846641,"_mlb","_mlb leave the IRC (Ping timeout: 268 seconds)."
2,1378549201965,"_mlb","_mlb join the chan."
32,1378549461032,"_mlb","_mlb leave the IRC (Ping timeout: 240 seconds)."
2,1378551672874,"bigx","bigx join the chan."
2,1378551806000,"_kud","_kud join the chan."
32,1378551983192,"bigx","bigx leave the IRC (Quit: Ex-Chat)."
2,1378552002534,"bigx","bigx join the chan."
2,1378552831622,"_mlb","_mlb join the chan."
32,1378552831669,"tfe","tfe leave the IRC (Read error: Connection reset by peer)."
2,1378552842077,"tfe","tfe join the chan."
32,1378553116613,"_mlb","_mlb leave the IRC (Ping timeout: 260 seconds)."
2,1378557970142,"kud","kud join the chan."
2,1378558267842,"_mlb","_mlb join the chan."
32,1378558547884,"_mlb","_mlb leave the IRC (Ping timeout: 264 seconds)."
2,1378560443170,"_mlb","_mlb join the chan."
32,1378565781511,"Amatewasu","Amatewasu leave the IRC (Ping timeout: 264 seconds)."
32,1378567227090,"kud","kud leave the IRC (Remote host closed the connection)."
2,1378567311550,"kud","kud join the chan."
32,1378567727413,"kud","kud leave the IRC (Remote host closed the connection)."
2,1378567764226,"kud","kud join the chan."
2,1378567973296,"Amatewasu","Amatewasu join the chan."
32,1378568052208,"kud","kud leave the IRC (Ping timeout: 264 seconds)."
2,1378569640304,"papachan","papachan join the chan."
4,1378569950065,"papachan","papachan leave the chan."
32,1378571677345,"_mlb","_mlb leave the IRC (Remote host closed the connection)."
2,1378571743023,"_mlb","_mlb join the chan."
2,1378573007357,"kud","kud join the chan."
32,1378575024429,"kud","kud leave the IRC (Remote host closed the connection)."
2,1378575065095,"kud","kud join the chan."
32,1378575341461,"kud","kud leave the IRC (Ping timeout: 260 seconds)."
2,1378575698861,"kud","kud join the chan."
32,1378575811905,"kud","kud leave the IRC (Remote host closed the connection)."
2,1378576174893,"kud","kud join the chan."
32,1378577486891,"kud","kud leave the IRC (Remote host closed the connection)."
32,1378584674494,"fbentz","fbentz leave the IRC (Quit: fbentz)."
