32,1374098452334,"revolunet","revolunet leave the IRC (Quit: revolunet)."
2,1374101491111,"somebody_","somebody_ join the chan."
32,1374101923704,"Marlb","Marlb leave the IRC (Ping timeout: 240 seconds)."
2,1374102899035,"_mlb","_mlb join the chan."
18,1374135803747,"Marionnette","Marionnette join the chan."
8,1374135803842,"_kud","_kud change topic to \"Communauté française des utilisateurs de JavaScript | Site : http://francejs.org\""
32,1374135855983,"fbentz","fbentz leave the IRC (Client Quit)."
1,1374135874277,"nfroidure","On part sur les deux dates, comme ça on a un ChtiJS organisé d'avance ? cc angezanetti fuse"
1,1374136264120,"angezanetti","yep pourquoi pas"
1,1374136272356,"angezanetti","nfroidure: ya un thème pour le 25?"
1,1374136300110,"angezanetti","Moi je serais pas là le 12/09, faudra voir avec Manu pour la gestion du lieu"
1,1374136307428,"nfroidure","nope"
1,1374136321592,"nfroidure","d'ici là on aura le temps de s'organiser"
1,1374136338425,"nfroidure","Pour le thème, je fais un appel ?"
1,1374136351029,"angezanetti","yep"
1,1374136360940,"angezanetti","sinon tu puex nous faire un truc sur les promises"
1,1374136411669,"nfroidure","Au pire oui, je vais quand même lancer un appel que chacun ait sa chance de présenter ses projets"
1,1374136502855,"angezanetti","oui"
1,1374136884179,"kud","https://twitter.com/_kud/status/357779242509017088"
1,1374136885156,"kud",":D"
1,1374136885773,"bobot","_kud: CSS as seen by a backend. http://img.pandawhale.com/post-18529-Yes-mlkshk-1nAi.gif … #web #dev #css"
32,1374138081942,"HammHetfield","HammHetfield leave the IRC (Ping timeout: 248 seconds)."
2,1374138127521,"oncletom","oncletom join the chan."
32,1374138134461,"showtim34","showtim34 leave the IRC (Ping timeout: 241 seconds)."
2,1374138142038,"HammHetfield","HammHetfield join the chan."
256,1374138337705,"somebody_","somebody_ changed his nick for Marlb."
2,1374138615794,"Nyalab","Nyalab join the chan."
32,1374139354535,"Grirrle","Grirrle leave the IRC (Quit: Leaving.)."
2,1374139378738,"Grirrle","Grirrle join the chan."
2,1374139578690,"bigx","bigx join the chan."
32,1374141636357,"HammHetfield","HammHetfield leave the IRC (Ping timeout: 240 seconds)."
32,1374141976577,"rhannequin","rhannequin leave the IRC (Ping timeout: 240 seconds)."
2,1374142032533,"showtim34","showtim34 join the chan."
2,1374142115059,"HammHetfield","HammHetfield join the chan."
32,1374142922341,"oncletom","oncletom leave the IRC (Quit: Leaving.)."
2,1374142976708,"oncletom","oncletom join the chan."
32,1374143433775,"oncletom","oncletom leave the IRC (Quit: Leaving.)."
2,1374144790861,"oncletom","oncletom join the chan."
32,1374144897272,"felixgilles","felixgilles leave the IRC (Read error: Connection reset by peer)."
2,1374144916361,"felixgilles","felixgilles join the chan."
2,1374147507569,"MoOx","MoOx join the chan."
4,1374149043389,"devpsp","devpsp leave the chan."
32,1374149204117,"oncletom","oncletom leave the IRC (Quit: Leaving.)."
32,1374150180982,"revolunet","revolunet leave the IRC (Ping timeout: 241 seconds)."
2,1374150269985,"oncletom","oncletom join the chan."
1,1374150676680,"nfroidure","Y'a pas foule de propals pour le prochain chtijs pour ne pas dire qu'il y en a aucune :("
1,1374150681103,"nfroidure","Trop mal expliqué ?"
2,1374150801740,"rhannequin","rhannequin join the chan."
32,1374151354182,"oncletom","oncletom leave the IRC (Quit: Leaving.)."
1,1374152860305,"kud","https://twitter.com/_kud/status/357846208087195648 :)"
1,1374152861927,"bobot","_kud: if you want to try if the files you concat / uglify really exist: https://gist.github.com/kud/6029070  #grunt #tips #task"
32,1374156179584,"HammHetfield","HammHetfield leave the IRC (Ping timeout: 240 seconds)."
2,1374156578021,"HammHetfield","HammHetfield join the chan."
32,1374159719170,"HammHetfield","HammHetfield leave the IRC (Ping timeout: 248 seconds)."
2,1374160021224,"HammHetfield","HammHetfield join the chan."
32,1374160203347,"Tobu","Tobu leave the IRC (Ping timeout: 246 seconds)."
4,1374160480230,"Grirrle","Grirrle leave the chan."
2,1374160682454,"Tobu","Tobu join the chan."
32,1374162367531,"rhannequin","rhannequin leave the IRC (Ping timeout: 240 seconds)."
2,1374163311150,"Marlb_","Marlb_ join the chan."
2,1374164167018,"HammHetfield_","HammHetfield_ join the chan."
32,1374164175599,"HammHetfield_","HammHetfield_ leave the IRC (Client Quit)."
2,1374164276765,"fbentz","fbentz join the chan."
32,1374164315354,"HammHetfield","HammHetfield leave the IRC (Ping timeout: 264 seconds)."
1,1374164493867,"fbentz","Hello :)"
32,1374165668326,"felixgilles","felixgilles leave the IRC (Quit: Konversation terminated!)."
2,1374166443631,"revolunet","revolunet join the chan."
1,1374166459293,"revolunet","plop"
1,1374166605456,"revolunet","quelqu'un a deja eu ce souci avec grunt-webfont ? https://dpaste.de/UR0jv/"
32,1374166996798,"_mlb","_mlb leave the IRC (Ping timeout: 268 seconds)."
32,1374167510288,"fbentz","fbentz leave the IRC (Quit: fbentz)."
32,1374167707618,"Marlb","Marlb leave the IRC (Ping timeout: 240 seconds)."
256,1374167707719,"Marlb_","Marlb_ changed his nick for Marlb."
32,1374169837678,"revolunet","revolunet leave the IRC (Ping timeout: 260 seconds)."
2,1374169954652,"_mlb","_mlb join the chan."
2,1374170619751,"Munto","Munto join the chan."
2,1374171610509,"Amatewasu","Amatewasu join the chan."
32,1374172025119,"bigx","bigx leave the IRC (Remote host closed the connection)."
32,1374182381959,"Amatewasu","Amatewasu leave the IRC (Quit: WeeChat 0.4.2-dev)."
2,1374184466291,"Tobu_","Tobu_ join the chan."
32,1374184572282,"Tobu","Tobu leave the IRC (Ping timeout: 256 seconds)."
