2,1376174216159,"tricky21","tricky21 join the chan."
32,1376175165591,"tricky21","tricky21 leave the IRC (Remote host closed the connection)."
2,1376175689496,"tricky21","tricky21 join the chan."
32,1376175848235,"tricky21","tricky21 leave the IRC (Remote host closed the connection)."
32,1376187926558,"mab","mab leave the IRC (Quit: Leaving.)."
32,1376188226965,"_mlb","_mlb leave the IRC (Remote host closed the connection)."
2,1376188919328,"_mlb","_mlb join the chan."
32,1376189627058,"_mlb","_mlb leave the IRC (Remote host closed the connection)."
2,1376209571199,"fbentz","fbentz join the chan."
2,1376220159781,"_mlb","_mlb join the chan."
2,1376238504087,"revolunet","revolunet join the chan."
32,1376239871724,"revolunet","revolunet leave the IRC (Quit: revolunet)."
32,1376243896534,"fbentz","fbentz leave the IRC (Quit: fbentz)."
32,1376244481120,"_mlb","_mlb leave the IRC (Remote host closed the connection)."
2,1376249728944,"Amatewasu","Amatewasu join the chan."
32,1376250536947,"Amatewasu","Amatewasu leave the IRC (Ping timeout: 260 seconds)."
2,1376250963920,"oncletom","oncletom join the chan."
2,1376251380950,"Amatewasu","Amatewasu join the chan."
32,1376253907484,"Amatewasu","Amatewasu leave the IRC (Quit: WeeChat 0.4.2-dev)."
2,1376254005083,"Amatewasu","Amatewasu join the chan."
32,1376254497019,"Amatewasu","Amatewasu leave the IRC (Ping timeout: 276 seconds)."
2,1376255261119,"Amatewasu","Amatewasu join the chan."
32,1376256137127,"Amatewasu","Amatewasu leave the IRC (Ping timeout: 260 seconds)."
2,1376257306139,"Amatewasu","Amatewasu join the chan."
2,1376257891207,"revolunet","revolunet join the chan."
