2,1371450465427,"felixgilles","felixgilles join the chan."
2,1371451649776,"HammHetfield","HammHetfield join the chan."
2,1371452710624,"mab","mab join the chan."
32,1371452746762,"HammHetfield","HammHetfield leave the IRC (Ping timeout: 245 seconds)."
2,1371452763512,"HammHetfield","HammHetfield join the chan."
2,1371454938662,"fbentz","fbentz join the chan."
32,1371454944373,"fbentz","fbentz leave the IRC (Client Quit)."
2,1371455614087,"_kud","_kud join the chan."
2,1371455732464,"rhannequin","rhannequin join the chan."
2,1371457326810,"kewah","kewah join the chan."
256,1371457540475,"HammHetfield","HammHetfield changed his nick for kaweh."
256,1371457580502,"kaweh","kaweh changed his nick for HammHetfield."
2,1371457725415,"bobot","bobot join the chan."
2,1371458648041,"_mlb","_mlb join the chan."
32,1371459830854,"mab","mab leave the IRC (Quit: Leaving.)."
1,1371459974124,"nfroidure","lo"
32,1371460248164,"_mlb","_mlb leave the IRC (Ping timeout: 276 seconds)."
2,1371460257610,"_mlb","_mlb join the chan."
32,1371460259606,"_mlb","_mlb leave the IRC (Remote host closed the connection)."
2,1371460295090,"_mlb","_mlb join the chan."
2,1371460638164,"mab","mab join the chan."
1,1371460925857,"urcadox","hey"
1,1371460977815,"angezane1ti","o/"
2,1371461174631,"fbentz","fbentz join the chan."
32,1371462011549,"fbentz","fbentz leave the IRC (Quit: fbentz)."
2,1371462059108,"Amatewasu","Amatewasu join the chan."
2,1371462149552,"rhannequin_","rhannequin_ join the chan."
32,1371462212689,"rhannequin","rhannequin leave the IRC (Ping timeout: 248 seconds)."
32,1371462279189,"rhannequin_","rhannequin_ leave the IRC (Remote host closed the connection)."
32,1371462993316,"_mlb","_mlb leave the IRC (Read error: Connection reset by peer)."
2,1371463022224,"_mlb","_mlb join the chan."
32,1371463997191,"Amatewasu","Amatewasu leave the IRC (Ping timeout: 245 seconds)."
2,1371464351358,"bigx","bigx join the chan."
32,1371464820788,"kewah","kewah leave the IRC (Quit: kewah)."
2,1371464871359,"showtim34","showtim34 join the chan."
2,1371465648691,"Amatewasu","Amatewasu join the chan."
2,1371465741389,"fbentz","fbentz join the chan."
4,1371465839109,"Grirrle","Grirrle leave the chan."
2,1371465857371,"Grirrle","Grirrle join the chan."
32,1371465921999,"bigx","bigx leave the IRC (Quit: Ex-Chat)."
32,1371466903740,"Amatewasu","Amatewasu leave the IRC (Ping timeout: 256 seconds)."
32,1371466995260,"fbentz","fbentz leave the IRC (Quit: fbentz)."
2,1371467356066,"stephCoue","stephCoue join the chan."
2,1371468535134,"fbentz","fbentz join the chan."
1,1371469655500,"fbentz","Hello tout le monde !"
1,1371470157220,"_mlb","hey"
32,1371471459187,"fbentz","fbentz leave the IRC (Quit: fbentz)."
2,1371471784730,"MoOx","MoOx join the chan."
2,1371471978521,"rhannequin","rhannequin join the chan."
2,1371472390273,"bricef","bricef join the chan."
2,1371473791391,"rhannequin_","rhannequin_ join the chan."
32,1371473898541,"rhannequin","rhannequin leave the IRC (Ping timeout: 276 seconds)."
256,1371473969643,"rhannequin_","rhannequin_ changed his nick for rhannequin."
1,1371474203546,"_kud","Vous pensez quoi de caenjs qui fait payer ses conférences ?"
1,1371474628989,"angezane1ti","ya de la biere en échange ?"
1,1371474658986,"_kud","Y'a deux prix, avec et sans repas."
1,1371474973009,"_kud","http://parisjs29.eventbrite.com/"
2,1371476126544,"fbentz","fbentz join the chan."
1,1371476375277,"urcadox","_kud: pour une journée complète, je trouve pas ça choquant"
1,1371476385248,"_kud","Yep"
1,1371476395881,"_kud","Mais c'est juste l'idée de faire payer alors que tous les autres meetups sont gratuits"
1,1371476405399,"_kud","et il me semble que c'est leur premier meetup"
1,1371476411694,"urcadox","hmph"
1,1371476434692,"_kud","Apres, y'a surement des raisons derriere"
1,1371476453128,"_kud","mais même s'ils sont totalement autonomes, ca endosse une certaine responsabilité de la part de francejs"
1,1371476463482,"urcadox","faudrait que ça reste exceptionnel quoi"
1,1371476468691,"_kud","caenjs fait payer alors on demandera peut être des comptes à francehs"
1,1371476471580,"_kud","francejs*"
1,1371476472837,"_kud","tu vois ?"
1,1371476477060,"_kud","(francehs, haha)"
1,1371476481838,"urcadox","tant qu'il y a des meetups \"simples\" en soirée, gratuits, je trouve pas ça gênant"
1,1371476515454,"_kud","Si tu veux, si c'est un full \"caenjs\" ca me dérange pas, mais si c'est un caenjs endorsé francejs, faut en discuter quoi, je ne suis pas du tout contre le fait que ca soit payant"
1,1371476525877,"urcadox","bah c'est pas directement lié à francejs justement, faudrait juste préciser un peu la situation sur le site"
1,1371476532011,"_kud","oui"
1,1371476534232,"_kud","je pense aussi"
1,1371476709131,"_kud","T'en penses quoi nfroidure ?"
1,1371476832066,"nfroidure","je lis"
2,1371476867712,"Amatewasu","Amatewasu join the chan."
1,1371476899736,"nfroidure","sur quel site ? FranceJS ou CaenJS ?"
1,1371476913428,"nfroidure","Sur le fait de payer, je suis pas contre, tout dépend de pourquoi."
1,1371476943089,"nfroidure","Si c'est pour bien accueillir, genre avoir de la bière fraîche, je suis pour."
1,1371476946223,"_kud","nfroidure: en fait, caenjs fait son premier meetup et le fait payer"
1,1371476954835,"_kud","et tu as deux formules"
1,1371476960011,"_kud","un avec repas et un sans repas"
1,1371476974478,"_kud","sachant que ce meetup dure toute la journée"
1,1371477003975,"nfroidure","Pour moi la question est surtout de savoir si c'est dissuasif ou non."
1,1371477010090,"_kud","http://www.caenjs.org/post/53017909171/le-programme-des-conferences / http://www.caenjs.org/billetterie"
1,1371477032169,"_kud","Pour ma part, la question c'est surtout qu'est-ce que pense FranceJS de ça, sachant qu'évidemment ils sont autonomes"
1,1371477045111,"_kud","mais qu'il ne faudrait pas que francejs endorse ça"
1,1371477072685,"_kud","faudrait pas que nantesjs se ramene en disant \"wow, comment ca se fait que caenjs fait payer ses entrées\""
1,1371477074311,"_kud","tu vois ?"
1,1371477084739,"_kud","Apres, le principe de faire payer en tant que tel, ca ne me dérange pas du tout"
1,1371477426304,"nfroidure","Les groupes locaux font ce qu'ils veulent je pense."
32,1371477459072,"Amatewasu","Amatewasu leave the IRC (Remote host closed the connection)."
1,1371477478743,"nfroidure","Après, j'espère qu'ils sont cleans niveau juridique etc..."
2,1371477482293,"Amatewasu","Amatewasu join the chan."
1,1371477494486,"nfroidure","Je sais pas si on a le droit de faire payer un event si y'a pas d'asso de montée"
1,1371477540970,"nfroidure","Maintenant ça serait peut-être intéressant d'utiliser FranceJS pour blinder juridiquement ce type d'initiative."
1,1371477547344,"nfroidure","_kud, tu en as parlé avec eux ?"
1,1371477671864,"nfroidure","Par contre, leur programme est alléchant"
1,1371477692367,"nfroidure","J'irai bien faire un tour :)"
1,1371477743666,"nfroidure","Les chtis, chaud pour un covoiturage ? angezane1ti"
1,1371477750279,"_kud","Pas encore nfroidure"
1,1371477758581,"_kud","15:48 nfroidure ➤ Je sais pas si on a le droit de faire payer un event si y'a pas d'asso de montée"
1,1371477763317,"_kud","c'est ca qui m'ennuie"
1,1371477795871,"nfroidure","Clairement, si y'a pas d'asso, il faut leur faire remonter"
1,1371477835471,"nfroidure","Quitte a créer une asso CaenJS ou à précipiter la cré de FranceJS si ça les saoule d'enc réer une"
1,1371477843177,"nfroidure","*créaton"
1,1371477854762,"_kud","oui"
1,1371477894055,"nfroidure","Tu connais les orgas ?"
1,1371477938079,"_kud","Je connais juste leur pseudo twitter"
1,1371478162963,"nfroidure","Tu peux me les filer si l'un d'eux me follow, je leur envoi un mp pour demander."
1,1371478257597,"nfroidure","Ca doit être sur le site"
1,1371478272894,"_kud","@wleloutre et @sylzys"
2,1371478342629,"kewah","kewah join the chan."
32,1371478426551,"fbentz","fbentz leave the IRC (Quit: fbentz)."
1,1371478453405,"nfroidure","Aucun me follow, ni FranceJS apparemment :/"
1,1371478456952,"_kud","lol"
2,1371478465707,"fbentz","fbentz join the chan."
1,1371478482573,"HammHetfield","haha"
256,1371478543532,"angezane1ti","angezane1ti changed his nick for angezanetti."
1,1371478556156,"angezanetti","nfroidure: je regarde le prog"
1,1371478565635,"urcadox","\"caenjs@gmail.com\""
1,1371478671841,"nfroidure","thx urcadox"
1,1371478779841,"nfroidure","Je vais demander aussi si ils font des réducs pour FranceJS :D"
1,1371479168048,"nfroidure","angezanetti, alors comme ça t'es pas dans les membres ChtiJS ? http://francejs.org/groupes.html#nord-js"
1,1371479172707,"nfroidure","WTF ! :)"
1,1371479452027,"nfroidure","Bon, le mail est parti"
1,1371479481948,"nfroidure","_kud, ParisJS a lancé sa prochaine édition, je RT avec FranceJS ?"
1,1371479490109,"_kud","oui"
1,1371479492501,"_kud","j'y vais d'ailleurs"
1,1371479626141,"nfroidure","Dommage que ça soit en semaine"
32,1371480968937,"fbentz","fbentz leave the IRC (Quit: fbentz)."
2,1371482583945,"kud","kud join the chan."
32,1371482608367,"bobot","bobot leave the IRC (Ping timeout: 252 seconds)."
32,1371482734104,"_kud","_kud leave the IRC (Ping timeout: 245 seconds)."
32,1371483680786,"rhannequin","rhannequin leave the IRC (Ping timeout: 252 seconds)."
2,1371484607405,"_mlb_","_mlb_ join the chan."
32,1371484620123,"_mlb","_mlb leave the IRC (Read error: Connection reset by peer)."
2,1371484649688,"_mlb","_mlb join the chan."
32,1371484890385,"_mlb_","_mlb_ leave the IRC (Ping timeout: 256 seconds)."
2,1371485656862,"fbentz","fbentz join the chan."
32,1371485957449,"kewah","kewah leave the IRC (Quit: kewah)."
32,1371485979695,"HammHetfield","HammHetfield leave the IRC (Quit: HammHetfield)."
32,1371486050553,"stephCoue","stephCoue leave the IRC (Remote host closed the connection)."
2,1371486110143,"kewah","kewah join the chan."
32,1371486397128,"kewah","kewah leave the IRC (Ping timeout: 268 seconds)."
32,1371486424139,"felixgilles","felixgilles leave the IRC (Quit: Konversation terminated!)."
32,1371487800842,"fbentz","fbentz leave the IRC (Quit: fbentz)."
2,1371488018931,"fbentz","fbentz join the chan."
32,1371488885834,"_mlb","_mlb leave the IRC (Ping timeout: 256 seconds)."
32,1371488972681,"fbentz","fbentz leave the IRC (Quit: fbentz)."
2,1371490714581,"_mlb","_mlb join the chan."
32,1371493755292,"MoOx","MoOx leave the IRC (Remote host closed the connection)."
2,1371496057380,"rhannequin","rhannequin join the chan."
2,1371497250276,"kewah","kewah join the chan."
32,1371497599591,"kewah","kewah leave the IRC (Quit: kewah)."
32,1371502072834,"Amatewasu","Amatewasu leave the IRC (Remote host closed the connection)."
32,1371504351192,"rhannequin","rhannequin leave the IRC (Remote host closed the connection)."
2,1371505747731,"MoOx","MoOx join the chan."
32,1371505780912,"showtim34","showtim34 leave the IRC (Remote host closed the connection)."
32,1371505846272,"MoOx","MoOx leave the IRC (Remote host closed the connection)."
2,1371506018841,"MoOx","MoOx join the chan."
32,1371506392099,"MoOx","MoOx leave the IRC (Remote host closed the connection)."
