2,1378939545499,"kud","kud join the chan."
2,1378941719277,"_mlb","_mlb join the chan."
32,1378941995309,"_mlb","_mlb leave the IRC (Ping timeout: 264 seconds)."
32,1378942444265,"kud","kud leave the IRC (Quit: Leaving)."
2,1378946516296,"Munto","Munto join the chan."
2,1378948653800,"_mlb","_mlb join the chan."
32,1378948898788,"_mlb","_mlb leave the IRC (Ping timeout: 245 seconds)."
2,1378952280961,"_mlb","_mlb join the chan."
32,1378952523922,"_mlb","_mlb leave the IRC (Ping timeout: 245 seconds)."
2,1378961269334,"MoOx","MoOx join the chan."
2,1378963347023,"_mlb","_mlb join the chan."
32,1378963702952,"_mlb","_mlb leave the IRC (Ping timeout: 268 seconds)."
32,1378964131366,"Munto","Munto leave the IRC (Quit: Let's make things Frugal!)."
2,1378968320263,"HammHetfield","HammHetfield join the chan."
2,1378968784429,"_mlb","_mlb join the chan."
1,1378968907225,"fbentz","Salut :)"
2,1378969075550,"Grirrle","Grirrle join the chan."
2,1378969487167,"stephCoue","stephCoue join the chan."
2,1378970225627,"revolunet","revolunet join the chan."
2,1378971572209,"Nyalab","Nyalab join the chan."
1,1378972670677,"nfroidure","angezanetti, le programme est sur le Doodle. J'ai retenu toutes les propales. J'en ai déjà une autre pour la prochaine édition."
1,1378972689134,"nfroidure","http://doodle.com/rhan5tvkszzex4nc"
2,1378972758391,"nfroidure_","nfroidure_ join the chan."
1,1378972772357,"angezanetti","cool ce prog !"
1,1378972790576,"angezanetti","Bon c'est Daishi qui vous accueillera, moi je suis pas sur d'être là"
1,1378972804096,"nfroidure_","oki, nickel."
1,1378972828341,"nfroidure_","Qu'est-ce qu'on fait de la cotis de la dernière séance ? Je reprends un pack ?"
1,1378972893811,"angezanetti","ba houais"
1,1378972896073,"nfroidure_","Si j'ai bien compris, vous avez de la pression, donc je suggère que ce soit la dernière fois qu'on prendra un pack. Vous pouvez encaisser en individuel ?"
1,1378972911388,"angezanetti","après pour le suivant yaura de la bièere pression normalement"
1,1378972920331,"angezanetti","directement à mutualab"
32,1378972948482,"nfroidure","nfroidure leave the IRC (Ping timeout: 245 seconds)."
1,1378972953892,"nfroidure_","oki, donc on fait comme ça, dernier pack."
256,1378972960823,"nfroidure_","nfroidure_ changed his nick for nfroidure."
1,1378973059080,"angezanetti","ouep"
1,1378973071307,"angezanetti","ya du club maté par contre :)"
1,1378973090032,"nfroidure","c'est qsuoi ?"
32,1378973156114,"_mlb","_mlb leave the IRC (Remote host closed the connection)."
1,1378973175116,"angezanetti","un soda au maté, la boisson des hackers :)"
2,1378973663202,"daios","daios join the chan."
32,1378975336240,"bigx","bigx leave the IRC (Read error: Connection reset by peer)."
2,1378975405910,"_mlb","_mlb join the chan."
2,1378975473517,"brice","brice join the chan."
2,1378976218080,"oncletom","oncletom join the chan."
32,1378976735831,"Tobu","Tobu leave the IRC (Remote host closed the connection)."
2,1378976821427,"Tobu","Tobu join the chan."
1,1378977516185,"angezanetti","nfroidure: c'est daios qui va gérer le prochain chtiJs :)"
2,1378977785872,"bigx","bigx join the chan."
1,1378979274320,"nfroidure","Hello, daios :)"
1,1378980041174,"HammHetfield","https://twitter.com/addyosmani/status/377937891353059328"
1,1378980043375,"bobot","@addyosmani: Trim down your Grunt build times with grunt-newer. Runs tasks on only source files that changed since last run: https://github.com/tschaub/grunt-newer …"
1,1378980056754,"HammHetfield","j'utilise pas grunt mais ça va sûrement servir à quelqu'un par ici :)"
32,1378981173558,"Tobu","Tobu leave the IRC (Ping timeout: 245 seconds)."
2,1378981277610,"Tobu","Tobu join the chan."
32,1378982264405,"_mlb","_mlb leave the IRC (Remote host closed the connection)."
32,1378982417608,"Shahor","Shahor leave the IRC (Remote host closed the connection)."
32,1378982613239,"stephCoue","stephCoue leave the IRC (Remote host closed the connection)."
1,1378983760146,"_kud","Je comprends pas à quoi ta tache HammHetfield"
1,1378983778643,"_kud","Oh"
1,1378983788765,"_kud","ca pourrait permet d'eviter de compiler quand rien n'a été modifié"
1,1378983793696,"_kud","hmm"
1,1378983807575,"_kud","mais ca sert a rien a partir du moment que tu watch correctement"
2,1378984697809,"Shahor","Shahor join the chan."
32,1378985360218,"Shahor","Shahor leave the IRC (Remote host closed the connection)."
32,1378985410193,"mab1","mab1 leave the IRC (Read error: Connection reset by peer)."
2,1378985441903,"mab","mab join the chan."
2,1378986313699,"lionelB","lionelB join the chan."
32,1378986915093,"oncletom","oncletom leave the IRC (Quit: Leaving.)."
2,1378987633939,"_mlb","_mlb join the chan."
2,1378987713507,"oncletom","oncletom join the chan."
2,1378988038918,"rhannequin","rhannequin join the chan."
32,1378988616746,"oncletom","oncletom leave the IRC (Quit: Leaving.)."
2,1378989085800,"Shahor","Shahor join the chan."
2,1378991627647,"oncletom","oncletom join the chan."
1,1378992905613,"daios","nfroidure: salut"
32,1378995583387,"_kud","_kud leave the IRC (Read error: Connection reset by peer)."
2,1378995618206,"_kud","_kud join the chan."
1,1378995822543,"nfroidure","daios, tu as une heure préférée pour le début de ChtiJS ?"
1,1378996367242,"daios","nfroidure: pas avant 18h30 j'ai envie de dire"
1,1378996376251,"daios","ça devrait le faire non ?"
1,1378996386455,"nfroidure","Largos"
1,1378996393079,"daios","cool"
1,1378996401614,"nfroidure","On dit 19h ?"
1,1378996420877,"daios","19h c parfait"
1,1378996426590,"nfroidure","oki, je fais l'annoncde"
1,1378996431891,"nfroidure","-d"
1,1378996462806,"daios","il faut que j'y aille"
1,1378996470445,"daios","on en reparle ici ?"
32,1378996485693,"daios","daios leave the IRC (Quit: Lost terminal)."
2,1378997845596,"Shahor_","Shahor_ join the chan."
32,1378997924115,"Shahor","Shahor leave the IRC (Ping timeout: 245 seconds)."
32,1378998817375,"rhannequin","rhannequin leave the IRC (Ping timeout: 268 seconds)."
32,1378999885722,"oncletom","oncletom leave the IRC (Quit: Leaving.)."
32,1379001108804,"bobot","bobot leave the IRC (Remote host closed the connection)."
2,1379001153317,"bobot","bobot join the chan."
32,1379001187593,"bobot","bobot leave the IRC (Remote host closed the connection)."
2,1379001280664,"bobot","bobot join the chan."
32,1379001675738,"revolunet","revolunet leave the IRC (Ping timeout: 245 seconds)."
32,1379002362657,"fbentz","fbentz leave the IRC (Quit: fbentz)."
32,1379003019863,"HammHetfield","HammHetfield leave the IRC (Quit: HammHetfield)."
32,1379003353000,"Grirrle","Grirrle leave the IRC (Quit: Leaving.)."
32,1379003696101,"Nyalab","Nyalab leave the IRC (Remote host closed the connection)."
32,1379003914773,"brice","brice leave the IRC (Quit: Quitte)."
2,1379005038816,"Amatewasu","Amatewasu join the chan."
32,1379005117615,"_mlb","_mlb leave the IRC (Remote host closed the connection)."
1,1379005662350,"pntbr","hi'"
1,1379005688280,"pntbr","on se fait une espèce de /dev/fort dans les Pyrénées début octobre. Si ça chauffe du monde > http://devopensud.fr"
2,1379006176049,"_mlb","_mlb join the chan."
32,1379006853695,"Shahor_","Shahor_ leave the IRC (Remote host closed the connection)."
2,1379010415986,"fbentz","fbentz join the chan."
32,1379013171022,"fbentz","fbentz leave the IRC (Read error: No route to host)."
2,1379014533172,"fbentz","fbentz join the chan."
32,1379014936699,"Amatewasu","Amatewasu leave the IRC (Quit: WeeChat 0.4.2-rc1)."
32,1379014942800,"fbentz","fbentz leave the IRC (Quit: fbentz)."
2,1379015355389,"kud","kud join the chan."
2,1379015682063,"vdu","vdu join the chan."
32,1379016099976,"vdu","vdu leave the IRC (Ping timeout: 245 seconds)."
2,1379017576976,"revolunet","revolunet join the chan."
32,1379022329871,"angezanetti","angezanetti leave the IRC (Ping timeout: 260 seconds)."
32,1379022915803,"revolunet","revolunet leave the IRC (Quit: revolunet)."
