32,1364080235752,"peutetre","peutetre leave the IRC (Quit: peutetre)."
2,1364080961344,"peutetre","peutetre join the chan."
32,1364082117567,"peutetre","peutetre leave the IRC (Quit: peutetre)."
2,1364083395283,"peutetre","peutetre join the chan."
32,1364085395326,"peutetre","peutetre leave the IRC (Quit: peutetre)."
2,1364088215771,"rhannequin","rhannequin join the chan."
32,1364089407338,"rhannequin","rhannequin leave the IRC (Quit: Quitte)."
2,1364112960646,"mab","mab join the chan."
256,1364113016702,"mab","mab changed his nick for mab-."
2,1364115207825,"peutetre","peutetre join the chan."
32,1364121055110,"peutetre","peutetre leave the IRC (Quit: peutetre)."
2,1364122408796,"peutetre","peutetre join the chan."
2,1364123064013,"coppa1","coppa1 join the chan."
32,1364123901558,"peutetre","peutetre leave the IRC (Quit: peutetre)."
1,1364124599960,"nfroidure","hello"
32,1364130817815,"vvo","vvo leave the IRC (Disconnected by services)."
2,1364130876661,"vvo","vvo join the chan."
2,1364134677163,"rhannequin","rhannequin join the chan."
2,1364143050610,"peutetre","peutetre join the chan."
32,1364144007173,"coppa1","coppa1 leave the IRC (Quit: Leaving.)."
