2,1367282434683,"revolunet","revolunet join the chan."
32,1367286293072,"stephCoue","stephCoue leave the IRC (Remote host closed the connection)."
32,1367286860735,"revolunet","revolunet leave the IRC (Quit: revolunet)."
2,1367290519776,"stephCoue","stephCoue join the chan."
32,1367290946074,"stephCoue","stephCoue leave the IRC (Ping timeout: 246 seconds)."
2,1367298148836,"MoOx","MoOx join the chan."
2,1367302910460,"rhannequin","rhannequin join the chan."
2,1367304989729,"cbonnissent","cbonnissent join the chan."
2,1367306083930,"HammHetfield","HammHetfield join the chan."
2,1367306109933,"Courgette","Courgette join the chan."
1,1367307514729,"_kud","Que pensez-vous de sweet js ? http://sweetjs.org/"
2,1367307978282,"medk","medk join the chan."
2,1367308047204,"naholyr","naholyr join the chan."
2,1367308384218,"revolunet","revolunet join the chan."
1,1367308993510,"nfroidure","Qu'est-ce qu'ils ont tous à vouloir remplacer JavaScript par autre chose."
1,1367309013361,"_kud","Je sais pas"
1,1367309028610,"_kud","sinon, n'hésitez pas à me filer des liens utiles en js"
1,1367309033825,"_kud","pour que je les tweet"
2,1367309327048,"DirtyF","DirtyF join the chan."
2,1367309657054,"florianpnn","florianpnn join the chan."
1,1367309869239,"_kud","DirtyF: à sudweb, y'a moyen de toucher deux mots de francejs ?"
1,1367309881303,"DirtyF","mais bien sur"
1,1367309882979,"_kud","Quelqu'un y va d'ailleurs à sudweb ? poke MoOx"
1,1367309885208,"DirtyF","c'est fait pour"
1,1367309888507,"_kud","yes, cool ! :)"
1,1367309893219,"DirtyF","ben y'a moi déjà, MoOx"
1,1367309898659,"_kud","parfait :)"
1,1367309907679,"_kud","on  peut vous fournir un 'tit texte si vous voulez"
1,1367309913454,"DirtyF","et puis y'aura Nicolas Chambrier"
1,1367309919797,"_kud","^^"
1,1367309942378,"DirtyF","non mais y'aura des ateliers avec Porteneuve, Bruant, Parisot, et plein d'autres JS addicts"
1,1367310009363,"DirtyF","l'année dernière Thomas Bassetto avait demandé s'il pouvait parler de DotJS ;)"
1,1367310051660,"_kud","^^"
1,1367310058087,"_kud","Là, faut juste que je trouve un lecteur"
1,1367310184615,"nfroidure","lo DirtyF"
2,1367310197786,"vvo","vvo join the chan."
1,1367310245497,"MoOx","moi jpeux lire si y'a besoin"
1,1367310290136,"DirtyF","salut nfroidure"
1,1367310315241,"nfroidure","Ca fait plaisir de te voir ici :)"
1,1367310316273,"DirtyF","faut qu'on traduise http://remysharp.com/2013/04/19/i-know-jquery-now-what/ pour pompage"
1,1367310329211,"nfroidure","J'ai lu, qqun l'a fait tourner ici"
1,1367310365819,"nfroidure","Faut que je finisse la mise en page de l'article qui reste sur spip"
1,1367310377111,"nfroidure","Après ça, pourquoi pas."
1,1367310402800,"nfroidure","J'ai du mal à me mettre à Trello, il n'y a pas de rappel mail et j'ai pas le reflexe d'y aller."
1,1367310715608,"_kud","Essaie huboard."
2,1367310847791,"zebden","zebden join the chan."
1,1367311273382,"MoOx","huboard est juste un vue des github issues"
1,1367311286019,"MoOx","mais c clair que j'aime pas trello non plus"
1,1367311305732,"MoOx","j'utilise ça depuis quelques temps avec un client"
1,1367311312377,"MoOx","je trouve pas ca pratique"
32,1367311354100,"revolunet","revolunet leave the IRC (Quit: revolunet)."
1,1367311401800,"nfroidure","MoOx, pour être honnête, je n'ai pas trop testé, je me suis inscrit, je suis allé faire un tour."
1,1367311416565,"nfroidure","On utilise ça pour les traductions pompage"
1,1367311430196,"_kud","y'a rien que je trouve pratique en workflow en ce moment"
1,1367311433530,"_kud","c'est horrible"
1,1367311437607,"nfroidure","DirtyF, les votes se font sur Trello maintenant ?"
1,1367311450546,"_kud","pour le moment je fais des tickets dans wunderlist mais bon"
1,1367311525614,"nfroidure","MDR, un contact viadeo et sa page Facebook : \"Permettez moi d'insister d'aimer cette page\""
2,1367312126572,"ogurh","ogurh join the chan."
256,1367312134998,"ogurh","ogurh changed his nick for gorhgorh."
1,1367312155925,"gorhgorh","bien le bonjour a mes co javasctiptiens :)"
1,1367312166289,"_kud","Hello :)"
2,1367312651809,"revolunet","revolunet join the chan."
1,1367312682801,"gorhgorh","tien jsbin est down pour vous aussi ici ?"
1,1367312743490,"florianpnn","gorhgorh: error503 pour mo"
1,1367312774216,"gorhgorh","ok, ici aussi maintenant, mais quand j'ai demandé c'etais juste pagez blanche"
1,1367312784495,"gorhgorh","tjrs quand tu fais une demo d'un truc que ca plante hé hé"
32,1367313201290,"revolunet","revolunet leave the IRC (Quit: revolunet)."
1,1367313328000,"florianpnn","Je n'accepterais plus jamais un poste ou on me dis qu'il faut faire du code autre que du HTML, CSS et jQuery."
2,1367313639869,"kewah","kewah join the chan."
32,1367314495992,"medk","medk leave the IRC (Remote host closed the connection)."
2,1367314916008,"lionelB","lionelB join the chan."
2,1367315223937,"showtim34","showtim34 join the chan."
32,1367316075681,"rhannequin","rhannequin leave the IRC (Quit: Page closed)."
2,1367316447839,"revolunet","revolunet join the chan."
2,1367316878118,"Amatewasu","Amatewasu join the chan."
32,1367317158092,"Amatewasu","Amatewasu leave the IRC (Ping timeout: 248 seconds)."
32,1367317257700,"Nyalab","Nyalab leave the IRC (Remote host closed the connection)."
2,1367317300408,"Nyalab","Nyalab join the chan."
2,1367317330740,"Amatewasu","Amatewasu join the chan."
2,1367318993985,"HammHetfield_","HammHetfield_ join the chan."
32,1367319070998,"HammHetfield","HammHetfield leave the IRC (Ping timeout: 256 seconds)."
256,1367319072200,"HammHetfield_","HammHetfield_ changed his nick for HammHetfield."
32,1367319429954,"vvo","vvo leave the IRC (Ping timeout: 245 seconds)."
1,1367320189240,"gorhgorh","petite question de perf, a votre avis dans une navigation dynamiquement générée, est il plus malin de binder/unbinder les action js au click, selon qu'elle soient actives ou non, ou bien laisser les bind et tester une condition ? (ie if (ACTIVE) { /* du code */}"
32,1367320575514,"DirtyF","DirtyF leave the IRC (Remote host closed the connection)."
1,1367320776005,"nfroidure","gorhgorh, si par binder, tu parles d'attacher des écouteurs d'évènements, je dirai que le mieux est la seconde solution si tu prends soin d'attacher tes évènements proprement"
1,1367320815760,"gorhgorh","merci, et c'etais bien ca, et je suis bien de ton avis, mais c'etais une bonne question a poser a des collegues :)"
1,1367320864207,"nfroidure","Personellement, dans mes apps, je pousse le vice jusqu'à créer un écouteur d'évènement par type d'évènement"
1,1367320888404,"nfroidure","Et après je route juste les évènements vers la fonction de destination."
1,1367320909273,"gorhgorh","mhhh, bonne approche en effet"
1,1367320981848,"gorhgorh","ebn voila j'avais bien fait de la poser ma question hé hé"
1,1367320983868,"nfroidure","Pour les clics, par exemple, je fais un lien <a href=\"#maFonction:arg1:arg2:arg3\">Bouton</a>"
1,1367321016877,"nfroidure","Pour les forms <form action=\"#maFonction:arg1:arg2:arg3\">"
1,1367321038583,"nfroidure","Et ma fonction est de la forme : maFonction(event, params)"
1,1367321098878,"nfroidure","Bonus, la fonction qui traite le routage : https://github.com/nfroidure/Rest4/blob/master/public/javascript/WebApplication.js#L522"
1,1367321115966,"gorhgorh","bien le merci, je vais lire tout ca de suite :)"
1,1367321134284,"gorhgorh","ha ha bien le #522 pour le numero de ligne =)"
1,1367321157836,"nfroidure","GitHub powaa :)"
2,1367321252887,"vvo","vvo join the chan."
1,1367321269098,"gorhgorh","ben merci en tout cas, je refactorais un bouzin bien compliqué, et cette methode m'a bien l'air de pouvoir simplifier le truc"
1,1367321323647,"nfroidure","L'avantage, c'est que tu as pas à gérer le fait d'attacher des évènements ce qui est chiant au possible"
1,1367321343980,"nfroidure","D'une manière générale, je préfère les conventions que de recoder tout à chaque fois"
32,1367321349659,"zebden","zebden leave the IRC (Ping timeout: 245 seconds)."
2,1367322536044,"DirtyF","DirtyF join the chan."
32,1367323174953,"vvo","vvo leave the IRC (Quit: Leaving.)."
2,1367323232975,"vvo","vvo join the chan."
32,1367324404969,"vvo","vvo leave the IRC (Ping timeout: 245 seconds)."
2,1367324668071,"Lionel_B","Lionel_B join the chan."
32,1367324845517,"bbbot","bbbot leave the IRC (Remote host closed the connection)."
2,1367325104875,"bbbot","bbbot join the chan."
32,1367325315570,"bbbot","bbbot leave the IRC (Remote host closed the connection)."
2,1367325328398,"bbbot","bbbot join the chan."
32,1367325331707,"bbbot","bbbot leave the IRC (Remote host closed the connection)."
2,1367325366821,"bbbot","bbbot join the chan."
32,1367325372358,"bbbot","bbbot leave the IRC (Remote host closed the connection)."
2,1367325386957,"bbbot","bbbot join the chan."
32,1367325390104,"bbbot","bbbot leave the IRC (Remote host closed the connection)."
2,1367325418757,"bbbot","bbbot join the chan."
4,1367325460368,"Lionel_B","Lionel_B leave the chan."
32,1367325489715,"bbbot","bbbot leave the IRC (Remote host closed the connection)."
2,1367325502995,"bbbot","bbbot join the chan."
32,1367325740994,"bbbot","bbbot leave the IRC (Remote host closed the connection)."
2,1367325756655,"bbbot","bbbot join the chan."
32,1367325857056,"bbbot","bbbot leave the IRC (Remote host closed the connection)."
2,1367325871056,"bbbot","bbbot join the chan."
32,1367325873240,"bbbot","bbbot leave the IRC (Remote host closed the connection)."
2,1367326051931,"bbbot","bbbot join the chan."
1,1367326159167,"cbonnissent","sympa ta méthode nfroidure et le concept associé est pas mal aussi"
1,1367326199057,"nfroidure","À vrai dire, je me demande si je vais pas écrire un petit billet là dessus"
1,1367326211876,"nfroidure","Le seul truc qui me gène, c'est que les URL veulent plus rien dire"
1,1367326266394,"nfroidure","L'idéal serait de trouver un truc pour qu'elles conservent un sens, un logique qui pourrait être injectée dans l'historique du navigateur."
1,1367326316383,"cbonnissent","je crois que j'avais vu un article sur backbone qui proposait de faire un truc genre"
32,1367326335732,"bbbot","bbbot leave the IRC (Remote host closed the connection)."
4,1367326341048,"gorhgorh","gorhgorh leave the chan."
2,1367326351758,"bbbot","bbbot join the chan."
32,1367326544539,"bbbot","bbbot leave the IRC (Remote host closed the connection)."
2,1367326556056,"bbbot","bbbot join the chan."
32,1367326561233,"bbbot","bbbot leave the IRC (Remote host closed the connection)."
2,1367326592288,"bbbot","bbbot join the chan."
32,1367326596839,"bbbot","bbbot leave the IRC (Remote host closed the connection)."
2,1367326636085,"bbbot","bbbot join the chan."
1,1367326653766,"nfroidure"," /kick bbbot"
1,1367326659727,"nfroidure",":)"
1,1367326662284,"_kud","chut"
1,1367326662821,"_kud",":p"
1,1367326666142,"_kud","j'le debuggue"
32,1367326697617,"bbbot","bbbot leave the IRC (Remote host closed the connection)."
2,1367326711016,"bbbot","bbbot join the chan."
32,1367326714906,"bbbot","bbbot leave the IRC (Remote host closed the connection)."
2,1367326787210,"bbbot","bbbot join the chan."
32,1367326788646,"bbbot","bbbot leave the IRC (Remote host closed the connection)."
2,1367326813440,"bbbot","bbbot join the chan."
32,1367326846090,"bbbot","bbbot leave the IRC (Remote host closed the connection)."
2,1367326858959,"bbbot","bbbot join the chan."
32,1367326913296,"bbbot","bbbot leave the IRC (Remote host closed the connection)."
2,1367326927423,"bbbot","bbbot join the chan."
32,1367326976887,"bbbot","bbbot leave the IRC (Remote host closed the connection)."
2,1367326992012,"bbbot","bbbot join the chan."
32,1367326999662,"bbbot","bbbot leave the IRC (Remote host closed the connection)."
1,1367327168601,"cbonnissent","pour les liens valide aussi front que back : https://hacks.mozilla.org/2013/04/serving-backbone-for-robots-legacy-browsers/ mais c un peu rude il porte son code backbone côté serveur"
2,1367327235125,"vvo","vvo join the chan."
1,1367327279247,"_kud","Quelqu'un sait-il comment appeler une function dont le nom est dynamique"
1,1367327282971,"_kud","en nodejs ?"
1,1367327288479,"_kud","j'ai appelé global[cmd]();"
1,1367327301483,"_kud","il a pas l'air content"
1,1367327327576,"nfroidure","C'est sensé marcher pourtant"
1,1367327393978,"_kud","bon je nomme mon objet"
1,1367327420432,"_kud","ha c'est bon !"
1,1367327420762,"nfroidure","Je viens de tester et ça marche pas."
1,1367327422089,"nfroidure","Fun"
1,1367327439251,"nfroidure","TypeError: Property 'function test() {}' of object #<Object> is not a function"
1,1367327439775,"_kud","si je fais var app = { getElement: function() }"
1,1367327449217,"_kud","et que je fais app[cmd]();"
1,1367327450865,"_kud","ca passe"
1,1367327456458,"_kud","mais sinon j'ai pareil que toi oui"
1,1367327467382,"_kud","ha je sais peut etre pourquoi"
1,1367327486333,"_kud","l'aurait fallu faire global.getElement: function()"
1,1367327489505,"_kud","j'pense"
32,1367327504721,"Nyalab","Nyalab leave the IRC (undefined)."
2,1367327531404,"Nyalab","Nyalab join the chan."
1,1367327538629,"nfroidure","Nope : TypeError: Property 'function () {}' of object #<Object> is not a function"
1,1367327548940,"_kud","chelou"
1,1367327553115,"_kud","bref, mets le dans un objet nommé"
1,1367327553242,"nfroidure","indeed"
1,1367327557091,"_kud","et ca marche"
1,1367327737053,"nfroidure","Apparemment, ça marche comme ça : (global[test]).bind(global)();"
1,1367327756358,"nfroidure",":D"
1,1367327787716,"_kud","oh"
1,1367327788188,"_kud","."
1,1367327818322,"nfroidure","Ca serait intéressant de savoir pkoi :)"
1,1367328044754,"_kud","Une idée de comment passer des parametres dynamiquement ?"
1,1367328052373,"_kud","exemple si je fais cmd param1 param2"
1,1367328055672,"_kud","il passe les deux params"
1,1367328058021,"_kud","si je fais juste cmd"
1,1367328059830,"_kud","il passe rien ,"
32,1367328973058,"HammHetfield","HammHetfield leave the IRC (Ping timeout: 245 seconds)."
2,1367329103795,"HammHetfield","HammHetfield join the chan."
1,1367329314357,"nfroidure","_kud, je comprends pas"
1,1367329341088,"_kud","moi j'ai compris"
1,1367329343875,"_kud",":D"
1,1367329345013,"_kud","https://github.com/kud/ed-209/blob/master/index.js"
1,1367329345849,"_kud","voila"
1,1367329348030,"_kud","refacto"
1,1367329371049,"_kud","client.say(to, app[cmd].apply(app, params));"
1,1367329372507,"_kud",":)"
17,1367329562180,"Marionnette","_kud, tu aurais pu t'occuper de moi au lieu de créer ce bot mal élevé :("
1,1367329575976,"_kud","hahahaha"
1,1367329576804,"_kud",":)"
1,1367329611616,"nfroidure","Prêt pour du larsen ?"
1,1367329623230,"_kud","?"
32,1367329623767,"HammHetfield","HammHetfield leave the IRC (Ping timeout: 245 seconds)."
1,1367329639645,"nfroidure","Ah bbot n'est pas connecté :)"
1,1367329652715,"_kud","si mais pas ici :p"
1,1367329675929,"nfroidure","oui sur ##abilty"
2,1367329695227,"HammHetfield","HammHetfield join the chan."
2,1367329709394,"bobot","bobot join the chan."
1,1367329719407,"nfroidure","N'empêche que c'est bien sympa de créer des bots IRC avec ndoe"
1,1367329728573,"_kud","grave"
17,1367329730736,"Marionnette","bobot"
1,1367329733040,"_kud","j'l'ai fait venir :)"
1,1367329735844,"_kud","bobot: list"
1,1367329736531,"bobot","List: .list .caniuse .img .google .mdn .conj .gh .repo .fakeimg .unicode .svg"
1,1367329754938,"cbonnissent","bobot: img test"
1,1367329755617,"bobot","http://mebe.co/test.jpeg"
1,1367329768101,"cbonnissent","ça marche :D"
1,1367329793572,"_kud","bobot: mdn border-radius"
1,1367329794245,"bobot","https://developer.mozilla.org/en-US/search?q=border-radius&sitesearch=developer.mozilla.org"
17,1367329817677,"Marionnette","bobot list"
1,1367329822447,"_kud","nope"
1,1367329824438,"_kud","tjs le \":\""
17,1367329829613,"Marionnette","bobot: list"
1,1367329830774,"bobot","List: .list .caniuse .img .google .mdn .conj .gh .repo .fakeimg .unicode .svg"
1,1367329848965,"cbonnissent","bobo: unicode"
1,1367329852610,"cbonnissent","bobot: unicode"
1,1367329853282,"bobot","Ha tu veux de l'unicode, bah tiens, gros con : http://copypastecharacter.com"
1,1367329857835,"_kud","="
1,1367329858656,"_kud","=)"
17,1367329859791,"Marionnette","Mouais, vachement moins stylé que moi :) #jesuislaplusbelle"
1,1367329861114,"cbonnissent","il est pas tjrs sympa :D"
1,1367329866791,"_kud","clair"
1,1367329890528,"_kud","bobot: svg <3"
1,1367329890864,"bobot","http://iconmonstr.com/"
1,1367329890954,"cbonnissent","bobot: repo kud/ed-209"
1,1367329891359,"bobot","http://thenounproject.com/"
1,1367329891922,"bobot","http://icomoon.io/app/"
1,1367329892366,"bobot","https://github.com/kud/ed-209"
1,1367329904276,"_kud","hihi il t'a répond aussi"
1,1367329926681,"cbonnissent","on peut l'appeler à plusieurs :D il est pas radin sur les réponses :D"
32,1367329954229,"bobot","bobot leave the IRC (Remote host closed the connection)."
1,1367329958711,"_kud","t'as raison, je rajoute une cmd"
1,1367329961142,"cbonnissent","je connaissais pas mebe.co ça à l'air sympa mais ça marche pas là"
2,1367329969408,"bobot","bobot join the chan."
1,1367329973554,"_kud","bobot: forkme"
1,1367329974172,"bobot","Please, please, please https://github.com/kud/ed-209"
1,1367330022360,"cbonnissent","il a déjà un fork avec une fonctionnalité de plus !"
32,1367330085772,"bobot","bobot leave the IRC (Remote host closed the connection)."
2,1367330099182,"bobot","bobot join the chan."
1,1367330111126,"cbonnissent","bobot: list"
1,1367330111670,"bobot","List: .list .caniuse .img .google .mdn .conj .gh .repo .roll .fakeimg .unicode .svg .forkme"
32,1367330445063,"bobot","bobot leave the IRC (Remote host closed the connection)."
2,1367330461246,"bobot","bobot join the chan."
32,1367330524041,"bobot","bobot leave the IRC (Remote host closed the connection)."
2,1367330540419,"bobot","bobot join the chan."
32,1367330662417,"naholyr","naholyr leave the IRC (Quit: Quitte)."
32,1367330887771,"bobot","bobot leave the IRC (Remote host closed the connection)."
2,1367330901294,"bobot","bobot join the chan."
32,1367331256893,"bobot","bobot leave the IRC (Remote host closed the connection)."
2,1367331271770,"bobot","bobot join the chan."
1,1367331329532,"_kud","Qui veut jouer a la roulette russe ? :p"
32,1367331406977,"bobot","bobot leave the IRC (Remote host closed the connection)."
1,1367331407597,"nfroidure","Marionnette, dice 6"
17,1367331407597,"Marionnette","nfroidure: 3"
1,1367331412792,"nfroidure",":p"
2,1367331420396,"bobot","bobot join the chan."
