32,1370037913245,"_kud","_kud leave the IRC (*.net *.split)."
32,1370037913499,"Grirrle","Grirrle leave the IRC (*.net *.split)."
32,1370037913596,"fuse","fuse leave the IRC (*.net *.split)."
2,1370038864700,"Grirrle","Grirrle join the chan."
2,1370038903297,"fuse","fuse join the chan."
2,1370038923510,"_kud","_kud join the chan."
32,1370039247006,"Amatewasu","Amatewasu leave the IRC (Remote host closed the connection)."
32,1370041676220,"_mlb","_mlb leave the IRC (Read error: Connection reset by peer)."
2,1370041710717,"_mlb","_mlb join the chan."
32,1370043473808,"_kud","_kud leave the IRC (Remote host closed the connection)."
32,1370044948325,"_mlb","_mlb leave the IRC (Remote host closed the connection)."
2,1370045065289,"_mlb","_mlb join the chan."
32,1370045633004,"_mlb","_mlb leave the IRC (Read error: Connection reset by peer)."
2,1370045666236,"_mlb","_mlb join the chan."
32,1370046066687,"_mlb","_mlb leave the IRC (Remote host closed the connection)."
2,1370049704697,"_mlb","_mlb join the chan."
32,1370051070766,"_mlb","_mlb leave the IRC (Remote host closed the connection)."
2,1370051109662,"_mlb","_mlb join the chan."
32,1370051772437,"_mlb","_mlb leave the IRC (Remote host closed the connection)."
2,1370051813279,"_mlb","_mlb join the chan."
32,1370053010866,"_mlb","_mlb leave the IRC (Remote host closed the connection)."
2,1370053049672,"_mlb","_mlb join the chan."
32,1370054659080,"_mlb","_mlb leave the IRC (Remote host closed the connection)."
2,1370055316559,"_mlb","_mlb join the chan."
32,1370056317675,"_mlb","_mlb leave the IRC (Remote host closed the connection)."
2,1370056331006,"Alz_","Alz_ join the chan."
2,1370056357542,"_mlb","_mlb join the chan."
32,1370057019341,"_mlb","_mlb leave the IRC (Remote host closed the connection)."
2,1370057058650,"_mlb","_mlb join the chan."
32,1370057712355,"_mlb","_mlb leave the IRC (Remote host closed the connection)."
2,1370057753763,"_mlb","_mlb join the chan."
32,1370059049924,"_mlb","_mlb leave the IRC (Remote host closed the connection)."
2,1370062993332,"MoOx","MoOx join the chan."
2,1370063981315,"_mlb","_mlb join the chan."
32,1370065292169,"_mlb","_mlb leave the IRC (Remote host closed the connection)."
2,1370065632766,"_mlb","_mlb join the chan."
32,1370066339218,"_mlb","_mlb leave the IRC (Remote host closed the connection)."
2,1370068479862,"_mlb","_mlb join the chan."
32,1370070345017,"_mlb","_mlb leave the IRC (Remote host closed the connection)."
2,1370071285672,"_mlb","_mlb join the chan."
32,1370072004286,"_mlb","_mlb leave the IRC (Remote host closed the connection)."
2,1370072044702,"_mlb","_mlb join the chan."
32,1370072803449,"_mlb","_mlb leave the IRC (Remote host closed the connection)."
2,1370073361491,"_mlb","_mlb join the chan."
32,1370073743816,"Alz_","Alz_ leave the IRC (Ping timeout: 256 seconds)."
2,1370076207551,"Amatewasu","Amatewasu join the chan."
32,1370078394343,"_mlb","_mlb leave the IRC (Read error: Connection reset by peer)."
32,1370078398556,"Amatewasu","Amatewasu leave the IRC (Ping timeout: 252 seconds)."
2,1370078415494,"_mlb","_mlb join the chan."
32,1370079507011,"_mlb","_mlb leave the IRC (Remote host closed the connection)."
2,1370081925547,"Amatewasu","Amatewasu join the chan."
2,1370084328428,"vvo","vvo join the chan."
4,1370084332690,"vvo","vvo leave the chan."
32,1370087343731,"mab","mab leave the IRC (Quit: Leaving.)."
2,1370088866920,"MoOx_","MoOx_ join the chan."
32,1370088993497,"MoOx","MoOx leave the IRC (Ping timeout: 246 seconds)."
2,1370090002114,"stephCoue","stephCoue join the chan."
32,1370090892063,"MoOx_","MoOx_ leave the IRC (Remote host closed the connection)."
2,1370090930975,"MoOx","MoOx join the chan."
32,1370094226491,"stephCoue","stephCoue leave the IRC (Remote host closed the connection)."
2,1370098290075,"stephCoue","stephCoue join the chan."
2,1370100754941,"Alz_","Alz_ join the chan."
256,1370100836208,"Alz_","Alz_ changed his nick for Alezaru."
32,1370101207272,"MoOx","MoOx leave the IRC (Remote host closed the connection)."
2,1370104393686,"_kud","_kud join the chan."
1,1370107118584,"_kud","NiKo`: on est obligé de mettre un view port pour casperjs pour générer un pdf ?"
1,1370107135765,"_kud","Je suis en train de voir quelle taille je dois mettre pour du A4 pour mes factures."
1,1370107146904,"_kud","var height = 1753,"
1,1370107147021,"_kud","    width = 1240;"
1,1370107149136,"_kud","j'ai mis ça en fait"
32,1370114133531,"_kud","_kud leave the IRC (Remote host closed the connection)."
