2,1365927307133,"angezanetti","angezanetti join the chan."
1,1365931830973,"endou","Je me suis un peu amuse avec Dart hier : https://github.com/pauldub/botte"
2,1365940775316,"eaSy60","eaSy60 join the chan."
32,1365940908308,"euskadi31","euskadi31 leave the IRC (Quit: WeeChat 0.4.0)."
1,1365948404140,"nfroidure","Je trouve la syntaxe de Dart un peu obscure parfois."
1,1365948436786,"nfroidure","T'as broadcasté le salon sur un serveur websocket, j'avais ça en tête également :)"
1,1365950159476,"nfroidure","Après Google qui remet blink sur le devant de la scène, les consoles Javascript colorées :) http://email.geekli.st/wf/click?upn=s2s4XesnIhfmG-2F3y2wgLYxIu-2F4BKWsuYGczLOoQWmvwz8RQ1teL5R7iP4GCx8-2FDN_zAQF6JkG4DaMXmPGRx3NfKLJEUz6DLQdAgxN6sdP8x8Zd26732xMwtX5DqCGVu6DBK9ZLCRBzTFRX1zCUqbWQ8iPmMTIkQK5pFo9prHnbGbxJnWv0OKzZUQQKQLtdjMx1TQNa-2FipZDEQCp6cixHzjOvUdOT9vWIHJxNPwjG9H55C-2FXafF74CmEkK4BwURK-2BHTOfwHU7y4ZTJgG161i91YQ-3D"
1,1365950159722,"nfroidure","-3D"
1,1365950198370,"nfroidure","Fuckind tracking ! https://geekli.st/flyworld/links/17458"
32,1365952108749,"eaSy60","eaSy60 leave the IRC (Quit: Bye!)."
1,1365952158613,"endou","nfroidure: Ouais ca peut etre assez obscure, le langage evolue vite et la doc suit pas toujours"
1,1365952177928,"endou","nfroidure: Mais je trouve ca assez agreable a utiliser, la WebUI c'est une tuerie"
1,1365952868130,"nfroidure","endou, genre le symbole =>, il sert à quoi ? https://github.com/pauldub/botte/blob/master/botte.dart#L135"
1,1365953357820,"endou","nfroidure: Ca c'est genial attend je faite une paste pour faire un exemple"
2,1365953728637,"euskadi31","euskadi31 join the chan."
1,1365953749287,"endou","https://gist.github.com/pauldub/5383113"
1,1365954290598,"nfroidure","Oki, c'est un peu comme l'Array comprehension en JS : https://developer.mozilla.org/en-US/docs/JavaScript/Guide/Predefined_Core_Objects#Array_comprehensions"
1,1365954364507,"nfroidure","Ah non, c'est juste une définition de fonction en ligne"
1,1365954383069,"endou","nfroidure: C'est ce que j'allait dire :)"
1,1365954553945,"nfroidure","euskadi31, pour angular, ça me dit rien, je pense pas qu'on ait des early adopters ici ;)"
1,1365954583045,"nfroidure","Je crois que la spec Harmony prévoit les fonctions en ligne également"
1,1365954608353,"nfroidure","J'avoue que je suis pas super fan pour le moment, je verrais à l'usage"
1,1365954642071,"euskadi31","ok"
1,1365954659987,"euskadi31","pour le moment c'est juste super"
1,1365954681296,"nfroidure","euskadi31, sinon, le retour que j'en ai c'est qu'une fois que tu sort des sentiers battus ça peut dégénérer :)"
1,1365954714169,"nfroidure","Hésites pas à nous faire un retour ou à balancer ton billet qui explique ce que t'en penses ;)"
1,1365954736117,"euskadi31","bah il faut bien connaitre"
1,1365954751884,"nfroidure","Y'a ce site qui a l'air pas mal sur le sujet : http://www.frangular.com/"
1,1365954752724,"euskadi31","perso pour le moment aucun problème"
1,1365954774271,"nfroidure","tu matches I8<=8 ?"
1,1365954779909,"euskadi31","j'ai fait la gestion de l'oauth2"
1,1365954783013,"nfroidure","*IE<=8"
1,1365954790091,"euskadi31","IE9"
1,1365954804170,"euskadi31",">=IE9"
1,1365954822741,"nfroidure","Ok. Je pense qu'on va tous y arriver :)"
1,1365954835449,"nfroidure","Tu utilises un service tiers ?"
1,1365954840446,"euskadi31","non"
1,1365954867104,"euskadi31","j'ai mon api rest avec oauth2"
1,1365954888479,"euskadi31","j'utilise express pour géré ma route *"
1,1365954897362,"euskadi31","et puis angular"
1,1365954916573,"nfroidure","une question que je me posais, c'est pas chiant de mapper toutes tes requêtes Ajax dans des modèles ?"
1,1365954970885,"euskadi31","non enfin tu a plusieur method"
1,1365954984367,"euskadi31","moi je créer un service par resource"
1,1365955030356,"euskadi31","ça gere les route avec params"
1,1365955042471,"nfroidure","Quand tu parles d'express, c'est le module node pour faire du Rest ?"
1,1365955073211,"euskadi31","oui et non juste pour servire mon index.html"
1,1365955083591,"euskadi31","le rest c'est en php"
1,1365955132030,"nfroidure","oki, je suis aussi encore en PHP sur le back : https://github.com/nfroidure/Rest4"
1,1365955156492,"nfroidure","Mais j'avoue que ça me gratte de plus en plus de passer à node"
1,1365955303501,"euskadi31","j'aime bien node"
1,1365955310797,"euskadi31","et le js"
1,1365955323013,"euskadi31","mais je l'utilise pas pour tous"
1,1365955355469,"euskadi31","il est très facile de faire un truc completement ilisible avec node"
1,1365955388288,"euskadi31","surement du au fait que je suis pas un expert en js"
1,1365955396395,"euskadi31","idem pour angularjs"
1,1365955406080,"euskadi31","c'est super pour une webapp"
1,1365955425905,"nfroidure","En général, je me méfie de la magie ;)"
1,1365955440129,"euskadi31","mais utilise du js backbone, angularjs, etc.. sur des site de contenu c'est juste wtf..."
1,1365955447038,"nfroidure","C'est pour ça que les coding dojo, ça me plaît bien, ça permet d'expériementer avant d'utiliser professionnellement"
1,1365955463682,"euskadi31","yep"
1,1365955486429,"euskadi31","bah la je dev une webapp pour du b2b"
1,1365955488203,"nfroidure","100% d'accord, du dev frontend pour du contenu c'est overkill"
1,1365955501752,"euskadi31","donc je peux limité a IE9"
1,1365955549800,"nfroidure","Je sort d'un projet d'app de GMAO pour une PME ;)"
1,1365955556179,"euskadi31","j'avoue que la magie d'angular fait peur..."
1,1365955567328,"nfroidure","Je me suis pas cassé la nénette, c'est IE10+ :)"
1,1365955573047,"euskadi31","mais coté perf pour le moment c'est cool"
1,1365955582893,"euskadi31",":)"
1,1365955592603,"nfroidure","D'ailleurs, quand IE10 existait pas, c'était noIE"
1,1365955597982,"euskadi31","j'avoue que j'aimerais aussi le faire lol"
1,1365955616185,"nfroidure","En fait, c'est pas dû à JS, mais à CSS"
1,1365955630069,"nfroidure","J'ai utilisé flexbox pour le layout"
1,1365955635695,"euskadi31","l'avantage du b2b c'est que tu peux les forcé a passé par autre chose"
1,1365955639267,"euskadi31","ok"
1,1365955652898,"nfroidure","C'est clair, ça fait du bien :)"
1,1365955653856,"euskadi31","moi j'utilise cros + formdata, etc.."
1,1365955669942,"nfroidure","cros ?"
1,1365955675907,"euskadi31","xhr2"
1,1365955725668,"nfroidure","Tu veux dire FormData ?"
1,1365955745726,"euskadi31","en fait l'ajax n'est pas cross domaine"
1,1365955760849,"euskadi31","mais il y a xhr2 (Access-Control-Allow-Origin)"
1,1365955780963,"euskadi31","du coup tu peux faire de l'ajax en cross domaine"
1,1365955794020,"nfroidure","Oki, je savais pas que IE9 supportait ça"
1,1365955799732,"euskadi31","est tu passe plus par du JSONP"
1,1365955821415,"euskadi31","non"
1,1365955831080,"euskadi31","mais angularjs gere"
1,1365955846115,"euskadi31","si ça passe pas c'est du jsonp"
1,1365955872042,"nfroidure","Tu as dû modifier ton framework en aval j'imagine ?"
1,1365955877290,"nfroidure","Rest"
1,1365955881441,"euskadi31","et pour FormData il y a un polyfill"
1,1365955884199,"euskadi31","non"
1,1365955901328,"euskadi31","je passe par Silex"
1,1365955905378,"nfroidure","Il overload Object/Array ?"
1,1365955910328,"euskadi31","j'ai codé un provider Rest"
1,1365955919230,"euskadi31","qui gere tous"
1,1365955934537,"euskadi31","?callback=Toto"
1,1365955953238,"euskadi31","ça renvoie un Toto({....});"
1,1365955965725,"euskadi31","?fields=name,email"
1,1365955979280,"euskadi31","renvoie juste les champs name et email et id"
1,1365955990820,"euskadi31","enfin un peux comme l'api FB"
1,1365956078026,"nfroidure","Pour mon fw, j'ai carrément wrapper la base :)"
1,1365956104350,"euskadi31",";)"
1,1365956121482,"euskadi31","j'ai ça plus ou moi aussi"
1,1365956130954,"euskadi31","mais j'ai des cas particulier"
1,1365956140063,"euskadi31","style le storage de fichier"
1,1365956177841,"euskadi31","et je passe par du redis et mysql"
1,1365956212703,"nfroidure","Pour les fichiers, j'ai englobé dans la ressource mais j'ai pas mis dans la base, j'aime pas mettre des fichiers dans une DB"
1,1365956230119,"euskadi31","ah oui moi aussi"
1,1365956240898,"euskadi31","c'est sur un FS distribué"
1,1365956248392,"nfroidure","Après tes export de base prenne trop de temps"
1,1365956267885,"nfroidure","C'est pour une grosse boîte ?"
1,1365956268093,"euskadi31","yep"
1,1365956282966,"euskadi31","oui enfin c'est pour ma boite lol"
1,1365956294373,"nfroidure",":)"
1,1365956339103,"nfroidure","Mon app tient sur un serveur virtualisé, je sais pas ce que ça donnerait pour des milliers d'utilisateurs"
1,1365956371443,"euskadi31","nous on a 6 serveurs"
1,1365956393424,"euskadi31","c'est des petits mais on est scalable"
1,1365956431156,"euskadi31","enfin c'est un gros projet qui doit acepté la charge..."
1,1365956463579,"nfroidure","Combien de connexions simultanées ?"
1,1365956478648,"euskadi31","2500r/s"
1,1365956532605,"nfroidure","oki, c'est pas mal :)"
1,1365956566105,"euskadi31","en fait on est un service b2b, on doit assuré leurs charge"
1,1365956613581,"euskadi31","sur la partir angularjs si on a 50r/s ça sera déja super lol"
1,1365956617187,"nfroidure","C'est à dire ? Vous exposer une API pour des tiers ?"
1,1365956624872,"nfroidure","*z"
1,1365956658735,"euskadi31","oui enfin on propose un service, qui sera utilisé par des gros media"
1,1365956669990,"euskadi31","cette parti est codé en c/c++"
1,1365956683684,"nfroidure","Je crois que c'est le moment où tu dois pitcher ta boîte :)"
1,1365956695166,"euskadi31",":)"
1,1365956715093,"euskadi31","pour le moment le projet n'est pas encore présantable mais ça vas venir"
1,1365956746882,"euskadi31","en tous cas c'est un super projet techniquement"
1,1365956778042,"nfroidure","J'imagine, si vous avez dû vous palucher du C++"
1,1365956795528,"euskadi31","yep"
1,1365956825977,"euskadi31","au bout d'un moment php et cie ne suive plus..."
1,1365956844329,"euskadi31","a moins d'avoir le double de serveur"
1,1365956852713,"euskadi31","mais bon les cout son pas les meme"
1,1365956857009,"nfroidure","Ca dépend pour quoi :)"
1,1365956872153,"euskadi31","oui"
1,1365956882160,"euskadi31","mais pour géré 2500r/s"
1,1365956897776,"euskadi31","tu connais audiofanzine ?"
1,1365956914322,"nfroidure","nope, mais présentes :)"
1,1365956937679,"euskadi31","c'est la boite pour qui je bossé"
1,1365956944463,"euskadi31","gros site de media"
1,1365956959383,"euskadi31","sur tous ce qui est matos de musique"
1,1365956971202,"nfroidure","Je suis dessus là, ca ressemble à doctissimo pour les instruments"
1,1365956976824,"euskadi31","on a plus ou mois 1000r/s"
1,1365956982186,"euskadi31","lol"
1,1365956996479,"euskadi31","ça fait 11 ans qu'il existe"
1,1365957010129,"euskadi31","enfin c'est du php/Zend Framework 1"
1,1365957023369,"euskadi31","et on a 3 gros serveur en front"
1,1365957033159,"euskadi31","et 3 Mysql"
1,1365957043163,"euskadi31","2 Serveur de mail"
1,1365957057401,"euskadi31","et on vois vite les limit de php"
1,1365957074096,"euskadi31","on a 6 millions de posts dans les forums"
1,1365957082002,"nfroidure","Faut faire du stateless"
1,1365957104008,"euskadi31","oué enfin moi j'ai quité Audiofanzine lol"
1,1365957130954,"euskadi31","bon allé je retourne bossé"
1,1365957162345,"nfroidure","bon dimanche :D"
1,1365957172528,"euskadi31","oué merci"
1,1365957852693,"nfroidure","Héhé, en bas du site Wordpress : \"Coder est un art\""
1,1365957873643,"nfroidure","J'ajouter \"Et Wordpress un Picasso\""
