32,1381010871955,"rhannequin","rhannequin leave the IRC (Remote host closed the connection)."
2,1381010875145,"tfe","tfe join the chan."
32,1381018326616,"tfe","tfe leave the IRC (Quit: Lost terminal)."
32,1381029690716,"_mlb","_mlb leave the IRC (Remote host closed the connection)."
2,1381029724276,"_mlb","_mlb join the chan."
32,1381029984280,"_mlb","_mlb leave the IRC (Ping timeout: 245 seconds)."
2,1381031682807,"_mlb","_mlb join the chan."
32,1381032049832,"_mlb","_mlb leave the IRC (Ping timeout: 245 seconds)."
2,1381035598094,"_mlb","_mlb join the chan."
32,1381035998125,"_mlb","_mlb leave the IRC (Ping timeout: 264 seconds)."
32,1381036087060,"MoOx","MoOx leave the IRC (Remote host closed the connection)."
2,1381043095820,"spell9","spell9 join the chan."
2,1381046705664,"tfe","tfe join the chan."
2,1381050637062,"_mlb","_mlb join the chan."
32,1381050963023,"_mlb","_mlb leave the IRC (Ping timeout: 252 seconds)."
2,1381054102781,"MoOx","MoOx join the chan."
32,1381054311791,"MoOx","MoOx leave the IRC (Remote host closed the connection)."
2,1381054474782,"MoOx","MoOx join the chan."
2,1381055298615,"_mlb","_mlb join the chan."
32,1381055763082,"MoOx","MoOx leave the IRC (Remote host closed the connection)."
32,1381058092007,"tfe","tfe leave the IRC (Ping timeout: 260 seconds)."
32,1381058781990,"spell9","spell9 leave the IRC (Quit: Leaving)."
2,1381063149988,"MoOx","MoOx join the chan."
32,1381063571286,"MoOx","MoOx leave the IRC (Remote host closed the connection)."
2,1381064314618,"_kud","_kud join the chan."
1,1381065521443,"nfroidure","Bon dist-upgrade. X Fingers :)"
32,1381065524329,"nfroidure","nfroidure leave the IRC (Quit: Ex-Chat)."
32,1381068444467,"_mlb","_mlb leave the IRC (Read error: Connection reset by peer)."
2,1381068480286,"_mlb","_mlb join the chan."
2,1381070766765,"MoOx","MoOx join the chan."
32,1381070850810,"MoOx","MoOx leave the IRC (Remote host closed the connection)."
32,1381071843663,"_kud","_kud leave the IRC (Read error: Connection reset by peer)."
2,1381071878824,"_kud","_kud join the chan."
2,1381074066013,"_lc_fr_","_lc_fr_ join the chan."
2,1381075595132,"showtim34","showtim34 join the chan."
2,1381082830416,"rhannequin","rhannequin join the chan."
2,1381083456832,"melmoussaoui","melmoussaoui join the chan."
4,1381085849655,"rhannequin","rhannequin leave the chan."
2,1381086109537,"MoOx","MoOx join the chan."
32,1381086312329,"_kud","_kud leave the IRC (Remote host closed the connection)."
2,1381086425911,"_kud","_kud join the chan."
32,1381086886505,"MoOx","MoOx leave the IRC (Remote host closed the connection)."
32,1381089489177,"_lc_fr_","_lc_fr_ leave the IRC (Ping timeout: 246 seconds)."
32,1381090615236,"euskadi31","euskadi31 leave the IRC (Quit: WeeChat 0.4.0)."
32,1381091902026,"showtim34","showtim34 leave the IRC (Ping timeout: 245 seconds)."
32,1381093354906,"_kud","_kud leave the IRC (Remote host closed the connection)."
