18,1367908857088,"Marionnette","Marionnette join the chan."
8,1367908857195,"_kud","_kud change topic to \"Communauté française des utilisateurs de JavaScript | Site : http://francejs.org\""
2,1367908866211,"nfroidure","nfroidure join the chan."
2,1367909428874,"showtim34","showtim34 join the chan."
2,1367909506213,"revolunet","revolunet join the chan."
2,1367910979846,"rhannequin","rhannequin join the chan."
2,1367911113112,"kewah","kewah join the chan."
2,1367911680762,"lionelB","lionelB join the chan."
1,1367911866995,"nfroidure","Marionnette, quote"
17,1367911867851,"Marionnette","What are YOU doing to oppose the Microsoft Juggernaut?"
17,1367911867851,"Marionnette","Source: http://iheartquotes.com/fortune/show/8202"
1,1367911895735,"nfroidure","Amis du jour bonjour !"
1,1367911911444,"lionelB","helllooooo"
1,1367911977707,"Nyalab","lo"
32,1367911998801,"rhannequin","rhannequin leave the IRC (Ping timeout: 245 seconds)."
2,1367912072956,"_kud","_kud join the chan."
2,1367912175802,"rhannequin","rhannequin join the chan."
1,1367912585572,"nfroidure","Finalement, t'as bien fait de me remettre à IRC _kud, on commence à former un petit groupe d'habitués, c'est bien sympa."
1,1367912604540,"_kud","bah ouais"
1,1367912609074,"_kud","surtout que twitter me pompe"
1,1367912615989,"_kud","entre les pubs, les clients foireux, etc"
1,1367912672050,"nfroidure","Clair. Je me disais justement, il y a carrément moyen de faire un twitter mais via le protocole IRC"
1,1367912762816,"_kud","c'est ca :)"
1,1367912767391,"nfroidure","Y'a tout : mp=>mp, chan => hashtag, timeline => un chan spécial, genre #common"
1,1367912824711,"nfroidure","Le tout décentralisé, tu choisis tes networks"
1,1367912859069,"_kud","http://www.change.org/en-GB/petitions/adobe-com-release-adobe-fireworks-to-open-source"
1,1367912869722,"nfroidure","Ou alors, un chan par login : freenode.org#nfroidure pour me follower :)"
2,1367912960562,"cbonnissent","cbonnissent join the chan."
1,1367913397004,"madx`","nfroidure: oui, mais avec des chans comme ça tu perds le fait d'avoir tout au même endoirt"
1,1367913432931,"madx`","c'est la principale différence avec Twitter : tu n'as pas un réseau sous forme de graphe"
2,1367913815850,"NimS","NimS join the chan."
2,1367914385885,"bobot","bobot join the chan."
32,1367915743046,"MoOx","MoOx leave the IRC (Ping timeout: 264 seconds)."
1,1367915976868,"nfroidure","Un bon lien pour connaître toutes les pseudo classes de Webkit : http://trac.webkit.org/browser/trunk/Source/WebCore/css/html.css"
1,1367917667475,"NimS","lors d'un git clone, si je dl à 20ko/s ça vient de ma connexion ou de git?"
1,1367917674351,"NimS","parce que c'est long là quand même... x_x"
1,1367917928143,"lionelB","qui bosses en indépendant ?"
1,1367917975740,"lionelB","Ca se fait de répondre à une offre en indiquant son tarif jour ?"
2,1367918043632,"MoOx","MoOx join the chan."
1,1367918071353,"lionelB","MoOx ?"
1,1367918085914,"MoOx","vi? (chui en tp là ^^)"
1,1367918098928,"MoOx","qcm html/css :D"
1,1367918100213,"lionelB","Ca se fait de répondre à une offre pour du free en indiquant son tarif jour ?"
1,1367918103263,"lionelB","pardon"
1,1367918120114,"MoOx","ben oué ? au moins t'es clair"
1,1367918124694,"MoOx","ca evite des aller retour"
1,1367918132684,"MoOx","si tu le dis pas on te le demandera"
1,1367918136184,"lionelB","Je travaille sur la base d'un tarif journalier de XXX HT"
1,1367918158861,"MoOx","je vois pas le soucis pour ma part"
1,1367918167014,"lionelB","ok merci"
1,1367918170334,"MoOx","mais bon en général je le dis pas dessuite"
1,1367918176523,"MoOx","mais ça dépends du contexte"
1,1367918208198,"lionelB","moi comme je commence je pense pas être très cher du coup ca m'interesse pas de baissé"
1,1367918211883,"lionelB","baisser"
1,1367918259161,"lionelB","mais je comprends selon le projet / client, y'a moyen de modifier un peu le tarif, c'est ca ?"
1,1367918363023,"MoOx","oui"
1,1367918400065,"MoOx","moi je modifie aussi sur la duréé"
1,1367918437156,"lionelB","oui effectivement"
1,1367918472767,"MoOx","genre <2mois, >2<4, >4 mois :)"
1,1367918488187,"lionelB","Je commence à démarcher... c'est pas le plus passionnant :"
1,1367918524637,"lionelB","pourquoi cette dicotomie ?"
32,1367918973833,"rhannequin","rhannequin leave the IRC (Ping timeout: 245 seconds)."
32,1367918973971,"showtim34","showtim34 leave the IRC (Ping timeout: 245 seconds)."
1,1367919168631,"angezanetti","o/"
1,1367919464786,"NimS","quelqu'un à deja eu un probleme pour installer un module via npm pour node? j'ai une erreur npm ERR! code EROFS"
1,1367919464925,"NimS","npm ERR! errno 56"
1,1367919473004,"NimS","pour n'importe quel module :/"
1,1367919485054,"madx`","ROFS"
1,1367919489534,"madx`","Read only file system"
1,1367919493865,"madx`","vérifie les permissions"
1,1367919607225,"lionelB","NimS, quel environnement"
1,1367919622546,"lionelB","win, os x, linux ?"
1,1367919623806,"NimS","sous ubuntu 12.04"
1,1367919632245,"lionelB","ok"
1,1367919653229,"lionelB","plein de gens utilise ubuntu, j'ai l'impression"
1,1367919658106,"NimS","pour les permissions"
1,1367919661985,"NimS","j'ai tenté en sudo"
1,1367919665715,"NimS","mais c'est pareil"
1,1367919671307,"cbonnissent","c sympa ubuntu, c facile à utiliser :D"
1,1367919703010,"cbonnissent","est ce que npm t'a fait un répertoire temporaire dans le user space"
1,1367919708956,"cbonnissent","$HOME/tmp/"
1,1367919732092,"lionelB","ya pas eu un \"scandale\" avec un logiciel espion sur ubuntu, ya pas longtemps ?"
1,1367919732226,"NimS","ouais"
1,1367919763127,"cbonnissent","j'ai déjà eu besoin de le supprimé avant de pourvoir à nouveau installer des choses"
1,1367919770577,"NimS","ok"
1,1367919772947,"cbonnissent","si, mais c sur unity"
1,1367919785127,"cbonnissent","personnellement j'utilise gnome3"
1,1367919787507,"lionelB","je connais pas"
1,1367919795366,"lionelB","c'est des env graphique ?"
1,1367919799256,"cbonnissent","oui"
1,1367919801977,"lionelB","oki"
1,1367919810039,"cbonnissent","tu utilises quoi ?"
1,1367919812292,"NimS","cbonnissent: apres suppression de tmp/ tjrs les erreurs"
1,1367919831286,"lionelB","win mais plus ca va et plus je veux changer vers linux"
1,1367919833280,"cbonnissent","qu'est ce qu'il indique d'autre ."
1,1367919836151,"cbonnissent","?"
1,1367919846947,"lionelB","mais j'ose pas pas sauter le pas :)"
1,1367919856739,"cbonnissent","lionelB : tu utilises git pour windows ? avec quoi ?"
1,1367919896530,"lionelB","hum j'ai installé ca http://msysgit.github.io/"
1,1367919914834,"lionelB","ca ouvre un shell avec le commande git"
1,1367919918128,"cbonnissent","ok"
1,1367919926788,"lionelB","basique mais ca fonctionne"
1,1367919938148,"cbonnissent","et sinon, à tout hasard tu utilises grunt sous wndows ?"
1,1367919957370,"cbonnissent","je me demandais si les modules contrib marche bien"
1,1367919958987,"lionelB","aussi"
1,1367919979330,"lionelB","oui ca va mais c'est aussi lié au dépendance"
1,1367919994390,"cbonnissent","j'ai un système de build en makefile et je cherche à le convertir pour que ça soit multiplateforme"
1,1367920017690,"lionelB","par exemple grunt-jekyll et juste une surcouche de la commande jekyll, donc il faut ruby + jekyll d'installé et accessible en CLI"
1,1367920025398,"cbonnissent","ok"
1,1367920042220,"lionelB","grunt c'est bien si t'as node en pré-requis"
1,1367920050949,"lionelB","sinon ant mais ca pique"
1,1367920066130,"cbonnissent","c du php alors j'ai aussi le choix avec phing"
1,1367920066911,"NimS","la premiere ligne d'erreur c'est ça : npm ERR! Error: EROFS, symlink '../coffee-script/bin/cake'"
1,1367920071319,"NimS","si ça te dit quelquechose..."
1,1367920096042,"cbonnissent","c quoi comme paquet npm ?"
1,1367920117240,"lionelB","coffee-script c'est pas ca le l'err ?"
1,1367920120340,"lionelB",":D"
1,1367920122919,"cbonnissent",":D"
1,1367920146540,"cbonnissent","lionelB : au fait tu utilises encore vagrant ?"
1,1367920149640,"NimS","même j'ai essayé avec markdown"
1,1367920152041,"NimS","pareil"
1,1367920155831,"lionelB","ouep"
1,1367920169511,"lionelB","faut que je m'y replonge d'ailleurs"
1,1367920175592,"cbonnissent","c pratique quand même :D"
1,1367920180740,"lionelB","j'avais des soucis de config"
1,1367920189894,"lionelB","avec node justement"
1,1367920207910,"NimS","et puis pour coffee script, non c'est bon"
1,1367920208721,"NimS","npm http GET https://registry.npmjs.org/coffee-script"
1,1367920208822,"NimS","npm http 304 https://registry.npmjs.org/coffee-script"
1,1367920211012,"lionelB","et un package qui s'installait pas"
1,1367920251192,"lionelB","il faut que j'arrive a packagé ma VM quand elle sera bien configurer comme ca mem plus besoin de la provisionner"
1,1367920261380,"lionelB","et merci ca m'a réconcilier avec vagrant"
1,1367920316942,"lionelB","d'ailleur je me demande si je vais pas tenter un petit atelier de démo sur vagrant à Sudweb"
2,1367920356284,"showtim34","showtim34 join the chan."
1,1367920364764,"cbonnissent","tu as réussi à ne plus provisionner à chaque démarrage ?"
1,1367920424072,"MoOx","lionelB: PARCE QUE, j'ai fais ça une fois, et ça à inciter à faire signer des contract"
1,1367920431281,"MoOx","de plus de 4 mois :)"
1,1367920436083,"MoOx","ce qui est réconfortant"
1,1367920452302,"lionelB","MoOx ok je note ;)"
1,1367920472064,"lionelB","MoOx mais je pense que faut pas être fermé à la négo"
1,1367920510534,"lionelB","et c'est clair qu'un contrat de 4mois... t'assure une bonne partie de l'année si c'est en temps plein"
1,1367920525265,"lionelB","cbonnissent il me semble que tu peux repackagé ta VM"
1,1367920556306,"lionelB","du coup après le script de provision sert juste pour des petits trucs"
1,1367920587694,"cbonnissent","oui, tu peux à partir d'une VM faire une box, c'est ce que j'ai fait perso"
2,1367920641814,"rhannequin","rhannequin join the chan."
1,1367920663163,"NimS","bon bah en parlant de VM"
1,1367920671265,"NimS","me probleme de npm vient de là apparement"
1,1367920672524,"NimS","fuuuu"
1,1367920673263,"lionelB","en fait pour vagrant j'ai besoin d'avoir un env super complexe"
1,1367920688265,"cbonnissent","ah ? c la VM qui pose pb ?"
1,1367920705745,"lionelB","avec node + mongo + redis + haproxy + stunnel"
1,1367920714194,"NimS","ouais"
1,1367920720315,"NimS","d'apres ça https://github.com/niallo/nodejs-testing-workshop/issues/3"
1,1367920729614,"lionelB","du coup le provisionning est un peu long"
1,1367920731705,"NimS","et je suis effectivement sous VM là"
1,1367920764826,"lionelB","ah moi aussi j'ai des soucis d'install de package avec les VM"
32,1367920918256,"showtim34","showtim34 leave the IRC (Ping timeout: 268 seconds)."
2,1367921006017,"showtim34","showtim34 join the chan."
32,1367921405970,"showtim34","showtim34 leave the IRC (Ping timeout: 264 seconds)."
32,1367921698834,"rhannequin","rhannequin leave the IRC (Ping timeout: 245 seconds)."
32,1367922093771,"MoOx","MoOx leave the IRC (Read error: No route to host)."
2,1367922387448,"showtim34","showtim34 join the chan."
32,1367922742082,"showtim34","showtim34 leave the IRC (Ping timeout: 276 seconds)."
2,1367922811652,"showtim34","showtim34 join the chan."
1,1367924112512,"NimS","un systeme de template à conseillez pour express ?"
1,1367924123213,"NimS","er"
32,1367925046789,"showtim34","showtim34 leave the IRC (Ping timeout: 272 seconds)."
2,1367925679964,"rhannequin","rhannequin join the chan."
2,1367925793776,"showtim34","showtim34 join the chan."
2,1367927193636,"vvo","vvo join the chan."
32,1367927402538,"bobot","bobot leave the IRC (Remote host closed the connection)."
1,1367928495860,"_kud","jade, slim, NimS"
1,1367928497933,"_kud","ou handlebars"
1,1367928771229,"lionelB","NimS, jade est par defaut donc si t'as pas de besoin particulier, ca fait le job"
1,1367928809191,"lionelB","handlebar peut être intéressant si jamais t'as besoin de réutiliser des template coté client et serveur"
1,1367928877944,"_kud","euh"
1,1367928888648,"_kud","Je l'utilise même que côté client hein."
1,1367928918483,"lionelB","oui mais la c'est pour express, il a pas parlé de client"
1,1367928924579,"_kud","Oui."
2,1367929261824,"Nyalab_","Nyalab_ join the chan."
32,1367929277835,"_kud","_kud leave the IRC (Read error: Connection reset by peer)."
2,1367929325575,"_kud","_kud join the chan."
32,1367929345783,"Nyalab","Nyalab leave the IRC (Ping timeout: 246 seconds)."
1,1367929556715,"NimS","ok, merci je vais regarder ça! :)"
2,1367929560505,"bobot","bobot join the chan."
1,1367929605442,"lionelB","de rien"
1,1367931440261,"nfroidure","lionelB, peux-tu faire un export SVG du logo franceJS pour le dépôt ?"
1,1367931471482,"nfroidure","Il faudrait tout vectoriser avant comme ça ça sera safe d'un système à l'autre"
1,1367931476551,"lionelB","oui, c'est pressé ?"
1,1367931504503,"lionelB","j'avais fait un premier test mais c'etait pas top"
1,1367931514352,"nfroidure","Pas vraiment, disons que plus tôt ça sera fait, plus vite les gens pourront l'utiliser ;)"
1,1367931532227,"lionelB","les dégradés / ombres etait pas bien exporter"
1,1367931557044,"nfroidure","Au pire, essaies de faire au mieux et j'essaierai de le corriger pour que ça soit équivalent."
1,1367931569581,"lionelB","yep"
1,1367931598261,"lionelB","dans un premier temps je peux te faire une version Flat design ;)"
1,1367931642773,"nfroidure","A mon avis, le mieux est de faire un export via la fonction export en SVG et je le retravaillerai tel quel"
1,1367931677082,"lionelB","bouge pas"
1,1367931715323,"nfroidure","Au pire, pour les dégradés je te demanderai les teintes"
2,1367932102795,"NimS1","NimS1 join the chan."
32,1367932123997,"NimS","NimS leave the IRC (Ping timeout: 245 seconds)."
32,1367934424043,"rhannequin","rhannequin leave the IRC (Ping timeout: 245 seconds)."
32,1367934470664,"cbonnissent","cbonnissent leave the IRC (Ping timeout: 272 seconds)."
2,1367935456150,"cbonnissent","cbonnissent join the chan."
1,1367937292507,"madx`","_kud: nfroidure , ça serait bien de faire référencer le logo ici : https://github.com/voodootikigod/logo.js"
1,1367937506538,"nfroidure","bonne idée"
1,1367938090966,"lionelB","nfroidure, j'ai presque fini"
1,1367938102975,"lionelB","j'ai un soucis avec un blend"
1,1367938933829,"lionelB","nfroidure je finis ca demain, la je dois filer"
1,1367938940789,"lionelB","bye"
4,1367938944278,"lionelB","lionelB leave the chan."
32,1367939469963,"revolunet","revolunet leave the IRC (Quit: revolunet)."
32,1367940531059,"felixgilles","felixgilles leave the IRC (Quit: Konversation terminated!)."
2,1367940819202,"Amatewasu","Amatewasu join the chan."
32,1367941530774,"cbonnissent","cbonnissent leave the IRC (Quit: Quitte)."
32,1367942940711,"_kud","_kud leave the IRC (Remote host closed the connection)."
32,1367942953602,"bobot","bobot leave the IRC (Remote host closed the connection)."
32,1367943008160,"kewah","kewah leave the IRC (Quit: kewah)."
32,1367943366155,"bigx","bigx leave the IRC (Ping timeout: 264 seconds)."
32,1367944728057,"Nyalab_","Nyalab_ leave the IRC (Remote host closed the connection)."
32,1367946064565,"loicfrering","loicfrering leave the IRC (Ping timeout: 256 seconds)."
32,1367946190183,"vvo","vvo leave the IRC (Remote host closed the connection)."
2,1367946199116,"loicfrering","loicfrering join the chan."
2,1367946292455,"_kud","_kud join the chan."
4,1367947123592,"NimS1","NimS1 leave the chan."
2,1367947341662,"bigx","bigx join the chan."
32,1367949631573,"_kud","_kud leave the IRC (Remote host closed the connection)."
32,1367953825990,"bigx","bigx leave the IRC (Ping timeout: 276 seconds)."
32,1367954857232,"showtim34","showtim34 leave the IRC (Quit: Quitte)."
2,1367954867102,"showtim34","showtim34 join the chan."
2,1367956348462,"kewah","kewah join the chan."
2,1367956833230,"bigx","bigx join the chan."
32,1367958749219,"bigx","bigx leave the IRC (Ping timeout: 245 seconds)."
2,1367959307228,"florianpnn","florianpnn join the chan."
32,1367959346517,"florianpnn","florianpnn leave the IRC (Remote host closed the connection)."
2,1367959360634,"florianpnn","florianpnn join the chan."
2,1367959554909,"august1","august1 join the chan."
1,1367959567488,"florianpnn","Vous connaitriez un chan ou ça parle de SASS ?"
32,1367960654987,"showtim34","showtim34 leave the IRC (Quit: Quitte)."
