32,1371077299959,"rhannequin","rhannequin leave the IRC (Remote host closed the connection)."
32,1371080140354,"Alz","Alz leave the IRC (Ping timeout: 264 seconds)."
32,1371080419447,"_mlb","_mlb leave the IRC (Remote host closed the connection)."
2,1371094764363,"MoOx_","MoOx_ join the chan."
32,1371094902075,"MoOx","MoOx leave the IRC (Ping timeout: 255 seconds)."
2,1371104203752,"Alz","Alz join the chan."
2,1371105597804,"HammHetfield","HammHetfield join the chan."
2,1371106524891,"showtim34","showtim34 join the chan."
32,1371106575903,"Alz","Alz leave the IRC (Ping timeout: 252 seconds)."
32,1371106693696,"MoOx_","MoOx_ leave the IRC (Remote host closed the connection)."
2,1371106727339,"MoOx","MoOx join the chan."
32,1371107033303,"MoOx","MoOx leave the IRC (Ping timeout: 264 seconds)."
2,1371109622340,"rhannequin","rhannequin join the chan."
1,1371110187949,"nfroidure","lo"
2,1371111876541,"fbentz","fbentz join the chan."
1,1371111965825,"angezanetti","o/"
1,1371112017152,"angezanetti","suis entrain de mettre le nez dans CasperJs, carrement cool comme outil !"
1,1371112028399,"NiKo`","c'est clair"
2,1371112389406,"Nyalab","Nyalab join the chan."
1,1371112443959,"angezanetti","NiKo`: :)"
1,1371112478310,"angezanetti","C'est possible de traiter plusieurs tâches en asynchrone ?"
32,1371112801736,"fbentz","fbentz leave the IRC (Quit: fbentz)."
1,1371112807403,"NiKo`","angezanetti: use case?"
1,1371112980885,"angezanetti","recupérer infos + liens sur une dizaine de site en parralele"
1,1371113048416,"angezanetti","ou faire beaucoup de req différentes sur un même site et récup des elts du DOM"
2,1371113559391,"fbentz","fbentz join the chan."
32,1371113992356,"fbentz","fbentz leave the IRC (Ping timeout: 264 seconds)."
32,1371120458139,"rhannequin","rhannequin leave the IRC (Ping timeout: 252 seconds)."
2,1371123784762,"revolunet","revolunet join the chan."
2,1371126741035,"MoOx","MoOx join the chan."
2,1371127126602,"fbentz","fbentz join the chan."
32,1371127161775,"fbentz","fbentz leave the IRC (Client Quit)."
2,1371127182885,"fbentz","fbentz join the chan."
2,1371128462925,"fbentz_","fbentz_ join the chan."
32,1371128464940,"fbentz","fbentz leave the IRC (Ping timeout: 264 seconds)."
256,1371128465535,"fbentz_","fbentz_ changed his nick for fbentz."
32,1371130959370,"Nyalab","Nyalab leave the IRC (Remote host closed the connection)."
2,1371131352479,"Grirrle","Grirrle join the chan."
1,1371131371563,"Grirrle","hello"
32,1371131854774,"fbentz","fbentz leave the IRC (Quit: fbentz)."
1,1371132710011,"bricef","hello"
32,1371132837752,"angezanetti","angezanetti leave the IRC (Ping timeout: 246 seconds)."
4,1371133825367,"revolunet","revolunet leave the chan."
2,1371137036502,"angezanetti","angezanetti join the chan."
32,1371137660902,"angezanetti","angezanetti leave the IRC (Ping timeout: 252 seconds)."
2,1371138088978,"angezanetti","angezanetti join the chan."
2,1371138382946,"Nyalab","Nyalab join the chan."
2,1371138406449,"Amatewasu","Amatewasu join the chan."
32,1371140096804,"showtim34","showtim34 leave the IRC (Remote host closed the connection)."
2,1371140291434,"fbentz","fbentz join the chan."
32,1371140767135,"HammHetfield","HammHetfield leave the IRC (Quit: HammHetfield)."
32,1371142401180,"fbentz","fbentz leave the IRC (Quit: fbentz)."
2,1371144098531,"fbentz","fbentz join the chan."
32,1371144773577,"fbentz","fbentz leave the IRC (Quit: fbentz)."
2,1371146255730,"Alz","Alz join the chan."
32,1371146778156,"nfroidure","nfroidure leave the IRC (Read error: Operation timed out)."
2,1371146894252,"fbentz","fbentz join the chan."
2,1371147626707,"nfroidure","nfroidure join the chan."
32,1371149587778,"fbentz","fbentz leave the IRC (Quit: fbentz)."
2,1371150926770,"fbentz","fbentz join the chan."
32,1371154029018,"fbentz","fbentz leave the IRC (Quit: fbentz)."
32,1371155221977,"Amatewasu","Amatewasu leave the IRC (Quit: WeeChat 0.4.2-dev)."
2,1371157328688,"fbentz","fbentz join the chan."
