2,1366088076559,"MoOx","MoOx join the chan."
2,1366093106158,"felixgilles","felixgilles join the chan."
2,1366094188679,"HammHetfield","HammHetfield join the chan."
2,1366096192583,"victordarras","victordarras join the chan."
2,1366096551959,"cbonnissent","cbonnissent join the chan."
1,1366096805202,"cbonnissent","Hello !"
1,1366096897039,"endou","Hello"
1,1366096908705,"endou","nfroidure: Quel back?"
2,1366097134763,"Nyalab","Nyalab join the chan."
1,1366097186330,"nfroidure","de ton chat video"
1,1366097339506,"endou","C'est angezanetti qui a fait ca :)"
1,1366097368133,"endou","Mais je dirait juste la WebRTC"
1,1366097457550,"angezanetti"," Slt !"
1,1366097466323,"endou","Hello"
1,1366097480181,"angezanetti","c'est du webrtc.io :p"
1,1366097482847,"endou","Ton chat video, t'as pas de backend juste la WebRTC et du p2p?"
1,1366097511594,"angezanetti","si ya un bout de server en node avec Express https://github.com/webRTC/webrtc.io-demo"
1,1366097521079,"endou","Ok :)"
1,1366097540760,"angezanetti","mais j'ai juste testé pour le moment, reste à le modifier"
1,1366097702700,"angezanetti","en gros la lib te crée un obj rtc avec des méthodes pour mettre en place le partage du stream"
1,1366097774155,"nfroidure","CentOS c'est vraiment de la merde. Un $_SERVER['SERVER_PORT'] qui passe du jour au lendemain de 443 à 80 alors que c'est tjrs en https, ça vous parle ?"
1,1366097829678,"angezanetti","hum c'est louche oui"
1,1366097835144,"angezanetti","c'est ton serv ?"
1,1366097939349,"nfroidure","non, c'est infogéré par un tiers..."
1,1366097985652,"nfroidure","Il faut les update automatiquement, un fois tous les deux mois tu te lève submergé de coupo fil car plus rien marche à cause de ce presta"
1,1366097990259,"nfroidure","*fait"
1,1366098105822,"cbonnissent","pas de bolle pour l'infogérant, ça doit être lourd !"
1,1366098115008,"angezanetti","chelou quand même qu'il te change le port HTTPs"
1,1366098129063,"angezanetti","ça sent le proxy ou autre"
1,1366098283973,"endou","nfroidure: Il y a pas un header X-Forwared-Port qui a ete ajoute ou quelque chose dans le genre?"
1,1366098478450,"nfroidure","Je maîtrise pas l'infra.C'est une vm sur une dédibox"
1,1366098525486,"nfroidure","Nope pas de header de ce typ"
1,1366098575337,"nfroidure","Normalement, vu la config, une connection SSL sur le port 80 devrait échouer."
1,1366098598914,"nfroidure","Donc ça passe bien par le 443 mais c'est pas retranscrit si bien que dans le PHP, il me donne un port 80"
1,1366098783189,"nfroidure","Ou alors, le presta a mis un proxy comme tu dis et il fait du man in the middle"
1,1366098802762,"angezanetti",":)"
1,1366098809467,"angezanetti","ya du paiement par CB ?"
1,1366098978932,"nfroidure","nope"
1,1366099135175,"nfroidure","Je vais essayer d'initialiser une variable d'environnement SERVER_PORT=443 dans les vhost SSL"
2,1366099472022,"showtim34","showtim34 join the chan."
1,1366100382560,"nfroidure","Bon pour finir, j'ai fait un SetEnv HTTPS on, l'admin a qu'à faire son taf"
32,1366100763728,"victordarras","victordarras leave the IRC (Quit: http://www.kiwiirc.com/ - A hand crafted IRC client)."
2,1366100814764,"victordarras","victordarras join the chan."
2,1366103452784,"lionelB","lionelB join the chan."
1,1366103466022,"lionelB","hello"
2,1366103509919,"mab1","mab1 join the chan."
1,1366103510450,"lionelB","cbonnissent, je peux te poser encore une ou deux questions sur Vagrant ?"
32,1366103609565,"mab","mab leave the IRC (Ping timeout: 252 seconds)."
256,1366103613867,"mab1","mab1 changed his nick for mab."
2,1366105067434,"dhoko","dhoko join the chan."
32,1366106119641,"dhoko","dhoko leave the IRC (Remote host closed the connection)."
1,1366107603076,"cbonnissent","lionelB, oui"
1,1366107663900,"lionelB","sur vagrantbox.es y plusieur box debian, en 32, amd66, x64"
1,1366107713859,"lionelB","je me demandais si ca avait une importance en fonction de l'archi de mon portable de dev"
1,1366107733766,"cbonnissent","non c des VM"
1,1366107742949,"cbonnissent","c suivant ce que tu veux faire"
1,1366107774432,"lionelB","alors c'est cool :)"
1,1366107795296,"lionelB","ah une dernière question quand je vais vagrant halt puis up"
1,1366107799075,"cbonnissent","après tu en as de pré-packagé avec puppet si tu veux faire du déploiement de dépendances et des trucs du genre"
1,1366107832894,"lionelB","j'avais regardé avec chef mais il faut installer librarian si tu veux pas te frapper toute les dep à la main"
1,1366107842443,"lionelB","du coup j'ai un script shell"
1,1366107856734,"lionelB","c'est moins relou, je trouve"
1,1366107879235,"cbonnissent","je pense que c une question d'usage, si tu le fais tous les jours chef et puppet sont tes amis"
1,1366107905803,"cbonnissent","moi qui change les dépendances de mes projets tous les 6 mois, c vrai que c relou"
1,1366107919123,"lionelB","c'est chef ET puppet ou chef ou puppet"
1,1366108005486,"cbonnissent","plutôt le ou"
1,1366108010670,"lionelB","oki"
1,1366108029958,"lionelB","et puis ne connaissant pas Vagrant ca faisait beaucoup de truc nouveau d'un coup"
1,1366108037981,"cbonnissent","parce que ils font grosso modo la même chose :D"
1,1366108047947,"lionelB","c'est ce que j'avais compris"
1,1366108063531,"cbonnissent","perso, je me suis arrêté aux quelques commandes vagrant up|halt|ssh|reload"
1,1366108073418,"cbonnissent","et à trois instructions dans le vagrantFile"
1,1366108076014,"lionelB","chef c'est bien si la boite l'utilise aussi je pense comme ca tu te plug dessus l'existant"
1,1366108077441,"cbonnissent","après je connais"
1,1366108120013,"cbonnissent","je pense aussi, si tu es dans une boîte qui a des serveurs de recette et tout"
1,1366108142435,"lionelB","Est ce que ca lance le script de provision a chaque fois que tu fais up"
1,1366108177623,"cbonnissent","je crois que oui"
1,1366108213110,"lionelB","du coup une fois la VM demarer il faut plutot faire suspend/resume ?"
1,1366108220298,"lionelB","démarée"
1,1366108221908,"cbonnissent","comme tu veux"
1,1366108240483,"cbonnissent","mais tu risques d'avoir des désynchro de l'horloge interne de la VM"
1,1366108250893,"lionelB","ben je veux pas qu'il me ré-install tout l'envirenoment y'a en pour 5-10 min a chaque fois"
1,1366108252622,"cbonnissent","ça peut être lourd pour la mise à jour des paquets"
1,1366108298130,"cbonnissent","ah, comme je fais pas de provisionnement je sais pas mais il me semble aussi que tu peux définir des cibles de lancement de ta VM"
1,1366108319119,"lionelB","c'est à dire ?"
1,1366108361709,"cbonnissent","il me semble avoir lu des tuto où tu pouvais démarré différentes conf de VM suivant un mot clef que tu donnes au démarrage mais je suis plus sûr"
1,1366108473352,"lionelB","ok je vais chercher ca"
1,1366108589012,"cbonnissent","hallucinant : http://arstechnica.com/gaming/2013/04/how-an-accountant-created-an-entire-rpg-inside-an-excel-spreadsheet/"
1,1366108601789,"lionelB","oh!"
1,1366108614233,"cbonnissent","un RPG en feuille excel :D ils y en a qui s'ennuient au taf"
256,1366110539484,"lionelB","lionelB changed his nick for lionelb|miam."
32,1366114512843,"Shahor","Shahor leave the IRC (Read error: Connection reset by peer)."
2,1366114545513,"Shahor","Shahor join the chan."
1,1366114812515,"MoOx","Bon POKE TOUT LE MONDE ICI, qui va à Sudweb et qui est intéressé par une location avec AirBnB entre geek ou dev ?"
256,1366114825567,"lionelb|miam","lionelb|miam changed his nick for lionelB."
1,1366114833876,"lionelB","héhé"
1,1366115259656,"lionelB","ca pourrait être bien de mettre en relation les geeks d'Avignon qui peuvent héberger les geeks des autres contrées, sinon"
2,1366115408721,"_kud","_kud join the chan."
1,1366115438336,"MoOx","Ouais aussi"
1,1366115444765,"MoOx","mais bon ça j'y crois moins"
32,1366115467296,"_kud","_kud leave the IRC (Remote host closed the connection)."
2,1366115485721,"_kud","_kud join the chan."
1,1366115499180,"lionelB","j'ai un ou deux geek d'avignon dans ma TL qui vont a Sudweb... je peux poser aussi la question"
32,1366115519788,"_kud","_kud leave the IRC (Remote host closed the connection)."
2,1366115537881,"_kud","_kud join the chan."
1,1366115683804,"MoOx","Vasy vasy, ça coute rien :)"
32,1366116583525,"mab","mab leave the IRC (Quit: Leaving.)."
2,1366116599729,"mab","mab join the chan."
1,1366116950497,"nfroidure","Ca fait pas mal de temps que je me tâte pour créer un site pour s'héberger entre geeks."
1,1366117247269,"MoOx","Bonne idée ça :)"
1,1366117259176,"MoOx","ou juste une API déjà :D"
1,1366118321572,"nfroidure","Je parle d'hébergement physique"
1,1366118357609,"nfroidure","Tu déclares ta chambre d'ami comme dispo pour un geek de passage"
1,1366118743762,"HammHetfield","caractéristiques techniques de la chambre : accès WiFi, connection par cable possible également, ping 45, Fibre 1000mbps, multi-prises et rallonges disponibles"
32,1366118997726,"cbonnissent","cbonnissent leave the IRC (Quit: Quitte)."
1,1366119141820,"lionelB","vous auriez des idées de hashtag à utilise pour dire qu'on propose un hébergement pour sudweb"
1,1366119152477,"lionelB","utilise +r"
1,1366119166345,"Nyalab","https://twitter.com/sudweb/status/324137703543291905"
1,1366119259219,"lionelB","super"
1,1366119282865,"MoOx","nfroidure: oui j'avais compris hébergement physique. Ma blague était donc de commencer par une API http rest, histoire que d'avoir des geeks qui tapent dessus directe, avec du curl par exemple :D"
1,1366119738685,"HammHetfield","http://distanthost.com/search/Paris+9eme"
1,1366119787246,"HammHetfield","hosts [ { name: 'Bob', contact: 9g73kj8@distanthost.com', […] ]"
1,1366120080784,"nfroidure","Le schéma de la base sera pas trop complexe finalement"
1,1366120095551,"nfroidure","Le plus chiant est de trouver des bd à jour des pays, villes etc..."
2,1366121066672,"_kud_","_kud_ join the chan."
1,1366121122801,"HammHetfield","google"
1,1366121211388,"Nyalab","pour les pays https://github.com/umpirsky/country-list"
32,1366121230867,"_kud","_kud leave the IRC (Ping timeout: 252 seconds)."
1,1366121690257,"HammHetfield","sinon, tu stores juste les coordonnées lattitude et longitude, et tu laisses les clients se démerder de leur côté"
1,1366121712531,"HammHetfield","géoloc html5 côté client pour le mec qui s'inscrit comme host, ça te donne long et lat"
1,1366121747259,"HammHetfield","et côté guest, j'utilise une API qui est accessible gratos qui fait du coordonnées vers adresse physique"
1,1366121751119,"HammHetfield","ils font sûrement l'inverse"
1,1366121761687,"HammHetfield","d'ailleurs c'est sûr qu'ils le font, je l'utilise pas c'est tout"
1,1366121770919,"HammHetfield","jm'en sert pour mon app de météo :)"
1,1366122355481,"MoOx","Vous connaissez un moyen en JS pour récupérer le nom d'un var ?"
256,1366122359215,"_kud_","_kud_ changed his nick for _kud."
1,1366122398862,"MoOx","genre je fais Truc = Bidule, Truc.fn = function( log(this.LE NOM) // echo Truc"
1,1366122408027,"_kud","{}"
1,1366122437694,"_kud","J'avais fait ça"
1,1366122439565,"_kud","bouge pas"
1,1366122491570,"_kud","var method = 'show' + page.capitalize();"
1,1366122491789,"_kud","            self.StaticView = new StaticView();"
1,1366122491790,"_kud","            self.StaticView[method]();"
1,1366122495549,"_kud","Ca t'aide ou pas ça ?"
1,1366122534168,"MoOx","nom c pas ce que je veux"
1,1366122550494,"MoOx","je veux connaitre mais à mon avis c'est impossible pour au moins une raison"
1,1366122561553,"MoOx","le nom sous forme de string d'une variable"
1,1366122591301,"_kud","Attends"
1,1366122603691,"_kud","tu veux connaître le nom de ta méthode c'est ça ?"
1,1366122613544,"MoOx","non"
1,1366122615840,"MoOx","objet"
1,1366122618447,"_kud","J'ai du mal à piger"
1,1366122619040,"MoOx","ah mais putain"
1,1366122619273,"_kud","okay"
1,1366122623034,"_kud","Oui ?"
1,1366122623470,"MoOx","instanceOf"
1,1366122625954,"_kud",":D"
1,1366122629268,"_kud","gronaz"
1,1366122630235,"MoOx","noob me :)"
1,1366122653294,"MoOx","en fait je veux ajouter des console.log() avec le nom de la classe d'ou ils viennent"
1,1366122661442,"MoOx","histoire de pas chercher tu vois ltruc"
32,1366122922525,"victordarras","victordarras leave the IRC (Quit: http://www.kiwiirc.com/ - A hand crafted IRC client)."
1,1366123846779,"lionelB","MoOx en utilisant redefinissant toString() ca peut peut être t'aider"
1,1366123878066,"MoOx","Un peu brutal"
1,1366123893389,"MoOx","jvais voir avec une function global"
1,1366123894040,"lionelB","Class.prototype.toString = function() { return \"[type]\"};"
1,1366123896504,"MoOx","à l'ancienne"
1,1366123923374,"lionelB","je pige pas le brutal ?"
1,1366123943697,"MoOx","Overwrider toString"
1,1366123979109,"lionelB","oui mais pourquoi c'est mal ?"
1,1366125460843,"nfroidure","tonObjet.constructor.name"
1,1366125750378,"nfroidure","sinon, si tu connais le contexte parent :"
1,1366125753700,"nfroidure","function getVarName(parent, variable) {"
1,1366125753921,"nfroidure","   for(prop in parent)"
1,1366125753922,"nfroidure","     if(parent[prop]===variable)"
1,1366125753922,"nfroidure","        return prop;"
1,1366125754694,"nfroidure","   }"
1,1366125768261,"nfroidure","getVarName(window, window.console)"
1,1366125768477,"nfroidure","\"console\""
1,1366125772766,"madx`","\"Overwrider\""
1,1366125901838,"nfroidure","MoOx, tu peux aussi chercher récursivement à partir de window dans tous les sous objets, mais ça va être gourmand en ressources"
1,1366125926462,"MoOx","oué jveux un truc con et simple :)"
1,1366125953709,"MoOx","jvous montrerais quand je serais là dessus :)"
1,1366126022673,"nfroidure","MoOx, si tu utilises le parttern module ça te servira à rien"
1,1366126034253,"MoOx","cad ?"
1,1366126075618,"nfroidure","Y'a aucun moyen d'accèder à la liste des variables présente dans le scope courant"
1,1366126120758,"MoOx","oué mais si je vais une method log sur mes classes"
1,1366126139607,"MoOx","et que je fais console.log(instanceOf this, \"mon messag\") dedans"
1,1366126157861,"MoOx","ca fera ce que je veux je pense (qui est de juste prefixer mes console.log par le nom des classes"
1,1366126184022,"nfroidure","ça marchera pas ton snippet"
1,1366126201878,"nfroidure","Fais console.log(this.constructor.name,\"message\")"
1,1366126223701,"MoOx","ah bah voilà :)"
1,1366126226039,"MoOx","marchi"
1,1366126302980,"nfroidure","Sinon : this.valueOf().split(' ')[0]"
1,1366126314610,"nfroidure","constructor est pas une propriété sûre"
1,1366126397667,"nfroidure","Arf, marche pas, j'étais sûr que valueof retournait une string"
1,1366126410892,"nfroidure","toString te retournera Object"
1,1366126417250,"nfroidure","Donc, constructor ou rien :)"
2,1366126421904,"_kud_","_kud_ join the chan."
1,1366126556065,"MoOx","Ca m'ira merci nfroidure !"
32,1366126610785,"_kud","_kud leave the IRC (Ping timeout: 252 seconds)."
1,1366126781838,"nfroidure","J'ai pas pu résister ! Object.prototype.toString=function () { return (this instanceof this.constructor?this.constructor.name:'Anonymous'); }"
1,1366126806746,"nfroidure","(new (function Test(){})).toString() \"Test\""
1,1366126828544,"MoOx","Cool"
1,1366126832610,"MoOx","Bien vu"
1,1366126872403,"nfroidure","En fait, pas besoin du toString, (new (function Test(){}))+''  suffit"
1,1366127683401,"nfroidure","En y repensant cette histoire d'hébergement chez les geeks, ça pourrait petre l'objet d'un coding Dojo, ça serait super pratique même pour les échanges entre groupes Js locaux"
1,1366127865792,"lionelB","alors finalement Object.prototype.toString c'est pas si mal :)"
32,1366127957133,"HammHetfield","HammHetfield leave the IRC (Quit: HammHetfield)."
4,1366128145988,"lionelB","lionelB leave the chan."
32,1366129269962,"felixgilles","felixgilles leave the IRC (Quit: Konversation terminated!)."
32,1366129524288,"_kud_","_kud_ leave the IRC (Remote host closed the connection)."
1,1366130078123,"madx`","nfroidure: geekbnb ?"
1,1366130255214,"MoOx","J'ai un Backbone.Model avec une propertie items (= Array). Comment je fais pour pusher proprement un élement avec le trigger change ? Car là j'ai \"this.get('items').push(item);\" mais bien entendu ça trigger que dalle..."
1,1366130341698,"MoOx","Auto response du noob qu'à pas réchéfli this.set('items', this.get('items').push(item));"
1,1366130444501,"MoOx","Et sinon comment vous faites un $().emtpy() sans jquery. innerHTML = '' ? Y'a plus propre ?"
1,1366130553171,"madx`","MoOx: removeNode(elem.childNodes)"
1,1366130564027,"madx`","enfin dans une boucle, tu vois le principe"
1,1366130616650,"MoOx","oué"
1,1366130645873,"madx`","MoOx: tu peux regarder sur https://developer.mozilla.org/fr/docs/DOM pour avoir la doc du DOM"
1,1366130651494,"madx`","je sais pas si tu connaissais"
1,1366130656228,"madx`","</troll>"
1,1366130662009,"MoOx","si si j'y vais souvent"
1,1366130676547,"MoOx","mais bon dès fois vous êtes plus rapide :)"
1,1366130682343,"madx`","MoOx: amha je suis plus noob que toi"
1,1366130687968,"MoOx","puis c'est plus sympa en discutant"
1,1366130690143,"madx`","bah, j'suis allé voir sur le site :D"
1,1366130756426,"MoOx","euh bah removeNode ca semble etre du IE"
1,1366130766753,"MoOx","C'est donc plutôt removeChild"
1,1366130771746,"madx`","removeChild pardon"
1,1366130830819,"MoOx","ouais faut un delete en plus car ca nettoye rien du tout"
32,1366131972441,"showtim34","showtim34 leave the IRC (Ping timeout: 240 seconds)."
1,1366132159295,"nfroidure","while(element.firstChild) element.removeChild(element.firstChild)"
1,1366132320802,"MoOx","gg le shortcut :)"
1,1366133338665,"nfroidure","MoOx, ça marche aussi avec lastChild :p"
1,1366133493311,"MoOx","j'imagine oui :D"
2,1366134375924,"eaSy60","eaSy60 join the chan."
1,1366134606477,"MoOx","nfroidure: Donc less bytes et sans mem leak ça donne: while(element.lastChild) delete element.removeChild(element.lastChild);"
1,1366134691982,"nfroidure","Je sais pas comment marche backbone, mais ça me semble biscornu ;)"
1,1366134785157,"nfroidure","backbone doit avoir une fonction qui unbinde les élément. Y'a pas une méthode dispose() sur les vues ?"
1,1366134905065,"MoOx","J'en sais foutrement rien, je veux juste vider un breadcrumb que je rebuild au besoin"
1,1366134909879,"MoOx","donc je vide le wrapper"
1,1366134934820,"MoOx","du coup si je delete les noeuds ça devrait delete les bind dessus je pense (j'espere)"
1,1366135046040,"eaSy60","Concernant la validation d'un form, vous faites ça en doublon server et client side?"
1,1366137319347,"nfroidure","eaSy60, yep"
1,1366137741200,"eaSy60","hum"
1,1366137748525,"eaSy60","Je suis en JS des deux côtés"
1,1366137755208,"eaSy60","y'a forcément moyen de simplifier ça"
1,1366137777113,"eaSy60","Le truc c'est que le model backbone n'a rien a voir avec le model mongoose"
1,1366137787373,"eaSy60","faut que je fasse une abstraction des deux côté d'un model commun"
1,1366137790586,"eaSy60","-_-"
1,1366138184209,"nfroidure","pourquou tu balance pas directement des expression régulières dans l'attribut pattern ?"
2,1366139128329,"_kud","_kud join the chan."
2,1366139550889,"cbonnissent","cbonnissent join the chan."
2,1366149528174,"TranceGeniK","TranceGeniK join the chan."
32,1366149577359,"MoOx","MoOx leave the IRC (Remote host closed the connection)."
