2,1375913721714,"tricky21","tricky21 join the chan."
32,1375914276753,"tricky21","tricky21 leave the IRC (Remote host closed the connection)."
2,1375914530913,"tricky21","tricky21 join the chan."
32,1375914557660,"tricky21","tricky21 leave the IRC (Remote host closed the connection)."
32,1375916235805,"rhannequin","rhannequin leave the IRC (Remote host closed the connection)."
2,1375916387808,"tricky21","tricky21 join the chan."
32,1375916485506,"tricky21","tricky21 leave the IRC (Remote host closed the connection)."
2,1375916501850,"tricky21","tricky21 join the chan."
32,1375916700216,"tricky21","tricky21 leave the IRC (Remote host closed the connection)."
32,1375916706743,"nod_","nod_ leave the IRC (Ping timeout: 246 seconds)."
2,1375917424575,"nod_","nod_ join the chan."
2,1375917943868,"tricky21","tricky21 join the chan."
32,1375917997473,"tricky21","tricky21 leave the IRC (Remote host closed the connection)."
2,1375921630003,"tricky21","tricky21 join the chan."
32,1375921756864,"_mlb","_mlb leave the IRC (Read error: Connection reset by peer)."
32,1375921920036,"tricky21","tricky21 leave the IRC (Ping timeout: 264 seconds)."
32,1375921964566,"bigx","bigx leave the IRC (Remote host closed the connection)."
2,1375932507392,"tricky21","tricky21 join the chan."
32,1375932792372,"tricky21","tricky21 leave the IRC (Ping timeout: 264 seconds)."
2,1375936528788,"MoOx","MoOx join the chan."
2,1375943948598,"HammHetfield","HammHetfield join the chan."
2,1375946398853,"kewah","kewah join the chan."
2,1375946457883,"Grirrle","Grirrle join the chan."
2,1375947512481,"rhannequin","rhannequin join the chan."
32,1375949226767,"MoOx","MoOx leave the IRC (Remote host closed the connection)."
2,1375949407760,"OwlyCode","OwlyCode join the chan."
2,1375950661376,"tricky21","tricky21 join the chan."
32,1375950904237,"tricky21","tricky21 leave the IRC (Ping timeout: 240 seconds)."
2,1375951667818,"fbentz","fbentz join the chan."
2,1375951712089,"_mlb","_mlb join the chan."
2,1375951878999,"endou","endou join the chan."
2,1375952717036,"oncletom","oncletom join the chan."
1,1375952989998,"fbentz","Hello !"
1,1375952998368,"urcadox","Yop :)"
2,1375953068082,"MoOx","MoOx join the chan."
1,1375953071090,"nfroidure","https://twitter.com/nfroidure/status/365393361546387458 </autopromo>"
1,1375953260453,"urcadox","Tiens bobot est pas là ?"
2,1375954406639,"Amatewasu","Amatewasu join the chan."
1,1375955291241,"endou","nfroidure: Cool, t'y abordes quels sujets? :)"
32,1375955397734,"oncletom","oncletom leave the IRC (Quit: Leaving.)."
1,1375955754444,"angezanetti","o/"
2,1375955969180,"oncletom","oncletom join the chan."
32,1375956067031,"Amatewasu","Amatewasu leave the IRC (Ping timeout: 240 seconds)."
32,1375956559765,"OwlyCode","OwlyCode leave the IRC (Remote host closed the connection)."
32,1375957284403,"rhannequin","rhannequin leave the IRC (Ping timeout: 256 seconds)."
32,1375957286900,"oncletom","oncletom leave the IRC (Quit: Leaving.)."
2,1375957711271,"oncletom","oncletom join the chan."
32,1375957759888,"nfroidure","nfroidure leave the IRC (Quit: Ex-Chat)."
32,1375958655152,"endou","endou leave the IRC (Remote host closed the connection)."
2,1375958667449,"tricky21","tricky21 join the chan."
32,1375959379690,"tricky21","tricky21 leave the IRC (Remote host closed the connection)."
2,1375959716467,"tricky21","tricky21 join the chan."
2,1375961628192,"rhannequin","rhannequin join the chan."
32,1375961628760,"tricky21","tricky21 leave the IRC (Read error: Connection reset by peer)."
2,1375961655474,"tricky21","tricky21 join the chan."
32,1375962787045,"oncletom","oncletom leave the IRC (Quit: Leaving.)."
2,1375963771430,"oncletom","oncletom join the chan."
2,1375965342592,"revolunet","revolunet join the chan."
2,1375965949403,"endou","endou join the chan."
32,1375966702798,"tricky21","tricky21 leave the IRC (Remote host closed the connection)."
4,1375969758805,"nod_","nod_ leave the chan."
2,1375970257157,"tricky21","tricky21 join the chan."
2,1375970911770,"nod_","nod_ join the chan."
32,1375971054345,"_mlb","_mlb leave the IRC (Remote host closed the connection)."
2,1375971088533,"_mlb","_mlb join the chan."
32,1375971101809,"_mlb","_mlb leave the IRC (Read error: Connection reset by peer)."
32,1375971118211,"tricky21","tricky21 leave the IRC (Remote host closed the connection)."
2,1375971131167,"_mlb","_mlb join the chan."
2,1375971506892,"revolunet_","revolunet_ join the chan."
2,1375971573170,"tricky21","tricky21 join the chan."
32,1375971601830,"revolunet","revolunet leave the IRC (Ping timeout: 264 seconds)."
256,1375971602216,"revolunet_","revolunet_ changed his nick for revolunet."
32,1375971655417,"tricky21","tricky21 leave the IRC (Remote host closed the connection)."
2,1375971712616,"rhannequin_","rhannequin_ join the chan."
32,1375971912604,"rhannequin","rhannequin leave the IRC (Ping timeout: 248 seconds)."
32,1375971962533,"rhannequin_","rhannequin_ leave the IRC (Remote host closed the connection)."
2,1375971981427,"rhannequin","rhannequin join the chan."
32,1375973560140,"oncletom","oncletom leave the IRC (Quit: Leaving.)."
2,1375973762941,"revolunet_","revolunet_ join the chan."
32,1375973765000,"revolunet","revolunet leave the IRC (Ping timeout: 276 seconds)."
256,1375973765009,"revolunet_","revolunet_ changed his nick for revolunet."
32,1375974081291,"fbentz","fbentz leave the IRC (Read error: No route to host)."
2,1375974279709,"Amatewasu","Amatewasu join the chan."
2,1375974361404,"revolunet_","revolunet_ join the chan."
32,1375974427936,"revolunet","revolunet leave the IRC (Ping timeout: 276 seconds)."
256,1375974428034,"revolunet_","revolunet_ changed his nick for revolunet."
2,1375975672927,"tricky21","tricky21 join the chan."
2,1375975768891,"oncletom","oncletom join the chan."
2,1375975862648,"fbentz","fbentz join the chan."
32,1375976046606,"tricky21","tricky21 leave the IRC (Remote host closed the connection)."
32,1375977073534,"Amatewasu","Amatewasu leave the IRC (Remote host closed the connection)."
32,1375977081910,"Tobu","Tobu leave the IRC (Quit: No Ping reply in 180 seconds.)."
2,1375977120969,"Tobu","Tobu join the chan."
32,1375977541144,"angezanetti","angezanetti leave the IRC (Remote host closed the connection)."
32,1375977685385,"rhannequin","rhannequin leave the IRC (Ping timeout: 256 seconds)."
32,1375978016502,"HammHetfield","HammHetfield leave the IRC (Quit: HammHetfield)."
32,1375978521768,"Grirrle","Grirrle leave the IRC (Quit: Leaving.)."
32,1375978931702,"oncletom","oncletom leave the IRC (Quit: Leaving.)."
32,1375979373882,"_mlb","_mlb leave the IRC (Remote host closed the connection)."
2,1375979410046,"_mlb","_mlb join the chan."
32,1375979655075,"kewah","kewah leave the IRC (Ping timeout: 260 seconds)."
32,1375979693096,"_mlb","_mlb leave the IRC (Ping timeout: 276 seconds)."
32,1375980212234,"endou","endou leave the IRC (Remote host closed the connection)."
2,1375980281131,"tricky21","tricky21 join the chan."
32,1375980566153,"tricky21","tricky21 leave the IRC (Ping timeout: 264 seconds)."
2,1375980732265,"tricky21","tricky21 join the chan."
2,1375980804103,"_mlb","_mlb join the chan."
32,1375980923747,"tricky21","tricky21 leave the IRC (Remote host closed the connection)."
2,1375981100905,"kewah","kewah join the chan."
32,1375981300132,"revolunet","revolunet leave the IRC (Read error: Operation timed out)."
32,1375981833904,"kewah","kewah leave the IRC (Ping timeout: 240 seconds)."
32,1375982170487,"MoOx","MoOx leave the IRC (Remote host closed the connection)."
2,1375982249147,"kewah","kewah join the chan."
32,1375982261285,"kewah","kewah leave the IRC (Client Quit)."
32,1375983198086,"_mlb","_mlb leave the IRC (Remote host closed the connection)."
2,1375983235125,"_mlb","_mlb join the chan."
32,1375983481697,"_mlb","_mlb leave the IRC (Ping timeout: 240 seconds)."
2,1375985159575,"tricky21","tricky21 join the chan."
32,1375985437531,"tricky21","tricky21 leave the IRC (Ping timeout: 264 seconds)."
2,1375986144698,"_mlb","_mlb join the chan."
32,1375986431698,"_mlb","_mlb leave the IRC (Ping timeout: 264 seconds)."
2,1375989630633,"angezanetti","angezanetti join the chan."
32,1375989891328,"angezanetti","angezanetti leave the IRC (Remote host closed the connection)."
32,1375990493048,"fbentz","fbentz leave the IRC (Quit: fbentz)."
2,1375990589985,"fbentz","fbentz join the chan."
2,1375991242871,"rhannequin","rhannequin join the chan."
32,1375991341972,"fbentz","fbentz leave the IRC (Quit: fbentz)."
2,1375991800526,"fbentz","fbentz join the chan."
2,1375991890807,"angezanetti","angezanetti join the chan."
32,1375992195805,"fbentz","fbentz leave the IRC (Quit: fbentz)."
32,1375992994626,"rhannequin","rhannequin leave the IRC (Read error: Connection reset by peer)."
