32,1377988607521,"Amatewasu","Amatewasu leave the IRC (Quit: WeeChat 0.4.2-dev)."
2,1377992188716,"_kud","_kud join the chan."
32,1377992803670,"_kud","_kud leave the IRC (Quit: Leaving)."
32,1377993759432,"papachan","papachan leave the IRC (Quit: Leaving)."
32,1378017207798,"MoOx","MoOx leave the IRC (Remote host closed the connection)."
2,1378020076605,"BeRoots","BeRoots join the chan."
1,1378020090888,"BeRoots","Salut à tous :)"
1,1378020277589,"BeRoots","@ nfroidure: hier tu me disai qu'il etait bien de passer par MooTools pour l'execution d'un script un fois la page chargée... qu'est ce qui ne va pas dans ma façon de faire ?"
1,1378020279098,"BeRoots","http://pastebin.com/Dxxdytrb"
1,1378023151256,"nfroidure","BeRoots, l'event domready est pas présent sur tous les navigateurs (IE comme tjrs) et addEvent existe pas (j'imagine que tu as corrigé ton code depuis)."
1,1378023368362,"nfroidure","Le mieux si tu veux savoir ce qu('il faut faire pour être compat ie est de regarder la source de MooTools :"
1,1378023369136,"nfroidure","https://github.com/mootools/mootools-core/blob/master/Source/Types/DOMEvent.js"
1,1378023377864,"nfroidure","https://github.com/mootools/mootools-core/blob/master/Source/Element/Element.Event.js"
1,1378023475197,"nfroidure","Partie DOMReady en particulier :"
1,1378023476947,"nfroidure","https://github.com/mootools/mootools-core/blob/master/Source/Utilities/DOMReady.js"
2,1378023524847,"_kud","_kud join the chan."
2,1378034332982,"Amatewasu","Amatewasu join the chan."
32,1378038508247,"BeRoots","BeRoots leave the IRC (Quit: ChatZilla 0.9.90.1 [Firefox 23.0.1/20130814063812])."
2,1378038592721,"BeRoots","BeRoots join the chan."
1,1378040093927,"BeRoots","@ nfroidure: merci pour les liens... En revanche sa fonctionnai bien ce que j'avais fait... j'ai juste un probleme de casse d'une clé de tableau qui collai plus avec un id d'element correspondant et le script plantai :p..."
1,1378040115090,"BeRoots","content de retrouver mootools :)"
1,1378040178731,"nfroidure","BeRoots, comment tu as connu le chan ?"
1,1378040224289,"BeRoots","Une recherche de channel sur le mot clé javascript depuis mon client IRC"
1,1378040241028,"BeRoots",":p"
1,1378040333414,"BeRoots","Par contre je suis en recherche d'un js afin de definir le nom de navigateur utilisé + sa version + l'OS"
1,1378040334934,"BeRoots","Existe il des trucs valable à ce sujet ?"
1,1378041180926,"nfroidure","navigator.userAgent par contre, c'est de l'informatif, ne pas se baser là dessus"
1,1378041208351,"nfroidure","Sinon, si tu as pris MooTools, il y a des helpers intégrés. RTFM ;)"
1,1378041824048,"BeRoots","je vais voir sur mootools alors :)"
1,1378042418413,"BeRoots","nfroidure, je les trouve ou ces helpers ?"
1,1378042486081,"nfroidure","https://github.com/mootools/mootools-core/blob/master/Source/Browser/Browser.js"
1,1378042489222,"BeRoots","ah browser ..."
1,1378042500529,"BeRoots","yes merci :)"
1,1378043057774,"BeRoots","La grande difference de mootools face au autres est une divergence en terme d'approche. Enfin du temps ou l'on avais juste mootols et JQuery mais je me demande si les AngularJS et autres NodeJS on une approche mootools ou si ce dernier est encore le pionnier sur sa voie ?"
1,1378043123431,"BeRoots","nfroidure, une idée ?"
1,1378043176569,"nfroidure","Qu'entends-tu par approche MooTools ?"
1,1378043729313,"BeRoots","je sais plus trop mais c'est une divergence d'approche du js et de la façon de faire que mootools à soulevé et c'est ce qui si je l'ai bien compris est une difference entre lui et JQuery entre autre..."
1,1378043882031,"BeRoots","j'avais lu cela quand j'ai decouvert mootools 1.11"
1,1378043902493,"BeRoots","pas moyen de remettre la main dessus..."
1,1378044828182,"nfroidure","MooTools tente de mimer les langages orientés objets à base de classe."
1,1378044872156,"nfroidure","Jquery, paraît-il, essaie d'être plus fidèle à JavaScript. Mais je ne peux le confirmer"
1,1378044906333,"nfroidure","Ce qui est sûr, c'est que NodeJS n'est ni MooTools, ni JQuery"
2,1378046679388,"goldoraf","goldoraf join the chan."
1,1378047738172,"BeRoots","ok ;)"
1,1378047747853,"BeRoots","Et au niveau du helper Browser de MooTools, il fonctionne a partir de quel version de IE ? Parce que là j'ai un VBscript pour IE<6 qui me donnais certain plugin du navigateur alors..."
32,1378049993532,"goldoraf","goldoraf leave the IRC (Ping timeout: 264 seconds)."
32,1378050095693,"nfroidure","nfroidure leave the IRC (Read error: Connection reset by peer)."
2,1378050196832,"goldoraf","goldoraf join the chan."
2,1378051440880,"nfroidure","nfroidure join the chan."
32,1378051772916,"goldoraf","goldoraf leave the IRC (Ping timeout: 245 seconds)."
32,1378053280864,"tbassetto","tbassetto leave the IRC (Ping timeout: 264 seconds)."
1,1378059428494,"BeRoots","quelqu'un serai il me dire a partir de quel version de IE est compatible l'objet Browser de Mootools ?"
2,1378060218163,"tbassetto_","tbassetto_ join the chan."
1,1378060918495,"BeRoots","nfroidure ?"
1,1378060982548,"nfroidure","Je sais pas. Testes. http://modern.ie"
1,1378061098447,"BeRoots","j'aimerai savoir aussi comment detecter le moteur du navigateur et je vois \"deprecated\" ici: http://mootools.net/docs/core/Browser/Browser#Deprecated"
1,1378061099967,"BeRoots","je suis sur une version 1.4, ce n'est pas maintenu quelque part ?"
1,1378061218304,"BeRoots","exellent le moderne.ie ;)"
1,1378061433746,"_kud","je te conseille d'ailleurs iectrl :)"
2,1378063630203,"MoOx","MoOx join the chan."
32,1378064747047,"_kud","_kud leave the IRC (Quit: Leaving)."
2,1378066208557,"fbentz","fbentz join the chan."
2,1378066430365,"revolunet","revolunet join the chan."
32,1378066586620,"MoOx","MoOx leave the IRC (Remote host closed the connection)."
2,1378069279426,"MoOx","MoOx join the chan."
32,1378070777707,"MoOx","MoOx leave the IRC (Remote host closed the connection)."
2,1378071963600,"JbPionnier","JbPionnier join the chan."
1,1378072138652,"JbPionnier","Bonsoir les gens"
32,1378072599473,"JbPionnier","JbPionnier leave the IRC (Quit: Page closed)."
