2,1366754564305,"revolunet","revolunet join the chan."
32,1366757176638,"revolunet","revolunet leave the IRC (Quit: revolunet)."
32,1366769706791,"kud","kud leave the IRC (Quit: Leaving)."
2,1366779654774,"MoOx","MoOx join the chan."
2,1366781844727,"revolunet","revolunet join the chan."
32,1366787162725,"revolunet","revolunet leave the IRC (Quit: revolunet)."
2,1366789153212,"endou","endou join the chan."
2,1366791845197,"revolunet","revolunet join the chan."
32,1366792951472,"endou","endou leave the IRC (Read error: Connection reset by peer)."
2,1366793003990,"endou","endou join the chan."
1,1366793369593,"nfroidure","kud, tu utilises CasperJS sur quel type de serveur ?"
1,1366793533572,"_kud","comment ca ?"
1,1366793543662,"_kud","j'utilise casperjs pour faire des screenshots de ma page"
1,1366793547361,"_kud","pour me générer des frames"
1,1366793550826,"_kud","pour en faire une vidéo :)"
1,1366793566872,"nfroidure","oki, donc tu l'utilises pas côté serveur pour tes tests ?"
1,1366793567722,"_kud","https://github.com/kud/html-to-video-generator"
1,1366793574521,"_kud","c'est pas pour faire des tests non"
1,1366793578597,"_kud","mais a terme, j'en ferai"
1,1366793594124,"nfroidure","c'est ce que j'avais cru comprendre l'autre coup"
1,1366793615989,"nfroidure","Je pense l'utiliser pour faire des actions auto sur les sites web"
1,1366793622616,"_kud","ouaip"
1,1366793624843,"nfroidure","Mais je voudrais une approche côté serveur"
1,1366793627840,"_kud","faut absolument que je mette ca en place"
1,1366793632176,"_kud","et j'ai besoin d'uns erveir"
1,1366793634166,"_kud","serveir"
1,1366793636448,"_kud","serveur*"
1,1366793640418,"_kud","que j'ai demandé à mes boss"
1,1366793643537,"_kud","s'étaient ok"
1,1366793644770,"_kud","mais tjs rien"
1,1366793651433,"nfroidure",":)"
1,1366793662478,"nfroidure","Moi j'ai une relation particulière avec mon boss :D"
1,1366793669117,"_kud","cochon"
1,1366793681377,"nfroidure",":)"
1,1366793707772,"nfroidure","Tous les égocentriques sont des gays finalement :)"
1,1366793741832,"nfroidure","Vous pensez qu'il y a moyen de faire tourner Casper sur un Rasp ?"
1,1366793791179,"_kud","Oui"
1,1366793795351,"_kud","sans souci j'pene"
1,1366793797046,"_kud","pense*"
1,1366793813126,"nfroidure","Bon, ben je crois que j'ai trouvé mon futur logiciel SaaS :D"
32,1366794878534,"endou","endou leave the IRC (Quit: Using Circe, the loveliest of all IRC clients)."
2,1366798619077,"endou","endou join the chan."
32,1366799983479,"revolunet","revolunet leave the IRC (Quit: revolunet)."
2,1366800018708,"revolunet","revolunet join the chan."
2,1366804107164,"rhannequin","rhannequin join the chan."
32,1366806025899,"rhannequin","rhannequin leave the IRC (Ping timeout: 245 seconds)."
2,1366807541158,"rhannequin","rhannequin join the chan."
32,1366808438435,"Nyalab","Nyalab leave the IRC (Remote host closed the connection)."
2,1366808716581,"Nyalab","Nyalab join the chan."
1,1366810029203,"_kud","https://twitter.com/backbonejs_fr/status/327048539165298689"
1,1366810032895,"_kud","si ca motive quelquu'n"
2,1366811397418,"rhannequin_","rhannequin_ join the chan."
32,1366811450444,"rhannequin","rhannequin leave the IRC (Ping timeout: 245 seconds)."
256,1366811465067,"rhannequin_","rhannequin_ changed his nick for rhannequin."
1,1366812040347,"revolunet","i0 - ya du pro de l'angular ici ?"
1,1366812974738,"_kud","chut"
2,1366816095177,"lionelB","lionelB join the chan."
256,1366816959811,"lionelB","lionelB changed his nick for _lionelB_."
1,1366817163234,"madx`","@gandi_net: Des volontaires pour tester notre nouvelle instance PaaS Simple Hosting  Nodejs+mongoDB ? beta-hosting@gandi.net pour participer. #nodejs"
1,1366817462025,"_lionelB_","cool"
1,1366817467668,"_lionelB_","tu bosses chez eux ?"
1,1366817607015,"madx`","pas du tout _lionelB_"
1,1366817610344,"madx`","vu sur twitter"
32,1366817650517,"rhannequin","rhannequin leave the IRC (Ping timeout: 245 seconds)."
2,1366818670008,"vvo","vvo join the chan."
32,1366819344890,"vvo","vvo leave the IRC (Read error: Connection reset by peer)."
2,1366819440930,"vvo","vvo join the chan."
32,1366819620620,"endou","endou leave the IRC (Remote host closed the connection)."
32,1366819830252,"vvo","vvo leave the IRC (Read error: Connection reset by peer)."
4,1366820163578,"_lionelB_","_lionelB_ leave the chan."
32,1366820737188,"revolunet","revolunet leave the IRC (Ping timeout: 252 seconds)."
2,1366822111955,"vvo","vvo join the chan."
32,1366822842847,"vvo","vvo leave the IRC (Ping timeout: 252 seconds)."
2,1366823797457,"vvo","vvo join the chan."
1,1366825380178,"_kud","https://github.com/jmreidy/grunt-browserify"
1,1366825382917,"_kud","ca sert a quoi ?"
1,1366825385721,"_kud","rien compris"
1,1366825408229,"_kud","ha je vois"
1,1366825411924,"_kud","https://github.com/substack/node-browserify"
32,1366829305426,"vvo","vvo leave the IRC (Ping timeout: 260 seconds)."
2,1366829611681,"vvo","vvo join the chan."
32,1366829972147,"vvo","vvo leave the IRC (Quit: Leaving.)."
2,1366831471671,"rhannequin","rhannequin join the chan."
32,1366835657837,"MoOx","MoOx leave the IRC (Remote host closed the connection)."
32,1366836926210,"rhannequin","rhannequin leave the IRC (Quit: Page closed)."
