32,1367027300757,"revolunet","revolunet leave the IRC (Quit: revolunet)."
2,1367036464164,"MoOx","MoOx join the chan."
2,1367049902620,"MoOx_","MoOx_ join the chan."
32,1367050101122,"MoOx","MoOx leave the IRC (Ping timeout: 245 seconds)."
32,1367051192748,"MoOx_","MoOx_ leave the IRC (Remote host closed the connection)."
2,1367053964824,"MoOx","MoOx join the chan."
2,1367057817854,"Amatewasu","Amatewasu join the chan."
1,1367058829570,"angezanetti","Marionnette: hello"
17,1367058829578,"Marionnette","angezanetti: Hi! Nice to see you!"
1,1367059792886,"nfroidure","angezanetti, apparemment, y'a des gens qui ont été bloqué à l'entrée :)"
1,1367059873561,"nfroidure","https://twitter.com/jak78/status/327846089803829248"
1,1367059897361,"nfroidure","https://twitter.com/jak78/status/327837265244065792"
1,1367060060784,"angezanetti","ah merde!"
1,1367060148865,"angezanetti","nfroidure: je suis entrain de regarer du coté de REST4 :)"
1,1367060162799,"angezanetti","tu avais testé d'autres framework PHP restfull ?"
1,1367060187094,"angezanetti","genre Slim http://www.slimframework.com/"
1,1367060197712,"angezanetti","ou Zend_REST http://framework.zend.com/manual/1.12/en/zend.rest.html"
1,1367060280185,"nfroidure","yep, ils sont bien"
1,1367060307925,"nfroidure","J'ai voulu faire à ma sauce, DIY, etc... ;)"
1,1367060350504,"angezanetti","yep j'ai bien compris :)s"
1,1367060394690,"nfroidure","Je retombe sur le site de VanillaJS, et je me poile comme la première fois :) http://vanilla-js.com/"
1,1367060441642,"nfroidure","0 byte plain, 25bytes gzipped :D"
1,1367060505640,"angezanetti","héhé tu m\"etonnes ça change de Jquery"
1,1367060576985,"nfroidure","Le billet dont je parlais hier : http://www.insertafter.com/blog-fifo_lifo_javascript.html"
1,1367060593023,"nfroidure","Je me gauffre pas trop avec mon anglais ?"
1,1367060619689,"nfroidure","perso j'utilise MooTools"
32,1367064113514,"Amatewasu","Amatewasu leave the IRC (Quit: WeeChat 0.4.1-dev)."
18,1367075131946,"Marionnette","Marionnette join the chan."
8,1367075132157,"_kud","_kud change topic to \"Communauté française des utilisateurs de JavaScript | Site : http://francejs.org\""
2,1367075144923,"nfroidure","nfroidure join the chan."
2,1367075427112,"revolunet","revolunet join the chan."
1,1367078448424,"angezanetti","nfroidure: j'ai vu que tu l'avais twitté ce matin, mais pa sencore lu"
1,1367078531839,"nfroidure","rien ne presse ;)"
1,1367078583853,"angezanetti","c'est quoi cette photo sur ton blog ?"
1,1367078585688,"angezanetti","LOL"
32,1367080979386,"revolunet","revolunet leave the IRC (Quit: revolunet)."
1,1367082390335,"nfroidure","angezanetti, laquelle celle du bas ou celle de a propos ?"
1,1367083120327,"angezanetti","oui"
2,1367086487475,"lbdremy","lbdremy join the chan."
32,1367091355620,"lbdremy","lbdremy leave the IRC (Read error: Connection reset by peer)."
32,1367094747775,"MoOx","MoOx leave the IRC (Remote host closed the connection)."
