32,1379204063813,"_kud","_kud leave the IRC (Read error: Connection reset by peer)."
32,1379204455185,"bigx","bigx leave the IRC (Read error: Connection reset by peer)."
32,1379206568016,"_mlb_","_mlb_ leave the IRC (Remote host closed the connection)."
2,1379206593891,"_mlb","_mlb join the chan."
32,1379206856844,"_mlb","_mlb leave the IRC (Ping timeout: 256 seconds)."
2,1379208458581,"_mlb","_mlb join the chan."
32,1379208959380,"_mlb","_mlb leave the IRC (Ping timeout: 246 seconds)."
2,1379212347557,"_mlb","_mlb join the chan."
32,1379212831577,"_mlb","_mlb leave the IRC (Ping timeout: 240 seconds)."
2,1379216237747,"_mlb","_mlb join the chan."
32,1379216518472,"_mlb","_mlb leave the IRC (Ping timeout: 256 seconds)."
2,1379219857312,"_mlb","_mlb join the chan."
32,1379220155285,"_mlb","_mlb leave the IRC (Ping timeout: 264 seconds)."
32,1379221329681,"Munto","Munto leave the IRC (Quit: Let's make things Frugal!)."
2,1379223478978,"_mlb","_mlb join the chan."
32,1379223727933,"_mlb","_mlb leave the IRC (Ping timeout: 240 seconds)."
2,1379227098117,"_mlb","_mlb join the chan."
32,1379227352117,"_mlb","_mlb leave the IRC (Ping timeout: 240 seconds)."
2,1379230596443,"_mlb","_mlb join the chan."
32,1379230881418,"_mlb","_mlb leave the IRC (Ping timeout: 260 seconds)."
2,1379234230356,"_mlb","_mlb join the chan."
32,1379234528372,"_mlb","_mlb leave the IRC (Ping timeout: 264 seconds)."
2,1379235837980,"bigx","bigx join the chan."
2,1379239654787,"_mlb","_mlb join the chan."
32,1379239944767,"_mlb","_mlb leave the IRC (Ping timeout: 264 seconds)."
2,1379240068489,"_kud","_kud join the chan."
2,1379245462458,"_mlb","_mlb join the chan."
32,1379245723159,"_mlb","_mlb leave the IRC (Read error: Operation timed out)."
2,1379246157954,"_mlb","_mlb join the chan."
32,1379250977376,"Tobu","Tobu leave the IRC (Ping timeout: 246 seconds)."
2,1379250994127,"Tobu","Tobu join the chan."
32,1379254079947,"_mlb","_mlb leave the IRC (Remote host closed the connection)."
2,1379254106083,"_mlb","_mlb join the chan."
2,1379254212434,"Grirrle","Grirrle join the chan."
32,1379254401099,"_mlb","_mlb leave the IRC (Ping timeout: 264 seconds)."
2,1379255938303,"_mlb","_mlb join the chan."
2,1379256327344,"_mlb_","_mlb_ join the chan."
32,1379256437290,"_mlb","_mlb leave the IRC (Ping timeout: 246 seconds)."
32,1379258779032,"_mlb_","_mlb_ leave the IRC (Remote host closed the connection)."
2,1379258805398,"_mlb","_mlb join the chan."
32,1379259083408,"_mlb","_mlb leave the IRC (Ping timeout: 257 seconds)."
2,1379262436546,"_mlb","_mlb join the chan."
32,1379262695644,"_mlb","_mlb leave the IRC (Ping timeout: 246 seconds)."
2,1379263264600,"_mlb","_mlb join the chan."
32,1379265472723,"_mlb","_mlb leave the IRC (Remote host closed the connection)."
2,1379266319573,"_mlb","_mlb join the chan."
32,1379266980946,"_mlb","_mlb leave the IRC (Remote host closed the connection)."
2,1379267809033,"pfilipovicz","pfilipovicz join the chan."
4,1379267812255,"pfilipovicz","pfilipovicz leave the chan."
32,1379267929850,"_kud","_kud leave the IRC (Quit: Leaving)."
2,1379269871665,"pfilipovicz","pfilipovicz join the chan."
32,1379271123563,"pfilipovicz","pfilipovicz leave the IRC (Quit: Quitte)."
2,1379272286960,"_kud","_kud join the chan."
2,1379273268266,"Grirrle1","Grirrle1 join the chan."
32,1379273443519,"Grirrle","Grirrle leave the IRC (Ping timeout: 260 seconds)."
2,1379274091474,"MoOx","MoOx join the chan."
32,1379274781669,"Grirrle1","Grirrle1 leave the IRC (Quit: Leaving.)."
32,1379276105832,"MoOx","MoOx leave the IRC (Remote host closed the connection)."
32,1379277551782,"_kud","_kud leave the IRC (Quit: Leaving)."
2,1379278536450,"_mlb","_mlb join the chan."
2,1379278681186,"MoOx","MoOx join the chan."
