2,1375222699093,"_MoOx_","_MoOx_ join the chan."
32,1375222837113,"MoOx","MoOx leave the IRC (Ping timeout: 245 seconds)."
32,1375226250054,"kud","kud leave the IRC (Quit: Leaving)."
32,1375243330779,"_MoOx_","_MoOx_ leave the IRC (Remote host closed the connection)."
2,1375243352487,"MoOx","MoOx join the chan."
32,1375246297792,"Munto","Munto leave the IRC (Quit: Let's make things Frugal!)."
2,1375253217156,"Shahor","Shahor join the chan."
2,1375253242235,"HammHetfield","HammHetfield join the chan."
32,1375253407432,"angezanetti","angezanetti leave the IRC (Remote host closed the connection)."
2,1375253483203,"angezanetti","angezanetti join the chan."
1,1375253566037,"angezanetti","ol"
1,1375253794058,"angezanetti","fuse: poing"
2,1375254088266,"gorhgorh","gorhgorh join the chan."
32,1375254143995,"gorhgorh","gorhgorh leave the IRC (Client Quit)."
2,1375254854177,"gorhgorh","gorhgorh join the chan."
2,1375254897281,"kewah","kewah join the chan."
2,1375255340242,"Grirrle","Grirrle join the chan."
32,1375256328794,"gorhgorh","gorhgorh leave the IRC (Quit: gorhgorh)."
1,1375256785835,"_kud","https://twitter.com/tjavascript/status/362459011611754498"
1,1375256786453,"_kud","?"
1,1375256787856,"bobot","@TJavaScript: @Toulibreorg @francejs I think, that you are not right. I suggest it to discuss. Write to me in DM, we will communicate."
1,1375257282006,"tbassetto","_kud: ils sont au Texas, ce soit être un patent troll"
1,1375257469541,"_kud","rofl"
1,1375257538631,"_kud","Ha ouais j'avais pas vu tbassetto"
1,1375257543845,"_kud","j'pensais \"toulouse javascript\""
1,1375257545662,"_kud","j'comprenais pas"
1,1375257551104,"_kud","surtout que le mec dans sa bio c'est en francais"
1,1375257576110,"tbassetto","c'est bien des gens de toulouse, ils ont du se gourrer en renseignant le profil"
1,1375257618374,"_kud","haha"
1,1375257628900,"tbassetto","à mon avis il a lu le tweet rapidement et a interprété \"première conférance FranceJS à Toulouse\" en \"première conférance JavaSript à Toulouse\""
1,1375257649214,"_kud","j'sais pas mais dans tous les cas ils se trompent"
1,1375257653223,"_kud","on en a discuté en interne"
1,1375257656213,"_kud","la conf va bien se faire :)"
1,1375257707259,"kewah","ils auraient surement préféré que vous passiez par toulousejs pour organiser la conf"
2,1375257749093,"endou","endou join the chan."
1,1375257752764,"tbassetto","j'ai encore une autre théorie"
1,1375257764398,"tbassetto","regardez les tweets et RT de la dernière heure: https://twitter.com/TJavaScript"
1,1375257766391,"bobot","@TJavaScript: Prenez connaissance des dernieres avances du JavaScript dans ce meetup Toulousain."
1,1375257770443,"tbassetto","se font fait hacké :)"
1,1375257794718,"tbassetto","il y a de tout et n'importequoi"
1,1375257821764,"_kud","attends y'a une différence entre toulousejs et tjavascript hein ;)"
1,1375257831420,"_kud","on est passés par eux kewah"
1,1375257838773,"kewah","ah mokay"
1,1375257843270,"_kud","c'est d'ailleurs eux qui nous ont proposé de le mettre sous le nom de francejs"
1,1375257844324,"_kud",";)"
1,1375257871522,"_kud","poke MoOx et goldoraf en fait :D"
1,1375258001008,"nfroidure","Ouis, nous en en b.. pas une su ce coup là :D"
1,1375258011455,"MoOx","on est ToulouseJS"
1,1375258021337,"MoOx","et on a voulu le faire sous le nom FranceJS"
1,1375258023917,"MoOx","voilà"
1,1375258029678,"MoOx","(j'ai pas suivi le début)"
1,1375258031377,"_kud","et c'est bien gentil de vot' part"
1,1375258034067,"_kud","m'enfin"
1,1375258036571,"_kud","de notre part"
1,1375258039592,"_kud",":D"
1,1375258043491,"MoOx","gentil => normal"
1,1375258056959,"_kud","j'ai tjs du mal a ce qu'on me dise \"vous\" \"tu\""
1,1375258060280,"_kud","lorsqu'on parle de francejs"
1,1375258060810,"MoOx","ca sert a rien de se la jouer \"genre\""
1,1375258067892,"_kud","car c'est autant moi que n'importe qui en fait"
1,1375258070645,"nfroidure","MoOx, sinon, vous avez eu bcp de propals ?"
1,1375258074231,"_kud","a partir du moment que tu fais du js en france"
1,1375258074831,"_kud",":)"
1,1375258078801,"MoOx","pour l'instant je sias pas"
1,1375258085429,"MoOx","goldoraf doit les recevoir"
1,1375258093797,"MoOx","je lui demanderais à l'occas"
1,1375258103215,"nfroidure","Oki, sinon, hésites pas à nous bipper on fera une comm juste sur ça"
1,1375258143345,"MoOx","oué"
1,1375258154087,"_kud","\"hésites\""
1,1375258156990,"MoOx","au pire on fera un appel \"interne\" si on s'estime en manque"
1,1375258157561,"_kud","NAN MAIS SERIEUX"
1,1375258164966,"MoOx","on contactera directe des pointures :)"
1,1375258170798,"_kud","j'fais du 46"
1,1375258174740,"MoOx","enfin les gens ici quoi :D"
256,1375258840629,"madx`","madx` changed his nick for madx``."
256,1375258846948,"madx``","madx`` changed his nick for madx`."
1,1375258906476,"nfroidure","Bon, pour les places CaenJS, je propose à ceux qui ont le temps de faire un Jasper avec à la fin du jasper un message secret qui devra être twitté en premier par le gagnant."
1,1375258937690,"_kud","?"
1,1375258941368,"_kud","J'ai pas suivi !a"
1,1375259016666,"nfroidure","_kud, CaenJS nous propose de mettre en jeu 5 places à gagner."
1,1375259047328,"nfroidure","Ce projet permet de mettre au défi des dévs front-end via la console web : https://github.com/kalisjoshua/Jasper"
1,1375259048821,"bobot","A lightweight interactive assessment tool for JavaScript candidates. | Stars: 34 | Forks: 8 | Last update: July 17, 2013"
1,1375259095051,"nfroidure","Apparemment, c'est aussi simple que de personnaliser ce fichier : https://github.com/kalisjoshua/Jasper/blob/master/jasper.asks.js pour avoir un truc custom."
1,1375259096425,"bobot"," | Stars: 34 | Forks: 8 | Last update:"
1,1375259327563,"_kud","Je vois nfroidure :)"
1,1375259395979,"nfroidure","Perso, je suis chaud pour en faire un. Après comme y'a 5 places on peut en faire 5 si y'a des volontaires :)"
2,1375259695449,"gorhgorh","gorhgorh join the chan."
1,1375259908333,"gorhgorh","amis du javascript de france et de navarre bien le bonjour :)"
1,1375260935657,"_kud","lo"
32,1375261119613,"_mlb","_mlb leave the IRC (Read error: Connection reset by peer)."
2,1375261151519,"_mlb","_mlb join the chan."
2,1375262139047,"oncletom","oncletom join the chan."
32,1375263220933,"_mlb","_mlb leave the IRC (Remote host closed the connection)."
32,1375263577969,"oncletom","oncletom leave the IRC (Read error: Connection reset by peer)."
2,1375263581100,"oncletom1","oncletom1 join the chan."
1,1375264020374,"angezanetti","endou: tu codes en Go ? Tu en penses quoi? tu fais quoi avec?"
1,1375264216514,"tbassetto","je faisais un server web en go au boulot, puis j'ai pleuré, j'ai tout balancé et délégué le travail"
2,1375264624203,"_mlb","_mlb join the chan."
1,1375264739020,"endou","angezanetti: De temps en temps, j'aime bien, le runtime est tres leger, ca compile surper vite, j'suis fan absolu de go-fmt les perfs sont pas degueux, j'aime beaucoup le systeme de struct et interfaces et les primitives pour gerer la concurence (channels, go routines). Faire des handlers HTTP c'est vraiment du bonheur (interface: Req -> Res) le langage est generaliste mais il est dans les plates bandes du C et ca se sent."
1,1375264769519,"endou","angezanetti: et la lib standard est bien fournie aussi"
32,1375264868083,"mab1","mab1 leave the IRC (Read error: Connection reset by peer)."
1,1375265007821,"endou","angezanetti: De mon cote j'ai fait des truc du genre proxy pour dl la musique streamé par Grooveshark, ou pour rediriger une appli iPhone vers un serveur de dev plutot que la version prod (pas d'acces aux sources de l'app..)"
2,1375265028170,"mab","mab join the chan."
1,1375265030439,"endou","angezanetti: Le langage est assez pratique pour ca et en 10 minutes c'est plié"
2,1375265252579,"rhannequin","rhannequin join the chan."
2,1375265306560,"fbentz","fbentz join the chan."
1,1375265467618,"angezanetti","merci pour le retour :)"
1,1375265581702,"endou","np :)"
1,1375265665981,"fbentz","Hello :)"
32,1375265724172,"kewah","kewah leave the IRC (Quit: kewah)."
2,1375265774896,"kewah","kewah join the chan."
1,1375266326912,"endou","angezanetti: j'ai ce repo public en Go: https://github.com/pauldub/go-heroku  c'est un ptit client a l'api d'heroku pas complet :)"
1,1375266328160,"bobot","A Heroku API client written in Go. | Stars: 0 | Forks: 0 | Last update: April 02, 2013"
1,1375266834860,"endou","home"
1,1375266860069,"_kud","sweet home"
1,1375266945500,"endou",";)"
32,1375267453027,"bobot","bobot leave the IRC (Remote host closed the connection)."
1,1375268336609,"nfroidure","Bon, j'ai quasi fini mon défi Jasper. Personne d'intéressé pour en faire un ?"
32,1375270627536,"kewah","kewah leave the IRC (Quit: kewah)."
1,1375271072420,"nfroidure","Y'a quoi comme module node simple pour minifier une liste de fichiers JS pasés en argument ?"
32,1375271856593,"pfilipovicz","pfilipovicz leave the IRC (Quit: This computer has gone to sleep)."
32,1375272337801,"rhannequin","rhannequin leave the IRC (Ping timeout: 268 seconds)."
32,1375272443744,"oncletom1","oncletom1 leave the IRC (Quit: Leaving.)."
32,1375272461501,"endou","endou leave the IRC (Ping timeout: 260 seconds)."
2,1375273440546,"oncletom","oncletom join the chan."
2,1375274003494,"endou","endou join the chan."
32,1375274524503,"endou","endou leave the IRC (Ping timeout: 246 seconds)."
1,1375275232185,"nfroidure","Voilà mon défi : http://francejs.org/concours.html"
2,1375275386398,"endou","endou join the chan."
32,1375275808077,"gorhgorh","gorhgorh leave the IRC (Read error: Connection reset by peer)."
2,1375275820576,"gorhgorh","gorhgorh join the chan."
1,1375275845586,"gorhgorh","ahhh un petit coup de jasper :)"
1,1375275872264,"gorhgorh","bon, ben des que j'ai 10 mn je m'y lance , c'est long ? que je le commence ce soir si c'est le cas )"
1,1375275938265,"gorhgorh","du coup tu veux vinifier ET concaténer ou juste vinifier une liste de ficher mais un par un ?"
1,1375275950176,"gorhgorh","vinifier et non pas vinifier, bien sur"
2,1375275981578,"eaSy60","eaSy60 join the chan."
1,1375276020221,"nfroidure","j'ai fait npm install minify, mais c'est overkil, j'ai vu passer uglify-js dans les dependances. J'aurai pu m'en contenter je pense."
1,1375276045014,"nfroidure","Pour la durée, c'est pas long pour les cracks long voire infini pour les noobs ;)"
1,1375276069521,"gorhgorh","ouais c'est clair j'allais te dire que je pense que uglify se suffit a lui meme pour ca"
1,1375276078952,"gorhgorh"," et donc, sinon je vais me garder ça pour ce soir alors :)"
1,1375276089421,"gorhgorh","je sues in-between je pense =)"
1,1375276092436,"gorhgorh","suis"
1,1375276131873,"nfroidure","Par contre, la place sera pour le premier, ce soir, ça aura de l'int\"rêt que pour le challenge, plus pour la place je pense."
1,1375276170309,"gorhgorh","ben justement c'est le chalenge qui me tente"
1,1375276177268,"gorhgorh","caen c'est LOIN :)"
1,1375276350663,"eaSy60","Le challenge ? Y'a un concours ?"
1,1375276381544,"nfroidure","eaSy60, Y'a une place CaenJS à gagner là : http://francejs.org/concours.html"
32,1375276426316,"endou","endou leave the IRC (Remote host closed the connection)."
1,1375276456123,"eaSy60","ha dommage ^^"
1,1375276459627,"eaSy60","C'est loiing"
2,1375276602064,"endou","endou join the chan."
2,1375276959979,"pfilipovicz","pfilipovicz join the chan."
32,1375277094267,"pfilipovicz","pfilipovicz leave the IRC (Client Quit)."
1,1375277756621,"angezanetti","si tu met des 'g' à loin c'est que tu es pas à coté oui :p"
1,1375277849142,"fbentz","Oh Peuchère ;)"
1,1375278946084,"nfroidure","Et voilà, un gagnant :D"
1,1375279092163,"No`","bon sud vs. mauvais sud."
1,1375279094952,"No`","http://www.chocolatineoupainauchocolat.fr/resultats.php"
1,1375279110198,"No`","LIBERTÉ POUR LA CHOCOLATINIE !"
1,1375279254253,"gorhgorh","j'ai toujours un problème avec jasper, je trouve les intitulé pas clair :)"
4,1375279310257,"fbentz","fbentz leave the chan."
2,1375279333379,"fbentz","fbentz join the chan."
1,1375279342261,"oncletom","des fois c'est zarb ouais"
1,1375279348289,"oncletom","mais le concept est sympatoche"
1,1375279364457,"gorhgorh","ben comme c'est du command line tu a pas la place de faire des belles explications"
1,1375279373527,"gorhgorh","ouais, et puis j'ai qu'a mieux comprendre aussi"
1,1375279769948,"nfroidure","Si vous bloquez à la question à propos du textContent, c'est normal, on m'a indiqué une erreur"
1,1375279801151,"nfroidure","J'ai corrigé, vous pouvez actualiser."
32,1375279889049,"endou","endou leave the IRC (Ping timeout: 245 seconds)."
4,1375280157513,"fbentz","fbentz leave the chan."
2,1375280166587,"fbentz","fbentz join the chan."
32,1375280204256,"gorhgorh","gorhgorh leave the IRC (Quit: gorhgorh)."
1,1375280261353,"nfroidure","Personne de motivé pour créer un autre défi ?"
2,1375280416191,"endou","endou join the chan."
32,1375280834480,"Tobu","Tobu leave the IRC (Remote host closed the connection)."
2,1375281800169,"gorhgorh","gorhgorh join the chan."
2,1375281818807,"Tobu","Tobu join the chan."
1,1375281857191,"gorhgorh","ça fausse le concours tout ça :)"
2,1375282236837,"Shahor_","Shahor_ join the chan."
32,1375282298239,"Shahor","Shahor leave the IRC (Ping timeout: 256 seconds)."
1,1375282329661,"nfroidure","Personne veut de la place :("
1,1375282454915,"gorhgorh","falais fait thaiti js !!!"
1,1375282458759,"gorhgorh","faire"
1,1375282466528,"gorhgorh","tahiti"
1,1375282475669,"gorhgorh","rahhh trop de typo aujourd'hui"
1,1375282497404,"nfroidure","Billet d'avion inclus oui, mais sans, je crois que le résultat auraît été le même ;)"
1,1375282513817,"nfroidure","Pourtant le programme de CaenJS vaut le déplacement"
1,1375282633259,"gorhgorh","ouais mais dans mon cas mon quota de voyage est overdépassé … Full frontal et lxjs dans le pipe, et la nodeconf.eu en attente"
1,1375282764548,"gorhgorh","quitte a quand je conf j'en profite pour voyager )"
1,1375282863906,"_mlb","ait fini le test nfroidure"
256,1375282956200,"Shahor_","Shahor_ changed his nick for Shahor."
1,1375283011980,"nfroidure","_mlb, j'aurai pas cru que tu y serais arrivé, je t'aurai plutôt vu tricher."
1,1375283017695,"nfroidure","Ah non, j'ai rien dis :)"
1,1375283033969,"_mlb","je viens de te DM un gist avec mes réponses :)"
1,1375283052250,"_mlb","AH BAH MERCI nfroidure"
1,1375283055490,"_mlb","ÇA FAIT PLAISIR"
1,1375283059801,"nfroidure",":D"
1,1375283078257,"nfroidure","Sinon, elle t'intéresse la place ?"
1,1375283090883,"_mlb","j'sais pas, c'est quand le prochain ?"
1,1375283104617,"_mlb","parce qu'il m'arrive de remonter sur Caen"
1,1375283128069,"nfroidure","caenjs.eventbrite.fr"
1,1375283165887,"_mlb","ben si c'est un week end carrément ouais"
1,1375283180023,"nfroidure","_mlb, plus sérieusement, tu en fait un de défi ? Je sens que ça te brûle :D"
1,1375283209643,"_mlb","ça peut être fun"
1,1375283361630,"nfroidure","Ma soluce : https://gist.github.com/nfroidure/1ae4098a8bd50b0179bd"
1,1375283407659,"nfroidure","Bon, ben je t'annonce gagnant vu que t'es le premier a en vouloir :p. Si tu fais un défi, on met la deuxième place dessus."
1,1375283415774,"_mlb","ça marche"
1,1375283524442,"_mlb","je vais essayer de trouver quelques idées un peu hardues"
1,1375283703192,"nfroidure","Y'a un mec qui a sorti le truc en base64 comme réponse : https://twitter.com/geekuillaume/status/362588463343742976"
1,1375283722715,"gorhgorh","hé hé content de ne pas avoir voulu la place, je l'aurais pas gagnée )"
1,1375283729898,"nfroidure","Bon, la sécu était pas au top, mais les vielles marmites font tjrs de la bonne soupe :D"
1,1375284145532,"_mlb","haha le mec qui essaye"
1,1375284231045,"nfroidure","En tout cas tu connais l'erreur à pas faire pour qu'on craque ton défi :)"
1,1375284255733,"_mlb","yep"
1,1375284265217,"_mlb","mais le coup de mettre un peu de wtfjs était pas con"
1,1375284267979,"nfroidure","Par contre, pour la conférence de Toulouse ça pourrait être cool de faire des défis comme ça."
1,1375284288819,"nfroidure","Soit le premier qui résoud un défi a un lot, soit le seul dont le défi a pas été résolu ou a été résolu en dernier a un lot"
1,1375284405914,"gorhgorh","moi j'en ai un bien poilu, reconstruire l'algol qui a pond 42 a la question \"Answer to the Ultimate Question of Life, the Universe, and Everything\""
1,1375284438263,"gorhgorh","mais bon j'aurais du mal a verifier la validité :)"
32,1375284509073,"Shahor","Shahor leave the IRC (Remote host closed the connection)."
1,1375284626690,"nfroidure","Arnaud Sing m'a proposé de constituer la réponse au fur et à mesure des questions. Ça plus un coup de WTF ça pourrait le faire."
1,1375284834747,"madx`","nfroidure: ça marche pas du tout sous Firefox"
1,1375284865369,"nfroidure","j'ai pas testé. C'est étonnant."
1,1375284965148,"madx`","ça foire au niveau 1 (new)"
1,1375285020085,"nfroidure","je viens de test"
1,1375285228701,"nfroidure","J'ai MAJ la page avec la source non minifiée."
1,1375285369409,"nfroidure","Apparemment, le bug est dans le moteur : car var obj=new String('hello'); obj && obj instanceof String && obj+''==='hello'; // true"
1,1375285510692,"madx`","chelou, ça marche toujours pas"
1,1375285553825,"_mlb","typeof str == \"object\" && str.valueOf() == \"hello\" ça suffit pas ?"
4,1375285658097,"gorhgorh","gorhgorh leave the chan."
2,1375285670577,"gorhgorh","gorhgorh join the chan."
32,1375286289413,"endou","endou leave the IRC (Ping timeout: 245 seconds)."
32,1375286919056,"HammHetfield","HammHetfield leave the IRC (Quit: HammHetfield)."
2,1375287044030,"endou","endou join the chan."
1,1375287102860,"nfroidure","pff, non, c'est la lib..."
1,1375287119388,"nfroidure","Le mec a forcé sur la vodka pour que ça passe sous chrome mais pas FF"
32,1375287292695,"gorhgorh","gorhgorh leave the IRC (Quit: gorhgorh)."
32,1375287902013,"endou","endou leave the IRC (Ping timeout: 246 seconds)."
2,1375288200363,"rhannequin","rhannequin join the chan."
32,1375288373336,"eaSy60","eaSy60 leave the IRC (Quit: Leaving...)."
1,1375288683228,"_mlb","nfroidure DM"
1,1375288827358,"nfroidure","_mlb, j'ai vu, c'est bien. Juste la dernière."
1,1375288832895,"nfroidure","Jasper gère pas l'asynchrone"
1,1375288859420,"nfroidure","J'ai dû tricher pour le setTimeout :)"
1,1375288878207,"_mlb","on est obligé d'utiliser Jasper ?"
1,1375288917657,"nfroidure","Bah, non"
1,1375288932062,"_mlb","parce qu'un console.log qui valide ou invalide c'est jouable"
1,1375288936792,"nfroidure","Mais je suis entrain d'investiguer et le bug est vraiment très étrange."
1,1375288955384,"nfroidure","On dirait que c'est pas non-plus la faut de Casper."
1,1375288970700,"nfroidure","Mais j'arrive pas à l'isoler"
2,1375289180716,"eaSy60","eaSy60 join the chan."
1,1375289258592,"nfroidure","Enfait, le obj instanceof String retourne false dans la fonction, mais je vois pas de redéfinition de String dans Jasper."
1,1375289455369,"_mlb","sinon {}.toString.call(str) === \"[object String]\" et hop"
1,1375289462708,"_mlb","ça reste le moyen le plus sur"
32,1375289729079,"_mlb","_mlb leave the IRC (Ping timeout: 246 seconds)."
32,1375289772180,"Grirrle","Grirrle leave the IRC (Quit: Leaving.)."
32,1375290083962,"rhannequin","rhannequin leave the IRC (Remote host closed the connection)."
1,1375290189171,"nfroidure","Oh pitain, j'ai trouvé"
1,1375290196627,"nfroidure","C'est un bug FF"
1,1375290493383,"nfroidure","var test=(function() {"
1,1375290493508,"nfroidure","	var cbs=[];"
1,1375290493548,"nfroidure","	var step=0;"
1,1375290493548,"nfroidure","	var API={};"
1,1375290493549,"nfroidure","	var testFunction = function(command, arg) {"
1,1375290494160,"nfroidure","		if(API[command]) {"
1,1375290495911,"nfroidure","			cbs.push(arg);"
1,1375290499910,"nfroidure","		} else if(step<cbs.length&&cbs[step].apply(this,arguments)) {"
1,1375290501901,"nfroidure","			console.log('ok');"
1,1375290503912,"nfroidure","		} else {"
1,1375290505871,"nfroidure","			console.log('notok');"
1,1375290507889,"nfroidure","		}"
1,1375290510005,"nfroidure","	};"
1,1375290511891,"nfroidure","	return testFunction;"
1,1375290514126,"nfroidure","})();"
1,1375290515883,"nfroidure","test('add',function(obj) {"
1,1375290517874,"nfroidure","	return obj instanceof String;"
1,1375290519887,"nfroidure","});"
1,1375290521869,"nfroidure","test(new String('hello'));"
1,1375290523874,"nfroidure","Arf, dslé"
2,1375290544459,"_mlb","_mlb join the chan."
2,1375290740825,"Amatewasu","Amatewasu join the chan."
2,1375292979650,"rhannequin","rhannequin join the chan."
32,1375293069274,"rhannequin","rhannequin leave the IRC (Remote host closed the connection)."
1,1375293125694,"nfroidure","_mlb, le bug vient de la console de Firefox :("
32,1375293843165,"Amatewasu","Amatewasu leave the IRC (Ping timeout: 256 seconds)."
1,1375294169692,"nfroidure","Poiur les curieux, le rapport de bug. https://bugzilla.mozilla.org/show_bug.cgi?id=900103 #gomiam"
2,1375294381268,"kud","kud join the chan."
32,1375294432146,"_kud","_kud leave the IRC (Ping timeout: 264 seconds)."
2,1375294653120,"gorhgorh","gorhgorh join the chan."
32,1375295392639,"oncletom","oncletom leave the IRC (Quit: Leaving.)."
32,1375295578776,"gorhgorh","gorhgorh leave the IRC (Quit: gorhgorh)."
2,1375295715334,"gorhgorh","gorhgorh join the chan."
1,1375296629192,"nod_","c'est pas comme si new String c'était une super bonne pratique non plus :p"
1,1375296642559,"nod_","pour moi c'est tous les jours vendredi"
32,1375296781997,"eaSy60","eaSy60 leave the IRC (Quit: Leaving...)."
1,1375296808648,"nod_","nfroidure: true, true, true. on FF avec firebug ou la console intégrée"
1,1375296854930,"nfroidure","nod_, tout dépend, si ta chaîne est très longue et qu'elle doit passer par plusieurs arguments de fonction ou retour de fonction (prend le cas de la programmation fonctionnelle), alors, utiliser un objet string plutôt que sa forme primitive t'évite de copier la chaîne à chaque fois."
2,1375296960336,"eaSy60","eaSy60 join the chan."
1,1375297008441,"nfroidure","Malheureusement, ce raisonnement a ses limites puisque toutes les méthodes de String sont non mutatives"
1,1375297167829,"nod_","j'ai du mal a croire que si tu fous la chaine dans une variable et que tu envoie ça dans une fonction ça copie la valeur"
1,1375297177005,"nfroidure","nod_, c'est important d'ouvrir le fichier index.html dans ton browser et de taper la commande dans la console."
1,1375297280038,"nfroidure","nod_, pire :) Les types primitifs sont constamment transformé en objets puis reconvertis en type primitifs."
1,1375297308090,"nod_","I see, false false false"
1,1375297351389,"nfroidure","oki, donc tu as aussi le bug. hésites pas à le confirmer dans les commentaires."
1,1375297378028,"nod_","j'ai pas d'account sur le bug tracker"
1,1375297406589,"nod_","mais ça mange pas de pain de préciser qu'il faut ouvrir le fichier pour voir le problèmze"
2,1375298890868,"pfilipovicz","pfilipovicz join the chan."
4,1375298904245,"pfilipovicz","pfilipovicz leave the chan."
32,1375299445316,"gorhgorh","gorhgorh leave the IRC (Quit: gorhgorh)."
2,1375299473812,"gorhgorh","gorhgorh join the chan."
32,1375300269567,"eaSy60","eaSy60 leave the IRC (Quit: Linkinus - http://linkinus.com)."
32,1375300511186,"gorhgorh","gorhgorh leave the IRC (Quit: gorhgorh)."
2,1375300954542,"gorhgorh","gorhgorh join the chan."
2,1375301064950,"filipovi","filipovi join the chan."
32,1375301674326,"filipovi","filipovi leave the IRC (Quit: This computer has gone to sleep)."
32,1375303545965,"gorhgorh","gorhgorh leave the IRC (Quit: gorhgorh)."
2,1375306423126,"revolunet","revolunet join the chan."
