2,1366322716518,"euskadi31","euskadi31 join the chan."
32,1366328898676,"Atu","Atu leave the IRC (Quit: [\"Textual IRC Client: www.textualapp.com\"])."
2,1366347550405,"MoOx","MoOx join the chan."
32,1366349167645,"MoOx","MoOx leave the IRC (Remote host closed the connection)."
2,1366351951886,"MoOx","MoOx join the chan."
2,1366352468492,"felixgilles","felixgilles join the chan."
2,1366353264444,"HammHetfield","HammHetfield join the chan."
2,1366353371583,"HammHetfield_","HammHetfield_ join the chan."
32,1366353538981,"HammHetfield","HammHetfield leave the IRC (Ping timeout: 264 seconds)."
256,1366353539781,"HammHetfield_","HammHetfield_ changed his nick for HammHetfield."
2,1366354174324,"fuse","fuse join the chan."
2,1366354685363,"cbonnissent","cbonnissent join the chan."
1,1366354944369,"angezanetti","o/"
2,1366355024697,"kewah","kewah join the chan."
2,1366356149619,"Nyalab","Nyalab join the chan."
1,1366356155780,"cbonnissent","hello !"
2,1366357704750,"rhannequin","rhannequin join the chan."
2,1366358130923,"_kud","_kud join the chan."
32,1366358228476,"_kud","_kud leave the IRC (Remote host closed the connection)."
2,1366359045815,"NimS","NimS join the chan."
2,1366360023392,"showtim34","showtim34 join the chan."
32,1366361020437,"MoOx","MoOx leave the IRC (Read error: Connection reset by peer)."
2,1366361138215,"MoOx","MoOx join the chan."
32,1366361172735,"rhannequin","rhannequin leave the IRC (Ping timeout: 245 seconds)."
32,1366361658019,"MoOx","MoOx leave the IRC (Ping timeout: 264 seconds)."
2,1366361687645,"rhannequin","rhannequin join the chan."
2,1366362287714,"_kud","_kud join the chan."
2,1366365444133,"NimS1","NimS1 join the chan."
32,1366365520828,"NimS","NimS leave the IRC (Ping timeout: 264 seconds)."
32,1366365772845,"rhannequin","rhannequin leave the IRC (Ping timeout: 245 seconds)."
32,1366366946676,"HammHetfield","HammHetfield leave the IRC (Ping timeout: 252 seconds)."
1,1366367310639,"_kud","Les mecs, faut qu'on écrive un article a human coders, poke nfroidure"
1,1366367322352,"_kud","ils m'avaient demandé de leur faire un article qu'ils posteront sur leur site"
1,1366367381446,"_kud","romainhuet: aurais-tu un peu de temps prochainement ? Histoire qu'on puisse voir ce qu'on peut faire ensemble entre francejs et parisjs ?."
2,1366367586955,"HammHetfield","HammHetfield join the chan."
1,1366369824669,"nfroidure","_kud : quelle est l'idée ? Présenter FranceJS ?"
1,1366369847985,"nfroidure","Ca pourrait prendre la forme d'un interview d'un des fondateurs par ex"
32,1366370117247,"NimS1","NimS1 leave the IRC (Quit: Leaving.)."
2,1366371007046,"MoOx","MoOx join the chan."
32,1366371263458,"showtim34","showtim34 leave the IRC (Ping timeout: 272 seconds)."
2,1366372314511,"NimS","NimS join the chan."
2,1366372600954,"rhannequin","rhannequin join the chan."
1,1366373348983,"_kud","oui nfroidure"
1,1366373351943,"_kud",":)"
1,1366373372015,"nfroidure","Ca peut être toi par exemple :)"
2,1366373591207,"showtim34","showtim34 join the chan."
1,1366373680363,"_kud","exact"
1,1366373682932,"_kud","j'vais faire ca"
1,1366373777043,"madx`",":D"
2,1366374489895,"lionelB","lionelB join the chan."
32,1366374672926,"rhannequin","rhannequin leave the IRC (Ping timeout: 245 seconds)."
1,1366374997055,"nfroidure","Héhé :) Les tests unitaires basé sur Rest c'est juste le pied !"
1,1366375013499,"lionelB","o__0 c'est a dire ?"
1,1366375014277,"nfroidure","Write less, test more !"
1,1366375015029,"_kud","Non;"
1,1366375052897,"nfroidure","Tu test ton code au niveau de l'API Rest"
1,1366375057005,"nfroidure","*es"
1,1366375134151,"nfroidure","Bien-sûr, ça marche que pour le back"
1,1366375149057,"lionelB","ah ok"
1,1366375179921,"lionelB","tu test coté api back (production) ou coté client (consommation) ?"
1,1366375190606,"lionelB","je sais pas si c'est clair"
1,1366375260255,"nfroidure","Je teste avec une ressource Rest /unit.dat?multiple=1"
1,1366375271281,"nfroidure","Comme ça le résultat de mes tests est aussi une ressource"
2,1366375286154,"VitamineD","VitamineD join the chan."
1,1366375341341,"nfroidure","Et je peux filtrer une partie des tests seulement : /unit.dat?filter=RestDb&multiple=1"
1,1366375371374,"lionelB","derrière ca lance les suite de tests unitaires ?"
1,1366375375687,"nfroidure","L'avantage, c'est que tu es sûr que ton API fonctionne sans forcément tester chaque classe/fonction"
1,1366375424863,"nfroidure","lionelB, mes tests c'est des fichiers descriptifs, genre :"
1,1366375425662,"nfroidure","title=Testing content negociation redirection with unsupported charset"
1,1366375426462,"nfroidure","request.method=GET"
1,1366375426462,"nfroidure","request.uri=uri/xxxx.dat"
1,1366375426462,"nfroidure","request.headers.!.name=Accept-Charset"
1,1366375426462,"nfroidure","request.headers.*.value=iso900"
1,1366375427259,"nfroidure","response.code=406"
1,1366375429322,"nfroidure","response.headers.!.name=Location"
1,1366375431317,"nfroidure","response.headers.*.value=/uri/xxxx.txt"
1,1366375501631,"nfroidure","Et en gros, les tests consistent à exécuter une requête et comparer le résultat avec le résultat attendu"
1,1366375524700,"madx`","http://enchantjs.com/"
1,1366375539837,"cbonnissent","ça à l'air top enchantjs :D"
1,1366375617043,"lionelB","cbonnissent coucou!"
1,1366375642737,"lionelB","nfroidure tu utilises une lib pour ca ?"
32,1366375654577,"MoOx","MoOx leave the IRC (Ping timeout: 256 seconds)."
1,1366375687546,"nfroidure","Nope, c'est inclus dans mon fw rest"
1,1366375701606,"nfroidure","Mais dans l'absolut, c'est assez facile de le faire en JS par ex."
1,1366375702711,"_kud","J'hésite à faire ça : var £ = window.jQuery;"
1,1366375714927,"nfroidure","-t"
1,1366375726777,"lionelB","_kud la classe internationnale, mec!"
1,1366375730588,"nfroidure","Voire avec curl et des fichiers texte"
1,1366375841502,"nfroidure","Je trouve ça plus efficient que de tout tester frénétiquement avec le surcoût engendré en mo"
1,1366375848294,"nfroidure","Pour un résultat identique"
1,1366375874882,"lionelB","efficient = efficace ?"
1,1366375940359,"nfroidure","non, efficient, ça veut dire que le résultat est le même mais la mise en oeuvre plus simple"
1,1366375957413,"lionelB","merci"
1,1366376029183,"lionelB","nfroidure uri.dat c'est les données attendues ?"
1,1366376098323,"lionelB","je suis pas d'avoir tout saisi, t'as une api rest qui sert a tester ton api ?"
1,1366376120128,"nfroidure","une route disons"
1,1366376150457,"lionelB","une route de test"
1,1366376230129,"lionelB","mais mais qui teste la route de test ?"
2,1366376272617,"MoOx","MoOx join the chan."
1,1366376312903,"nfroidure","Je lance un cron tous les soir qui m'envoie par mail le contenu de la resource de test"
1,1366376337125,"nfroidure","Ou, comme maintenant, je lis la ressource dans le navigateur, avant de commiter"
1,1366376452160,"nfroidure","Tous mes tests sont là, si tu veux jeter un oeil : https://github.com/nfroidure/Rest4/tree/master/tests"
1,1366376456494,"lionelB","1 appel lance plusieur test ou 1 seul ?"
1,1366376467143,"lionelB","ouep ca me rend curieux ton histoire :)"
1,1366376534634,"nfroidure","1 appel lance la totalité, ou un subset si tu filtres"
1,1366376559614,"nfroidure","Tu peux aussi lancer ceux du projet et/ou ceux du fw"
1,1366376594559,"madx`","_kud: +1 pour £"
1,1366376595400,"nfroidure","Pour en excuter qu'un : /unit.dat?filter=RestDb01&multiple=1"
1,1366376599383,"_kud",":D"
1,1366376619450,"nfroidure","Mais bon, certaines requêtes sont dépendantes des suivantes."
1,1366376656618,"nfroidure","Par exemple, pour tester les drivers de base de donnée, ils créent une base, puis une table puis une entrée, puis la modifie puis supprime tout ce qui a été créé."
1,1366376658504,"lionelB","oki ton .dat décrit la request et la response attendue"
1,1366376678148,"nfroidure","Voilà"
1,1366376701500,"nfroidure","Ca pourrait être un json ou autre, le principe change pas"
1,1366376721467,"lionelB","je viens de comprendre, je crois ^_^"
1,1366376853015,"lionelB","ca pourrait faire l'objet d'une lib, non ?"
1,1366376895536,"nfroidure","L'idéal ça serait un script pour CasperJS"
1,1366376928191,"nfroidure","Genre si le test échoue, il rejoue la requête mais en ouvrant un onglet et la console"
1,1366376936994,"nfroidure","Comme ça t'es prêt à débuger"
1,1366377346387,"lionelB","ahah pas con"
1,1366378429370,"nfroidure","le mieux si l'API est RESTful (connectivité) serait de pouvoir faire une découverte + génération automatique des tests avec échantillons significatifs."
1,1366378451594,"nfroidure","Comme ça, t'as même plus de tests à écrire :p"
32,1366378542027,"MoOx","MoOx leave the IRC (Ping timeout: 264 seconds)."
2,1366379049079,"MoOx","MoOx join the chan."
1,1366379180139,"lionelB","nfroidure attention la surchauffe ;) et je sais pas si beaucoup d'aPI sont réellement REstFull"
1,1366379260052,"nfroidure","De mon côté, il me manque justement cette fameuse connectivité"
1,1366379276027,"nfroidure","C'est possible de le faire, mais tellement chronophage :/"
2,1366382195085,"Atu","Atu join the chan."
1,1366382432293,"nfroidure","fuse, enfin décidé à passer par là :)"
32,1366384803499,"felixgilles","felixgilles leave the IRC (Quit: Konversation terminated!)."
1,1366385762124,"angezanetti","nfroidure: o/ fuse"
32,1366386844858,"endou","endou leave the IRC (Ping timeout: 252 seconds)."
2,1366386956389,"endou","endou join the chan."
32,1366387015008,"HammHetfield","HammHetfield leave the IRC (Quit: HammHetfield)."
2,1366387085310,"NimS1","NimS1 join the chan."
32,1366387223585,"NimS","NimS leave the IRC (Ping timeout: 272 seconds)."
32,1366387289787,"cbonnissent","cbonnissent leave the IRC (Quit: Quitte)."
2,1366387340796,"NimS","NimS join the chan."
32,1366387441244,"NimS1","NimS1 leave the IRC (Ping timeout: 255 seconds)."
32,1366387792718,"NimS","NimS leave the IRC (Ping timeout: 256 seconds)."
2,1366387886202,"NimS","NimS join the chan."
32,1366388232653,"NimS","NimS leave the IRC (Ping timeout: 258 seconds)."
2,1366388555373,"NimS","NimS join the chan."
32,1366388606628,"kewah","kewah leave the IRC (Quit: kewah)."
4,1366388607973,"NimS","NimS leave the chan."
32,1366388614731,"_kud","_kud leave the IRC (Remote host closed the connection)."
32,1366389134027,"Nyalab","Nyalab leave the IRC (Remote host closed the connection)."
32,1366391846351,"MoOx","MoOx leave the IRC (Ping timeout: 245 seconds)."
32,1366392246248,"showtim34","showtim34 leave the IRC (Ping timeout: 245 seconds)."
2,1366392661654,"showtim34","showtim34 join the chan."
32,1366393204978,"showtim34","showtim34 leave the IRC (Remote host closed the connection)."
2,1366394829216,"_kud","_kud join the chan."
32,1366395711096,"Atu","Atu leave the IRC (Quit: [\"Textual IRC Client: www.textualapp.com\"])."
4,1366402647411,"lionelB","lionelB leave the chan."
