32,1371164272477,"Alz","Alz leave the IRC (Ping timeout: 245 seconds)."
32,1371165505083,"fbentz","fbentz leave the IRC (Quit: fbentz)."
2,1371165751463,"fbentz","fbentz join the chan."
32,1371189982919,"fbentz","fbentz leave the IRC (Quit: fbentz)."
2,1371190936944,"felixgilles","felixgilles join the chan."
2,1371192329348,"HammHetfield","HammHetfield join the chan."
32,1371192760014,"MoOx","MoOx leave the IRC (Remote host closed the connection)."
2,1371193842998,"HammHetfield_","HammHetfield_ join the chan."
1,1371193866868,"angezanetti","Slt !"
32,1371193945013,"HammHetfield","HammHetfield leave the IRC (Ping timeout: 260 seconds)."
256,1371193945381,"HammHetfield_","HammHetfield_ changed his nick for HammHetfield."
1,1371195218839,"nfroidure","lo"
2,1371195253382,"kewah","kewah join the chan."
1,1371195542904,"kewah","hello"
32,1371195723935,"Nyalab","Nyalab leave the IRC (Remote host closed the connection)."
2,1371197783605,"Atu","Atu join the chan."
2,1371199105554,"fbentz","fbentz join the chan."
1,1371199676308,"madx`","nfroidure: je me suis un peu amusé avec socket.io hier soir, ça marche vraiment au top"
1,1371199753195,"nfroidure","J'ai pas utilisé pour le moment, je suis resté sur le module websocket de base de node"
1,1371199772684,"nfroidure","Qu'apporte socket.io à part la compat ie ?"
1,1371199815866,"nfroidure","Pour les curieux, mon projet full promise : https://github.com/nfroidure/Liar"
1,1371199839077,"madx`","je trouve que ça apporte une couche d'abastraction intéressante"
1,1371199847548,"madx`","ça te permet de namespacer tes communications"
1,1371199854148,"madx`","de faire du broadcast facilement"
1,1371199902237,"nfroidure","Ca gère l'authentification/sessid, déco/reco ?"
1,1371199907700,"madx`","oui"
1,1371199934738,"nfroidure","ok, faudra que je regarde. Y'a moyen de retirer l'overhead ie ?"
1,1371199946654,"madx`","ça je ne sais pas, je pense pas"
1,1371199957158,"madx`","je pense m'en servir pour un projet perso"
1,1371200089297,"angezanetti","yep vriament cool socket.io"
1,1371200124798,"angezanetti","il dégrade les sockets en fonction du browser en plus, et il le fait tout seul"
1,1371200132770,"angezanetti","<3"
32,1371201167242,"fbentz","fbentz leave the IRC (Quit: fbentz)."
2,1371201830457,"rhannequin","rhannequin join the chan."
1,1371202393087,"kewah","si vous n'avez pas encore testé notre dernière prod à North Kingdom https://www.cubeslam.com/ (les infos sur les technos utilisées https://www.cubeslam.com/tech) :)"
1,1371203794641,"nfroidure","kewah, nice :)"
1,1371204338045,"angezanetti","vous avez testé un peu casperJs ? Je suis étonné par la lenteur de traitement"
1,1371204351503,"NiKo`","han"
1,1371204364253,"NiKo`","passe sur selenium, ça va plus vite"
1,1371204372713,"angezanetti","il me faut plus de 5sec pour un simple curl & parse de page web"
1,1371204385091,"angezanetti","NiKo`: :p"
1,1371204397286,"No`","angezanetti: et la même page, dans ton browser, elle débarque en combien de temps ?"
1,1371204405487,"NiKo`","angezanetti: loadImages: false"
1,1371204419344,"No`","tiens, d'ailleurs, y'a pas un outil de profilage pour casper ?"
1,1371204438341,"NiKo`","No`: @oloynet en avait fait un, dans un gist"
1,1371204451414,"angezanetti","woo cool, je vais tenter le load image"
1,1371204454352,"NiKo`","sinon t'as un script phantom pour récupérer une trace HAR"
1,1371204476510,"angezanetti","No`: 2 sec en gros, quand j'ai pas de cache"
1,1371204495836,"NiKo`","angezanetti: essaye en désactivant adblock et ghostery maintenant"
1,1371204529127,"angezanetti","ok :)"
1,1371204534173,"angezanetti","pas faux"
1,1371204550691,"angezanetti","ya pas d'adblok pour casperjs encore ? :D"
1,1371204577059,"NiKo`","angezanetti: si, avec request.abort() depuis la 1.9 de phantom"
1,1371204583279,"angezanetti","NiKo`: tu as fais des bench casperjs vs parsing classique en pytohn ou PHP ?"
1,1371204590384,"NiKo`","tu peux annuler une requête HTTP sortante"
1,1371204606335,"NiKo`","angezanetti: haha, non mais ça n'a strictement *rien* à voir"
1,1371204631188,"angezanetti","héhé, ben pour mon usage si :)"
1,1371204649646,"NiKo`","angezanetti: ton usage c'est de comparer des pommes et des oranges ? :p"
1,1371204654505,"angezanetti","oui"
1,1371204669122,"angezanetti","mais j'ai du mal à me décider"
1,1371204670738,"NiKo`","ça a l'air bien comme taf"
1,1371204671262,"angezanetti",":D"
1,1371204673949,"angezanetti","ahahaha"
1,1371204717815,"No`","y'a des certifs à passer ?"
1,1371204758317,"No`","\"oui, bonjour, je suis consultant en comparatifs pommes/oranges, avec une spécialisation dans les royal gala\""
1,1371204779258,"NiKo`","No`: désolé, je cherche un ninja en pink lady"
2,1371204784529,"MoOx","MoOx join the chan."
1,1371204786981,"angezanetti","No`: Et je prends 2000€ / conf"
1,1371204794228,"angezanetti","mais je fais des beauuuuuux power point"
1,1371204868408,"No`","NiKo`: genre \"Fruit Ninja, the Consulting Game\" ?"
32,1371205004984,"MoOx","MoOx leave the IRC (Remote host closed the connection)."
32,1371205255079,"felixgilles","felixgilles leave the IRC (Quit: Konversation terminated!)."
32,1371205381584,"rhannequin","rhannequin leave the IRC (Ping timeout: 252 seconds)."
32,1371207839757,"Atu","Atu leave the IRC (Quit: Computer has gone to sleep.)."
2,1371207872522,"fbentz","fbentz join the chan."
32,1371207955879,"kewah","kewah leave the IRC (Quit: kewah)."
32,1371208330594,"fbentz","fbentz leave the IRC (Quit: fbentz)."
2,1371208829209,"fbentz","fbentz join the chan."
2,1371209204580,"kewah","kewah join the chan."
32,1371209655757,"fbentz","fbentz leave the IRC (Quit: fbentz)."
2,1371209833016,"fbentz","fbentz join the chan."
32,1371209889997,"fbentz","fbentz leave the IRC (Client Quit)."
2,1371210348728,"fbentz","fbentz join the chan."
32,1371210348769,"fbentz","fbentz leave the IRC (Client Quit)."
2,1371210688092,"rhannequin","rhannequin join the chan."
2,1371214016855,"MoOx_","MoOx_ join the chan."
32,1371214353326,"rhannequin","rhannequin leave the IRC (Ping timeout: 264 seconds)."
2,1371214374271,"lionelB","lionelB join the chan."
32,1371214434513,"MoOx_","MoOx_ leave the IRC (undefined)."
2,1371215398280,"rhannequin","rhannequin join the chan."
2,1371216215884,"fbentz","fbentz join the chan."
32,1371216257438,"fbentz","fbentz leave the IRC (Client Quit)."
2,1371216415327,"fbentz","fbentz join the chan."
32,1371216687261,"fbentz","fbentz leave the IRC (Client Quit)."
32,1371217696560,"kewah","kewah leave the IRC (Quit: kewah)."
2,1371217880145,"kewah","kewah join the chan."
2,1371217931579,"MoOx","MoOx join the chan."
32,1371223702667,"kewah","kewah leave the IRC (Quit: kewah)."
2,1371224185550,"kewah","kewah join the chan."
32,1371224250723,"kewah","kewah leave the IRC (Client Quit)."
2,1371225493574,"mab1","mab1 join the chan."
32,1371225531286,"Shahor","Shahor leave the IRC (Remote host closed the connection)."
32,1371225654662,"mab","mab leave the IRC (Ping timeout: 276 seconds)."
32,1371225693662,"rhannequin","rhannequin leave the IRC (Ping timeout: 264 seconds)."
32,1371226004433,"angezanetti","angezanetti leave the IRC (Remote host closed the connection)."
2,1371226006710,"angezane1ti","angezane1ti join the chan."
2,1371226586244,"Shahor","Shahor join the chan."
32,1371226861912,"Shahor","Shahor leave the IRC (Read error: Connection reset by peer)."
32,1371226887936,"HammHetfield","HammHetfield leave the IRC (Quit: HammHetfield)."
2,1371226893744,"Shahor","Shahor join the chan."
32,1371227660175,"bricef","bricef leave the IRC (Quit: Quitte)."
2,1371227946180,"euskadi31","euskadi31 join the chan."
32,1371228943056,"MoOx","MoOx leave the IRC (Remote host closed the connection)."
2,1371230510308,"Alz","Alz join the chan."
2,1371231358829,"Amatewasu","Amatewasu join the chan."
