256,1368396899452,"loicfrer1","loicfrer1 changed his nick for loicfrering."
2,1368425795291,"felixgilles","felixgilles join the chan."
2,1368427118495,"HammHetfield","HammHetfield join the chan."
2,1368429437255,"kewah","kewah join the chan."
1,1368430392394,"nfroidure","J'ai une petite app NodeJS à héberger (websocket+http) des conseils ?"
1,1368430410744,"nfroidure","Ah, j'oubliais !"
1,1368430412023,"nfroidure","Marionnette, quote"
17,1368430412629,"Marionnette","Q:  How many Macintosh users does it take to screw in a light bulb?
A:  Did you try rebooting with extensions off?"
17,1368430412629,"Marionnette","Source: http://iheartquotes.com/fortune/show/8687"
2,1368430505119,"MoOx","MoOx join the chan."
2,1368430536030,"_kud","_kud join the chan."
2,1368430567756,"bobot","bobot join the chan."
2,1368430816845,"showtim34","showtim34 join the chan."
32,1368431328929,"kewah","kewah leave the IRC (Quit: kewah)."
2,1368431705022,"rhannequin","rhannequin join the chan."
2,1368431734054,"kewah","kewah join the chan."
32,1368432085419,"rhannequin","rhannequin leave the IRC (Quit: Quitte)."
2,1368432208200,"rhannequin","rhannequin join the chan."
1,1368432234338,"angezanetti","o/"
1,1368432256865,"_kud","lo"
1,1368432468406,"angezanetti","j'ai pas compris la quote de Marionnette1"
2,1368433169619,"NimS","NimS join the chan."
2,1368433301513,"HammHetfield_","HammHetfield_ join the chan."
32,1368433333524,"rhannequin","rhannequin leave the IRC (Quit: Quitte)."
32,1368433353567,"HammHetfield","HammHetfield leave the IRC (Ping timeout: 245 seconds)."
256,1368433353691,"HammHetfield_","HammHetfield_ changed his nick for HammHetfield."
1,1368433360249,"nfroidure","angezanetti, je crois qu'il y a rien à comprende, imha l'auteur de la réponse n'a pas lu la question."
1,1368433377199,"nfroidure","D'ailleurs, si vous trouver un webservice avec des fortunes plus à jour, je suis prenneur."
1,1368433384818,"nfroidure","Voire en français, pourquoi pas."
1,1368433403200,"nfroidure","*z"
2,1368433429447,"euskadi31","euskadi31 join the chan."
2,1368433492175,"NiKo`_","NiKo`_ join the chan."
2,1368433624860,"rhannequin","rhannequin join the chan."
32,1368433734025,"euskadi32","euskadi32 leave the IRC (*.net *.split)."
256,1368433947596,"Shahor_","Shahor_ changed his nick for Shahor."
32,1368433961541,"NiKo`","NiKo` leave the IRC (*.net *.split)."
256,1368433964127,"NiKo`_","NiKo`_ changed his nick for NiKo`."
32,1368436030077,"MoOx","MoOx leave the IRC (Remote host closed the connection)."
32,1368436575862,"rhannequin","rhannequin leave the IRC (Ping timeout: 264 seconds)."
1,1368436603478,"nfroidure","_kud, rappel : clé API Twitter FranceJS svp ;)"
2,1368436744503,"rhannequin","rhannequin join the chan."
2,1368436749410,"rhannequin_","rhannequin_ join the chan."
32,1368436750622,"rhannequin_","rhannequin_ leave the IRC (Remote host closed the connection)."
1,1368437094681,"_kud","J'vais t'filer le compte nfroidure"
1,1368437265210,"nfroidure","Comme tu veux, le tout c'est que je sois débloqué pour avancer."
2,1368439311132,"vvo","vvo join the chan."
2,1368439701466,"NimS1","NimS1 join the chan."
32,1368439743930,"rhannequin","rhannequin leave the IRC (Ping timeout: 264 seconds)."
32,1368439775309,"NimS","NimS leave the IRC (Ping timeout: 246 seconds)."
2,1368439819897,"rhannequin","rhannequin join the chan."
32,1368440201841,"rhannequin","rhannequin leave the IRC (Ping timeout: 255 seconds)."
32,1368440905115,"vvo","vvo leave the IRC (Ping timeout: 248 seconds)."
32,1368443631155,"felixgilles","felixgilles leave the IRC (Read error: Connection reset by peer)."
32,1368443634504,"NimS1","NimS1 leave the IRC (Ping timeout: 260 seconds)."
32,1368443648226,"euskadi31","euskadi31 leave the IRC (Ping timeout: 260 seconds)."
2,1368443660149,"euskadi31","euskadi31 join the chan."
2,1368443801810,"NimS","NimS join the chan."
2,1368443880364,"stephCoue","stephCoue join the chan."
32,1368443995296,"NimS","NimS leave the IRC (Client Quit)."
2,1368444071939,"rhannequin","rhannequin join the chan."
32,1368444194118,"NiKo`","NiKo` leave the IRC (*.net *.split)."
2,1368444418480,"NiKo`","NiKo` join the chan."
2,1368444603158,"lionelB","lionelB join the chan."
2,1368444844829,"vvo","vvo join the chan."
2,1368445901797,"MoOx","MoOx join the chan."
32,1368446619938,"rhannequin","rhannequin leave the IRC (Ping timeout: 264 seconds)."
2,1368446736619,"rhannequin","rhannequin join the chan."
2,1368447174146,"vvo1","vvo1 join the chan."
32,1368447174266,"vvo","vvo leave the IRC (Disconnected by services)."
2,1368447272938,"rhannequin_","rhannequin_ join the chan."
32,1368447273712,"rhannequin","rhannequin leave the IRC (Remote host closed the connection)."
256,1368447338833,"rhannequin_","rhannequin_ changed his nick for rhannequin."
2,1368447404510,"NimS","NimS join the chan."
32,1368448537676,"stephCoue","stephCoue leave the IRC (Remote host closed the connection)."
2,1368448571143,"stephCoue","stephCoue join the chan."
32,1368448816195,"rhannequin","rhannequin leave the IRC (Remote host closed the connection)."
32,1368448911541,"NimS","NimS leave the IRC (Ping timeout: 260 seconds)."
32,1368448949965,"stephCoue","stephCoue leave the IRC (Ping timeout: 255 seconds)."
2,1368448998252,"euskadi32","euskadi32 join the chan."
2,1368449013493,"Lionel_B","Lionel_B join the chan."
2,1368449048010,"rhannequin","rhannequin join the chan."
2,1368449092909,"kewah_","kewah_ join the chan."
2,1368449123361,"kud","kud join the chan."
2,1368449159418,"NimS","NimS join the chan."
2,1368449323527,"vvo","vvo join the chan."
32,1368449462206,"Lionel_B","Lionel_B leave the IRC (Quit: Bye Bye)."
2,1368449479841,"Lionel_B","Lionel_B join the chan."
32,1368449532183,"vvo1","vvo1 leave the IRC (*.net *.split)."
32,1368449532848,"lionelB","lionelB leave the IRC (*.net *.split)."
32,1368449533230,"euskadi31","euskadi31 leave the IRC (*.net *.split)."
32,1368449536154,"kewah","kewah leave the IRC (*.net *.split)."
32,1368449536282,"_kud","_kud leave the IRC (*.net *.split)."
32,1368449572039,"vvo","vvo leave the IRC (Client Quit)."
256,1368449626598,"Lionel_B","Lionel_B changed his nick for lionelB."
2,1368450240039,"vvo","vvo join the chan."
32,1368450328025,"rhannequin","rhannequin leave the IRC (Ping timeout: 264 seconds)."
2,1368450477969,"rhannequin","rhannequin join the chan."
18,1368450604889,"Marionnette","Marionnette join the chan."
8,1368450605106,"_kud","_kud change topic to \"Communauté française des utilisateurs de JavaScript | Site : http://francejs.org\""
2,1368451460008,"rhannequin_","rhannequin_ join the chan."
32,1368451694311,"rhannequin","rhannequin leave the IRC (Ping timeout: 264 seconds)."
256,1368451764148,"rhannequin_","rhannequin_ changed his nick for rhannequin."
32,1368451825070,"vvo","vvo leave the IRC (*.net *.split)."
32,1368451825316,"euskadi32","euskadi32 leave the IRC (*.net *.split)."
32,1368451829030,"showtim34","showtim34 leave the IRC (*.net *.split)."
32,1368451829238,"loicfrering","loicfrering leave the IRC (*.net *.split)."
32,1368451829238,"oz","oz leave the IRC (*.net *.split)."
2,1368451875097,"euskadi31","euskadi31 join the chan."
18,1368452778907,"Marionnette1","Marionnette1 join the chan."
8,1368452778992,"_kud","_kud change topic to \"Communauté française des utilisateurs de JavaScript | Site : http://francejs.org\""
2,1368452796403,"NiKo`_","NiKo`_ join the chan."
18,1368453013591,"Marionnette","Marionnette join the chan."
8,1368453013742,"_kud","_kud change topic to \"Communauté française des utilisateurs de JavaScript | Site : http://francejs.org\""
32,1368453190737,"nfroidure","nfroidure leave the IRC (*.net *.split)."
32,1368453221145,"urcadox","urcadox leave the IRC (*.net *.split)."
32,1368453221306,"Nyalab","Nyalab leave the IRC (*.net *.split)."
32,1368453255211,"euskadi31","euskadi31 leave the IRC (*.net *.split)."



32,1368453445595,"lionelB","lionelB leave the IRC (*.net *.split)."
32,1368453445595,"bobot","bobot leave the IRC (*.net *.split)."
32,1368453445595,"ChanServ","ChanServ leave the IRC (*.net *.split)."
32,1368453445595,"siddartha","siddartha leave the IRC (*.net *.split)."
32,1368453445596,"madx`","madx` leave the IRC (*.net *.split)."
32,1368453445596,"kud","kud leave the IRC (*.net *.split)."
32,1368453445596,"HammHetfield","HammHetfield leave the IRC (*.net *.split)."
32,1368453445596,"mab1","mab1 leave the IRC (*.net *.split)."
32,1368453445596,"romainhuet","romainhuet leave the IRC (*.net *.split)."
32,1368453445596,"angezanetti","angezanetti leave the IRC (*.net *.split)."
32,1368453445596,"Shahor","Shahor leave the IRC (*.net *.split)."
32,1368453445596,"synbioz4","synbioz4 leave the IRC (*.net *.split)."
32,1368453445596,"Marsup","Marsup leave the IRC (*.net *.split)."
2,1368454202276,"NimS","NimS join the chan."
2,1368454202476,"NiKo`","NiKo` join the chan."
18,1368454202476,"Marionnette1","Marionnette1 join the chan."
2,1368454202477,"siddarth`","siddarth` join the chan."
2,1368454202477,"euskadi31","euskadi31 join the chan."
2,1368454202477,"lionelB_","lionelB_ join the chan."
2,1368454202477,"kud","kud join the chan."
2,1368454202477,"HammHetfield","HammHetfield join the chan."
2,1368454202477,"bobot","bobot join the chan."
2,1368454202477,"mab1","mab1 join the chan."
2,1368454202477,"ChanServ","ChanServ join the chan."
2,1368454202477,"romainhuet","romainhuet join the chan."
2,1368454202477,"angezanetti","angezanetti join the chan."
2,1368454202477,"Shahor","Shahor join the chan."
2,1368454202477,"synbioz4","synbioz4 join the chan."
2,1368454202477,"madx`","madx` join the chan."
2,1368454202477,"Nyalab","Nyalab join the chan."
2,1368454202477,"urcadox","urcadox join the chan."
2,1368454202477,"nfroidure","nfroidure join the chan."
2,1368454202477,"Marsup","Marsup join the chan."
2,1368454407107,"rhannequin","rhannequin join the chan."
32,1368454423069,"siddarth`","siddarth` leave the IRC (Write error: Broken pipe)."
32,1368454518524,"Marionnette1","Marionnette1 leave the IRC (Write error: Broken pipe)."
2,1368454518524,"siddartha","siddartha join the chan."
32,1368454524190,"rhannequin","rhannequin leave the IRC (Read error: Connection reset by peer)."
2,1368455293444,"mab","mab join the chan."
2,1368455326962,"angezane1ti","angezane1ti join the chan."
32,1368455351917,"mab1","mab1 leave the IRC (Ping timeout: 256 seconds)."
32,1368455356311,"angezanetti","angezanetti leave the IRC (Ping timeout: 256 seconds)."
32,1368455468890,"romainhuet","romainhuet leave the IRC (Ping timeout: 256 seconds)."
1,1368455509280,"nfroidure","à votre avis, ça vaut le coups de faire un readdir asynchrone vu le peu de temps que ça prend ? #nodejs"
1,1368456330594,"kewah_","ça dépend dans quel contexte ? si c'est un script cli, oui autant le faire synchrone, sinon asynchrone (avantage du io non bloquant)"
1,1368456514430,"nfroidure","kewah_, en fait, je génère un fichier manifeste à la volée pour un serveur HTTP donc asynchrone du coup, selon toi."
1,1368456514883,"nfroidure","J'étais parti sur ça, mais j'ai été pris d'un doute :)"
2,1368456525802,"MoOx_","MoOx_ join the chan."
1,1368456566228,"nfroidure","A vrai dire, même si c'est peanut, le disque peut toujours être défectueux ou saturé, l'asynchrone garanti qu'un tel problème fasse pas tout foirer."
32,1368456616882,"MoOx","MoOx leave the IRC (Ping timeout: 274 seconds)."
2,1368457206435,"vvo","vvo join the chan."
528,1368458576485,"Marionnette","Twitter.com#francejs - @AngeZanetti: AWS SDK for Node.js - Now Generally Available http://t.co/ZI6MqUOAYI #franceJs #amazon"
256,1368458701038,"angezane1ti","angezane1ti changed his nick for angezanetti."
1,1368460001193,"nfroidure","Je reviens à la charge sur l'asynchrone. Y'a pas de variante de require en async dans node (readFile + eval mis à part) ?"
2,1368460786496,"oz","oz join the chan."
32,1368461344371,"HammHetfield","HammHetfield leave the IRC (Quit: HammHetfield)."
32,1368461636416,"kewah_","kewah_ leave the IRC (Quit: kewah_)."
32,1368461757021,"kud","kud leave the IRC (Remote host closed the connection)."
1,1368461991077,"vvo","Salut"
1,1368461996473,"vvo","Tu as un use case pour ça ?"
1,1368462011535,"vvo","ça m'intrigue"
32,1368462047111,"bobot","bobot leave the IRC (Ping timeout: 264 seconds)."
2,1368462580061,"romainhuet","romainhuet join the chan."
1,1368462954093,"vvo","nfroidure:"
2,1368463931052,"Amatewasu","Amatewasu join the chan."
32,1368463932329,"vvo","vvo leave the IRC (Remote host closed the connection)."
2,1368465196787,"mab1","mab1 join the chan."
2,1368465241871,"NimS1","NimS1 join the chan."
32,1368465618370,"mab","mab leave the IRC (*.net *.split)."
32,1368465621324,"NimS","NimS leave the IRC (*.net *.split)."
32,1368465685258,"NimS1","NimS1 leave the IRC (Quit: Leaving.)."
32,1368466974832,"NiKo`","NiKo` leave the IRC (*.net *.split)."
32,1368466977628,"euskadi31","euskadi31 leave the IRC (*.net *.split)."
32,1368466977629,"lionelB_","lionelB_ leave the IRC (*.net *.split)."
32,1368466982732,"mab1","mab1 leave the IRC (*.net *.split)."
32,1368467004009,"ChanServ","ChanServ leave the IRC (*.net *.split)."
32,1368467008700,"angezanetti","angezanetti leave the IRC (*.net *.split)."
32,1368467026514,"madx`","madx` leave the IRC (*.net *.split)."
32,1368467056094,"nfroidure","nfroidure leave the IRC (*.net *.split)."
32,1368467063241,"romainhuet","romainhuet leave the IRC (*.net *.split)."
32,1368467073329,"urcadox","urcadox leave the IRC (*.net *.split)."
32,1368467073472,"Nyalab","Nyalab leave the IRC (*.net *.split)."
32,1368467088488,"Shahor","Shahor leave the IRC (*.net *.split)."
32,1368467088611,"synbioz4","synbioz4 leave the IRC (*.net *.split)."
32,1368467134025,"Marsup","Marsup leave the IRC (*.net *.split)."
32,1368467134026,"siddartha","siddartha leave the IRC (*.net *.split)."
32,1368467134026,"Amatewasu","Amatewasu leave the IRC (*.net *.split)."
32,1368467134026,"MoOx_","MoOx_ leave the IRC (*.net *.split)."
32,1368467134026,"oz","oz leave the IRC (*.net *.split)."
18,1368467263797,"Marionnette","Marionnette join the chan."
18,1368467545691,"Marionnette","Marionnette join the chan."
18,1368467693013,"Marionnette","Marionnette join the chan."
8,1368467693218,"_kud","_kud change topic to \"Communauté française des utilisateurs de JavaScript | Site : http://francejs.org\""
32,1368469860091,"lionelB_","lionelB_ leave the IRC (Read error: Connection reset by peer)."
2,1368470944813,"_kud","_kud join the chan."
2,1368471196065,"rhannequin","rhannequin join the chan."
32,1368472592107,"romainhuet","romainhuet leave the IRC (Ping timeout: 268 seconds)."
2,1368472733113,"romainhuet","romainhuet join the chan."
32,1368477797814,"MoOx","MoOx leave the IRC (Read error: Connection reset by peer)."
2,1368477844889,"MoOx","MoOx join the chan."
32,1368477890803,"MoOx","MoOx leave the IRC (Remote host closed the connection)."
2,1368477923264,"MoOx","MoOx join the chan."
32,1368478211199,"MoOx","MoOx leave the IRC (Ping timeout: 264 seconds)."
32,1368479111370,"euskadi31","euskadi31 leave the IRC (Ping timeout: 264 seconds)."
2,1368479265001,"euskadi31","euskadi31 join the chan."
32,1368479277625,"romainhuet","romainhuet leave the IRC (Changing host)."
2,1368479277826,"romainhuet","romainhuet join the chan."
32,1368479648537,"Amatewasu_","Amatewasu_ leave the IRC (Quit: WeeChat 0.4.1-rc1)."
