32,1378075429578,"Amatewasu","Amatewasu leave the IRC (Quit: WeeChat 0.4.2-dev)."
32,1378076058501,"bigx","bigx leave the IRC (Ping timeout: 264 seconds)."
32,1378080676254,"revolunet","revolunet leave the IRC (Quit: revolunet)."
2,1378097720915,"MoOx","MoOx join the chan."
32,1378097992837,"MoOx","MoOx leave the IRC (Ping timeout: 245 seconds)."
2,1378098284589,"MoOx","MoOx join the chan."
32,1378098450887,"MoOx","MoOx leave the IRC (Read error: Connection reset by peer)."
2,1378098475497,"MoOx","MoOx join the chan."
32,1378098778948,"MoOx","MoOx leave the IRC (Ping timeout: 240 seconds)."
2,1378098911093,"MoOx","MoOx join the chan."
2,1378100212754,"bigx","bigx join the chan."
2,1378101174330,"madx`","madx` join the chan."
32,1378101176344,"madx`","madx` leave the IRC (Client Quit)."
32,1378101223374,"fbentz","fbentz leave the IRC (Quit: fbentz)."
32,1378101899404,"BeRoots","BeRoots leave the IRC (Quit: ChatZilla 0.9.90.1 [Firefox 23.0.1/20130814063812])."
2,1378103828854,"fbentz","fbentz join the chan."
32,1378104961204,"fbentz","fbentz leave the IRC (Quit: fbentz)."
2,1378105370852,"fbentz","fbentz join the chan."
2,1378105381158,"HammHetfield","HammHetfield join the chan."
2,1378105723760,"felixgilles","felixgilles join the chan."
2,1378105944234,"revolunet","revolunet join the chan."
32,1378106354272,"revolunet","revolunet leave the IRC (Quit: revolunet)."
256,1378106356076,"madx`_","madx`_ changed his nick for madx`."
32,1378107170629,"fbentz","fbentz leave the IRC (Quit: fbentz)."
2,1378107260253,"fbentz","fbentz join the chan."
2,1378107951695,"rhannequin","rhannequin join the chan."
2,1378108320864,"goldoraf","goldoraf join the chan."
2,1378108398132,"_kud","_kud join the chan."
2,1378108629287,"kewah","kewah join the chan."
2,1378109003130,"OwlyCode","OwlyCode join the chan."
2,1378109126950,"tricky21","tricky21 join the chan."
2,1378110181389,"Shahor","Shahor join the chan."
2,1378110499401,"_mlb","_mlb join the chan."
2,1378111012114,"revolunet","revolunet join the chan."
32,1378111239571,"revolunet","revolunet leave the IRC (Client Quit)."
32,1378111560690,"HammHetfield","HammHetfield leave the IRC (Ping timeout: 260 seconds)."
2,1378112106310,"HammHetfield","HammHetfield join the chan."
2,1378112528461,"brice","brice join the chan."
1,1378112546625,"brice","plop"
1,1378112893422,"nfroidure","angezanetti, on va bientôit dce voir choisir la date, comment s'arrange-t-on pour le local si c'est une date où tu es pas là ?"
32,1378113900875,"tricky21","tricky21 leave the IRC (Remote host closed the connection)."
2,1378113934526,"tricky21","tricky21 join the chan."
32,1378114203536,"tricky21","tricky21 leave the IRC (Ping timeout: 264 seconds)."
2,1378115017175,"Amatewasu","Amatewasu join the chan."
32,1378115264214,"MoOx","MoOx leave the IRC (Remote host closed the connection)."
2,1378115670902,"MoOx","MoOx join the chan."
2,1378115771093,"tricky21","tricky21 join the chan."
32,1378116002379,"Shahor","Shahor leave the IRC (Remote host closed the connection)."
2,1378116028086,"Shahor","Shahor join the chan."
32,1378116267097,"tricky21","tricky21 leave the IRC (Ping timeout: 245 seconds)."
32,1378116345971,"Shahor","Shahor leave the IRC (Remote host closed the connection)."
2,1378116357597,"Shahor","Shahor join the chan."
2,1378117082280,"bricef","bricef join the chan."
2,1378117274647,"tricky21","tricky21 join the chan."
32,1378117707805,"_mlb","_mlb leave the IRC (Remote host closed the connection)."
32,1378118612104,"kewah","kewah leave the IRC (Quit: kewah)."
32,1378118981600,"Shahor","Shahor leave the IRC (Remote host closed the connection)."
2,1378120236288,"Shahor","Shahor join the chan."
2,1378121371130,"_mlb","_mlb join the chan."
32,1378121867167,"_mlb","_mlb leave the IRC (Ping timeout: 256 seconds)."
2,1378122239828,"_mlb","_mlb join the chan."
2,1378122586738,"kewah","kewah join the chan."
32,1378124968708,"kewah","kewah leave the IRC (Quit: kewah)."
2,1378127406015,"revolunet","revolunet join the chan."
2,1378133159203,"Nyalab_","Nyalab_ join the chan."
32,1378133292846,"Nyalab","Nyalab leave the IRC (Ping timeout: 245 seconds)."
256,1378134544085,"Nyalab_","Nyalab_ changed his nick for Nyalab."
32,1378134693112,"revolunet","revolunet leave the IRC (Quit: revolunet)."
32,1378136279596,"rhannequin","rhannequin leave the IRC (Remote host closed the connection)."
2,1378136396555,"revolunet","revolunet join the chan."
32,1378136715344,"tricky21","tricky21 leave the IRC (Remote host closed the connection)."
2,1378136750860,"tricky21","tricky21 join the chan."
32,1378136912667,"OwlyCode","OwlyCode leave the IRC (Quit: Quitte)."
32,1378136992839,"tricky21","tricky21 leave the IRC (Ping timeout: 245 seconds)."
2,1378137609333,"cbonnissent","cbonnissent join the chan."
32,1378138153100,"HammHetfield","HammHetfield leave the IRC (Quit: HammHetfield)."
32,1378138362977,"cbonnissent","cbonnissent leave the IRC (Remote host closed the connection)."
2,1378138666206,"cbonnissent","cbonnissent join the chan."
2,1378138996435,"tricky21","tricky21 join the chan."
32,1378139404610,"tricky21","tricky21 leave the IRC (Remote host closed the connection)."
2,1378139437451,"tricky21","tricky21 join the chan."
32,1378139548863,"tricky21","tricky21 leave the IRC (Remote host closed the connection)."
2,1378139563902,"tricky21","tricky21 join the chan."
32,1378139810044,"felixgilles","felixgilles leave the IRC (Quit: Konversation terminated!)."
32,1378140447433,"brice","brice leave the IRC (Quit: Quitte)."
32,1378140549724,"bricef","bricef leave the IRC (Quit: Quitte)."
32,1378141465203,"_mlb","_mlb leave the IRC (Remote host closed the connection)."
32,1378141759643,"Shahor","Shahor leave the IRC (Remote host closed the connection)."
1,1378141943696,"nfroidure","Ça se dessine pour un Ch'tiJS le 19 avec 19 personnes #superstition"
32,1378142177665,"MoOx","MoOx leave the IRC (Remote host closed the connection)."
2,1378142192860,"MoOx","MoOx join the chan."
32,1378142439899,"tricky21","tricky21 leave the IRC (Remote host closed the connection)."
2,1378142472561,"tricky21","tricky21 join the chan."
32,1378142648484,"MoOx","MoOx leave the IRC (Remote host closed the connection)."
32,1378142705348,"Nyalab","Nyalab leave the IRC (Remote host closed the connection)."
32,1378142752582,"tricky21","tricky21 leave the IRC (Ping timeout: 264 seconds)."
2,1378142884092,"tricky21","tricky21 join the chan."
2,1378143481266,"_mlb","_mlb join the chan."
2,1378143562290,"kud","kud join the chan."
32,1378145145002,"cbonnissent","cbonnissent leave the IRC (Quit: Quitte)."
2,1378146679667,"kud_","kud_ join the chan."
2,1378147573817,"MoOx","MoOx join the chan."
32,1378148423355,"MoOx","MoOx leave the IRC (Remote host closed the connection)."
32,1378149106838,"kud_","kud_ leave the IRC (Remote host closed the connection)."
2,1378149416280,"Munto","Munto join the chan."
2,1378152125603,"MoOx","MoOx join the chan."
32,1378152198536,"MoOx","MoOx leave the IRC (Remote host closed the connection)."
2,1378154745065,"kud_","kud_ join the chan."
32,1378155265109,"_mlb","_mlb leave the IRC (Read error: Connection reset by peer)."
32,1378155297327,"revolunet","revolunet leave the IRC (Quit: revolunet)."
2,1378155301626,"_mlb","_mlb join the chan."
32,1378155922265,"Amatewasu","Amatewasu leave the IRC (Remote host closed the connection)."
32,1378157056641,"_mlb","_mlb leave the IRC (Read error: Connection reset by peer)."
2,1378157217050,"_mlb","_mlb join the chan."
32,1378157825558,"kud_","kud_ leave the IRC (Remote host closed the connection)."
32,1378158325580,"kud","kud leave the IRC (Quit: Leaving)."
