32,1364944513719,"kud","kud leave the IRC (Read error: Connection reset by peer)."
32,1364945459423,"Atu","Atu leave the IRC (Quit: [\"Textual IRC Client: www.textualapp.com\"])."
32,1364950060467,"revolunet","revolunet leave the IRC (Quit: revolunet)."
2,1364967787893,"MoOx","MoOx join the chan."
2,1364969880558,"felixgilles","felixgilles join the chan."
2,1364970953831,"HammHetfield","HammHetfield join the chan."
2,1364973587457,"rhannequin","rhannequin join the chan."
2,1364973871439,"Atu","Atu join the chan."
2,1364973912911,"victordarras","victordarras join the chan."
1,1364974174159,"_kud","tu m'étonne"
1,1364974174655,"_kud","s"
1,1364974497405,"nfroidure","lo"
1,1364974679721,"victordarras","salut"
1,1364974724587,"nfroidure","Attention troll : \"Et ce n'est pas fait avec un langage biscornu comme JavaScript.\" http://www.pcinpact.com/news/78733-le-html5-va-t-il-revolutionner-industrie-videoludique.htm?utm_source=PCi_News_letter&utm_medium=second_8&utm_campaign=pcinpact"
2,1364976123331,"Nyalab","Nyalab join the chan."
256,1364977059486,"Shahor_","Shahor_ changed his nick for Shahor."
1,1364978878450,"nfroidure","14 personne pour chtijs demain soir"
1,1364978880458,"nfroidure","*"
1,1364978882499,"nfroidure","*s"
1,1364978899021,"_kud","https://twitter.com/_kud/status/319369857965645824"
1,1364978899849,"_kud",":)"
2,1364979677585,"revolunet","revolunet join the chan."
32,1364980874512,"rhannequin","rhannequin leave the IRC (Ping timeout: 245 seconds)."
2,1364982020768,"neemzy","neemzy join the chan."
1,1364982026225,"neemzy","bonjour à tous :)"
1,1364982229091,"neemzy","j'ai une petite question d'ordre général : l'utilisation d'un framework JS MVC tel Backbone ne pose-t-elle pas de souci d'un point de vue SEO ? Google ne pouvant logiquement pas suivre les liens avec une ancre, d'après ce que j'ai lu il faut utiliser le hasbang (/#!/mapage) et le fallback avec escaped_fragment, mais c'est assez lourd à mettre en place non ?"
1,1364982244300,"neemzy","et si on utilise history.pushBack pour au moins avoir des URLs identiques à gérer côté serveur et côté client, on perd le support des vieux IE"
1,1364982270788,"_kud","tu es obligé de faire des pages statiques html"
1,1364982273789,"_kud","pour être référencer"
1,1364982275973,"neemzy","après je sais pas si les front end devs parmi vous s'occupent de ce genre de choses ou s'ils laissent les gars du back le gérer, mais ça m'intéresse d'avoir vos opinions/techniques à ce sujet si vous en avez :)"
1,1364982297851,"neemzy","ok"
1,1364982319088,"neemzy","des pages qui sont identiques à ce que tu vois en utilisant le site/l'appli ou pas forcément ?"
32,1364982466926,"victordarras","victordarras leave the IRC (Quit: http://www.kiwiirc.com/ - A hand crafted IRC client)."
1,1364982492480,"nfroidure","tout dépend de ce que tu veux faire."
1,1364982516919,"nfroidure","Dans le contexte d'une app, le référencement osef. Si elle est utile, elle fera le buzz."
1,1364982564450,"nfroidure","Dans le contexte d'un site pour PMI/PME, tu dois absolument envoyer du HTML pour le référencement"
1,1364982588164,"neemzy","c'est plus ce second cas qui m'intéresse en effet, je bosse en agence :)"
1,1364982612849,"nfroidure","A priori, le HTML devrait être le même que généré pour éviter que Google considère que tu fais du spam (comme avec les vieux sites flash)"
1,1364982621100,"nfroidure","*généré en front"
1,1364982647378,"nfroidure","Il paraît que ça peut se faire avec backbone js, mais apparemment, c'est pas trivial et ça impose un back JS"
1,1364982690472,"nfroidure","Mon avis est que pour du site de PMI/PME il vaut mieux attendre un peu avant de s'enflammer."
1,1364982698927,"_kud","personnellement, je conseille de faire une page statique d'entrée"
1,1364982700263,"_kud","la home"
1,1364982706740,"_kud","et apres, tu vas sur l'application en backbonejs"
1,1364982734556,"nfroidure","Surtout si tu cherches la compat IE7 voire IE6"
1,1364982771950,"neemzy","nfroidure: heureusement, on a mis à jour nos CGV y'a quelques mois pour se limiter à IE8"
1,1364982836958,"neemzy","parce que sinon en cherchant un peu je tombe sur ça (la technique du hashbang et du escaped_fragment) : http://backbonetutorials.com/seo-for-single-page-apps/"
1,1364982847858,"neemzy","mais je sais pas si c'est d'actualité"
2,1364983307089,"victordarras","victordarras join the chan."
1,1364983475047,"neemzy","sur un petit projet que j'avais fait de mon côté (tout en ajax, j'avais utilisé sammy.js je crois), j'avais fait en sorte d'utiliser des templates mustache lisibles à la fois par le js en front et par php en back, et en gros j'avais fait une unique route dans mon appli js qui faisait suivre chaque requête à mon framework php"
1,1364983522864,"neemzy","ledit framework php répondait aux requêtes avec le html pur (template rendu côté serveur) si la page était accédée directement, et avec du json (pour rendre le template côté client) si c'était une requête ajax envoyée par sammy"
1,1364983538718,"neemzy","avec history.pushState de façon à avoir des urls identiques dans tous les cas"
1,1364983564161,"neemzy","ça marchait bien, mais pour un truc un minimum développé c'est pas viable, trop de contraintes"
1,1364983593263,"neemzy","(du coup, ça ne marche bien que pour les petits sites qui n'ont pas besoin d'un framework JS de toute façon...)"
1,1364988015532,"nfroidure","Ca dépend, si tu utiles un modèle du type data-driven, il te suffit juste d'avoir les même postulats côté serveur et client"
1,1364988020489,"nfroidure","*utilises"
1,1364988055457,"nfroidure","Évidemment, c'est plus facile en JS fullstack car moins de boulot."
1,1364988077735,"neemzy","ouais j'imagine que tu dois pouvoir réutiliser tes objets etc ?"
1,1364988104316,"nfroidure","Si c'est bien codé, à priori oui, mais du coup ça t'ajoutes pas mal de contraintes."
1,1364988125673,"nfroidure","Comme utiliser le même Framework sur Node et en front"
1,1364988166607,"nfroidure","Et a priori, peu sont faits pour les deux bien qu'ils soient parfois compatibles, ils ont tendance à privilégier le front ou le back."
1,1364988181328,"neemzy","ça paraît logique"
1,1364988184504,"nfroidure","En fait, j'en suis au même point que toi :)"
1,1364988206486,"nfroidure","J'attends de voir les autres revenir de leur expérimentations et je compte les dents cassés, les arcades félées"
1,1364988228647,"neemzy","haha"
1,1364988246209,"nfroidure","Pour l'instant, mon modèle PHP back me va bien, j'ai pas de raisons de me précipiter."
1,1364988263971,"neemzy","je suis d'accord"
1,1364988297844,"nfroidure","D'ailleurs, imagines si je m'étais précipité, je serais rubiiste :D"
1,1364988313385,"neemzy","j'essaye quand même de me tenir au jus un minimum histoire de ne pas louper le train non plus"
1,1364988316252,"nfroidure","Plutôt pythoniste d'ailleur"
1,1364988350531,"neemzy","yes, je m'intéresse aussi aux deux"
1,1364988357807,"neemzy","mais je privilégie le JS pour l'instant"
1,1364988358333,"nfroidure","idem, mais bon, tu risque pas de louper le train vu que ton besoin est comblé tel que tu travailles actuellement"
1,1364988366851,"neemzy","oui évidemment"
1,1364988388455,"nfroidure","C'est plus sur le terrain des nouvelles opportunités et Node se distingue en ce point sur le realtime"
1,1364988402499,"nfroidure","C'est là qu'il faut pas louper le train imha"
1,1364988424373,"nfroidure","Mais ça concerne surtout les applications web"
1,1364988425686,"neemzy","yes, je me suis mis à node :)"
1,1364988447148,"neemzy","ben le truc c'est ça, c'est qu'à terme j'aimerais bouger vers un poste plus tech et moins comm'"
1,1364988477174,"neemzy","histoire d'avoir un peu de challenge"
1,1364988479803,"nfroidure","fait de l'admin système ;)"
1,1364988492200,"neemzy","ha mais j'aime le web x)"
1,1364988520040,"neemzy","je voudrais juste bouger sur des trucs plus sympa à bosser"
1,1364988520863,"nfroidure","imha, si tu veux partir sur ça, faut que tu bosses chez le client, pas en agence"
1,1364988532357,"neemzy","genre en ssii ?"
1,1364988542084,"nfroidure","Un éditeur de logiciel SaaS"
1,1364988568095,"neemzy","ça se trouve ce genre de postes dans le nord ? :D"
1,1364988569907,"nfroidure","C'est du long terme, y'a un vrai challenge techno etc..."
1,1364988602745,"nfroidure","ces boîtes là font peu de bruit en général"
1,1364988645424,"nfroidure","Cherches des challengers en mode SaaS de logiciels traditionnels genre Sage, Ciel Compta..."
1,1364988675600,"nfroidure","Et puis aussi les logiciels spécifiques : maintenance/contrôle, gestion immo etc..."
1,1364988709454,"nfroidure","En plus t'as une meilleure sécurité de l'emploi car t'es pas remplaçable du jour au lendemain."
1,1364988746233,"neemzy","c'est sûr"
1,1364988757663,"neemzy","après j'aime mon boulot hein"
1,1364988772851,"nfroidure","J'ai bien envie petit à petit de partir vers le SaaS car les revenus sont récurrents"
1,1364988788239,"neemzy","c'est juste que j'ai envie de progresser, que c'est pas dans ce cadre que ça va arriver et que c'est difficile de coder en dehors quand tu rentres chez toi à 20h le soir"
1,1364988792376,"nfroidure","Même en tant que boîte, t'as tout à gagner en faisant du SaaS"
1,1364988837300,"nfroidure","Il faut juste trouver le besoin des entreprises et y répondre mieux que les autres, voire l'anticiper."
1,1364988859400,"nfroidure","Ah ouais, quand même :)"
1,1364988871965,"neemzy","(j'ai du trajet x))"
1,1364988883438,"madx`","télétravail ftw :D"
1,1364988883989,"nfroidure","Ok, je comprends mieux."
1,1364988904944,"nfroidure","madx`, en agence, c'est chaud, c'est plus dur de te presser comme un citron à distance."
1,1364988946146,"neemzy","madx`: si je pouvais... mais en plus j'aurais du mal à rester motivé en bossant chez moi"
1,1364988967307,"madx`","ça fait 2j que j'ai commencé, pour l'instant ça va"
1,1364988977684,"madx`","c'est plus le fait de changer de machine/environnmeent qui me perturbe là"
1,1364988993828,"neemzy","mais j'avoue qu'une boîte de saas ça pourrait mieux me correspondre, au moins je serais probablement dans une équipe qui me tirerait vers le haut"
1,1364989020952,"neemzy","là on est que deux techniciens et l'autre n'a pas grand chose à m'apprendre"
1,1364989042942,"neemzy","bref, merci pour l'idée, je regarderai ça ;)"
1,1364989266336,"nfroidure","par contre, pour l'histoire d'être tiré vers le haut, je dis oui et non ;)"
1,1364989291641,"nfroidure","les boîtes qui font du SaaS sont vraiment dans leur truc, en général, ils ont une base de code importante"
32,1364989295309,"revolunet","revolunet leave the IRC (Quit: revolunet)."
1,1364989309553,"nfroidure","c'est pas comme en agence où tu peux changer de framework pour le dernier à la mode à chaque projet"
1,1364989363442,"nfroidure","là on tombe plus dans l'ingénierie logicielle, la rétro-compatibilité, la migration de base de code avec souvent des mélanges à vomir à la fin"
1,1364989406356,"nfroidure","Le tout c'est d'insister pour avoir plus de formation et savoir vendre un refactoring"
1,1364990049079,"madx`","je plussoie"
1,1364990123333,"nfroidure","Sinon, je repense au sujet initial"
1,1364990181396,"nfroidure","Utiliser la même base de code en front et en back et je me dit qu'un bon pas vers ça c'est d'utiliser Rest côté back aussi."
1,1364990217069,"neemzy","yes, carrément"
1,1364990226201,"nfroidure","C'est ce que je fais actuellement avec mon framework"
1,1364990254235,"nfroidure","En fait, mon système de template back est différent du front, par contre, j'accède aux mêmes ressources Rest de part et d'autre."
1,1364990287568,"nfroidure","Bien sûr je fait pas de requête HTTP en back, j'appelle juste un new RestResource();"
1,1364990302650,"neemzy","ah pas mal ça"
1,1364990312652,"nfroidure","L'avantage, c'est que j'utilise les mêmes données des deux côtés et donc mon cache est plus performant."
1,1364990318529,"neemzy","du coup c'est comme si tu appelais ton api"
1,1364990325020,"nfroidure","Voilà"
1,1364990326763,"neemzy","sauf que ça se fait de manière totalement interne"
1,1364990343044,"nfroidure","J'ai appelé ça Rest4 : Rest full of Rest"
1,1364990345124,"neemzy","bien vu"
1,1364990366513,"nfroidure","Du coup, tes pages, sont des ressources qui font appel à d'autres ressources"
1,1364990412433,"nfroidure","Ca ajoute un level en surcouche de la POO"
1,1364990435269,"nfroidure","Et comme les ressources Rest sont stateless, c'est en fait du functionnal programming basé sur Rest"
1,1364990506969,"nfroidure","La prochaine étape, ça serait de créer un système de template qui fait appel à des ressources Rest"
1,1364990531706,"neemzy","ce serait canon"
1,1364990537350,"nfroidure","Comme ça tu pourrais l'utiliser côté front et back la différence serait que y'a pas le réseau entre deux côté back"
1,1364990561485,"nfroidure","Ce modèle là impose par contre du data driven programming"
1,1364990622910,"nfroidure","En fait, il faut que je fasse mon système de template idéal mais avec des ressources Rest : http://www.insertafter.com/articles-systeme_template_ideal.html"
2,1364990683648,"revolunet","revolunet join the chan."
1,1364990739431,"nfroidure","Genre : <span data-tpl-namespace=\"article:/db/mabase/articles/monentree.json\"><h3>{article.title}</h3><p>{article.description}</p></div>"
1,1364990758959,"nfroidure","*<div"
1,1364990780714,"neemzy","p'tain, ça serait bien pratique ça"
1,1364990818319,"neemzy","bon"
1,1364990825628,"neemzy","let's get back to work"
1,1364990832973,"neemzy","bon aprèm à vous et merci pour les conseils :)"
4,1364990853198,"neemzy","neemzy leave the chan."
1,1364990931585,"nfroidure","idem. A ce propos, pour les gens qui font du PHP, le lien : https://github.com/nfroidure/Rest4"
1,1364991020718,"_kud","A propos des gens qui font du php : http://me.veekun.com/blog/2012/04/09/php-a-fractal-of-bad-design/"
1,1364991111627,"Nyalab","#francephp"
1,1364991138801,"_kud",":D"
1,1364991142593,"_kud","cassez-vous !"
1,1364991152687,"nfroidure","Don't worry _kud, i plan to rewrite it with JS someday ;)"
1,1364991159690,"_kud","feel better"
32,1364991168084,"Nyalab","Nyalab leave the IRC (undefined)."
1,1364991211848,"madx`","nfroidure: tu passeras le bonjour à _fuse de ma part demain"
1,1364991214231,"madx`",":)"
2,1364991222568,"Nyalab","Nyalab join the chan."
1,1364991223891,"_kud","Hahahaha."
1,1364991247035,"nfroidure","pas de soucis, ça sera fait ;)"
1,1364991273749,"madx`","c'est mon patron maintenant :D"
1,1364991286879,"nfroidure","sérieux ?"
1,1364991310292,"nfroidure","cool ça :) francejs a déjà fait des petits"
1,1364991312960,"madx`","oui :)"
1,1364991326127,"nfroidure","J'imagine que c'est plus pour Ruby"
1,1364991383421,"madx`","oui"
1,1364991390972,"madx`","je le connaissais depuis longtemps en fait sur twitter"
1,1364991421222,"nfroidure","good luck alors :) Ils ont l'air d'avoir un bon état d'esprit"
1,1364991486524,"madx`","oui, c'est bien pour ça que je les ai rejoint :)"
1,1364991516104,"nfroidure","Et en télétravail, c'est cool, pas de trajet :)"
1,1364991539454,"HammHetfield","oui bah ça va hein"
1,1364991544682,"madx`","oui, je dois encore finir l'aménagement de mon bureau mais c'est sur que je vois les avantages rapidement"
1,1364991547679,"HammHetfield","y'en a qui sont obligés de s'habiller et d'aller au taff"
1,1364991553627,"HammHetfield","pas la peine de les dégouter"
1,1364991554495,"madx`","HammHetfield: oui, on sait, on peut être en pyjama"
1,1364991556558,"nfroidure","En parlant de boulot, j'y retourne faut que je produise ;)"
2,1364991557300,"showtim34","showtim34 join the chan."
1,1364991568581,"madx`","HammHetfield: perso je m'habille même en télétravail :D"
1,1364991570375,"HammHetfield","madx`: tu te rends pas compte comment j'ai envie de passer une journée complète en pyjama"
1,1364991583366,"HammHetfield","taf + coloc = je peux jamais être tout le temps en pyj"
1,1364991584983,"HammHetfield","jamais"
1,1364991587400,"HammHetfield","jamaaaaaais"
1,1364991592215,"madx`","huhu"
1,1364991596660,"madx`","vire le color"
1,1364991598539,"madx`","coloc"
1,1364991601531,"HammHetfield","les"
1,1364991603981,"HammHetfield","et ils sont 13"
1,1364991607350,"HammHetfield","ça fait du monde à virer"
1,1364991615147,"madx`","barre toi :D"
1,1364991622359,"HammHetfield","c'est une possibilité"
1,1364991627356,"HammHetfield","mais c'est cool d'être avec des gens"
1,1364991633012,"HammHetfield","juste cette histoire de pyjama quoi"
1,1364991638910,"HammHetfield","ça ça me manque trop"
1,1364991649641,"HammHetfield","ou passer une journée en calbute dans une chambre sur-chauffée"
1,1364991657973,"HammHetfield","et finir la soirée dans le bain"
1,1364991663808,"HammHetfield","j'ai même plus de baignoire :("
1,1364991692265,"madx`","je dois avouer que les smileys avec la font Monaco sont beaucoup plus expressifs"
1,1364991753367,"madx`","HammHetfield: sinon paie toi un hotel de temps en temps"
1,1364991756749,"madx`","histoire de faire ton kiff"
1,1364991865361,"HammHetfield","c'est une idée à considérer"
1,1364991871545,"HammHetfield","mais je préfère encore aller chez ma mère"
1,1364991876021,"HammHetfield","pension complète gratos"
2,1364991904403,"NimS","NimS join the chan."
1,1364991951153,"madx`","ça se défend"
2,1364992497901,"rhannequin","rhannequin join the chan."
32,1364993005780,"rhannequin","rhannequin leave the IRC (Ping timeout: 258 seconds)."
32,1364993044114,"Nyalab","Nyalab leave the IRC (Remote host closed the connection)."
2,1364993113999,"rhannequin","rhannequin join the chan."
1,1364993175553,"madx`","Hehe deuxième round d'inscriptions pour MarseilleJS :D"
1,1364993186897,"madx`","_kud: tu pourras retwitter via @francejs ?"
2,1364993225999,"Nyalab","Nyalab join the chan."
1,1364993232741,"_kud","oui ?"
1,1364993239988,"_kud","Done"
1,1364993240805,"_kud",":)"
1,1364993243316,"madx`","thx"
1,1364993248042,"_kud","ca bouge du côté de marseille et lille"
1,1364993248371,"_kud",":)"
1,1364993297212,"madx`","ouaip ;à"
1,1364993299077,"madx`",":)"
32,1364993440840,"Nyalab","Nyalab leave the IRC (Remote host closed the connection)."
2,1364993554033,"Nyalab","Nyalab join the chan."
32,1364993637704,"Nyalab","Nyalab leave the IRC (Remote host closed the connection)."
1,1364994513649,"nfroidure","dîtes les copaings y'en a qui font du moniotiring avec Node ?"
1,1364994539379,"nfroidure","*monitoring"
2,1364994794816,"Nyalab","Nyalab join the chan."
32,1364995375345,"rhannequin","rhannequin leave the IRC (Ping timeout: 258 seconds)."
2,1364995468727,"rhannequin","rhannequin join the chan."
32,1364996406087,"revolunet","revolunet leave the IRC (Read error: Connection reset by peer)."
2,1364996425503,"revolunet","revolunet join the chan."
