32,1376606374331,"nod_","nod_ leave the IRC (Ping timeout: 264 seconds)."
32,1376611032036,"Amatewasu","Amatewasu leave the IRC (Remote host closed the connection)."
32,1376622591247,"_mlb","_mlb leave the IRC (Remote host closed the connection)."
2,1376622624930,"_mlb","_mlb join the chan."
32,1376622898931,"_mlb","_mlb leave the IRC (Ping timeout: 264 seconds)."
32,1376630144771,"Tobu","Tobu leave the IRC (Ping timeout: 246 seconds)."
2,1376635587958,"Tobu","Tobu join the chan."
2,1376635620841,"HammHetfield","HammHetfield join the chan."
2,1376639160904,"rhannequin","rhannequin join the chan."
2,1376641205143,"oncletom","oncletom join the chan."
32,1376641220069,"oncletom","oncletom leave the IRC (Client Quit)."
2,1376642367186,"oncletom","oncletom join the chan."
2,1376642868658,"rhannequin_","rhannequin_ join the chan."
32,1376642933042,"rhannequin","rhannequin leave the IRC (Ping timeout: 264 seconds)."
2,1376647149194,"fbentz","fbentz join the chan."
32,1376647307865,"rhannequin_","rhannequin_ leave the IRC (Ping timeout: 264 seconds)."
2,1376647916035,"Amatewasu","Amatewasu join the chan."
32,1376648151014,"oncletom","oncletom leave the IRC (Read error: Connection reset by peer)."
2,1376648156398,"oncletom1","oncletom1 join the chan."
1,1376649123306,"nfroidure","Alors comme ça on profit du fait que je parte en congé pour troller EpokK sans partager ? :p"
32,1376650310447,"fbentz","fbentz leave the IRC (Quit: fbentz)."
2,1376650788351,"fbentz","fbentz join the chan."
2,1376651250169,"_mlb","_mlb join the chan."
2,1376651443353,"endou_","endou_ join the chan."
32,1376652100910,"fbentz","fbentz leave the IRC (Quit: fbentz)."
32,1376652124001,"endou_","endou_ leave the IRC (Quit: My MacBook has gone to sleep. ZZZzzz…)."
2,1376652477330,"fbentz","fbentz join the chan."
32,1376653106912,"fbentz","fbentz leave the IRC (Quit: fbentz)."
2,1376654947887,"rhannequin","rhannequin join the chan."
2,1376655293091,"fbentz","fbentz join the chan."
32,1376656606070,"fbentz","fbentz leave the IRC (Quit: fbentz)."
32,1376658264842,"loicfrering","loicfrering leave the IRC (Ping timeout: 246 seconds)."
32,1376658463335,"_mlb","_mlb leave the IRC (Remote host closed the connection)."
2,1376658751677,"fbentz","fbentz join the chan."
2,1376659111384,"loicfrering","loicfrering join the chan."
32,1376659901458,"fbentz","fbentz leave the IRC (Quit: fbentz)."
2,1376660113695,"endou_","endou_ join the chan."
32,1376660337680,"rhannequin","rhannequin leave the IRC (Ping timeout: 256 seconds)."
32,1376660891824,"loicfrering","loicfrering leave the IRC (Ping timeout: 276 seconds)."
2,1376660980355,"loicfrering","loicfrering join the chan."
2,1376661046932,"rhannequin","rhannequin join the chan."
2,1376661646980,"MoOx","MoOx join the chan."
2,1376661981356,"rhannequin_","rhannequin_ join the chan."
32,1376662034965,"rhannequin","rhannequin leave the IRC (Ping timeout: 264 seconds)."
32,1376662935911,"nfroidure","nfroidure leave the IRC (Remote host closed the connection)."
2,1376662938373,"rhannequin","rhannequin join the chan."
2,1376662963641,"nfroidure","nfroidure join the chan."
32,1376662989343,"rhannequin_","rhannequin_ leave the IRC (Ping timeout: 245 seconds)."
1,1376663071124,"nfroidure","CasperJS est prévu uniquement pour PhantomJS et SlimerJS ou on peut aussi l'utiliser avec des browsers classiques ?"
1,1376664045316,"nfroidure","J'aime beaucoup l'idée de Karma, mais avec l'API de Casper ça serait cool."
2,1376664137381,"fbentz","fbentz join the chan."
32,1376664151202,"fbentz","fbentz leave the IRC (Remote host closed the connection)."
2,1376664174362,"fbentz","fbentz join the chan."
1,1376665352718,"NiKo`","nfroidure: nope, que phantom et slimer (et c'est déjà pas mal en fait)"
1,1376665378175,"NiKo`","sinon t'as dalek.js qui semble prometteur, mais j'ai même pas réussi à l'installer http://dalekjs.com/"
32,1376665405279,"fbentz","fbentz leave the IRC (Quit: fbentz)."
1,1376665428239,"nfroidure","Eheh, déjà la ref au Dr me plaît bien :)"
1,1376665462142,"No`","(dalekjs)"
1,1376665522963,"nfroidure","Su le papier c'est ce que je veux, je vais tester."
2,1376665952869,"fbentz","fbentz join the chan."
32,1376666081894,"loicfrering","loicfrering leave the IRC (Ping timeout: 248 seconds)."
32,1376666138060,"oncletom1","oncletom1 leave the IRC (Ping timeout: 240 seconds)."
32,1376666285433,"HammHetfield","HammHetfield leave the IRC (Quit: HammHetfield)."
1,1376666315063,"NiKo`","nyarlathotep.js"
2,1376667005076,"oncletom","oncletom join the chan."
32,1376667308276,"endou_","endou_ leave the IRC (Quit: Textual IRC Client: www.textualapp.com)."
32,1376667770477,"rhannequin","rhannequin leave the IRC (Remote host closed the connection)."
32,1376667925032,"nfroidure","nfroidure leave the IRC (Read error: Operation timed out)."
2,1376667987597,"nfroidure","nfroidure join the chan."
2,1376668453125,"oncletom1","oncletom1 join the chan."
32,1376668496466,"oncletom","oncletom leave the IRC (Read error: Connection reset by peer)."
2,1376669382828,"loicfrering","loicfrering join the chan."
32,1376672146311,"Tobu","Tobu leave the IRC (Ping timeout: 246 seconds)."
2,1376672225283,"Tobu","Tobu join the chan."
32,1376673428306,"oncletom1","oncletom1 leave the IRC (Ping timeout: 240 seconds)."
2,1376673548323,"oncletom","oncletom join the chan."
32,1376673554395,"oncletom","oncletom leave the IRC (Client Quit)."
2,1376681375311,"papachan","papachan join the chan."
32,1376684441545,"MoOx","MoOx leave the IRC (Remote host closed the connection)."
32,1376688277046,"papachan","papachan leave the IRC (Remote host closed the connection)."
2,1376688294264,"MoOx","MoOx join the chan."
