32,1371852294128,"_mlb","_mlb leave the IRC (Remote host closed the connection)."
2,1371853054823,"_kud","_kud join the chan."
32,1371853332694,"_kud","_kud leave the IRC (Ping timeout: 255 seconds)."
2,1371853469740,"_mlb","_mlb join the chan."
2,1371854955605,"_kud","_kud join the chan."
32,1371855227520,"_kud","_kud leave the IRC (Remote host closed the connection)."
32,1371856604595,"Amatewasu","Amatewasu leave the IRC (Quit: WeeChat 0.4.2-dev)."
32,1371861257509,"_mlb","_mlb leave the IRC (Remote host closed the connection)."
2,1371887639334,"MoOx","MoOx join the chan."
32,1371888814102,"MoOx","MoOx leave the IRC (Remote host closed the connection)."
2,1371897313300,"Amatewasu","Amatewasu join the chan."
2,1371910431317,"mc__","mc__ join the chan."
1,1371910437778,"mc__","Salut"
4,1371910475886,"mc__","mc__ leave the chan."
2,1371911726594,"MoOx","MoOx join the chan."
32,1371912013543,"MoOx","MoOx leave the IRC (Remote host closed the connection)."
2,1371913131235,"rhannequin","rhannequin join the chan."
32,1371915347667,"rhannequin","rhannequin leave the IRC (Remote host closed the connection)."
2,1371919320140,"_mlb","_mlb join the chan."
32,1371924270025,"_mlb","_mlb leave the IRC (Remote host closed the connection)."
2,1371927791475,"_mlb","_mlb join the chan."
2,1371928056763,"MoOx","MoOx join the chan."
32,1371928851867,"euskadi31","euskadi31 leave the IRC (Quit: WeeChat 0.4.0)."
32,1371931237774,"MoOx","MoOx leave the IRC (Remote host closed the connection)."
2,1371931548688,"MoOx","MoOx join the chan."
32,1371934422805,"MoOx","MoOx leave the IRC (Remote host closed the connection)."
2,1371936364787,"euskadi31","euskadi31 join the chan."
1,1371936489447,"euskadi31","Hello"
1,1371936534100,"euskadi31","existe t'il un outil de profiling javascript ?"
