32,1366241284082,"Atu","Atu leave the IRC (Quit: [\"Textual IRC Client: www.textualapp.com\"])."
32,1366257700843,"romainhuet","romainhuet leave the IRC (Ping timeout: 245 seconds)."
2,1366260952636,"MoOx","MoOx join the chan."
2,1366264919706,"romainhuet","romainhuet join the chan."
2,1366266003345,"felixgilles","felixgilles join the chan."
2,1366266057244,"HammHetfield","HammHetfield join the chan."
2,1366268674673,"HammHetfield_","HammHetfield_ join the chan."
32,1366268754433,"HammHetfield","HammHetfield leave the IRC (Ping timeout: 246 seconds)."
256,1366268755482,"HammHetfield_","HammHetfield_ changed his nick for HammHetfield."
1,1366270196016,"endou","angezanetti: Avec plaisir !"
2,1366270399628,"kewah","kewah join the chan."
2,1366270830043,"rhannequin","rhannequin join the chan."
1,1366271103434,"nfroidure","endou, ça s'est bien passé le talk ?"
1,1366271416140,"endou","nfroidure: Ca a ete oui :)"
1,1366271543445,"nfroidure","Hâte de le voir, ça m'évitera de e taper la doc et les exemples :D"
1,1366271549625,"nfroidure","*me"
1,1366271559843,"endou","xD"
1,1366271564296,"angezanetti","carrément !"
1,1366271585168,"angezanetti","bon on a le programme du coup, reste à trouver la date :)"
1,1366271649849,"nfroidure","Vous avez RT le doodle ?"
1,1366271673718,"endou","J'ai pas mal parle des enjeux du frontend JS (interfaces riches, single page apps, html5 mobile), des differents framework (les GUI: sencha, GWT, les MVC: Backbone, etc. et les MDV/MVVM: Angular, meteor) et apres une petite demo de angularJS"
1,1366271689813,"endou","nfroidure: Non mais j'en ai touche un mot au talk"
1,1366271731835,"angezanetti","yep et relayé sur FB et G+ :)"
1,1366271773121,"angezanetti","ça peut être cool oui endou, je me pose pas mal de question sur le front en JS justement"
1,1366271781601,"angezanetti","une petite démo fera du bien"
1,1366271894007,"nfroidure","je suis assez partagé sur l'intérêt de ces fw, qui d'entre vous les utilise profesionnellement et qu'en retirez-vous ?"
1,1366271995028,"nfroidure","Tiens, ça serait pas mal que le compte @chtijs présente chaque participant pour faire connaître les membres de notre petite communauté."
1,1366272101175,"endou","nfroidure: Bonne idee :)"
1,1366272147314,"nfroidure","Bon, vous avez 150 caractères - ('@'+username).length"
1,1366272777548,"madx`","nfroidure: très bonne idée oui :)"
1,1366272790000,"madx`","tiens moi j'ai des annonces à faire pour MarseilleJS"
1,1366273093994,"madx`","mais faut trouver un bar sympa"
1,1366274439788,"angezanetti","tiens vous connaissez http://todomvc.com/, en parlant de frameworks MV* JS"
1,1366274483940,"endou","angezanetti: Ouais, top pour comparer les framework, ou quand la doc est trop leg'"
32,1366274769096,"kewah","kewah leave the IRC (Quit: kewah)."
1,1366275185351,"nfroidure","Le problème est qu'on en est plus à faire des todolist, ça permet pas de voir si ça matche nos besoins réels"
1,1366275215494,"madx`","les todolists <"
1,1366275527389,"angezanetti","https://www.shortcutfoo.com/app/tutorial/vim pour apprendre vim"
2,1366276653285,"NimS","NimS join the chan."
32,1366278437068,"rhannequin","rhannequin leave the IRC (Ping timeout: 256 seconds)."
2,1366278466099,"rhannequin","rhannequin join the chan."
32,1366279562365,"rhannequin","rhannequin leave the IRC (Ping timeout: 248 seconds)."
2,1366279570295,"NimS`","NimS` join the chan."
32,1366279639403,"NimS","NimS leave the IRC (Ping timeout: 256 seconds)."
32,1366281044882,"euskadi31","euskadi31 leave the IRC (Quit: WeeChat 0.4.0)."
32,1366281424440,"NimS`","NimS` leave the IRC (undefined)."
2,1366283360737,"MoOx_","MoOx_ join the chan."
32,1366283569761,"MoOx","MoOx leave the IRC (Ping timeout: 276 seconds)."
2,1366284912903,"cbonnissent","cbonnissent join the chan."
32,1366287634101,"Shahor","Shahor leave the IRC (Read error: Connection reset by peer)."
2,1366287682832,"Shahor","Shahor join the chan."
32,1366293943805,"HammHetfield","HammHetfield leave the IRC (Ping timeout: 276 seconds)."
2,1366294105901,"HammHetfield","HammHetfield join the chan."
256,1366296935022,"MoOx_","MoOx_ changed his nick for MoOx."
32,1366300934494,"Nyalab_","Nyalab_ leave the IRC (Remote host closed the connection)."
32,1366301302590,"HammHetfield","HammHetfield leave the IRC (Quit: HammHetfield)."
32,1366301776034,"felixgilles","felixgilles leave the IRC (Quit: Konversation terminated!)."
1,1366302975985,"angezanetti","Quelqu'un avec de l'experience avec des wordpress a gros traffic? Je cherche à dimensionner un hebergement pour un Wordpress à 300k/pages vues/mois"
32,1366304233866,"cbonnissent","cbonnissent leave the IRC (Ping timeout: 245 seconds)."
2,1366305673237,"Shahor_","Shahor_ join the chan."
32,1366305838838,"Shahor","Shahor leave the IRC (Ping timeout: 264 seconds)."
18,1366306597852,"Marionnette","Marionnette join the chan."
8,1366306598543,"_kud","_kud change topic to \"Communauté française des utilisateurs de JavaScript | Site : http://francejs.org\""
2,1366307525233,"NimS`","NimS` join the chan."
32,1366309277298,"NimS`","NimS` leave the IRC (Quit: Leaving.)."
32,1366313784714,"MoOx","MoOx leave the IRC (Ping timeout: 255 seconds)."
2,1366314842093,"NimS","NimS join the chan."
32,1366315709801,"NimS","NimS leave the IRC (Quit: Leaving.)."
2,1366321024015,"Atu","Atu join the chan."
