32,1376776944063,"papachan","papachan leave the IRC (Quit: Leaving)."
32,1376778498207,"oncletom","oncletom leave the IRC (Quit: Leaving.)."
32,1376778659123,"Amatewasu","Amatewasu leave the IRC (Quit: WeeChat 0.4.2-dev)."
2,1376805721226,"MoOx","MoOx join the chan."
32,1376807108939,"MoOx","MoOx leave the IRC (Remote host closed the connection)."
2,1376811485947,"MoOx","MoOx join the chan."
32,1376811494103,"MoOx","MoOx leave the IRC (Remote host closed the connection)."
2,1376813711397,"oncletom","oncletom join the chan."
32,1376816946064,"oncletom","oncletom leave the IRC (Quit: Leaving.)."
2,1376821065664,"oncletom","oncletom join the chan."
32,1376823068670,"oncletom","oncletom leave the IRC (Quit: Leaving.)."
2,1376827876916,"oncletom","oncletom join the chan."
32,1376828514442,"oncletom","oncletom leave the IRC (Quit: Leaving.)."
2,1376832437930,"papachan","papachan join the chan."
2,1376848750662,"oncletom","oncletom join the chan."
32,1376849128501,"papachan","papachan leave the IRC (Ping timeout: 248 seconds)."
2,1376850190129,"tfe","tfe join the chan."
32,1376851154751,"oncletom","oncletom leave the IRC (Ping timeout: 240 seconds)."
32,1376853791580,"euskadi31","euskadi31 leave the IRC (Quit: WeeChat 0.4.0)."
2,1376853809306,"euskadi31","euskadi31 join the chan."
2,1376855091999,"Amatewasu","Amatewasu join the chan."
2,1376858183115,"MoOx","MoOx join the chan."
32,1376860230400,"MoOx","MoOx leave the IRC (Remote host closed the connection)."
