2,1372546261695,"Shahor__","Shahor__ join the chan."
32,1372546294512,"Shahor","Shahor leave the IRC (Ping timeout: 246 seconds)."
1,1372547421290,"nfroidure","Ça serait cool de mettre les GitHub des contacts des groupes locaux"
1,1372549474038,"rhannequin","!sexygif"
4,1372549484548,"rhannequin","rhannequin leave the chan."
32,1372557310441,"Marsup","Marsup leave the IRC (Ping timeout: 264 seconds)."
32,1372560525950,"Munto","Munto leave the IRC (Remote host closed the connection)."
2,1372561091557,"Munto","Munto join the chan."
2,1372572536103,"MoOx","MoOx join the chan."
32,1372572768635,"nfroidure","nfroidure leave the IRC (Read error: Operation timed out)."
2,1372576564123,"nfroidure","nfroidure join the chan."
1,1372576919911,"nfroidure","lo"
2,1372582144728,"Marsup","Marsup join the chan."
32,1372582431873,"Marsup","Marsup leave the IRC (Ping timeout: 260 seconds)."
2,1372582595286,"Marsup","Marsup join the chan."
32,1372584816590,"Marsup","Marsup leave the IRC (Remote host closed the connection)."
1,1372584878282,"nfroidure","des liens francophone sur le JS à me signaler ?"
1,1372584890570,"nfroidure","La rubrique JavaScript de votre blog"
2,1372584943067,"Marsup","Marsup join the chan."
32,1372586340358,"showtim34","showtim34 leave the IRC (Remote host closed the connection)."
32,1372589953376,"Marsup","Marsup leave the IRC (Remote host closed the connection)."
2,1372597725901,"DontShootMe","DontShootMe join the chan."
32,1372610556341,"DontShootMe","DontShootMe leave the IRC (Ping timeout: 264 seconds)."
2,1372610624434,"DontShootMe","DontShootMe join the chan."
2,1372611661249,"goldoraf","goldoraf join the chan."
32,1372614790320,"goldoraf","goldoraf leave the IRC (Ping timeout: 268 seconds)."
32,1372625242672,"MoOx","MoOx leave the IRC (Remote host closed the connection)."
2,1372627539276,"Marsup","Marsup join the chan."
2,1372629230792,"euskadi31","euskadi31 join the chan."
