32,1377813939347,"revolunet","revolunet leave the IRC (Quit: revolunet)."
32,1377815141583,"Amatewasu","Amatewasu leave the IRC (Remote host closed the connection)."
32,1377816855903,"goldoraf","goldoraf leave the IRC (Ping timeout: 246 seconds)."
2,1377817148671,"goldoraf","goldoraf join the chan."
32,1377817602377,"fbentz","fbentz leave the IRC (Ping timeout: 264 seconds)."
32,1377817674969,"Tobu","Tobu leave the IRC (Ping timeout: 246 seconds)."
2,1377818035438,"fbentz","fbentz join the chan."
2,1377818043986,"Tobu","Tobu join the chan."
32,1377818433009,"bigx","bigx leave the IRC (Ping timeout: 264 seconds)."
32,1377818678015,"loicfrering","loicfrering leave the IRC (Ping timeout: 260 seconds)."
2,1377818725601,"bigx","bigx join the chan."
2,1377818961468,"loicfrering","loicfrering join the chan."
2,1377845277666,"HammHetfield","HammHetfield join the chan."
2,1377845585906,"felixgilles","felixgilles join the chan."
2,1377846230000,"julien_","julien_ join the chan."
32,1377846231609,"julien_","julien_ leave the IRC (Client Quit)."
1,1377846256061,"angezanetti","hia"
2,1377846860502,"kewah","kewah join the chan."
2,1377848235574,"rhannequin","rhannequin join the chan."
32,1377848266151,"Shahor","Shahor leave the IRC (Remote host closed the connection)."
2,1377848936494,"revolunet","revolunet join the chan."
1,1377849136544,"fbentz","Hello :)"
2,1377850650677,"pfilipovicz","pfilipovicz join the chan."
2,1377850773161,"Shahor","Shahor join the chan."
32,1377850891801,"Shahor","Shahor leave the IRC (Remote host closed the connection)."
2,1377850936190,"Shahor","Shahor join the chan."
32,1377851044787,"Shahor","Shahor leave the IRC (Remote host closed the connection)."
2,1377851094200,"Shahor","Shahor join the chan."
2,1377851267610,"_mlb","_mlb join the chan."
4,1377851480772,"pfilipovicz","pfilipovicz leave the chan."
2,1377853456255,"oncletom","oncletom join the chan."
2,1377854073789,"kud","kud join the chan."
32,1377854106707,"_kud","_kud leave the IRC (Ping timeout: 268 seconds)."
2,1377854279100,"papachan","papachan join the chan."
2,1377854324063,"_kud","_kud join the chan."
32,1377854332609,"kud","kud leave the IRC (Ping timeout: 245 seconds)."
32,1377857664995,"Nyalab","Nyalab leave the IRC (Remote host closed the connection)."
2,1377857817885,"Nyalab","Nyalab join the chan."
4,1377858867599,"papachan","papachan leave the chan."
32,1377859146339,"Shahor","Shahor leave the IRC (Remote host closed the connection)."
32,1377859723251,"kewah","kewah leave the IRC (Quit: kewah)."
32,1377860259547,"rhannequin","rhannequin leave the IRC (Ping timeout: 260 seconds)."
2,1377861439243,"rhannequin","rhannequin join the chan."
2,1377862027341,"Shahor","Shahor join the chan."
32,1377862363541,"bobot","bobot leave the IRC (Remote host closed the connection)."
2,1377862413404,"kewah","kewah join the chan."
2,1377862597702,"bobot","bobot join the chan."
32,1377865009107,"oncletom","oncletom leave the IRC (Quit: Leaving.)."
2,1377865265137,"Shahor_","Shahor_ join the chan."
32,1377865470467,"Shahor","Shahor leave the IRC (Ping timeout: 264 seconds)."
32,1377869441863,"Tobu","Tobu leave the IRC (Ping timeout: 246 seconds)."
32,1377869922515,"Shahor_","Shahor_ leave the IRC (Remote host closed the connection)."
2,1377870493594,"Shahor","Shahor join the chan."
2,1377871080984,"Tobu","Tobu join the chan."
32,1377872597320,"kewah","kewah leave the IRC (Quit: kewah)."
2,1377873119795,"kewah","kewah join the chan."
32,1377875164026,"kewah","kewah leave the IRC (Quit: kewah)."
4,1377876212507,"MoOx","MoOx leave the chan."
2,1377876219208,"MoOx","MoOx join the chan."
32,1377877484840,"rhannequin","rhannequin leave the IRC (Ping timeout: 245 seconds)."
32,1377877905471,"HammHetfield","HammHetfield leave the IRC (Quit: HammHetfield)."
32,1377878223802,"Tobu","Tobu leave the IRC (Remote host closed the connection)."
32,1377878401693,"felixgilles","felixgilles leave the IRC (Quit: Konversation terminated!)."
32,1377878488410,"bricef","bricef leave the IRC (Quit: Quitte)."
2,1377878769285,"Tobu","Tobu join the chan."
32,1377880425227,"goldoraf","goldoraf leave the IRC (Ping timeout: 246 seconds)."
32,1377880560609,"Shahor","Shahor leave the IRC (Read error: Connection reset by peer)."
32,1377880819554,"_mlb","_mlb leave the IRC (Remote host closed the connection)."
32,1377882037480,"_kud","_kud leave the IRC (Remote host closed the connection)."
32,1377883119939,"revolunet","revolunet leave the IRC (Quit: revolunet)."
32,1377883390704,"Marsup","Marsup leave the IRC (Ping timeout: 264 seconds)."
2,1377883546410,"Marsup","Marsup join the chan."
2,1377884644044,"pfilipovicz","pfilipovicz join the chan."
32,1377884893644,"MoOx","MoOx leave the IRC (Remote host closed the connection)."
32,1377886082491,"pfilipovicz","pfilipovicz leave the IRC (Quit: This computer has gone to sleep)."
2,1377888311866,"MoOx","MoOx join the chan."
32,1377888590310,"MoOx","MoOx leave the IRC (Ping timeout: 248 seconds)."
2,1377891114376,"MoOx","MoOx join the chan."
32,1377891162602,"MoOx","MoOx leave the IRC (Remote host closed the connection)."
2,1377891217458,"MoOx","MoOx join the chan."
32,1377892847351,"MoOx","MoOx leave the IRC (Remote host closed the connection)."
2,1377894035335,"revolunet","revolunet join the chan."
32,1377894298277,"revolunet","revolunet leave the IRC (Client Quit)."
2,1377897004886,"_kud","_kud join the chan."
2,1377898043275,"revolunet","revolunet join the chan."
