2,1370298356427,"_mlb","_mlb join the chan."
2,1370299804750,"bigx","bigx join the chan."
32,1370301760866,"Alezaru","Alezaru leave the IRC (Ping timeout: 252 seconds)."
2,1370301942475,"Alz_","Alz_ join the chan."
32,1370302570475,"Alz_","Alz_ leave the IRC (Ping timeout: 276 seconds)."
32,1370310222386,"stephCoue","stephCoue leave the IRC (Remote host closed the connection)."
32,1370312960760,"Marsup","Marsup leave the IRC (Ping timeout: 246 seconds)."
2,1370313184117,"Marsup","Marsup join the chan."
2,1370318737545,"MoOx","MoOx join the chan."
32,1370324410557,"Marsup","Marsup leave the IRC (Ping timeout: 276 seconds)."
2,1370326814525,"felixgilles","felixgilles join the chan."
2,1370327003998,"HammHetfield","HammHetfield join the chan."
2,1370327430327,"fbentz","fbentz join the chan."
1,1370327466186,"fbentz","bonjour tout le monde :)"
2,1370328386955,"showtim34","showtim34 join the chan."
2,1370328649347,"DontShootMe","DontShootMe join the chan."
32,1370329049805,"showtim34","showtim34 leave the IRC (Read error: No route to host)."
32,1370329251859,"_mlb","_mlb leave the IRC (Remote host closed the connection)."
2,1370330218606,"kewah","kewah join the chan."
1,1370330537955,"bricef","salut"
1,1370330761457,"nfroidure","lut"
1,1370330796508,"fbentz","Plop"
32,1370331458204,"fbentz","fbentz leave the IRC (Quit: fbentz)."
2,1370331540777,"_mlb","_mlb join the chan."
2,1370331752057,"fbentz","fbentz join the chan."
32,1370331820777,"_mlb","_mlb leave the IRC (Ping timeout: 264 seconds)."
2,1370332031736,"rhannequin","rhannequin join the chan."
32,1370332175475,"_kud","_kud leave the IRC (Read error: Connection reset by peer)."
2,1370332330881,"_kud","_kud join the chan."
2,1370332807693,"mab1","mab1 join the chan."
32,1370332875670,"mab","mab leave the IRC (Ping timeout: 264 seconds)."
32,1370333937658,"kewah","kewah leave the IRC (Quit: kewah)."
1,1370334386809,"nfroidure","Excellent : https://gist.github.com/eirikbacker/2864711"
2,1370334667800,"rhannequin_","rhannequin_ join the chan."
32,1370334738793,"rhannequin","rhannequin leave the IRC (Ping timeout: 245 seconds)."
256,1370334777660,"rhannequin_","rhannequin_ changed his nick for rhannequin."
2,1370336427065,"_mlb","_mlb join the chan."
1,1370336437129,"_mlb","hello"
32,1370337899993,"fbentz","fbentz leave the IRC (Quit: fbentz)."
2,1370337995729,"fbentz","fbentz join the chan."
2,1370338076842,"stephCoue","stephCoue join the chan."
32,1370338816348,"fbentz","fbentz leave the IRC (Quit: fbentz)."
2,1370339517841,"fbentz","fbentz join the chan."
32,1370341285977,"mab1","mab1 leave the IRC (Read error: Connection reset by peer)."
2,1370341381758,"mab","mab join the chan."
32,1370343140317,"_mlb","_mlb leave the IRC (Remote host closed the connection)."
32,1370344113871,"rhannequin","rhannequin leave the IRC (Ping timeout: 245 seconds)."
2,1370344940770,"_mlb","_mlb join the chan."
2,1370346869437,"rhannequin","rhannequin join the chan."
1,1370350598323,"pntbr","fbentz: yop, t'as raté la première de #mtpjs ;)"
1,1370350615037,"fbentz","Hein ??????"
1,1370350625203,"pntbr","ce midi"
1,1370350636812,"fbentz","merde … ."
1,1370350656399,"fbentz","en même temps apa"
1,1370350672715,"fbentz","pas de regret j'aurais pas pu de toute les manières :s"
1,1370350674037,"pntbr","'sclad soir ce ? avec vinyll"
2,1370352013934,"showtim34","showtim34 join the chan."
32,1370355056206,"HammHetfield","HammHetfield leave the IRC (Ping timeout: 252 seconds)."
2,1370355242681,"HammHetfield","HammHetfield join the chan."
