32,1382825537017,"august1","august1 leave the IRC (Ping timeout: 252 seconds)."
32,1382826015199,"_lc_fr_","_lc_fr_ leave the IRC (Ping timeout: 268 seconds)."
2,1382826056144,"august1","august1 join the chan."
2,1382827982523,"_kud","_kud join the chan."
32,1382828853473,"august1","august1 leave the IRC (Quit: august1)."
32,1382836867715,"_kud","_kud leave the IRC (Remote host closed the connection)."
32,1382837113353,"Amatewasu","Amatewasu leave the IRC (*.net *.split)."
2,1382837486650,"Amatewasu","Amatewasu join the chan."
2,1382858664218,"fbentz","fbentz join the chan."
32,1382859223653,"fbentz","fbentz leave the IRC (Quit: fbentz)."
2,1382860569778,"fbentz","fbentz join the chan."
2,1382864647834,"august1","august1 join the chan."
32,1382864695987,"august1","august1 leave the IRC (Client Quit)."
2,1382865953482,"bigx","bigx join the chan."
32,1382868236730,"bigx","bigx leave the IRC (Remote host closed the connection)."
2,1382870730735,"_kud","_kud join the chan."
2,1382871342655,"MoOx","MoOx join the chan."
32,1382881699837,"_kud","_kud leave the IRC (Remote host closed the connection)."
2,1382883450554,"_kud","_kud join the chan."
32,1382886097957,"fbentz","fbentz leave the IRC (Quit: fbentz)."
2,1382886235477,"fbentz","fbentz join the chan."
32,1382886703884,"_kud","_kud leave the IRC (Read error: Connection reset by peer)."
2,1382886740330,"_kud","_kud join the chan."
32,1382889339039,"_kud","_kud leave the IRC (Remote host closed the connection)."
32,1382889392419,"fbentz","fbentz leave the IRC (Quit: fbentz)."
2,1382891619577,"_kud","_kud join the chan."
2,1382891961241,"fbentz","fbentz join the chan."
32,1382893197821,"_kud","_kud leave the IRC (Read error: Connection reset by peer)."
2,1382893235894,"_kud","_kud join the chan."
2,1382893819202,"DontShootMe","DontShootMe join the chan."
32,1382894211203,"DontShootMe","DontShootMe leave the IRC (Ping timeout: 246 seconds)."
32,1382898057804,"nicolasbadia","nicolasbadia leave the IRC (Quit: nicolasbadia)."
32,1382903793272,"Marsup","Marsup leave the IRC (Ping timeout: 245 seconds)."
2,1382903963381,"Marsup","Marsup join the chan."
32,1382904840913,"_kud","_kud leave the IRC (Remote host closed the connection)."
2,1382906208652,"_kud","_kud join the chan."
2,1382907103129,"Nyalab_","Nyalab_ join the chan."
32,1382907329138,"Munto","Munto leave the IRC (Quit: Let's make things Frugal!)."
32,1382908381521,"fbentz","fbentz leave the IRC (Quit: fbentz)."
32,1382911039909,"MoOx","MoOx leave the IRC (Remote host closed the connection)."
2,1382911073893,"MoOx","MoOx join the chan."
32,1382911342221,"MoOx","MoOx leave the IRC (Ping timeout: 245 seconds)."
2,1382914399822,"MoOx","MoOx join the chan."
32,1382914660765,"MoOx","MoOx leave the IRC (Ping timeout: 240 seconds)."
