2,1367795932859,"Shahor_","Shahor_ join the chan."
32,1367796064245,"Shahor","Shahor leave the IRC (Ping timeout: 246 seconds)."
32,1367796064664,"siddartha","siddartha leave the IRC (Ping timeout: 246 seconds)."
2,1367796257925,"siddartha","siddartha join the chan."
32,1367796258784,"siddartha","siddartha leave the IRC (Changing host)."
2,1367796258874,"siddartha","siddartha join the chan."
32,1367801636268,"august1","august1 leave the IRC (Quit: august1)."
32,1367802848485,"stephCoue","stephCoue leave the IRC (Remote host closed the connection)."
2,1367807104662,"stephCoue","stephCoue join the chan."
32,1367807533100,"stephCoue","stephCoue leave the IRC (Ping timeout: 252 seconds)."
2,1367822311546,"felixgilles","felixgilles join the chan."
2,1367824337743,"showtim34","showtim34 join the chan."
2,1367824659720,"kewah","kewah join the chan."
2,1367825784552,"_kud","_kud join the chan."
32,1367826419673,"kewah","kewah leave the IRC (Quit: kewah)."
2,1367826475573,"rhannequin","rhannequin join the chan."
2,1367826596669,"august1","august1 join the chan."
32,1367826803349,"rhannequin","rhannequin leave the IRC (Ping timeout: 245 seconds)."
528,1367826943683,"Marionnette","Twitter.com#francejs - @nfroidure: Créer un bot IRC avec NodeJS http://t.co/91H4UK3OlU #francejs"
2,1367827239464,"bobot","bobot join the chan."
2,1367827252752,"revolunet","revolunet join the chan."
2,1367827275625,"MoOx","MoOx join the chan."
2,1367827317627,"kewah","kewah join the chan."
32,1367827739117,"MoOx","MoOx leave the IRC (Remote host closed the connection)."
2,1367827966850,"vvo","vvo join the chan."
2,1367828225799,"rhannequin_","rhannequin_ join the chan."
256,1367828442989,"rhannequin_","rhannequin_ changed his nick for rhannequin."
1,1367828485200,"Shahor_","_kud: oui, mais je viens de la créer"
1,1367828500700,"_kud","je sais pas de quoi tu parles ^^"
32,1367829978345,"rhannequin","rhannequin leave the IRC (Ping timeout: 245 seconds)."
2,1367830085366,"rhannequin","rhannequin join the chan."
32,1367830779285,"urcadox","urcadox leave the IRC (Remote host closed the connection)."
2,1367830819747,"urcadox","urcadox join the chan."
1,1367830965132,"Shahor_","AE"
1,1367831810514,"nfroidure","Ça bouge pas beaucoup au niveau des statuts FranceJS."
1,1367832311472,"nfroidure","J'ai mis mes remarques, ça serai bien que d'autres débatent sur les statuts : https://github.com/francejs/association/issues #common"
1,1367832401046,"nfroidure","_kud, il faut aussi qu'on mette la source du logo dans le dépôt pour que chacun puisse le réutiliser. Qui les a pour le moment ?"
1,1367832421881,"_kud","Ouais"
1,1367832424372,"_kud","j'vais voir si j'l'ai"
1,1367832567002,"nfroidure","Ah, c'est vrai la citation du jour :)"
1,1367832569790,"nfroidure","Marionnette, quote"
17,1367832570613,"Marionnette","Rule of Open-Source Programming #6:

The user is always right unless proven otherwise by the developer."
17,1367832570613,"Marionnette","Source: http://iheartquotes.com/fortune/show/207"
1,1367832644184,"nfroidure","Je crois que c'est de l'ironie :)"
256,1367832766522,"siddartha","siddartha changed his nick for siddartha`."
256,1367833260828,"siddartha`","siddartha` changed his nick for siddartha."
1,1367835201013,"nfroidure","Troll incomming..."
528,1367835204529,"Marionnette","Twitter.com#francejs - @nfroidure: Troll du Lundi matin, bourrin. https://t.co/KXaJ0DIWbo #FranceJS"
32,1367835503504,"rhannequin","rhannequin leave the IRC (Ping timeout: 245 seconds)."
2,1367835703243,"NimS","NimS join the chan."
1,1367836026134,"_kud","C'est beau hein nfroidure"
1,1367836046490,"_kud","Il mélange problématique du format propriétaire et remise en question de son taf"
2,1367836804748,"MoOx","MoOx join the chan."
32,1367837043166,"vvo","vvo leave the IRC (Ping timeout: 272 seconds)."
1,1367839386545,"nfroidure","C'est surtout la tentative de lynchage qui me troue"
1,1367839630473,"madx`","ahah _kud j'avais pas vu celui-là, joli :)"
2,1367839938448,"rhannequin","rhannequin join the chan."
1,1367840217503,"nfroidure","Tiens, vous avez vu mon nouveau joujou de ce w-e ?"
32,1367840220718,"felixgilles","felixgilles leave the IRC (Remote host closed the connection)."
2,1367840240415,"felixgilles","felixgilles join the chan."
1,1367840265544,"nfroidure","Marionnette, eval var z=0; for(var i=0; i<3; i++) { z+=i; } z;"
17,1367840265621,"Marionnette","nfroidure: 3"
1,1367840350083,"madx`","OUhla nfroidure"
1,1367840365882,"madx`","j'espère que c'est safe :D"
1,1367840406338,"nfroidure","J'ai utilisé sandbox, ça crée un processus sandboxé pour l'exécution"
1,1367840412576,"madx`","ok"
1,1367840427353,"nfroidure","Marionnette, eval while(true)"
17,1367840427385,"Marionnette","nfroidure: 'SyntaxError: Unexpected end of input'"
1,1367840432162,"nfroidure","Marionnette, eval while(true) {}"
17,1367840432665,"Marionnette","nfroidure: TimeoutError"
1,1367840447677,"nfroidure","Marionnette, eval JSON.stringify(global);"
17,1367840447708,"Marionnette","nfroidure: 'ReferenceError: global is not defined'"
1,1367840461149,"nfroidure","Marionnette, eval JSON.stringify(this);"
17,1367840461181,"Marionnette","nfroidure: '{\"console\":{}}'"
1,1367840464833,"madx`","Marionnette: eval process.cwd()"
17,1367840464862,"Marionnette","madx`: 'ReferenceError: process is not defined'"
1,1367840479399,"madx`","Marionnette: eval require('process').cwd()"
17,1367840479427,"Marionnette","madx`: 'ReferenceError: require is not defined'"
1,1367840483615,"madx`","sava :D"
1,1367840531226,"nfroidure","Je sais pas trop à quoi ça nous servira, mais bon, pourquoi s'en passer :D"
1,1367840552117,"nfroidure","Ça fait calculatrice, au minum :)"
1,1367840580269,"nfroidure","Marionnette, eval 1664+1664"
17,1367840580301,"Marionnette","nfroidure: 3328"
1,1367840617988,"urcadox","Marionnette: eval var s = \"\"; for(var i = 0; i < 1000; i++) { s += \"#\" }; s;"
17,1367840618022,"Marionnette","urcadox: '########################################################################################################################################################################################################################################################################################################################################################################################################################################################################################################################################################################################################################################################################################################################################################################################################################################################################################################################################################################################################################################'"
1,1367840630640,"madx`","ah ouais aussi..."
1,1367840635549,"urcadox","en étant méchant ça peut être lourd é_è"
1,1367840719562,"nfroidure","Je vais limiter la sortie  à n caractères"
2,1367840942175,"vvo","vvo join the chan."
1,1367841037520,"nfroidure","une des groupies de _kud semble croire que je suis l'auteur du twitt de la mort qui tue :D"
1,1367841783583,"angezanetti","hello"
1,1367841817421,"angezanetti","il fallait pas te lancer sur la custom de bot en faire nfroidure :)"
1,1367841886822,"nfroidure","Je crains que ça soit pire pour la prochaine commande :)"
2,1367842059292,"endou","endou join the chan."
1,1367842125652,"_kud","rofl urcadox"
17,1367842817761,"Marionnette","NiKo`: 'ReferenceError: process is not defined'"
17,1367842825890,"Marionnette","NiKo`: 2"
1,1367842843046,"NiKo`","j'aurais essayé."
17,1367842892055,"Marionnette","NiKo`: 'je te trouve très beau'"
1,1367842897912,"NiKo`","Marionnette: merci"
17,1367842975272,"Marionnette","jokin' :)"
1,1367843005260,"_kud","De quoi nfroidure ?"
1,1367843036473,"nfroidure","NiKo`, tu viens de hacker la commande say :)"
1,1367843063846,"nfroidure","_kud, dequoiquoi ?"
1,1367843071672,"_kud","\"nfroidure ➤ une des groupies de _kud semble croire que je suis l'auteur du twitt de la mort qui tue :D\""
1,1367843094109,"nfroidure","Ah, https://twitter.com/cath_tatsu/status/331374680546107392"
1,1367843138554,"_kud","Ha oui :)"
1,1367843241332,"_kud","Ceci étant, c'est exactement ça. C'est complètement con."
1,1367843285789,"_kud","J'y vois surtout un autre aspect : le mec n'y comprend rien au dev alors il ne veut pas qu'on touche à son corps de métier."
1,1367843331964,"nfroidure","J'imagine que t'en est pas à ton premier troll avec un graphiste :D"
1,1367843342270,"nfroidure","-t"
1,1367843391607,"nfroidure","Je suis entouré de graphistes qui designent sur photoshop, je suis obligé de m'en accomoder :)"
1,1367843572419,"_kud","Oh bah non."
1,1367843599285,"_kud","Dès que je dis que photoshop n'est pas fait pour le web ou que le format psd est propriétaire et n'est accessible que très difficilement dans d'autres logiciels"
1,1367843605850,"_kud","j'ai une ordre de designers qui se ramènent."
32,1367843647008,"showtim34","showtim34 leave the IRC (Quit: Quitte)."
1,1367843647136,"_kud","ramène* (ca dépend comment tu vois le sujet)"
1,1367843728123,"nfroidure","_kud, je connais pas trop photoshop et illustrator. Ça apporte quoi de plus que Gimp et Inkscape ?"
1,1367843744455,"nfroidure","Qui justifie de les utiliser."
1,1367844063400,"rhannequin","Hey, vous utilisez quoi comme serveur pour le bot irc, j'ai tenté sur un heroku mais ça déco le bot presque immédiatement"
1,1367844106119,"nfroidure","J'ai un tit serveur maison chez moi qui tourne sous Debian."
1,1367844148881,"nfroidure","rhannequin, à mon avis, Heroku doit demander l'utilisation d'une API particulière ou alors, le port utilisé est bloqué."
1,1367844164889,"rhannequin","je vais tenter ce soir sur mon raspberry alors"
1,1367844178279,"nfroidure","tu as une idée de commande :)"
1,1367844201269,"rhannequin","comment ça ?"
1,1367844234942,"nfroidure","D'amélioration si tu préfère."
1,1367844239629,"nfroidure","*s"
1,1367844242273,"NimS","non, rhannequin vole le bot francejs pour un autre chan"
1,1367844243532,"NimS",":D"
1,1367844281096,"nfroidure","Ah, c'est fait pour ça ;)"
1,1367844316776,"rhannequin","nfroidure: pour le moment je me suis surtout bien marré en voyant celles existantes"
1,1367844367618,"rhannequin","je viens de faire un chan pour un assoc étudiante de dev, je voulais tester un peu le bot, si y'a un peu de monde de l'école qui y va et qu'on joue avec le bot, y'a moyen qu'on trouve des idées et qu'on les partage du coup"
1,1367844411915,"nfroidure","Cool, y'a déjà des idées par encore implémentées, ça peut entraîner les doigts ;)."
1,1367844503388,"rhannequin","Juste comme ça, le code il est écrit à la main ou ça vient d'un site/doc ?"
1,1367844610857,"nfroidure","J'ai utilisé la doc des modules que j'ai utilisé : irc, twitter, sandbox"
1,1367844644617,"rhannequin","ok, parce que j'ai été étonné par la syntaxe"
1,1367844646669,"rhannequin","enfin l'écriture"
1,1367844648780,"nfroidure","Les modules sont très bien faits en général c'est assez facile d'en utiliser un pour la première."
1,1367844659331,"nfroidure","*fois"
1,1367844662308,"rhannequin","pas d'espace, les \"{\" alignés avec le contenu et tout"
1,1367844753736,"nfroidure","Le style Whitesmith, proche du style GNU. Mais tu peux changer si tu veux, je m'accomode de toutes les indentations à vrai dire."
1,1367844814962,"rhannequin","j'ai fork le projet, ce que je peux faire c'est custom le projet pour mes propres besoins (pour notre assoc on n'a pas besoin de twitter par exemple) et dès que j'ajoute une nouvelle feature je fais un pull request"
1,1367844815104,"rhannequin","ah oui mais on peut pas forker plusieurs fois un projet..."
1,1367844856367,"rhannequin","faudrait que le bot de mon assoc soit un projet à part alors et que je garde le fork de francejs clean pour le pull requests"
1,1367844953163,"nfroidure","Au pire, si tu as une feature qui déchire, tu me bippes et je viens la piquer."
1,1367845031615,"rhannequin","haha sans pb ;)"
2,1367846414594,"NimS1","NimS1 join the chan."
1,1367846439412,"rhannequin","nfroidure: dans le code parfois il y a des conditions sous forme d'expression, ça marche comment ?"
1,1367846450956,"rhannequin","ex: (foo && bar)"
32,1367846505115,"NimS","NimS leave the IRC (Ping timeout: 256 seconds)."
2,1367847400280,"stephCoue","stephCoue join the chan."
1,1367847785260,"nfroidure","rhannequin, si foo est à true alors l'expression bar sera évaluée"
1,1367847801911,"nfroidure","est à true ou équivaut à true of course"
1,1367847827988,"nfroidure","En gros, c'est comme un if en ligne moins contraignant que l'opérateur ternaire."
1,1367847870668,"rhannequin","(undefined !== watchs[args[1]] && watchs[args[1]].push(nick)) ==> \"watchs[args[1]].push(nick)\" seulement si \"undefined !== watchs[args[1]]\" est vrai, c'est ça ?"
1,1367847899744,"nfroidure","yep"
1,1367847919896,"rhannequin","cool merci"
1,1367847921395,"rhannequin","jslint n'aime pas haha"
1,1367847936295,"nfroidure","Qu'est-ce qu'il te dit ?"
1,1367847974527,"rhannequin","Expected an assignment or function call and  instead saw an expression"
1,1367848023573,"nfroidure","Mouais, sois t'es hype, sois tu passes JSLint, faut trancher :p"
1,1367848057259,"rhannequin","un jour je serai hype"
1,1367848087262,"rhannequin","j'essaye d'apprendre les bonnes pratiques avant de me permettre d'être hype"
1,1367848087434,"rhannequin","sinon je vais du code sale et ne pas être hype :'("
1,1367848094778,"nfroidure","Plus sérieusement, je pense que JSLint sur ce coup dit nawak. C'est légal de faire ça en JS"
1,1367848097672,"rhannequin","vais faire *"
1,1367848124050,"rhannequin","ah oui mais il me sort plein de warnings de choses légales"
1,1367848130155,"rhannequin","ce sont des choses qui marchent"
1,1367848145260,"rhannequin","mais qui ne sont pas \"belles\" d'après jslint, qui ne se font pas quoi"
1,1367848169787,"rhannequin","par exemple il me reprend sur l'indentation, c'est plus une histoire de qualité de code pour la lecture qu'autre chose"
1,1367848199311,"nfroidure","Oui, je pense plutôt que JSLint essaie de rendre plus facilement le code compréhensible."
1,1367848258244,"stephCoue","JSHint est une bellle alternative"
1,1367848301052,"rhannequin","stephCoue: quelles différence entre les deux ? Tu choisirais plutôt jshint ?"
1,1367848396504,"stephCoue","au debut j'avais lint comme tout le monde mais j'ai vu que tout le utilisait hint"
1,1367848445904,"stephCoue","et puis il marchait mieux pour node"
1,1367848529223,"stephCoue","apres cela reste des outils d'aide c'est toi le maitre"
1,1367848637527,"rhannequin","stephCoue: c'est sûr, mais ça me fait me sentir bien qu'au moins le code suit les conventions de syntaxe"
1,1367848861787,"nfroidure","Ces vérificateurs de code peuvent être bien pour éviter bêtement des bugs à cause de trucs qu'on fait tout le temps. Genre a=1 au lieu de a==1."
1,1367848904906,"nfroidure","Mais bon, ça comprends pas ton code donc forcément, c'est limité"
1,1367849357834,"madx`","protip: 1 == a"
1,1367849376452,"madx`","cas 1 = a => epic fail"
1,1367849579765,"rhannequin","d'ailleurs je vois des \"undefined !== foo\" plutôt que des \"foo !== undefined\", ou des \"-1 !== bar\" plutôt que des \"bar !== -1\", quel intérêt ?"
1,1367849604536,"madx`","je viens de le dire :D"
1,1367849621592,"madx`","si tu prends l'habitude de mettre la partie constante avant l'opérateur"
1,1367849634501,"madx`","tu minimises les risques de faire une affectation au lieu d'une comparaison"
1,1367849641176,"madx`","car 1 = a est invalide"
1,1367849644968,"madx`","alors que 1 == a non"
1,1367849682188,"rhannequin","ah ok d'accord"
1,1367849686170,"rhannequin","oui en effet tu venais de le dire :p"
32,1367850428600,"rhannequin","rhannequin leave the IRC (Ping timeout: 245 seconds)."
2,1367850500577,"rhannequin","rhannequin join the chan."
32,1367851619476,"stephCoue","stephCoue leave the IRC (Remote host closed the connection)."
32,1367853144985,"august1","august1 leave the IRC (Quit: august1)."
1,1367853692302,"_kud","Y'avait aussi une question de performance à l'époque, madx`."
1,1367853705302,"_kud","Ce n'est plus vraiment le cas, mais bon. Disons que maintenant on s'en fout."
256,1367853849944,"Shahor_","Shahor_ changed his nick for Shahor."
32,1367855076883,"rhannequin","rhannequin leave the IRC (Quit: Page closed)."
32,1367857629253,"bobot","bobot leave the IRC (Remote host closed the connection)."
32,1367857629391,"_kud","_kud leave the IRC (Remote host closed the connection)."
32,1367857721202,"vvo","vvo leave the IRC (Quit: Leaving.)."
32,1367857728705,"felixgilles","felixgilles leave the IRC (Quit: Konversation terminated!)."
2,1367857788459,"NimS","NimS join the chan."
32,1367857804597,"NimS1","NimS1 leave the IRC (Ping timeout: 256 seconds)."
32,1367858200967,"revolunet","revolunet leave the IRC (Quit: revolunet)."
2,1367858875511,"Amatewasu","Amatewasu join the chan."
32,1367858888685,"kewah","kewah leave the IRC (Quit: kewah)."
32,1367860724541,"Nyalab","Nyalab leave the IRC (Remote host closed the connection)."
2,1367861599513,"august1_","august1_ join the chan."
2,1367862028378,"_kud","_kud join the chan."
32,1367862548954,"NimS","NimS leave the IRC (Quit: Leaving.)."
2,1367864534159,"rhannequin","rhannequin join the chan."
2,1367868143051,"kewah","kewah join the chan."
32,1367868585175,"MoOx","MoOx leave the IRC (Ping timeout: 260 seconds)."
32,1367869929472,"rhannequin","rhannequin leave the IRC (Ping timeout: 245 seconds)."
256,1367870294649,"siddartha","siddartha changed his nick for siddartha`."
256,1367870316816,"siddartha`","siddartha` changed his nick for siddartha."
32,1367870744993,"kewah","kewah leave the IRC (Quit: kewah)."
