32,1368052666062,"revolunet","revolunet leave the IRC (Quit: revolunet)."
2,1368052829995,"revolunet","revolunet join the chan."
2,1368055675196,"rhannequin","rhannequin join the chan."
32,1368055889676,"revolunet","revolunet leave the IRC (Quit: revolunet)."
32,1368056125161,"rhannequin","rhannequin leave the IRC (Quit: Quitte)."
2,1368056194100,"rhannequin","rhannequin join the chan."
32,1368056775358,"rhannequin","rhannequin leave the IRC (Quit: Quitte)."
32,1368061118591,"kewah","kewah leave the IRC (Quit: kewah)."
32,1368063975832,"august1","august1 leave the IRC (Quit: august1)."
2,1368075755408,"MoOx","MoOx join the chan."
2,1368086509816,"revolunet","revolunet join the chan."
1,1368086571338,"nfroidure","Marionnette, quote"
17,1368086581958,"Marionnette","Buy a Pentium III so you can reboot faster."
17,1368086581958,"Marionnette","Source: http://iheartquotes.com/fortune/show/8190"
528,1368110110526,"Marionnette","Twitter.com#francejs - @nfroidure: Play with ECMAScript 6 today : http://t.co/XRAkZMBblG #harmony #javascript #francejs"
18,1368111078329,"Marionnette","Marionnette join the chan."
8,1368111078424,"_kud","_kud change topic to \"Communauté française des utilisateurs de JavaScript | Site : http://francejs.org\""
32,1368111385587,"august1","august1 leave the IRC (Quit: august1)."
256,1368111393270,"nfroidure_","nfroidure_ changed his nick for nfroidure."
528,1368111599693,"Marionnette","Twitter.com#francejs - @nfroidure: Play with ECMAScript 6 today : http://t.co/XRAkZMBblG #harmony #javascript #francejs"
1,1368111937097,"nfroidure","Certains d'entre vous utilisent NodeJS sur Windows ? Comment vous travaillez ? En ligne de commande ou c'est une interface graphique ?"
2,1368112568439,"august1","august1 join the chan."
32,1368113699519,"august1","august1 leave the IRC (Quit: august1)."
2,1368113963457,"august1","august1 join the chan."
32,1368116264055,"august1","august1 leave the IRC (Quit: august1)."
2,1368121216716,"_kud","_kud join the chan."
2,1368121435716,"august1_","august1_ join the chan."
32,1368122101572,"_kud","_kud leave the IRC (Remote host closed the connection)."
2,1368122747694,"Amatewasu","Amatewasu join the chan."
32,1368123568792,"MoOx","MoOx leave the IRC (Ping timeout: 268 seconds)."
2,1368125621305,"_kud","_kud join the chan."
32,1368126201418,"kewah","kewah leave the IRC (Quit: kewah)."
32,1368126864422,"angezanetti","angezanetti leave the IRC (Read error: Operation timed out)."
2,1368127063525,"angezanetti","angezanetti join the chan."
2,1368128764761,"revolunet","revolunet join the chan."
32,1368128971178,"angezanetti","angezanetti leave the IRC (Read error: Operation timed out)."
2,1368129071722,"angezanetti","angezanetti join the chan."
2,1368130691794,"kud","kud join the chan."
32,1368130864209,"_kud","_kud leave the IRC (Ping timeout: 252 seconds)."
32,1368133289193,"kud","kud leave the IRC (Remote host closed the connection)."
32,1368133719179,"revolunet","revolunet leave the IRC (Quit: revolunet)."
