4,1380148239169,"lionelB","lionelB leave the chan."
32,1380149300676,"loicfrering","loicfrering leave the IRC (Read error: Operation timed out)."
2,1380150361449,"loicfrering","loicfrering join the chan."
32,1380151092715,"loicfrering","loicfrering leave the IRC (Ping timeout: 245 seconds)."
2,1380152129542,"loicfrering","loicfrering join the chan."
32,1380157420217,"_mlb","_mlb leave the IRC (Remote host closed the connection)."
2,1380159249639,"_mlb","_mlb join the chan."
32,1380159753621,"_mlb","_mlb leave the IRC (Ping timeout: 264 seconds)."
2,1380167077436,"_mlb","_mlb join the chan."
32,1380167342646,"_mlb","_mlb leave the IRC (Ping timeout: 256 seconds)."
2,1380172516546,"MoOx","MoOx join the chan."
2,1380174515882,"_mlb","_mlb join the chan."
32,1380174795911,"_mlb","_mlb leave the IRC (Ping timeout: 260 seconds)."
32,1380176998355,"neolao","neolao leave the IRC (Ping timeout: 264 seconds)."
2,1380177011204,"neolao","neolao join the chan."
2,1380177962570,"HammHetfield","HammHetfield join the chan."
2,1380178618767,"Shahor","Shahor join the chan."
2,1380178677988,"showtim34","showtim34 join the chan."
2,1380179056302,"Grirrle","Grirrle join the chan."
32,1380179138054,"tfe","tfe leave the IRC (Read error: Connection reset by peer)."
2,1380179170718,"tfe","tfe join the chan."
32,1380179270691,"Shahor","Shahor leave the IRC (Remote host closed the connection)."
2,1380179421457,"Shahor","Shahor join the chan."
32,1380180078459,"Shahor","Shahor leave the IRC (Remote host closed the connection)."
2,1380180330078,"Shahor","Shahor join the chan."
2,1380180523325,"rhannequin","rhannequin join the chan."
2,1380180798111,"lionelB","lionelB join the chan."
32,1380180911185,"MoOx","MoOx leave the IRC (Remote host closed the connection)."
2,1380181120107,"MoOx","MoOx join the chan."
2,1380181347428,"_mlb","_mlb join the chan."
2,1380181674108,"Nyalab","Nyalab join the chan."
1,1380181813161,"nfroidure","lo"
32,1380182379358,"Shahor","Shahor leave the IRC (Remote host closed the connection)."
2,1380182471907,"Shahor","Shahor join the chan."
2,1380182607172,"brice","brice join the chan."
32,1380183120099,"Shahor","Shahor leave the IRC (Remote host closed the connection)."
2,1380183286001,"Shahor","Shahor join the chan."
2,1380183526147,"_kud","_kud join the chan."
32,1380183616083,"_mlb","_mlb leave the IRC (Remote host closed the connection)."
32,1380184220117,"Nyalab","Nyalab leave the IRC (Remote host closed the connection)."
2,1380184226162,"OwlyCode","OwlyCode join the chan."
2,1380184894080,"_mlb","_mlb join the chan."
2,1380184950103,"_mlb_","_mlb_ join the chan."
32,1380184950218,"_mlb","_mlb leave the IRC (Read error: Connection reset by peer)."
2,1380185169195,"oncletom","oncletom join the chan."
32,1380185464342,"brice","brice leave the IRC (Ping timeout: 260 seconds)."
2,1380185520055,"brice","brice join the chan."
32,1380185572507,"rhannequin","rhannequin leave the IRC (Ping timeout: 252 seconds)."
2,1380185975292,"Mo_Ox","Mo_Ox join the chan."
32,1380185996385,"MoOx","MoOx leave the IRC (Ping timeout: 260 seconds)."
2,1380186243695,"rhannequin","rhannequin join the chan."
32,1380186341244,"Mo_Ox","Mo_Ox leave the IRC (Ping timeout: 240 seconds)."
2,1380186892335,"MoOx","MoOx join the chan."
2,1380186940725,"Nyalab","Nyalab join the chan."
32,1380187284327,"MoOx","MoOx leave the IRC (Ping timeout: 260 seconds)."
2,1380188631372,"MoOx","MoOx join the chan."
32,1380189024740,"MoOx","MoOx leave the IRC (Ping timeout: 263 seconds)."
256,1380190582608,"_mlb_","_mlb_ changed his nick for _mlb."
32,1380190625713,"_mlb","_mlb leave the IRC (Remote host closed the connection)."
32,1380190952883,"rhannequin","rhannequin leave the IRC (Ping timeout: 264 seconds)."
2,1380191220826,"MoOx","MoOx join the chan."
32,1380191614797,"MoOx","MoOx leave the IRC (Ping timeout: 264 seconds)."
2,1380192454836,"_mlb","_mlb join the chan."
32,1380192728385,"Shahor","Shahor leave the IRC (Ping timeout: 248 seconds)."
32,1380192964737,"_mlb","_mlb leave the IRC (Ping timeout: 252 seconds)."
2,1380194220323,"rhannequin","rhannequin join the chan."
4,1380194648190,"lionelB","lionelB leave the chan."
2,1380195696938,"Shahor","Shahor join the chan."
2,1380197408008,"MoOx","MoOx join the chan."
32,1380197806984,"MoOx","MoOx leave the IRC (Ping timeout: 264 seconds)."
2,1380198042473,"_mlb","_mlb join the chan."
32,1380199563878,"Shahor","Shahor leave the IRC (Remote host closed the connection)."
2,1380200464238,"MoOx","MoOx join the chan."
32,1380200864855,"MoOx","MoOx leave the IRC (Ping timeout: 267 seconds)."
2,1380201017140,"MoOx","MoOx join the chan."
32,1380201407151,"MoOx","MoOx leave the IRC (Ping timeout: 264 seconds)."
2,1380201677644,"MoOx","MoOx join the chan."
32,1380202051724,"MoOx","MoOx leave the IRC (Ping timeout: 240 seconds)."
2,1380202192698,"MoOx","MoOx join the chan."
32,1380202579706,"MoOx","MoOx leave the IRC (Ping timeout: 240 seconds)."
32,1380202920898,"showtim34","showtim34 leave the IRC (Ping timeout: 246 seconds)."
2,1380202937217,"showtim34","showtim34 join the chan."
32,1380203130883,"NiKo`","NiKo` leave the IRC (Ping timeout: 246 seconds)."
2,1380203165492,"NiKo`","NiKo` join the chan."
32,1380203203731,"rhannequin","rhannequin leave the IRC (Ping timeout: 240 seconds)."
2,1380204354972,"MoOx","MoOx join the chan."
32,1380205152932,"OwlyCode","OwlyCode leave the IRC (Ping timeout: 260 seconds)."
2,1380205439272,"OwlyCode","OwlyCode join the chan."
2,1380205704644,"fbentz","fbentz join the chan."
2,1380206147215,"rhannequin","rhannequin join the chan."
32,1380206264814,"OwlyCode","OwlyCode leave the IRC (Quit: Quitte)."
32,1380207995408,"loicfrering","loicfrering leave the IRC (Ping timeout: 264 seconds)."
32,1380208000267,"showtim34","showtim34 leave the IRC (Quit: Quitte)."
2,1380208245578,"loicfrering","loicfrering join the chan."
32,1380208567113,"fbentz","fbentz leave the IRC (Quit: fbentz)."
2,1380208991537,"Shahor","Shahor join the chan."
4,1380210205501,"rhannequin","rhannequin leave the chan."
32,1380210293664,"oncletom","oncletom leave the IRC (Quit: Leaving.)."
32,1380210764817,"euskadi31","euskadi31 leave the IRC (Quit: WeeChat 0.4.0)."
2,1380210809546,"euskadi31","euskadi31 join the chan."
32,1380210994804,"HammHetfield","HammHetfield leave the IRC (Quit: HammHetfield)."
32,1380211070953,"Nyalab","Nyalab leave the IRC (Remote host closed the connection)."
2,1380211137466,"Nyalab","Nyalab join the chan."
32,1380212966157,"Grirrle","Grirrle leave the IRC (Quit: Leaving.)."
32,1380213660046,"brice","brice leave the IRC (Quit: Quitte)."
32,1380215585768,"_mlb","_mlb leave the IRC (Remote host closed the connection)."
32,1380215943455,"Shahor","Shahor leave the IRC (Remote host closed the connection)."
2,1380217417809,"_mlb","_mlb join the chan."
2,1380217746248,"kud","kud join the chan."
32,1380217901926,"_mlb","_mlb leave the IRC (Ping timeout: 245 seconds)."
32,1380218135101,"Nyalab","Nyalab leave the IRC (Remote host closed the connection)."
2,1380219573303,"_lc_fr_","_lc_fr_ join the chan."
2,1380219776288,"_mlb","_mlb join the chan."
32,1380219788426,"_mlb","_mlb leave the IRC (Remote host closed the connection)."
32,1380220073241,"MoOx","MoOx leave the IRC (Remote host closed the connection)."
2,1380221016375,"_mlb","_mlb join the chan."
2,1380223043052,"rhannequin","rhannequin join the chan."
32,1380224329687,"tfe","tfe leave the IRC (Read error: Connection reset by peer)."
2,1380224342427,"tfe","tfe join the chan."
2,1380226153087,"MoOx","MoOx join the chan."
32,1380226263304,"MoOx","MoOx leave the IRC (Remote host closed the connection)."
4,1380227458384,"rhannequin","rhannequin leave the chan."
32,1380232706609,"_lc_fr_","_lc_fr_ leave the IRC (Quit: Leaving)."
