32,1368831472566,"euskadi31","euskadi31 leave the IRC (Quit: WeeChat 0.4.0)."
2,1368831500211,"euskadi31","euskadi31 join the chan."
32,1368831860701,"euskadi31","euskadi31 leave the IRC (Quit: WeeChat 0.4.0)."
2,1368831874037,"euskadi31","euskadi31 join the chan."
32,1368833395214,"euskadi31","euskadi31 leave the IRC (Quit: WeeChat 0.4.0)."
2,1368833432241,"euskadi31","euskadi31 join the chan."
2,1368860082514,"revolunet","revolunet join the chan."
1,1368861707751,"nfroidure","lo"
1,1368861721387,"nfroidure","Marionnette, quote"
17,1368861722190,"Marionnette","Q:  How many Apple Newton users does it take to screw 
    in a lightbulb?
A:  Only one, tharks to the extnq-producilve handwritling processcr."
17,1368861722190,"Marionnette","Source: http://iheartquotes.com/fortune/show/8685"
32,1368861874597,"fbentz","fbentz leave the IRC (Quit: fbentz)."
32,1368862071273,"revolunet","revolunet leave the IRC (Quit: revolunet)."
2,1368866036527,"fbentz","fbentz join the chan."
1,1368871699059,"NiKo`","_kud: poke back"
2,1368872956323,"Amatewasu","Amatewasu join the chan."
32,1368879098689,"fbentz","fbentz leave the IRC (Quit: fbentz)."
2,1368880719676,"fbentz","fbentz join the chan."
2,1368881890659,"revolunet","revolunet join the chan."
18,1368882693592,"Marionnette","Marionnette join the chan."
8,1368882693672,"_kud","_kud change topic to \"Communauté française des utilisateurs de JavaScript | Site : http://francejs.org\""
2,1368882706141,"nfroidure","nfroidure join the chan."
32,1368888319328,"fbentz","fbentz leave the IRC (Ping timeout: 260 seconds)."
2,1368888672634,"fbentz","fbentz join the chan."
528,1368888795404,"Marionnette","Twitter.com#francejs - @francejs: AngularJS Cheat Sheet http://t.co/KubgnVa3L6 #FranceJS"
32,1368889782405,"revolunet","revolunet leave the IRC (Quit: revolunet)."
32,1368895823952,"angezanetti","angezanetti leave the IRC (Ping timeout: 245 seconds)."
2,1368895873813,"angezanetti","angezanetti join the chan."
32,1368896560826,"angezanetti","angezanetti leave the IRC (Ping timeout: 252 seconds)."
2,1368896947533,"angezanetti","angezanetti join the chan."
528,1368900616634,"Marionnette","Twitter.com#francejs - @wajug: Useful (AngularJS is now powering the wajug.be website) RT @francejs: AngularJS Cheat Sheet http://t.co/3x6M5X9xTS #FranceJS"
4,1368906457441,"fbentz","fbentz leave the chan."
