2,1370901977302,"showtim34","showtim34 join the chan."
32,1370903408001,"_mlb","_mlb leave the IRC (Remote host closed the connection)."
32,1370903486171,"showtim34","showtim34 leave the IRC (Quit: Quitte)."
2,1370903551373,"rhannequin","rhannequin join the chan."
32,1370904660233,"rhannequin","rhannequin leave the IRC (Remote host closed the connection)."
32,1370904787946,"Alz","Alz leave the IRC (Ping timeout: 245 seconds)."
32,1370905448452,"stephCoue","stephCoue leave the IRC (Remote host closed the connection)."
32,1370905969169,"revolunet","revolunet leave the IRC (Quit: revolunet)."
2,1370908383253,"revolunet","revolunet join the chan."
32,1370914581182,"revolunet","revolunet leave the IRC (Quit: revolunet)."
2,1370928581107,"MoOx","MoOx join the chan."
2,1370930137487,"Alz","Alz join the chan."
32,1370930415472,"Alz","Alz leave the IRC (Ping timeout: 252 seconds)."
2,1370932103147,"felixgilles","felixgilles join the chan."
2,1370932187461,"HammHetfield","HammHetfield join the chan."
2,1370933040259,"Grirrle","Grirrle join the chan."
1,1370933066010,"Grirrle","salut"
2,1370933661478,"Nyalab","Nyalab join the chan."
32,1370934253649,"felixgilles","felixgilles leave the IRC (Quit: Konversation terminated!)."
2,1370934305547,"felixgilles","felixgilles join the chan."
32,1370934837698,"mab","mab leave the IRC (Quit: Leaving.)."
2,1370934857583,"mab","mab join the chan."
2,1370935998334,"_mlb","_mlb join the chan."
1,1370936413528,"bricef","hello"
1,1370936768962,"Nyalab","yop"
2,1370936781976,"rhannequin","rhannequin join the chan."
1,1370937455477,"nfroidure","lu"
1,1370937526273,"madx`","https://gist.github.com/madx/5755099"
1,1370937527532,"angezanetti","'jour !"
1,1370937535486,"madx`","hop, système de classe avec héritage tout simple"
1,1370937777917,"rhannequin","madx`: t'as oublié les semicolons :)"
1,1370937847574,"madx`",":)"
32,1370938352644,"_mlb","_mlb leave the IRC (Remote host closed the connection)."
32,1370938773063,"rhannequin","rhannequin leave the IRC (Ping timeout: 250 seconds)."
2,1370938851429,"rhannequin","rhannequin join the chan."
2,1370939332326,"lionelB","lionelB join the chan."
2,1370940934003,"_mlb","_mlb join the chan."
2,1370941307761,"DontShootMe","DontShootMe join the chan."
2,1370941756789,"fbentz","fbentz join the chan."
1,1370941768596,"fbentz","Hello !"
32,1370942927824,"bigx","bigx leave the IRC (Ping timeout: 256 seconds)."
2,1370943205619,"DirtyF","DirtyF join the chan."
32,1370944608619,"mab","mab leave the IRC (Quit: Leaving.)."
2,1370944748194,"mab","mab join the chan."
32,1370945451688,"rhannequin","rhannequin leave the IRC (Ping timeout: 255 seconds)."
2,1370946272651,"revolunet","revolunet join the chan."
32,1370947419723,"_mlb","_mlb leave the IRC (Remote host closed the connection)."
2,1370947940707,"bigx","bigx join the chan."
2,1370952057861,"_mlb","_mlb join the chan."
2,1370953291891,"NimS","NimS join the chan."
32,1370954826859,"DirtyF","DirtyF leave the IRC (Remote host closed the connection)."
2,1370954871328,"DirtyF","DirtyF join the chan."
4,1370954928068,"NimS","NimS leave the chan."
2,1370954934387,"NimS","NimS join the chan."
2,1370956185755,"showtim34","showtim34 join the chan."
32,1370958367535,"bigx","bigx leave the IRC (Ping timeout: 252 seconds)."
32,1370959007511,"DirtyF","DirtyF leave the IRC (Remote host closed the connection)."
32,1370960914478,"HammHetfield","HammHetfield leave the IRC (Ping timeout: 256 seconds)."
2,1370961162217,"HammHetfield","HammHetfield join the chan."
2,1370961522287,"bigx","bigx join the chan."
32,1370961594501,"fbentz","fbentz leave the IRC (Ping timeout: 256 seconds)."
2,1370961763506,"fbentz","fbentz join the chan."
32,1370961915034,"angezanetti","angezanetti leave the IRC (Ping timeout: 245 seconds)."
32,1370962172523,"fbentz","fbentz leave the IRC (Ping timeout: 256 seconds)."
2,1370962182227,"fbentz","fbentz join the chan."
1,1370962220702,"_mlb","nfroidure: http://cl.ly/PZgu"
32,1370964721524,"fbentz","fbentz leave the IRC (Read error: Connection reset by peer)."
2,1370964743906,"fbentz","fbentz join the chan."
2,1370964855649,"angezanetti","angezanetti join the chan."
32,1370965343201,"fbentz","fbentz leave the IRC (Quit: fbentz)."
32,1370965693154,"bigx","bigx leave the IRC (Ping timeout: 246 seconds)."
32,1370966148742,"showtim34","showtim34 leave the IRC (Read error: Operation timed out)."
2,1370966593328,"showtim34","showtim34 join the chan."
32,1370966614820,"MoOx","MoOx leave the IRC (Remote host closed the connection)."
32,1370966803745,"HammHetfield","HammHetfield leave the IRC (Quit: HammHetfield)."
32,1370967108635,"felixgilles","felixgilles leave the IRC (Quit: Konversation terminated!)."
2,1370967136340,"MoOx","MoOx join the chan."
2,1370967271714,"Marsup`","Marsup` join the chan."
2,1370967337851,"Grirrle1","Grirrle1 join the chan."
32,1370967632347,"Marsup","Marsup leave the IRC (Ping timeout: 246 seconds)."
32,1370967633923,"Grirrle","Grirrle leave the IRC (Ping timeout: 246 seconds)."
32,1370968699541,"_mlb","_mlb leave the IRC (Remote host closed the connection)."
2,1370969313081,"Alz","Alz join the chan."
2,1370970267815,"rhannequin","rhannequin join the chan."
2,1370970411679,"bigx","bigx join the chan."
4,1370971523036,"NimS","NimS leave the chan."
2,1370971611415,"_mlb","_mlb join the chan."
32,1370971660003,"revolunet","revolunet leave the IRC (Quit: revolunet)."
2,1370971974179,"revolunet","revolunet join the chan."
32,1370972230253,"revolunet","revolunet leave the IRC (Client Quit)."
2,1370974335030,"Amatewasu","Amatewasu join the chan."
32,1370976949417,"MoOx","MoOx leave the IRC (Remote host closed the connection)."
2,1370978432239,"fbentz","fbentz join the chan."
32,1370978539284,"Amatewasu","Amatewasu leave the IRC (Quit: WeeChat 0.4.2-dev)."
32,1370981269317,"fbentz","fbentz leave the IRC (Quit: fbentz)."
2,1370981488306,"fbentz","fbentz join the chan."
2,1370981641595,"revolunet","revolunet join the chan."
32,1370983846396,"fbentz","fbentz leave the IRC (Quit: fbentz)."
2,1370983999654,"fbentz","fbentz join the chan."
32,1370984107561,"euskadi31","euskadi31 leave the IRC (Quit: WeeChat 0.4.0)."
2,1370984125322,"euskadi31","euskadi31 join the chan."
32,1370985058489,"fbentz","fbentz leave the IRC (Quit: fbentz)."
2,1370985710546,"fbentz","fbentz join the chan."
32,1370986334041,"rhannequin","rhannequin leave the IRC (Remote host closed the connection)."
32,1370987475966,"showtim34","showtim34 leave the IRC (Remote host closed the connection)."
