2,1366498983540,"_kud","_kud join the chan."
32,1366500961239,"_kud","_kud leave the IRC (Quit: Leaving)."
32,1366501481912,"Amatewasu","Amatewasu leave the IRC (Remote host closed the connection)."
2,1366521277720,"MoOx","MoOx join the chan."
2,1366532875644,"Amatewasu","Amatewasu join the chan."
32,1366543409524,"Amatewasu","Amatewasu leave the IRC (Quit: WeeChat 0.4.1-dev)."
2,1366551398416,"Amatewasu","Amatewasu join the chan."
32,1366553635602,"Amatewasu","Amatewasu leave the IRC (Quit: WeeChat 0.4.1-dev)."
1,1366553973891,"angezanetti","nfroidure: la date du LilleJs est fixée alors ?"
1,1366554757738,"nfroidure","angezanetti, j'ai pas regardé le Doodle, mais on va prnedre celle qui a le plus de voix"
2,1366554867292,"revolunet","revolunet join the chan."
32,1366555156695,"revolunet","revolunet leave the IRC (Client Quit)."
2,1366556979283,"Amatewasu","Amatewasu join the chan."
32,1366557443441,"Amatewasu","Amatewasu leave the IRC (Quit: WeeChat 0.4.1-dev)."
32,1366561290990,"endou","endou leave the IRC (Read error: Operation timed out)."
2,1366561299039,"endou","endou join the chan."
18,1366565250081,"Marionnette","Marionnette join the chan."
8,1366565250142,"_kud","_kud change topic to \"Communauté française des utilisateurs de JavaScript | Site : http://francejs.org\""
2,1366568985340,"Shahor_","Shahor_ join the chan."
32,1366569132008,"Shahor","Shahor leave the IRC (Ping timeout: 256 seconds)."
2,1366572661537,"Amatewasu","Amatewasu join the chan."
32,1366572961174,"MoOx","MoOx leave the IRC (Remote host closed the connection)."
2,1366573674709,"revolunet","revolunet join the chan."
2,1366575761357,"victordarras","victordarras join the chan."
32,1366575882097,"victordarras","victordarras leave the IRC (Client Quit)."
2,1366576910851,"cybik__","cybik__ join the chan."
32,1366578246671,"Amatewasu","Amatewasu leave the IRC (Remote host closed the connection)."
32,1366579014049,"cybik__","cybik__ leave the IRC (Quit: Quitte)."
