32,1369260706276,"Atu","Atu leave the IRC (Quit: [\"Textual IRC Client: www.textualapp.com\"])."
32,1369263854801,"MoOx","MoOx leave the IRC (Remote host closed the connection)."
2,1369264340801,"bigx","bigx join the chan."
2,1369288180776,"fbentz","fbentz join the chan."
2,1369288438901,"MoOx","MoOx join the chan."
32,1369289396136,"fbentz","fbentz leave the IRC (Quit: fbentz)."
2,1369289421923,"fbentz","fbentz join the chan."
2,1369290108836,"felixgilles","felixgilles join the chan."
32,1369290261767,"fbentz","fbentz leave the IRC (Quit: fbentz)."
2,1369290323838,"HammHetfield","HammHetfield join the chan."
2,1369292078924,"DirtyF","DirtyF join the chan."
2,1369292271720,"fbentz","fbentz join the chan."
32,1369293366819,"MoOx","MoOx leave the IRC (Remote host closed the connection)."
1,1369293899996,"nfroidure","lo"
1,1369293904352,"nfroidure","Marionnette, quote"
17,1369293905091,"Marionnette","Windows isn't CrippleWare -- it's \"Functionally Challenged\"."
17,1369293905091,"Marionnette","Source: http://iheartquotes.com/fortune/show/8178"
1,1369294090632,"fbentz","Salut :)"
2,1369294864336,"Nyalab","Nyalab join the chan."
1,1369295087212,"nfroidure","wannatweet Backbone 2 ans après http://blog.xebia.fr/2013/05/22/backbone-deux-ans-apres/"
1,1369295096667,"nfroidure","Marionnette, wannatweet Backbone 2 ans après http://blog.xebia.fr/2013/05/22/backbone-deux-ans-apres/"
17,1369295096667,"Marionnette","nfroidure: Tweet #3 added send \"vote 3 ++|--\" to give your opinion."
1,1369295292300,"nfroidure","Pour rappel, y'a le tweet suivant en attente : #2: Créer un langage qui compile vers JavaScript https://hacks.mozilla.org/2013/05/compiling-to-javascript-and-debugging-with-source-maps/ (votes: 3)."
32,1369295583318,"bigx","bigx leave the IRC (Ping timeout: 252 seconds)."
1,1369296655302,"_kud","j'l'ai déjà teeté nfroidure"
1,1369296657327,"_kud","sur backbonejsfr"
1,1369296660862,"_kud","tu pourrais juste rt"
32,1369296895888,"HammHetfield","HammHetfield leave the IRC (Ping timeout: 264 seconds)."
2,1369296916692,"HammHetfield","HammHetfield join the chan."
2,1369297168987,"Shahor","Shahor join the chan."
18,1369299575187,"Marionnette","Marionnette join the chan."
8,1369299575360,"_kud","_kud change topic to \"Communauté française des utilisateurs de JavaScript | Site : http://francejs.org\""
32,1369300983879,"Shahor","Shahor leave the IRC (Read error: Connection reset by peer)."
2,1369301089417,"Shahor","Shahor join the chan."
2,1369302463850,"bobot","bobot join the chan."
2,1369303975935,"showtim34","showtim34 join the chan."
32,1369305544251,"fbentz","fbentz leave the IRC (Quit: fbentz)."
2,1369306055046,"fbentz","fbentz join the chan."
32,1369306119895,"mab","mab leave the IRC (Quit: Leaving.)."
32,1369306947645,"DirtyF","DirtyF leave the IRC (Remote host closed the connection)."
2,1369307239669,"Shahor_","Shahor_ join the chan."
32,1369307314673,"Shahor_","Shahor_ leave the IRC (Remote host closed the connection)."
2,1369307348958,"Shahor_","Shahor_ join the chan."
32,1369307389010,"Shahor","Shahor leave the IRC (Read error: Connection reset by peer)."
2,1369307951988,"Shahor","Shahor join the chan."
32,1369308157949,"Shahor_","Shahor_ leave the IRC (Ping timeout: 256 seconds)."
2,1369308611092,"DirtyF","DirtyF join the chan."
1,1369310517025,"nfroidure","Je crois que mon prochain jeu sera jouable via HTML5/Js et IRC :)"
2,1369310882147,"MoOx","MoOx join the chan."
2,1369311635955,"revolunet","revolunet join the chan."
32,1369312140542,"Shahor","Shahor leave the IRC (Remote host closed the connection)."
2,1369313161165,"Shahor","Shahor join the chan."
2,1369317246989,"goldoraf","goldoraf join the chan."
2,1369317615583,"rhannequin","rhannequin join the chan."
32,1369317842120,"angezane1ti","angezane1ti leave the IRC (Read error: Connection reset by peer)."
2,1369319377305,"fzfez","fzfez join the chan."
32,1369319440222,"fzfez","fzfez leave the IRC (Client Quit)."
1,1369323947220,"fbentz","Dites moi tant qu'a passé pour une truffe, je vais poser ma petite question de boulet :). Y'a t il une définition simple d'une Promise ? mise à part qu'elle permet d'éviter la pyramide de l'enfer ?"
32,1369323957991,"Marsup","Marsup leave the IRC (Ping timeout: 246 seconds)."
1,1369324006727,"fbentz","*à passer"
32,1369324213799,"HammHetfield","HammHetfield leave the IRC (Quit: HammHetfield)."
2,1369324421904,"Marsup","Marsup join the chan."
1,1369324565856,"_kud","C'est déjà pas mal fbentz"
1,1369324580236,"fbentz","Oui oui je sais"
32,1369324786010,"revolunet","revolunet leave the IRC (Ping timeout: 259 seconds)."
32,1369325351946,"DirtyF","DirtyF leave the IRC (Remote host closed the connection)."
32,1369325994127,"felixgilles","felixgilles leave the IRC (Quit: Konversation terminated!)."
2,1369327112748,"lbdremy","lbdremy join the chan."
32,1369327214705,"rhannequin","rhannequin leave the IRC (Ping timeout: 256 seconds)."
32,1369327433281,"lbdremy","lbdremy leave the IRC (Quit: Leaving)."
2,1369330548541,"bigx","bigx join the chan."
2,1369332116758,"kewah","kewah join the chan."
32,1369334442921,"kewah","kewah leave the IRC (Quit: kewah)."
2,1369334682313,"kud","kud join the chan."
2,1369335224373,"rhannequin","rhannequin join the chan."
32,1369340888709,"MoOx","MoOx leave the IRC (Remote host closed the connection)."
2,1369345514792,"kewah","kewah join the chan."
32,1369345582224,"kewah","kewah leave the IRC (Client Quit)."
32,1369345694514,"kud","kud leave the IRC (Remote host closed the connection)."
32,1369345717696,"showtim34","showtim34 leave the IRC (Quit: Quitte)."
2,1369346257539,"revolunet","revolunet join the chan."
