32,1369177222549,"Atu","Atu leave the IRC (Quit: [\"Textual IRC Client: www.textualapp.com\"])."
32,1369179341959,"revolunet","revolunet leave the IRC (Quit: revolunet)."
32,1369183129130,"fbentz","fbentz leave the IRC (Quit: fbentz)."
2,1369200443417,"MoOx","MoOx join the chan."
2,1369203736086,"HammHetfield","HammHetfield join the chan."
2,1369204088611,"TranceGeniK","TranceGeniK join the chan."
2,1369206099246,"fbentz","fbentz join the chan."
1,1369206114200,"fbentz","Salut :)"
1,1369206188846,"HammHetfield","kicou"
2,1369206918307,"revolunet","revolunet join the chan."
1,1369208123636,"_kud","lo"
1,1369208124183,"_kud","https://speakerdeck.com/ammeep/unsuck-your-backbone"
1,1369208204341,"nfroidure","lut !"
1,1369208224498,"nfroidure","Marionnette, quote"
17,1369208225117,"Marionnette","I sure like being inside this fancy computer."
17,1369208225118,"Marionnette","Source: http://iheartquotes.com/fortune/show/8635"
1,1369208297456,"_kud","http://bits.blogs.nytimes.com/2013/05/21/an-honor-for-the-creator-of-the-gif/"
1,1369208300537,"_kud","jif, okay !"
1,1369208633088,"nfroidure","Pour info : Hackaton Chrome cette semaine https://plus.google.com/100132233764003563318/posts/hwwZ7XRnpSD"
1,1369209175449,"revolunet","qui y va ? je devrai y etre"
1,1369209180447,"_kud","C'est quoi slimer ?"
1,1369209189701,"_kud","c'est pareil que casperjs mais avec gecko ?"
1,1369209191329,"_kud","poke NiKo`"
1,1369209205466,"_kud","SlimerJS is similar to PhantomJs, except that it runs Gecko, the browser engine of Mozilla Firefox, instead of Webkit."
1,1369209207000,"_kud","ouais"
1,1369209208040,"_kud","putain"
1,1369209215731,"revolunet","le lien pour sinscrire au hackation : https://docs.google.com/forms/d/1MmhzsbzTmjkzf_2XLeBXGx7UYcSNap3NiRNSPjZ7wJM/viewform?pli=1&&"
1,1369209218532,"_kud","ils feraient mieux de faire un seul projet"
1,1369209229050,"_kud","et qu'on puisse choisir / switcher facilement d'un moteur a un aure"
1,1369209230133,"_kud","autre*"
1,1369209233562,"_kud","plutôt que faire deux projets"
1,1369209244740,"revolunet","un peu comme selenium"
1,1369209380881,"NiKo`","ben casper permettra ça"
1,1369209391096,"_kud","ha bah enfin !"
1,1369209391709,"_kud",":)"
1,1369209395343,"NiKo`","casperjs --engine=slimerjs ou casperjs --engine=phantomjs"
1,1369209422631,"_kud","OUAAAAAAIS"
1,1369209425082,"_kud","\o/"
1,1369209430844,"_kud","ca ca rocks des poneys morts"
1,1369209438049,"NiKo`",":)"
2,1369209473509,"Atu","Atu join the chan."
1,1369209752120,"urcadox","plop"
1,1369209804702,"angezanetti","hello !"
1,1369209937403,"fbentz","Plop :)"
18,1369210070621,"Marionnette","Marionnette join the chan."
8,1369210070679,"_kud","_kud change topic to \"Communauté française des utilisateurs de JavaScript | Site : http://francejs.org\""
1,1369210125155,"nfroidure","Marionnette, wannatweet Venez tous au hackathon Chrome Packaged apps ! https://plus.google.com/100132233764003563318/posts/hwwZ7XRnpSD"
17,1369210125155,"Marionnette","nfroidure: Tweet #1 added send \"vote 1 ++|--\" to give your opinion."
1,1369210139291,"nfroidure","Marionnette, vote 1 ++"
17,1369210139291,"Marionnette","nfroidure: It seems you already voted for this tweet."
1,1369210145984,"_kud","haha"
1,1369210164064,"_kud","Marionnette: vote --"
1,1369210170125,"nfroidure","Si tu proposes un tweet tu vote automatiquement"
1,1369210170385,"_kud","Marionnette, vote --"
1,1369210178142,"_kud","marche même pas"
2,1369210180621,"rhannequin","rhannequin join the chan."
1,1369210188811,"nfroidure","_kud, il faut mettre l'id du vote"
1,1369210188943,"_kud","vote --"
1,1369210192917,"_kud","ok"
1,1369210199186,"_kud","Marionnette: vote 1 --"
17,1369210199186,"Marionnette","_kud: Voted ! Current vote sum is 0."
1,1369210204327,"_kud",":D"
1,1369210225754,"nfroidure","Shit !"
1,1369210228711,"_kud","^^"
1,1369210234269,"_kud","Marionnette: vote 1 ++"
17,1369210234269,"Marionnette","_kud: It seems you already voted for this tweet."
1,1369210247503,"_kud","Marionnette: vote 1 dismiss"
17,1369210247503,"Marionnette","_kud: Bad arg #2, use --|++."
1,1369210251493,"_kud","Marionnette: vote 1 cancel"
17,1369210251493,"Marionnette","_kud: Bad arg #2, use --|++."
1,1369210258581,"_kud","Marionnette: vote 1 --|++"
17,1369210258581,"Marionnette","_kud: Bad arg #2, use --|++."
1,1369210265614,"_kud","tssss"
1,1369210266089,"_kud",":D"
1,1369210274165,"nfroidure","_kud cherche pô, j'ai pas permis d'annuler un vote"
1,1369210312249,"_kud","C'est nul. Nul nul nul."
1,1369210342811,"nfroidure","J'ai pas pensé aux girouette :D"
1,1369210345071,"nfroidure","*s"
2,1369210376107,"HammHetfield_","HammHetfield_ join the chan."
1,1369210420973,"_kud","Bah tu devrais !"
1,1369210422320,"_kud",":p"
1,1369210455163,"nfroidure","J'avoue j'ai hésité, et je me suis dit, OSEF !"
1,1369210501187,"nfroidure","Des personnes pour voter en négatif pour voir si le tweet est bien droppé ?"
256,1369210508822,"nfroidure","nfroidure changed his nick for nfroidure_."
32,1369210512968,"HammHetfield","HammHetfield leave the IRC (Ping timeout: 252 seconds)."
256,1369210513843,"HammHetfield_","HammHetfield_ changed his nick for HammHetfield."
1,1369210518588,"nfroidure_","Marionnette, vote 1 --"
17,1369210518588,"Marionnette","nfroidure_: Voted ! Current vote sum is -1."
256,1369210527925,"nfroidure_","nfroidure_ changed his nick for nfroidure__."
1,1369210530984,"nfroidure__","Marionnette, vote 1 --"
17,1369210530984,"Marionnette","nfroidure__: Voted ! Current vote sum is -2."
1,1369210535742,"nfroidure__",":D"
1,1369210541017,"urcadox","Marionnette: vote 1 --"
17,1369210541017,"Marionnette","urcadox: Voted ! Current vote sum is -3."
256,1369210542467,"nfroidure__","nfroidure__ changed his nick for nfroidure___."
1,1369210553553,"nfroidure___","Marionnette, vote 1 --"
17,1369210553553,"Marionnette","nfroidure___: Voted ! Current vote sum is -4."
1,1369210559054,"urcadox","il est dropped à combien ?"
1,1369210606210,"nfroidure___","-3 :D"
18,1369210653268,"Marionnette","Marionnette join the chan."
8,1369210653366,"_kud","_kud change topic to \"Communauté française des utilisateurs de JavaScript | Site : http://francejs.org\""
1,1369210657601,"nfroidure___",":D"
256,1369210663101,"nfroidure","nfroidure changed his nick for urcadox."
1,1369210667045,"nfroidure___","Marionnette, wannatweet Venez tous au hackathon Chrome Packaged apps ! https://plus.google.com/100132233764003563318/posts/hwwZ7XRnpSD"
17,1369210667045,"Marionnette","nfroidure___: Tweet #1 added send \"vote 1 ++|--\" to give your opinion."
1,1369210672265,"nfroidure___","Marionnette, vote 1 --"
17,1369210672265,"Marionnette","nfroidure___: It seems you already voted for this tweet."
1,1369210677376,"urcadox","Marionnette: vote 1 ++"
17,1369210677376,"Marionnette","urcadox: Voted ! Current vote sum is 2."
256,1369210679553,"nfroidure___","nfroidure___ changed his nick for nfroidure__."


1,1369210700578,"nfroidure__","Marionnette, vote 1 --"
17,1369210700578,"Marionnette","nfroidure__: Voted ! Current vote sum is 1."
256,1369210705890,"nfroidure__","nfroidure__ changed his nick for nfroidure_."
1,1369210708044,"nfroidure_","Marionnette, vote 1 --"
17,1369210708044,"Marionnette","nfroidure_: Voted ! Current vote sum is 0."
256,1369210711288,"nfroidure_","nfroidure_ changed his nick for nfroidure."
1,1369210713344,"nfroidure","Marionnette, vote 1 --"
17,1369210713344,"Marionnette","nfroidure: Voted ! Current vote sum is -1."
256,1369210718935,"nfroidure","nfroidure changed his nick for nfroidur."
1,1369210720463,"nfroidur","Marionnette, vote 1 --"
17,1369210720463,"Marionnette","nfroidur: Voted ! Current vote sum is -2."
256,1369210725287,"nfroidur","nfroidur changed his nick for nfroidu."
1,1369210726659,"nfroidu","Marionnette, vote 1 --"
17,1369210726659,"Marionnette","nfroidu: Voted ! Current vote sum is -3."
256,1369210737593,"nfroidu","nfroidu changed his nick for nfroid."
1,1369210739025,"nfroid","Marionnette, vote 1 --"
17,1369210739025,"Marionnette","nfroid: Too many negative votes, tweet removed."
1,1369210780830,"nfroid","Arf: nfroidure :Nick change too fast. Please wait 20 seconds."
256,1369210801400,"nfroid","nfroid changed his nick for nfroidure."
1,1369210826029,"nfroidure","Bon, le drop marche bien. Hésitez pas à proposer des tweets ;)"
1,1369210862801,"nfroidure","Pour le changement de nick, je vois pas comment faire, je sais pas s'il est possible de vérifier si un utilisateur est authentifié avec son pseudo. Je vais creuser."
1,1369210968965,"urcadox","en utilisant le hostname ?"
32,1369210973163,"rhannequin","rhannequin leave the IRC (Remote host closed the connection)."
1,1369211003752,"nfroidure","ouep, bonne idée, je vais voir si je peux l'obtenir"
1,1369211053600,"madx`","nfroidure: c'est comme ça que font pratiquement tous les bots"
1,1369211068686,"madx`","sinon, auth par mot de passe + tracking des changements de pseudo"
1,1369211515229,"nfroidure","Marionnette, wannatweet Créer un langage qui compile vers JavaScript https://hacks.mozilla.org/2013/05/compiling-to-javascript-and-debugging-with-source-maps/"
17,1369211515229,"Marionnette","nfroidure: Tweet #2 added send \"vote 2 ++|--\" to give your opinion."
1,1369211679637,"urcadox","Marionnette: vote 2 ++"
17,1369211679637,"Marionnette","urcadox: Voted ! Current vote sum is 2."
1,1369211861079,"_kud","Marionnette: vote 2 ++"
17,1369211861079,"Marionnette","_kud: Voted ! Current vote sum is 3."
1,1369211872726,"_kud","c'est au bout de combien ?"
1,1369212020163,"urcadox","nfroidure: Y U NO merge to master and push on github?"
1,1369212073443,"nfroidure",":) work in progress"
