2,1362957744574,"coppa","coppa join the chan."
2,1362962491262,"madx`_","madx`_ join the chan."
2,1362978596680,"madx`","madx` join the chan."
2,1362980376925,"MoOx","MoOx join the chan."
2,1362985416299,"sblanc","sblanc join the chan."
2,1362986416762,"revolunet","revolunet join the chan."
2,1362987418123,"fg","fg join the chan."
2,1362987584372,"sblanc","sblanc join the chan."
2,1362987622815,"fg","fg join the chan."
2,1362987627718,"HammHetfield","HammHetfield join the chan."
2,1362987723165,"felixgilles","felixgilles join the chan."
2,1362988578435,"revolunet","revolunet join the chan."
2,1362988938439,"revolunet","revolunet join the chan."
2,1362989140493,"coppa","coppa join the chan."
2,1362989327905,"philippebarbosa","philippebarbosa join the chan."
2,1362989394086,"philippebarbosa","philippebarbosa join the chan."
1,1362989717500,"HammHetfield","Youpi matin-in-in"
1,1362989723360,"HammHetfield","http://1fifty9.com/post/45053521205/emberjs-and-confusion-part-2"
1,1362990204738,"nfroidure","lo"
2,1362990895280,"showtim34","showtim34 join the chan."
1,1362990915490,"showtim34","hi :)"
2,1362990958654,"Nyalab","Nyalab join the chan."
1,1362991104633,"nfroidure","Tiens, hier, j'ai ajouté quelques petites fonctionnalités à FranceJSBot"
17,1362991104633,"FranceJSBot","nfroidure: You're talking to me ?? Try ls."
1,1362991261704,"nfroidure","Ma préférée n'est pas documentée, mais quand elle tombera, on va bien se marrer :)"
