32,1368569935152,"showtim34","showtim34 leave the IRC (Quit: Quitte)."
32,1368571065530,"_kud","_kud leave the IRC (Quit: Leaving)."
2,1368584021624,"Nyalab-Home","Nyalab-Home join the chan."
32,1368585240632,"atchoum","atchoum leave the IRC (Remote host closed the connection)."
32,1368585541852,"Nyalab-Home","Nyalab-Home leave the IRC (Quit: Leaving)."
32,1368594134741,"euskadi32","euskadi32 leave the IRC (*.net *.split)."
32,1368594135149,"loicfrering","loicfrering leave the IRC (*.net *.split)."
32,1368594136042,"NiKo`","NiKo` leave the IRC (*.net *.split)."
2,1368594310610,"euskadi32","euskadi32 join the chan."
2,1368594310676,"loicfrering","loicfrering join the chan."
2,1368594310676,"NiKo`","NiKo` join the chan."
2,1368595286766,"MoOx","MoOx join the chan."
4,1368598968276,"MoOx","MoOx leave the chan."
2,1368598971561,"MoOx","MoOx join the chan."
32,1368599531625,"Marsup","Marsup leave the IRC (Remote host closed the connection)."
2,1368599668985,"Marsup","Marsup join the chan."
2,1368599780772,"HammHetfield","HammHetfield join the chan."
32,1368600051261,"MoOx","MoOx leave the IRC (Remote host closed the connection)."
2,1368602377437,"kewah","kewah join the chan."
2,1368602561567,"felixgilles","felixgilles join the chan."
1,1368603088694,"nfroidure","lo"
1,1368603098694,"nfroidure","Marionnette, quote"
17,1368603099387,"Marionnette","Indent to show the logical structure of a program.
            - The Elements of Programming Style (Kernighan & Plaugher)"
17,1368603099388,"Marionnette","Source: http://iheartquotes.com/fortune/show/9375"
2,1368603399017,"_kud","_kud join the chan."
2,1368603582720,"bobot","bobot join the chan."
1,1368603626101,"urcadox","io"
1,1368604304561,"_kud","Le doc d'hier, il est là : http://playtv.fr/replay/312396/une-contre-histoire-de-l%27internet/14-05-2013/"
1,1368604565323,"nfroidure","'ai regardé, c'était sympa pour ceux qu'on pas pu, foncez :)"
2,1368604650639,"atchoum","atchoum join the chan."
256,1368604955945,"Nyalab-Work","Nyalab-Work changed his nick for Nyalab."
2,1368605524521,"NimS","NimS join the chan."
2,1368605580440,"rhannequin","rhannequin join the chan."
32,1368605623018,"bobot","bobot leave the IRC (Remote host closed the connection)."
2,1368605663472,"bobot","bobot join the chan."
32,1368606325870,"rhannequin","rhannequin leave the IRC (Ping timeout: 250 seconds)."
2,1368606807871,"zebden","zebden join the chan."
2,1368606859079,"rhannequin","rhannequin join the chan."
1,1368607216238,"zebden","Hello les djeunz"
1,1368607273232,"zebden","je voudrais acheter des livres de référence en JS. Vous me conseillez quoi ? Je pensais déjà acheter celui là : http://jsdesignpatterns.com/"
1,1368607284767,"zebden","poke @_KUD"
1,1368607285483,"zebden",":p^"
1,1368607292860,"_kud","lo"
1,1368607358619,"zebden","Mais genre livres de chevet quoi"
1,1368607376351,"_kud","Demande à nfroidure"
1,1368607434866,"nfroidure","zebden, ça dépend de ton niveau actuel"
1,1368607473876,"nfroidure","et aussi de ce que tu cherches à apprendre (frameworks ou VanillaJS)"
1,1368607489301,"zebden","bah je me demerde pas mal quand même. Mais je me sens un peu à la masse. Du coup, même rprendre les bases, ça me dérange pas"
1,1368607609826,"nfroidure","Tu te démerdes ou t'es à la masse ? Faut choisir :)"
1,1368607655082,"zebden","Dis toi que je suis à la masse, ça sera plus simple avec quelques bases élémentaires"
1,1368607656046,"zebden",":)"
1,1368607698924,"nfroidure","Si tu pars sur un livre en anglais : JavaScript The Good Parts"
1,1368607704404,"kewah","zebden: http://shop.oreilly.com/product/9780596802806.do"
1,1368607730125,"kewah","http://shop.oreilly.com/product/0636920018421.do"
1,1368607755854,"kewah","http://www.amazon.com/Secrets-JavaScript-Ninja-John-Resig/dp/193398869X"
32,1368607782251,"rhannequin","rhannequin leave the IRC (Ping timeout: 252 seconds)."
1,1368607792947,"nfroidure","^celui là contient un genre de qcm en ligne vraiment pas mal"
1,1368607845429,"nfroidure","Sinon, si tu es vraiment un noob et pas pressé, j'ai un truc dans les tuyaux, mais pas avant septembre :)"
1,1368607920246,"zebden","je suis pas un noob :-p Sinon les deux dernier kewah nickel"
1,1368608017515,"zebden","merci kewah , ça devrait faire mon affaire avec le 1er que j'ai cité !"
1,1368608526009,"madx`","zebden: j'ai en pdf Secrets of the JS ninja si tu veux"
1,1368608601342,"zebden","Vas y envoie sur lombardanthony@free.fr"
1,1368608617702,"madx`","il fait 20 mo, je vais plutôt te donner une URL ;)"
1,1368608628509,"zebden","J'acheterai surement quand même le bouquin"
1,1368608630703,"zebden","Ok ça roule"
1,1368608713473,"nfroidure","madx`, ça m'intéresse aussi ;)"
1,1368608725855,"madx`","nfroidure: je balance le lien quand c'est up ;)"
1,1368608866546,"_kud","Fait chier qu'on puisse pas comment un json."
1,1368608883230,"madx`","nfroidure: zebden http://drop.madx.me/57586eaca1cb325d16546927a5660e7b8068c209.pdf"
1,1368608965430,"_kud","J'ai trouvé une solution pour un json de grunt. \"!app/bower_components/jquery-colorbox/jquery.colorbox.js\","
1,1368608968591,"_kud","Mettre !"
1,1368609730405,"zebden","merci madx`  :))))))"
32,1368610689019,"bobot","bobot leave the IRC (Remote host closed the connection)."
2,1368610722238,"bobot","bobot join the chan."
32,1368610908580,"bobot","bobot leave the IRC (Remote host closed the connection)."
2,1368610920129,"bobot","bobot join the chan."
32,1368611864922,"atchoum","atchoum leave the IRC (Remote host closed the connection)."
32,1368612559717,"zebden","zebden leave the IRC (*.net *.split)."
2,1368612577117,"zebden","zebden join the chan."
2,1368615080276,"vvo","vvo join the chan."
32,1368616153954,"zebden","zebden leave the IRC (Ping timeout: 250 seconds)."
32,1368617451228,"NimS","NimS leave the IRC (Quit: Leaving.)."
32,1368618233295,"euskadi32","euskadi32 leave the IRC (Quit: leaving)."
2,1368618262113,"euskadi31","euskadi31 join the chan."
32,1368618561266,"Nyalab","Nyalab leave the IRC (Remote host closed the connection)."
2,1368618581069,"Nyalab","Nyalab join the chan."
2,1368618688174,"NimS","NimS join the chan."
528,1368619209617,"Marionnette","Twitter.com#francejs - @backbonejs_fr: #backbonejs-fr sur http://t.co/MMKNakTNIP se met en hibernation (trop peu de monde) et je vous propose de nous donner rdv sur #francejs."
1,1368619233671,"_kud",":)"
1,1368619235733,"_kud","héhé"
2,1368619801524,"octalmind","octalmind join the chan."
32,1368619864983,"octalmind","octalmind leave the IRC (Client Quit)."
2,1368620450028,"MoOx","MoOx join the chan."
32,1368620765346,"vvo","vvo leave the IRC (Ping timeout: 256 seconds)."
1,1368621452218,"nfroidure","Des gens ici qui utilisrent intput type=button\" ? Pourquoi faire ?"
2,1368621995895,"revolunet","revolunet join the chan."
1,1368622073017,"revolunet","io"
2,1368622476253,"lionelB","lionelB join the chan."
2,1368622836911,"Amatewasu","Amatewasu join the chan."
2,1368623515389,"showtim34","showtim34 join the chan."
2,1368623802161,"vvo","vvo join the chan."
32,1368624769320,"vvo","vvo leave the IRC (Quit: Leaving.)."
18,1368624987362,"Marionnette","Marionnette join the chan."
8,1368624987498,"_kud","_kud change topic to \"Communauté française des utilisateurs de JavaScript | Site : http://francejs.org\""
1,1368625547129,"angezanetti","hey francsJs !"
1,1368625571773,"angezanetti","Vous partiriez sur quoi comme framework pour une app full JS? server + cleint ?"
1,1368625601886,"nfroidure","angezanetti, ça dépend de l'app ;)"
1,1368625678468,"angezanetti","un outil de gestion de ticket pour le coworking :)"
1,1368625694610,"nfroidure","Plus ça vient, plus je suis séduit par l'approche modulaire. Tu fais ton marché plutôt qu'adopter un seul Framework lourd et exclusif"
1,1368625709184,"angezanetti","donc gestion users+ profil + gestion du solde des tickets"
1,1368625750022,"nfroidure","Tu comptes faire du node en back donc"
1,1368625786801,"angezanetti","ouais, enfin je réfléchi aux différentes technos"
1,1368625792553,"nfroidure","Plus je joue avec Node, plus e me dis que c'est Node le framework, moi je prendrai rien, juste les modules qui vont me servir"
1,1368625889158,"kewah","nfroidure: express facilite quand mm pas mal le boulot :)"
1,1368625897058,"_kud","express back"
1,1368625899490,"_kud","backbone front"
1,1368625906259,"_kud","https://github.com/kud/krr"
1,1368625912636,"_kud","épicétou"
1,1368625966184,"kewah","angular convient très bien pour ce type d'application"
1,1368625978133,"_kud","oui"
1,1368625993424,"_kud","mais je trouve backbone léger et flexible"
1,1368625994348,"angezanetti","+1 pour express :)"
1,1368626073339,"nfroidure","#wtf : E/GeckoConsole(25456): [JavaScript Warning: \"La requete d'acces au plein ecran a ete refusee car Element.mozRequestFullScreen() n'a pas ete appelee à l'interieur d'un gestionnaire d'evenement genere par l'utilisateur.\" {file: \"http://192.168.1.14:8124/javascript/Application.js\" line: 27}]"
1,1368626100419,"nfroidure","Faire tourner l'écran c'est pas une action de l'utilisateur p-ê :)"
1,1368626182384,"_kud","Vous avez vu ma nouvelle commande bobot ?"
1,1368626187520,"_kud","https://twitter.com/chtijs/status/330972426424958976"
1,1368626189730,"bobot","chtijs: Piloter son RaspberryPi en JavaScript, dans le navigateur : http://linuxfr.org/news/programmez-votre-raspberry-pi-depuis-le-confort-de-votre-navigateur-web-et-en-javascript … #francejs"
1,1368626190894,"_kud",":D"
1,1368626242942,"nfroidure","_kud j'attends tjrs ton pull request :p"
1,1368626250041,"_kud","de ?"
1,1368626267537,"nfroidure","Pour ajouter ces fonctions à Marionnette pardi !"
1,1368626273436,"_kud","ha"
1,1368626288542,"nfroidure","Et la clé API aussi :)"
32,1368626949539,"Nyalab","Nyalab leave the IRC (Remote host closed the connection)."
2,1368627188860,"Nyalab","Nyalab join the chan."
1,1368627743453,"lionelB","yop"
1,1368627820017,"lionelB","Vous utilisez quels plugins grunt pour compass et sass, ceux de grunt-contrib ou il y en a d'autre ?"
1,1368627914930,"kewah","ceux de grunt-contrib (grunt-contrib-compass)"
2,1368628081034,"vvo","vvo join the chan."
1,1368628434665,"_kud","toujours au max grunt-contrib"
32,1368629159063,"vvo","vvo leave the IRC (Ping timeout: 245 seconds)."
2,1368629941048,"vvo","vvo join the chan."
32,1368632454601,"kewah","kewah leave the IRC (Quit: kewah)."
32,1368633870052,"HammHetfield","HammHetfield leave the IRC (Quit: HammHetfield)."
2,1368634312080,"NimS1","NimS1 join the chan."
32,1368634433575,"NimS","NimS leave the IRC (Ping timeout: 256 seconds)."
2,1368635240913,"rhannequin","rhannequin join the chan."
32,1368635875152,"vvo","vvo leave the IRC (Remote host closed the connection)."
2,1368635946164,"stephCoue","stephCoue join the chan."
2,1368636544019,"NimS","NimS join the chan."
32,1368636609097,"NimS1","NimS1 leave the IRC (Ping timeout: 245 seconds)."
2,1368637559141,"kud","kud join the chan."
2,1368638415427,"NMartin","NMartin join the chan."
256,1368638415558,"NMartin","NMartin changed his nick for NMartin34."
32,1368638513617,"showtim34","showtim34 leave the IRC (Ping timeout: 256 seconds)."
32,1368638558983,"revolunet","revolunet leave the IRC (Read error: Operation timed out)."
4,1368639015585,"rhannequin","rhannequin leave the chan."
32,1368639360591,"NimS","NimS leave the IRC (Quit: Leaving.)."
32,1368640506605,"NMartin34","NMartin34 leave the IRC (Quit: Quitte)."
32,1368640715005,"kud","kud leave the IRC (Quit: Leaving)."
32,1368641207299,"felixgilles","felixgilles leave the IRC (Remote host closed the connection)."
2,1368641259944,"PEM","PEM join the chan."
32,1368643590217,"PEM","PEM leave the IRC (Ping timeout: 248 seconds)."
2,1368643846324,"rhannequin","rhannequin join the chan."
4,1368643906709,"rhannequin","rhannequin leave the chan."
2,1368647167178,"showtim34","showtim34 join the chan."
32,1368649080308,"angezanetti","angezanetti leave the IRC (Ping timeout: 245 seconds)."
2,1368649472726,"angezanetti","angezanetti join the chan."
2,1368649876017,"PEM","PEM join the chan."
256,1368649899270,"PEM","PEM changed his nick for Guest63280."
32,1368650549882,"Amatewasu","Amatewasu leave the IRC (Remote host closed the connection)."
32,1368650622363,"Guest63280","Guest63280 leave the IRC (Quit: Web-5 Conference in 30 days! http://conf2013.web-5.org)."
32,1368650921607,"showtim34","showtim34 leave the IRC (Remote host closed the connection)."
32,1368651669353,"MoOx","MoOx leave the IRC (Remote host closed the connection)."
2,1368651816233,"revolunet","revolunet join the chan."
2,1368653774588,"fbentz","fbentz join the chan."
1,1368653798824,"fbentz","Bonsoir tout le monde"
1,1368654065032,"revolunet","hello :)"
