18,1365404580668,"Marionnette","Marionnette join the chan."
8,1365404580816,"_kud","_kud change topic to \"Communauté française des utilisateurs de JavaScript | Site : http://francejs.org\""
256,1365404596055,"nfroidure_","nfroidure_ changed his nick for nfroidure."
32,1365404613865,"romainhuet","romainhuet leave the IRC (Ping timeout: 264 seconds)."
2,1365404947864,"Ang3","Ang3 join the chan."
1,1365405019840,"Ang3","o/"
1,1365406300427,"madx`","Hello !"
2,1365406809246,"victordarras","victordarras join the chan."
2,1365406980555,"Nyalab","Nyalab join the chan."
2,1365407817695,"_kud","_kud join the chan."
2,1365407827369,"rhannequin","rhannequin join the chan."
2,1365407860580,"revolunet","revolunet join the chan."
32,1365408071175,"rhannequin","rhannequin leave the IRC (Ping timeout: 245 seconds)."
32,1365408115871,"_kud","_kud leave the IRC (Remote host closed the connection)."
2,1365408150378,"_kud","_kud join the chan."
32,1365408167288,"_kud","_kud leave the IRC (Read error: Connection reset by peer)."
2,1365408198305,"_kud","_kud join the chan."
2,1365408737896,"romainhuet","romainhuet join the chan."
1,1365409079191,"_kud","nfroidure: tu as les logs du salon ?"
1,1365409108863,"nfroidure","Yep, mais il peut manquer un morceau, ma connexion est instable. Je pushe."
1,1365409129678,"_kud","okay merci"
1,1365409135788,"_kud","je voulais juste le lien qu'a donné lionel"
1,1365409138974,"_kud","de son logo"
1,1365409172896,"nfroidure","C'est pushé sur mon dépôt perso"
1,1365409231707,"nfroidure","Merged"
1,1365409286282,"_kud","merci"
1,1365409343911,"_kud","tes logs sont mal formés nfroidure"
1,1365409348761,"_kud","tu as le jour mais pas le mois"
1,1365409419710,"_kud","le voilà : https://dl.dropbox.com/u/16863472/logo-js-blason-pixel.png"
1,1365409424757,"nfroidure","Ca c'est vraiment un bug con"
1,1365409455126,"_kud",":)"
1,1365409538295,"nfroidure","Y tourne dpuis quand déjà ? 1 mois"
2,1365409589903,"lionelB","lionelB join the chan."
1,1365409629731,"_kud","oui"
1,1365409949785,"nfroidure","héhé, à un jour prêt, j'aurais dû me palucher le tri des logs."
1,1365410115603,"_kud","https://twitter.com/francejs"
1,1365410241066,"nfroidure","Va falloir que je maj ch'ti JS"
1,1365410299364,"_kud",":)"
1,1365410381767,"nfroidure","_kud, un tit message pour les communauté JS étrangères ? Du style : France Js has it's new logo and it's WTFYW, feel free to stole !"
1,1365410390344,"_kud","Haha"
1,1365410391055,"_kud",":)"
1,1365410395103,"nfroidure","*its"
1,1365410397271,"_kud","steal, tu veux dire?"
1,1365410403882,"nfroidure","yep"
1,1365410433742,"nfroidure","Peut-être aussi avec un lien vers le SVG"
1,1365410472455,"_kud","je l'ai pas encore"
1,1365410478095,"_kud","j'attends que lionelB me l'envoie :)"
1,1365410566723,"lionelB","je met au propre ^_^"
1,1365410684270,"lionelB","_kud : envoi irc"
1,1365410691089,"nfroidure","Ca serait cool que ça prenne car je trouve ce logo bien plus classe que l'autre \"officiel/2\""
1,1365410861842,"_kud","euh par mail lionelB"
1,1365410862743,"_kud","stp"
1,1365411020625,"_kud","merci lionelB"
1,1365411025643,"_kud","( lionelB n'aime pas les mails)"
18,1365411200580,"Marionnette","Marionnette join the chan."
8,1365411200792,"_kud","_kud change topic to \"Communauté française des utilisateurs de JavaScript | Site : http://francejs.org\""
1,1365411590202,"lionelB","hein ?"
1,1365411597447,"lionelB","pardon ;)"
1,1365411626621,"lionelB","je te le met par mail comme ca t'as un backup aussi"
1,1365411687216,"madx`","OMAGAD LE LOGO"
1,1365411704082,"madx`","ENFIIIIIIIIIIIIIIIIINNNNNNN"
1,1365411960960,"lionelB","_kud mail parti!"
1,1365412018365,"_kud","thanks"
1,1365412053587,"lionelB","et oublié pas la licence, hein ;)"
1,1365412062197,"lionelB","beerware les mecs !"
2,1365412985333,"kewah","kewah join the chan."
1,1365413795287,"_kud","vous préférez en blanc ou en beige le fond du logo, nfroidure, lionelB, madx`, MoOx"
1,1365413815188,"madx`","t'as une pic pour voir la différence"
1,1365413815968,"madx`","?"
1,1365413906186,"_kud","https://dl.dropbox.com/u/16863472/francejs/logo-francejs.fw.png / https://si0.twimg.com/profile_images/3493318044/c8692718d8e7d6133e0c09cbe65e41e2.png"
1,1365413937063,"madx`","je dirais beige, mais en fait mon écran est SUPER MAL calibré :/"
1,1365413969204,"_kud","^^"
1,1365413978872,"_kud","^^"
1,1365414029578,"lionelB","pareil ..."
1,1365414038411,"_kud","quoi pareil ?"
1,1365414047895,"lionelB","pour la couleur + l'ecran pas calibré :D"
1,1365414053602,"_kud","^^"
1,1365414081450,"victordarras","ça dépendra surtout de si tu peux mettre un fond ou pas."
1,1365414151588,"_kud","oui"
1,1365414369457,"_kud","j'ai mis transparent du coup :)"
1,1365414615323,"nfroidure","_kud, y'a une raison pour que les PR de Francejs.org soient pas mergé où je peux le faire ?"
1,1365414650922,"_kud","j'en sais rien"
1,1365414688713,"nfroidure","Bon, ben j'ai mergé"
32,1365415144545,"victordarras","victordarras leave the IRC (Quit: http://www.kiwiirc.com/ - A hand crafted IRC client)."
1,1365415926052,"endou","nfroidure: Merci :)"
1,1365417347267,"lionelB","_kud bon la generation en svg est pas hyper top encore, je voir en passant par inkscape si c'est mieux"
256,1365417614811,"lionelB","lionelB changed his nick for lionelB|miam."
2,1365418286272,"rhannequin","rhannequin join the chan."
2,1365418432375,"victordarras","victordarras join the chan."
32,1365418533689,"Ang3","Ang3 leave the IRC (Quit: Lost terminal)."
1,1365418912155,"madx`","bon, là avec l'écran calibré je te dis toujours beige _kud"
1,1365419740526,"_kud","^^"
1,1365420355270,"nfroidure","endou, c'est juste normal ;)"
1,1365420424311,"_kud","Question jeunes gens"
1,1365420431996,"_kud","pour ou contre happy plan pour le site de francejs ?"
1,1365420435230,"_kud","poke nfroidure"
1,1365420665939,"nfroidure","c'est quoi le principe d'happy plan ?"
32,1365420696268,"rhannequin","rhannequin leave the IRC (Ping timeout: 245 seconds)."
1,1365420699313,"madx`","nfroidure: genre, tu connais pas happy-plan ?"
1,1365420782039,"_kud","Happy plan nfroidure, c'est comme jekyll"
1,1365420785106,"_kud","mais en amélioré"
1,1365420812247,"madx`","(comprendre \"c'est moi qui l'ai fait\")"
1,1365420841452,"_kud","^^"
1,1365421362765,"madx`","Shahor: merci pour ce grand fou-rire"
1,1365421380031,"Shahor","je t'en prie :)"
1,1365421819670,"_kud","Je crois partir pour un bad boy 6 en vélo :)"
1,1365421828570,"_kud","6 ou 4, a voir."
1,1365421866975,"madx`","_kud: faudra que j'te prenne la moto de mon voisi en pic"
1,1365421871244,"madx`","amha tu appréciera :D"
1,1365421876241,"_kud","haha"
1,1365421892177,"_kud","http://pinterest.com/kud/bikes/"
1,1365421892635,"_kud",":)"
1,1365421903515,"madx`","oui, c'est pour ça que je dis ça :D"
1,1365421917779,"_kud","^^"
1,1365422149350,"nfroidure","c'est quoi Jekyll ?"
1,1365422156136,"madx`","http://www.motoplanete.com/harley-davidson/zoom-700px/H-D-1250-night-rod-special-2012-700px.jpg c'est celle là modifiée _kud"
1,1365422189384,"_kud","j'aime pas trop"
1,1365422203511,"madx`","ben, c'est une harley quoi"
1,1365422211360,"_kud","y'a harley et harley"
1,1365422214196,"_kud","y'a de tout en harley"
1,1365422220407,"_kud","c'est la moto la plus customisable et customisée"
1,1365422234274,"madx`","oui"
1,1365422236368,"nfroidure","en gros, ce que je voudrais savoir c'est : c'est quoi le concept. Je crois juste savoir que c'est du site statique."
1,1365422246253,"_kud","Oui c'est ca nfroidure"
1,1365422254622,"_kud","tu compiles et hop, ca te fait un site"
1,1365422258219,"nfroidure","Déjà, mon avis est moyen là dessus :)"
1,1365422270081,"_kud","c'est deja ce qu'on fait a l'heure actuelle hein"
1,1365422279246,"madx`","_kud: tu veux dire que c'est un genre de PREPROCESSEUR ?!"
1,1365422282472,"_kud","haha"
1,1365422283137,"_kud",":D"
1,1365422284528,"nfroidure","A l'heure actuelle c'est temporaire :)"
1,1365422291054,"_kud","oui mais on ne fera pas du php :)"
1,1365422293224,"_kud","donc hop"
1,1365422294941,"_kud","next"
1,1365422295439,"_kud",":D"
1,1365422310229,"_kud","je ne code pas en php, c'est mort"
1,1365422327751,"nfroidure","Je pense pas à PHP plus qu'à autre chose :)"
1,1365422333711,"_kud","^^"
1,1365422348448,"nfroidure","A vrai dire, je pense que le back de FranceJS doit être en JS"
1,1365422354764,"nfroidure","Ca tombe sous le sens"
1,1365422457595,"nfroidure","Par contre, ne pas avoir de BD, d'espace membre, c'est trop limitant"
1,1365422459872,"_kud","oui"
1,1365422526114,"madx`","plutôt oui"
1,1365422526321,"madx`","et happy plan c'est du JS (presque)"
1,1365422543971,"nfroidure","en fait, les sites statiques, pkoi pas, mais en surcouche d'un API Rest qui re-génère les ressources statiques on-demand"
1,1365422564748,"_kud","API + site statique"
1,1365422566914,"_kud","j'vois pas où est le souci"
256,1365422584359,"lionelB|miam","lionelB|miam changed his nick for lionelB."
1,1365422588608,"nfroidure","API Rest qui servirait autre chose que du statique : DB, fichiers etc..."
1,1365422602428,"nfroidure","le souci, c'est le X-Domain"
1,1365422608589,"_kud","je vois pas ?"
1,1365422613069,"_kud","tu fais du CROSS"
1,1365422615242,"_kud","CORS*"
1,1365422640881,"madx`","euh"
1,1365422646091,"madx`","super l'accessibilité."
1,1365422647554,"nfroidure","Marche pas sous IE<8"
1,1365422651158,"madx`","(tu me diras...)"
1,1365422655824,"_kud","jsonp ?"
1,1365422658540,"nfroidure","voir 9 ou 10 d'ailleurs"
1,1365422667530,"nfroidure","crade :)"
1,1365422673529,"_kud","who cares"
1,1365422702367,"madx`","perso je verrais plus un truc propre avec un serveur en back, pas une API"
1,1365422709028,"madx`","question d'accessibilité"
1,1365422713867,"madx`","c'est ps une app mais un site"
1,1365422740707,"nfroidure","effectivement, c'est déjà un problème qu'il faut trancher"
1,1365422747248,"nfroidure","app vs site ou les deux"
1,1365422755250,"madx`","(putain cet écran est magnifique)"
1,1365422763235,"nfroidure","Après, je pense qu'il faut pas mettre la charrue avant les boeufs"
1,1365422770275,"lionelB","j'ai l'impression que vous allez un peu vite ;)"
1,1365422771559,"nfroidure","Déjà, nous concerter sur les fonctionnalités"
1,1365422777502,"lionelB","+1 nfroidure"
1,1365422783405,"lionelB","le contenu aussi"
1,1365422800693,"nfroidure","là, y'a personne, mon mail est resté sans suite :D"
1,1365422810285,"lionelB","dans le google group"
1,1365422900756,"nfroidure","je reposte sur le groupe"
1,1365422906589,"madx`","oui parce que pas vu"
1,1365422910542,"lionelB","idem"
1,1365422913925,"_kud","si si nfroidure"
1,1365422916752,"_kud","il est dans mon gmail"
1,1365422920094,"_kud","archivé"
1,1365422990824,"lionelB","je viens de recevoir un mail de nfroidure, tiens :=)"
1,1365423052505,"madx`","Ah ouais, moi aussi tiens !"
1,1365423160890,"nfroidure","En gros, ce à quoi j'ai pensé"
1,1365423192779,"nfroidure","Je pensais aussi aux comptes de l'asso, je me dis&ais que ça serait cool qu'ils soient consultable en lignes (anonymisés)"
32,1365424233684,"kewah","kewah leave the IRC (Quit: kewah)."
2,1365424264937,"Ang3","Ang3 join the chan."
1,1365425134181,"nfroidure","Ca pourrait être cool de faire un coding dojo inter-groupes JS : https://groups.google.com/forum/#!topic/nord-js/6tdETPj4QJA"
1,1365425160500,"nfroidure","En utilisant un truc genre friendcode, ça peut se faire :)"
1,1365425240686,"Ang3","genre un battle inter villes ?"
1,1365425247351,"Ang3","Lille vs le reste du mionde ?"
1,1365425330478,"nfroidure","non, le code passe de groupe en groupe"
1,1365425354472,"nfroidure","Genre, à l'issu de notre dojo, le groyupe suivant reprend le dojo où il s'est arrêté"
2,1365425557581,"mab1","mab1 join the chan."
32,1365425608160,"mab","mab leave the IRC (Ping timeout: 264 seconds)."
1,1365427148577,"Ang3","yep pourquoi pas"
1,1365427157934,"Ang3","ça peut être fun aussi"
1,1365427965888,"nfroidure","En ce qui concerne la soirée de lancement de FranceJS, ça serait cool que Mozilla l'accueille dans ses nouveaux locaux bling-bling :D"
1,1365428157393,"endou","Il y a du monde de chez mozilla ici d'ailleurs?"
1,1365428180414,"_kud","non"
1,1365428205650,"endou","Dommage"
1,1365428239436,"nfroidure","La personne la plus proche de FranceJs et de Mozilla, c'est David Bruant"
1,1365428321093,"endou","[A"
1,1365428325886,"nfroidure","Le prochain TupperVim c'est jeudi : http://framadate.org/xko74vsu5x6ocryi"
1,1365428353083,"nfroidure","Ca fait short pour s'orga un covoiturage entre chtis ?"
1,1365428413508,"endou","nfroidure: Moi ca fait short pour le taff le lendemain :\"
1,1365428482247,"nfroidure","C'est vrai que c'est dommage cette histoire du jeudi."
2,1365428948546,"Atu","Atu join the chan."
4,1365432804693,"victordarras","victordarras leave the chan."
1,1365437451404,"nfroidure","bon apparemment tuppervim sur paris c'est tous les jeudi ou rien"
32,1365437678250,"HammHetfield","HammHetfield leave the IRC (Quit: HammHetfield)."
1,1365437800792,"endou","nfroidure: Erf, on parlera un peu de vim au prochain apero si tu veux :)"
1,1365437835305,"nfroidure","Je me disais que pour le dojo, on pourrai faire le front sous sublime et le back sous vim"
1,1365437874167,"nfroidure","au fait, le canal dnt je te parlais c'est irc.mozilla.org#tupperVim"
1,1365437985024,"endou","nfroidure: Ca risque de poser quand meme quelques problemes, puis il y a pas deux vimrc identiques :)"
1,1365438025784,"nfroidure","l'idée c'est de jouer, si on est pas top productifs c'est pas grave ;)"
1,1365438047887,"nfroidure","on verra, j'ai lancé un message sur la liste à ce sujet. Tu es inscris ?"
1,1365438204563,"Ang3","boarf le vimrc c'est du tweak, les fonctions de base restent normalement"
1,1365438210947,"Ang3","sauf si on passe en bépo :)"
32,1365438612079,"felixgilles","felixgilles leave the IRC (Quit: Konversation terminated!)."
32,1365439401332,"Ang3","Ang3 leave the IRC (Quit: leaving)."
2,1365439659691,"Ang3","Ang3 join the chan."
32,1365439687268,"lionelB","lionelB leave the IRC (Quit: Bye Bye)."
1,1365439692264,"nfroidure","Quelqu'un sait pourquoi (t=new Int8Array())&&(t[0]=Number.MAX_VALUE)&&t[0]==Number.MAX_VALUE vaut true sur Firefox et false sur Chrome ?"
1,1365439721775,"nfroidure","*true sur Chrompe et false sur Firefox"
1,1365439752455,"nfroidure","Me dîtes pas que Chrome a un constructeur pour Int8Array mais qu'en fait c'est juste un Array normal ?"
2,1365439958767,"Amatewasu","Amatewasu join the chan."
1,1365440008942,"madx`","merci pour le retweet"
32,1365440194371,"showtim34","showtim34 leave the IRC (Read error: Operation timed out)."
32,1365441116805,"revolunet","revolunet leave the IRC (Ping timeout: 255 seconds)."
32,1365442213879,"Ang3","Ang3 leave the IRC (Quit: Lost terminal)."
32,1365451786294,"Amatewasu","Amatewasu leave the IRC (Quit: WeeChat 0.4.1-dev)."
