2,1381531698730,"_mlb","_mlb join the chan."
32,1381540015513,"_mlb","_mlb leave the IRC (Remote host closed the connection)."
2,1381541847047,"_mlb","_mlb join the chan."
32,1381542351065,"_mlb","_mlb leave the IRC (Ping timeout: 252 seconds)."
2,1381555874545,"MoOx","MoOx join the chan."
2,1381556623956,"_mlb","_mlb join the chan."
32,1381556942374,"_mlb","_mlb leave the IRC (Ping timeout: 272 seconds)."
32,1381561781997,"MoOx","MoOx leave the IRC (Remote host closed the connection)."
2,1381566223602,"MoOx","MoOx join the chan."
32,1381566496571,"MoOx","MoOx leave the IRC (Ping timeout: 272 seconds)."
2,1381568386658,"revolunet","revolunet join the chan."
2,1381569920671,"MoOx","MoOx join the chan."
32,1381570038021,"MoOx","MoOx leave the IRC (Remote host closed the connection)."
32,1381570589185,"revolunet","revolunet leave the IRC (Quit: revolunet)."
2,1381574557971,"_mlb","_mlb join the chan."
32,1381576196561,"_mlb","_mlb leave the IRC (Read error: Connection reset by peer)."
2,1381576232911,"_mlb","_mlb join the chan."
2,1381576428331,"MoOx","MoOx join the chan."
32,1381576705291,"MoOx","MoOx leave the IRC (Ping timeout: 252 seconds)."
32,1381578001760,"_mlb","_mlb leave the IRC (Read error: Connection reset by peer)."
2,1381578034968,"_mlb","_mlb join the chan."
2,1381579723402,"Amatewasu","Amatewasu join the chan."
32,1381580483959,"Amatewasu","Amatewasu leave the IRC (Quit: WeeChat 0.4.3-dev)."
2,1381581005548,"revolunet","revolunet join the chan."
32,1381583654578,"revolunet","revolunet leave the IRC (Ping timeout: 245 seconds)."
2,1381583864111,"revolunet","revolunet join the chan."
32,1381586821112,"revolunet","revolunet leave the IRC (Read error: Connection reset by peer)."
2,1381586929322,"revolunet","revolunet join the chan."
2,1381588083308,"oz","oz join the chan."
4,1381588210596,"oz","oz leave the chan."
32,1381590379630,"revolunet","revolunet leave the IRC (Quit: revolunet)."
2,1381614663732,"revolunet","revolunet join the chan."
