32,1379802765690,"fbentz","fbentz leave the IRC (Quit: fbentz)."
2,1379809294536,"_kud","_kud join the chan."
32,1379809586124,"_kud","_kud leave the IRC (Remote host closed the connection)."
32,1379810226729,"_mlb","_mlb leave the IRC (Remote host closed the connection)."
2,1379810747969,"Munto","Munto join the chan."
2,1379812088539,"_mlb","_mlb join the chan."
32,1379812586537,"_mlb","_mlb leave the IRC (Ping timeout: 248 seconds)."
2,1379816086597,"_mlb","_mlb join the chan."
32,1379816468611,"_mlb","_mlb leave the IRC (Ping timeout: 248 seconds)."
2,1379816647801,"_mlb","_mlb join the chan."
2,1379826808490,"MoOx","MoOx join the chan."
32,1379836195927,"MoOx","MoOx leave the IRC (Remote host closed the connection)."
2,1379838794423,"MoOx","MoOx join the chan."
2,1379839035509,"Mo_Ox","Mo_Ox join the chan."
32,1379839043239,"MoOx","MoOx leave the IRC (Read error: Connection reset by peer)."
2,1379844907893,"bigx","bigx join the chan."
2,1379849187216,"_kud","_kud join the chan."
32,1379852512860,"_kud","_kud leave the IRC (Remote host closed the connection)."
2,1379856014564,"_kud","_kud join the chan."
2,1379858951678,"fbentz","fbentz join the chan."
32,1379860929749,"fbentz","fbentz leave the IRC (Quit: fbentz)."
32,1379862904897,"_kud","_kud leave the IRC (Remote host closed the connection)."
2,1379863532826,"rhannequin","rhannequin join the chan."
32,1379864210342,"rhannequin","rhannequin leave the IRC (Remote host closed the connection)."
2,1379864783593,"_kud","_kud join the chan."
2,1379867988021,"fbentz","fbentz join the chan."
2,1379872699369,"revolunet","revolunet join the chan."
32,1379874014755,"revolunet","revolunet leave the IRC (Quit: revolunet)."
32,1379874504980,"Mo_Ox","Mo_Ox leave the IRC (Remote host closed the connection)."
2,1379877802771,"_mlb_","_mlb_ join the chan."
32,1379877803109,"_mlb","_mlb leave the IRC (Read error: Connection reset by peer)."
2,1379879529415,"stephCoue","stephCoue join the chan."
2,1379881340616,"Grirrle","Grirrle join the chan."
2,1379881661055,"revolunet","revolunet join the chan."
32,1379883641379,"_mlb_","_mlb_ leave the IRC (Remote host closed the connection)."
