18,1364204422192,"Marionnette","Marionnette join the chan."
8,1364204422256,"_kud","_kud change topic to \"Communauté française des utilisateurs de JavaScript | Site : http://francejs.org\""
2,1364204723449,"peutetre","peutetre join the chan."
256,1364204918544,"nfroidure__","nfroidure__ changed his nick for nfroidure."
2,1364207238916,"lionelB","lionelB join the chan."
32,1364207568878,"rhannequin","rhannequin leave the IRC (Ping timeout: 245 seconds)."
2,1364207596803,"rhannequin","rhannequin join the chan."
32,1364207961747,"lionelB","lionelB leave the IRC (Quit: Bye Bye)."
2,1364208893994,"zebden","zebden join the chan."
2,1364209397239,"bobylito_","bobylito_ join the chan."
32,1364209397973,"bobylito_","bobylito_ leave the IRC (Client Quit)."
32,1364209591247,"bobylito","bobylito leave the IRC (Ping timeout: 264 seconds)."
2,1364209593265,"bobylito_","bobylito_ join the chan."
32,1364210518862,"rhannequin","rhannequin leave the IRC (Ping timeout: 245 seconds)."
32,1364211281052,"peutetre","peutetre leave the IRC (Quit: peutetre)."
32,1364212348588,"bobylito_","bobylito_ leave the IRC (Quit: bobylito_)."
32,1364212893949,"zebden","zebden leave the IRC (Ping timeout: 245 seconds)."
2,1364212962090,"peutetre","peutetre join the chan."
2,1364214027262,"zebden","zebden join the chan."
2,1364214062315,"rhannequin","rhannequin join the chan."
32,1364214506103,"showtim34","showtim34 leave the IRC (Ping timeout: 264 seconds)."
2,1364215331876,"_mlb","_mlb join the chan."
2,1364215576920,"bobylito","bobylito join the chan."
2,1364216355227,"showtim34","showtim34 join the chan."
32,1364216805548,"vvo","vvo leave the IRC (Ping timeout: 252 seconds)."
1,1364216882463,"madx`","bon, doodle pour le premier meetup MJS :)"
1,1364216909129,"_kud","yeah :D"
1,1364216914210,"_kud","tweet le !"
1,1364216923058,"madx`","je le crée là ;)"
1,1364216991320,"_kud","Quand vous voulez pour les coms quant au logo :)"
1,1364217008607,"madx`","< done"
1,1364217010841,"_kud","oui"
1,1364217014523,"_kud","t'es un peu l'seul"
1,1364217050827,"madx`",":D"
2,1364217335447,"vvo","vvo join the chan."
1,1364217535001,"madx`","_kud: rt plz"
1,1364217545258,"_kud",":]"
1,1364217606029,"madx`","et voilà :)"
1,1364217690250,"madx`","on va voir si la mayonnaise prend :)"
1,1364217721341,"_kud",":D"
1,1364217917549,"madx`","2 inscrits :)"
1,1364218056592,"zebden","où ?"
1,1364218078395,"_kud","marseillejs"
1,1364218167037,"madx`","Tiens on sait jamais http://doodle.com/wpk2bdw7ruh6zt5x"
32,1364218369386,"peutetre","peutetre leave the IRC (Quit: peutetre)."
2,1364218542991,"peutetre","peutetre join the chan."
32,1364218574229,"_mlb","_mlb leave the IRC (Ping timeout: 245 seconds)."
32,1364219693867,"zebden","zebden leave the IRC (Ping timeout: 245 seconds)."
1,1364220081274,"madx`","bon, ok, sur les 4 inscrits y'en a 3 (dont moi) c'est ma boite actuelle :D"
1,1364220097112,"_kud","rofl"
1,1364220105520,"_kud","On s'en fout"
1,1364220107869,"_kud","ca fait de l'activité"
1,1364220110290,"madx`","ça bougera dans la journée ceci dit"
1,1364220111026,"madx`","oui"
1,1364220117316,"madx`","puis ça motive les autres à s'inscrire"
1,1364220123994,"_kud","oui"
32,1364220499291,"rhannequin","rhannequin leave the IRC (Ping timeout: 264 seconds)."
2,1364220873688,"rhannequin","rhannequin join the chan."
2,1364221263348,"eaSy60","eaSy60 join the chan."
2,1364221666083,"zebden","zebden join the chan."
1,1364221676117,"zebden","ah non Marseille , trop loin"
1,1364221676809,"zebden",":p"
1,1364222650648,"victordarras","Pareil"
32,1364222734339,"showtim34","showtim34 leave the IRC (Quit: Quitte)."
1,1364222794267,"madx`",":D"
1,1364222807738,"madx`","si t'es d'Arras effectivement !"
1,1364222850906,"victordarras","ah."
1,1364222858213,"victordarras","nan de lille ;)"
1,1364222865694,"madx`","c'est kif kif non ?"
1,1364222869532,"victordarras","mais effectivement , vu de Marseille c'est pareil"
1,1364222923535,"victordarras","et puis ya rien à Arras en comparaison"
1,1364225035925,"nfroidure","victordarras, lo"
1,1364225061160,"nfroidure","hésites pas à me toquer pour le prochain rdv js à lille"
1,1364225150975,"madx`","nfroidure: vous êtes nombreux alors ?"
1,1364225341550,"victordarras","Je n'ai encore jamais participé, je suis webdesigner , pas dev. Le js n'est pas mon domaine de prédilection"
1,1364225401854,"victordarras","mais à l'occaz , ça m'interresserais beaucoup de discuter avec des dev sympas de la région"
1,1364225408758,"madx`","victordarras: si t'es là c'est que ça t'intéresse ;)"
1,1364225456681,"nfroidure","victordarras, no soucy, on va essayer de s'en organiser une dans peu de temps"
1,1364225478136,"nfroidure","madx`, 5 pour le moment :)"
1,1364225479179,"victordarras","je connais quelques dev de mon coté aussi qui seraient surement chaud"
1,1364225557538,"nfroidure","hésites pas à leur parler de nous."
1,1364225572043,"nfroidure","Y'a rien de formel, c'est que du Js et de la bière :)"
1,1364225605993,"victordarras","ça me va"
32,1364225744013,"peutetre","peutetre leave the IRC (Quit: peutetre)."
2,1364226059756,"neemzy","neemzy join the chan."
1,1364226064387,"neemzy","bonjour :)"
1,1364226183011,"_kud","lo"
1,1364226198071,"madx`","salut neemzy"
2,1364226551253,"peutetre","peutetre join the chan."
1,1364226852816,"madx`","ah ouais il est buggué mon design sur le site de marseillejs :/"
1,1364227018150,"_kud","^^"
1,1364227036211,"madx`","j'en ai réglé une partie mais j'ai toujours une marge moche en bas :/"
1,1364227151267,"_kud","J'aime tellement mon rôle de front-end dev"
1,1364227159139,"_kud","j'suis a la fois capable de faire de l'intégration et du back"
1,1364227172351,"_kud","chose que ni les backend ni les intégrateurs sont capables de faire :D"
1,1364227426952,"HammHetfield","ouai enfin y'a aussi des intés par choix qui savent faire d'autres trucs hein"
1,1364227442099,"_kud","A l'etranger oui"
1,1364227447744,"HammHetfield","tous les intés ne sont pas de \"fuck les preprocs, trop compliqué\""
1,1364227453846,"_kud","en france, si"
1,1364227454645,"_kud",":D"
1,1364227467414,"HammHetfield","ben je vais me complaire à penser que je suis une perle rare alors"
1,1364227476848,"_kud","exactement"
1,1364227486072,"_kud","comme _mlb ou florian_r"
1,1364227506994,"HammHetfield","ok ça fait tout de suite moins rare"
1,1364227539060,"victordarras","ou moi , tout au plus quand je fait de l'inté"
1,1364227688067,"CrEv","étrange, je fais du front, du back, et pourtant j'adore les préprocs css"
1,1364227713079,"CrEv","y'a vraiment des gens qui trouvent que ça sert à rien ?"
1,1364227737032,"_kud","oui"
1,1364227737276,"HammHetfield","non, ils font que prétendre penser ça"
1,1364227739454,"CrEv","(finalement c'est comme dire que seul vanilla-js est valable, le reste c'est trop compliqué…)"
1,1364227740299,"_kud","plein de français"
1,1364227772792,"CrEv","autant que ça ? j'ai vu passer deux trois trolls mais je pensais pas que c'était généralisé"
1,1364227794074,"HammHetfield","généralisé peut être pas"
1,1364227796166,"HammHetfield","mais y'en a"
1,1364227802118,"HammHetfield","et ils se font entendre dernièrement"
1,1364227806021,"CrEv","surtout qu'un bête sass (scss) ou less pour débuter c'est très accessible pour quelqu'un qui ne connait à la base que css"
1,1364227807629,"_kud","voilà"
1,1364227815222,"_kud","BON"
1,1364227815825,"HammHetfield","mais bon, déjà le mec qui gueule pour un truc sorti y'a un bon bout de temps déjà"
1,1364227817734,"_kud","on s'en fout"
1,1364227822049,"_kud","on a tjs pas notre logo là"
1,1364227826265,"HammHetfield","tu sens le mec à la pointe de la technologie quoi ^^"
1,1364227836966,"HammHetfield","\"5 reasons why HTML4 sucks\""
1,1364227859985,"victordarras",">< tu as trouvé ça ou ?"
1,1364227881221,"HammHetfield","j'ai accès aux drafts de iamvdo ou je sais plus quoi"
1,1364227960091,"neemzy","sûr que les sites en frameset/table à optimiser uniquement pour ie6, ça devait faire des journées tranquilles ><"
1,1364227982537,"neemzy","(\"optimiser\" et \"ie6\" dans la même phrase, j'aurais jamais cru y arriver)"
1,1364228073298,"_kud","Ca serait pas mal d'éviter de se moquer d'un des plus grands front-end devs français, jeunes gens"
1,1364228078445,"HammHetfield","quand j'étais jeune et fougueux, mon taff était réparti entre réparer du code dreamweaver, réparer du code à l'indienne, et faire tourner des sites sous IE6"
1,1364228090006,"_kud","taf*"
1,1364228093878,"_kud","Travail A Faire"
1,1364228106306,"HammHetfield","taff* travail à faire faire"
1,1364228112036,"HammHetfield","genre jvais bosser moi même, iléfoului"
1,1364228117567,"neemzy","haha"
1,1364228126606,"neemzy","la nuance est intéressante à connaître"
1,1364228137536,"_kud","hahaha HammHetfield"
1,1364228138941,"_kud","bien joué"
1,1364228152080,"neemzy","HammHetfield: excuse mon ignorance, mais... \"à l'indienne\" ?"
1,1364228200140,"HammHetfield","neemzy: tu vois un indien ?"
1,1364228209864,"HammHetfield","tu vois codeur.com ?"
1,1364228240744,"neemzy","HammHetfield: un indien indien ou un natif américain, totem, plumes, toussa ?"
1,1364228252329,"HammHetfield","un indien genre ni l'un ni l'autre"
1,1364228264256,"HammHetfield","juste un mec qui code comme ses pieds"
1,1364228272868,"_kud","codeur.com"
1,1364228275557,"_kud","best rofl ever"
1,1364228282486,"HammHetfield","genre le gros du code fait grosso modo ce que tu voulais"
1,1364228285185,"_kud","il a pas fait graphiste.com c't'enflure ?"
1,1364228295243,"HammHetfield","et après le reste c'est du nawak"
1,1364228297766,"neemzy","HammHetfield: je vois ;)"
1,1364228309799,"HammHetfield","limite y'a des if(rand()) {…} dans le code"
1,1364228325003,"neemzy","haha"
1,1364228343148,"HammHetfield","pour ma part j'étais surtout dans du css"
1,1364228362778,"HammHetfield","mais vraiment souvent, tu vois des .class { width: 100px, width 200; width 200px; }"
1,1364228378380,"HammHetfield","genre la flemme d'effacer la ligne, on va juste en ajouter une nouvelle"
1,1364228402083,"neemzy","HammHetfield: putain l'horreur"
1,1364228408260,"_kud","http://graphiste.com/"
1,1364228420769,"neemzy","le CSS de base a une syntaxe vraiment minimaliste alors pas maintenu..."
1,1364228426343,"neemzy","j'imagine bien le cauchemar"
1,1364228428660,"HammHetfield","_kud: oui y'a graphiste-online.com ou un nom du genre, ils ont menacé de m'attaquer pour diffamation sur un forum quand j'avais 16 piges"
1,1364228467655,"_kud",":D"
1,1364228520806,"HammHetfield","faut dire à l'époque, on aurait dit qu'ils avaient fait appel à un de leurs free pour faire leur site"
1,1364228555629,"HammHetfield","après le \"designed by developers\" c'était le \"designed by a codeur.com developer\""
1,1364228652161,"neemzy","\"and developed by a graphiste-online.com designer\""
1,1364228664417,"neemzy","cqfd"
1,1364229137146,"HammHetfield","walla"
1,1364229155326,"HammHetfield","bref, ces gens m'ont permis de faire mes premières armes..."
1,1364229166935,"HammHetfield","et mes premiers euros accessoirement"
1,1364229193786,"HammHetfield","tellement facile de faire payer des gens qui ont déjà payé pour leur site et qui se rendent compte que tout est cassé \o/"
32,1364229828333,"rhannequin","rhannequin leave the IRC (Quit: AndroIRC - Android IRC Client ( http://www.androirc.com ))."
32,1364230300454,"Nyalab","Nyalab leave the IRC (Remote host closed the connection)."
32,1364230356844,"HammHetfield","HammHetfield leave the IRC (Quit: HammHetfield)."
1,1364230866520,"nfroidure","tiens vu le nombre d'intégrateurs de grande qualité sur ce chan. C'est quoi vos fonctionnalités préférées des préprocesseurs ?"
1,1364230941073,"nfroidure","j'hésite à les intégrer dans mon workflow, mais je n'ai pas trop d'idée de l'apport réel face à la contrainte d'avoir une étape en plus et une dépendance en plus."
1,1364231041110,"CrEv","variables (surtout pour décliner les couleurs), fonctions sur les couleurs, mixin (factorisation du code), &: pour imbriquer facilement"
1,1364231070750,"CrEv","mais j'utilise assez peu les imbrications en général, ça casse trop vite la cascade et ralenti un peu l'interprétation"
1,1364231085876,"nfroidure","fonctions sur les couleurs, qu'as-tu comme usage ?"
1,1364231116998,"victordarras","pareil , avec lighten/darken dans less"
1,1364231124346,"victordarras","les mixins , beaucoup aussi"
1,1364231138485,"CrEv","(de)saturation pour des boutons qui passent disabled par exemple"
1,1364231155512,"victordarras","et puis les imbrications qui rendent plus lisible à mon gout"
1,1364231167053,"CrEv","pour faire des effets (lighten ou autre)"
1,1364231189007,"CrEv","très utile lorsque tu veux décliner tout un site avec genre 3 4 couleurs. ça permet de programmer tout le reste"
1,1364231223172,"CrEv","dans le préprocesseur de google tu peux par exemple obtenir une couleur qui contraste bien avec une autre"
1,1364231251019,"CrEv","mais aussi manipulation sur le cercle chromatique (pour récupérer les complémentaires par exemple)"
32,1364231263188,"_kud","_kud leave the IRC (Remote host closed the connection)."
1,1364231294464,"nfroidure","oki, je vois pourquoi j'ai pas plongé"
1,1364231313171,"nfroidure","en fait, c'est surtout utile si tu crée ton design en CSS"
1,1364231325072,"nfroidure","Pas si comme moi tu te retrouve avec un PSD à découper"
1,1364231379451,"nfroidure","Genre les PSD que j'intègre, ils connaissent pas le cercle chromatique ;)"
1,1364231484622,"nfroidure","Et sinon, vous utilisez quoi  comme préprocesseurs ?"
32,1364231572392,"victordarras","victordarras leave the IRC (Quit: http://www.kiwiirc.com/ - A hand crafted IRC client)."
4,1364232020145,"neemzy","neemzy leave the chan."
2,1364232842445,"MoOx","MoOx join the chan."
2,1364233340342,"Amatewasu","Amatewasu join the chan."
32,1364233559933,"peutetre","peutetre leave the IRC (Quit: peutetre)."
32,1364234125842,"bobylito","bobylito leave the IRC (Quit: bobylito)."
2,1364234273418,"bobylito","bobylito join the chan."
32,1364234315487,"bobylito","bobylito leave the IRC (Client Quit)."
32,1364234623030,"Atu","Atu leave the IRC (Quit: [\"Textual IRC Client: www.textualapp.com\"])."
32,1364234667893,"vvo","vvo leave the IRC (Ping timeout: 252 seconds)."
32,1364235721402,"eaSy60","eaSy60 leave the IRC (Quit: Leaving...)."
2,1364239267428,"eaSy60","eaSy60 join the chan."
2,1364240191828,"Nyalab","Nyalab join the chan."
1,1364240872439,"madx`","9 inscrits pour MarseilleJS \o/"
2,1364241221865,"t8g","t8g join the chan."
2,1364241817899,"rhannequin","rhannequin join the chan."
32,1364242437623,"Amatewasu","Amatewasu leave the IRC (Quit: WeeChat 0.4.1-dev)."
2,1364242451871,"Amatewasu","Amatewasu join the chan."
32,1364243092639,"MoOx","MoOx leave the IRC (Remote host closed the connection)."
32,1364243601414,"t8g","t8g leave the IRC (Quit: Yaaic - Yet another Android IRC client - http://www.yaaic.org)."
2,1364245420653,"peutetre","peutetre join the chan."
32,1364247835487,"Amatewasu","Amatewasu leave the IRC (Quit: Bonne nuit.)."
32,1364249629481,"peutetre","peutetre leave the IRC (Quit: peutetre)."
2,1364249658718,"peutetre","peutetre join the chan."
32,1364250444244,"zebden","zebden leave the IRC (Ping timeout: 245 seconds)."
32,1364250531202,"rhannequin","rhannequin leave the IRC (Quit: Quitte)."
32,1364251570305,"eaSy60","eaSy60 leave the IRC (Quit: Bye!)."
