32,1381356509278,"_mlb","_mlb leave the IRC (Ping timeout: 264 seconds)."
2,1381356835637,"_mlb","_mlb join the chan."
32,1381357026963,"_mlb","_mlb leave the IRC (Remote host closed the connection)."
4,1381358085500,"DontShootMe","DontShootMe leave the chan."
32,1381358483630,"fbentz","fbentz leave the IRC (Quit: fbentz)."
2,1381359373837,"bigx","bigx join the chan."
2,1381360152939,"fbentz","fbentz join the chan."
32,1381360546617,"fbentz","fbentz leave the IRC (Quit: fbentz)."
32,1381363438342,"bigx","bigx leave the IRC (Quit: Ex-Chat)."
2,1381365413745,"oz","oz join the chan."
2,1381381332208,"MoOx","MoOx join the chan."
32,1381385141456,"_Setsuna_","_Setsuna_ leave the IRC (Remote host closed the connection)."
2,1381387252916,"fbentz","fbentz join the chan."
1,1381387899791,"fbentz","Hello :)"
2,1381388486224,"HammHetfield","HammHetfield join the chan."
2,1381390667622,"Grirrle","Grirrle join the chan."
2,1381390700475,"Grirrle1","Grirrle1 join the chan."
2,1381390796631,"revolunet","revolunet join the chan."
32,1381390924881,"Grirrle","Grirrle leave the IRC (Ping timeout: 240 seconds)."
2,1381391001223,"kewah","kewah join the chan."
2,1381391217494,"rhannequin","rhannequin join the chan."
2,1381391237288,"Nyalab","Nyalab join the chan."
2,1381391968124,"Grirrle","Grirrle join the chan."
32,1381391997486,"Grirrle1","Grirrle1 leave the IRC (Ping timeout: 252 seconds)."
32,1381392005357,"Grirrle","Grirrle leave the IRC (Read error: Connection reset by peer)."
2,1381392022916,"Grirrle","Grirrle join the chan."
2,1381392383333,"Grirrle1","Grirrle1 join the chan."
1,1381392420705,"nfroidure","Pkoi les discussion les plus profondes sur FranceJS ont lieu en pleine nuit ?"
32,1381392486564,"Grirrle","Grirrle leave the IRC (Ping timeout: 265 seconds)."
1,1381392541673,"kewah","c/c la discussion nfroidure :)"
1,1381392961861,"nfroidure","Les mêmes mecs qui trollaient JS, quelques billets après sortent ça : http://sametmax.com/la-difference-entre-la-programmation-asynchrone-parallele-et-concurrente/"
1,1381392968176,"nfroidure","Et reconnaissent que :"
1,1381392976557,"nfroidure","- python est nul pour faire de l'asynchrone"
1,1381393003857,"nfroidure","- python a des threads, mais qu'ils ne fonctionnent que sur un seul proc quoi qu'il arrive 0_o"
2,1381393378177,"Grirrle","Grirrle join the chan."
32,1381393378471,"Grirrle1","Grirrle1 leave the IRC (Read error: Connection reset by peer)."
32,1381393583372,"Grirrle","Grirrle leave the IRC (Read error: Connection reset by peer)."
2,1381393644747,"Grirrle","Grirrle join the chan."
1,1381393672753,"nfroidure","Épique : http://direct.paris-web.fr/"
1,1381393679106,"fbentz","Oh oui"
1,1381393687410,"fbentz","Je pleure de rire depuis le début !"
2,1381393725272,"oncletom","oncletom join the chan."
1,1381393741347,"nfroidure","J'ai pris en route sur le conseil de Kud :)"
32,1381393758089,"Grirrle","Grirrle leave the IRC (Read error: Connection reset by peer)."
32,1381393766001,"oncletom","oncletom leave the IRC (Client Quit)."
2,1381393834569,"Grirrle","Grirrle join the chan."
2,1381393895765,"OwlyCode","OwlyCode join the chan."
1,1381393969899,"fbentz","Personne parle latin :)"
1,1381394104700,"revolunet","nfroidure: si je me trompe pas, les threads python sont single-core comme sur node par défaut (sauf si tu lances differents processes)"
1,1381394230424,"nfroidure","Au fait, le mdp c'est admin:admin :D"
1,1381394247114,"fbentz","et je l'ai envoyé à all :)"
32,1381394647770,"Grirrle","Grirrle leave the IRC (Read error: Connection reset by peer)."
2,1381395012394,"Grirrle","Grirrle join the chan."
2,1381395127323,"oncletom","oncletom join the chan."
32,1381395726678,"rhannequin","rhannequin leave the IRC (Ping timeout: 252 seconds)."
2,1381395965180,"rhannequin","rhannequin join the chan."
1,1381396505726,"madx`","bon bon bon, le prochain MarseilleJS c'est pour pas longtemps"
32,1381397518656,"mab1","mab1 leave the IRC (Quit: Leaving.)."
2,1381397639718,"mab","mab join the chan."
32,1381400974368,"rhannequin","rhannequin leave the IRC (Ping timeout: 248 seconds)."
2,1381401496385,"showtim34","showtim34 join the chan."
2,1381401767345,"bigx","bigx join the chan."
32,1381402121671,"Grirrle","Grirrle leave the IRC (Ping timeout: 248 seconds)."
32,1381402763891,"oncletom","oncletom leave the IRC (Quit: Leaving.)."
32,1381402804920,"kewah","kewah leave the IRC (Quit: kewah)."
32,1381403122351,"revolunet","revolunet leave the IRC (Quit: revolunet)."
2,1381403211622,"oncletom","oncletom join the chan."
2,1381404760028,"kewah","kewah join the chan."
32,1381405698174,"MoOx","MoOx leave the IRC (Remote host closed the connection)."
2,1381405756045,"rhannequin","rhannequin join the chan."
2,1381406115350,"lionelB","lionelB join the chan."
2,1381406291630,"revolunet","revolunet join the chan."
2,1381406962789,"rhannequin_","rhannequin_ join the chan."
32,1381406998090,"rhannequin","rhannequin leave the IRC (Ping timeout: 245 seconds)."
32,1381407753935,"rhannequin_","rhannequin_ leave the IRC (Ping timeout: 248 seconds)."
2,1381408134629,"rhannequin","rhannequin join the chan."
2,1381408503171,"Grirrle","Grirrle join the chan."
32,1381409910327,"revolunet","revolunet leave the IRC (Quit: revolunet)."
32,1381410542139,"showtim34","showtim34 leave the IRC (Quit: Quitte)."
2,1381411322290,"MoOx","MoOx join the chan."
2,1381413830315,"_mlb","_mlb join the chan."
32,1381414608680,"_mlb","_mlb leave the IRC (Remote host closed the connection)."
2,1381414657362,"rhannequin_","rhannequin_ join the chan."
32,1381414734875,"rhannequin","rhannequin leave the IRC (Ping timeout: 248 seconds)."
2,1381414879584,"revolunet","revolunet join the chan."
32,1381415053107,"kewah","kewah leave the IRC (Quit: kewah)."
32,1381415055048,"mab","mab leave the IRC (Read error: Connection reset by peer)."
2,1381415292638,"mab1","mab1 join the chan."
2,1381416133040,"kewah","kewah join the chan."
2,1381416380740,"rhannequin","rhannequin join the chan."
32,1381416393981,"Grirrle","Grirrle leave the IRC (Quit: Leaving.)."
32,1381416398445,"rhannequin_","rhannequin_ leave the IRC (Ping timeout: 245 seconds)."
32,1381416833229,"kewah","kewah leave the IRC (Quit: kewah)."
32,1381417237835,"bigx","bigx leave the IRC (Remote host closed the connection)."
2,1381418628679,"_mlb","_mlb join the chan."
32,1381418704085,"_mlb","_mlb leave the IRC (Remote host closed the connection)."
32,1381418775882,"Nyalab","Nyalab leave the IRC (Remote host closed the connection)."
4,1381419620832,"oz","oz leave the chan."
2,1381420036755,"Grirrle","Grirrle join the chan."
256,1381420238710,"angezane1ti","angezane1ti changed his nick for angezanetti."
32,1381421363721,"Grirrle","Grirrle leave the IRC (Read error: Connection reset by peer)."
32,1381421401165,"rhannequin","rhannequin leave the IRC (Ping timeout: 265 seconds)."
32,1381421490673,"HammHetfield","HammHetfield leave the IRC (Quit: HammHetfield)."
32,1381422285476,"OwlyCode","OwlyCode leave the IRC (Quit: Quitte)."
2,1381422305830,"Grirrle","Grirrle join the chan."
32,1381423150636,"Grirrle","Grirrle leave the IRC (Ping timeout: 252 seconds)."
2,1381423417746,"rhannequin","rhannequin join the chan."
2,1381423849747,"Amatewasu","Amatewasu join the chan."
32,1381425692618,"revolunet","revolunet leave the IRC (Quit: revolunet)."
2,1381426844853,"_mlb","_mlb join the chan."
32,1381426936745,"_mlb","_mlb leave the IRC (Remote host closed the connection)."
2,1381428631467,"_mlb","_mlb join the chan."
32,1381429013740,"_mlb","_mlb leave the IRC (Remote host closed the connection)."
32,1381430168014,"rhannequin","rhannequin leave the IRC (Ping timeout: 264 seconds)."
32,1381436168465,"Amatewasu","Amatewasu leave the IRC (Quit: WeeChat 0.4.3-dev)."
2,1381436547221,"revolunet","revolunet join the chan."
32,1381437849200,"MoOx","MoOx leave the IRC (Remote host closed the connection)."
32,1381437892670,"oncletom","oncletom leave the IRC (Quit: Leaving.)."
2,1381437896427,"rhannequin","rhannequin join the chan."
32,1381441902220,"rhannequin","rhannequin leave the IRC (Remote host closed the connection)."
