18,1368775208031,"Marionnette","Marionnette join the chan."
8,1368775208128,"_kud","_kud change topic to \"Communauté française des utilisateurs de JavaScript | Site : http://francejs.org\""
1,1368775215187,"nfroidure","Marionnette, quote"
17,1368775216774,"Marionnette","See, you not only have to be a good coder to create a system like Linux,
you have to be a sneaky bastard too. 

   -- Linus Torvalds"
17,1368775216774,"Marionnette","Source: http://iheartquotes.com/fortune/show/8397"
1,1368775233384,"nfroidure",":D"
2,1368777029696,"bobot","bobot join the chan."
2,1368777170232,"rhannequin","rhannequin join the chan."
1,1368777365811,"madx`","bon, un 2e marseillejs ça a pas l'air de motiver les foules :("
1,1368777386340,"madx`","je vais quand même mettre un doodle"
2,1368777524144,"fbentz","fbentz join the chan."
1,1368778090637,"_kud","Faut qu'on réactive FranceJS Marionnette"
1,1368778092621,"_kud","madx`: *"
1,1368778108981,"madx`","vouaip"
1,1368778112479,"madx`","ça retombe un peu"
1,1368778121135,"madx`","après, ça a aussi permis plein de rencontres"
1,1368778148490,"_kud","Moi j'ai l'temps de quedal"
1,1368778153580,"_kud","mais j'vois PEM lundi"
1,1368778157789,"madx`","ça aide pas"
1,1368778165200,"_kud","un mec de je sais plus quelle conférence"
1,1368778169965,"fbentz","Bonjour tout le monde"
1,1368778170451,"_kud","qui souhaite faire des prix pas cher"
1,1368778175875,"_kud","pour les adhérents de francejs"
1,1368778176301,"_kud",":)"
1,1368778183580,"_kud","mais comme y'a pas d'adherent lolzzzz"
1,1368778200939,"madx`","ahah ouais c'est pas évident :D"
1,1368778204475,"_kud","bref, c'qu'il faut retenir c'est que je suis en discussion avec un mec qui fait des conférences dans le sud"
1,1368778206809,"_kud","a propos du js"
1,1368778209471,"_kud","et souhaite me voir"
1,1368778217924,"_kud","pour proposer des places moins cher via francejs"
1,1368778220037,"_kud","donc c'est cool"
1,1368778221703,"madx`","ah c'est dans le Sud ? Vers où ?"
1,1368778227553,"_kud","je sais plus trop"
1,1368778230158,"_kud","avignon"
1,1368778231909,"_kud","mais j'suis pas sur"
1,1368778247739,"madx`","si tu retrouves les infos ça m'intéresse pour MJS"
1,1368778264350,"_kud","ok"
1,1368778375397,"rhannequin","francejs va faire des adhésion payantes ?"
1,1368778385030,"rhannequin","*coucou touriste*"
1,1368778431956,"_kud","Bah."
1,1368778432931,"_kud","Oui."
1,1368778440010,"_kud","Sinon tu veux qu'on vive de quoi."
1,1368778442574,"madx`","rhannequin: association = adhésion ;)"
1,1368778454969,"rhannequin","d'amour et d'eau fraiche"
1,1368778458563,"_kud","Tout argent de toute façon n'est pas là pour payer les gens."
1,1368778463952,"_kud","C'est pour payer des projets."
1,1368778466682,"rhannequin","non mais oui en effet si c'est une association au sens propre :)"
1,1368778470855,"_kud","Plus tu donnes, plus on aura de projets FranceJS."
1,1368778478229,"_kud","Mais moi, madx`, nfroidure, seront tjs aussi pauvres."
1,1368778532008,"fbentz","Les cotisations démarreront à partir de quand ?"
1,1368778544283,"madx`","fbentz: il faut des status"
1,1368778546697,"madx`","+t"
1,1368778572463,"madx`","https://github.com/francejs/association/issues"
1,1368778573886,"fbentz","Ok je pensais que l'assos était déjà monté"
1,1368778601733,"_kud","fbentz: Roadmap : Site web -> Google maps des events -> page de propositions de jobs (via HumanCoder)"
1,1368778611422,"_kud","quand tout ça sera fait, on discutera du statut en effet"
1,1368778623833,"fbentz","ok"
1,1368778638193,"_kud","C'est malheureusement un peu long mais on est pas des masses sur le projet pour le moment"
1,1368778642265,"_kud","c'est pas dramatique en soi"
1,1368778648721,"nfroidure","Vous pouvez dors et déjà donner votre avis sur les statuts existants pompés chez AFUP"
1,1368778682427,"nfroidure","Par contre, je pense pas qu'il faille se précipiter, en effet."
1,1368778692219,"_kud","C'est ca oui"
1,1368778717672,"_kud","Déjà, on est contents d'avoir un 'tit groupe d'habitués ici"
1,1368778727453,"_kud","je relais pas mal d'infos sur le compte twitter, des jobs intéressants en js"
1,1368778801814,"nfroidure","Et on a un logo qui roxxe :)"
1,1368778868644,"_kud","grave"
2,1368778882235,"fbentz_","fbentz_ join the chan."
1,1368778944750,"nfroidure","Si tout va bien, en septembre, on aura des nouvelles recrues ;)"
32,1368779056888,"fbentz","fbentz leave the IRC (Ping timeout: 252 seconds)."
256,1368779057042,"fbentz_","fbentz_ changed his nick for fbentz."
1,1368779144899,"nfroidure","Bon, si il manque des j ou des n, vous inquiétez pas, c'est juste la café sur mon clavier qui a séché dans la nuit :/"
1,1368779160882,"_kud","haha"
1,1368779166404,"madx`","nfroidure: typematrix ?"
1,1368779327514,"nfroidure","madx`, nope, clavier normal"
1,1368779342529,"nfroidure","'ai déà du mal à chaque fois que je bosse sur un laptop :("
32,1368779343812,"fbentz","fbentz leave the IRC (Ping timeout: 256 seconds)."
1,1368779356337,"nfroidure","arf"
1,1368779358823,"madx`","c'est pas très ergonomique tout ça :) toi qui y fait attention ça m'étonne"
1,1368779384932,"nfroidure","Je connais pas TypeMatrix, c'est quoi l'objectif ?"
1,1368779393936,"madx`","http://www.typematrix.com/"
1,1368779427482,"madx`","réduire les déplacements qui provoquent des TMS"
1,1368779507356,"nfroidure","j'ai du mal à saisir, quels déplacements ? On parle de quelques millimètres là"
1,1368779551007,"nfroidure","imha, j'ai une plus grande marche de manoeuvre en essayant de taper avec les 10 doigts ;)"
2,1368779592855,"fbentz","fbentz join the chan."
1,1368779654740,"nfroidure","*marge"
18,1368780372263,"Marionnette","Marionnette join the chan."
8,1368780372274,"_kud","_kud change topic to \"Communauté française des utilisateurs de JavaScript | Site : http://francejs.org\""
1,1368780442615,"nfroidure","tweet Donnez votre avis sur nos futurs statuts https://github.com/francejs/association/issues"
1,1368780474730,"angezanetti","jamais eu le loisir de tester un typematrix, ça me tente bien"
1,1368780491086,"angezanetti","mais pas trop envie de foutre 100€ dans un clavier qui finalement me plait pas :)"
1,1368780635567,"nfroidure","Marionnette, tweet Donnez votre avis sur nos futurs statuts https://github.com/francejs/association/issues"
2,1368780719837,"vvo","vvo join the chan."
1,1368780956218,"madx`","angezanetti: demande à fuse si tu le croises"
1,1368781160050,"angezanetti","déjà fait mais on s'est jamais calé pour tester :)"
32,1368781172169,"vvo","vvo leave the IRC (Quit: Leaving.)."
1,1368781173156,"angezanetti","tu bosses avec un TM toi madx` ?"
2,1368781190339,"vvo","vvo join the chan."
1,1368781192204,"madx`","oui, en azerty pour l'instant mais j'ai une skin bépo pour quand je serais motivé :D"
1,1368781253644,"angezanetti","ahaha j'ai testé le bépo. ça fait mal à la tête"
1,1368781263124,"fbentz","Question : Avez-vous déjà une idée du montant des cotisations pour les personnes physiques ?"
1,1368781273865,"madx`","ouais il faut la skin clavier qui va bien"
1,1368781286129,"angezanetti","madx`: tu es à Lill ?"
1,1368781287572,"angezanetti","e"
1,1368781293055,"madx`","nope, je suis à Marseille"
1,1368781300428,"angezanetti","arf"
1,1368781317796,"fbentz","J'en ai un au coworking qui utilise le bépo j'ai testé, personnellement je suis pas encore près d'y passer :D ! mais lui ne peut plus s'en passer"
1,1368781356826,"angezanetti","fbentz: moi j'ai testé pendant plus d'un mois, franchement s'y mettre c'est un trop gros investissement faut vriament pas avoir de taf :p"
1,1368781359066,"madx`","fbentz: c'est un vrai confort d'utilisation à priori, je pense que le jour ou je décide, je me lance et je reswitche pas"
1,1368781381577,"angezanetti","yep tes doigts bougent presque plus"
1,1368781384248,"madx`","j'ai mis un peu de temps pour m'habituer au TM déjà"
1,1368781390671,"angezanetti","tu ùm'etonnes"
1,1368781413192,"angezanetti","moi je code avec Vim alors il faudrais tout réapprendre en bépo, trop de taf"
1,1368781415064,"fbentz","Je suis d'accord sauf qu'il faut du coup que tu trimballes avec ton clavier tout le temps ^^"
1,1368781523736,"madx`","angezanetti: oui, c'est le truc qui me fait peur"
1,1368781528794,"madx`","il faut tout remapper :/"
1,1368781884359,"fbentz","Dans le sud il n'y a qu'a Marseille que se font les rencontres ? (pour l'instant je suppose ;))"
1,1368781934566,"madx`","non il y a Toulouse, Bordeaux et Sophia"
1,1368781995697,"fbentz","ok"
1,1368781997567,"angezanetti","madx`: Bdx c'est dans le Sud? :p"
1,1368782010649,"madx`","il paraît :)"
1,1368782023693,"fbentz","Donc le plus proche pour moi c'est bien Marseille mouarf ^^"
1,1368782083104,"angezanetti","ya rien a Toulon? Ya une cantine là bas il me semble"
1,1368782100333,"madx`","fbentz: tu es où toi ?"
1,1368782106347,"fbentz","Montpellier"
1,1368782122039,"_kud","On attend que @montpellierjs se crée au fait :)"
1,1368782198512,"fbentz","ok, y'a déjà du monde qui on émit l'idée (NiKo') ou pas ?"
1,1368782267455,"_kud","Nope"
1,1368782287670,"fbentz","ok"
1,1368782301196,"_kud","J'ai essayé d'en parler à Thibault Jouannic @thibaultj"
1,1368782304464,"_kud","mais il a l'air occupé"
1,1368782308773,"_kud","faudrait le motiver je pense"
1,1368782364234,"fbentz","oui comme nico, je vais essayer de les relancer avec vinyll (Vincent Agnano)"
1,1368782413818,"fbentz","affaire à suivre !"
1,1368782478490,"_kud","NiKo`: poke"
1,1368782478980,"_kud",":D"
1,1368782515947,"revolunet","hello"
1,1368782520531,"revolunet","retoutittez : http://www.meetup.com/AngularJS-Paris/"
1,1368782530365,"fbentz","A mon avis il est en pleine conf sudweb :)"
1,1368782712375,"_kud","vrai"
2,1368783371231,"rhannequin_","rhannequin_ join the chan."
32,1368783465203,"rhannequin","rhannequin leave the IRC (Ping timeout: 250 seconds)."
256,1368783768685,"rhannequin_","rhannequin_ changed his nick for rhannequin."
1,1368783898297,"nfroidure","revolunet, envoi le lien vers le tweet ou met #FranceJS dedans"
1,1368784259853,"revolunet","thx"
528,1368784273723,"Marionnette","Twitter.com#francejs - @revolunet: #AngularJS en FR : meetup : http://t.co/eNrMv7hoNg IRC : #angularjs-fr et page G+ : https://t.co/6xYoiWWNzu #FranceJS #ParisJS"
1,1368784280092,"_kud","Tu ne devrais pas revolunet"
1,1368784288867,"_kud","indiquer #angularjs-fr"
1,1368784294455,"_kud","mais #francejs comme j'ai fait pour backbone"
1,1368784301206,"_kud","on a besoin de se souder en ce moment"
1,1368784311380,"_kud","et il vaut mieux qu'on se rejoigne tous ici dans un premier temps"
1,1368784385834,"revolunet","ca empeche pas :) et tinquites je promote franceJS :)"
1,1368784403483,"_kud",":p"
1,1368784517882,"fbentz","c'est revolunet qui m'a dirigé par ici ;) ! un vrai commercial ! :P"
1,1368784565456,"fbentz","ok -> [-]"
2,1368784791984,"HammHetfield_","HammHetfield_ join the chan."
32,1368784886312,"HammHetfield","HammHetfield leave the IRC (Ping timeout: 252 seconds)."
256,1368784886415,"HammHetfield_","HammHetfield_ changed his nick for HammHetfield."
32,1368785751290,"vvo","vvo leave the IRC (Quit: Leaving.)."
32,1368786169265,"rhannequin","rhannequin leave the IRC (Ping timeout: 250 seconds)."
1,1368790758138,"angezanetti","nfroidure: tu veux faire quoi avec l'instruction `todo`du bot ?"
2,1368791215287,"rhannequin","rhannequin join the chan."
1,1368792113900,"fbentz","Vous avez déjà utilisé la lib tobi ou soda pour les tests fonctionnels ?"
1,1368792993277,"nfroidure","angezanetti, je pensais à une todo list commune pour FranceJS"
2,1368793310180,"vvo","vvo join the chan."
528,1368793334636,"Marionnette","Twitter.com#francejs - @enzymezum: Hey Twitter, connais-tu un bon WYSIWYG Javascript gratuit gérant l'upload et l'insertion dans le contenu d'images ? #javascript #francejs"
1,1368793337810,"madx`","nfroidure: il faut absolument que tu changes de style d'indent :("
1,1368793709808,"nfroidure","Je crois que c'est culturel, mais je suis pas fermé ;). À vrai dire, j'y pense en ce moment."
1,1368793766877,"nfroidure","Je préfère ce style, c'est clair, mais comme je lis extrêmement souvent du code dans d'autres styles, petit à petit je m'y fais."
1,1368793788629,"nfroidure","Du coup, je me dis, why not, si ça peut éviter les trolls ;)."
1,1368794011107,"nfroidure","madx`, qu'est-ce qui te gêne dans ce style (objectivement) ?"
1,1368794058321,"Shahor","de quel style parle t- on ?"
1,1368794130899,"nfroidure","WhiteSmith"
1,1368794167296,"nfroidure","En gros, c'est comme Python, mais avec les accolades"
1,1368794291477,"nfroidure","Ah, et je suis tombé sur une ressource objective récemment, ce qui m'a fait reconsidérer : http://encosia.com/in-javascript-curly-brace-placement-matters-an-example/"
1,1368794392296,"Shahor","ah ouais le whitesmith j'peux pas non plus"
1,1368794467616,"madx`","c'est pas idiomatique"
1,1368794495366,"madx`","tout simplement"
1,1368794498019,"nfroidure","Là je suis sur une autre question existentielle : mettre dans le code du français quand on s'adresse aux débutants."
1,1368794510526,"madx`","nfroidure: ça tu peux, pas de soucis"
1,1368794517696,"madx`","mais pour l'indent, faut s'adapter au langage"
1,1368794525755,"madx`","j'indente pas pareil en ruby, en js ou en C"
1,1368794582340,"nfroidure","madx`, tu vois, moi ça me choque plus du français qu'une indentation différente :)"
1,1368794606273,"madx`","nfroidure: selon à qui tu t'adresse le français peut être utile"
1,1368794630705,"nfroidure","madx`, le problème fait qu'après t'as une soupe de langues :)"
1,1368794635784,"madx`","alros que si tu mets du whitesmith dans du code adressé à des débutants tu leur donne de mauvaises habitudes :)"
1,1368794649132,"nfroidure",":)"
2,1368794817379,"bigx","bigx join the chan."
32,1368795350258,"fbentz","fbentz leave the IRC (Quit: fbentz)."
1,1368796183462,"nfroidure","Pour ceux qui auraient pas vu, FranceJS a RT des beaux postes récemment."
32,1368796315370,"vvo","vvo leave the IRC (Quit: Leaving.)."
2,1368796515677,"vvo","vvo join the chan."
1,1368797412383,"vvo","et mon miens?"
1,1368797425933,"vvo","https://gist.github.com/vvo/5490010"
1,1368797428189,"vvo",":>"
1,1368797456520,"vvo","https://twitter.com/zeroload/status/335053577041100801"
1,1368797459479,"bobot","zeroload: T'es freelance fanatique du JavaScript, tu veux une mission longue ? offre d'emploi développeur JavaScript FTVEN.md https://gist.github.com/vvo/5490010 "
1,1368797526507,"madx`","OH NOES, 404."
1,1368797538735,"vvo","wat"
1,1368797539174,"madx`","ow"
1,1368797560627,"madx`","il a mis un espace après l'id et ça l'a pas pris"
1,1368797563732,"vvo","fendard bobot"
1,1368797564615,"madx`","chelou"
1,1368797581343,"madx`","c'est le contenu du tweet amha"
1,1368797586182,"vvo","bobot: t une merde"
1,1368797586683,"bobot","Unknown command, sucker. :]"
1,1368797600527,"vvo","bobot: ls"
1,1368797600708,"bobot","Unknown command, sucker. :]"
1,1368797603908,"vvo","bobot: help"
1,1368797604214,"bobot","Unknown command, sucker. :]"
1,1368797607068,"vvo","ROFL"
32,1368797609340,"rhannequin","rhannequin leave the IRC (Ping timeout: 250 seconds)."
1,1368797667026,"madx`","euh"
1,1368797670346,"madx`","pas normal ça"
1,1368797675884,"HammHetfield","bobot: list"
1,1368797676340,"bobot","List: ➤ caniuse  ➤ conj  ➤ fakeimg  ➤ forkyou  ➤ gh  ➤ google  ➤ img  ➤ mdn  ➤ paste  ➤ repo  ➤ roll  ➤ roulette  ➤ svg  ➤ unicode"
1,1368797682872,"HammHetfield","l2bot"
1,1368797685616,"HammHetfield","nubs"
1,1368797696733,"madx`","ah oui, list"
1,1368797719945,"vvo","bobot: t un idiot"
1,1368797720399,"bobot","Unknown command, sucker. :]"
2,1368797859548,"showtim34","showtim34 join the chan."
2,1368798582386,"rhannequin","rhannequin join the chan."
1,1368798685519,"nfroidure","Faudrait modifier la commande tweet de marionnette pour que n'importe qui puisse proposer un tweet puis qu'on votre pour ou contre l'envoi et enfin, Marionnette envoi ou non."
1,1368798696433,"nfroidure","*vote"
1,1368798952565,"angezanetti","oula ça me parait bien comliqué ça"
1,1368798965114,"angezanetti","pourquoi tu laisses pas le droit a tout le monde de tweeter ?"
1,1368799105131,"nfroidure","n'importe qui pourrait venir tweeter n'importe quoi"
1,1368799145314,"nfroidure","Même un bot ou pire, un SEO"
1,1368799255400,"nfroidure","La protection actuelle est rudimentaire d'ailleurs. Je pense que les screennames peuvent être usurpés."
1,1368799604002,"madx`","nfroidure: met une whitelist"
1,1368799608704,"madx`","ah"
1,1368799612067,"madx`","bah non j'suis con"
1,1368799626369,"madx`","je lirai en entier la prochaine fois :)"
1,1368799938065,"nfroidure","J'utilise jamais les propriétés sur l'élément form correspondant aux champs dedans. C'est safe sur tous les browsers ?"
1,1368800528369,"nfroidure","form.elements pour info"
2,1368801244325,"fbentz","fbentz join the chan."
1,1368801871138,"fuse","angezanetti: passe au bureau pour le typematrix"
1,1368801896100,"fuse","je demanderai a Nico de prendre celui qu'il a en doublon"
1,1368802011063,"fuse","sinon c'est possible de changer de layout progressivement"
32,1368802646366,"fbentz","fbentz leave the IRC (Quit: fbentz)."
2,1368802734712,"fbentz","fbentz join the chan."
32,1368803300007,"HammHetfield","HammHetfield leave the IRC (Quit: HammHetfield)."
2,1368804185050,"HammHetfield","HammHetfield join the chan."
32,1368804590400,"rhannequin","rhannequin leave the IRC (Quit: Page closed)."
32,1368804745515,"felixgilles","felixgilles leave the IRC (Quit: Konversation terminated!)."
32,1368805167300,"fbentz","fbentz leave the IRC (Quit: fbentz)."
32,1368805331351,"vvo","vvo leave the IRC (Remote host closed the connection)."
2,1368806518025,"fbentz","fbentz join the chan."
32,1368806657160,"HammHetfield","HammHetfield leave the IRC (Quit: HammHetfield)."
2,1368807073577,"philippebarbosa","philippebarbosa join the chan."
32,1368807513238,"_kud","_kud leave the IRC (Remote host closed the connection)."
32,1368807526839,"bobot","bobot leave the IRC (Remote host closed the connection)."
32,1368807617451,"showtim34","showtim34 leave the IRC (Quit: Quitte)."
32,1368808117168,"fbentz","fbentz leave the IRC (Quit: fbentz)."
1,1368808457818,"nfroidure","Nice, j'avais jamais remarqué que tu pouvais visualiser la position d'un élément loggé dans la console avec Chrome"
32,1368810372011,"philippebarbosa","philippebarbosa leave the IRC (Quit: philippebarbosa)."
32,1368811394832,"revolunet","revolunet leave the IRC (Read error: Connection reset by peer)."
2,1368811415189,"revolunet","revolunet join the chan."
2,1368813791894,"revolunet_","revolunet_ join the chan."
32,1368813969225,"revolunet","revolunet leave the IRC (Ping timeout: 252 seconds)."
256,1368813969364,"revolunet_","revolunet_ changed his nick for revolunet."
32,1368814119338,"revolunet","revolunet leave the IRC (Quit: revolunet)."
32,1368816665128,"mab","mab leave the IRC (Ping timeout: 246 seconds)."
2,1368816914384,"fbentz","fbentz join the chan."
32,1368817168690,"fbentz","fbentz leave the IRC (Client Quit)."
32,1368818923968,"angezanetti","angezanetti leave the IRC (Ping timeout: 248 seconds)."
2,1368819304436,"angezanetti","angezanetti join the chan."
2,1368821028303,"fbentz","fbentz join the chan."
