32,1382220775344,"goldoraf","goldoraf leave the IRC (Ping timeout: 240 seconds)."
32,1382221257335,"Amatewasu","Amatewasu leave the IRC (Quit: WeeChat 0.4.3-dev)."
2,1382223403185,"stephCoue","stephCoue join the chan."
2,1382225907345,"MoRoSKiT","MoRoSKiT join the chan."
32,1382227515316,"_mlb","_mlb leave the IRC (Remote host closed the connection)."
2,1382229347270,"_mlb","_mlb join the chan."
32,1382229871073,"_mlb","_mlb leave the IRC (Ping timeout: 272 seconds)."
32,1382231031933,"MoRoSKiT","MoRoSKiT leave the IRC (Quit: Quitte)."
2,1382233425509,"_mlb","_mlb join the chan."
32,1382233749554,"_mlb","_mlb leave the IRC (Ping timeout: 256 seconds)."
32,1382237559245,"stephCoue","stephCoue leave the IRC (Remote host closed the connection)."
2,1382250095324,"skitoo","skitoo join the chan."
32,1382250103770,"skitoo","skitoo leave the IRC (Client Quit)."
2,1382250748127,"goldoraf","goldoraf join the chan."
2,1382253342310,"skitoo","skitoo join the chan."
2,1382256483691,"Amatewasu","Amatewasu join the chan."
32,1382257058846,"MoOx","MoOx leave the IRC (Remote host closed the connection)."
32,1382258068462,"skitoo","skitoo leave the IRC (Ping timeout: 245 seconds)."
2,1382259294036,"_mlb","_mlb join the chan."
32,1382259576653,"_mlb","_mlb leave the IRC (Ping timeout: 265 seconds)."
32,1382260236500,"goldoraf","goldoraf leave the IRC (Ping timeout: 256 seconds)."
2,1382264273046,"_mlb","_mlb join the chan."
2,1382270651013,"goldoraf","goldoraf join the chan."
32,1382274038422,"Amatewasu","Amatewasu leave the IRC (Quit: WeeChat 0.4.3-dev)."
32,1382274164059,"goldoraf","goldoraf leave the IRC (Ping timeout: 272 seconds)."
2,1382276596569,"goldoraf","goldoraf join the chan."
32,1382279633537,"goldoraf","goldoraf leave the IRC (Read error: Operation timed out)."
1,1382279920410,"nfroidure","https://twitter.com/ThyHee/status/391899198276501504"
1,1382279922730,"bobot","@ThyHee: Bonjour @COckrent  Bienvenue sur Twitter. Juste, avant de vous lancer, traduisez votre pseudo, pour voir. Les gens sont un peu moqueurs ici."
2,1382283594045,"rhannequin","rhannequin join the chan."
32,1382285467132,"rhannequin","rhannequin leave the IRC (Ping timeout: 272 seconds)."
2,1382296955478,"Amatewasu","Amatewasu join the chan."
32,1382299820246,"Amatewasu","Amatewasu leave the IRC (Quit: WeeChat 0.4.3-dev)."
2,1382299960206,"Amatewasu","Amatewasu join the chan."
2,1382300032864,"bigx","bigx join the chan."
2,1382300639063,"rhannequin","rhannequin join the chan."
2,1382303560560,"goldoraf","goldoraf join the chan."
32,1382305581577,"goldoraf","goldoraf leave the IRC (Read error: Operation timed out)."
