32,1380065045627,"_kud","_kud leave the IRC (Remote host closed the connection)."
32,1380067328334,"mab1","mab1 leave the IRC (*.net *.split)."
32,1380067329070,"Marlb","Marlb leave the IRC (*.net *.split)."
32,1380067330074,"oz","oz leave the IRC (*.net *.split)."
32,1380067331918,"bobot","bobot leave the IRC (*.net *.split)."
32,1380067333317,"romainhuet","romainhuet leave the IRC (*.net *.split)."
2,1380067353355,"mab1","mab1 join the chan."
2,1380067736929,"bobot","bobot join the chan."
2,1380067736939,"oz","oz join the chan."
2,1380067736939,"romainhuet","romainhuet join the chan."
32,1380068919482,"_mlb","_mlb leave the IRC (Remote host closed the connection)."
2,1380070748481,"_mlb","_mlb join the chan."
32,1380071264483,"_mlb","_mlb leave the IRC (Ping timeout: 268 seconds)."
2,1380078403671,"_mlb","_mlb join the chan."
32,1380078674639,"_mlb","_mlb leave the IRC (Ping timeout: 245 seconds)."
2,1380084906986,"MoOx","MoOx join the chan."
32,1380086737405,"Munto","Munto leave the IRC (Quit: Let's make things Frugal!)."
2,1380089010116,"_mlb","_mlb join the chan."
32,1380089264098,"_mlb","_mlb leave the IRC (Ping timeout: 245 seconds)."
2,1380090528036,"Grirrle","Grirrle join the chan."
2,1380091999332,"HammHetfield","HammHetfield join the chan."
2,1380092128186,"_mlb","_mlb join the chan."
2,1380092303230,"Shahor","Shahor join the chan."
32,1380092974012,"Shahor","Shahor leave the IRC (Remote host closed the connection)."
2,1380093315379,"rhannequin","rhannequin join the chan."
32,1380093367700,"rhannequin","rhannequin leave the IRC (Client Quit)."
2,1380094431401,"cbonnissent","cbonnissent join the chan."
2,1380094672316,"_kud","_kud join the chan."
256,1380094767932,"nfroidure_","nfroidure_ changed his nick for nfroidure."
1,1380094771813,"nfroidure","yop"
1,1380094786486,"nfroidure","J'ai été relancé par la personne qui a fait le PR pour le site."
4,1380094793719,"cbonnissent","cbonnissent leave the chan."
1,1380094859240,"angezanetti","o/"
1,1380094994204,"nfroidure","angezanetti, au fait ChtiJS#4 : vraiment sympa."
1,1380095002492,"nfroidure","Le nouveau lieu est cool à souhait ;)"
1,1380095025867,"angezanetti","nfroidure: tu m'étonnes !"
1,1380095032485,"angezanetti","700m2 de bonheur !"
1,1380095036707,"nfroidure",":)"
1,1380095046890,"nfroidure","C'est bien jeudi soir le rdv des makers ?"
32,1380095062271,"_mlb","_mlb leave the IRC (Remote host closed the connection)."
32,1380095070901,"_kud","_kud leave the IRC (Remote host closed the connection)."
2,1380095092882,"_kud","_kud join the chan."
2,1380095205361,"brice","brice join the chan."
1,1380095261450,"angezanetti","oui de 19 à 22h tous les jeudis il me semble"
1,1380095563782,"nfroidure","Je vais essayer de passer voir un peu ce qu'il se fait."
2,1380095840824,"Shahor","Shahor join the chan."
2,1380096143006,"OwlyCode","OwlyCode join the chan."
2,1380096701350,"bricefa","bricefa join the chan."
32,1380096745698,"bricefa","bricefa leave the IRC (Client Quit)."
2,1380097943136,"Nyalab","Nyalab join the chan."
2,1380099010057,"oncletom","oncletom join the chan."
2,1380099022648,"kud","kud join the chan."
32,1380099063989,"_kud","_kud leave the IRC (Ping timeout: 240 seconds)."
2,1380099373459,"_mlb","_mlb join the chan."
32,1380100321077,"kud","kud leave the IRC (Remote host closed the connection)."
2,1380100356488,"_kud","_kud join the chan."
32,1380101907193,"OwlyCode","OwlyCode leave the IRC (Ping timeout: 246 seconds)."
2,1380101932192,"OwlyCode","OwlyCode join the chan."
32,1380102092293,"_mlb","_mlb leave the IRC (Remote host closed the connection)."
2,1380102125591,"_mlb","_mlb join the chan."
32,1380102168468,"bricef","bricef leave the IRC (Quit: Quitte)."
32,1380102381569,"_mlb","_mlb leave the IRC (Ping timeout: 256 seconds)."
2,1380102969022,"Atu","Atu join the chan."
2,1380103619272,"|obilan|","|obilan| join the chan."
1,1380103633321,"|obilan|","io . sys ppl"
2,1380104310721,"_mlb","_mlb join the chan."
32,1380105971974,"Shahor","Shahor leave the IRC (Remote host closed the connection)."
2,1380106204197,"Shahor","Shahor join the chan."
32,1380106597622,"_mlb","_mlb leave the IRC (Remote host closed the connection)."
32,1380106867419,"Shahor","Shahor leave the IRC (Remote host closed the connection)."
2,1380107779281,"Shahor","Shahor join the chan."
32,1380108132703,"Atu","Atu leave the IRC (Quit: Computer has gone to sleep.)."
2,1380108413874,"_mlb","_mlb join the chan."
2,1380109098511,"lionelB","lionelB join the chan."
32,1380109098833,"_mlb","_mlb leave the IRC (Read error: Connection timed out)."
2,1380109133907,"_mlb","_mlb join the chan."
32,1380110841436,"oncletom","oncletom leave the IRC (Quit: Leaving.)."
2,1380113989598,"oncletom","oncletom join the chan."
2,1380116072553,"Mo_Ox","Mo_Ox join the chan."
32,1380116118158,"MoOx","MoOx leave the IRC (Ping timeout: 256 seconds)."
256,1380116321254,"Mo_Ox","Mo_Ox changed his nick for MoOx."
2,1380117858085,"Mo_Ox","Mo_Ox join the chan."
32,1380118037631,"MoOx","MoOx leave the IRC (Ping timeout: 248 seconds)."
2,1380118204032,"Shahor_","Shahor_ join the chan."
256,1380118299936,"Mo_Ox","Mo_Ox changed his nick for MoOx."
32,1380118324661,"Shahor","Shahor leave the IRC (Ping timeout: 264 seconds)."
256,1380118545350,"Shahor_","Shahor_ changed his nick for Shahor."
2,1380118965106,"Shahor_","Shahor_ join the chan."
32,1380119051099,"Shahor","Shahor leave the IRC (Ping timeout: 245 seconds)."
32,1380119310005,"|obilan|","|obilan| leave the IRC (Remote host closed the connection)."
256,1380119351398,"Shahor_","Shahor_ changed his nick for Shahor."
2,1380119681686,"kud","kud join the chan."
32,1380119900210,"_kud","_kud leave the IRC (Ping timeout: 264 seconds)."
32,1380119908540,"kud","kud leave the IRC (Remote host closed the connection)."
2,1380119945772,"_kud","_kud join the chan."
32,1380120248359,"Nyalab","Nyalab leave the IRC (Remote host closed the connection)."
2,1380120358212,"_mlb_","_mlb_ join the chan."
32,1380120402233,"_mlb","_mlb leave the IRC (Ping timeout: 268 seconds)."
2,1380120733887,"rhannequin","rhannequin join the chan."
2,1380121405341,"Nyalab","Nyalab join the chan."
2,1380121419225,"Marlb_","Marlb_ join the chan."
256,1380121439869,"Marlb_","Marlb_ changed his nick for Marlb."
2,1380122019966,"Amatewasu","Amatewasu join the chan."
4,1380122047542,"oz","oz leave the chan."
32,1380124427968,"OwlyCode","OwlyCode leave the IRC (Quit: Quitte)."
32,1380124779050,"Shahor","Shahor leave the IRC (Remote host closed the connection)."
2,1380125351542,"Shahor","Shahor join the chan."
32,1380126157346,"_kud","_kud leave the IRC (Remote host closed the connection)."
32,1380126294368,"HammHetfield","HammHetfield leave the IRC (Quit: HammHetfield)."
32,1380126342940,"Grirrle","Grirrle leave the IRC (Quit: Leaving.)."
2,1380126418467,"Grirrle","Grirrle join the chan."
32,1380126564937,"_mlb_","_mlb_ leave the IRC (Remote host closed the connection)."
2,1380126597488,"_mlb","_mlb join the chan."
32,1380126798257,"Grirrle","Grirrle leave the IRC (Quit: Leaving.)."
32,1380126862455,"_mlb","_mlb leave the IRC (Ping timeout: 256 seconds)."
32,1380127197182,"Nyalab","Nyalab leave the IRC (Remote host closed the connection)."
32,1380127927340,"brice","brice leave the IRC (Quit: Quitte)."
32,1380129659767,"Shahor","Shahor leave the IRC (Remote host closed the connection)."
2,1380129780536,"Shahor","Shahor join the chan."
32,1380130135319,"bigx","bigx leave the IRC (Quit: Ex-Chat)."
2,1380130383215,"_mlb","_mlb join the chan."
32,1380131710402,"_mlb","_mlb leave the IRC (Remote host closed the connection)."
32,1380132084003,"Shahor","Shahor leave the IRC (Remote host closed the connection)."
32,1380133332785,"Amatewasu","Amatewasu leave the IRC (Quit: WeeChat 0.4.2-rc2)."
2,1380133554702,"Grirrle","Grirrle join the chan."
32,1380133731611,"oncletom","oncletom leave the IRC (Quit: Leaving.)."
32,1380133807343,"rhannequin","rhannequin leave the IRC (Ping timeout: 246 seconds)."
2,1380137755689,"Munto","Munto join the chan."
32,1380137965553,"lionelB","lionelB leave the IRC (Ping timeout: 246 seconds)."
2,1380137972790,"lionelB","lionelB join the chan."
2,1380138426089,"_mlb","_mlb join the chan."
32,1380138693431,"Grirrle","Grirrle leave the IRC (Quit: Leaving.)."
32,1380139045057,"_mlb","_mlb leave the IRC (Read error: Connection reset by peer)."
2,1380139079953,"_mlb","_mlb join the chan."
32,1380139958555,"MoOx","MoOx leave the IRC (Remote host closed the connection)."
2,1380142038906,"_kud","_kud join the chan."
32,1380143831027,"_kud","_kud leave the IRC (Quit: Leaving)."
