32,1365458930898,"MoOx","MoOx leave the IRC (Remote host closed the connection)."
32,1365463189226,"Atu","Atu leave the IRC (Quit: [\"Textual IRC Client: www.textualapp.com\"])."
2,1365483885534,"MoOx","MoOx join the chan."
2,1365488690605,"HammHetfield","HammHetfield join the chan."
2,1365489920378,"showtim34","showtim34 join the chan."
32,1365490231025,"mab1","mab1 leave the IRC (Quit: Leaving.)."
2,1365490339301,"felixgilles","felixgilles join the chan."
2,1365490932845,"Ang3","Ang3 join the chan."
1,1365491746595,"Ang3","o/"
1,1365491808324,"nfroidure","\o"
2,1365492710108,"mab","mab join the chan."
2,1365492794093,"mab1","mab1 join the chan."
32,1365492994112,"mab","mab leave the IRC (Ping timeout: 276 seconds)."
1,1365493084954,"HammHetfield","~o~"
1,1365493286275,"madx`"," //o~^-"
1,1365493302720,"HammHetfield","^(°o°)^"
1,1365493369087,"madx`","(•^•)"
1,1365493388572,"HammHetfield","°ç°"
2,1365493565140,"victordarras","victordarras join the chan."
1,1365493567669,"victordarras","lo"
1,1365493692773,"madx`","protip: les annonces communautaires à 19h ça sert à rien"
1,1365493919022,"nfroidure",":)"
1,1365493935493,"_kud","oui ca sert à rien"
1,1365493944957,"nfroidure","Comme tweeter le dimanche matin ton dernier billet de lbog"
1,1365493946237,"_kud","les gens sont soit au bar, soit en train de manger, soit en train de rentrer chez eux"
1,1365493966379,"madx`","_kud: je m'en suis pas rendu compte vu que je suis déjà sur place :D"
1,1365493972486,"_kud","^^"
1,1365494163235,"_kud","ce serait cool qu'on soit sponsor parisweb"
1,1365494166716,"_kud","mais je vois pas trop comment :)"
1,1365494181311,"madx`","http://trydecaf.org/ VICTORY \o/"
1,1365494203117,"_kud","Nooooooooon"
1,1365494225433,"HammHetfield","..."
1,1365494234121,"HammHetfield","putain de rubyistes -_-\""
1,1365494253395,"_kud","tant que c'est pas du php :D"
1,1365494258986,"_kud","\"trytisane.org\""
1,1365494259983,"_kud",":D"
1,1365494263326,"HammHetfield","lol"
1,1365494272517,"HammHetfield","trycoldwater.net"
1,1365494282123,"HammHetfield","pour avoir de l'asp dans le browser"
1,1365494287294,"_kud","rofl"
1,1365494299868,"HammHetfield","y'a plus lame que le .net ?"
1,1365494307476,"HammHetfield","à part le .laposte.fr"
1,1365494379930,"madx`","j'attends un trymethadone.com"
1,1365494388849,"madx`","ou trymushrooms.com"
1,1365494389995,"madx`",":D"
1,1365494394937,"madx`","pour les langages fonctionnels"
1,1365494411769,"_kud","^^"
1,1365494491955,"HammHetfield","trylobotomy.org avec du brainfuck"
1,1365494529844,"_kud","tryfistfucking.org visual basic"
1,1365494611059,"HammHetfield","tryreality.org avec du javascript"
1,1365494615195,"madx`","tryanal.com*"
1,1365494616545,"_kud","\o:"
1,1365494641844,"HammHetfield","trypainkillers.org avec du java"
256,1365494824833,"mab1","mab1 changed his nick for mab."
1,1365494934020,"_kud","NiKo` qui craque :)"
1,1365494961247,"NiKo`","mais carrément ^^'"
1,1365494974271,"NiKo`","j'ai autant envie de bosser que de faire un combat de boue"
1,1365495175888,"_kud","Vu le temps"
1,1365495178151,"_kud","ca aide pas"
1,1365495235409,"Ang3","NiKo`: au moins les combats de boue c'est bon pour la peau :)"
18,1365497520284,"Marionnette1","Marionnette1 join the chan."
8,1365497520359,"_kud","_kud change topic to \"Communauté française des utilisateurs de JavaScript | Site : http://francejs.org\""
18,1365497520612,"Marionnette1","Marionnette1 join the chan."
2,1365498261209,"revolunet","revolunet join the chan."
2,1365498261252,"revolunet","revolunet join the chan."
1,1365498706810,"_kud","NiKo`: tu es là ?"
1,1365498707179,"_kud","NiKo`: tu es là ?"
1,1365498748922,"NiKo`","_kud: yup"
1,1365498749050,"NiKo`","_kud: yup"
1,1365498763630,"_kud","Comment je pourrais compter en JS le temps que met un script à se faire ?"
1,1365498763818,"_kud","Comment je pourrais compter en JS le temps que met un script à se faire ?"
1,1365498776102,"_kud","je suis en train d'essayer l'asynchrone sur des taches grunt"
1,1365498781951,"_kud","style lancer deux taches en même temps"
1,1365498785774,"_kud","et je voudrais voir le gain"
1,1365498776325,"_kud","je suis en train d'essayer l'asynchrone sur des taches grunt"
1,1365498782201,"_kud","style lancer deux taches en même temps"
1,1365498785919,"_kud","et je voudrais voir le gain"
1,1365498818202,"_kud","je fais un console.log du timestamp au debut et a la fin ?"
1,1365498820902,"_kud","et je fais la différence ?"
1,1365498818459,"_kud","je fais un console.log du timestamp au debut et a la fin ?"
1,1365498821112,"_kud","et je fais la différence ?"
1,1365498858629,"NiKo`","var time = new Date(), done = false; setInterval(function(){time = new Date() - time; if(done()){console.log(time)}}, 10)"
1,1365498858745,"NiKo`","var time = new Date(), done = false; setInterval(function(){time = new Date() - time; if(done()){console.log(time)}}, 10)"
1,1365498877323,"NiKo`","oui voila"
1,1365498877474,"NiKo`","oui voila"
1,1365498887738,"_kud",":)"
1,1365498888000,"_kud",":)"
1,1365498913974,"NiKo`","faut bien penser à supprimer l'intervalle d'ailleurs"
1,1365498914024,"NiKo`","faut bien penser à supprimer l'intervalle d'ailleurs"
1,1365498935613,"NiKo`","var int = setInterval() puis clearInterval(int)"
1,1365498935748,"NiKo`","var int = setInterval() puis clearInterval(int)"
1,1365498942672,"NiKo`","mais tu t'en doutais surement"
1,1365498942802,"NiKo`","mais tu t'en doutais surement"
1,1365498974766,"_kud","oui"
1,1365498974924,"_kud","oui"
1,1365498980671,"NiKo`","putain sinon je galère quand même pas mal avec backbone"
1,1365498980857,"NiKo`","putain sinon je galère quand même pas mal avec backbone"
1,1365498986909,"_kud","parce que ?"
1,1365498987152,"_kud","parce que ?"
1,1365499005680,"NiKo`","_kud: Q: comment/où tu stockes les données applicatives globales? et surtout, comment tu les consommes depuis les vues ?"
1,1365499005861,"NiKo`","_kud: Q: comment/où tu stockes les données applicatives globales? et surtout, comment tu les consommes depuis les vues ?"
1,1365499024914,"_kud","Tu fais un objet \"Common\""
1,1365499028426,"_kud","que tu balades un peu partout"
1,1365499029524,"NiKo`","par ex. j'ai un utilisateur qui est loggué, j'ai besoin d'avoir son instance à dispo dans plein de vues"
1,1365499033885,"_kud","et que tu fais Common.User"
1,1365499035320,"_kud","par exemle"
1,1365499036841,"_kud","exemple"
1,1365499042035,"_kud","c'est un objet model User"
1,1365499047230,"NiKo`","ouais c'est ce que j'ai plus ou moins fait, mais je trouve ça bof niveau archi/design"
1,1365499048263,"_kud","tu le fetch de temps a autre"
1,1365499025148,"_kud","Tu fais un objet \"Common\""
1,1365499028585,"_kud","que tu balades un peu partout"
1,1365499029350,"NiKo`","par ex. j'ai un utilisateur qui est loggué, j'ai besoin d'avoir son instance à dispo dans plein de vues"
1,1365499034064,"_kud","et que tu fais Common.User"
1,1365499035502,"_kud","par exemle"
1,1365499037035,"_kud","exemple"
1,1365499042533,"_kud","c'est un objet model User"
1,1365499047045,"NiKo`","ouais c'est ce que j'ai plus ou moins fait, mais je trouve ça bof niveau archi/design"
1,1365499048490,"_kud","tu le fetch de temps a autre"
1,1365499054612,"_kud","Tu n'as pas trop le choix"
1,1365499059963,"_kud","le stockage localStorage est limité"
1,1365499062338,"_kud","et lent"
1,1365499064183,"NiKo`","oui c'est ma conclusion également… :/"
1,1365499054313,"_kud","Tu n'as pas trop le choix"
1,1365499059697,"_kud","le stockage localStorage est limité"
1,1365499062154,"_kud","et lent"
1,1365499064242,"NiKo`","oui c'est ma conclusion également… :/"
1,1365499073468,"_kud","cookie, on va éviter hein :D"
1,1365499078287,"NiKo`","sure"
1,1365499073222,"_kud","cookie, on va éviter hein :D"
1,1365499078430,"NiKo`","sure"
1,1365499090557,"_kud","IndexeDB c'est pas encore ca sur tous les navigateurs"
1,1365499090835,"_kud","IndexeDB c'est pas encore ca sur tous les navigateurs"
1,1365499101241,"madx`","NiKo`: pourquoi faire un setinterval ?"
1,1365499101303,"madx`","NiKo`: pourquoi faire un setinterval ?"
1,1365499107872,"_kud","J'ai pas trouvé d'autres moyens que de le stocker dans une variable locale mais globale à mon app"
1,1365499108153,"_kud","J'ai pas trouvé d'autres moyens que de le stocker dans une variable locale mais globale à mon app"
1,1365499124223,"NiKo`","madx`: c'est plus ou moins le seul truc qui te permet de rester asynchrone"
1,1365499127168,"madx`","il faut mesurer avant de lancer l'exécution et après, mais pourquoi pendant?"
1,1365499124366,"NiKo`","madx`: c'est plus ou moins le seul truc qui te permet de rester asynchrone"
1,1365499127209,"madx`","il faut mesurer avant de lancer l'exécution et après, mais pourquoi pendant?"
1,1365499137006,"NiKo`","tu vérifies à intervalle régulier si le process est fini sans pour autant bloquer"
1,1365499137141,"NiKo`","tu vérifies à intervalle régulier si le process est fini sans pour autant bloquer"
1,1365499156702,"NiKo`","la pire idée du monde c'est while, qui est bloquant"
1,1365499158323,"madx`","oui mais pour les tâches grunt c'est plutôt du concurrent que de l'async"
1,1365499156772,"NiKo`","la pire idée du monde c'est while, qui est bloquant"
1,1365499158424,"madx`","oui mais pour les tâches grunt c'est plutôt du concurrent que de l'async"
1,1365499168159,"_kud","j'arrive pas à le faire en grunt :D"
1,1365499168441,"_kud","j'arrive pas à le faire en grunt :D"
1,1365499175786,"_kud","ce con lance le debut et la fin en même temps"
1,1365499181154,"_kud","faudrait que je fasse une tache speciale en fait"
1,1365499185647,"NiKo`","ben justement, raison de plus si c'est du concurrent pour surtout pas bloquer :)"
1,1365499186186,"_kud","que je mets en bout de queue"
1,1365499176061,"_kud","ce con lance le debut et la fin en même temps"
1,1365499181356,"_kud","faudrait que je fasse une tache speciale en fait"
1,1365499185485,"NiKo`","ben justement, raison de plus si c'est du concurrent pour surtout pas bloquer :)"
1,1365499186386,"_kud","que je mets en bout de queue"
1,1365499200261,"madx`","NiKo`: si tu mesure avant et après tu bloque rien :D"
1,1365499200307,"madx`","NiKo`: si tu mesure avant et après tu bloque rien :D"
1,1365499217963,"NiKo`","ben si entre les deux :o"
1,1365499217993,"NiKo`","ben si entre les deux :o"
1,1365499231358,"madx`","y'a un truc qui doit m'échapper là"
1,1365499231552,"madx`","y'a un truc qui doit m'échapper là"
1,1365499264116,"NiKo`","un do/while bloque le tick de l'event loop… t'es obligé d'attendre que le process soit terminer pour procéder le suivant"
1,1365499269714,"madx`","_kud: l'idée c'est bien que dans grunt tu exécute de façon concurentielle plusieurs taches ?"
1,1365499274910,"NiKo`","le mec qui avait fait node is cancer s'était bien gauffré là-dessus"
1,1365499264153,"NiKo`","un do/while bloque le tick de l'event loop… t'es obligé d'attendre que le process soit terminer pour procéder le suivant"
1,1365499269839,"madx`","_kud: l'idée c'est bien que dans grunt tu exécute de façon concurentielle plusieurs taches ?"
1,1365499275035,"NiKo`","le mec qui avait fait node is cancer s'était bien gauffré là-dessus"
1,1365499292716,"_kud","De base, quand tu fais du grunt"
1,1365499295213,"_kud","c'est synchrone"
1,1365499298404,"madx`","NiKo`: oui mais y'a pas de do whyle"
1,1365499301159,"NiKo`","après je connais pas bien grunt"
1,1365499302181,"_kud","là, je souhaite faire quelques taches en asynchrone"
1,1365499293065,"_kud","De base, quand tu fais du grunt"
1,1365499295388,"_kud","c'est synchrone"
1,1365499298274,"madx`","NiKo`: oui mais y'a pas de do whyle"
1,1365499300976,"NiKo`","après je connais pas bien grunt"
1,1365499302417,"_kud","là, je souhaite faire quelques taches en asynchrone"
1,1365499317009,"madx`","while*"
1,1365499317114,"madx`","while*"
1,1365499333347,"NiKo`","mais la bp en js c'est de jamais bloquer l'event loop sur des processes couteux"
2,1365499339600,"HammHetfield_","HammHetfield_ join the chan."
1,1365499344416,"madx`","_kud: en gros il te faut que ta tache principale mesure avant et après de lancer tes sous-taches asynchrones"
1,1365499333452,"NiKo`","mais la bp en js c'est de jamais bloquer l'event loop sur des processes couteux"
2,1365499339298,"HammHetfield_","HammHetfield_ join the chan."
1,1365499344484,"madx`","_kud: en gros il te faut que ta tache principale mesure avant et après de lancer tes sous-taches asynchrones"
1,1365499363060,"_kud","ou que je mette une tache de debut qui m'indique l'heure"
1,1365499367462,"_kud","et une tache de fin qui m'indique l'heure"
1,1365499369821,"_kud","et je calcule a la mano"
1,1365499363330,"_kud","ou que je mette une tache de debut qui m'indique l'heure"
1,1365499367715,"_kud","et une tache de fin qui m'indique l'heure"
1,1365499369997,"_kud","et je calcule a la mano"
1,1365499376337,"madx`","euh ouais bof"
1,1365499381950,"_kud","je vois pas le souci"
1,1365499376232,"madx`","euh ouais bof"
1,1365499382131,"_kud","je vois pas le souci"
1,1365499388678,"madx`","ben c'est moche"
1,1365499388711,"madx`","ben c'est moche"
1,1365499395131,"madx`","après je sais pas comment sont organisées tes taches"
32,1365499395774,"HammHetfield","HammHetfield leave the IRC (Ping timeout: 248 seconds)."
256,1365499395978,"HammHetfield_","HammHetfield_ changed his nick for HammHetfield."
1,1365499400832,"madx`","URL ?"
1,1365499395227,"madx`","après je sais pas comment sont organisées tes taches"
32,1365499395506,"HammHetfield","HammHetfield leave the IRC (Ping timeout: 248 seconds)."
256,1365499395665,"HammHetfield_","HammHetfield_ changed his nick for HammHetfield."
1,1365499400906,"madx`","URL ?"
1,1365499414779,"_kud","cherchez pas, ca va plus vite :D"
1,1365499416787,"_kud","(au feeling :D)"
1,1365499415080,"_kud","cherchez pas, ca va plus vite :D"
1,1365499416942,"_kud","(au feeling :D)"
1,1365499449869,"_kud","par contre, tu n'as pas en temps réel l'affichage"
1,1365499450108,"_kud","par contre, tu n'as pas en temps réel l'affichage"
1,1365499457050,"_kud","style sur copy"
1,1365499462415,"_kud","tu vois un par un les fichiers qui se copient"
1,1365499457268,"_kud","style sur copy"
1,1365499462714,"_kud","tu vois un par un les fichiers qui se copient"
1,1365499469264,"_kud","la, tu les vois a la fin de la tache"
1,1365499469431,"_kud","la, tu les vois a la fin de la tache"
1,1365499542973,"madx`","ah oui je vois un peut comment marche grunt"
1,1365499543165,"madx`","ah oui je vois un peut comment marche grunt"
1,1365499591157,"_kud","https://gist.github.com/kud/a7ee9e53d0af5688f431"
1,1365499595543,"_kud","voila :)"
1,1365499591321,"_kud","https://gist.github.com/kud/a7ee9e53d0af5688f431"
1,1365499595711,"_kud","voila :)"
1,1365499602994,"_kud","cherchez pas, ca va forcément plus vite :)"
1,1365499603203,"_kud","cherchez pas, ca va forcément plus vite :)"
1,1365499647292,"madx`","oui vu comment çà marche grunt c'est très bien comme ça"
1,1365499647376,"madx`","oui vu comment çà marche grunt c'est très bien comme ça"
2,1365499874753,"HammHetfield_","HammHetfield_ join the chan."
2,1365499874974,"HammHetfield_","HammHetfield_ join the chan."
32,1365499978301,"HammHetfield","HammHetfield leave the IRC (Ping timeout: 264 seconds)."
256,1365499978491,"HammHetfield_","HammHetfield_ changed his nick for HammHetfield."
32,1365499978586,"HammHetfield","HammHetfield leave the IRC (Ping timeout: 264 seconds)."
256,1365499978829,"HammHetfield_","HammHetfield_ changed his nick for HammHetfield."
1,1365500092000,"_kud","bon j'ai tout viré"
1,1365500092285,"_kud","bon j'ai tout viré"
1,1365500102600,"_kud","j'arrive pas à obtenir correctement la tache que je lance en fait"
1,1365500102868,"_kud","j'arrive pas à obtenir correctement la tache que je lance en fait"
1,1365500141368,"madx`","tu peux pas lancer une tache depuis une autre ?"
1,1365500141491,"madx`","tu peux pas lancer une tache depuis une autre ?"
1,1365500149062,"_kud","si"
1,1365500149354,"_kud","si"
1,1365500157130,"madx`","ben FAIT COMME J'AI DIT BORDEL"
1,1365500158126,"_kud","mais j'arrive pas a connaitre le nom de la tache que j'ia lancé"
1,1365500156951,"madx`","ben FAIT COMME J'AI DIT BORDEL"
1,1365500158388,"_kud","mais j'arrive pas a connaitre le nom de la tache que j'ia lancé"
1,1365500165276,"_kud","fais*"
1,1365500167366,"_kud","et de quoi tu parls"
1,1365500168915,"_kud","parles*¨"
1,1365500165512,"_kud","fais*"
1,1365500167670,"_kud","et de quoi tu parls"
1,1365500169166,"_kud","parles*¨"
1,1365500186081,"_kud","tu sais toi comment connaitre le nom de la tache que tu as lancé en grunt ?"
1,1365500188563,"_kud","^^"
1,1365500186377,"_kud","tu sais toi comment connaitre le nom de la tache que tu as lancé en grunt ?"
1,1365500188863,"_kud","^^"
1,1365500199772,"madx`","tu fais une tache qui 1/ stocke l'heure, 2/ lance les sous-taches de façon concurentielle, 3/ fais un delta de l'heure"
1,1365500199928,"madx`","tu fais une tache qui 1/ stocke l'heure, 2/ lance les sous-taches de façon concurentielle, 3/ fais un delta de l'heure"
1,1365500205603,"_kud","Je m'en branle de ca"
1,1365500208031,"_kud","j'te parle pas de ca"
1,1365500205867,"_kud","Je m'en branle de ca"
1,1365500208229,"_kud","j'te parle pas de ca"
1,1365500217111,"_kud","j'te parle de ma tache de base, pas du compteur"
1,1365500217345,"_kud","j'te parle de ma tache de base, pas du compteur"
1,1365500227913,"_kud","grunt.cli.tasks[0] retourne la tache en cours"
1,1365500227747,"_kud","grunt.cli.tasks[0] retourne la tache en cours"
1,1365500233673,"_kud","je pensais que ca retournait la tache que tu lancais dans le cli"
1,1365500236873,"_kud","elle est constamment overridée"
1,1365500233917,"_kud","je pensais que ca retournait la tache que tu lancais dans le cli"
1,1365500237097,"_kud","elle est constamment overridée"
1,1365500246061,"_kud","du coup j'peux pas m'y fier pour lancer ce que je souhaie"
1,1365500247594,"_kud","souhaite"
1,1365500252581,"_kud","alors le compteur c'est le cadet de mes soucis là"
1,1365500256201,"madx`","hmm"
1,1365500258763,"_kud","le script concurrent ne marche pas"
1,1365500246345,"_kud","du coup j'peux pas m'y fier pour lancer ce que je souhaie"
1,1365500247840,"_kud","souhaite"
1,1365500252773,"_kud","alors le compteur c'est le cadet de mes soucis là"
1,1365500256160,"madx`","hmm"
1,1365500259026,"_kud","le script concurrent ne marche pas"
1,1365500285993,"madx`","y'a pas accès à argv ?"
1,1365500286127,"madx`","y'a pas accès à argv ?"
1,1365500296821,"_kud","possible que si"
1,1365500297133,"_kud","possible que si"
1,1365500311367,"madx`","process.argv ?"
1,1365500311391,"madx`","process.argv ?"
1,1365500321453,"_kud","faut que je regarde ca"
1,1365500321740,"_kud","faut que je regarde ca"
1,1365500382626,"_kud","[ 'node', '/usr/local/share/npm/bin/grunt', 'dist' ] <3"
1,1365500388391,"_kud","effectivement, c'est le troisieme parametre"
1,1365500391587,"_kud","ca peut p'tête le faire"
1,1365500382874,"_kud","[ 'node', '/usr/local/share/npm/bin/grunt', 'dist' ] <3"
1,1365500388627,"_kud","effectivement, c'est le troisieme parametre"
1,1365500391820,"_kud","ca peut p'tête le faire"
1,1365500444360,"_kud","nope"
1,1365500446145,"_kud","ca change rien"
1,1365500444562,"_kud","nope"
1,1365500446340,"_kud","ca change rien"
1,1365500453615,"_kud","c'est identique a grunt.cli.tasks[0]"
2,1365500458890,"Atu","Atu join the chan."
2,1365500462861,"lionelB","lionelB join the chan."
1,1365500453926,"_kud","c'est identique a grunt.cli.tasks[0]"
2,1365500459059,"Atu","Atu join the chan."
2,1365500463128,"lionelB","lionelB join the chan."
1,1365500493831,"_kud","en fait faudrait que je le stocke une fois pour toute"
1,1365500495620,"_kud","mais il veut pas"
1,1365500501553,"_kud","il relit tout le fichier grunt a chaque fois"
1,1365500507028,"_kud","du coup, c'est un poil chaud"
1,1365500494098,"_kud","en fait faudrait que je le stocke une fois pour toute"
1,1365500495786,"_kud","mais il veut pas"
1,1365500501702,"_kud","il relit tout le fichier grunt a chaque fois"
1,1365500507185,"_kud","du coup, c'est un poil chaud"
1,1365500600686,"_kud","console.log(test);"
1,1365500600793,"_kud","  var test = true;"
1,1365500602160,"_kud","si je fais ca"
1,1365500607709,"_kud","j'ai tjs un test a undefined"
1,1365500600957,"_kud","console.log(test);"
1,1365500601161,"_kud","  var test = true;"
1,1365500602448,"_kud","si je fais ca"
1,1365500607858,"_kud","j'ai tjs un test a undefined"
1,1365500616237,"_kud","il lance le script une fois"
1,1365500617489,"_kud","undefined"
1,1365500618312,"_kud","normal"
1,1365500623214,"_kud","puis il relance le script qui va bien"
1,1365500627183,"_kud","test est tjs a undefined"
1,1365500627466,"madx`","c'est supaire JS."
1,1365500616428,"_kud","il lance le script une fois"
1,1365500617753,"_kud","undefined"
1,1365500618581,"_kud","normal"
1,1365500623442,"_kud","puis il relance le script qui va bien"
1,1365500627429,"madx`","c'est supaire JS."
1,1365500627677,"_kud","test est tjs a undefined"
1,1365500659645,"_kud","et en fait"
1,1365500663779,"_kud","si je prends process ou grunt.cli"
1,1365500666830,"_kud","ca va faire au debut"
1,1365500667798,"_kud","\"dist\""
1,1365500673073,"_kud","puis des que je lance une concurrent"
1,1365500676654,"_kud","ca va faire copy:assets"
1,1365500680494,"_kud","ou concat"
1,1365500683084,"_kud","\o/"
1,1365500685498,"_kud","ca sera plus \"dist\""
1,1365500659851,"_kud","et en fait"
1,1365500663976,"_kud","si je prends process ou grunt.cli"
1,1365500667001,"_kud","ca va faire au debut"
1,1365500667999,"_kud","\"dist\""
1,1365500673370,"_kud","puis des que je lance une concurrent"
1,1365500676896,"_kud","ca va faire copy:assets"
1,1365500680736,"_kud","ou concat"
1,1365500683369,"_kud","\o/"
1,1365500685685,"_kud","ca sera plus \"dist\""
1,1365500730747,"lionelB","hello"
1,1365500731005,"lionelB","hello"
1,1365500744843,"_kud","Okay j'ai compris"
1,1365500748438,"madx`","ça a l'air foiireux concurrent"
1,1365500751148,"_kud","c'est parce que grunt-concurrent"
1,1365500754990,"_kud","lance un grunt lui même"
1,1365500745013,"_kud","Okay j'ai compris"
1,1365500748347,"madx`","ça a l'air foiireux concurrent"
1,1365500751328,"_kud","c'est parce que grunt-concurrent"
1,1365500755171,"_kud","lance un grunt lui même"
1,1365500767752,"_kud","tu as un grunt global, et chaque tache grunt-concurrent est un grunt en lui même"
1,1365500768032,"_kud","tu as un grunt global, et chaque tache grunt-concurrent est un grunt en lui même"
1,1365500778328,"_kud","du coup, j'suis un peu de la baise"
1,1365500778485,"_kud","du coup, j'suis un peu de la baise"
1,1365500819251,"madx`","c'est un peu lourd de faire ça"
1,1365500819278,"madx`","c'est un peu lourd de faire ça"
1,1365500887160,"_kud","oui"
1,1365500887323,"_kud","oui"
1,1365500939283,"_kud","bon bah voila"
1,1365500941238,"_kud","perte de temps"
1,1365500943992,"_kud","je retourne bosser :)"
1,1365500939461,"_kud","bon bah voila"
1,1365500941451,"_kud","perte de temps"
1,1365500944140,"_kud","je retourne bosser :)"
1,1365501323943,"_kud","https://github.com/sindresorhus/grunt-concurrent/issues/2 madx`"
1,1365501324160,"_kud","https://github.com/sindresorhus/grunt-concurrent/issues/2 madx`"
1,1365502066473,"_kud","Apparemment j'ai pas tort madx` :D"
1,1365502066642,"_kud","Apparemment j'ai pas tort madx` :D"
1,1365502198093,"madx`",":)"
1,1365502198223,"madx`",":)"
1,1365502216228,"madx`","j'trouve ça fou qu'il doive faire comme ça"
1,1365502216354,"madx`","j'trouve ça fou qu'il doive faire comme ça"
1,1365502229191,"_kud","Il a juste faire des grunts dans un grunt"
1,1365502229458,"_kud","Il a juste faire des grunts dans un grunt"
1,1365502386031,"madx`","ouais enfin ça doit pouvoir se gérer autrement"
1,1365502386085,"madx`","ouais enfin ça doit pouvoir se gérer autrement"
1,1365502482354,"_kud","Je pense."
1,1365502482618,"_kud","Je pense."
1,1365502493527,"_kud","Il ferait mieux de rendre asynchrone ses tâches"
1,1365502493727,"_kud","Il ferait mieux de rendre asynchrone ses tâches"
1,1365502508183,"_kud","plutôt que de fourrer des grunts dans du grunt"
1,1365502508251,"_kud","plutôt que de fourrer des grunts dans du grunt"
1,1365502618195,"victordarras","fourrer des grunts http://www.geeknative.com/wp-content/uploads/2011/01/halo-grunt.jpg"
1,1365502621402,"_kud",":D :D"
1,1365502618446,"victordarras","fourrer des grunts http://www.geeknative.com/wp-content/uploads/2011/01/halo-grunt.jpg"
1,1365502621565,"_kud",":D :D"
32,1365502795257,"victordarras","victordarras leave the IRC (Quit: http://www.kiwiirc.com/ - A hand crafted IRC client)."
32,1365502795397,"victordarras","victordarras leave the IRC (Quit: http://www.kiwiirc.com/ - A hand crafted IRC client)."
32,1365502829807,"lionelB","lionelB leave the IRC (Quit: Bye Bye)."
32,1365502830064,"lionelB","lionelB leave the IRC (Quit: Bye Bye)."
1,1365503261547,"nfroidure","_kud : date; grunt...; date"
1,1365503261695,"nfroidure","_kud : date; grunt...; date"
1,1365503478742,"nfroidure","J'ai l'impression que vous vous cassez gave la nénette pour rien avec ce grunt :)"
1,1365503478808,"nfroidure","J'ai l'impression que vous vous cassez gave la nénette pour rien avec ce grunt :)"
1,1365503577994,"nfroidure","*grave"
1,1365503577909,"nfroidure","*grave"
1,1365503599328,"madx`","_kud: rake dist"
1,1365503600007,"madx`",":D"
1,1365503599415,"madx`","_kud: rake dist"
1,1365503600112,"madx`",":D"
32,1365504164934,"showtim34","showtim34 leave the IRC (Remote host closed the connection)."
32,1365504165224,"showtim34","showtim34 leave the IRC (Remote host closed the connection)."
32,1365506069737,"Ang3","Ang3 leave the IRC (Ping timeout: 246 seconds)."
32,1365506069942,"Ang3","Ang3 leave the IRC (Ping timeout: 246 seconds)."
2,1365507655212,"lionelB","lionelB join the chan."
2,1365507655278,"lionelB","lionelB join the chan."
1,1365508128294,"_kud","Je me demande quelle sera la premiere boite à venir vers nous"
1,1365508134271,"_kud","pour proposer un sponsonariat"
1,1365508128593,"_kud","Je me demande quelle sera la premiere boite à venir vers nous"
1,1365508134445,"_kud","pour proposer un sponsonariat"
1,1365508413225,"nfroidure","pour la première ce sera sûrement à nous de démarcher"
1,1365508416606,"_kud","oui"
1,1365508417358,"_kud",":)"
1,1365508413201,"nfroidure","pour la première ce sera sûrement à nous de démarcher"
1,1365508416858,"_kud","oui"
1,1365508417531,"_kud",":)"
2,1365508526179,"Ang3","Ang3 join the chan."
2,1365508526332,"Ang3","Ang3 join the chan."
32,1365508562088,"Ang3","Ang3 leave the IRC (Client Quit)."
32,1365508562189,"Ang3","Ang3 leave the IRC (Client Quit)."
2,1365508676526,"Ang3","Ang3 join the chan."
2,1365508676773,"Ang3","Ang3 join the chan."
32,1365508962379,"Nyalab","Nyalab leave the IRC (Remote host closed the connection)."
32,1365508962516,"Nyalab","Nyalab leave the IRC (Remote host closed the connection)."
2,1365509010474,"Ang3_","Ang3_ join the chan."
2,1365509010722,"Ang3_","Ang3_ join the chan."
2,1365509142129,"rhannequin","rhannequin join the chan."
2,1365509142354,"rhannequin","rhannequin join the chan."
2,1365509333342,"Nyalab","Nyalab join the chan."
2,1365509333515,"Nyalab","Nyalab join the chan."
32,1365509962463,"Ang3_","Ang3_ leave the IRC (Ping timeout: 256 seconds)."
32,1365509962618,"Ang3_","Ang3_ leave the IRC (Ping timeout: 256 seconds)."
2,1365511760269,"showtim34","showtim34 join the chan."
2,1365511760401,"showtim34","showtim34 join the chan."
32,1365515171998,"rhannequin","rhannequin leave the IRC (Ping timeout: 245 seconds)."
32,1365515172183,"rhannequin","rhannequin leave the IRC (Ping timeout: 245 seconds)."
2,1365515222940,"Ang3_","Ang3_ join the chan."
2,1365515223205,"Ang3_","Ang3_ join the chan."
32,1365517662935,"lionelB","lionelB leave the IRC (Quit: Bye Bye)."
32,1365517663001,"lionelB","lionelB leave the IRC (Quit: Bye Bye)."
2,1365517688014,"rhannequin","rhannequin join the chan."
2,1365517688144,"rhannequin","rhannequin join the chan."
1,1365518948254,"Ang3","endou: tu parlais d'un client mail en CLI au dernier LilleJS,tu peux me rappeler son nom plz ?"
1,1365518948529,"Ang3","endou: tu parlais d'un client mail en CLI au dernier LilleJS,tu peux me rappeler son nom plz ?"
32,1365519272042,"rhannequin","rhannequin leave the IRC (Ping timeout: 245 seconds)."
32,1365519272091,"rhannequin","rhannequin leave the IRC (Ping timeout: 245 seconds)."
1,1365519396215,"endou","Ang3: sup-mail http://sup.rubyforge.org/  :)"
1,1365519396491,"endou","Ang3: sup-mail http://sup.rubyforge.org/  :)"
1,1365519511045,"endou","Ang3: mais tu cherches peut etre mutt"
1,1365519515307,"nfroidure","Si tu veux vraiment te prendre la tête tu peux aussi utiliser netcat"
1,1365519510569,"endou","Ang3: mais tu cherches peut etre mutt"
1,1365519515432,"nfroidure","Si tu veux vraiment te prendre la tête tu peux aussi utiliser netcat"
1,1365519532555,"nfroidure","EHLO !"
1,1365519532727,"nfroidure","EHLO !"
1,1365519681192,"Ang3","endou: non je connais mutt, je regarde les alternatives justement :)"
1,1365519681445,"Ang3","endou: non je connais mutt, je regarde les alternatives justement :)"
1,1365519734949,"Ang3","mais je crois que je vais avoir du mal à lacher thunderbird"
1,1365519735111,"Ang3","mais je crois que je vais avoir du mal à lacher thunderbird"
1,1365519835491,"nfroidure","Au fait, vous avez vu passer ça : http://thejh.net/misc/website-terminal-copy-paste"
1,1365519835537,"nfroidure","Au fait, vous avez vu passer ça : http://thejh.net/misc/website-terminal-copy-paste"
1,1365520105490,"Ang3","tu utilisais mutt avant endou ?"
1,1365520105728,"Ang3","tu utilisais mutt avant endou ?"
1,1365520132198,"Ang3","Comment tu gères tes calendriers partagés d'ailleurs ?"
1,1365520132410,"Ang3","Comment tu gères tes calendriers partagés d'ailleurs ?"
1,1365520147800,"Ang3","ça fait partie des trucs important de mon thunderbird actuel :)"
1,1365520148004,"Ang3","ça fait partie des trucs important de mon thunderbird actuel :)"
32,1365520949699,"Ang3","Ang3 leave the IRC (Quit: leaving)."
32,1365520950014,"Ang3","Ang3 leave the IRC (Quit: leaving)."
2,1365520969972,"Ang3","Ang3 join the chan."
2,1365520970188,"Ang3","Ang3 join the chan."
2,1365522571415,"Amatewasu","Amatewasu join the chan."
2,1365522571508,"Amatewasu","Amatewasu join the chan."
32,1365523190616,"HammHetfield","HammHetfield leave the IRC (Quit: HammHetfield)."
32,1365523190905,"HammHetfield","HammHetfield leave the IRC (Quit: HammHetfield)."
32,1365524999507,"felixgilles","felixgilles leave the IRC (Quit: Konversation terminated!)."
32,1365524999717,"felixgilles","felixgilles leave the IRC (Quit: Konversation terminated!)."
32,1365525410536,"Nyalab","Nyalab leave the IRC (Remote host closed the connection)."
32,1365525410633,"Nyalab","Nyalab leave the IRC (Remote host closed the connection)."
32,1365525485018,"mab","mab leave the IRC (Quit: Leaving.)."
32,1365525485233,"mab","mab leave the IRC (Quit: Leaving.)."
32,1365526385732,"showtim34","showtim34 leave the IRC (Remote host closed the connection)."
32,1365526385676,"showtim34","showtim34 leave the IRC (Remote host closed the connection)."
32,1365527920541,"revolunet","revolunet leave the IRC (Ping timeout: 245 seconds)."
32,1365527920701,"revolunet","revolunet leave the IRC (Ping timeout: 245 seconds)."
32,1365531246652,"MoOx","MoOx leave the IRC (Ping timeout: 256 seconds)."
32,1365531246894,"MoOx","MoOx leave the IRC (Ping timeout: 256 seconds)."
2,1365535852509,"showtim34","showtim34 join the chan."
2,1365535852808,"showtim34","showtim34 join the chan."
32,1365537780501,"Amatewasu","Amatewasu leave the IRC (Quit: WeeChat 0.4.1-dev)."
32,1365537780688,"Amatewasu","Amatewasu leave the IRC (Quit: WeeChat 0.4.1-dev)."
32,1365539185380,"Ang3_","Ang3_ leave the IRC (Quit: Lost terminal)."
32,1365539185700,"Ang3_","Ang3_ leave the IRC (Quit: Lost terminal)."
32,1365540482754,"showtim34","showtim34 leave the IRC (Quit: Quitte)."
32,1365540483068,"showtim34","showtim34 leave the IRC (Quit: Quitte)."
2,1365541979027,"revolunet","revolunet join the chan."
2,1365541979314,"revolunet","revolunet join the chan."
