32,1363561653430,"stefounet","stefounet leave the IRC (Quit: Leaving.)."
32,1363566996336,"eaSy60","eaSy60 leave the IRC (Quit: Leaving...)."
32,1363567201556,"Atu","Atu leave the IRC (Quit: [\"Textual IRC Client: www.textualapp.com\"])."
2,1363585235237,"MoOx","MoOx join the chan."
32,1363586432387,"arcanis","arcanis leave the IRC (Ping timeout: 258 seconds)."
2,1363588604184,"sblanc","sblanc join the chan."
2,1363590941921,"goldoraf","goldoraf join the chan."
2,1363591228501,"felixgilles","felixgilles join the chan."
4,1363594803486,"sblanc","sblanc leave the chan."
2,1363594854405,"showtim34","showtim34 join the chan."
2,1363595861967,"Nyalab","Nyalab join the chan."
1,1363596197901,"nfroidure","Désolé pour nos amis allemands, mais en ce moment, c'est la french touch chez FranceJS ;)"
2,1363596457662,"_kud","_kud join the chan."
2,1363597292199,"kewah","kewah join the chan."
2,1363597656402,"vvo","vvo join the chan."
2,1363598663760,"stefounet","stefounet join the chan."
1,1363598990283,"madx`","bon j'ai pas suivi mais c'est quoi la date pour le logo ?"
1,1363598996711,"madx`","flemme d'aller sur G+ :D"
1,1363599018804,"_kud","euh"
1,1363599021159,"_kud","25 mars"
1,1363599023736,"_kud","la semaine prochaine"
1,1363599026824,"_kud","lundi quoi"
1,1363599057202,"madx`","woké"
2,1363600202092,"_mlb","_mlb join the chan."
1,1363600763874,"nfroidure","WTF : http://t.co/uCjEaq0PIh"
2,1363600819785,"pbarbosa","pbarbosa join the chan."
32,1363600891766,"pbarbosa","pbarbosa leave the IRC (Remote host closed the connection)."
1,1363600918504,"_mlb","putain l'enfoiré qui crée une globale o"
1,1363600920783,"_mlb","salaud"
1,1363601109013,"_kud","Ouuuuh"
1,1363601114690,"_kud","concurrence là !  https://lh4.googleusercontent.com/-2ak9Nrvtxio/UUbkwjcbW7I/AAAAAAAACu0/KbV6uWRRe9E/w497-h373/logo-js-blason-pixel.jpg poke _mlb"
1,1363601186207,"_kud","Ca va être chaud chaud de départager je sens."
32,1363601197780,"_mlb","_mlb leave the IRC (Ping timeout: 258 seconds)."
2,1363601328732,"eaSy60","eaSy60 join the chan."
32,1363601342657,"eaSy60","eaSy60 leave the IRC (Client Quit)."
1,1363601402300,"madx`","ah il est joli celui là"
1,1363601411521,"madx`","par contre gros pompage quoi :D"
1,1363601448187,"_kud","totalement oui"
1,1363601451270,"_kud","mais il s'en cache pas :p"
1,1363601469211,"madx`","en même temps si le but est d'avoir le meilleur osef"
1,1363601476109,"_kud","c'est ca"
1,1363601550921,"madx`","j'aimerais bien en faire un aussi beau :D"
1,1363601651049,"_kud","http://open.spotify.com/track/1P0uW2gfmwxkYAxrzGMcK4 Truly Random Code - A lot like Birds"
1,1363601653021,"_kud","énorme"
1,1363601657434,"_kud","merde mauvais salon :D"
1,1363601680505,"madx`","ouais mais ouais"
2,1363602131517,"Atu","Atu join the chan."
1,1363604073710,"_kud","Voilà nfroidure"
1,1363604085464,"_kud","j'ai envoyé à human coders un mail pour savoir si on pouvait faire un partenariat :)"
1,1363604099196,"madx`","\o/"
1,1363604111406,"_kud","En somme, francejs.org/jobs serait http://jobs.humancoders.com/javascript"
1,1363604117221,"_kud","mais aux couleurs de France JS"
1,1363604118677,"_kud",":)"
1,1363604171902,"madx`","amha c'est win-win pour eux"
1,1363604175745,"madx`","enfin pour tout le monde"
1,1363604177594,"_kud","oui"
1,1363604182730,"_kud","exact"
1,1363604206008,"madx`","bon, can't wait le nouveau job ! :)"
1,1363604213255,"_kud","Ah ouais ? c'est good ?"
1,1363604213465,"madx`","même si je l'ai pas encore :D"
1,1363604216939,"_kud","lol"
1,1363604236688,"madx`","j'ai deux pistes bien intéressantes"
1,1363604254245,"madx`","dont une ou c'est un gros tremplin pour moi"
1,1363604258100,"madx`","donc fingers crossed"
1,1363604375823,"_kud","nfroidure: on a tjs pas votre @nordjs ou @lillejs en compte twitter"
1,1363604377928,"_kud","bande de losers"
1,1363604525382,"_kud","bon human coder est motivé, il veut qu'on s'appelle :)"
1,1363604671173,"madx`","yes!"
1,1363604681205,"madx`","sinon, vous avez remplacé Greader avec quoi ?"
1,1363604713865,"_kud","Vous avez quelque chose a me dire pour le partenariat ?"
1,1363604718639,"_kud","je l'ai au tel a 12h30"
1,1363604727103,"_kud","poke nfroidure NiKo` Shahor"
1,1363604757340,"madx`","_kud: gratos, faut que ça mette leur marque en avant apr contre"
1,1363604762527,"_kud","oui"
1,1363604766125,"madx`","(et pas dans le footer quoi)"
1,1363604778946,"Shahor","j'aimerais en discuter mais j'ai vraiment pas du tout le temps en ce moment donc j'vais pas trop m'impliquer dans ce projet _kud désolé :("
1,1363604798058,"Shahor","(complètement blindé de travail pas du tout le temps de faire quoique ce soit d'autre pour le moment)"
1,1363604822415,"_kud","pas de souci Shahor"
32,1363606221336,"vvo","vvo leave the IRC (Read error: Operation timed out)."
2,1363606925779,"vvo","vvo join the chan."
32,1363607100461,"kewah","kewah leave the IRC (Quit: kewah)."
1,1363607830175,"nfroidure","_kud, techniquement, ça se fera comment ? On lit leur flux RSS ou on redirige vers leur site ?"
1,1363607836408,"_kud","bien joué"
1,1363607839660,"_kud","j'viens de discuter avec lui"
1,1363607841081,"_kud","deux choses"
1,1363607850668,"_kud","1/ on regarde les flux rss et si ca nous convient, c'est good"
1,1363607858648,"_kud","(sinon voir avec une API)"
1,1363607864899,"_kud","2/ écrire un article pour nous présenter"
1,1363607868545,"_kud","et le publier chez eux :)"
1,1363608337590,"nfroidure","ok, moi ça me va."
1,1363608352438,"_kud","^^"
1,1363608460511,"_kud","c'est pas trop bourrin de taper sur leur flux rss constamment nfroidure ?"
1,1363608497458,"nfroidure","_kud, bah, rien n'empêche de le consulter le matin seulement."
1,1363608501945,"_kud","euh"
1,1363608507280,"_kud","tu les mets ou en cache ?"
1,1363608515449,"_kud","moi j'ai pas d'hébergement :D"
1,1363608541324,"nfroidure","c'est de ta faute, tu veux pas de mon hébergement avec PHP server side :)"
1,1363608555433,"_kud","haha"
1,1363608558030,"_kud","j'ai pas dit ca"
1,1363608559089,"_kud",":D"
1,1363608577083,"nfroidure","en gros, je peux te proposer un truc qui tourne sous ça : rest4.org"
1,1363608639633,"nfroidure","PHP/MySQL par contre, mais tout est dispo via une API REST"
1,1363608664893,"_kud","Ecoute, c'est simple"
1,1363608668327,"_kud","tu fais ce que tu veux côté API"
1,1363608672493,"_kud","tant que tu renvoies du JSON"
1,1363608673276,"_kud",":)"
1,1363608694523,"nfroidure","Je peux envoyer JSon, Varstream ou CSV"
1,1363608699606,"_kud","json"
1,1363608714040,"_kud","J'vais p'tête faire du  backbone sur le site"
1,1363608715032,"_kud","a voir"
1,1363608717576,"_kud","mais pas en single page"
1,1363608720661,"_kud","pour le referencement"
1,1363608726016,"_kud","j'vais voir comment on s'demerde en fait"
1,1363608729835,"_kud","p'tête pas backbone"
1,1363608741465,"_kud","mais tout ce qui est dynamique, en ajax"
2,1363608742093,"kewah","kewah join the chan."
1,1363608746956,"_kud","c'est a réfléchir"
2,1363608759499,"bobylito","bobylito join the chan."
1,1363608766685,"bobylito","Hello there"
1,1363608772335,"_kud","hey"
2,1363608802609,"peutetre","peutetre join the chan."
1,1363608821575,"bobylito","intéressante petite initiative que vous avez là"
1,1363608825797,"_kud","héhé :)"
1,1363608826539,"_kud","merci"
1,1363608832141,"bobylito","ça fait longtemps que vous y travaillez?"
1,1363608839857,"_kud","3 semaines ?"
1,1363608848034,"bobylito","kewl"
1,1363608855222,"nfroidure","_kud, je vais mettre en ligne un vhost pour tester et tu me dira si ça te va."
1,1363608859332,"_kud","Okay"
1,1363608866812,"bobylito","et vous êtes dans quel coin?"
1,1363608885950,"_kud","Partout en france :)"
1,1363608887004,"nfroidure","héhé :) On fait le pont Nord-Sud :D"
1,1363608887906,"_kud","mais moi à paris"
1,1363608890729,"Shahor","On est dans internet"
1,1363608931595,"bobylito","et vous etes combien?"
1,1363608936700,"Shahor","Nous sommes légion"
1,1363608945528,"Shahor","(c'est juste ma pause midi, faut pas faire attention)"
1,1363608949956,"_kud","Y'a pas vraiment de \"nous\" tu sais"
1,1363608962255,"_kud","C'est n'importe quel utilisateur de javascript en france"
1,1363608977041,"bobylito","oui je vois bien"
1,1363608977912,"_kud","mais les principaux \"fondateurs\" sont nfroidure, @naholyr, @t8g, et moi-même"
1,1363608991675,"bobylito","mais vous parlez en votre nom sur le blog que vous avez mis en ligne"
1,1363609000996,"bobylito","je suis curieux"
1,1363609003426,"bobylito",":)"
1,1363609005882,"_kud","y'a juste le manifeste.html oui ;)"
1,1363609016611,"nfroidure","Yep, c'est le temps qu'on organise des élections pour la création de l'asso"
1,1363609018156,"_kud","On est juste les moteurs en fait :)"
1,1363609033358,"nfroidure","Mais on se presse pas, on préfère avancer doucement"
1,1363609044231,"_kud","Canaux de communication -> Logo -> Identité visuelle -> Website"
1,1363609053976,"_kud","ca c'est la roadmap pour le moment"
1,1363609058074,"bobylito","et vous comptez organiser quoi exactement?"
1,1363609062742,"_kud","on a fini le premier point on est sur le deuxieme là"
1,1363609072671,"_kud","On souhaite sponsoriser des meetups"
1,1363609083644,"Shahor","\o/"
1,1363609084908,"_kud","gérer une forme de communication"
1,1363609091825,"_kud","aider des \"ecrivains\""
1,1363609102756,"bobylito","et du coup vous présentez comme une sorte de fédération?"
1,1363609109382,"_kud","organisation oui"
1,1363609112610,"_kud","la nuance, je l'ai pas trop"
1,1363609123867,"_kud","on veut faire ce que fait l'afup entre autres"
1,1363609131653,"peutetre","ça ressemble plus a une fédération"
1,1363609140224,"bobylito","désolé je connais pas le rôle de l'afup"
1,1363609145763,"peutetre","j'ai juste un problème avec le page sur les user groups"
1,1363609165501,"_kud","Hmmm ?"
1,1363609169388,"peutetre","sur parisjs vous avez mis 4 membres..."
1,1363609174861,"_kud","j'y suis pas hein"
1,1363609176794,"_kud","enfin"
1,1363609177797,"peutetre","ça fait un peu short"
1,1363609180843,"_kud","je suis juste la pour le pont"
1,1363609187126,"nfroidure","Surtout envoyez vos besoins/griefs sans détour, on veut faire ça avec la communauté JS"
1,1363609188523,"_kud","peutetre: tu peux faire une PR si tu veux"
1,1363609205351,"peutetre","_kud: j'ai bien capté"
1,1363609209292,"bobylito","vous connaissez comment marche parisJs ?"
1,1363609211411,"bobylito",":)"
1,1363609221909,"_kud","Oui, anarchie, a ce que me disait thomas"
1,1363609227140,"peutetre","le problème c'est que c'est un peu compliqué de faire la liste de tous les membres..."
1,1363609249268,"bobylito","ouais…."
1,1363609250083,"nfroidure","peutetre, là on compte sur la communauté, en intro y'a un message qui donne le choix : créer une issue et on intègre au prochain commit ou faire un PR"
1,1363609260476,"bobylito","en fait non c'est pas exactement ça."
1,1363609284756,"nfroidure","la liste des membres, c'est une façon de :"
1,1363609292641,"bobylito","@_kud : du coup tu connais thomas"
1,1363609300731,"_kud","\"connais\", je l'ai vu 3-4 fois, parlé oui"
1,1363609302030,"peutetre","bobylito et moi-même on a fait le manifesto de parisjs cf https://groups.google.com/forum/?fromgroups#!msg/parisjs/M-awwtGi1IA/Cp6RcsbokPYJ"
1,1363609313439,"nfroidure","- savoir qui est interessé par FranceJS et participe déjà à des groupes"
1,1363609315332,"_kud","En fait, on a mis ceux qui répondaient derrière @parisjs (twitter)"
1,1363609324248,"_kud","+ moi pour faire office de pont entre francejs et parisjs"
1,1363609331009,"nfroidure","- recencer les adhérents potentiels"
1,1363609332719,"_kud","mais j'ai jamais rien fait pour parisjs excepté en tant que spectateur"
1,1363609333938,"bobylito","mouais..."
1,1363609342371,"bobylito","ah cool :)"
1,1363609366869,"_kud","je peux rajouter si tu veux que je ne suis que la pour faire le pont ;)"
1,1363609388501,"bobylito","en fait, le mieux serait de n'avoir personne en fait"
1,1363609389293,"bobylito",":)"
1,1363609398943,"bobylito","c'est plus l'esprit"
1,1363609420081,"_kud","Oui mais a un moment, il faut bien communiquer"
1,1363609422166,"nfroidure","bobylito, je vais lire le manifeste"
1,1363609432319,"bobylito","et comment ça se passe pour les évènements récurrents?"
1,1363609434965,"peutetre","autrement pour être juste il faut reprendre l'ensemble des eventbrites des 2 dernières années et compiler tous les participants"
1,1363609452271,"bobylito","parceque je représente aussi DemoJS ( y'a pas que moi hein :P )"
1,1363609467771,"_kud","bobylito: imagine que je veux contacter quelqu'un qui aide / participe à parisjs"
1,1363609470442,"bobylito","peutetre: arrête avec tes idées :P"
1,1363609471537,"_kud","je le fais comment ?"
1,1363609476327,"bobylito","ml"
1,1363609491666,"_kud","On peut mettre en effet uniquement la mailing list si vous préférez"
1,1363609497826,"_kud","et @parisjs pourrait suffit"
1,1363609498938,"_kud","r-"
1,1363609500677,"_kud","*"
1,1363609504391,"bobylito","oui c'est mieux la ML"
1,1363609510805,"_kud","suffire* même"
1,1363609516415,"bobylito","c'est le canal désigné officiel"
1,1363609552183,"nfroidure","bobylito, je t'encourage à lire ou relire  http://francejs.org/manifeste.html et souligner les points que tu aimes/aimes pas, ça nous aidera vraiment ;)"
1,1363609563458,"bobylito","nfroidure: je vais faire ça"
1,1363609603160,"bobylito","nfroidure: franchement c'est très amicalement que je viens :) c'est juste que ça sort un peu de l'espace pour nous :)"
1,1363609622292,"_kud","de l'espace pour vous, c'est a dire ?"
1,1363609627399,"_kud","francejs ?"
1,1363609682159,"bobylito","je l'ai pas vu venir disons"
1,1363609708407,"nfroidure","Pas vu venir ?"
1,1363609713403,"bobylito","probablement car je n'en ai jamais senti l'interet"
1,1363609738425,"nfroidure","l'intérêt de quoi ?"
1,1363609752602,"bobylito","d'un meta groupe/association/federation"
1,1363609762737,"bobylito","qui représenterait la france du JS"
1,1363609805934,"_kud","Personne ne l'a vu venir pour être franc, nous non plus."
1,1363609808489,"nfroidure","bobylito, ok, je compreds mieux"
4,1363609828003,"bobylito","bobylito leave the chan."
2,1363609838655,"bobylito","bobylito join the chan."
1,1363609843217,"nfroidure","En fait, je t'encourage à regarder ce que fait l'AFUP vu que tu connaissais pas trop pour avoir une oidée de ce qu'on veut"
1,1363609849293,"_kud","On discutait entre potes dev, on s'est dit pourquoi pas, voyons ce que ca donne, et au fil du temps (en même pas 1 mois), on a vu l'avancement"
1,1363609878121,"_kud","Et surtout quand on voit ce que fait l'AFUP pour le php, oui on a envie de faire quelque chose de similaire"
1,1363609927387,"nfroidure","Oui, et pour être légitime dans cette action, il faut qu'elle soit collective entre tous les groupes JS"
1,1363609959105,"_kud","Ouaip"
1,1363609963306,"bobylito","du coup, la question est entiere"
1,1363609973891,"bobylito","qu'est ce que vous donnez aux groupes"
1,1363609974389,"nfroidure","En gros, on lance l'idée, on se propose de la mettre en place. Si la communauté suit, nice, sinon, FranceJS restera une idée."
1,1363609974877,"_kud","On ne veut pas englober / manger les autres meetups"
1,1363609989225,"_kud","A parisjs on va avoir du mal à donner quelques choses bobylito, ca tourne bien, toussa"
1,1363609994231,"_kud","voire même on aurait besoin de leur aider"
1,1363610005666,"_kud","En revanche, les autres meetups sont carrément preneurs"
1,1363610013409,"_kud","caenjs n'existait pas avant francejs"
1,1363610016676,"_kud","rennesjs non plus"
1,1363610029014,"bobylito","ah ouais, donc ce serait pour avoir une coordination nationale"
1,1363610035384,"_kud","marseillejs non plus, et certains autres meetups avaient du mal à se motiver / trouver des gens"
1,1363610054015,"_kud","coordonner, j'irais pas jusque la, mais soutenir vraiment les initiatives"
1,1363610065214,"_kud","que ce soit dans la création d'un livre, d'un meetup, d'un projet"
1,1363610066420,"bobylito","un truc qui permettrait d'avoir des echanges, peut être permettre à des speakers qui font des bons talk de voyager vers des groupes"
1,1363610069922,"bobylito","moins important"
1,1363610072845,"_kud","exactement"
1,1363610081086,"_kud","faire deplacer des speakers parisiens à caenjs :)"
1,1363610086599,"bobylito","pas con"
1,1363610090609,"_kud","un billet de train, toussa, et hop"
1,1363610092779,"nfroidure","bobylito, puisque tu as l'air proche de ParisJS, ça serait cool de ta part de recueillir les avis de la communauté et d'updater la position officielle de ParisJS sur la page groupe.html"
1,1363610133164,"bobylito","mais tu vois ce que je veux dire c'est que l'on a besoin de ce genre de vision pour créer le projet"
1,1363610143243,"_kud","c'est à dire ?"
1,1363610147492,"nfroidure","Tu peux m'envoyer ton nom IRL et ton twitter pour qu'on t'ajoute dans le membres ? Ca nous aidera à revenir vers toi après."
1,1363610149147,"_kud","Quel projet ?"
1,1363610159100,"peutetre","https://github.com/parisjs/parisjs-website/wiki c'est le qui fait quoi dans parisjs"
1,1363610159450,"_kud","Nous on a juste besoin de gens motivés"
1,1363610163209,"_kud","le reste, ca viendra tout seul"
1,1363610170696,"bobylito","nah"
1,1363610172738,"nfroidure","thx"
1,1363610180742,"_kud","Parfait ça !"
1,1363610192214,"_kud","On peut mettre ca dans la section membres"
1,1363610221292,"peutetre","yep"
1,1363610251813,"nfroidure","bobylito, peutetre : vous avez compris le principe, on veut pas faire doublon, ajouter du plus uniquement. C'est donc important que vous nous disiez sur quel \"territoire\" vous avez pas besoin de nous."
1,1363610254760,"bobylito","on aimerait pousser l'idée que Paris JS c'est l'ensemble des gens qui participe"
1,1363610263630,"_kud","On le comprend"
1,1363610267509,"_kud","France JS aussi bobylito"
1,1363610278798,"nfroidure","J'allais le dire, on partage la même vision :)"
1,1363610284319,"peutetre","nice ;-)"
1,1363610288647,"bobylito","ej crois aussi"
1,1363610294617,"_kud","France JS est parisjs, nantesjs, toussa"
1,1363610296716,"_kud","et pas l'inverse"
1,1363610306446,"_kud","Finalement on est pas grand chose ;)"
1,1363610314570,"bobylito","certes"
1,1363610332894,"_kud","on est juste la pour accompagner, même si oui le principal qui est parisjs se débrouille sans aucun souci (étant venu souvent)"
1,1363610379572,"bobylito","je pense que le meta rôle que vous pouvez avoir pourrait être génial"
1,1363610386091,"bobylito","faut juste être plus concret"
1,1363610390136,"bobylito","donner des exemples"
1,1363610392885,"_kud","Chaque chose en son temps ;)"
1,1363610396796,"nfroidure","Et surtout se placer sur des segments qui manquent de visibilité : Js en treprise, JS dans l'éducation, mutualisation de moyens, logisitique etc..."
1,1363610398272,"_kud","ca n'a même pas 1 mois"
1,1363610405770,"_kud","oui nfroidure"
1,1363610415705,"_kud","Pour avoir du concret"
1,1363610417972,"_kud","faut des adhérants"
1,1363610419619,"_kud","et de l'argent"
1,1363610422627,"bobylito","non non"
1,1363610428373,"bobylito","on a pas besoin d'argent"
1,1363610431396,"_kud","Ah ?"
1,1363610432139,"bobylito","ni de membres"
1,1363610439397,"bobylito","on a 0 thunes a parijs"
1,1363610440075,"_kud","financer le déplacement d'un speaker de paris vers caen ?"
1,1363610451998,"_kud","a moins que le speaker paye sa place"
1,1363610454397,"bobylito","tu peux le faire payer par une boite"
1,1363610455412,"_kud","et dans ce cas , c'est nickel :)"
1,1363610457657,"_kud","Oui"
1,1363610459794,"_kud","je suis d'accord"
1,1363610465885,"_kud","mais adhérant, ca comprend boite à mon sens"
1,1363610466097,"peutetre","Faire un reporting sur l'activité de ug sur toute le france ça peut-être intéressant pour tout le monde"
4,1363610467209,"stefounet","stefounet leave the chan."
1,1363610471690,"bobylito","y a toujours moyen de trouver une solution"
1,1363610491457,"_kud","peutetre:  c'est ce que je / nous voulons faire"
1,1363610495936,"_kud","un gmaps en \"temps réel\""
1,1363610497473,"_kud","des confs"
1,1363610500550,"_kud","avec agenda, toussa"
1,1363610505676,"peutetre","ça c'est cool"
1,1363610518915,"bobylito","dans notre rôle, on veut faire exploser des speakers locaux"
1,1363610526901,"_kud","Mais je le répète, chaque chose en son temps ;) et on est peu à s'motiver pour le moment"
1,1363610539194,"nfroidure","bobylito, le pb c'est que ça va à l'encontre même du manifeste de ParisJS :   - La communauté est indépendante de toutes entreprises."
1,1363610552199,"bobylito","non non"
1,1363610566211,"nfroidure","Une entreprise fiancera le speaker qu'elle voudra bien financer."
1,1363610584591,"nfroidure","C'est bien comme modèle, mais c'est bien aussi qu'un autre, plus démocratique coéxiste."
1,1363610586401,"bobylito","l'indépendance est dans la direction de la communauté pas dans les moyens financier"
1,1363610596505,"_kud","j'avoue"
1,1363610618719,"bobylito","on est dans un modèle ou on propose notre contenu a des entreprise"
1,1363610625129,"bobylito","et elles acceptent ou non"
1,1363610641681,"_kud","bobylito: tiens tu voulais du concret"
1,1363610644849,"_kud","j'ai appelé Human Coders"
1,1363610645177,"bobylito","mais le principe de base c'est qu'elles nous laissent carte blanche"
1,1363610657267,"_kud","pour savoir si on peut utiliser leur API pour faire une page jobs sur notre site web"
1,1363610669470,"_kud","ca affichera comme ca les postes javascript en france :)"
1,1363610679757,"bobylito","c'est cool ça"
1,1363610701662,"bobylito",":)"
1,1363610710565,"nfroidure","bobylito, c'est un modèle valable pour ParisJS qui est plus implanté, mais par exemple, pour LilleJS, on a pas d'entreprise dans le coup, pour le moment."
1,1363610723734,"bobylito","mais comment on a commencé?"
1,1363610732812,"bobylito","yavais 4 mec dans un cuisine"
1,1363610739627,"peutetre","de af83"
1,1363610774267,"bobylito","tu peux démarrer dans un bar"
1,1363610794161,"bobylito","moi j'ai fait des évents comme ça dans des pommes de pain"
1,1363610843999,"bobylito","je dis pas qu'on a pas eu de la chance"
1,1363610864921,"bobylito","mais des fois il suffit de demander une salle a une boite ou un ecole"
1,1363610870361,"bobylito","et hop c'est parti"
1,1363611098437,"nfroidure","bobylito, bon, je dois y aller, mais concrètement, on aimerait l'avis officiel de la communauté ParisJS sur ça : http://francejs.org/manifeste.html"
1,1363611111843,"bobylito","super ça roule"
1,1363611112748,"bobylito","++"
1,1363611119340,"nfroidure","Et plus particuelièrement :"
1,1363611119995,"nfroidure","Une fois cet objectif atteint, nous envisageons la création d'une association à but non-lucratif qui servira de cadre légal à l'organisation FranceJS. Cette association aura probablement les buts suivants :"
1,1363611120210,"nfroidure","être une structure légale permettant de mettre du matériel, des frais (domaines, hébergement), etc., en commun, de recevoir des donations, des cotisations ;"
1,1363611120211,"nfroidure","faciliter le contact auprès de sponsors/partenaires potentiels ;"
1,1363611120211,"nfroidure","créer plus d'interaction/émulation entre les groupes locaux ;"
1,1363611121533,"nfroidure","développer les outils de promotion/communication des groupes locaux."
1,1363611153733,"nfroidure","On a la même démarche avec tous les autres groupes, on a déjà eu pas mal de signaux positifs, mais on aimerait vraiment pouvoir compter sur ParisJS"
1,1363611190820,"nfroidure","@+ je reviens vers 17h si vous avez des questions/demandes"
2,1363611195902,"eaSy60","eaSy60 join the chan."
32,1363612205780,"MoOx","MoOx leave the IRC (Remote host closed the connection)."
32,1363612560342,"vvo","vvo leave the IRC (Disconnected by services)."
2,1363612560587,"vvo1","vvo1 join the chan."
2,1363612605317,"arcanis","arcanis join the chan."
2,1363612804050,"MoOx","MoOx join the chan."
2,1363613414920,"LionelB","LionelB join the chan."
32,1363613898390,"showtim34","showtim34 leave the IRC (Ping timeout: 264 seconds)."
32,1363614092139,"peutetre","peutetre leave the IRC (Quit: peutetre)."
2,1363614335369,"peutetre","peutetre join the chan."
2,1363614410799,"Lionel_B","Lionel_B join the chan."
32,1363614541770,"LionelB","LionelB leave the IRC (Ping timeout: 245 seconds)."
2,1363614683417,"LionelB","LionelB join the chan."
32,1363614798783,"Lionel_B","Lionel_B leave the IRC (Ping timeout: 248 seconds)."
2,1363618581237,"showtim34","showtim34 join the chan."
32,1363618762560,"eaSy60","eaSy60 leave the IRC (Quit: Bye!)."
32,1363620293235,"vvo1","vvo1 leave the IRC (Read error: Operation timed out)."
2,1363622055272,"vvo","vvo join the chan."
32,1363622211567,"peutetre","peutetre leave the IRC (Quit: peutetre)."
2,1363623497053,"peutetre","peutetre join the chan."
2,1363624902158,"stefounet","stefounet join the chan."
32,1363624956989,"kewah","kewah leave the IRC (Quit: kewah)."
32,1363625538269,"Shahor","Shahor leave the IRC (Remote host closed the connection)."
32,1363625661797,"stefounet","stefounet leave the IRC (Quit: Leaving.)."
2,1363625711438,"stefounet","stefounet join the chan."
32,1363625933960,"bobylito","bobylito leave the IRC (Quit: bobylito)."
32,1363626005798,"peutetre","peutetre leave the IRC (Quit: peutetre)."
32,1363626063470,"vvo","vvo leave the IRC (Ping timeout: 256 seconds)."
2,1363626727341,"vvo","vvo join the chan."
2,1363626763368,"Shahor","Shahor join the chan."
32,1363627407811,"_kud","_kud leave the IRC (Remote host closed the connection)."
2,1363627463740,"_kud","_kud join the chan."
32,1363627643300,"vvo","vvo leave the IRC (Ping timeout: 252 seconds)."
32,1363627749737,"_kud","_kud leave the IRC (Ping timeout: 260 seconds)."
32,1363628065452,"felixgilles","felixgilles leave the IRC (Quit: Konversation terminated!)."
32,1363628275908,"showtim34","showtim34 leave the IRC (Remote host closed the connection)."
32,1363628370573,"LionelB","LionelB leave the IRC (Ping timeout: 264 seconds)."
2,1363629011613,"Amatewasu","Amatewasu join the chan."
2,1363630662331,"LionelB","LionelB join the chan."
32,1363631070598,"stefounet","stefounet leave the IRC (Read error: Connection reset by peer)."
2,1363631080886,"stefounet","stefounet join the chan."
2,1363637346067,"_kud","_kud join the chan."
32,1363637591422,"MoOx","MoOx leave the IRC (Remote host closed the connection)."
32,1363641542535,"Amatewasu","Amatewasu leave the IRC (Remote host closed the connection)."
2,1363645847340,"peutetre","peutetre join the chan."
32,1363646114238,"_kud","_kud leave the IRC (Quit: Leaving)."
32,1363647513151,"peutetre","peutetre leave the IRC (Quit: peutetre)."
