18,1377679832719,"Marionnette","Marionnette join the chan."
8,1377679832778,"_kud","_kud change topic to \"Communauté française des utilisateurs de JavaScript | Site : http://francejs.org\""
2,1377680335385,"fbentz","fbentz join the chan."
2,1377681349962,"oncletom","oncletom join the chan."
32,1377681591988,"oncletom","oncletom leave the IRC (Client Quit)."
32,1377681639565,"fbentz","fbentz leave the IRC (Quit: fbentz)."
2,1377681678732,"Shahor_","Shahor_ join the chan."
32,1377681695069,"Shahor","Shahor leave the IRC (Ping timeout: 246 seconds)."
2,1377681919061,"oncletom","oncletom join the chan."
2,1377682540752,"bricef","bricef join the chan."
32,1377683267267,"Tobu","Tobu leave the IRC (Ping timeout: 243 seconds)."
32,1377685177892,"rhannequin","rhannequin leave the IRC (Ping timeout: 245 seconds)."
32,1377687039952,"Shahor_","Shahor_ leave the IRC (Remote host closed the connection)."
2,1377687745483,"rhannequin","rhannequin join the chan."
2,1377689218310,"Shahor","Shahor join the chan."
2,1377693014431,"Tobu","Tobu join the chan."
2,1377693133805,"pfilipovicz","pfilipovicz join the chan."
4,1377693145025,"pfilipovicz","pfilipovicz leave the chan."
2,1377698396390,"rhannequin_","rhannequin_ join the chan."
32,1377698451916,"rhannequin","rhannequin leave the IRC (Ping timeout: 245 seconds)."
32,1377703746322,"Shahor","Shahor leave the IRC (Read error: Connection reset by peer)."
32,1377704001016,"kewah_","kewah_ leave the IRC (Quit: kewah_)."
2,1377704364865,"Shahor","Shahor join the chan."
2,1377704795017,"_mlb","_mlb join the chan."
1,1377704815669,"_mlb","nfroidure_ t'es là ?"
32,1377704838701,"revolunet","revolunet leave the IRC (Quit: revolunet)."
32,1377705156636,"rhannequin_","rhannequin_ leave the IRC (Ping timeout: 264 seconds)."
32,1377705776052,"felixgilles","felixgilles leave the IRC (Quit: Konversation terminated!)."
32,1377706614198,"HammHetfield","HammHetfield leave the IRC (Quit: HammHetfield)."
32,1377706703644,"_mlb","_mlb leave the IRC (Ping timeout: 245 seconds)."
32,1377706917484,"oncletom","oncletom leave the IRC (Quit: Leaving.)."
2,1377708340468,"fbentz","fbentz join the chan."
2,1377708724951,"pfilipovicz","pfilipovicz join the chan."
4,1377708758398,"pfilipovicz","pfilipovicz leave the chan."
1,1377708838700,"nfroidure_","Bon, qui est-ce qui fait ça en JS pur avec Canvas ? http://www.mathe-fa.de/fr"
256,1377708845138,"nfroidure_","nfroidure_ changed his nick for nfroidure."
1,1377708991063,"mab","nfroidure: genre http://www.onlinefunctiongrapher.com/ ?"
1,1377709019478,"nfroidure","mab : goood :)"
1,1377709066455,"mab","(J'avais trouvé ça parce que je voulais faire un easing custom..)"
1,1377709131656,"mab","(J'avais le graph en tête, mais fallait que je trouve l'équation...)"
1,1377709288574,"nfroidure","C'est en rel avec le ping de MLB, il cherche une equation particulière et ça aide de visualiser la courbe ;)"
32,1377710322011,"_kud","_kud leave the IRC (Remote host closed the connection)."
32,1377711061047,"Shahor","Shahor leave the IRC (Remote host closed the connection)."
2,1377711073774,"pfilipovicz","pfilipovicz join the chan."
32,1377711135930,"pfilipovicz","pfilipovicz leave the IRC (Client Quit)."
2,1377715132664,"_mlb","_mlb join the chan."
32,1377715448524,"_mlb","_mlb leave the IRC (undefined)."
2,1377715545246,"_mlb","_mlb join the chan."
32,1377719430604,"MoOx","MoOx leave the IRC (Remote host closed the connection)."
32,1377720458347,"_mlb","_mlb leave the IRC (Remote host closed the connection)."
32,1377720576862,"neolao","neolao leave the IRC (Quit: WeeChat 0.3.0)."
2,1377720595246,"neolao","neolao join the chan."
2,1377721288780,"Amatewasu","Amatewasu join the chan."
2,1377722365860,"revolunet","revolunet join the chan."
2,1377723437855,"MoOx","MoOx join the chan."
32,1377723722912,"MoOx","MoOx leave the IRC (Ping timeout: 256 seconds)."
32,1377727063192,"Amatewasu","Amatewasu leave the IRC (Remote host closed the connection)."
