2,1375483214025,"Munto","Munto join the chan."
32,1375493158631,"_kud","_kud leave the IRC (Quit: Leaving)."
2,1375506728440,"MoOx","MoOx join the chan."
32,1375510357935,"Munto","Munto leave the IRC (Quit: Let's make things Frugal!)."
32,1375511915155,"MoOx","MoOx leave the IRC (Remote host closed the connection)."
32,1375527309505,"mab","mab leave the IRC (Quit: Leaving.)."
2,1375530843187,"endou","endou join the chan."
2,1375531231502,"_mlb","_mlb join the chan."
32,1375531910141,"endou","endou leave the IRC (Read error: Connection reset by peer)."
2,1375535353306,"_kud","_kud join the chan."
2,1375535867477,"_mlb_","_mlb_ join the chan."
32,1375536003197,"_mlb","_mlb leave the IRC (Ping timeout: 256 seconds)."
2,1375538365469,"fbentz","fbentz join the chan."
2,1375538431157,"euskadi31_","euskadi31_ join the chan."
32,1375538452280,"euskadi31","euskadi31 leave the IRC (Read error: Operation timed out)."
32,1375541767626,"fbentz","fbentz leave the IRC (Quit: fbentz)."
2,1375548486895,"fbentz","fbentz join the chan."
32,1375549348845,"euskadi31_","euskadi31_ leave the IRC (Ping timeout: 245 seconds)."
32,1375549629026,"fbentz","fbentz leave the IRC (Quit: fbentz)."
2,1375550437225,"euskadi31_","euskadi31_ join the chan."
2,1375557144107,"Amatewasu","Amatewasu join the chan."
32,1375558607196,"Amatewasu","Amatewasu leave the IRC (Ping timeout: 245 seconds)."
32,1375559764938,"_kud","_kud leave the IRC (Quit: Leaving)."
2,1375563279316,"revolunet","revolunet join the chan."
