32,1380497549777,"august1","august1 leave the IRC (Quit: august1)."
32,1380498769247,"revolunet","revolunet leave the IRC (Quit: revolunet)."
32,1380503194623,"_mlb","_mlb leave the IRC (Remote host closed the connection)."
2,1380503232751,"_mlb","_mlb join the chan."
32,1380503232767,"_mlb","_mlb leave the IRC (Remote host closed the connection)."
2,1380503244166,"_mlb","_mlb join the chan."
32,1380503247670,"_mlb","_mlb leave the IRC (Remote host closed the connection)."
4,1380510205305,"oz","oz leave the chan."
2,1380516280203,"MoOx","MoOx join the chan."
2,1380523429427,"mab1","mab1 join the chan."
32,1380523755963,"Nyalab_","Nyalab_ leave the IRC (Remote host closed the connection)."
2,1380523983378,"HammHetfield","HammHetfield join the chan."
32,1380524269539,"mab1","mab1 leave the IRC (Quit: Leaving.)."
2,1380524869860,"Grirrle","Grirrle join the chan."
2,1380525467029,"revolunet","revolunet join the chan."
2,1380526307639,"brice","brice join the chan."
2,1380526374324,"cbonnissent","cbonnissent join the chan."
2,1380526419051,"fbentz","fbentz join the chan."
2,1380527091146,"rhannequin","rhannequin join the chan."
2,1380527501480,"_kud","_kud join the chan."
2,1380527751978,"Shahor","Shahor join the chan."
2,1380528251089,"Nyalab","Nyalab join the chan."
2,1380528824626,"OwlyCode","OwlyCode join the chan."
32,1380528952384,"Shahor","Shahor leave the IRC (Remote host closed the connection)."
2,1380529421099,"Shahor","Shahor join the chan."
1,1380529863273,"brice","salut"
2,1380529914601,"kewah","kewah join the chan."
2,1380530089353,"_mlb","_mlb join the chan."
1,1380530551112,"angezanetti","o/"
2,1380530752147,"mab1","mab1 join the chan."
2,1380531510860,"oncletom","oncletom join the chan."
32,1380531604302,"_kud","_kud leave the IRC (*.net *.split)."
32,1380531604347,"cbonnissent","cbonnissent leave the IRC (*.net *.split)."
2,1380531613769,"cbonnissent","cbonnissent join the chan."
2,1380531630225,"_kud","_kud join the chan."
32,1380532166956,"_mlb","_mlb leave the IRC (Remote host closed the connection)."
2,1380532197859,"oncletom1","oncletom1 join the chan."
2,1380532232614,"_mlb","_mlb join the chan."
32,1380532245626,"Nyalab","Nyalab leave the IRC (Read error: Operation timed out)."
32,1380532428868,"oncletom","oncletom leave the IRC (Ping timeout: 260 seconds)."
2,1380532447688,"Nyalab","Nyalab join the chan."
2,1380532508927,"oncletom","oncletom join the chan."
32,1380532680930,"oncletom1","oncletom1 leave the IRC (Ping timeout: 260 seconds)."
2,1380534058794,"_6EQUJ5","_6EQUJ5 join the chan."
32,1380534881751,"_mlb","_mlb leave the IRC (Read error: Connection reset by peer)."
256,1380534991847,"_6EQUJ5","_6EQUJ5 changed his nick for Cro-Magnon."
256,1380535090158,"Cro-Magnon","Cro-Magnon changed his nick for Neanderthal."
2,1380535493284,"_mlb","_mlb join the chan."
32,1380536451622,"_mlb","_mlb leave the IRC (Remote host closed the connection)."
32,1380536850765,"fbentz","fbentz leave the IRC (Quit: fbentz)."
2,1380538312132,"_mlb","_mlb join the chan."
32,1380538807141,"_mlb","_mlb leave the IRC (Ping timeout: 246 seconds)."
32,1380538870306,"Shahor","Shahor leave the IRC (Remote host closed the connection)."
32,1380538957557,"rhannequin","rhannequin leave the IRC (Ping timeout: 256 seconds)."
2,1380539504032,"Shahor","Shahor join the chan."
2,1380539736027,"Shahor_","Shahor_ join the chan."
32,1380539828038,"Shahor","Shahor leave the IRC (Ping timeout: 264 seconds)."
2,1380540505625,"_mlb","_mlb join the chan."
2,1380544043111,"revolunet_","revolunet_ join the chan."
32,1380544125677,"revolunet","revolunet leave the IRC (Ping timeout: 256 seconds)."
256,1380544125786,"revolunet_","revolunet_ changed his nick for revolunet."
2,1380544412206,"rhannequin","rhannequin join the chan."
2,1380546464307,"fbentz","fbentz join the chan."
32,1380546991229,"HammHetfield","HammHetfield leave the IRC (Ping timeout: 248 seconds)."
32,1380547104378,"Nyalab","Nyalab leave the IRC (Remote host closed the connection)."
2,1380547386056,"HammHetfield","HammHetfield join the chan."
32,1380548716261,"fbentz","fbentz leave the IRC (Quit: fbentz)."
2,1380548896361,"fbentz","fbentz join the chan."
2,1380549492009,"Nyalab","Nyalab join the chan."
32,1380549691993,"Neanderthal","Neanderthal leave the IRC (Killed (idoru (Spam is off topic on freenode.)))."
32,1380550301685,"fbentz","fbentz leave the IRC (Quit: fbentz)."
32,1380551720821,"Nyalab","Nyalab leave the IRC (Remote host closed the connection)."
32,1380551905668,"OwlyCode","OwlyCode leave the IRC (Quit: Quitte)."
1,1380552283137,"nfroidure","Hello"
1,1380552287581,"_kud","HE"
1,1380552288638,"_kud","LL"
1,1380552289135,"_kud","O"
1,1380552307970,"nfroidure","Où est-ce que je peux trouver des fichiers TXT UTF-8 de plein de langues différentes ?"
1,1380552337034,"nfroidure","L'idée c'est de les décoder et réencoder dans mes tests unitaires pour voir si y'a pas de perte"
32,1380554120581,"brice","brice leave the IRC (Ping timeout: 240 seconds)."
32,1380554129978,"Grirrle","Grirrle leave the IRC (Ping timeout: 252 seconds)."
2,1380554851503,"Grirrle","Grirrle join the chan."
2,1380554926984,"brice","brice join the chan."
1,1380554983943,"tfe","http://www.cl.cam.ac.uk/~mgk25/ucs/examples/UTF-8-demo.txt"
1,1380555001272,"tfe","http://www.humancomp.org/unichtm/unichtm.htm"
1,1380555020568,"tfe","bref, http://bit.ly/15EGCyr"
2,1380555177630,"Nyalab","Nyalab join the chan."
1,1380557300645,"nfroidure","tfe, j'aurai dû préciser libres."
1,1380557312617,"nfroidure","y'a pas d'info de licence dans ce que je trouve"
1,1380557620252,"tfe","license de kermit - bsd license"
1,1380557629959,"tfe","de http://www.columbia.edu/~fdc/utf8/"
1,1380557635806,"tfe","mais c'est pas des fichiers a telecharger du coup"
32,1380557832840,"HammHetfield","HammHetfield leave the IRC (Quit: HammHetfield)."
1,1380557945212,"nfroidure","pour la prochaine fois http://bit.ly/19Qt7ZB"
32,1380558056714,"rhannequin","rhannequin leave the IRC (Ping timeout: 240 seconds)."
32,1380558213234,"kewah","kewah leave the IRC (Quit: kewah)."
1,1380558245814,"nfroidure","Je vais essayer de voir si les manpages GNU sont traduites en chinois/russe etc.."
1,1380558340634,"nfroidure","Bingo : http://packages.debian.org/search?keywords=manpages-ru"
32,1380558415634,"Grirrle","Grirrle leave the IRC (Ping timeout: 248 seconds)."
32,1380558431919,"brice","brice leave the IRC (Quit: Quitte)."
2,1380559351437,"Amatewasu","Amatewasu join the chan."
32,1380559565346,"Shahor_","Shahor_ leave the IRC (Remote host closed the connection)."
2,1380560182223,"Shahor","Shahor join the chan."
32,1380560271192,"oncletom","oncletom leave the IRC (Quit: Leaving.)."
32,1380560279793,"Nyalab","Nyalab leave the IRC (Remote host closed the connection)."
32,1380560845311,"Shahor","Shahor leave the IRC (Remote host closed the connection)."
32,1380560884846,"cbonnissent","cbonnissent leave the IRC (Quit: Quitte)."
32,1380561160647,"_mlb","_mlb leave the IRC (Remote host closed the connection)."
32,1380561746072,"nfroidure","nfroidure leave the IRC (Read error: Connection reset by peer)."
32,1380562815372,"revolunet","revolunet leave the IRC (Quit: revolunet)."
2,1380563435379,"august1","august1 join the chan."
2,1380563711889,"_mlb","_mlb join the chan."
32,1380564772951,"august1","august1 leave the IRC (Quit: august1)."
2,1380566351337,"bigx","bigx join the chan."
32,1380566749985,"bigx","bigx leave the IRC (Remote host closed the connection)."
2,1380568396626,"revolunet","revolunet join the chan."
2,1380568603713,"Nyalab-Home","Nyalab-Home join the chan."
32,1380568909821,"Amatewasu","Amatewasu leave the IRC (Quit: WeeChat 0.4.2-rc2)."
32,1380568973255,"revolunet","revolunet leave the IRC (Quit: revolunet)."
2,1380571216365,"bigx","bigx join the chan."
2,1380571228517,"revolunet","revolunet join the chan."
32,1380572184967,"_mlb","_mlb leave the IRC (Read error: Connection reset by peer)."
2,1380572219698,"_mlb","_mlb join the chan."
32,1380573913462,"MoOx","MoOx leave the IRC (Remote host closed the connection)."
2,1380574054653,"rhannequin","rhannequin join the chan."
2,1380574971467,"august1","august1 join the chan."
32,1380575308175,"bigx","bigx leave the IRC (Ping timeout: 245 seconds)."
2,1380575778255,"bigx","bigx join the chan."
32,1380575988836,"rhannequin","rhannequin leave the IRC (Read error: Connection reset by peer)."
2,1380576294412,"stephCoue","stephCoue join the chan."
32,1380576530428,"Nyalab-Home","Nyalab-Home leave the IRC (Quit: Leaving)."
