2,1380924312445,"_mlb_","_mlb_ join the chan."
32,1380924312522,"_mlb","_mlb leave the IRC (Read error: Connection reset by peer)."
2,1380924378576,"_mlb","_mlb join the chan."
32,1380924378732,"_mlb_","_mlb_ leave the IRC (Read error: Connection reset by peer)."
32,1380928560515,"Amatewasu","Amatewasu leave the IRC (Quit: WeeChat 0.4.2-rc2)."
32,1380937814195,"_mlb","_mlb leave the IRC (Remote host closed the connection)."
2,1380939644800,"_mlb","_mlb join the chan."
32,1380939863334,"melmoussaoui","melmoussaoui leave the IRC (Quit: ZZZzzz…)."
32,1380940131771,"_mlb","_mlb leave the IRC (Ping timeout: 246 seconds)."
2,1380951561142,"Nach0s","Nach0s join the chan."
32,1380953910433,"MoOx","MoOx leave the IRC (Remote host closed the connection)."
2,1380958664707,"tfe","tfe join the chan."
2,1380958679824,"MoOx","MoOx join the chan."
4,1380958747696,"lionelB","lionelB leave the chan."
32,1380958855718,"MoOx","MoOx leave the IRC (Remote host closed the connection)."
2,1380959283173,"MoOx","MoOx join the chan."
32,1380961049851,"MoOx","MoOx leave the IRC (Remote host closed the connection)."
2,1380963777917,"_mlb","_mlb join the chan."
2,1380963779639,"fbentz","fbentz join the chan."
32,1380963851146,"fbentz","fbentz leave the IRC (Client Quit)."
32,1380963883494,"_mlb","_mlb leave the IRC (Remote host closed the connection)."
2,1380964702932,"_mlb","_mlb join the chan."
2,1380965948684,"MoOx","MoOx join the chan."
32,1380966200071,"MoOx","MoOx leave the IRC (Ping timeout: 240 seconds)."
32,1380967659070,"Nach0s","Nach0s leave the IRC (Ping timeout: 264 seconds)."
2,1380970145573,"melmoussaoui","melmoussaoui join the chan."
32,1380970772582,"melmoussaoui","melmoussaoui leave the IRC (Ping timeout: 245 seconds)."
2,1380973611891,"_kud","_kud join the chan."
32,1380973629588,"_kud","_kud leave the IRC (Remote host closed the connection)."
2,1380973657280,"_kud","_kud join the chan."
32,1380977143435,"_kud","_kud leave the IRC (Remote host closed the connection)."
2,1380978637027,"_kud","_kud join the chan."
32,1380983574615,"tfe","tfe leave the IRC (Ping timeout: 252 seconds)."
32,1380990039487,"_mlb","_mlb leave the IRC (Read error: Connection reset by peer)."
2,1380990072010,"_mlb","_mlb join the chan."
2,1380990372299,"rhannequin","rhannequin join the chan."
4,1380990399777,"rhannequin","rhannequin leave the chan."
32,1380992714731,"_kud","_kud leave the IRC (Remote host closed the connection)."
2,1380993446179,"_kud","_kud join the chan."
2,1380998458927,"Munto","Munto join the chan."
1,1381001436672,"_kud","poke nfroidure"
1,1381001437369,"_kud","https://twitter.com/francejs/status/386570084485173248"
1,1381001438946,"bobot","@francejs: Nous cherchons des français étant allés à @lxjs et voulant faire un feedback de la conf sur notre site. N'hésitez pas à faire tourner ;)"
2,1381002114745,"MoOx","MoOx join the chan."
32,1381004906866,"_kud","_kud leave the IRC (Remote host closed the connection)."
2,1381005281986,"rhannequin","rhannequin join the chan."
2,1381006779192,"_kud","_kud join the chan."
32,1381007271190,"_kud","_kud leave the IRC (Ping timeout: 246 seconds)."
