32,1376345685861,"Amatewasu","Amatewasu leave the IRC (Ping timeout: 256 seconds)."
32,1376345826367,"`bob","`bob leave the IRC (Quit: Quitte)."
2,1376346680194,"Amatewasu","Amatewasu join the chan."
32,1376347195880,"tfe","tfe leave the IRC (Quit: Lost terminal)."
32,1376348279317,"Amatewasu","Amatewasu leave the IRC (Ping timeout: 240 seconds)."
32,1376348568980,"MoOx","MoOx leave the IRC (Remote host closed the connection)."
32,1376348786561,"loicfrering","loicfrering leave the IRC (Ping timeout: 240 seconds)."
2,1376349126430,"Amatewasu","Amatewasu join the chan."
2,1376349253008,"loicfrering","loicfrering join the chan."
32,1376349504977,"revolunet","revolunet leave the IRC (Quit: revolunet)."
32,1376350582578,"loicfrering","loicfrering leave the IRC (Ping timeout: 246 seconds)."
2,1376350678047,"loicfrering","loicfrering join the chan."
32,1376351297930,"Amatewasu","Amatewasu leave the IRC (Quit: WeeChat 0.4.2-dev)."
32,1376351420653,"_mlb","_mlb leave the IRC (Remote host closed the connection)."
2,1376351455626,"_mlb","_mlb join the chan."
32,1376351459305,"_mlb","_mlb leave the IRC (Read error: Connection reset by peer)."
2,1376351489034,"_mlb","_mlb join the chan."
32,1376351666173,"_mlb","_mlb leave the IRC (Remote host closed the connection)."
2,1376351698491,"_mlb","_mlb join the chan."
32,1376351975483,"_mlb","_mlb leave the IRC (Ping timeout: 264 seconds)."
2,1376370214304,"MoOx","MoOx join the chan."
2,1376373862781,"EpokK","EpokK join the chan."
32,1376374016159,"EpokK","EpokK leave the IRC (Client Quit)."
2,1376376113542,"HammHetfield","HammHetfield join the chan."
2,1376378291614,"_mlb","_mlb join the chan."
2,1376378663952,"Grirrle","Grirrle join the chan."
1,1376378985046,"angezanetti","o/"
2,1376379042413,"revolunet","revolunet join the chan."
2,1376379070634,"rhannequin","rhannequin join the chan."
2,1376379165976,"kewah","kewah join the chan."
32,1376379984831,"_mlb","_mlb leave the IRC (Remote host closed the connection)."
2,1376380017505,"_mlb","_mlb join the chan."
32,1376380272451,"_mlb","_mlb leave the IRC (Ping timeout: 240 seconds)."
2,1376380943967,"rhannequin_","rhannequin_ join the chan."
32,1376380993684,"rhannequin","rhannequin leave the IRC (Ping timeout: 260 seconds)."
2,1376381637759,"oncletom","oncletom join the chan."
2,1376382843767,"_mlb","_mlb join the chan."
32,1376382903568,"nod_","nod_ leave the IRC (Ping timeout: 248 seconds)."
2,1376384844495,"nod_","nod_ join the chan."
32,1376385162161,"nod_","nod_ leave the IRC (Ping timeout: 256 seconds)."
32,1376389382148,"_mlb","_mlb leave the IRC (Remote host closed the connection)."
2,1376389414431,"_mlb","_mlb join the chan."
2,1376389449041,"fbentz","fbentz join the chan."
32,1376389654332,"_mlb","_mlb leave the IRC (Ping timeout: 245 seconds)."
32,1376389971686,"kewah","kewah leave the IRC (Quit: kewah)."
2,1376390117477,"kewah","kewah join the chan."
32,1376390488353,"rhannequin_","rhannequin_ leave the IRC (Ping timeout: 264 seconds)."
32,1376390751382,"kewah","kewah leave the IRC (Quit: kewah)."
2,1376391083018,"Amatewasu","Amatewasu join the chan."
32,1376391187541,"fbentz","fbentz leave the IRC (*.net *.split)."
32,1376391187733,"HammHetfield","HammHetfield leave the IRC (*.net *.split)."
32,1376391188230,"Marsup","Marsup leave the IRC (*.net *.split)."
32,1376391534035,"Amatewasu","Amatewasu leave the IRC (Ping timeout: 246 seconds)."
2,1376391546992,"HammHetfield","HammHetfield join the chan."
2,1376391547000,"Marsup","Marsup join the chan."
2,1376391639067,"pfilipovicz","pfilipovicz join the chan."
4,1376391660114,"pfilipovicz","pfilipovicz leave the chan."
2,1376392466015,"fbentz","fbentz join the chan."
2,1376392627472,"Amatewasu","Amatewasu join the chan."
2,1376393346011,"kewah","kewah join the chan."
32,1376394525426,"angezanetti","angezanetti leave the IRC (Remote host closed the connection)."
32,1376394723252,"Amatewasu","Amatewasu leave the IRC (Quit: WeeChat 0.4.2-dev)."
2,1376395120538,"nod_","nod_ join the chan."
2,1376395123176,"angezanetti","angezanetti join the chan."
2,1376395200040,"Amatewasu","Amatewasu join the chan."
2,1376395762227,"rhannequin","rhannequin join the chan."
2,1376396069502,"_mlb","_mlb join the chan."
32,1376398110395,"oncletom","oncletom leave the IRC (Quit: Leaving.)."
32,1376398500873,"kewah","kewah leave the IRC (Quit: kewah)."
2,1376399125317,"oncletom","oncletom join the chan."
2,1376399582680,"papachan","papachan join the chan."
2,1376399592602,"pfilipovicz","pfilipovicz join the chan."
4,1376399624239,"pfilipovicz","pfilipovicz leave the chan."
2,1376401410662,"tfe","tfe join the chan."
2,1376402463435,"rhannequin_","rhannequin_ join the chan."
32,1376402488440,"rhannequin","rhannequin leave the IRC (Ping timeout: 240 seconds)."
2,1376403167737,"rhannequin","rhannequin join the chan."
32,1376403248408,"rhannequin_","rhannequin_ leave the IRC (Ping timeout: 276 seconds)."
32,1376404108515,"oncletom","oncletom leave the IRC (Read error: Connection reset by peer)."
2,1376404139501,"oncletom","oncletom join the chan."
1,1376404400935,"_mlb","http://cl.ly/260t2z0V2i1i"
1,1376404402991,"_mlb","discuss"
32,1376405415509,"Amatewasu","Amatewasu leave the IRC (Remote host closed the connection)."
32,1376407447714,"oncletom","oncletom leave the IRC (Quit: Leaving.)."
32,1376408045051,"nod_","nod_ leave the IRC (Ping timeout: 256 seconds)."
2,1376408815681,"oncletom","oncletom join the chan."
32,1376409744754,"_mlb","_mlb leave the IRC (Remote host closed the connection)."
2,1376409779075,"_mlb","_mlb join the chan."
32,1376410073032,"_mlb","_mlb leave the IRC (Ping timeout: 264 seconds)."
32,1376410211631,"HammHetfield","HammHetfield leave the IRC (Quit: HammHetfield)."
32,1376410293635,"rhannequin","rhannequin leave the IRC (Remote host closed the connection)."
2,1376410301138,"_mlb","_mlb join the chan."
32,1376410893355,"fbentz","fbentz leave the IRC (Quit: fbentz)."
2,1376410925111,"fbentz","fbentz join the chan."
32,1376411089082,"Grirrle","Grirrle leave the IRC (Quit: Leaving.)."
32,1376412404903,"_mlb","_mlb leave the IRC (Remote host closed the connection)."
2,1376412440118,"_mlb","_mlb join the chan."
32,1376412701135,"_mlb","_mlb leave the IRC (Ping timeout: 264 seconds)."
32,1376414488690,"revolunet","revolunet leave the IRC (Ping timeout: 248 seconds)."
2,1376414771723,"_mlb","_mlb join the chan."
32,1376416523300,"oncletom","oncletom leave the IRC (Quit: Leaving.)."
2,1376416842985,"pfilipovicz","pfilipovicz join the chan."
32,1376417213505,"pfilipovicz","pfilipovicz leave the IRC (Quit: This computer has gone to sleep)."
32,1376417344483,"papachan","papachan leave the IRC (Ping timeout: 268 seconds)."
32,1376417424870,"_mlb","_mlb leave the IRC (Remote host closed the connection)."
2,1376417460859,"_mlb","_mlb join the chan."
32,1376417735463,"_mlb","_mlb leave the IRC (Ping timeout: 256 seconds)."
2,1376418898046,"oncletom","oncletom join the chan."
2,1376419790119,"pfilipovicz","pfilipovicz join the chan."
32,1376419841060,"fbentz","fbentz leave the IRC (Quit: fbentz)."
2,1376420042701,"nod_","nod_ join the chan."
2,1376421636607,"papachan","papachan join the chan."
32,1376422334418,"pfilipovicz","pfilipovicz leave the IRC (Quit: Quitte)."
2,1376423299526,"Amatewasu","Amatewasu join the chan."
32,1376424725758,"Amatewasu","Amatewasu leave the IRC (Remote host closed the connection)."
2,1376428475225,"revolunet","revolunet join the chan."
32,1376428895645,"Tobu","Tobu leave the IRC (Ping timeout: 246 seconds)."
2,1376428912517,"Tobu","Tobu join the chan."
32,1376429755836,"oncletom","oncletom leave the IRC (Quit: Leaving.)."
