2,1374530697007,"_mlb","_mlb join the chan."
2,1374533018505,"Grirrle","Grirrle join the chan."
32,1374533413360,"Grirrle","Grirrle leave the IRC (Quit: Leaving.)."
2,1374534183198,"Nyalab","Nyalab join the chan."
32,1374534725882,"Nyalab_","Nyalab_ leave the IRC (*.net *.split)."
32,1374534726016,"bobot","bobot leave the IRC (*.net *.split)."
32,1374535114576,"_mlb","_mlb leave the IRC (Remote host closed the connection)."
2,1374559190545,"_mlb","_mlb join the chan."
32,1374560510189,"Nyalab","Nyalab leave the IRC (Ping timeout: 276 seconds)."
2,1374560524088,"Nyalab","Nyalab join the chan."
2,1374561039568,"_anthony","_anthony join the chan."
2,1374561050115,"HammHetfield","HammHetfield join the chan."
32,1374561220080,"_mlb","_mlb leave the IRC (Remote host closed the connection)."
2,1374561325794,"Tobu","Tobu join the chan."
2,1374562436586,"mab","mab join the chan."
2,1374563735260,"felixgilles","felixgilles join the chan."
2,1374564128157,"Grirrle","Grirrle join the chan."
2,1374564222314,"fbentz","fbentz join the chan."
4,1374564457491,"_anthony","_anthony leave the chan."
2,1374566816371,"rhannequin","rhannequin join the chan."
2,1374566911393,"bobot","bobot join the chan."
32,1374570746479,"rhannequin","rhannequin leave the IRC (Ping timeout: 245 seconds)."
2,1374570978918,"rhannequin","rhannequin join the chan."
2,1374571721102,"oncletom","oncletom join the chan."
32,1374572678264,"rhannequin","rhannequin leave the IRC (Remote host closed the connection)."
1,1374572789574,"nfroidure","A quoi ça sert de se casser les c... à trouver un logo quand on peut prendre celui de Java ? https://twitter.com/JavascriptAgent"
1,1374572791578,"bobot","JavascriptAgent:"
32,1374577844351,"Tobu","Tobu leave the IRC (*.net *.split)."
32,1374577844489,"Shahor","Shahor leave the IRC (*.net *.split)."
32,1374577845766,"madx`","madx` leave the IRC (*.net *.split)."
2,1374577850646,"madx`","madx` join the chan."
2,1374577858141,"Tobu","Tobu join the chan."
2,1374577875643,"Shahor","Shahor join the chan."
32,1374577921746,"fbentz","fbentz leave the IRC (Quit: fbentz)."
2,1374578220528,"stephCoue","stephCoue join the chan."
2,1374580494877,"fbentz","fbentz join the chan."
32,1374581720855,"HammHetfield","HammHetfield leave the IRC (Read error: Connection reset by peer)."
2,1374581941401,"HammHetfield","HammHetfield join the chan."
32,1374583755481,"fbentz","fbentz leave the IRC (Quit: fbentz)."
2,1374584975429,"fbentz","fbentz join the chan."
2,1374588102672,"MoOx","MoOx join the chan."
2,1374590198113,"_anthony","_anthony join the chan."
4,1374590218465,"_anthony","_anthony leave the chan."
32,1374592489939,"Grirrle","Grirrle leave the IRC (Quit: Leaving.)."
32,1374593525825,"stephCoue","stephCoue leave the IRC (Remote host closed the connection)."
32,1374595453469,"HammHetfield","HammHetfield leave the IRC (Quit: HammHetfield)."
2,1374596444811,"nfroidure_","nfroidure_ join the chan."
32,1374596632999,"nfroidure","nfroidure leave the IRC (Ping timeout: 240 seconds)."
2,1374597751693,"stephCoue","stephCoue join the chan."
32,1374598013236,"stephCoue","stephCoue leave the IRC (Ping timeout: 245 seconds)."
32,1374598027171,"felixgilles","felixgilles leave the IRC (Quit: Konversation terminated!)."
32,1374598058232,"Tobu","Tobu leave the IRC (Remote host closed the connection)."
2,1374598110440,"Tobu","Tobu join the chan."
32,1374598116304,"Tobu","Tobu leave the IRC (Changing host)."
2,1374598116344,"Tobu","Tobu join the chan."
2,1374598908621,"r8e9","r8e9 join the chan."
32,1374599069060,"oncletom","oncletom leave the IRC (Quit: Leaving.)."
2,1374599837712,"stephCoue","stephCoue join the chan."
32,1374600618513,"r8e9","r8e9 leave the IRC (undefined)."
32,1374600706642,"Nyalab","Nyalab leave the IRC (Remote host closed the connection)."
32,1374603739927,"MoOx","MoOx leave the IRC (Remote host closed the connection)."
2,1374607104798,"Amatewasu","Amatewasu join the chan."
32,1374608787665,"stephCoue","stephCoue leave the IRC (Remote host closed the connection)."
2,1374610587847,"Grirrle","Grirrle join the chan."
256,1374610695634,"nfroidure_","nfroidure_ changed his nick for nfroidure."
32,1374612010935,"euskadi31","euskadi31 leave the IRC (Quit: WeeChat 0.4.0)."
32,1374612819899,"Amatewasu","Amatewasu leave the IRC (Quit: WeeChat 0.4.2-dev)."
2,1374613026098,"stephCoue","stephCoue join the chan."
32,1374613513071,"stephCoue","stephCoue leave the IRC (Ping timeout: 276 seconds)."
32,1374613751214,"Grirrle","Grirrle leave the IRC (Quit: Leaving.)."
2,1374614047232,"kud","kud join the chan."
2,1374616608073,"_mlb","_mlb join the chan."
