32,1368137065822,"Amatewasu","Amatewasu leave the IRC (Quit: WeeChat 0.4.1-rc1)."
2,1368140893285,"Amatewasu","Amatewasu join the chan."
2,1368141985207,"rhannequin","rhannequin join the chan."
32,1368142406858,"rhannequin","rhannequin leave the IRC (Quit: Bye)."
32,1368143971917,"Amatewasu","Amatewasu leave the IRC (Quit: WeeChat 0.4.1-rc1)."
32,1368148936487,"august1_","august1_ leave the IRC (Quit: august1_)."
2,1368160816773,"MoOx","MoOx join the chan."
256,1368168451819,"siddartha","siddartha changed his nick for siddartha`."
256,1368168476799,"siddartha`","siddartha` changed his nick for siddartha."
2,1368170099559,"cbonnissent","cbonnissent join the chan."
1,1368170104951,"cbonnissent","hello"
32,1368170389833,"MoOx","MoOx leave the IRC (Remote host closed the connection)."
2,1368170653853,"revolunet","revolunet join the chan."
2,1368171332644,"rhannequin","rhannequin join the chan."
2,1368171869128,"Nyalab","Nyalab join the chan."
32,1368172775743,"rhannequin","rhannequin leave the IRC (Ping timeout: 245 seconds)."
2,1368172858061,"rhannequin","rhannequin join the chan."
1,1368175806785,"nfroidure","Marionnette, quote"
17,1368175809357,"Marionnette","Slight disorientation after prolonged system uptime is normal for new Linux
users. Please do not adjust your browser. 

   -- From a Slashdot.org post"
17,1368175809357,"Marionnette","Source: http://iheartquotes.com/fortune/show/8382"
1,1368175833546,"cbonnissent","Marionnette, quote"
17,1368175833918,"Marionnette","It's no wonder they call it WinNT; WNT = VMS++;

   -- Chris Abbey"
17,1368175833918,"Marionnette","Source: http://iheartquotes.com/fortune/show/8299"
1,1368175858458,"nfroidure","coucou !"
1,1368175866675,"cbonnissent","hello :D"
1,1368175875221,"cbonnissent","c un autre bot en nodeJS ?"
2,1368177366013,"urcadox1","urcadox1 join the chan."
32,1368177805249,"urcadox","urcadox leave the IRC (Ping timeout: 264 seconds)."
32,1368180450663,"rhannequin","rhannequin leave the IRC (Ping timeout: 245 seconds)."
2,1368184387459,"kewah","kewah join the chan."
2,1368185101202,"Amatewasu","Amatewasu join the chan."
1,1368185283134,"nfroidure","cbonnissent, nope c'est le même"
2,1368186330788,"rhannequin","rhannequin join the chan."
2,1368187503518,"kewah_","kewah_ join the chan."
32,1368187514409,"kewah","kewah leave the IRC (Ping timeout: 272 seconds)."
256,1368189051337,"urcadox1","urcadox1 changed his nick for urcadox."
2,1368190338680,"showtim34","showtim34 join the chan."
2,1368192793418,"MoOx","MoOx join the chan."
32,1368197042789,"showtim34","showtim34 leave the IRC (Remote host closed the connection)."
32,1368200550940,"rhannequin","rhannequin leave the IRC (Ping timeout: 245 seconds)."
32,1368201024452,"cbonnissent","cbonnissent leave the IRC (Quit: Quitte)."
32,1368206639298,"kewah_","kewah_ leave the IRC (Quit: kewah_)."
32,1368206913467,"revolunet","revolunet leave the IRC (Quit: revolunet)."
2,1368215526702,"august1_","august1_ join the chan."
32,1368215668092,"MoOx","MoOx leave the IRC (Remote host closed the connection)."
2,1368215976034,"_kud","_kud join the chan."
2,1368216887228,"revolunet","revolunet join the chan."
32,1368217820652,"_kud","_kud leave the IRC (Remote host closed the connection)."
2,1368218038015,"_kud","_kud join the chan."
32,1368220318952,"revolunet","revolunet leave the IRC (Quit: revolunet)."
2,1368222542715,"atchoum222","atchoum222 join the chan."
