2,1363389974122,"eaSy60","eaSy60 join the chan."
32,1363390374308,"eaSy60","eaSy60 leave the IRC (Quit: Bye!)."
32,1363393813957,"_kud","_kud leave the IRC (Quit: Leaving)."
32,1363405917690,"Atu","Atu leave the IRC (Quit: [\"Textual IRC Client: www.textualapp.com\"])."
2,1363426765890,"Amatewasu","Amatewasu join the chan."
2,1363429355273,"eaSy60","eaSy60 join the chan."
2,1363434083434,"_kud","_kud join the chan."
17,1363435592148,"Marionnette","Ca ne se bouscule pas trop pour les logos là :)"
1,1363437737060,"nfroidure","Non, je pense que le challenge est trop importnat vu les perles déjà présentées."
32,1363438624638,"MoOx","MoOx leave the IRC (Ping timeout: 276 seconds)."
1,1363441497327,"_kud","Tu m'étonnes nfroidure"
1,1363441502430,"_kud","celui de _mlb déchire"
1,1363441517053,"nfroidure","yep"
1,1363441558984,"nfroidure","tiens, j'ai trouvé un bug fun dans Chrome, ouvrir les webmaster tools et glisser déposer un lien de la page visitée dedans :D"
1,1363442298822,"_kud",":D"
1,1363442377220,"nfroidure","_kud, ça me rapelle le bon vieux split screen de RoadRush sur Megadrive :)"
1,1363442402334,"_kud","Tu m'étonnes"
1,1363442422278,"nfroidure","J'ai inspecté la fenêtre, apparemment, elle est sandboxée, pas moyen de hacker :)"
1,1363444396702,"_kud","bon bah voilà nfroidure"
1,1363444404628,"_kud","mon blog tourne sur mon static file generator :)"
1,1363444503578,"nfroidure","T'as quoi comme temps de chargement ?"
1,1363444870950,"_kud","c'est a dire nfroidure  ?"
1,1363444885517,"_kud","c'est hébergé chez github là :)"
1,1363444910629,"nfroidure","J'ai regardé pour toi : https://developers.google.com/speed/pagespeed/insights#url=kud.io&mobile=false&rule=____critical__path"
1,1363444945840,"_kud","cest pas le blog la"
1,1363444947194,"_kud","c'est le profil"
1,1363445027524,"_kud","https://developers.google.com/speed/pagespeed/insights#url=http_3A_2F_2Fkud.io_2Fblog_2F&mobile=false&rule=____critical__path"
1,1363445028640,"_kud","tu vois"
1,1363445031683,"_kud","ca diffère totalement la"
1,1363445062203,"nfroidure","C'est de bonnes perds"
1,1363445066270,"nfroidure","*perfs"
1,1363445070652,"_kud","tu m'étonnes"
1,1363445074943,"_kud","je compresse mes imgh"
1,1363445076949,"_kud","mes css"
1,1363445079421,"_kud","mes js"
1,1363445080962,"nfroidure","Mais je suis tjrs pas convaincu de l'intérêt du statique :D"
1,1363445092831,"_kud","normal, tu comprends pas comment ca marche :D"
1,1363445105605,"_kud","qu'est-ce que tu ne vois pas l'intérêt dans du statique pour un blog par exemle ?"
1,1363445107438,"_kud","exemple*"
1,1363445127900,"nfroidure","C'est pas dynamique :)"
1,1363445131456,"nfroidure","Donc moins souple"
1,1363445136005,"nfroidure","Donc plus chiant."
1,1363445141653,"_kud","j'vois pas l'intérêt du dynamique"
1,1363445143897,"_kud","dans un blog"
1,1363445146370,"_kud","c'est du read only"
1,1363445160819,"nfroidure","Espace membre, modification par un noobs"
1,1363445178357,"nfroidure","Tout le monde a pas envie de se palucher du markdown sur GitHub"
1,1363445181508,"_kud","ranafout'"
1,1363445192834,"_kud","j'fais pas dans le noob"
1,1363445193596,"nfroidure","Moi y compris :)"
1,1363445200631,"_kud","j'fais tout en cli"
1,1363445202780,"_kud","et en markdown"
1,1363445206397,"_kud","et j'vais hyper vite"
1,1363445218932,"nfroidure","Bon, je te donne un exemple :"
1,1363445222899,"_kud","oui"
1,1363445237198,"nfroidure","Moi, j'utilise mon extension BBComposer qui fait du Wysiwym"
1,1363445255620,"nfroidure","J'ai l'autocomplétion des url avec mon historique"
1,1363445270684,"_kud","oui ?"
1,1363445271020,"nfroidure","J'ai l'envoi d'image par drag n' drop ou parcourir"
1,1363445285349,"nfroidure","J'ai le formatage en appuyant sur entrée."
1,1363445300968,"nfroidure","Tous ces petits trucs qui semblent acquis à notre époque :)"
1,1363445378523,"nfroidure","Si moi ça me donne du confort, imagine madame michu ;)."
1,1363445385947,"_kud","j'aime pas"
1,1363445386736,"_kud",":)"
1,1363445400007,"_kud","markdown c'est du semi wysiyg"
1,1363445402306,"_kud","c'\"est ca qu'est cool"
1,1363445405180,"_kud","tu codes mais vite"
1,1363445408220,"nfroidure","Après, pour un blog, tu as aussi en faveur du dynamique :"
1,1363445420887,"nfroidure","les commentaires, les tags/catégories, la recherche"
1,1363445425248,"_kud","disqus"
1,1363445429842,"_kud","tag et categorie et recherche"
1,1363445431369,"_kud","ca marche."
1,1363445434982,"_kud","lis la doc jekyll"
1,1363445440700,"_kud","recherche via js"
1,1363445445995,"_kud","et tag et categorie, ca existe"
1,1363445455595,"nfroidure","recherche via js, c'est à dire ?"
1,1363445493186,"nfroidure","Dans une base de donnée, tu peux créer un index fulltext sur des milliers d'entrées pour une recherche intelligente"
1,1363445514380,"nfroidure","J'ai hâte de voir comment tu atteins cette qualité en JS avec de bonnes perfs :D"
1,1363445630907,"nfroidure","et disqus... là c'est moi qui vomit :)"
1,1363445711770,"nfroidure","En dynamique si tu fais pas n'importe quoi, tu peux rester sous la seconde : https://developers.google.com/speed/pagespeed/insights#url=http_3A_2F_2Fwww.insertafter.com_2F&mobile=false&rule=____critical__path"
1,1363446092794,"nfroidure","Par contre, Google me dégoûte, tu te demande juste comment c'est possible : https://developers.google.com/speed/pagespeed/insights#url=google.fr&mobile=false&rule=____critical__path"
2,1363449259650,"Atu","Atu join the chan."
32,1363458800934,"Amatewasu","Amatewasu leave the IRC (Quit: WeeChat 0.4.1-dev)."
2,1363458829620,"Amatewasu","Amatewasu join the chan."
2,1363460933272,"MoOx","MoOx join the chan."
32,1363461903195,"MoOx","MoOx leave the IRC (Remote host closed the connection)."
2,1363466448730,"coppa","coppa join the chan."
32,1363466452235,"coppa","coppa leave the IRC (Client Quit)."
