18,1373293703968,"Marionnette","Marionnette join the chan."
8,1373293704128,"_kud","_kud change topic to \"Communauté française des utilisateurs de JavaScript | Site : http://francejs.org\""
32,1373294356995,"bigx","bigx leave the IRC (Ping timeout: 268 seconds)."
2,1373296499080,"rhannequin","rhannequin join the chan."
32,1373298758135,"stephCoue","stephCoue leave the IRC (Remote host closed the connection)."
2,1373298783485,"stephCoue","stephCoue join the chan."
32,1373299081897,"stephCoue","stephCoue leave the IRC (Ping timeout: 264 seconds)."
2,1373299642396,"DontShootMe","DontShootMe join the chan."
32,1373300119457,"rhannequin","rhannequin leave the IRC (Remote host closed the connection)."
32,1373300302538,"romainhuet","romainhuet leave the IRC (Ping timeout: 252 seconds)."
32,1373300752933,"felixgilles","felixgilles leave the IRC (Quit: Konversation terminated!)."
32,1373301437835,"DontShootMe","DontShootMe leave the IRC (Remote host closed the connection)."
32,1373301917452,"Tobu","Tobu leave the IRC (Ping timeout: 245 seconds)."
2,1373302086356,"Tobu","Tobu join the chan."
32,1373302310900,"HammHetfield","HammHetfield leave the IRC (Quit: HammHetfield)."
32,1373302872489,"Grirrle","Grirrle leave the IRC (Quit: Leaving.)."
2,1373303026379,"stephCoue","stephCoue join the chan."
32,1373303486331,"stephCoue","stephCoue leave the IRC (Ping timeout: 260 seconds)."
2,1373303716606,"Marsup","Marsup join the chan."
2,1373304788690,"Amatewasu","Amatewasu join the chan."
32,1373305640834,"Amatewasu","Amatewasu leave the IRC (Read error: Connection reset by peer)."
2,1373305719458,"Amatewasu","Amatewasu join the chan."
32,1373305919911,"Nyalab","Nyalab leave the IRC (Remote host closed the connection)."
32,1373306418560,"Amatewasu","Amatewasu leave the IRC (Read error: Connection reset by peer)."
2,1373306470055,"Amatewasu","Amatewasu join the chan."
32,1373306616413,"oncletom","oncletom leave the IRC (Ping timeout: 240 seconds)."
32,1373306960465,"Amatewasu","Amatewasu leave the IRC (Remote host closed the connection)."
2,1373307419412,"romainhuet","romainhuet join the chan."
32,1373308408649,"_mlb","_mlb leave the IRC (Ping timeout: 276 seconds)."
2,1373310597398,"_mlb","_mlb join the chan."
4,1373317366366,"fbentz","fbentz leave the chan."
32,1373319183905,"MoOx","MoOx leave the IRC (Remote host closed the connection)."
32,1373320146915,"Tobu","Tobu leave the IRC (Ping timeout: 260 seconds)."
