"nfroidure","FranceJSBot, ls",1362834173505
"nfroidure","_kud, ce que tu veux :)",1362834310069
"nfroidure","FranceJSBot, lo",1362834323622
"_kud","il est down github ?",1362834323882
"_kud","FranceJSBot, bisou",1362834329245
"_kud","ca a du mal github",1362834361184
"_kud","bon c'est fait",1362834363605
"_kud","FranceJSBot, enculé",1362834816601
"_kud","oui",1362834818041
"_kud","FranceJSBot, lo",1362834821274
"_kud","moi pas",1362834824988
"_kud",":D",1362834829134
"nfroidure","arf, ma clé publique est pas reconnue par FranceJS et je peux pas forker car le dépôt est vide...",1362835031744
"_kud","wooooooooooot",1362835178725
"_kud","j'te fais un readme si tu veux",1362835201704
"nfroidure","j'ai fait un .gitignore",1362835334721
"nfroidure","Mais le README est bien léger :)",1362835346251
"nfroidure","J'ai fait et validé le pull request",1362835357068
"nfroidure","FranceJSBot, ls",1362835373018
"_kud","FranceJSBot, bisou",1362835622364
"_kud","ui",1362835624907
"nfroidure","_kud, si tu veux, je fais une command enculé qui répond, au choix :",1362835630500
"nfroidure","- toujours des promesses",1362835636631
"_kud","rofl",1362835646464
"_kud","hahahahah$",1362835648976
"_kud",":D",1362835650131
"nfroidure","- je préfère encore être pd que me faire enculé",1362835651854
"_kud","n'importe quoi :D",1362835661085
"_kud","aaaah dès que ca parle insulte, ca fait tjs rire :)",1362835669659
"nfroidure","Pour les blagues douteuse, je propose :",1362835670014
"_kud","je resterai tjs un enfant",1362835676252
"nfroidure","FranceJSBot, clean 10",1362835676423
"nfroidure","FranceJSBot, don't fuck with me !",1362835811789
"nfroidure","It seems you don't know what kind of guy i am, could kill your process !",1362835849788
"_kud","lol",1362836797887
"_kud","FranceJSBot, enculé",1362836801157
"_kud","FranceJSBot, batard",1362836805121
"nfroidure","_kud,  on logge aussi les remarques du bot ou pas ?",1362837128144
"_kud","Je sais pas",1362837143315
"_kud","Comme tu veux",1362837148173
"nfroidure","J'ai peur que ça pollue les logs, mais en même temps, ça aiderai à comprendre.",1362837155925
"nfroidure","Là, c'est pas le cas",1362837158899
"nfroidure","Déjà la commande ls, elle sert à rien",1362837168328
"_kud","Ouo",1362837207838
"_kud","i",1362837208577
"_kud","FranceJSBot, ls",1362837211509
"_kud","FranceJSBot, seen nfroidure",1362837227477
"nfroidure","_kud, t'as compris le message ?  https://github.com/francejs/irc-bot",1362837260020
"nfroidure",":D",1362837265657
"_kud","ouiiiiiiiiiiiiiii",1362837278302
"nfroidure","Apparemment, parisjs est un bot irc node également",1362837471585
"nfroidure","Je sais pas ce qu'il fait",1362837476162
"nfroidure","Il est hébergé par amazon",1362837530253
"nfroidure","Un truc qui pourrait être sympa serait de faire du calcul mental Javascript. Donner la sortied'un console log dans un snippet de code Javascript en premier",1362838540775
"nfroidure","FranceJSBot, watch nfroidure",1362845387741
"nfroidure","test",1362845395149
"nfroidure","ça marche :)",1362845414106
"nfroidure","Faut juste que j'empêche de watcher  le bot pour éviter la boucle infinie :)",1362845446196
"nfroidure","FranceJSBot, unwatch nfroidure",1362845480830
"nfroidure","FranceJSBot, watch nfroidure",1362845487397
"nfroidure","FranceJSBot, unwatch nfroidure",1362845491658
"nfroidure","FranceJSBot, watch FranceJSBot",1362845626925
"rhannequin","C'est quoi FranceJSBot ?",1362845763757
"rhannequin","haha",1362845769266
"nfroidure","rhannequin, un ptit bot, le projet est sur GitHub",1362845820604
"nfroidure","FranceJSBot, ls",1362845825178
"rhannequin","FranceBotJS, hello",1362845866663
"rhannequin","rha",1362845871981
"rhannequin","FranceJSBot, hello",1362845880204
"rhannequin","<3",1362845883913
"nfroidure","rhannequin, le code est là : https://github.com/francejs/irc-bot",1362846044933
"rhannequin","merci",1362846097026
"nfroidure","Tiens un message d'accueil du bot, fun ou useless ?",1362849326821
"nfroidure","Encore un beau logo sur Google Plus : https://plus.google.com/u/0/communities/112831300754603977687",1362849626875
"FranceJSBot","Pouah ! This chan if filled with humans.",1362851336399
"nfroidure","Bon, et j'arrête de jouer :)",1362851524994
"_kud","haha nfroidure",1362851628947
"_kud",":D",1362851629527
"_kud","FranceJSBot, hello",1362851637075
"_kud","FranceJSBot,  how are you",1362851641684
"nfroidure","_kud, le watch marche",1362851793228
"_kud",":)",1362852207347
"_kud",":)",1362852863126
"_kud","Salut ma caille",1362853834225
"_kud","FranceJSBot, hello",1362853836834
"_kud","Ca va être reloo ça nfroidure",1362853895073
"lbdremy","commands",1362854387281
"lbdremy","--help",1362854401766
"lbdremy","FranceJSBot --help",1362854486732
"lbdremy","FranceJSBot --ls",1362854492507
"lbdremy","FranceJSBot ls",1362854496043
"lbdremy","FranceJSBot lo",1362854568721
"_kud","Ah ca s'amuse hein.",1362854579668
"lbdremy","lol",1362854585431
"lbdremy","FranceJSBot make me a sandwich",1362854660585
"_kud","FranceJSBot, bitch",1362854685550
"_kud","yes",1362854687063
"lbdremy","FranceJSBot watch FranceJSBot",1362854942859
"madx`","relou le bot :)",1362860529512
"Amatewasu","Il est écrit en JavaScript au moins ? :D",1362860556781
"nfroidure","Amatewasu,",1362860622119
"nfroidure","yep :)",1362860625689
"nfroidure","Je le restart et je désactive le msg d'accueil",1362860636473
"Amatewasu","Ouf :D",1362860662904
"madx`","nfroidure: pour ce qui est du listing de commandes amha il vaut mieux que ça se fasse en privé",1362860867488
"madx`","ça évite de polluer le chan",1362860870725
"_kud","re",1362865101166
"_kud","Ouais, et encore",1362865115167
"_kud","on s'en carre",1362865117330
"madx`","nfroidure: tu pourrais te servir du bot pour fournir des logs publcis aussi",1362865225206
"madx`","ça serait pas mal",1362865227318
"_kud","c'est ce qu'il fait, madx`",1362866378441
"madx`","ils sont accessibles ?",1362866433076
"_kud","pas encore",1362866440459
"madx`","genre un .html quelque part ?",1362866440628
"madx`","ah ok :)",1362866442574
"_kud","je sais pas",1362866442922
"_kud","je sais qu'il log",1362866445006
"_kud","c'est tout",1362866446147
"madx`","ok :)",1362866503141
"nfroidure","madx`, https://github.com/francejs/irc-bot/blob/master/logs/irc.log",1362868341426
"nfroidure","Par contre, sur le format, j'ai pris CSV",1362868355806
"nfroidure","Mais il faudrait voir si ça vaut le coup de logger les join et les quit, les renames et le bot",1362868385744
"nfroidure","Ah, et le fichier est unique, il faudra sûrement le quotidianniser",1362868410592
"nfroidure","Et ptêt aussi le virer de gutHub et faire un post via un service web.",1362868439880
"nfroidure","Mais bon... chaque chose en son temps.",1362868453615
"nfroidure","Good night à tous !",1362868461283
"nfroidure","FranceJSBot, i love you :)",1362868471502
